[2025-05-02T19:42:22.185+0000] {processor.py:161} INFO - Started process (PID=68) to work on /home/airflow/.local/lib/python3.12/site-packages/airflow/example_dags/example_bash_operator.py
[2025-05-02T19:42:22.186+0000] {processor.py:830} INFO - Processing file /home/airflow/.local/lib/python3.12/site-packages/airflow/example_dags/example_bash_operator.py for tasks to queue
[2025-05-02T19:42:22.187+0000] {logging_mixin.py:188} INFO - [2025-05-02T19:42:22.187+0000] {dagbag.py:545} INFO - Filling up the DagBag from /home/airflow/.local/lib/python3.12/site-packages/airflow/example_dags/example_bash_operator.py
[2025-05-02T19:42:22.196+0000] {processor.py:840} INFO - DAG(s) 'example_bash_operator' retrieved from /home/airflow/.local/lib/python3.12/site-packages/airflow/example_dags/example_bash_operator.py
[2025-05-02T19:42:22.291+0000] {logging_mixin.py:188} INFO - [2025-05-02T19:42:22.290+0000] {override.py:1829} INFO - Created Permission View: can edit on DAG:example_bash_operator
[2025-05-02T19:42:22.301+0000] {logging_mixin.py:188} INFO - [2025-05-02T19:42:22.301+0000] {override.py:1829} INFO - Created Permission View: can read on DAG:example_bash_operator
[2025-05-02T19:42:22.308+0000] {logging_mixin.py:188} INFO - [2025-05-02T19:42:22.307+0000] {override.py:1829} INFO - Created Permission View: can delete on DAG:example_bash_operator
[2025-05-02T19:42:22.308+0000] {logging_mixin.py:188} INFO - [2025-05-02T19:42:22.308+0000] {dag.py:3096} INFO - Sync 1 DAGs
[2025-05-02T19:42:22.319+0000] {logging_mixin.py:188} INFO - [2025-05-02T19:42:22.318+0000] {dag.py:3118} INFO - Creating ORM DAG for example_bash_operator
[2025-05-02T19:42:22.328+0000] {logging_mixin.py:188} INFO - [2025-05-02T19:42:22.328+0000] {dag.py:3954} INFO - Setting next_dagrun for example_bash_operator to 2025-05-01 00:00:00+00:00, run_after=2025-05-02 00:00:00+00:00
[2025-05-02T19:42:22.343+0000] {processor.py:183} INFO - Processing /home/airflow/.local/lib/python3.12/site-packages/airflow/example_dags/example_bash_operator.py took 0.163 seconds
[2025-05-02T19:42:52.540+0000] {processor.py:161} INFO - Started process (PID=128) to work on /home/airflow/.local/lib/python3.12/site-packages/airflow/example_dags/example_bash_operator.py
[2025-05-02T19:42:52.541+0000] {processor.py:830} INFO - Processing file /home/airflow/.local/lib/python3.12/site-packages/airflow/example_dags/example_bash_operator.py for tasks to queue
[2025-05-02T19:42:52.542+0000] {logging_mixin.py:188} INFO - [2025-05-02T19:42:52.542+0000] {dagbag.py:545} INFO - Filling up the DagBag from /home/airflow/.local/lib/python3.12/site-packages/airflow/example_dags/example_bash_operator.py
[2025-05-02T19:42:52.552+0000] {processor.py:840} INFO - DAG(s) 'example_bash_operator' retrieved from /home/airflow/.local/lib/python3.12/site-packages/airflow/example_dags/example_bash_operator.py
[2025-05-02T19:42:52.573+0000] {logging_mixin.py:188} INFO - [2025-05-02T19:42:52.573+0000] {dag.py:3096} INFO - Sync 1 DAGs
[2025-05-02T19:42:52.597+0000] {logging_mixin.py:188} INFO - [2025-05-02T19:42:52.597+0000] {dag.py:3954} INFO - Setting next_dagrun for example_bash_operator to 2025-05-01 00:00:00+00:00, run_after=2025-05-02 00:00:00+00:00
[2025-05-02T19:42:52.616+0000] {processor.py:183} INFO - Processing /home/airflow/.local/lib/python3.12/site-packages/airflow/example_dags/example_bash_operator.py took 0.080 seconds
[2025-05-02T19:43:22.709+0000] {processor.py:161} INFO - Started process (PID=188) to work on /home/airflow/.local/lib/python3.12/site-packages/airflow/example_dags/example_bash_operator.py
[2025-05-02T19:43:22.710+0000] {processor.py:830} INFO - Processing file /home/airflow/.local/lib/python3.12/site-packages/airflow/example_dags/example_bash_operator.py for tasks to queue
[2025-05-02T19:43:22.711+0000] {logging_mixin.py:188} INFO - [2025-05-02T19:43:22.711+0000] {dagbag.py:545} INFO - Filling up the DagBag from /home/airflow/.local/lib/python3.12/site-packages/airflow/example_dags/example_bash_operator.py
[2025-05-02T19:43:22.722+0000] {processor.py:840} INFO - DAG(s) 'example_bash_operator' retrieved from /home/airflow/.local/lib/python3.12/site-packages/airflow/example_dags/example_bash_operator.py
[2025-05-02T19:43:22.748+0000] {logging_mixin.py:188} INFO - [2025-05-02T19:43:22.748+0000] {dag.py:3096} INFO - Sync 1 DAGs
[2025-05-02T19:43:22.775+0000] {logging_mixin.py:188} INFO - [2025-05-02T19:43:22.775+0000] {dag.py:3954} INFO - Setting next_dagrun for example_bash_operator to 2025-05-01 00:00:00+00:00, run_after=2025-05-02 00:00:00+00:00
[2025-05-02T19:43:22.808+0000] {processor.py:183} INFO - Processing /home/airflow/.local/lib/python3.12/site-packages/airflow/example_dags/example_bash_operator.py took 0.105 seconds
[2025-05-02T19:43:53.585+0000] {processor.py:161} INFO - Started process (PID=248) to work on /home/airflow/.local/lib/python3.12/site-packages/airflow/example_dags/example_bash_operator.py
[2025-05-02T19:43:53.587+0000] {processor.py:830} INFO - Processing file /home/airflow/.local/lib/python3.12/site-packages/airflow/example_dags/example_bash_operator.py for tasks to queue
[2025-05-02T19:43:53.589+0000] {logging_mixin.py:188} INFO - [2025-05-02T19:43:53.588+0000] {dagbag.py:545} INFO - Filling up the DagBag from /home/airflow/.local/lib/python3.12/site-packages/airflow/example_dags/example_bash_operator.py
[2025-05-02T19:43:53.598+0000] {processor.py:840} INFO - DAG(s) 'example_bash_operator' retrieved from /home/airflow/.local/lib/python3.12/site-packages/airflow/example_dags/example_bash_operator.py
[2025-05-02T19:43:53.621+0000] {logging_mixin.py:188} INFO - [2025-05-02T19:43:53.621+0000] {dag.py:3096} INFO - Sync 1 DAGs
[2025-05-02T19:43:53.641+0000] {logging_mixin.py:188} INFO - [2025-05-02T19:43:53.641+0000] {dag.py:3954} INFO - Setting next_dagrun for example_bash_operator to 2025-05-01 00:00:00+00:00, run_after=2025-05-02 00:00:00+00:00
[2025-05-02T19:43:53.666+0000] {processor.py:183} INFO - Processing /home/airflow/.local/lib/python3.12/site-packages/airflow/example_dags/example_bash_operator.py took 0.086 seconds
[2025-05-02T19:44:24.405+0000] {processor.py:161} INFO - Started process (PID=308) to work on /home/airflow/.local/lib/python3.12/site-packages/airflow/example_dags/example_bash_operator.py
[2025-05-02T19:44:24.406+0000] {processor.py:830} INFO - Processing file /home/airflow/.local/lib/python3.12/site-packages/airflow/example_dags/example_bash_operator.py for tasks to queue
[2025-05-02T19:44:24.407+0000] {logging_mixin.py:188} INFO - [2025-05-02T19:44:24.407+0000] {dagbag.py:545} INFO - Filling up the DagBag from /home/airflow/.local/lib/python3.12/site-packages/airflow/example_dags/example_bash_operator.py
[2025-05-02T19:44:24.415+0000] {processor.py:840} INFO - DAG(s) 'example_bash_operator' retrieved from /home/airflow/.local/lib/python3.12/site-packages/airflow/example_dags/example_bash_operator.py
[2025-05-02T19:44:24.437+0000] {logging_mixin.py:188} INFO - [2025-05-02T19:44:24.437+0000] {dag.py:3096} INFO - Sync 1 DAGs
[2025-05-02T19:44:24.457+0000] {logging_mixin.py:188} INFO - [2025-05-02T19:44:24.457+0000] {dag.py:3954} INFO - Setting next_dagrun for example_bash_operator to 2025-05-01 00:00:00+00:00, run_after=2025-05-02 00:00:00+00:00
[2025-05-02T19:44:24.474+0000] {processor.py:183} INFO - Processing /home/airflow/.local/lib/python3.12/site-packages/airflow/example_dags/example_bash_operator.py took 0.074 seconds
[2025-05-02T19:44:54.579+0000] {processor.py:161} INFO - Started process (PID=368) to work on /home/airflow/.local/lib/python3.12/site-packages/airflow/example_dags/example_bash_operator.py
[2025-05-02T19:44:54.580+0000] {processor.py:830} INFO - Processing file /home/airflow/.local/lib/python3.12/site-packages/airflow/example_dags/example_bash_operator.py for tasks to queue
[2025-05-02T19:44:54.581+0000] {logging_mixin.py:188} INFO - [2025-05-02T19:44:54.581+0000] {dagbag.py:545} INFO - Filling up the DagBag from /home/airflow/.local/lib/python3.12/site-packages/airflow/example_dags/example_bash_operator.py
[2025-05-02T19:44:54.593+0000] {processor.py:840} INFO - DAG(s) 'example_bash_operator' retrieved from /home/airflow/.local/lib/python3.12/site-packages/airflow/example_dags/example_bash_operator.py
[2025-05-02T19:44:54.621+0000] {logging_mixin.py:188} INFO - [2025-05-02T19:44:54.621+0000] {dag.py:3096} INFO - Sync 1 DAGs
[2025-05-02T19:44:54.646+0000] {logging_mixin.py:188} INFO - [2025-05-02T19:44:54.645+0000] {dag.py:3954} INFO - Setting next_dagrun for example_bash_operator to 2025-05-01 00:00:00+00:00, run_after=2025-05-02 00:00:00+00:00
[2025-05-02T19:44:54.664+0000] {processor.py:183} INFO - Processing /home/airflow/.local/lib/python3.12/site-packages/airflow/example_dags/example_bash_operator.py took 0.090 seconds
[2025-05-02T19:45:24.777+0000] {processor.py:161} INFO - Started process (PID=428) to work on /home/airflow/.local/lib/python3.12/site-packages/airflow/example_dags/example_bash_operator.py
[2025-05-02T19:45:24.778+0000] {processor.py:830} INFO - Processing file /home/airflow/.local/lib/python3.12/site-packages/airflow/example_dags/example_bash_operator.py for tasks to queue
[2025-05-02T19:45:24.780+0000] {logging_mixin.py:188} INFO - [2025-05-02T19:45:24.780+0000] {dagbag.py:545} INFO - Filling up the DagBag from /home/airflow/.local/lib/python3.12/site-packages/airflow/example_dags/example_bash_operator.py
[2025-05-02T19:45:24.792+0000] {processor.py:840} INFO - DAG(s) 'example_bash_operator' retrieved from /home/airflow/.local/lib/python3.12/site-packages/airflow/example_dags/example_bash_operator.py
[2025-05-02T19:45:24.818+0000] {logging_mixin.py:188} INFO - [2025-05-02T19:45:24.818+0000] {dag.py:3096} INFO - Sync 1 DAGs
[2025-05-02T19:45:24.839+0000] {logging_mixin.py:188} INFO - [2025-05-02T19:45:24.838+0000] {dag.py:3954} INFO - Setting next_dagrun for example_bash_operator to 2025-05-01 00:00:00+00:00, run_after=2025-05-02 00:00:00+00:00
[2025-05-02T19:45:24.855+0000] {processor.py:183} INFO - Processing /home/airflow/.local/lib/python3.12/site-packages/airflow/example_dags/example_bash_operator.py took 0.084 seconds
[2025-05-02T19:45:55.319+0000] {processor.py:161} INFO - Started process (PID=488) to work on /home/airflow/.local/lib/python3.12/site-packages/airflow/example_dags/example_bash_operator.py
[2025-05-02T19:45:55.320+0000] {processor.py:830} INFO - Processing file /home/airflow/.local/lib/python3.12/site-packages/airflow/example_dags/example_bash_operator.py for tasks to queue
[2025-05-02T19:45:55.322+0000] {logging_mixin.py:188} INFO - [2025-05-02T19:45:55.321+0000] {dagbag.py:545} INFO - Filling up the DagBag from /home/airflow/.local/lib/python3.12/site-packages/airflow/example_dags/example_bash_operator.py
[2025-05-02T19:45:55.330+0000] {processor.py:840} INFO - DAG(s) 'example_bash_operator' retrieved from /home/airflow/.local/lib/python3.12/site-packages/airflow/example_dags/example_bash_operator.py
[2025-05-02T19:45:55.353+0000] {logging_mixin.py:188} INFO - [2025-05-02T19:45:55.353+0000] {dag.py:3096} INFO - Sync 1 DAGs
[2025-05-02T19:45:55.372+0000] {logging_mixin.py:188} INFO - [2025-05-02T19:45:55.372+0000] {dag.py:3954} INFO - Setting next_dagrun for example_bash_operator to 2025-05-01 00:00:00+00:00, run_after=2025-05-02 00:00:00+00:00
[2025-05-02T19:45:55.386+0000] {processor.py:183} INFO - Processing /home/airflow/.local/lib/python3.12/site-packages/airflow/example_dags/example_bash_operator.py took 0.071 seconds
[2025-05-02T19:46:26.429+0000] {processor.py:161} INFO - Started process (PID=548) to work on /home/airflow/.local/lib/python3.12/site-packages/airflow/example_dags/example_bash_operator.py
[2025-05-02T19:46:26.429+0000] {processor.py:830} INFO - Processing file /home/airflow/.local/lib/python3.12/site-packages/airflow/example_dags/example_bash_operator.py for tasks to queue
[2025-05-02T19:46:26.431+0000] {logging_mixin.py:188} INFO - [2025-05-02T19:46:26.431+0000] {dagbag.py:545} INFO - Filling up the DagBag from /home/airflow/.local/lib/python3.12/site-packages/airflow/example_dags/example_bash_operator.py
[2025-05-02T19:46:26.439+0000] {processor.py:840} INFO - DAG(s) 'example_bash_operator' retrieved from /home/airflow/.local/lib/python3.12/site-packages/airflow/example_dags/example_bash_operator.py
[2025-05-02T19:46:26.460+0000] {logging_mixin.py:188} INFO - [2025-05-02T19:46:26.460+0000] {dag.py:3096} INFO - Sync 1 DAGs
[2025-05-02T19:46:26.476+0000] {logging_mixin.py:188} INFO - [2025-05-02T19:46:26.476+0000] {dag.py:3954} INFO - Setting next_dagrun for example_bash_operator to 2025-05-01 00:00:00+00:00, run_after=2025-05-02 00:00:00+00:00
[2025-05-02T19:46:26.490+0000] {processor.py:183} INFO - Processing /home/airflow/.local/lib/python3.12/site-packages/airflow/example_dags/example_bash_operator.py took 0.066 seconds
[2025-05-02T19:46:56.790+0000] {processor.py:161} INFO - Started process (PID=608) to work on /home/airflow/.local/lib/python3.12/site-packages/airflow/example_dags/example_bash_operator.py
[2025-05-02T19:46:56.791+0000] {processor.py:830} INFO - Processing file /home/airflow/.local/lib/python3.12/site-packages/airflow/example_dags/example_bash_operator.py for tasks to queue
[2025-05-02T19:46:56.793+0000] {logging_mixin.py:188} INFO - [2025-05-02T19:46:56.792+0000] {dagbag.py:545} INFO - Filling up the DagBag from /home/airflow/.local/lib/python3.12/site-packages/airflow/example_dags/example_bash_operator.py
[2025-05-02T19:46:56.801+0000] {processor.py:840} INFO - DAG(s) 'example_bash_operator' retrieved from /home/airflow/.local/lib/python3.12/site-packages/airflow/example_dags/example_bash_operator.py
[2025-05-02T19:46:56.821+0000] {logging_mixin.py:188} INFO - [2025-05-02T19:46:56.821+0000] {dag.py:3096} INFO - Sync 1 DAGs
[2025-05-02T19:46:56.841+0000] {logging_mixin.py:188} INFO - [2025-05-02T19:46:56.841+0000] {dag.py:3954} INFO - Setting next_dagrun for example_bash_operator to 2025-05-01 00:00:00+00:00, run_after=2025-05-02 00:00:00+00:00
[2025-05-02T19:46:56.858+0000] {processor.py:183} INFO - Processing /home/airflow/.local/lib/python3.12/site-packages/airflow/example_dags/example_bash_operator.py took 0.072 seconds
[2025-05-02T19:47:27.173+0000] {processor.py:161} INFO - Started process (PID=668) to work on /home/airflow/.local/lib/python3.12/site-packages/airflow/example_dags/example_bash_operator.py
[2025-05-02T19:47:27.174+0000] {processor.py:830} INFO - Processing file /home/airflow/.local/lib/python3.12/site-packages/airflow/example_dags/example_bash_operator.py for tasks to queue
[2025-05-02T19:47:27.175+0000] {logging_mixin.py:188} INFO - [2025-05-02T19:47:27.175+0000] {dagbag.py:545} INFO - Filling up the DagBag from /home/airflow/.local/lib/python3.12/site-packages/airflow/example_dags/example_bash_operator.py
[2025-05-02T19:47:27.185+0000] {processor.py:840} INFO - DAG(s) 'example_bash_operator' retrieved from /home/airflow/.local/lib/python3.12/site-packages/airflow/example_dags/example_bash_operator.py
[2025-05-02T19:47:27.210+0000] {logging_mixin.py:188} INFO - [2025-05-02T19:47:27.209+0000] {dag.py:3096} INFO - Sync 1 DAGs
[2025-05-02T19:47:27.233+0000] {logging_mixin.py:188} INFO - [2025-05-02T19:47:27.233+0000] {dag.py:3954} INFO - Setting next_dagrun for example_bash_operator to 2025-05-01 00:00:00+00:00, run_after=2025-05-02 00:00:00+00:00
[2025-05-02T19:47:27.248+0000] {processor.py:183} INFO - Processing /home/airflow/.local/lib/python3.12/site-packages/airflow/example_dags/example_bash_operator.py took 0.080 seconds
[2025-05-02T19:47:57.660+0000] {processor.py:161} INFO - Started process (PID=728) to work on /home/airflow/.local/lib/python3.12/site-packages/airflow/example_dags/example_bash_operator.py
[2025-05-02T19:47:57.661+0000] {processor.py:830} INFO - Processing file /home/airflow/.local/lib/python3.12/site-packages/airflow/example_dags/example_bash_operator.py for tasks to queue
[2025-05-02T19:47:57.662+0000] {logging_mixin.py:188} INFO - [2025-05-02T19:47:57.662+0000] {dagbag.py:545} INFO - Filling up the DagBag from /home/airflow/.local/lib/python3.12/site-packages/airflow/example_dags/example_bash_operator.py
[2025-05-02T19:47:57.671+0000] {processor.py:840} INFO - DAG(s) 'example_bash_operator' retrieved from /home/airflow/.local/lib/python3.12/site-packages/airflow/example_dags/example_bash_operator.py
[2025-05-02T19:47:57.692+0000] {logging_mixin.py:188} INFO - [2025-05-02T19:47:57.692+0000] {dag.py:3096} INFO - Sync 1 DAGs
[2025-05-02T19:47:57.710+0000] {logging_mixin.py:188} INFO - [2025-05-02T19:47:57.710+0000] {dag.py:3954} INFO - Setting next_dagrun for example_bash_operator to 2025-05-01 00:00:00+00:00, run_after=2025-05-02 00:00:00+00:00
[2025-05-02T19:47:57.725+0000] {processor.py:183} INFO - Processing /home/airflow/.local/lib/python3.12/site-packages/airflow/example_dags/example_bash_operator.py took 0.069 seconds
[2025-05-02T19:48:28.811+0000] {processor.py:161} INFO - Started process (PID=782) to work on /home/airflow/.local/lib/python3.12/site-packages/airflow/example_dags/example_bash_operator.py
[2025-05-02T19:48:28.811+0000] {processor.py:830} INFO - Processing file /home/airflow/.local/lib/python3.12/site-packages/airflow/example_dags/example_bash_operator.py for tasks to queue
[2025-05-02T19:48:28.813+0000] {logging_mixin.py:188} INFO - [2025-05-02T19:48:28.812+0000] {dagbag.py:545} INFO - Filling up the DagBag from /home/airflow/.local/lib/python3.12/site-packages/airflow/example_dags/example_bash_operator.py
[2025-05-02T19:48:28.821+0000] {processor.py:840} INFO - DAG(s) 'example_bash_operator' retrieved from /home/airflow/.local/lib/python3.12/site-packages/airflow/example_dags/example_bash_operator.py
[2025-05-02T19:48:28.849+0000] {logging_mixin.py:188} INFO - [2025-05-02T19:48:28.849+0000] {dag.py:3096} INFO - Sync 1 DAGs
[2025-05-02T19:48:28.878+0000] {logging_mixin.py:188} INFO - [2025-05-02T19:48:28.878+0000] {dag.py:3954} INFO - Setting next_dagrun for example_bash_operator to 2025-05-01 00:00:00+00:00, run_after=2025-05-02 00:00:00+00:00
[2025-05-02T19:48:28.899+0000] {processor.py:183} INFO - Processing /home/airflow/.local/lib/python3.12/site-packages/airflow/example_dags/example_bash_operator.py took 0.092 seconds
[2025-05-02T19:48:59.087+0000] {processor.py:161} INFO - Started process (PID=842) to work on /home/airflow/.local/lib/python3.12/site-packages/airflow/example_dags/example_bash_operator.py
[2025-05-02T19:48:59.089+0000] {processor.py:830} INFO - Processing file /home/airflow/.local/lib/python3.12/site-packages/airflow/example_dags/example_bash_operator.py for tasks to queue
[2025-05-02T19:48:59.090+0000] {logging_mixin.py:188} INFO - [2025-05-02T19:48:59.090+0000] {dagbag.py:545} INFO - Filling up the DagBag from /home/airflow/.local/lib/python3.12/site-packages/airflow/example_dags/example_bash_operator.py
[2025-05-02T19:48:59.101+0000] {processor.py:840} INFO - DAG(s) 'example_bash_operator' retrieved from /home/airflow/.local/lib/python3.12/site-packages/airflow/example_dags/example_bash_operator.py
[2025-05-02T19:48:59.127+0000] {logging_mixin.py:188} INFO - [2025-05-02T19:48:59.127+0000] {dag.py:3096} INFO - Sync 1 DAGs
[2025-05-02T19:48:59.152+0000] {logging_mixin.py:188} INFO - [2025-05-02T19:48:59.151+0000] {dag.py:3954} INFO - Setting next_dagrun for example_bash_operator to 2025-05-01 00:00:00+00:00, run_after=2025-05-02 00:00:00+00:00
[2025-05-02T19:48:59.175+0000] {processor.py:183} INFO - Processing /home/airflow/.local/lib/python3.12/site-packages/airflow/example_dags/example_bash_operator.py took 0.093 seconds
[2025-05-02T19:49:30.101+0000] {processor.py:161} INFO - Started process (PID=903) to work on /home/airflow/.local/lib/python3.12/site-packages/airflow/example_dags/example_bash_operator.py
[2025-05-02T19:49:30.102+0000] {processor.py:830} INFO - Processing file /home/airflow/.local/lib/python3.12/site-packages/airflow/example_dags/example_bash_operator.py for tasks to queue
[2025-05-02T19:49:30.104+0000] {logging_mixin.py:188} INFO - [2025-05-02T19:49:30.103+0000] {dagbag.py:545} INFO - Filling up the DagBag from /home/airflow/.local/lib/python3.12/site-packages/airflow/example_dags/example_bash_operator.py
[2025-05-02T19:49:30.118+0000] {processor.py:840} INFO - DAG(s) 'example_bash_operator' retrieved from /home/airflow/.local/lib/python3.12/site-packages/airflow/example_dags/example_bash_operator.py
[2025-05-02T19:49:30.151+0000] {logging_mixin.py:188} INFO - [2025-05-02T19:49:30.150+0000] {dag.py:3096} INFO - Sync 1 DAGs
[2025-05-02T19:49:30.179+0000] {logging_mixin.py:188} INFO - [2025-05-02T19:49:30.178+0000] {dag.py:3954} INFO - Setting next_dagrun for example_bash_operator to 2025-05-01 00:00:00+00:00, run_after=2025-05-02 00:00:00+00:00
[2025-05-02T19:49:30.194+0000] {processor.py:183} INFO - Processing /home/airflow/.local/lib/python3.12/site-packages/airflow/example_dags/example_bash_operator.py took 0.098 seconds
[2025-05-02T19:50:01.895+0000] {processor.py:161} INFO - Started process (PID=963) to work on /home/airflow/.local/lib/python3.12/site-packages/airflow/example_dags/example_bash_operator.py
[2025-05-02T19:50:01.896+0000] {processor.py:830} INFO - Processing file /home/airflow/.local/lib/python3.12/site-packages/airflow/example_dags/example_bash_operator.py for tasks to queue
[2025-05-02T19:50:01.897+0000] {logging_mixin.py:188} INFO - [2025-05-02T19:50:01.897+0000] {dagbag.py:545} INFO - Filling up the DagBag from /home/airflow/.local/lib/python3.12/site-packages/airflow/example_dags/example_bash_operator.py
[2025-05-02T19:50:01.906+0000] {processor.py:840} INFO - DAG(s) 'example_bash_operator' retrieved from /home/airflow/.local/lib/python3.12/site-packages/airflow/example_dags/example_bash_operator.py
[2025-05-02T19:50:01.926+0000] {logging_mixin.py:188} INFO - [2025-05-02T19:50:01.926+0000] {dag.py:3096} INFO - Sync 1 DAGs
[2025-05-02T19:50:01.942+0000] {logging_mixin.py:188} INFO - [2025-05-02T19:50:01.942+0000] {dag.py:3954} INFO - Setting next_dagrun for example_bash_operator to 2025-05-01 00:00:00+00:00, run_after=2025-05-02 00:00:00+00:00
[2025-05-02T19:50:01.957+0000] {processor.py:183} INFO - Processing /home/airflow/.local/lib/python3.12/site-packages/airflow/example_dags/example_bash_operator.py took 0.066 seconds
[2025-05-02T19:50:34.256+0000] {processor.py:161} INFO - Started process (PID=1023) to work on /home/airflow/.local/lib/python3.12/site-packages/airflow/example_dags/example_bash_operator.py
[2025-05-02T19:50:34.257+0000] {processor.py:830} INFO - Processing file /home/airflow/.local/lib/python3.12/site-packages/airflow/example_dags/example_bash_operator.py for tasks to queue
[2025-05-02T19:50:34.259+0000] {logging_mixin.py:188} INFO - [2025-05-02T19:50:34.259+0000] {dagbag.py:545} INFO - Filling up the DagBag from /home/airflow/.local/lib/python3.12/site-packages/airflow/example_dags/example_bash_operator.py
[2025-05-02T19:50:34.267+0000] {processor.py:840} INFO - DAG(s) 'example_bash_operator' retrieved from /home/airflow/.local/lib/python3.12/site-packages/airflow/example_dags/example_bash_operator.py
[2025-05-02T19:50:34.289+0000] {logging_mixin.py:188} INFO - [2025-05-02T19:50:34.289+0000] {dag.py:3096} INFO - Sync 1 DAGs
[2025-05-02T19:50:34.310+0000] {logging_mixin.py:188} INFO - [2025-05-02T19:50:34.309+0000] {dag.py:3954} INFO - Setting next_dagrun for example_bash_operator to 2025-05-01 00:00:00+00:00, run_after=2025-05-02 00:00:00+00:00
[2025-05-02T19:50:34.327+0000] {processor.py:183} INFO - Processing /home/airflow/.local/lib/python3.12/site-packages/airflow/example_dags/example_bash_operator.py took 0.077 seconds
[2025-05-02T19:51:06.486+0000] {processor.py:161} INFO - Started process (PID=1083) to work on /home/airflow/.local/lib/python3.12/site-packages/airflow/example_dags/example_bash_operator.py
[2025-05-02T19:51:06.486+0000] {processor.py:830} INFO - Processing file /home/airflow/.local/lib/python3.12/site-packages/airflow/example_dags/example_bash_operator.py for tasks to queue
[2025-05-02T19:51:06.488+0000] {logging_mixin.py:188} INFO - [2025-05-02T19:51:06.488+0000] {dagbag.py:545} INFO - Filling up the DagBag from /home/airflow/.local/lib/python3.12/site-packages/airflow/example_dags/example_bash_operator.py
[2025-05-02T19:51:06.500+0000] {processor.py:840} INFO - DAG(s) 'example_bash_operator' retrieved from /home/airflow/.local/lib/python3.12/site-packages/airflow/example_dags/example_bash_operator.py
[2025-05-02T19:51:06.522+0000] {logging_mixin.py:188} INFO - [2025-05-02T19:51:06.522+0000] {dag.py:3096} INFO - Sync 1 DAGs
[2025-05-02T19:51:06.544+0000] {logging_mixin.py:188} INFO - [2025-05-02T19:51:06.544+0000] {dag.py:3954} INFO - Setting next_dagrun for example_bash_operator to 2025-05-01 00:00:00+00:00, run_after=2025-05-02 00:00:00+00:00
[2025-05-02T19:51:06.559+0000] {processor.py:183} INFO - Processing /home/airflow/.local/lib/python3.12/site-packages/airflow/example_dags/example_bash_operator.py took 0.079 seconds
[2025-05-02T19:51:38.829+0000] {processor.py:161} INFO - Started process (PID=1143) to work on /home/airflow/.local/lib/python3.12/site-packages/airflow/example_dags/example_bash_operator.py
[2025-05-02T19:51:38.830+0000] {processor.py:830} INFO - Processing file /home/airflow/.local/lib/python3.12/site-packages/airflow/example_dags/example_bash_operator.py for tasks to queue
[2025-05-02T19:51:38.832+0000] {logging_mixin.py:188} INFO - [2025-05-02T19:51:38.832+0000] {dagbag.py:545} INFO - Filling up the DagBag from /home/airflow/.local/lib/python3.12/site-packages/airflow/example_dags/example_bash_operator.py
[2025-05-02T19:51:38.843+0000] {processor.py:840} INFO - DAG(s) 'example_bash_operator' retrieved from /home/airflow/.local/lib/python3.12/site-packages/airflow/example_dags/example_bash_operator.py
[2025-05-02T19:51:38.871+0000] {logging_mixin.py:188} INFO - [2025-05-02T19:51:38.871+0000] {dag.py:3096} INFO - Sync 1 DAGs
[2025-05-02T19:51:38.894+0000] {logging_mixin.py:188} INFO - [2025-05-02T19:51:38.893+0000] {dag.py:3954} INFO - Setting next_dagrun for example_bash_operator to 2025-05-01 00:00:00+00:00, run_after=2025-05-02 00:00:00+00:00
[2025-05-02T19:51:38.911+0000] {processor.py:183} INFO - Processing /home/airflow/.local/lib/python3.12/site-packages/airflow/example_dags/example_bash_operator.py took 0.088 seconds
[2025-05-02T19:52:11.099+0000] {processor.py:161} INFO - Started process (PID=1203) to work on /home/airflow/.local/lib/python3.12/site-packages/airflow/example_dags/example_bash_operator.py
[2025-05-02T19:52:11.099+0000] {processor.py:830} INFO - Processing file /home/airflow/.local/lib/python3.12/site-packages/airflow/example_dags/example_bash_operator.py for tasks to queue
[2025-05-02T19:52:11.101+0000] {logging_mixin.py:188} INFO - [2025-05-02T19:52:11.101+0000] {dagbag.py:545} INFO - Filling up the DagBag from /home/airflow/.local/lib/python3.12/site-packages/airflow/example_dags/example_bash_operator.py
[2025-05-02T19:52:11.109+0000] {processor.py:840} INFO - DAG(s) 'example_bash_operator' retrieved from /home/airflow/.local/lib/python3.12/site-packages/airflow/example_dags/example_bash_operator.py
[2025-05-02T19:52:11.128+0000] {logging_mixin.py:188} INFO - [2025-05-02T19:52:11.128+0000] {dag.py:3096} INFO - Sync 1 DAGs
[2025-05-02T19:52:11.148+0000] {logging_mixin.py:188} INFO - [2025-05-02T19:52:11.147+0000] {dag.py:3954} INFO - Setting next_dagrun for example_bash_operator to 2025-05-01 00:00:00+00:00, run_after=2025-05-02 00:00:00+00:00
[2025-05-02T19:52:11.165+0000] {processor.py:183} INFO - Processing /home/airflow/.local/lib/python3.12/site-packages/airflow/example_dags/example_bash_operator.py took 0.070 seconds
[2025-05-02T19:52:43.769+0000] {processor.py:161} INFO - Started process (PID=1263) to work on /home/airflow/.local/lib/python3.12/site-packages/airflow/example_dags/example_bash_operator.py
[2025-05-02T19:52:43.770+0000] {processor.py:830} INFO - Processing file /home/airflow/.local/lib/python3.12/site-packages/airflow/example_dags/example_bash_operator.py for tasks to queue
[2025-05-02T19:52:43.773+0000] {logging_mixin.py:188} INFO - [2025-05-02T19:52:43.772+0000] {dagbag.py:545} INFO - Filling up the DagBag from /home/airflow/.local/lib/python3.12/site-packages/airflow/example_dags/example_bash_operator.py
[2025-05-02T19:52:43.783+0000] {processor.py:840} INFO - DAG(s) 'example_bash_operator' retrieved from /home/airflow/.local/lib/python3.12/site-packages/airflow/example_dags/example_bash_operator.py
[2025-05-02T19:52:43.811+0000] {logging_mixin.py:188} INFO - [2025-05-02T19:52:43.810+0000] {dag.py:3096} INFO - Sync 1 DAGs
[2025-05-02T19:52:43.834+0000] {logging_mixin.py:188} INFO - [2025-05-02T19:52:43.833+0000] {dag.py:3954} INFO - Setting next_dagrun for example_bash_operator to 2025-05-01 00:00:00+00:00, run_after=2025-05-02 00:00:00+00:00
[2025-05-02T19:52:43.864+0000] {processor.py:183} INFO - Processing /home/airflow/.local/lib/python3.12/site-packages/airflow/example_dags/example_bash_operator.py took 0.099 seconds
[2025-05-02T19:53:16.352+0000] {processor.py:161} INFO - Started process (PID=1323) to work on /home/airflow/.local/lib/python3.12/site-packages/airflow/example_dags/example_bash_operator.py
[2025-05-02T19:53:16.353+0000] {processor.py:830} INFO - Processing file /home/airflow/.local/lib/python3.12/site-packages/airflow/example_dags/example_bash_operator.py for tasks to queue
[2025-05-02T19:53:16.355+0000] {logging_mixin.py:188} INFO - [2025-05-02T19:53:16.355+0000] {dagbag.py:545} INFO - Filling up the DagBag from /home/airflow/.local/lib/python3.12/site-packages/airflow/example_dags/example_bash_operator.py
[2025-05-02T19:53:16.367+0000] {processor.py:840} INFO - DAG(s) 'example_bash_operator' retrieved from /home/airflow/.local/lib/python3.12/site-packages/airflow/example_dags/example_bash_operator.py
[2025-05-02T19:53:16.392+0000] {logging_mixin.py:188} INFO - [2025-05-02T19:53:16.392+0000] {dag.py:3096} INFO - Sync 1 DAGs
[2025-05-02T19:53:16.413+0000] {logging_mixin.py:188} INFO - [2025-05-02T19:53:16.413+0000] {dag.py:3954} INFO - Setting next_dagrun for example_bash_operator to 2025-05-01 00:00:00+00:00, run_after=2025-05-02 00:00:00+00:00
[2025-05-02T19:53:16.431+0000] {processor.py:183} INFO - Processing /home/airflow/.local/lib/python3.12/site-packages/airflow/example_dags/example_bash_operator.py took 0.082 seconds
[2025-05-02T19:53:48.786+0000] {processor.py:161} INFO - Started process (PID=1383) to work on /home/airflow/.local/lib/python3.12/site-packages/airflow/example_dags/example_bash_operator.py
[2025-05-02T19:53:48.787+0000] {processor.py:830} INFO - Processing file /home/airflow/.local/lib/python3.12/site-packages/airflow/example_dags/example_bash_operator.py for tasks to queue
[2025-05-02T19:53:48.789+0000] {logging_mixin.py:188} INFO - [2025-05-02T19:53:48.789+0000] {dagbag.py:545} INFO - Filling up the DagBag from /home/airflow/.local/lib/python3.12/site-packages/airflow/example_dags/example_bash_operator.py
[2025-05-02T19:53:48.799+0000] {processor.py:840} INFO - DAG(s) 'example_bash_operator' retrieved from /home/airflow/.local/lib/python3.12/site-packages/airflow/example_dags/example_bash_operator.py
[2025-05-02T19:53:48.822+0000] {logging_mixin.py:188} INFO - [2025-05-02T19:53:48.822+0000] {dag.py:3096} INFO - Sync 1 DAGs
[2025-05-02T19:53:48.840+0000] {logging_mixin.py:188} INFO - [2025-05-02T19:53:48.840+0000] {dag.py:3954} INFO - Setting next_dagrun for example_bash_operator to 2025-05-01 00:00:00+00:00, run_after=2025-05-02 00:00:00+00:00
[2025-05-02T19:53:48.853+0000] {processor.py:183} INFO - Processing /home/airflow/.local/lib/python3.12/site-packages/airflow/example_dags/example_bash_operator.py took 0.073 seconds
[2025-05-02T19:54:21.272+0000] {processor.py:161} INFO - Started process (PID=1443) to work on /home/airflow/.local/lib/python3.12/site-packages/airflow/example_dags/example_bash_operator.py
[2025-05-02T19:54:21.273+0000] {processor.py:830} INFO - Processing file /home/airflow/.local/lib/python3.12/site-packages/airflow/example_dags/example_bash_operator.py for tasks to queue
[2025-05-02T19:54:21.274+0000] {logging_mixin.py:188} INFO - [2025-05-02T19:54:21.274+0000] {dagbag.py:545} INFO - Filling up the DagBag from /home/airflow/.local/lib/python3.12/site-packages/airflow/example_dags/example_bash_operator.py
[2025-05-02T19:54:21.285+0000] {processor.py:840} INFO - DAG(s) 'example_bash_operator' retrieved from /home/airflow/.local/lib/python3.12/site-packages/airflow/example_dags/example_bash_operator.py
[2025-05-02T19:54:21.305+0000] {logging_mixin.py:188} INFO - [2025-05-02T19:54:21.305+0000] {dag.py:3096} INFO - Sync 1 DAGs
[2025-05-02T19:54:21.325+0000] {logging_mixin.py:188} INFO - [2025-05-02T19:54:21.325+0000] {dag.py:3954} INFO - Setting next_dagrun for example_bash_operator to 2025-05-01 00:00:00+00:00, run_after=2025-05-02 00:00:00+00:00
[2025-05-02T19:54:21.339+0000] {processor.py:183} INFO - Processing /home/airflow/.local/lib/python3.12/site-packages/airflow/example_dags/example_bash_operator.py took 0.072 seconds
[2025-05-02T19:54:53.497+0000] {processor.py:161} INFO - Started process (PID=1503) to work on /home/airflow/.local/lib/python3.12/site-packages/airflow/example_dags/example_bash_operator.py
[2025-05-02T19:54:53.497+0000] {processor.py:830} INFO - Processing file /home/airflow/.local/lib/python3.12/site-packages/airflow/example_dags/example_bash_operator.py for tasks to queue
[2025-05-02T19:54:53.499+0000] {logging_mixin.py:188} INFO - [2025-05-02T19:54:53.498+0000] {dagbag.py:545} INFO - Filling up the DagBag from /home/airflow/.local/lib/python3.12/site-packages/airflow/example_dags/example_bash_operator.py
[2025-05-02T19:54:53.507+0000] {processor.py:840} INFO - DAG(s) 'example_bash_operator' retrieved from /home/airflow/.local/lib/python3.12/site-packages/airflow/example_dags/example_bash_operator.py
[2025-05-02T19:54:53.528+0000] {logging_mixin.py:188} INFO - [2025-05-02T19:54:53.528+0000] {dag.py:3096} INFO - Sync 1 DAGs
[2025-05-02T19:54:53.549+0000] {logging_mixin.py:188} INFO - [2025-05-02T19:54:53.548+0000] {dag.py:3954} INFO - Setting next_dagrun for example_bash_operator to 2025-05-01 00:00:00+00:00, run_after=2025-05-02 00:00:00+00:00
[2025-05-02T19:54:53.562+0000] {processor.py:183} INFO - Processing /home/airflow/.local/lib/python3.12/site-packages/airflow/example_dags/example_bash_operator.py took 0.070 seconds
[2025-05-02T19:55:25.392+0000] {processor.py:161} INFO - Started process (PID=1563) to work on /home/airflow/.local/lib/python3.12/site-packages/airflow/example_dags/example_bash_operator.py
[2025-05-02T19:55:25.393+0000] {processor.py:830} INFO - Processing file /home/airflow/.local/lib/python3.12/site-packages/airflow/example_dags/example_bash_operator.py for tasks to queue
[2025-05-02T19:55:25.395+0000] {logging_mixin.py:188} INFO - [2025-05-02T19:55:25.394+0000] {dagbag.py:545} INFO - Filling up the DagBag from /home/airflow/.local/lib/python3.12/site-packages/airflow/example_dags/example_bash_operator.py
[2025-05-02T19:55:25.404+0000] {processor.py:840} INFO - DAG(s) 'example_bash_operator' retrieved from /home/airflow/.local/lib/python3.12/site-packages/airflow/example_dags/example_bash_operator.py
[2025-05-02T19:55:25.423+0000] {logging_mixin.py:188} INFO - [2025-05-02T19:55:25.423+0000] {dag.py:3096} INFO - Sync 1 DAGs
[2025-05-02T19:55:25.439+0000] {logging_mixin.py:188} INFO - [2025-05-02T19:55:25.439+0000] {dag.py:3954} INFO - Setting next_dagrun for example_bash_operator to 2025-05-01 00:00:00+00:00, run_after=2025-05-02 00:00:00+00:00
[2025-05-02T19:55:25.451+0000] {processor.py:183} INFO - Processing /home/airflow/.local/lib/python3.12/site-packages/airflow/example_dags/example_bash_operator.py took 0.063 seconds
[2025-05-02T19:55:58.425+0000] {processor.py:161} INFO - Started process (PID=1623) to work on /home/airflow/.local/lib/python3.12/site-packages/airflow/example_dags/example_bash_operator.py
[2025-05-02T19:55:58.426+0000] {processor.py:830} INFO - Processing file /home/airflow/.local/lib/python3.12/site-packages/airflow/example_dags/example_bash_operator.py for tasks to queue
[2025-05-02T19:55:58.428+0000] {logging_mixin.py:188} INFO - [2025-05-02T19:55:58.427+0000] {dagbag.py:545} INFO - Filling up the DagBag from /home/airflow/.local/lib/python3.12/site-packages/airflow/example_dags/example_bash_operator.py
[2025-05-02T19:55:58.436+0000] {processor.py:840} INFO - DAG(s) 'example_bash_operator' retrieved from /home/airflow/.local/lib/python3.12/site-packages/airflow/example_dags/example_bash_operator.py
[2025-05-02T19:55:58.458+0000] {logging_mixin.py:188} INFO - [2025-05-02T19:55:58.457+0000] {dag.py:3096} INFO - Sync 1 DAGs
[2025-05-02T19:55:58.473+0000] {logging_mixin.py:188} INFO - [2025-05-02T19:55:58.473+0000] {dag.py:3954} INFO - Setting next_dagrun for example_bash_operator to 2025-05-01 00:00:00+00:00, run_after=2025-05-02 00:00:00+00:00
[2025-05-02T19:55:58.486+0000] {processor.py:183} INFO - Processing /home/airflow/.local/lib/python3.12/site-packages/airflow/example_dags/example_bash_operator.py took 0.065 seconds
[2025-05-02T19:56:30.218+0000] {processor.py:161} INFO - Started process (PID=1683) to work on /home/airflow/.local/lib/python3.12/site-packages/airflow/example_dags/example_bash_operator.py
[2025-05-02T19:56:30.219+0000] {processor.py:830} INFO - Processing file /home/airflow/.local/lib/python3.12/site-packages/airflow/example_dags/example_bash_operator.py for tasks to queue
[2025-05-02T19:56:30.220+0000] {logging_mixin.py:188} INFO - [2025-05-02T19:56:30.220+0000] {dagbag.py:545} INFO - Filling up the DagBag from /home/airflow/.local/lib/python3.12/site-packages/airflow/example_dags/example_bash_operator.py
[2025-05-02T19:56:30.228+0000] {processor.py:840} INFO - DAG(s) 'example_bash_operator' retrieved from /home/airflow/.local/lib/python3.12/site-packages/airflow/example_dags/example_bash_operator.py
[2025-05-02T19:56:30.248+0000] {logging_mixin.py:188} INFO - [2025-05-02T19:56:30.248+0000] {dag.py:3096} INFO - Sync 1 DAGs
[2025-05-02T19:56:30.265+0000] {logging_mixin.py:188} INFO - [2025-05-02T19:56:30.265+0000] {dag.py:3954} INFO - Setting next_dagrun for example_bash_operator to 2025-05-01 00:00:00+00:00, run_after=2025-05-02 00:00:00+00:00
[2025-05-02T19:56:30.279+0000] {processor.py:183} INFO - Processing /home/airflow/.local/lib/python3.12/site-packages/airflow/example_dags/example_bash_operator.py took 0.065 seconds
[2025-05-02T19:57:03.254+0000] {processor.py:161} INFO - Started process (PID=1743) to work on /home/airflow/.local/lib/python3.12/site-packages/airflow/example_dags/example_bash_operator.py
[2025-05-02T19:57:03.254+0000] {processor.py:830} INFO - Processing file /home/airflow/.local/lib/python3.12/site-packages/airflow/example_dags/example_bash_operator.py for tasks to queue
[2025-05-02T19:57:03.256+0000] {logging_mixin.py:188} INFO - [2025-05-02T19:57:03.256+0000] {dagbag.py:545} INFO - Filling up the DagBag from /home/airflow/.local/lib/python3.12/site-packages/airflow/example_dags/example_bash_operator.py
[2025-05-02T19:57:03.266+0000] {processor.py:840} INFO - DAG(s) 'example_bash_operator' retrieved from /home/airflow/.local/lib/python3.12/site-packages/airflow/example_dags/example_bash_operator.py
[2025-05-02T19:57:03.288+0000] {logging_mixin.py:188} INFO - [2025-05-02T19:57:03.287+0000] {dag.py:3096} INFO - Sync 1 DAGs
[2025-05-02T19:57:03.308+0000] {logging_mixin.py:188} INFO - [2025-05-02T19:57:03.308+0000] {dag.py:3954} INFO - Setting next_dagrun for example_bash_operator to 2025-05-01 00:00:00+00:00, run_after=2025-05-02 00:00:00+00:00
[2025-05-02T19:57:03.325+0000] {processor.py:183} INFO - Processing /home/airflow/.local/lib/python3.12/site-packages/airflow/example_dags/example_bash_operator.py took 0.076 seconds
[2025-05-02T19:57:35.275+0000] {processor.py:161} INFO - Started process (PID=1803) to work on /home/airflow/.local/lib/python3.12/site-packages/airflow/example_dags/example_bash_operator.py
[2025-05-02T19:57:35.276+0000] {processor.py:830} INFO - Processing file /home/airflow/.local/lib/python3.12/site-packages/airflow/example_dags/example_bash_operator.py for tasks to queue
[2025-05-02T19:57:35.278+0000] {logging_mixin.py:188} INFO - [2025-05-02T19:57:35.277+0000] {dagbag.py:545} INFO - Filling up the DagBag from /home/airflow/.local/lib/python3.12/site-packages/airflow/example_dags/example_bash_operator.py
[2025-05-02T19:57:35.289+0000] {processor.py:840} INFO - DAG(s) 'example_bash_operator' retrieved from /home/airflow/.local/lib/python3.12/site-packages/airflow/example_dags/example_bash_operator.py
[2025-05-02T19:57:35.314+0000] {logging_mixin.py:188} INFO - [2025-05-02T19:57:35.314+0000] {dag.py:3096} INFO - Sync 1 DAGs
[2025-05-02T19:57:35.330+0000] {logging_mixin.py:188} INFO - [2025-05-02T19:57:35.330+0000] {dag.py:3954} INFO - Setting next_dagrun for example_bash_operator to 2025-05-01 00:00:00+00:00, run_after=2025-05-02 00:00:00+00:00
[2025-05-02T19:57:35.345+0000] {processor.py:183} INFO - Processing /home/airflow/.local/lib/python3.12/site-packages/airflow/example_dags/example_bash_operator.py took 0.075 seconds
[2025-05-02T19:58:07.783+0000] {processor.py:161} INFO - Started process (PID=1863) to work on /home/airflow/.local/lib/python3.12/site-packages/airflow/example_dags/example_bash_operator.py
[2025-05-02T19:58:07.783+0000] {processor.py:830} INFO - Processing file /home/airflow/.local/lib/python3.12/site-packages/airflow/example_dags/example_bash_operator.py for tasks to queue
[2025-05-02T19:58:07.785+0000] {logging_mixin.py:188} INFO - [2025-05-02T19:58:07.785+0000] {dagbag.py:545} INFO - Filling up the DagBag from /home/airflow/.local/lib/python3.12/site-packages/airflow/example_dags/example_bash_operator.py
[2025-05-02T19:58:07.794+0000] {processor.py:840} INFO - DAG(s) 'example_bash_operator' retrieved from /home/airflow/.local/lib/python3.12/site-packages/airflow/example_dags/example_bash_operator.py
[2025-05-02T19:58:07.817+0000] {logging_mixin.py:188} INFO - [2025-05-02T19:58:07.817+0000] {dag.py:3096} INFO - Sync 1 DAGs
[2025-05-02T19:58:07.842+0000] {logging_mixin.py:188} INFO - [2025-05-02T19:58:07.842+0000] {dag.py:3954} INFO - Setting next_dagrun for example_bash_operator to 2025-05-01 00:00:00+00:00, run_after=2025-05-02 00:00:00+00:00
[2025-05-02T19:58:07.857+0000] {processor.py:183} INFO - Processing /home/airflow/.local/lib/python3.12/site-packages/airflow/example_dags/example_bash_operator.py took 0.079 seconds
[2025-05-02T19:58:40.311+0000] {processor.py:161} INFO - Started process (PID=1923) to work on /home/airflow/.local/lib/python3.12/site-packages/airflow/example_dags/example_bash_operator.py
[2025-05-02T19:58:40.312+0000] {processor.py:830} INFO - Processing file /home/airflow/.local/lib/python3.12/site-packages/airflow/example_dags/example_bash_operator.py for tasks to queue
[2025-05-02T19:58:40.313+0000] {logging_mixin.py:188} INFO - [2025-05-02T19:58:40.313+0000] {dagbag.py:545} INFO - Filling up the DagBag from /home/airflow/.local/lib/python3.12/site-packages/airflow/example_dags/example_bash_operator.py
[2025-05-02T19:58:40.322+0000] {processor.py:840} INFO - DAG(s) 'example_bash_operator' retrieved from /home/airflow/.local/lib/python3.12/site-packages/airflow/example_dags/example_bash_operator.py
[2025-05-02T19:58:40.340+0000] {logging_mixin.py:188} INFO - [2025-05-02T19:58:40.340+0000] {dag.py:3096} INFO - Sync 1 DAGs
[2025-05-02T19:58:40.355+0000] {logging_mixin.py:188} INFO - [2025-05-02T19:58:40.355+0000] {dag.py:3954} INFO - Setting next_dagrun for example_bash_operator to 2025-05-01 00:00:00+00:00, run_after=2025-05-02 00:00:00+00:00
[2025-05-02T19:58:40.370+0000] {processor.py:183} INFO - Processing /home/airflow/.local/lib/python3.12/site-packages/airflow/example_dags/example_bash_operator.py took 0.063 seconds
[2025-05-02T19:59:12.465+0000] {processor.py:161} INFO - Started process (PID=1983) to work on /home/airflow/.local/lib/python3.12/site-packages/airflow/example_dags/example_bash_operator.py
[2025-05-02T19:59:12.465+0000] {processor.py:830} INFO - Processing file /home/airflow/.local/lib/python3.12/site-packages/airflow/example_dags/example_bash_operator.py for tasks to queue
[2025-05-02T19:59:12.467+0000] {logging_mixin.py:188} INFO - [2025-05-02T19:59:12.466+0000] {dagbag.py:545} INFO - Filling up the DagBag from /home/airflow/.local/lib/python3.12/site-packages/airflow/example_dags/example_bash_operator.py
[2025-05-02T19:59:12.474+0000] {processor.py:840} INFO - DAG(s) 'example_bash_operator' retrieved from /home/airflow/.local/lib/python3.12/site-packages/airflow/example_dags/example_bash_operator.py
[2025-05-02T19:59:12.493+0000] {logging_mixin.py:188} INFO - [2025-05-02T19:59:12.493+0000] {dag.py:3096} INFO - Sync 1 DAGs
[2025-05-02T19:59:12.510+0000] {logging_mixin.py:188} INFO - [2025-05-02T19:59:12.510+0000] {dag.py:3954} INFO - Setting next_dagrun for example_bash_operator to 2025-05-01 00:00:00+00:00, run_after=2025-05-02 00:00:00+00:00
[2025-05-02T19:59:12.526+0000] {processor.py:183} INFO - Processing /home/airflow/.local/lib/python3.12/site-packages/airflow/example_dags/example_bash_operator.py took 0.065 seconds
[2025-05-02T19:59:45.547+0000] {processor.py:161} INFO - Started process (PID=2043) to work on /home/airflow/.local/lib/python3.12/site-packages/airflow/example_dags/example_bash_operator.py
[2025-05-02T19:59:45.547+0000] {processor.py:830} INFO - Processing file /home/airflow/.local/lib/python3.12/site-packages/airflow/example_dags/example_bash_operator.py for tasks to queue
[2025-05-02T19:59:45.549+0000] {logging_mixin.py:188} INFO - [2025-05-02T19:59:45.549+0000] {dagbag.py:545} INFO - Filling up the DagBag from /home/airflow/.local/lib/python3.12/site-packages/airflow/example_dags/example_bash_operator.py
[2025-05-02T19:59:45.557+0000] {processor.py:840} INFO - DAG(s) 'example_bash_operator' retrieved from /home/airflow/.local/lib/python3.12/site-packages/airflow/example_dags/example_bash_operator.py
[2025-05-02T19:59:45.580+0000] {logging_mixin.py:188} INFO - [2025-05-02T19:59:45.580+0000] {dag.py:3096} INFO - Sync 1 DAGs
[2025-05-02T19:59:45.599+0000] {logging_mixin.py:188} INFO - [2025-05-02T19:59:45.599+0000] {dag.py:3954} INFO - Setting next_dagrun for example_bash_operator to 2025-05-01 00:00:00+00:00, run_after=2025-05-02 00:00:00+00:00
[2025-05-02T19:59:45.614+0000] {processor.py:183} INFO - Processing /home/airflow/.local/lib/python3.12/site-packages/airflow/example_dags/example_bash_operator.py took 0.072 seconds
[2025-05-02T20:00:17.834+0000] {processor.py:161} INFO - Started process (PID=2103) to work on /home/airflow/.local/lib/python3.12/site-packages/airflow/example_dags/example_bash_operator.py
[2025-05-02T20:00:17.835+0000] {processor.py:830} INFO - Processing file /home/airflow/.local/lib/python3.12/site-packages/airflow/example_dags/example_bash_operator.py for tasks to queue
[2025-05-02T20:00:17.837+0000] {logging_mixin.py:188} INFO - [2025-05-02T20:00:17.837+0000] {dagbag.py:545} INFO - Filling up the DagBag from /home/airflow/.local/lib/python3.12/site-packages/airflow/example_dags/example_bash_operator.py
[2025-05-02T20:00:17.846+0000] {processor.py:840} INFO - DAG(s) 'example_bash_operator' retrieved from /home/airflow/.local/lib/python3.12/site-packages/airflow/example_dags/example_bash_operator.py
[2025-05-02T20:00:17.868+0000] {logging_mixin.py:188} INFO - [2025-05-02T20:00:17.868+0000] {dag.py:3096} INFO - Sync 1 DAGs
[2025-05-02T20:00:17.885+0000] {logging_mixin.py:188} INFO - [2025-05-02T20:00:17.885+0000] {dag.py:3954} INFO - Setting next_dagrun for example_bash_operator to 2025-05-01 00:00:00+00:00, run_after=2025-05-02 00:00:00+00:00
[2025-05-02T20:00:17.995+0000] {processor.py:183} INFO - Processing /home/airflow/.local/lib/python3.12/site-packages/airflow/example_dags/example_bash_operator.py took 0.166 seconds
[2025-05-02T20:00:50.447+0000] {processor.py:161} INFO - Started process (PID=2163) to work on /home/airflow/.local/lib/python3.12/site-packages/airflow/example_dags/example_bash_operator.py
[2025-05-02T20:00:50.448+0000] {processor.py:830} INFO - Processing file /home/airflow/.local/lib/python3.12/site-packages/airflow/example_dags/example_bash_operator.py for tasks to queue
[2025-05-02T20:00:50.449+0000] {logging_mixin.py:188} INFO - [2025-05-02T20:00:50.449+0000] {dagbag.py:545} INFO - Filling up the DagBag from /home/airflow/.local/lib/python3.12/site-packages/airflow/example_dags/example_bash_operator.py
[2025-05-02T20:00:50.457+0000] {processor.py:840} INFO - DAG(s) 'example_bash_operator' retrieved from /home/airflow/.local/lib/python3.12/site-packages/airflow/example_dags/example_bash_operator.py
[2025-05-02T20:00:50.474+0000] {logging_mixin.py:188} INFO - [2025-05-02T20:00:50.474+0000] {dag.py:3096} INFO - Sync 1 DAGs
[2025-05-02T20:00:50.489+0000] {logging_mixin.py:188} INFO - [2025-05-02T20:00:50.489+0000] {dag.py:3954} INFO - Setting next_dagrun for example_bash_operator to 2025-05-01 00:00:00+00:00, run_after=2025-05-02 00:00:00+00:00
[2025-05-02T20:00:50.502+0000] {processor.py:183} INFO - Processing /home/airflow/.local/lib/python3.12/site-packages/airflow/example_dags/example_bash_operator.py took 0.058 seconds
[2025-05-02T20:01:23.566+0000] {processor.py:161} INFO - Started process (PID=2223) to work on /home/airflow/.local/lib/python3.12/site-packages/airflow/example_dags/example_bash_operator.py
[2025-05-02T20:01:23.567+0000] {processor.py:830} INFO - Processing file /home/airflow/.local/lib/python3.12/site-packages/airflow/example_dags/example_bash_operator.py for tasks to queue
[2025-05-02T20:01:23.568+0000] {logging_mixin.py:188} INFO - [2025-05-02T20:01:23.568+0000] {dagbag.py:545} INFO - Filling up the DagBag from /home/airflow/.local/lib/python3.12/site-packages/airflow/example_dags/example_bash_operator.py
[2025-05-02T20:01:23.577+0000] {processor.py:840} INFO - DAG(s) 'example_bash_operator' retrieved from /home/airflow/.local/lib/python3.12/site-packages/airflow/example_dags/example_bash_operator.py
[2025-05-02T20:01:23.599+0000] {logging_mixin.py:188} INFO - [2025-05-02T20:01:23.599+0000] {dag.py:3096} INFO - Sync 1 DAGs
[2025-05-02T20:01:23.617+0000] {logging_mixin.py:188} INFO - [2025-05-02T20:01:23.617+0000] {dag.py:3954} INFO - Setting next_dagrun for example_bash_operator to 2025-05-01 00:00:00+00:00, run_after=2025-05-02 00:00:00+00:00
[2025-05-02T20:01:23.632+0000] {processor.py:183} INFO - Processing /home/airflow/.local/lib/python3.12/site-packages/airflow/example_dags/example_bash_operator.py took 0.071 seconds
[2025-05-02T20:01:55.142+0000] {processor.py:161} INFO - Started process (PID=2283) to work on /home/airflow/.local/lib/python3.12/site-packages/airflow/example_dags/example_bash_operator.py
[2025-05-02T20:01:55.142+0000] {processor.py:830} INFO - Processing file /home/airflow/.local/lib/python3.12/site-packages/airflow/example_dags/example_bash_operator.py for tasks to queue
[2025-05-02T20:01:55.144+0000] {logging_mixin.py:188} INFO - [2025-05-02T20:01:55.144+0000] {dagbag.py:545} INFO - Filling up the DagBag from /home/airflow/.local/lib/python3.12/site-packages/airflow/example_dags/example_bash_operator.py
[2025-05-02T20:01:55.152+0000] {processor.py:840} INFO - DAG(s) 'example_bash_operator' retrieved from /home/airflow/.local/lib/python3.12/site-packages/airflow/example_dags/example_bash_operator.py
[2025-05-02T20:01:55.179+0000] {logging_mixin.py:188} INFO - [2025-05-02T20:01:55.179+0000] {dag.py:3096} INFO - Sync 1 DAGs
[2025-05-02T20:01:55.298+0000] {logging_mixin.py:188} INFO - [2025-05-02T20:01:55.298+0000] {dag.py:3954} INFO - Setting next_dagrun for example_bash_operator to 2025-05-01 00:00:00+00:00, run_after=2025-05-02 00:00:00+00:00
[2025-05-02T20:01:55.313+0000] {processor.py:183} INFO - Processing /home/airflow/.local/lib/python3.12/site-packages/airflow/example_dags/example_bash_operator.py took 0.175 seconds
[2025-05-02T20:02:27.181+0000] {processor.py:161} INFO - Started process (PID=2343) to work on /home/airflow/.local/lib/python3.12/site-packages/airflow/example_dags/example_bash_operator.py
[2025-05-02T20:02:27.182+0000] {processor.py:830} INFO - Processing file /home/airflow/.local/lib/python3.12/site-packages/airflow/example_dags/example_bash_operator.py for tasks to queue
[2025-05-02T20:02:27.183+0000] {logging_mixin.py:188} INFO - [2025-05-02T20:02:27.183+0000] {dagbag.py:545} INFO - Filling up the DagBag from /home/airflow/.local/lib/python3.12/site-packages/airflow/example_dags/example_bash_operator.py
[2025-05-02T20:02:27.190+0000] {processor.py:840} INFO - DAG(s) 'example_bash_operator' retrieved from /home/airflow/.local/lib/python3.12/site-packages/airflow/example_dags/example_bash_operator.py
[2025-05-02T20:02:27.209+0000] {logging_mixin.py:188} INFO - [2025-05-02T20:02:27.209+0000] {dag.py:3096} INFO - Sync 1 DAGs
[2025-05-02T20:02:27.224+0000] {logging_mixin.py:188} INFO - [2025-05-02T20:02:27.224+0000] {dag.py:3954} INFO - Setting next_dagrun for example_bash_operator to 2025-05-01 00:00:00+00:00, run_after=2025-05-02 00:00:00+00:00
[2025-05-02T20:02:27.239+0000] {processor.py:183} INFO - Processing /home/airflow/.local/lib/python3.12/site-packages/airflow/example_dags/example_bash_operator.py took 0.062 seconds
[2025-05-02T20:03:00.364+0000] {processor.py:161} INFO - Started process (PID=2404) to work on /home/airflow/.local/lib/python3.12/site-packages/airflow/example_dags/example_bash_operator.py
[2025-05-02T20:03:00.365+0000] {processor.py:830} INFO - Processing file /home/airflow/.local/lib/python3.12/site-packages/airflow/example_dags/example_bash_operator.py for tasks to queue
[2025-05-02T20:03:00.366+0000] {logging_mixin.py:188} INFO - [2025-05-02T20:03:00.366+0000] {dagbag.py:545} INFO - Filling up the DagBag from /home/airflow/.local/lib/python3.12/site-packages/airflow/example_dags/example_bash_operator.py
[2025-05-02T20:03:00.376+0000] {processor.py:840} INFO - DAG(s) 'example_bash_operator' retrieved from /home/airflow/.local/lib/python3.12/site-packages/airflow/example_dags/example_bash_operator.py
[2025-05-02T20:03:00.399+0000] {logging_mixin.py:188} INFO - [2025-05-02T20:03:00.398+0000] {dag.py:3096} INFO - Sync 1 DAGs
[2025-05-02T20:03:00.420+0000] {logging_mixin.py:188} INFO - [2025-05-02T20:03:00.419+0000] {dag.py:3954} INFO - Setting next_dagrun for example_bash_operator to 2025-05-01 00:00:00+00:00, run_after=2025-05-02 00:00:00+00:00
[2025-05-02T20:03:00.437+0000] {processor.py:183} INFO - Processing /home/airflow/.local/lib/python3.12/site-packages/airflow/example_dags/example_bash_operator.py took 0.077 seconds
[2025-05-02T20:03:34.484+0000] {processor.py:161} INFO - Started process (PID=2464) to work on /home/airflow/.local/lib/python3.12/site-packages/airflow/example_dags/example_bash_operator.py
[2025-05-02T20:03:34.485+0000] {processor.py:830} INFO - Processing file /home/airflow/.local/lib/python3.12/site-packages/airflow/example_dags/example_bash_operator.py for tasks to queue
[2025-05-02T20:03:34.486+0000] {logging_mixin.py:188} INFO - [2025-05-02T20:03:34.486+0000] {dagbag.py:545} INFO - Filling up the DagBag from /home/airflow/.local/lib/python3.12/site-packages/airflow/example_dags/example_bash_operator.py
[2025-05-02T20:03:34.494+0000] {processor.py:840} INFO - DAG(s) 'example_bash_operator' retrieved from /home/airflow/.local/lib/python3.12/site-packages/airflow/example_dags/example_bash_operator.py
[2025-05-02T20:03:34.627+0000] {logging_mixin.py:188} INFO - [2025-05-02T20:03:34.627+0000] {dag.py:3096} INFO - Sync 1 DAGs
[2025-05-02T20:03:34.642+0000] {logging_mixin.py:188} INFO - [2025-05-02T20:03:34.642+0000] {dag.py:3954} INFO - Setting next_dagrun for example_bash_operator to 2025-05-01 00:00:00+00:00, run_after=2025-05-02 00:00:00+00:00
[2025-05-02T20:03:34.656+0000] {processor.py:183} INFO - Processing /home/airflow/.local/lib/python3.12/site-packages/airflow/example_dags/example_bash_operator.py took 0.176 seconds
[2025-05-02T20:04:05.732+0000] {processor.py:161} INFO - Started process (PID=2524) to work on /home/airflow/.local/lib/python3.12/site-packages/airflow/example_dags/example_bash_operator.py
[2025-05-02T20:04:05.732+0000] {processor.py:830} INFO - Processing file /home/airflow/.local/lib/python3.12/site-packages/airflow/example_dags/example_bash_operator.py for tasks to queue
[2025-05-02T20:04:05.734+0000] {logging_mixin.py:188} INFO - [2025-05-02T20:04:05.734+0000] {dagbag.py:545} INFO - Filling up the DagBag from /home/airflow/.local/lib/python3.12/site-packages/airflow/example_dags/example_bash_operator.py
[2025-05-02T20:04:05.741+0000] {processor.py:840} INFO - DAG(s) 'example_bash_operator' retrieved from /home/airflow/.local/lib/python3.12/site-packages/airflow/example_dags/example_bash_operator.py
[2025-05-02T20:04:05.760+0000] {logging_mixin.py:188} INFO - [2025-05-02T20:04:05.760+0000] {dag.py:3096} INFO - Sync 1 DAGs
[2025-05-02T20:04:05.776+0000] {logging_mixin.py:188} INFO - [2025-05-02T20:04:05.776+0000] {dag.py:3954} INFO - Setting next_dagrun for example_bash_operator to 2025-05-01 00:00:00+00:00, run_after=2025-05-02 00:00:00+00:00
[2025-05-02T20:04:05.789+0000] {processor.py:183} INFO - Processing /home/airflow/.local/lib/python3.12/site-packages/airflow/example_dags/example_bash_operator.py took 0.061 seconds
[2025-05-02T20:04:38.088+0000] {processor.py:161} INFO - Started process (PID=2584) to work on /home/airflow/.local/lib/python3.12/site-packages/airflow/example_dags/example_bash_operator.py
[2025-05-02T20:04:38.088+0000] {processor.py:830} INFO - Processing file /home/airflow/.local/lib/python3.12/site-packages/airflow/example_dags/example_bash_operator.py for tasks to queue
[2025-05-02T20:04:38.090+0000] {logging_mixin.py:188} INFO - [2025-05-02T20:04:38.090+0000] {dagbag.py:545} INFO - Filling up the DagBag from /home/airflow/.local/lib/python3.12/site-packages/airflow/example_dags/example_bash_operator.py
[2025-05-02T20:04:38.098+0000] {processor.py:840} INFO - DAG(s) 'example_bash_operator' retrieved from /home/airflow/.local/lib/python3.12/site-packages/airflow/example_dags/example_bash_operator.py
[2025-05-02T20:04:38.120+0000] {logging_mixin.py:188} INFO - [2025-05-02T20:04:38.119+0000] {dag.py:3096} INFO - Sync 1 DAGs
[2025-05-02T20:04:38.139+0000] {logging_mixin.py:188} INFO - [2025-05-02T20:04:38.139+0000] {dag.py:3954} INFO - Setting next_dagrun for example_bash_operator to 2025-05-01 00:00:00+00:00, run_after=2025-05-02 00:00:00+00:00
[2025-05-02T20:04:38.156+0000] {processor.py:183} INFO - Processing /home/airflow/.local/lib/python3.12/site-packages/airflow/example_dags/example_bash_operator.py took 0.073 seconds
[2025-05-02T20:05:10.350+0000] {processor.py:161} INFO - Started process (PID=2644) to work on /home/airflow/.local/lib/python3.12/site-packages/airflow/example_dags/example_bash_operator.py
[2025-05-02T20:05:10.351+0000] {processor.py:830} INFO - Processing file /home/airflow/.local/lib/python3.12/site-packages/airflow/example_dags/example_bash_operator.py for tasks to queue
[2025-05-02T20:05:10.352+0000] {logging_mixin.py:188} INFO - [2025-05-02T20:05:10.352+0000] {dagbag.py:545} INFO - Filling up the DagBag from /home/airflow/.local/lib/python3.12/site-packages/airflow/example_dags/example_bash_operator.py
[2025-05-02T20:05:10.361+0000] {processor.py:840} INFO - DAG(s) 'example_bash_operator' retrieved from /home/airflow/.local/lib/python3.12/site-packages/airflow/example_dags/example_bash_operator.py
[2025-05-02T20:05:10.379+0000] {logging_mixin.py:188} INFO - [2025-05-02T20:05:10.379+0000] {dag.py:3096} INFO - Sync 1 DAGs
[2025-05-02T20:05:10.397+0000] {logging_mixin.py:188} INFO - [2025-05-02T20:05:10.397+0000] {dag.py:3954} INFO - Setting next_dagrun for example_bash_operator to 2025-05-01 00:00:00+00:00, run_after=2025-05-02 00:00:00+00:00
[2025-05-02T20:05:10.411+0000] {processor.py:183} INFO - Processing /home/airflow/.local/lib/python3.12/site-packages/airflow/example_dags/example_bash_operator.py took 0.065 seconds
[2025-05-02T20:05:42.675+0000] {processor.py:161} INFO - Started process (PID=2704) to work on /home/airflow/.local/lib/python3.12/site-packages/airflow/example_dags/example_bash_operator.py
[2025-05-02T20:05:42.676+0000] {processor.py:830} INFO - Processing file /home/airflow/.local/lib/python3.12/site-packages/airflow/example_dags/example_bash_operator.py for tasks to queue
[2025-05-02T20:05:42.677+0000] {logging_mixin.py:188} INFO - [2025-05-02T20:05:42.677+0000] {dagbag.py:545} INFO - Filling up the DagBag from /home/airflow/.local/lib/python3.12/site-packages/airflow/example_dags/example_bash_operator.py
[2025-05-02T20:05:42.687+0000] {processor.py:840} INFO - DAG(s) 'example_bash_operator' retrieved from /home/airflow/.local/lib/python3.12/site-packages/airflow/example_dags/example_bash_operator.py
[2025-05-02T20:05:42.708+0000] {logging_mixin.py:188} INFO - [2025-05-02T20:05:42.707+0000] {dag.py:3096} INFO - Sync 1 DAGs
[2025-05-02T20:05:42.724+0000] {logging_mixin.py:188} INFO - [2025-05-02T20:05:42.723+0000] {dag.py:3954} INFO - Setting next_dagrun for example_bash_operator to 2025-05-01 00:00:00+00:00, run_after=2025-05-02 00:00:00+00:00
[2025-05-02T20:05:42.736+0000] {processor.py:183} INFO - Processing /home/airflow/.local/lib/python3.12/site-packages/airflow/example_dags/example_bash_operator.py took 0.065 seconds
[2025-05-02T20:06:15.693+0000] {processor.py:161} INFO - Started process (PID=2764) to work on /home/airflow/.local/lib/python3.12/site-packages/airflow/example_dags/example_bash_operator.py
[2025-05-02T20:06:15.694+0000] {processor.py:830} INFO - Processing file /home/airflow/.local/lib/python3.12/site-packages/airflow/example_dags/example_bash_operator.py for tasks to queue
[2025-05-02T20:06:15.696+0000] {logging_mixin.py:188} INFO - [2025-05-02T20:06:15.696+0000] {dagbag.py:545} INFO - Filling up the DagBag from /home/airflow/.local/lib/python3.12/site-packages/airflow/example_dags/example_bash_operator.py
[2025-05-02T20:06:15.707+0000] {processor.py:840} INFO - DAG(s) 'example_bash_operator' retrieved from /home/airflow/.local/lib/python3.12/site-packages/airflow/example_dags/example_bash_operator.py
[2025-05-02T20:06:15.735+0000] {logging_mixin.py:188} INFO - [2025-05-02T20:06:15.735+0000] {dag.py:3096} INFO - Sync 1 DAGs
[2025-05-02T20:06:15.758+0000] {logging_mixin.py:188} INFO - [2025-05-02T20:06:15.757+0000] {dag.py:3954} INFO - Setting next_dagrun for example_bash_operator to 2025-05-01 00:00:00+00:00, run_after=2025-05-02 00:00:00+00:00
[2025-05-02T20:06:15.772+0000] {processor.py:183} INFO - Processing /home/airflow/.local/lib/python3.12/site-packages/airflow/example_dags/example_bash_operator.py took 0.083 seconds
[2025-05-02T20:06:47.714+0000] {processor.py:161} INFO - Started process (PID=2824) to work on /home/airflow/.local/lib/python3.12/site-packages/airflow/example_dags/example_bash_operator.py
[2025-05-02T20:06:47.715+0000] {processor.py:830} INFO - Processing file /home/airflow/.local/lib/python3.12/site-packages/airflow/example_dags/example_bash_operator.py for tasks to queue
[2025-05-02T20:06:47.716+0000] {logging_mixin.py:188} INFO - [2025-05-02T20:06:47.716+0000] {dagbag.py:545} INFO - Filling up the DagBag from /home/airflow/.local/lib/python3.12/site-packages/airflow/example_dags/example_bash_operator.py
[2025-05-02T20:06:47.724+0000] {processor.py:840} INFO - DAG(s) 'example_bash_operator' retrieved from /home/airflow/.local/lib/python3.12/site-packages/airflow/example_dags/example_bash_operator.py
[2025-05-02T20:06:47.742+0000] {logging_mixin.py:188} INFO - [2025-05-02T20:06:47.742+0000] {dag.py:3096} INFO - Sync 1 DAGs
[2025-05-02T20:06:47.761+0000] {logging_mixin.py:188} INFO - [2025-05-02T20:06:47.761+0000] {dag.py:3954} INFO - Setting next_dagrun for example_bash_operator to 2025-05-01 00:00:00+00:00, run_after=2025-05-02 00:00:00+00:00
[2025-05-02T20:06:47.779+0000] {processor.py:183} INFO - Processing /home/airflow/.local/lib/python3.12/site-packages/airflow/example_dags/example_bash_operator.py took 0.069 seconds
[2025-05-02T20:07:21.087+0000] {processor.py:161} INFO - Started process (PID=2884) to work on /home/airflow/.local/lib/python3.12/site-packages/airflow/example_dags/example_bash_operator.py
[2025-05-02T20:07:21.088+0000] {processor.py:830} INFO - Processing file /home/airflow/.local/lib/python3.12/site-packages/airflow/example_dags/example_bash_operator.py for tasks to queue
[2025-05-02T20:07:21.090+0000] {logging_mixin.py:188} INFO - [2025-05-02T20:07:21.090+0000] {dagbag.py:545} INFO - Filling up the DagBag from /home/airflow/.local/lib/python3.12/site-packages/airflow/example_dags/example_bash_operator.py
[2025-05-02T20:07:21.098+0000] {processor.py:840} INFO - DAG(s) 'example_bash_operator' retrieved from /home/airflow/.local/lib/python3.12/site-packages/airflow/example_dags/example_bash_operator.py
[2025-05-02T20:07:21.119+0000] {logging_mixin.py:188} INFO - [2025-05-02T20:07:21.119+0000] {dag.py:3096} INFO - Sync 1 DAGs
[2025-05-02T20:07:21.137+0000] {logging_mixin.py:188} INFO - [2025-05-02T20:07:21.137+0000] {dag.py:3954} INFO - Setting next_dagrun for example_bash_operator to 2025-05-01 00:00:00+00:00, run_after=2025-05-02 00:00:00+00:00
[2025-05-02T20:07:21.155+0000] {processor.py:183} INFO - Processing /home/airflow/.local/lib/python3.12/site-packages/airflow/example_dags/example_bash_operator.py took 0.072 seconds
[2025-05-02T20:07:53.423+0000] {processor.py:161} INFO - Started process (PID=2945) to work on /home/airflow/.local/lib/python3.12/site-packages/airflow/example_dags/example_bash_operator.py
[2025-05-02T20:07:53.424+0000] {processor.py:830} INFO - Processing file /home/airflow/.local/lib/python3.12/site-packages/airflow/example_dags/example_bash_operator.py for tasks to queue
[2025-05-02T20:07:53.425+0000] {logging_mixin.py:188} INFO - [2025-05-02T20:07:53.425+0000] {dagbag.py:545} INFO - Filling up the DagBag from /home/airflow/.local/lib/python3.12/site-packages/airflow/example_dags/example_bash_operator.py
[2025-05-02T20:07:53.436+0000] {processor.py:840} INFO - DAG(s) 'example_bash_operator' retrieved from /home/airflow/.local/lib/python3.12/site-packages/airflow/example_dags/example_bash_operator.py
[2025-05-02T20:07:53.460+0000] {logging_mixin.py:188} INFO - [2025-05-02T20:07:53.459+0000] {dag.py:3096} INFO - Sync 1 DAGs
[2025-05-02T20:07:53.479+0000] {logging_mixin.py:188} INFO - [2025-05-02T20:07:53.478+0000] {dag.py:3954} INFO - Setting next_dagrun for example_bash_operator to 2025-05-01 00:00:00+00:00, run_after=2025-05-02 00:00:00+00:00
[2025-05-02T20:07:53.495+0000] {processor.py:183} INFO - Processing /home/airflow/.local/lib/python3.12/site-packages/airflow/example_dags/example_bash_operator.py took 0.077 seconds
[2025-05-02T20:08:25.601+0000] {processor.py:161} INFO - Started process (PID=3005) to work on /home/airflow/.local/lib/python3.12/site-packages/airflow/example_dags/example_bash_operator.py
[2025-05-02T20:08:25.601+0000] {processor.py:830} INFO - Processing file /home/airflow/.local/lib/python3.12/site-packages/airflow/example_dags/example_bash_operator.py for tasks to queue
[2025-05-02T20:08:25.603+0000] {logging_mixin.py:188} INFO - [2025-05-02T20:08:25.602+0000] {dagbag.py:545} INFO - Filling up the DagBag from /home/airflow/.local/lib/python3.12/site-packages/airflow/example_dags/example_bash_operator.py
[2025-05-02T20:08:25.610+0000] {processor.py:840} INFO - DAG(s) 'example_bash_operator' retrieved from /home/airflow/.local/lib/python3.12/site-packages/airflow/example_dags/example_bash_operator.py
[2025-05-02T20:08:25.629+0000] {logging_mixin.py:188} INFO - [2025-05-02T20:08:25.628+0000] {dag.py:3096} INFO - Sync 1 DAGs
[2025-05-02T20:08:25.644+0000] {logging_mixin.py:188} INFO - [2025-05-02T20:08:25.644+0000] {dag.py:3954} INFO - Setting next_dagrun for example_bash_operator to 2025-05-01 00:00:00+00:00, run_after=2025-05-02 00:00:00+00:00
[2025-05-02T20:08:25.657+0000] {processor.py:183} INFO - Processing /home/airflow/.local/lib/python3.12/site-packages/airflow/example_dags/example_bash_operator.py took 0.061 seconds
[2025-05-02T20:08:59.033+0000] {processor.py:161} INFO - Started process (PID=3065) to work on /home/airflow/.local/lib/python3.12/site-packages/airflow/example_dags/example_bash_operator.py
[2025-05-02T20:08:59.034+0000] {processor.py:830} INFO - Processing file /home/airflow/.local/lib/python3.12/site-packages/airflow/example_dags/example_bash_operator.py for tasks to queue
[2025-05-02T20:08:59.035+0000] {logging_mixin.py:188} INFO - [2025-05-02T20:08:59.035+0000] {dagbag.py:545} INFO - Filling up the DagBag from /home/airflow/.local/lib/python3.12/site-packages/airflow/example_dags/example_bash_operator.py
[2025-05-02T20:08:59.043+0000] {processor.py:840} INFO - DAG(s) 'example_bash_operator' retrieved from /home/airflow/.local/lib/python3.12/site-packages/airflow/example_dags/example_bash_operator.py
[2025-05-02T20:08:59.065+0000] {logging_mixin.py:188} INFO - [2025-05-02T20:08:59.065+0000] {dag.py:3096} INFO - Sync 1 DAGs
[2025-05-02T20:08:59.088+0000] {logging_mixin.py:188} INFO - [2025-05-02T20:08:59.088+0000] {dag.py:3954} INFO - Setting next_dagrun for example_bash_operator to 2025-05-01 00:00:00+00:00, run_after=2025-05-02 00:00:00+00:00
[2025-05-02T20:08:59.103+0000] {processor.py:183} INFO - Processing /home/airflow/.local/lib/python3.12/site-packages/airflow/example_dags/example_bash_operator.py took 0.075 seconds
[2025-05-02T20:09:31.693+0000] {processor.py:161} INFO - Started process (PID=3125) to work on /home/airflow/.local/lib/python3.12/site-packages/airflow/example_dags/example_bash_operator.py
[2025-05-02T20:09:31.694+0000] {processor.py:830} INFO - Processing file /home/airflow/.local/lib/python3.12/site-packages/airflow/example_dags/example_bash_operator.py for tasks to queue
[2025-05-02T20:09:31.695+0000] {logging_mixin.py:188} INFO - [2025-05-02T20:09:31.695+0000] {dagbag.py:545} INFO - Filling up the DagBag from /home/airflow/.local/lib/python3.12/site-packages/airflow/example_dags/example_bash_operator.py
[2025-05-02T20:09:31.703+0000] {processor.py:840} INFO - DAG(s) 'example_bash_operator' retrieved from /home/airflow/.local/lib/python3.12/site-packages/airflow/example_dags/example_bash_operator.py
[2025-05-02T20:09:31.723+0000] {logging_mixin.py:188} INFO - [2025-05-02T20:09:31.723+0000] {dag.py:3096} INFO - Sync 1 DAGs
[2025-05-02T20:09:31.740+0000] {logging_mixin.py:188} INFO - [2025-05-02T20:09:31.740+0000] {dag.py:3954} INFO - Setting next_dagrun for example_bash_operator to 2025-05-01 00:00:00+00:00, run_after=2025-05-02 00:00:00+00:00
[2025-05-02T20:09:31.757+0000] {processor.py:183} INFO - Processing /home/airflow/.local/lib/python3.12/site-packages/airflow/example_dags/example_bash_operator.py took 0.069 seconds
[2025-05-02T20:10:03.854+0000] {processor.py:161} INFO - Started process (PID=3185) to work on /home/airflow/.local/lib/python3.12/site-packages/airflow/example_dags/example_bash_operator.py
[2025-05-02T20:10:03.855+0000] {processor.py:830} INFO - Processing file /home/airflow/.local/lib/python3.12/site-packages/airflow/example_dags/example_bash_operator.py for tasks to queue
[2025-05-02T20:10:03.856+0000] {logging_mixin.py:188} INFO - [2025-05-02T20:10:03.856+0000] {dagbag.py:545} INFO - Filling up the DagBag from /home/airflow/.local/lib/python3.12/site-packages/airflow/example_dags/example_bash_operator.py
[2025-05-02T20:10:03.864+0000] {processor.py:840} INFO - DAG(s) 'example_bash_operator' retrieved from /home/airflow/.local/lib/python3.12/site-packages/airflow/example_dags/example_bash_operator.py
[2025-05-02T20:10:03.885+0000] {logging_mixin.py:188} INFO - [2025-05-02T20:10:03.885+0000] {dag.py:3096} INFO - Sync 1 DAGs
[2025-05-02T20:10:03.901+0000] {logging_mixin.py:188} INFO - [2025-05-02T20:10:03.900+0000] {dag.py:3954} INFO - Setting next_dagrun for example_bash_operator to 2025-05-01 00:00:00+00:00, run_after=2025-05-02 00:00:00+00:00
[2025-05-02T20:10:03.914+0000] {processor.py:183} INFO - Processing /home/airflow/.local/lib/python3.12/site-packages/airflow/example_dags/example_bash_operator.py took 0.064 seconds
[2025-05-02T20:10:35.777+0000] {processor.py:161} INFO - Started process (PID=3245) to work on /home/airflow/.local/lib/python3.12/site-packages/airflow/example_dags/example_bash_operator.py
[2025-05-02T20:10:35.778+0000] {processor.py:830} INFO - Processing file /home/airflow/.local/lib/python3.12/site-packages/airflow/example_dags/example_bash_operator.py for tasks to queue
[2025-05-02T20:10:35.781+0000] {logging_mixin.py:188} INFO - [2025-05-02T20:10:35.780+0000] {dagbag.py:545} INFO - Filling up the DagBag from /home/airflow/.local/lib/python3.12/site-packages/airflow/example_dags/example_bash_operator.py
[2025-05-02T20:10:35.793+0000] {processor.py:840} INFO - DAG(s) 'example_bash_operator' retrieved from /home/airflow/.local/lib/python3.12/site-packages/airflow/example_dags/example_bash_operator.py
[2025-05-02T20:10:35.820+0000] {logging_mixin.py:188} INFO - [2025-05-02T20:10:35.820+0000] {dag.py:3096} INFO - Sync 1 DAGs
[2025-05-02T20:10:35.839+0000] {logging_mixin.py:188} INFO - [2025-05-02T20:10:35.839+0000] {dag.py:3954} INFO - Setting next_dagrun for example_bash_operator to 2025-05-01 00:00:00+00:00, run_after=2025-05-02 00:00:00+00:00
[2025-05-02T20:10:35.852+0000] {processor.py:183} INFO - Processing /home/airflow/.local/lib/python3.12/site-packages/airflow/example_dags/example_bash_operator.py took 0.079 seconds
[2025-05-02T20:11:09.016+0000] {processor.py:161} INFO - Started process (PID=3305) to work on /home/airflow/.local/lib/python3.12/site-packages/airflow/example_dags/example_bash_operator.py
[2025-05-02T20:11:09.017+0000] {processor.py:830} INFO - Processing file /home/airflow/.local/lib/python3.12/site-packages/airflow/example_dags/example_bash_operator.py for tasks to queue
[2025-05-02T20:11:09.019+0000] {logging_mixin.py:188} INFO - [2025-05-02T20:11:09.018+0000] {dagbag.py:545} INFO - Filling up the DagBag from /home/airflow/.local/lib/python3.12/site-packages/airflow/example_dags/example_bash_operator.py
[2025-05-02T20:11:09.026+0000] {processor.py:840} INFO - DAG(s) 'example_bash_operator' retrieved from /home/airflow/.local/lib/python3.12/site-packages/airflow/example_dags/example_bash_operator.py
[2025-05-02T20:11:09.047+0000] {logging_mixin.py:188} INFO - [2025-05-02T20:11:09.047+0000] {dag.py:3096} INFO - Sync 1 DAGs
[2025-05-02T20:11:09.066+0000] {logging_mixin.py:188} INFO - [2025-05-02T20:11:09.066+0000] {dag.py:3954} INFO - Setting next_dagrun for example_bash_operator to 2025-05-01 00:00:00+00:00, run_after=2025-05-02 00:00:00+00:00
[2025-05-02T20:11:09.080+0000] {processor.py:183} INFO - Processing /home/airflow/.local/lib/python3.12/site-packages/airflow/example_dags/example_bash_operator.py took 0.068 seconds
[2025-05-02T20:11:41.085+0000] {processor.py:161} INFO - Started process (PID=3365) to work on /home/airflow/.local/lib/python3.12/site-packages/airflow/example_dags/example_bash_operator.py
[2025-05-02T20:11:41.086+0000] {processor.py:830} INFO - Processing file /home/airflow/.local/lib/python3.12/site-packages/airflow/example_dags/example_bash_operator.py for tasks to queue
[2025-05-02T20:11:41.088+0000] {logging_mixin.py:188} INFO - [2025-05-02T20:11:41.088+0000] {dagbag.py:545} INFO - Filling up the DagBag from /home/airflow/.local/lib/python3.12/site-packages/airflow/example_dags/example_bash_operator.py
[2025-05-02T20:11:41.097+0000] {processor.py:840} INFO - DAG(s) 'example_bash_operator' retrieved from /home/airflow/.local/lib/python3.12/site-packages/airflow/example_dags/example_bash_operator.py
[2025-05-02T20:11:41.118+0000] {logging_mixin.py:188} INFO - [2025-05-02T20:11:41.117+0000] {dag.py:3096} INFO - Sync 1 DAGs
[2025-05-02T20:11:41.137+0000] {logging_mixin.py:188} INFO - [2025-05-02T20:11:41.137+0000] {dag.py:3954} INFO - Setting next_dagrun for example_bash_operator to 2025-05-01 00:00:00+00:00, run_after=2025-05-02 00:00:00+00:00
[2025-05-02T20:11:41.154+0000] {processor.py:183} INFO - Processing /home/airflow/.local/lib/python3.12/site-packages/airflow/example_dags/example_bash_operator.py took 0.074 seconds
[2025-05-02T20:12:14.289+0000] {processor.py:161} INFO - Started process (PID=3425) to work on /home/airflow/.local/lib/python3.12/site-packages/airflow/example_dags/example_bash_operator.py
[2025-05-02T20:12:14.290+0000] {processor.py:830} INFO - Processing file /home/airflow/.local/lib/python3.12/site-packages/airflow/example_dags/example_bash_operator.py for tasks to queue
[2025-05-02T20:12:14.291+0000] {logging_mixin.py:188} INFO - [2025-05-02T20:12:14.291+0000] {dagbag.py:545} INFO - Filling up the DagBag from /home/airflow/.local/lib/python3.12/site-packages/airflow/example_dags/example_bash_operator.py
[2025-05-02T20:12:14.299+0000] {processor.py:840} INFO - DAG(s) 'example_bash_operator' retrieved from /home/airflow/.local/lib/python3.12/site-packages/airflow/example_dags/example_bash_operator.py
[2025-05-02T20:12:14.319+0000] {logging_mixin.py:188} INFO - [2025-05-02T20:12:14.319+0000] {dag.py:3096} INFO - Sync 1 DAGs
[2025-05-02T20:12:14.336+0000] {logging_mixin.py:188} INFO - [2025-05-02T20:12:14.336+0000] {dag.py:3954} INFO - Setting next_dagrun for example_bash_operator to 2025-05-01 00:00:00+00:00, run_after=2025-05-02 00:00:00+00:00
[2025-05-02T20:12:14.353+0000] {processor.py:183} INFO - Processing /home/airflow/.local/lib/python3.12/site-packages/airflow/example_dags/example_bash_operator.py took 0.068 seconds
[2025-05-02T20:12:46.424+0000] {processor.py:161} INFO - Started process (PID=3485) to work on /home/airflow/.local/lib/python3.12/site-packages/airflow/example_dags/example_bash_operator.py
[2025-05-02T20:12:46.424+0000] {processor.py:830} INFO - Processing file /home/airflow/.local/lib/python3.12/site-packages/airflow/example_dags/example_bash_operator.py for tasks to queue
[2025-05-02T20:12:46.426+0000] {logging_mixin.py:188} INFO - [2025-05-02T20:12:46.426+0000] {dagbag.py:545} INFO - Filling up the DagBag from /home/airflow/.local/lib/python3.12/site-packages/airflow/example_dags/example_bash_operator.py
[2025-05-02T20:12:46.434+0000] {processor.py:840} INFO - DAG(s) 'example_bash_operator' retrieved from /home/airflow/.local/lib/python3.12/site-packages/airflow/example_dags/example_bash_operator.py
[2025-05-02T20:12:46.452+0000] {logging_mixin.py:188} INFO - [2025-05-02T20:12:46.452+0000] {dag.py:3096} INFO - Sync 1 DAGs
[2025-05-02T20:12:46.468+0000] {logging_mixin.py:188} INFO - [2025-05-02T20:12:46.468+0000] {dag.py:3954} INFO - Setting next_dagrun for example_bash_operator to 2025-05-01 00:00:00+00:00, run_after=2025-05-02 00:00:00+00:00
[2025-05-02T20:12:46.481+0000] {processor.py:183} INFO - Processing /home/airflow/.local/lib/python3.12/site-packages/airflow/example_dags/example_bash_operator.py took 0.061 seconds
