[2025-05-02T19:42:20.295+0000] {processor.py:161} INFO - Started process (PID=53) to work on /home/airflow/.local/lib/python3.12/site-packages/airflow/example_dags/example_latest_only_with_trigger.py
[2025-05-02T19:42:20.297+0000] {processor.py:830} INFO - Processing file /home/airflow/.local/lib/python3.12/site-packages/airflow/example_dags/example_latest_only_with_trigger.py for tasks to queue
[2025-05-02T19:42:20.298+0000] {logging_mixin.py:188} INFO - [2025-05-02T19:42:20.298+0000] {dagbag.py:545} INFO - Filling up the DagBag from /home/airflow/.local/lib/python3.12/site-packages/airflow/example_dags/example_latest_only_with_trigger.py
[2025-05-02T19:42:20.308+0000] {processor.py:840} INFO - DAG(s) 'latest_only_with_trigger' retrieved from /home/airflow/.local/lib/python3.12/site-packages/airflow/example_dags/example_latest_only_with_trigger.py
[2025-05-02T19:42:20.413+0000] {logging_mixin.py:188} INFO - [2025-05-02T19:42:20.412+0000] {override.py:1829} INFO - Created Permission View: can edit on DAG:latest_only_with_trigger
[2025-05-02T19:42:20.427+0000] {logging_mixin.py:188} INFO - [2025-05-02T19:42:20.426+0000] {override.py:1829} INFO - Created Permission View: can read on DAG:latest_only_with_trigger
[2025-05-02T19:42:20.435+0000] {logging_mixin.py:188} INFO - [2025-05-02T19:42:20.434+0000] {override.py:1829} INFO - Created Permission View: can delete on DAG:latest_only_with_trigger
[2025-05-02T19:42:20.435+0000] {logging_mixin.py:188} INFO - [2025-05-02T19:42:20.435+0000] {dag.py:3096} INFO - Sync 1 DAGs
[2025-05-02T19:42:20.447+0000] {logging_mixin.py:188} INFO - [2025-05-02T19:42:20.447+0000] {dag.py:3118} INFO - Creating ORM DAG for latest_only_with_trigger
[2025-05-02T19:42:20.457+0000] {logging_mixin.py:188} INFO - [2025-05-02T19:42:20.457+0000] {dag.py:3954} INFO - Setting next_dagrun for latest_only_with_trigger to 2025-05-02 12:00:00+00:00, run_after=2025-05-02 16:00:00+00:00
[2025-05-02T19:42:20.474+0000] {processor.py:183} INFO - Processing /home/airflow/.local/lib/python3.12/site-packages/airflow/example_dags/example_latest_only_with_trigger.py took 0.186 seconds
[2025-05-02T19:42:50.720+0000] {processor.py:161} INFO - Started process (PID=113) to work on /home/airflow/.local/lib/python3.12/site-packages/airflow/example_dags/example_latest_only_with_trigger.py
[2025-05-02T19:42:50.721+0000] {processor.py:830} INFO - Processing file /home/airflow/.local/lib/python3.12/site-packages/airflow/example_dags/example_latest_only_with_trigger.py for tasks to queue
[2025-05-02T19:42:50.724+0000] {logging_mixin.py:188} INFO - [2025-05-02T19:42:50.723+0000] {dagbag.py:545} INFO - Filling up the DagBag from /home/airflow/.local/lib/python3.12/site-packages/airflow/example_dags/example_latest_only_with_trigger.py
[2025-05-02T19:42:50.731+0000] {processor.py:840} INFO - DAG(s) 'latest_only_with_trigger' retrieved from /home/airflow/.local/lib/python3.12/site-packages/airflow/example_dags/example_latest_only_with_trigger.py
[2025-05-02T19:42:50.751+0000] {logging_mixin.py:188} INFO - [2025-05-02T19:42:50.751+0000] {dag.py:3096} INFO - Sync 1 DAGs
[2025-05-02T19:42:50.773+0000] {logging_mixin.py:188} INFO - [2025-05-02T19:42:50.773+0000] {dag.py:3954} INFO - Setting next_dagrun for latest_only_with_trigger to 2025-05-02 12:00:00+00:00, run_after=2025-05-02 16:00:00+00:00
[2025-05-02T19:42:50.801+0000] {processor.py:183} INFO - Processing /home/airflow/.local/lib/python3.12/site-packages/airflow/example_dags/example_latest_only_with_trigger.py took 0.086 seconds
[2025-05-02T19:43:20.853+0000] {processor.py:161} INFO - Started process (PID=173) to work on /home/airflow/.local/lib/python3.12/site-packages/airflow/example_dags/example_latest_only_with_trigger.py
[2025-05-02T19:43:20.854+0000] {processor.py:830} INFO - Processing file /home/airflow/.local/lib/python3.12/site-packages/airflow/example_dags/example_latest_only_with_trigger.py for tasks to queue
[2025-05-02T19:43:20.856+0000] {logging_mixin.py:188} INFO - [2025-05-02T19:43:20.855+0000] {dagbag.py:545} INFO - Filling up the DagBag from /home/airflow/.local/lib/python3.12/site-packages/airflow/example_dags/example_latest_only_with_trigger.py
[2025-05-02T19:43:20.859+0000] {processor.py:840} INFO - DAG(s) 'latest_only_with_trigger' retrieved from /home/airflow/.local/lib/python3.12/site-packages/airflow/example_dags/example_latest_only_with_trigger.py
[2025-05-02T19:43:20.877+0000] {logging_mixin.py:188} INFO - [2025-05-02T19:43:20.877+0000] {dag.py:3096} INFO - Sync 1 DAGs
[2025-05-02T19:43:20.894+0000] {logging_mixin.py:188} INFO - [2025-05-02T19:43:20.894+0000] {dag.py:3954} INFO - Setting next_dagrun for latest_only_with_trigger to 2025-05-02 12:00:00+00:00, run_after=2025-05-02 16:00:00+00:00
[2025-05-02T19:43:20.909+0000] {processor.py:183} INFO - Processing /home/airflow/.local/lib/python3.12/site-packages/airflow/example_dags/example_latest_only_with_trigger.py took 0.060 seconds
[2025-05-02T19:43:51.875+0000] {processor.py:161} INFO - Started process (PID=233) to work on /home/airflow/.local/lib/python3.12/site-packages/airflow/example_dags/example_latest_only_with_trigger.py
[2025-05-02T19:43:51.884+0000] {processor.py:830} INFO - Processing file /home/airflow/.local/lib/python3.12/site-packages/airflow/example_dags/example_latest_only_with_trigger.py for tasks to queue
[2025-05-02T19:43:51.885+0000] {logging_mixin.py:188} INFO - [2025-05-02T19:43:51.885+0000] {dagbag.py:545} INFO - Filling up the DagBag from /home/airflow/.local/lib/python3.12/site-packages/airflow/example_dags/example_latest_only_with_trigger.py
[2025-05-02T19:43:51.889+0000] {processor.py:840} INFO - DAG(s) 'latest_only_with_trigger' retrieved from /home/airflow/.local/lib/python3.12/site-packages/airflow/example_dags/example_latest_only_with_trigger.py
[2025-05-02T19:43:51.905+0000] {logging_mixin.py:188} INFO - [2025-05-02T19:43:51.905+0000] {dag.py:3096} INFO - Sync 1 DAGs
[2025-05-02T19:43:51.926+0000] {logging_mixin.py:188} INFO - [2025-05-02T19:43:51.926+0000] {dag.py:3954} INFO - Setting next_dagrun for latest_only_with_trigger to 2025-05-02 12:00:00+00:00, run_after=2025-05-02 16:00:00+00:00
[2025-05-02T19:43:51.948+0000] {processor.py:183} INFO - Processing /home/airflow/.local/lib/python3.12/site-packages/airflow/example_dags/example_latest_only_with_trigger.py took 0.078 seconds
[2025-05-02T19:44:22.572+0000] {processor.py:161} INFO - Started process (PID=293) to work on /home/airflow/.local/lib/python3.12/site-packages/airflow/example_dags/example_latest_only_with_trigger.py
[2025-05-02T19:44:22.573+0000] {processor.py:830} INFO - Processing file /home/airflow/.local/lib/python3.12/site-packages/airflow/example_dags/example_latest_only_with_trigger.py for tasks to queue
[2025-05-02T19:44:22.575+0000] {logging_mixin.py:188} INFO - [2025-05-02T19:44:22.575+0000] {dagbag.py:545} INFO - Filling up the DagBag from /home/airflow/.local/lib/python3.12/site-packages/airflow/example_dags/example_latest_only_with_trigger.py
[2025-05-02T19:44:22.580+0000] {processor.py:840} INFO - DAG(s) 'latest_only_with_trigger' retrieved from /home/airflow/.local/lib/python3.12/site-packages/airflow/example_dags/example_latest_only_with_trigger.py
[2025-05-02T19:44:22.598+0000] {logging_mixin.py:188} INFO - [2025-05-02T19:44:22.598+0000] {dag.py:3096} INFO - Sync 1 DAGs
[2025-05-02T19:44:22.619+0000] {logging_mixin.py:188} INFO - [2025-05-02T19:44:22.619+0000] {dag.py:3954} INFO - Setting next_dagrun for latest_only_with_trigger to 2025-05-02 12:00:00+00:00, run_after=2025-05-02 16:00:00+00:00
[2025-05-02T19:44:22.643+0000] {processor.py:183} INFO - Processing /home/airflow/.local/lib/python3.12/site-packages/airflow/example_dags/example_latest_only_with_trigger.py took 0.075 seconds
[2025-05-02T19:44:53.710+0000] {processor.py:161} INFO - Started process (PID=353) to work on /home/airflow/.local/lib/python3.12/site-packages/airflow/example_dags/example_latest_only_with_trigger.py
[2025-05-02T19:44:53.710+0000] {processor.py:830} INFO - Processing file /home/airflow/.local/lib/python3.12/site-packages/airflow/example_dags/example_latest_only_with_trigger.py for tasks to queue
[2025-05-02T19:44:53.712+0000] {logging_mixin.py:188} INFO - [2025-05-02T19:44:53.712+0000] {dagbag.py:545} INFO - Filling up the DagBag from /home/airflow/.local/lib/python3.12/site-packages/airflow/example_dags/example_latest_only_with_trigger.py
[2025-05-02T19:44:53.716+0000] {processor.py:840} INFO - DAG(s) 'latest_only_with_trigger' retrieved from /home/airflow/.local/lib/python3.12/site-packages/airflow/example_dags/example_latest_only_with_trigger.py
[2025-05-02T19:44:53.733+0000] {logging_mixin.py:188} INFO - [2025-05-02T19:44:53.733+0000] {dag.py:3096} INFO - Sync 1 DAGs
[2025-05-02T19:44:53.761+0000] {logging_mixin.py:188} INFO - [2025-05-02T19:44:53.761+0000] {dag.py:3954} INFO - Setting next_dagrun for latest_only_with_trigger to 2025-05-02 12:00:00+00:00, run_after=2025-05-02 16:00:00+00:00
[2025-05-02T19:44:53.792+0000] {processor.py:183} INFO - Processing /home/airflow/.local/lib/python3.12/site-packages/airflow/example_dags/example_latest_only_with_trigger.py took 0.086 seconds
[2025-05-02T19:45:23.854+0000] {processor.py:161} INFO - Started process (PID=412) to work on /home/airflow/.local/lib/python3.12/site-packages/airflow/example_dags/example_latest_only_with_trigger.py
[2025-05-02T19:45:23.855+0000] {processor.py:830} INFO - Processing file /home/airflow/.local/lib/python3.12/site-packages/airflow/example_dags/example_latest_only_with_trigger.py for tasks to queue
[2025-05-02T19:45:23.857+0000] {logging_mixin.py:188} INFO - [2025-05-02T19:45:23.856+0000] {dagbag.py:545} INFO - Filling up the DagBag from /home/airflow/.local/lib/python3.12/site-packages/airflow/example_dags/example_latest_only_with_trigger.py
[2025-05-02T19:45:23.862+0000] {processor.py:840} INFO - DAG(s) 'latest_only_with_trigger' retrieved from /home/airflow/.local/lib/python3.12/site-packages/airflow/example_dags/example_latest_only_with_trigger.py
[2025-05-02T19:45:23.881+0000] {logging_mixin.py:188} INFO - [2025-05-02T19:45:23.881+0000] {dag.py:3096} INFO - Sync 1 DAGs
[2025-05-02T19:45:23.900+0000] {logging_mixin.py:188} INFO - [2025-05-02T19:45:23.899+0000] {dag.py:3954} INFO - Setting next_dagrun for latest_only_with_trigger to 2025-05-02 12:00:00+00:00, run_after=2025-05-02 16:00:00+00:00
[2025-05-02T19:45:23.915+0000] {processor.py:183} INFO - Processing /home/airflow/.local/lib/python3.12/site-packages/airflow/example_dags/example_latest_only_with_trigger.py took 0.066 seconds
[2025-05-02T19:45:54.044+0000] {processor.py:161} INFO - Started process (PID=471) to work on /home/airflow/.local/lib/python3.12/site-packages/airflow/example_dags/example_latest_only_with_trigger.py
[2025-05-02T19:45:54.045+0000] {processor.py:830} INFO - Processing file /home/airflow/.local/lib/python3.12/site-packages/airflow/example_dags/example_latest_only_with_trigger.py for tasks to queue
[2025-05-02T19:45:54.046+0000] {logging_mixin.py:188} INFO - [2025-05-02T19:45:54.046+0000] {dagbag.py:545} INFO - Filling up the DagBag from /home/airflow/.local/lib/python3.12/site-packages/airflow/example_dags/example_latest_only_with_trigger.py
[2025-05-02T19:45:54.051+0000] {processor.py:840} INFO - DAG(s) 'latest_only_with_trigger' retrieved from /home/airflow/.local/lib/python3.12/site-packages/airflow/example_dags/example_latest_only_with_trigger.py
[2025-05-02T19:45:54.067+0000] {logging_mixin.py:188} INFO - [2025-05-02T19:45:54.066+0000] {dag.py:3096} INFO - Sync 1 DAGs
[2025-05-02T19:45:54.082+0000] {logging_mixin.py:188} INFO - [2025-05-02T19:45:54.082+0000] {dag.py:3954} INFO - Setting next_dagrun for latest_only_with_trigger to 2025-05-02 12:00:00+00:00, run_after=2025-05-02 16:00:00+00:00
[2025-05-02T19:45:54.098+0000] {processor.py:183} INFO - Processing /home/airflow/.local/lib/python3.12/site-packages/airflow/example_dags/example_latest_only_with_trigger.py took 0.059 seconds
[2025-05-02T19:46:24.357+0000] {processor.py:161} INFO - Started process (PID=531) to work on /home/airflow/.local/lib/python3.12/site-packages/airflow/example_dags/example_latest_only_with_trigger.py
[2025-05-02T19:46:24.357+0000] {processor.py:830} INFO - Processing file /home/airflow/.local/lib/python3.12/site-packages/airflow/example_dags/example_latest_only_with_trigger.py for tasks to queue
[2025-05-02T19:46:24.359+0000] {logging_mixin.py:188} INFO - [2025-05-02T19:46:24.358+0000] {dagbag.py:545} INFO - Filling up the DagBag from /home/airflow/.local/lib/python3.12/site-packages/airflow/example_dags/example_latest_only_with_trigger.py
[2025-05-02T19:46:24.363+0000] {processor.py:840} INFO - DAG(s) 'latest_only_with_trigger' retrieved from /home/airflow/.local/lib/python3.12/site-packages/airflow/example_dags/example_latest_only_with_trigger.py
[2025-05-02T19:46:24.379+0000] {logging_mixin.py:188} INFO - [2025-05-02T19:46:24.379+0000] {dag.py:3096} INFO - Sync 1 DAGs
[2025-05-02T19:46:24.399+0000] {logging_mixin.py:188} INFO - [2025-05-02T19:46:24.399+0000] {dag.py:3954} INFO - Setting next_dagrun for latest_only_with_trigger to 2025-05-02 12:00:00+00:00, run_after=2025-05-02 16:00:00+00:00
[2025-05-02T19:46:24.414+0000] {processor.py:183} INFO - Processing /home/airflow/.local/lib/python3.12/site-packages/airflow/example_dags/example_latest_only_with_trigger.py took 0.063 seconds
[2025-05-02T19:46:54.683+0000] {processor.py:161} INFO - Started process (PID=591) to work on /home/airflow/.local/lib/python3.12/site-packages/airflow/example_dags/example_latest_only_with_trigger.py
[2025-05-02T19:46:54.684+0000] {processor.py:830} INFO - Processing file /home/airflow/.local/lib/python3.12/site-packages/airflow/example_dags/example_latest_only_with_trigger.py for tasks to queue
[2025-05-02T19:46:54.686+0000] {logging_mixin.py:188} INFO - [2025-05-02T19:46:54.686+0000] {dagbag.py:545} INFO - Filling up the DagBag from /home/airflow/.local/lib/python3.12/site-packages/airflow/example_dags/example_latest_only_with_trigger.py
[2025-05-02T19:46:54.691+0000] {processor.py:840} INFO - DAG(s) 'latest_only_with_trigger' retrieved from /home/airflow/.local/lib/python3.12/site-packages/airflow/example_dags/example_latest_only_with_trigger.py
[2025-05-02T19:46:54.708+0000] {logging_mixin.py:188} INFO - [2025-05-02T19:46:54.708+0000] {dag.py:3096} INFO - Sync 1 DAGs
[2025-05-02T19:46:54.731+0000] {logging_mixin.py:188} INFO - [2025-05-02T19:46:54.730+0000] {dag.py:3954} INFO - Setting next_dagrun for latest_only_with_trigger to 2025-05-02 12:00:00+00:00, run_after=2025-05-02 16:00:00+00:00
[2025-05-02T19:46:54.751+0000] {processor.py:183} INFO - Processing /home/airflow/.local/lib/python3.12/site-packages/airflow/example_dags/example_latest_only_with_trigger.py took 0.073 seconds
[2025-05-02T19:47:25.028+0000] {processor.py:161} INFO - Started process (PID=645) to work on /home/airflow/.local/lib/python3.12/site-packages/airflow/example_dags/example_latest_only_with_trigger.py
[2025-05-02T19:47:25.029+0000] {processor.py:830} INFO - Processing file /home/airflow/.local/lib/python3.12/site-packages/airflow/example_dags/example_latest_only_with_trigger.py for tasks to queue
[2025-05-02T19:47:25.031+0000] {logging_mixin.py:188} INFO - [2025-05-02T19:47:25.031+0000] {dagbag.py:545} INFO - Filling up the DagBag from /home/airflow/.local/lib/python3.12/site-packages/airflow/example_dags/example_latest_only_with_trigger.py
[2025-05-02T19:47:25.035+0000] {processor.py:840} INFO - DAG(s) 'latest_only_with_trigger' retrieved from /home/airflow/.local/lib/python3.12/site-packages/airflow/example_dags/example_latest_only_with_trigger.py
[2025-05-02T19:47:25.053+0000] {logging_mixin.py:188} INFO - [2025-05-02T19:47:25.053+0000] {dag.py:3096} INFO - Sync 1 DAGs
[2025-05-02T19:47:25.076+0000] {logging_mixin.py:188} INFO - [2025-05-02T19:47:25.076+0000] {dag.py:3954} INFO - Setting next_dagrun for latest_only_with_trigger to 2025-05-02 12:00:00+00:00, run_after=2025-05-02 16:00:00+00:00
[2025-05-02T19:47:25.097+0000] {processor.py:183} INFO - Processing /home/airflow/.local/lib/python3.12/site-packages/airflow/example_dags/example_latest_only_with_trigger.py took 0.074 seconds
[2025-05-02T19:47:55.508+0000] {processor.py:161} INFO - Started process (PID=705) to work on /home/airflow/.local/lib/python3.12/site-packages/airflow/example_dags/example_latest_only_with_trigger.py
[2025-05-02T19:47:55.509+0000] {processor.py:830} INFO - Processing file /home/airflow/.local/lib/python3.12/site-packages/airflow/example_dags/example_latest_only_with_trigger.py for tasks to queue
[2025-05-02T19:47:55.510+0000] {logging_mixin.py:188} INFO - [2025-05-02T19:47:55.510+0000] {dagbag.py:545} INFO - Filling up the DagBag from /home/airflow/.local/lib/python3.12/site-packages/airflow/example_dags/example_latest_only_with_trigger.py
[2025-05-02T19:47:55.515+0000] {processor.py:840} INFO - DAG(s) 'latest_only_with_trigger' retrieved from /home/airflow/.local/lib/python3.12/site-packages/airflow/example_dags/example_latest_only_with_trigger.py
[2025-05-02T19:47:55.532+0000] {logging_mixin.py:188} INFO - [2025-05-02T19:47:55.532+0000] {dag.py:3096} INFO - Sync 1 DAGs
[2025-05-02T19:47:55.553+0000] {logging_mixin.py:188} INFO - [2025-05-02T19:47:55.553+0000] {dag.py:3954} INFO - Setting next_dagrun for latest_only_with_trigger to 2025-05-02 12:00:00+00:00, run_after=2025-05-02 16:00:00+00:00
[2025-05-02T19:47:55.573+0000] {processor.py:183} INFO - Processing /home/airflow/.local/lib/python3.12/site-packages/airflow/example_dags/example_latest_only_with_trigger.py took 0.069 seconds
[2025-05-02T19:48:25.845+0000] {processor.py:161} INFO - Started process (PID=765) to work on /home/airflow/.local/lib/python3.12/site-packages/airflow/example_dags/example_latest_only_with_trigger.py
[2025-05-02T19:48:25.846+0000] {processor.py:830} INFO - Processing file /home/airflow/.local/lib/python3.12/site-packages/airflow/example_dags/example_latest_only_with_trigger.py for tasks to queue
[2025-05-02T19:48:25.848+0000] {logging_mixin.py:188} INFO - [2025-05-02T19:48:25.848+0000] {dagbag.py:545} INFO - Filling up the DagBag from /home/airflow/.local/lib/python3.12/site-packages/airflow/example_dags/example_latest_only_with_trigger.py
[2025-05-02T19:48:25.853+0000] {processor.py:840} INFO - DAG(s) 'latest_only_with_trigger' retrieved from /home/airflow/.local/lib/python3.12/site-packages/airflow/example_dags/example_latest_only_with_trigger.py
[2025-05-02T19:48:25.871+0000] {logging_mixin.py:188} INFO - [2025-05-02T19:48:25.870+0000] {dag.py:3096} INFO - Sync 1 DAGs
[2025-05-02T19:48:25.887+0000] {logging_mixin.py:188} INFO - [2025-05-02T19:48:25.887+0000] {dag.py:3954} INFO - Setting next_dagrun for latest_only_with_trigger to 2025-05-02 12:00:00+00:00, run_after=2025-05-02 16:00:00+00:00
[2025-05-02T19:48:25.902+0000] {processor.py:183} INFO - Processing /home/airflow/.local/lib/python3.12/site-packages/airflow/example_dags/example_latest_only_with_trigger.py took 0.063 seconds
[2025-05-02T19:48:56.065+0000] {processor.py:161} INFO - Started process (PID=825) to work on /home/airflow/.local/lib/python3.12/site-packages/airflow/example_dags/example_latest_only_with_trigger.py
[2025-05-02T19:48:56.066+0000] {processor.py:830} INFO - Processing file /home/airflow/.local/lib/python3.12/site-packages/airflow/example_dags/example_latest_only_with_trigger.py for tasks to queue
[2025-05-02T19:48:56.068+0000] {logging_mixin.py:188} INFO - [2025-05-02T19:48:56.067+0000] {dagbag.py:545} INFO - Filling up the DagBag from /home/airflow/.local/lib/python3.12/site-packages/airflow/example_dags/example_latest_only_with_trigger.py
[2025-05-02T19:48:56.072+0000] {processor.py:840} INFO - DAG(s) 'latest_only_with_trigger' retrieved from /home/airflow/.local/lib/python3.12/site-packages/airflow/example_dags/example_latest_only_with_trigger.py
[2025-05-02T19:48:56.086+0000] {logging_mixin.py:188} INFO - [2025-05-02T19:48:56.086+0000] {dag.py:3096} INFO - Sync 1 DAGs
[2025-05-02T19:48:56.103+0000] {logging_mixin.py:188} INFO - [2025-05-02T19:48:56.103+0000] {dag.py:3954} INFO - Setting next_dagrun for latest_only_with_trigger to 2025-05-02 12:00:00+00:00, run_after=2025-05-02 16:00:00+00:00
[2025-05-02T19:48:56.119+0000] {processor.py:183} INFO - Processing /home/airflow/.local/lib/python3.12/site-packages/airflow/example_dags/example_latest_only_with_trigger.py took 0.057 seconds
[2025-05-02T19:49:28.588+0000] {processor.py:161} INFO - Started process (PID=886) to work on /home/airflow/.local/lib/python3.12/site-packages/airflow/example_dags/example_latest_only_with_trigger.py
[2025-05-02T19:49:28.589+0000] {processor.py:830} INFO - Processing file /home/airflow/.local/lib/python3.12/site-packages/airflow/example_dags/example_latest_only_with_trigger.py for tasks to queue
[2025-05-02T19:49:28.590+0000] {logging_mixin.py:188} INFO - [2025-05-02T19:49:28.590+0000] {dagbag.py:545} INFO - Filling up the DagBag from /home/airflow/.local/lib/python3.12/site-packages/airflow/example_dags/example_latest_only_with_trigger.py
[2025-05-02T19:49:28.595+0000] {processor.py:840} INFO - DAG(s) 'latest_only_with_trigger' retrieved from /home/airflow/.local/lib/python3.12/site-packages/airflow/example_dags/example_latest_only_with_trigger.py
[2025-05-02T19:49:28.610+0000] {logging_mixin.py:188} INFO - [2025-05-02T19:49:28.610+0000] {dag.py:3096} INFO - Sync 1 DAGs
[2025-05-02T19:49:28.627+0000] {logging_mixin.py:188} INFO - [2025-05-02T19:49:28.627+0000] {dag.py:3954} INFO - Setting next_dagrun for latest_only_with_trigger to 2025-05-02 12:00:00+00:00, run_after=2025-05-02 16:00:00+00:00
[2025-05-02T19:49:28.641+0000] {processor.py:183} INFO - Processing /home/airflow/.local/lib/python3.12/site-packages/airflow/example_dags/example_latest_only_with_trigger.py took 0.058 seconds
[2025-05-02T19:50:00.621+0000] {processor.py:161} INFO - Started process (PID=946) to work on /home/airflow/.local/lib/python3.12/site-packages/airflow/example_dags/example_latest_only_with_trigger.py
[2025-05-02T19:50:00.622+0000] {processor.py:830} INFO - Processing file /home/airflow/.local/lib/python3.12/site-packages/airflow/example_dags/example_latest_only_with_trigger.py for tasks to queue
[2025-05-02T19:50:00.623+0000] {logging_mixin.py:188} INFO - [2025-05-02T19:50:00.623+0000] {dagbag.py:545} INFO - Filling up the DagBag from /home/airflow/.local/lib/python3.12/site-packages/airflow/example_dags/example_latest_only_with_trigger.py
[2025-05-02T19:50:00.628+0000] {processor.py:840} INFO - DAG(s) 'latest_only_with_trigger' retrieved from /home/airflow/.local/lib/python3.12/site-packages/airflow/example_dags/example_latest_only_with_trigger.py
[2025-05-02T19:50:00.645+0000] {logging_mixin.py:188} INFO - [2025-05-02T19:50:00.645+0000] {dag.py:3096} INFO - Sync 1 DAGs
[2025-05-02T19:50:00.664+0000] {logging_mixin.py:188} INFO - [2025-05-02T19:50:00.663+0000] {dag.py:3954} INFO - Setting next_dagrun for latest_only_with_trigger to 2025-05-02 12:00:00+00:00, run_after=2025-05-02 16:00:00+00:00
[2025-05-02T19:50:00.679+0000] {processor.py:183} INFO - Processing /home/airflow/.local/lib/python3.12/site-packages/airflow/example_dags/example_latest_only_with_trigger.py took 0.063 seconds
[2025-05-02T19:50:33.575+0000] {processor.py:161} INFO - Started process (PID=1008) to work on /home/airflow/.local/lib/python3.12/site-packages/airflow/example_dags/example_latest_only_with_trigger.py
[2025-05-02T19:50:33.576+0000] {processor.py:830} INFO - Processing file /home/airflow/.local/lib/python3.12/site-packages/airflow/example_dags/example_latest_only_with_trigger.py for tasks to queue
[2025-05-02T19:50:33.578+0000] {logging_mixin.py:188} INFO - [2025-05-02T19:50:33.577+0000] {dagbag.py:545} INFO - Filling up the DagBag from /home/airflow/.local/lib/python3.12/site-packages/airflow/example_dags/example_latest_only_with_trigger.py
[2025-05-02T19:50:33.583+0000] {processor.py:840} INFO - DAG(s) 'latest_only_with_trigger' retrieved from /home/airflow/.local/lib/python3.12/site-packages/airflow/example_dags/example_latest_only_with_trigger.py
[2025-05-02T19:50:33.601+0000] {logging_mixin.py:188} INFO - [2025-05-02T19:50:33.601+0000] {dag.py:3096} INFO - Sync 1 DAGs
[2025-05-02T19:50:33.618+0000] {logging_mixin.py:188} INFO - [2025-05-02T19:50:33.617+0000] {dag.py:3954} INFO - Setting next_dagrun for latest_only_with_trigger to 2025-05-02 12:00:00+00:00, run_after=2025-05-02 16:00:00+00:00
[2025-05-02T19:50:33.632+0000] {processor.py:183} INFO - Processing /home/airflow/.local/lib/python3.12/site-packages/airflow/example_dags/example_latest_only_with_trigger.py took 0.065 seconds
[2025-05-02T19:51:05.736+0000] {processor.py:161} INFO - Started process (PID=1068) to work on /home/airflow/.local/lib/python3.12/site-packages/airflow/example_dags/example_latest_only_with_trigger.py
[2025-05-02T19:51:05.737+0000] {processor.py:830} INFO - Processing file /home/airflow/.local/lib/python3.12/site-packages/airflow/example_dags/example_latest_only_with_trigger.py for tasks to queue
[2025-05-02T19:51:05.739+0000] {logging_mixin.py:188} INFO - [2025-05-02T19:51:05.739+0000] {dagbag.py:545} INFO - Filling up the DagBag from /home/airflow/.local/lib/python3.12/site-packages/airflow/example_dags/example_latest_only_with_trigger.py
[2025-05-02T19:51:05.743+0000] {processor.py:840} INFO - DAG(s) 'latest_only_with_trigger' retrieved from /home/airflow/.local/lib/python3.12/site-packages/airflow/example_dags/example_latest_only_with_trigger.py
[2025-05-02T19:51:05.761+0000] {logging_mixin.py:188} INFO - [2025-05-02T19:51:05.761+0000] {dag.py:3096} INFO - Sync 1 DAGs
[2025-05-02T19:51:05.779+0000] {logging_mixin.py:188} INFO - [2025-05-02T19:51:05.779+0000] {dag.py:3954} INFO - Setting next_dagrun for latest_only_with_trigger to 2025-05-02 12:00:00+00:00, run_after=2025-05-02 16:00:00+00:00
[2025-05-02T19:51:05.796+0000] {processor.py:183} INFO - Processing /home/airflow/.local/lib/python3.12/site-packages/airflow/example_dags/example_latest_only_with_trigger.py took 0.065 seconds
[2025-05-02T19:51:38.108+0000] {processor.py:161} INFO - Started process (PID=1128) to work on /home/airflow/.local/lib/python3.12/site-packages/airflow/example_dags/example_latest_only_with_trigger.py
[2025-05-02T19:51:38.109+0000] {processor.py:830} INFO - Processing file /home/airflow/.local/lib/python3.12/site-packages/airflow/example_dags/example_latest_only_with_trigger.py for tasks to queue
[2025-05-02T19:51:38.110+0000] {logging_mixin.py:188} INFO - [2025-05-02T19:51:38.110+0000] {dagbag.py:545} INFO - Filling up the DagBag from /home/airflow/.local/lib/python3.12/site-packages/airflow/example_dags/example_latest_only_with_trigger.py
[2025-05-02T19:51:38.115+0000] {processor.py:840} INFO - DAG(s) 'latest_only_with_trigger' retrieved from /home/airflow/.local/lib/python3.12/site-packages/airflow/example_dags/example_latest_only_with_trigger.py
[2025-05-02T19:51:38.129+0000] {logging_mixin.py:188} INFO - [2025-05-02T19:51:38.129+0000] {dag.py:3096} INFO - Sync 1 DAGs
[2025-05-02T19:51:38.144+0000] {logging_mixin.py:188} INFO - [2025-05-02T19:51:38.144+0000] {dag.py:3954} INFO - Setting next_dagrun for latest_only_with_trigger to 2025-05-02 12:00:00+00:00, run_after=2025-05-02 16:00:00+00:00
[2025-05-02T19:51:38.158+0000] {processor.py:183} INFO - Processing /home/airflow/.local/lib/python3.12/site-packages/airflow/example_dags/example_latest_only_with_trigger.py took 0.055 seconds
[2025-05-02T19:52:10.284+0000] {processor.py:161} INFO - Started process (PID=1188) to work on /home/airflow/.local/lib/python3.12/site-packages/airflow/example_dags/example_latest_only_with_trigger.py
[2025-05-02T19:52:10.285+0000] {processor.py:830} INFO - Processing file /home/airflow/.local/lib/python3.12/site-packages/airflow/example_dags/example_latest_only_with_trigger.py for tasks to queue
[2025-05-02T19:52:10.287+0000] {logging_mixin.py:188} INFO - [2025-05-02T19:52:10.286+0000] {dagbag.py:545} INFO - Filling up the DagBag from /home/airflow/.local/lib/python3.12/site-packages/airflow/example_dags/example_latest_only_with_trigger.py
[2025-05-02T19:52:10.292+0000] {processor.py:840} INFO - DAG(s) 'latest_only_with_trigger' retrieved from /home/airflow/.local/lib/python3.12/site-packages/airflow/example_dags/example_latest_only_with_trigger.py
[2025-05-02T19:52:10.309+0000] {logging_mixin.py:188} INFO - [2025-05-02T19:52:10.309+0000] {dag.py:3096} INFO - Sync 1 DAGs
[2025-05-02T19:52:10.326+0000] {logging_mixin.py:188} INFO - [2025-05-02T19:52:10.326+0000] {dag.py:3954} INFO - Setting next_dagrun for latest_only_with_trigger to 2025-05-02 12:00:00+00:00, run_after=2025-05-02 16:00:00+00:00
[2025-05-02T19:52:10.350+0000] {processor.py:183} INFO - Processing /home/airflow/.local/lib/python3.12/site-packages/airflow/example_dags/example_latest_only_with_trigger.py took 0.070 seconds
[2025-05-02T19:52:42.911+0000] {processor.py:161} INFO - Started process (PID=1248) to work on /home/airflow/.local/lib/python3.12/site-packages/airflow/example_dags/example_latest_only_with_trigger.py
[2025-05-02T19:52:42.912+0000] {processor.py:830} INFO - Processing file /home/airflow/.local/lib/python3.12/site-packages/airflow/example_dags/example_latest_only_with_trigger.py for tasks to queue
[2025-05-02T19:52:42.914+0000] {logging_mixin.py:188} INFO - [2025-05-02T19:52:42.913+0000] {dagbag.py:545} INFO - Filling up the DagBag from /home/airflow/.local/lib/python3.12/site-packages/airflow/example_dags/example_latest_only_with_trigger.py
[2025-05-02T19:52:42.917+0000] {processor.py:840} INFO - DAG(s) 'latest_only_with_trigger' retrieved from /home/airflow/.local/lib/python3.12/site-packages/airflow/example_dags/example_latest_only_with_trigger.py
[2025-05-02T19:52:42.934+0000] {logging_mixin.py:188} INFO - [2025-05-02T19:52:42.934+0000] {dag.py:3096} INFO - Sync 1 DAGs
[2025-05-02T19:52:42.953+0000] {logging_mixin.py:188} INFO - [2025-05-02T19:52:42.953+0000] {dag.py:3954} INFO - Setting next_dagrun for latest_only_with_trigger to 2025-05-02 12:00:00+00:00, run_after=2025-05-02 16:00:00+00:00
[2025-05-02T19:52:42.967+0000] {processor.py:183} INFO - Processing /home/airflow/.local/lib/python3.12/site-packages/airflow/example_dags/example_latest_only_with_trigger.py took 0.060 seconds
[2025-05-02T19:53:15.537+0000] {processor.py:161} INFO - Started process (PID=1308) to work on /home/airflow/.local/lib/python3.12/site-packages/airflow/example_dags/example_latest_only_with_trigger.py
[2025-05-02T19:53:15.538+0000] {processor.py:830} INFO - Processing file /home/airflow/.local/lib/python3.12/site-packages/airflow/example_dags/example_latest_only_with_trigger.py for tasks to queue
[2025-05-02T19:53:15.542+0000] {logging_mixin.py:188} INFO - [2025-05-02T19:53:15.542+0000] {dagbag.py:545} INFO - Filling up the DagBag from /home/airflow/.local/lib/python3.12/site-packages/airflow/example_dags/example_latest_only_with_trigger.py
[2025-05-02T19:53:15.551+0000] {processor.py:840} INFO - DAG(s) 'latest_only_with_trigger' retrieved from /home/airflow/.local/lib/python3.12/site-packages/airflow/example_dags/example_latest_only_with_trigger.py
[2025-05-02T19:53:15.570+0000] {logging_mixin.py:188} INFO - [2025-05-02T19:53:15.570+0000] {dag.py:3096} INFO - Sync 1 DAGs
[2025-05-02T19:53:15.592+0000] {logging_mixin.py:188} INFO - [2025-05-02T19:53:15.591+0000] {dag.py:3954} INFO - Setting next_dagrun for latest_only_with_trigger to 2025-05-02 12:00:00+00:00, run_after=2025-05-02 16:00:00+00:00
[2025-05-02T19:53:15.610+0000] {processor.py:183} INFO - Processing /home/airflow/.local/lib/python3.12/site-packages/airflow/example_dags/example_latest_only_with_trigger.py took 0.082 seconds
[2025-05-02T19:53:47.977+0000] {processor.py:161} INFO - Started process (PID=1368) to work on /home/airflow/.local/lib/python3.12/site-packages/airflow/example_dags/example_latest_only_with_trigger.py
[2025-05-02T19:53:47.977+0000] {processor.py:830} INFO - Processing file /home/airflow/.local/lib/python3.12/site-packages/airflow/example_dags/example_latest_only_with_trigger.py for tasks to queue
[2025-05-02T19:53:47.979+0000] {logging_mixin.py:188} INFO - [2025-05-02T19:53:47.979+0000] {dagbag.py:545} INFO - Filling up the DagBag from /home/airflow/.local/lib/python3.12/site-packages/airflow/example_dags/example_latest_only_with_trigger.py
[2025-05-02T19:53:47.983+0000] {processor.py:840} INFO - DAG(s) 'latest_only_with_trigger' retrieved from /home/airflow/.local/lib/python3.12/site-packages/airflow/example_dags/example_latest_only_with_trigger.py
[2025-05-02T19:53:47.998+0000] {logging_mixin.py:188} INFO - [2025-05-02T19:53:47.998+0000] {dag.py:3096} INFO - Sync 1 DAGs
[2025-05-02T19:53:48.017+0000] {logging_mixin.py:188} INFO - [2025-05-02T19:53:48.017+0000] {dag.py:3954} INFO - Setting next_dagrun for latest_only_with_trigger to 2025-05-02 12:00:00+00:00, run_after=2025-05-02 16:00:00+00:00
[2025-05-02T19:53:48.034+0000] {processor.py:183} INFO - Processing /home/airflow/.local/lib/python3.12/site-packages/airflow/example_dags/example_latest_only_with_trigger.py took 0.063 seconds
[2025-05-02T19:54:20.507+0000] {processor.py:161} INFO - Started process (PID=1428) to work on /home/airflow/.local/lib/python3.12/site-packages/airflow/example_dags/example_latest_only_with_trigger.py
[2025-05-02T19:54:20.509+0000] {processor.py:830} INFO - Processing file /home/airflow/.local/lib/python3.12/site-packages/airflow/example_dags/example_latest_only_with_trigger.py for tasks to queue
[2025-05-02T19:54:20.511+0000] {logging_mixin.py:188} INFO - [2025-05-02T19:54:20.510+0000] {dagbag.py:545} INFO - Filling up the DagBag from /home/airflow/.local/lib/python3.12/site-packages/airflow/example_dags/example_latest_only_with_trigger.py
[2025-05-02T19:54:20.515+0000] {processor.py:840} INFO - DAG(s) 'latest_only_with_trigger' retrieved from /home/airflow/.local/lib/python3.12/site-packages/airflow/example_dags/example_latest_only_with_trigger.py
[2025-05-02T19:54:20.533+0000] {logging_mixin.py:188} INFO - [2025-05-02T19:54:20.532+0000] {dag.py:3096} INFO - Sync 1 DAGs
[2025-05-02T19:54:20.552+0000] {logging_mixin.py:188} INFO - [2025-05-02T19:54:20.552+0000] {dag.py:3954} INFO - Setting next_dagrun for latest_only_with_trigger to 2025-05-02 12:00:00+00:00, run_after=2025-05-02 16:00:00+00:00
[2025-05-02T19:54:20.568+0000] {processor.py:183} INFO - Processing /home/airflow/.local/lib/python3.12/site-packages/airflow/example_dags/example_latest_only_with_trigger.py took 0.067 seconds
[2025-05-02T19:54:52.821+0000] {processor.py:161} INFO - Started process (PID=1488) to work on /home/airflow/.local/lib/python3.12/site-packages/airflow/example_dags/example_latest_only_with_trigger.py
[2025-05-02T19:54:52.821+0000] {processor.py:830} INFO - Processing file /home/airflow/.local/lib/python3.12/site-packages/airflow/example_dags/example_latest_only_with_trigger.py for tasks to queue
[2025-05-02T19:54:52.823+0000] {logging_mixin.py:188} INFO - [2025-05-02T19:54:52.823+0000] {dagbag.py:545} INFO - Filling up the DagBag from /home/airflow/.local/lib/python3.12/site-packages/airflow/example_dags/example_latest_only_with_trigger.py
[2025-05-02T19:54:52.827+0000] {processor.py:840} INFO - DAG(s) 'latest_only_with_trigger' retrieved from /home/airflow/.local/lib/python3.12/site-packages/airflow/example_dags/example_latest_only_with_trigger.py
[2025-05-02T19:54:52.845+0000] {logging_mixin.py:188} INFO - [2025-05-02T19:54:52.845+0000] {dag.py:3096} INFO - Sync 1 DAGs
[2025-05-02T19:54:52.868+0000] {logging_mixin.py:188} INFO - [2025-05-02T19:54:52.868+0000] {dag.py:3954} INFO - Setting next_dagrun for latest_only_with_trigger to 2025-05-02 12:00:00+00:00, run_after=2025-05-02 16:00:00+00:00
[2025-05-02T19:54:52.885+0000] {processor.py:183} INFO - Processing /home/airflow/.local/lib/python3.12/site-packages/airflow/example_dags/example_latest_only_with_trigger.py took 0.068 seconds
[2025-05-02T19:55:24.777+0000] {processor.py:161} INFO - Started process (PID=1548) to work on /home/airflow/.local/lib/python3.12/site-packages/airflow/example_dags/example_latest_only_with_trigger.py
[2025-05-02T19:55:24.777+0000] {processor.py:830} INFO - Processing file /home/airflow/.local/lib/python3.12/site-packages/airflow/example_dags/example_latest_only_with_trigger.py for tasks to queue
[2025-05-02T19:55:24.779+0000] {logging_mixin.py:188} INFO - [2025-05-02T19:55:24.778+0000] {dagbag.py:545} INFO - Filling up the DagBag from /home/airflow/.local/lib/python3.12/site-packages/airflow/example_dags/example_latest_only_with_trigger.py
[2025-05-02T19:55:24.783+0000] {processor.py:840} INFO - DAG(s) 'latest_only_with_trigger' retrieved from /home/airflow/.local/lib/python3.12/site-packages/airflow/example_dags/example_latest_only_with_trigger.py
[2025-05-02T19:55:24.799+0000] {logging_mixin.py:188} INFO - [2025-05-02T19:55:24.799+0000] {dag.py:3096} INFO - Sync 1 DAGs
[2025-05-02T19:55:24.817+0000] {logging_mixin.py:188} INFO - [2025-05-02T19:55:24.817+0000] {dag.py:3954} INFO - Setting next_dagrun for latest_only_with_trigger to 2025-05-02 12:00:00+00:00, run_after=2025-05-02 16:00:00+00:00
[2025-05-02T19:55:24.835+0000] {processor.py:183} INFO - Processing /home/airflow/.local/lib/python3.12/site-packages/airflow/example_dags/example_latest_only_with_trigger.py took 0.063 seconds
[2025-05-02T19:55:57.651+0000] {processor.py:161} INFO - Started process (PID=1608) to work on /home/airflow/.local/lib/python3.12/site-packages/airflow/example_dags/example_latest_only_with_trigger.py
[2025-05-02T19:55:57.652+0000] {processor.py:830} INFO - Processing file /home/airflow/.local/lib/python3.12/site-packages/airflow/example_dags/example_latest_only_with_trigger.py for tasks to queue
[2025-05-02T19:55:57.654+0000] {logging_mixin.py:188} INFO - [2025-05-02T19:55:57.654+0000] {dagbag.py:545} INFO - Filling up the DagBag from /home/airflow/.local/lib/python3.12/site-packages/airflow/example_dags/example_latest_only_with_trigger.py
[2025-05-02T19:55:57.659+0000] {processor.py:840} INFO - DAG(s) 'latest_only_with_trigger' retrieved from /home/airflow/.local/lib/python3.12/site-packages/airflow/example_dags/example_latest_only_with_trigger.py
[2025-05-02T19:55:57.677+0000] {logging_mixin.py:188} INFO - [2025-05-02T19:55:57.677+0000] {dag.py:3096} INFO - Sync 1 DAGs
[2025-05-02T19:55:57.694+0000] {logging_mixin.py:188} INFO - [2025-05-02T19:55:57.694+0000] {dag.py:3954} INFO - Setting next_dagrun for latest_only_with_trigger to 2025-05-02 12:00:00+00:00, run_after=2025-05-02 16:00:00+00:00
[2025-05-02T19:55:57.710+0000] {processor.py:183} INFO - Processing /home/airflow/.local/lib/python3.12/site-packages/airflow/example_dags/example_latest_only_with_trigger.py took 0.064 seconds
[2025-05-02T19:56:29.627+0000] {processor.py:161} INFO - Started process (PID=1668) to work on /home/airflow/.local/lib/python3.12/site-packages/airflow/example_dags/example_latest_only_with_trigger.py
[2025-05-02T19:56:29.628+0000] {processor.py:830} INFO - Processing file /home/airflow/.local/lib/python3.12/site-packages/airflow/example_dags/example_latest_only_with_trigger.py for tasks to queue
[2025-05-02T19:56:29.630+0000] {logging_mixin.py:188} INFO - [2025-05-02T19:56:29.629+0000] {dagbag.py:545} INFO - Filling up the DagBag from /home/airflow/.local/lib/python3.12/site-packages/airflow/example_dags/example_latest_only_with_trigger.py
[2025-05-02T19:56:29.634+0000] {processor.py:840} INFO - DAG(s) 'latest_only_with_trigger' retrieved from /home/airflow/.local/lib/python3.12/site-packages/airflow/example_dags/example_latest_only_with_trigger.py
[2025-05-02T19:56:29.650+0000] {logging_mixin.py:188} INFO - [2025-05-02T19:56:29.650+0000] {dag.py:3096} INFO - Sync 1 DAGs
[2025-05-02T19:56:29.671+0000] {logging_mixin.py:188} INFO - [2025-05-02T19:56:29.670+0000] {dag.py:3954} INFO - Setting next_dagrun for latest_only_with_trigger to 2025-05-02 12:00:00+00:00, run_after=2025-05-02 16:00:00+00:00
[2025-05-02T19:56:29.686+0000] {processor.py:183} INFO - Processing /home/airflow/.local/lib/python3.12/site-packages/airflow/example_dags/example_latest_only_with_trigger.py took 0.063 seconds
[2025-05-02T19:57:02.538+0000] {processor.py:161} INFO - Started process (PID=1728) to work on /home/airflow/.local/lib/python3.12/site-packages/airflow/example_dags/example_latest_only_with_trigger.py
[2025-05-02T19:57:02.539+0000] {processor.py:830} INFO - Processing file /home/airflow/.local/lib/python3.12/site-packages/airflow/example_dags/example_latest_only_with_trigger.py for tasks to queue
[2025-05-02T19:57:02.541+0000] {logging_mixin.py:188} INFO - [2025-05-02T19:57:02.540+0000] {dagbag.py:545} INFO - Filling up the DagBag from /home/airflow/.local/lib/python3.12/site-packages/airflow/example_dags/example_latest_only_with_trigger.py
[2025-05-02T19:57:02.545+0000] {processor.py:840} INFO - DAG(s) 'latest_only_with_trigger' retrieved from /home/airflow/.local/lib/python3.12/site-packages/airflow/example_dags/example_latest_only_with_trigger.py
[2025-05-02T19:57:02.561+0000] {logging_mixin.py:188} INFO - [2025-05-02T19:57:02.561+0000] {dag.py:3096} INFO - Sync 1 DAGs
[2025-05-02T19:57:02.578+0000] {logging_mixin.py:188} INFO - [2025-05-02T19:57:02.578+0000] {dag.py:3954} INFO - Setting next_dagrun for latest_only_with_trigger to 2025-05-02 12:00:00+00:00, run_after=2025-05-02 16:00:00+00:00
[2025-05-02T19:57:02.593+0000] {processor.py:183} INFO - Processing /home/airflow/.local/lib/python3.12/site-packages/airflow/example_dags/example_latest_only_with_trigger.py took 0.060 seconds
[2025-05-02T19:57:34.588+0000] {processor.py:161} INFO - Started process (PID=1788) to work on /home/airflow/.local/lib/python3.12/site-packages/airflow/example_dags/example_latest_only_with_trigger.py
[2025-05-02T19:57:34.589+0000] {processor.py:830} INFO - Processing file /home/airflow/.local/lib/python3.12/site-packages/airflow/example_dags/example_latest_only_with_trigger.py for tasks to queue
[2025-05-02T19:57:34.590+0000] {logging_mixin.py:188} INFO - [2025-05-02T19:57:34.590+0000] {dagbag.py:545} INFO - Filling up the DagBag from /home/airflow/.local/lib/python3.12/site-packages/airflow/example_dags/example_latest_only_with_trigger.py
[2025-05-02T19:57:34.594+0000] {processor.py:840} INFO - DAG(s) 'latest_only_with_trigger' retrieved from /home/airflow/.local/lib/python3.12/site-packages/airflow/example_dags/example_latest_only_with_trigger.py
[2025-05-02T19:57:34.610+0000] {logging_mixin.py:188} INFO - [2025-05-02T19:57:34.610+0000] {dag.py:3096} INFO - Sync 1 DAGs
[2025-05-02T19:57:34.627+0000] {logging_mixin.py:188} INFO - [2025-05-02T19:57:34.627+0000] {dag.py:3954} INFO - Setting next_dagrun for latest_only_with_trigger to 2025-05-02 12:00:00+00:00, run_after=2025-05-02 16:00:00+00:00
[2025-05-02T19:57:34.641+0000] {processor.py:183} INFO - Processing /home/airflow/.local/lib/python3.12/site-packages/airflow/example_dags/example_latest_only_with_trigger.py took 0.058 seconds
[2025-05-02T19:58:06.993+0000] {processor.py:161} INFO - Started process (PID=1848) to work on /home/airflow/.local/lib/python3.12/site-packages/airflow/example_dags/example_latest_only_with_trigger.py
[2025-05-02T19:58:06.994+0000] {processor.py:830} INFO - Processing file /home/airflow/.local/lib/python3.12/site-packages/airflow/example_dags/example_latest_only_with_trigger.py for tasks to queue
[2025-05-02T19:58:06.995+0000] {logging_mixin.py:188} INFO - [2025-05-02T19:58:06.995+0000] {dagbag.py:545} INFO - Filling up the DagBag from /home/airflow/.local/lib/python3.12/site-packages/airflow/example_dags/example_latest_only_with_trigger.py
[2025-05-02T19:58:06.999+0000] {processor.py:840} INFO - DAG(s) 'latest_only_with_trigger' retrieved from /home/airflow/.local/lib/python3.12/site-packages/airflow/example_dags/example_latest_only_with_trigger.py
[2025-05-02T19:58:07.017+0000] {logging_mixin.py:188} INFO - [2025-05-02T19:58:07.017+0000] {dag.py:3096} INFO - Sync 1 DAGs
[2025-05-02T19:58:07.037+0000] {logging_mixin.py:188} INFO - [2025-05-02T19:58:07.037+0000] {dag.py:3954} INFO - Setting next_dagrun for latest_only_with_trigger to 2025-05-02 12:00:00+00:00, run_after=2025-05-02 16:00:00+00:00
[2025-05-02T19:58:07.052+0000] {processor.py:183} INFO - Processing /home/airflow/.local/lib/python3.12/site-packages/airflow/example_dags/example_latest_only_with_trigger.py took 0.064 seconds
[2025-05-02T19:58:39.543+0000] {processor.py:161} INFO - Started process (PID=1908) to work on /home/airflow/.local/lib/python3.12/site-packages/airflow/example_dags/example_latest_only_with_trigger.py
[2025-05-02T19:58:39.544+0000] {processor.py:830} INFO - Processing file /home/airflow/.local/lib/python3.12/site-packages/airflow/example_dags/example_latest_only_with_trigger.py for tasks to queue
[2025-05-02T19:58:39.546+0000] {logging_mixin.py:188} INFO - [2025-05-02T19:58:39.546+0000] {dagbag.py:545} INFO - Filling up the DagBag from /home/airflow/.local/lib/python3.12/site-packages/airflow/example_dags/example_latest_only_with_trigger.py
[2025-05-02T19:58:39.550+0000] {processor.py:840} INFO - DAG(s) 'latest_only_with_trigger' retrieved from /home/airflow/.local/lib/python3.12/site-packages/airflow/example_dags/example_latest_only_with_trigger.py
[2025-05-02T19:58:39.567+0000] {logging_mixin.py:188} INFO - [2025-05-02T19:58:39.567+0000] {dag.py:3096} INFO - Sync 1 DAGs
[2025-05-02T19:58:39.587+0000] {logging_mixin.py:188} INFO - [2025-05-02T19:58:39.587+0000] {dag.py:3954} INFO - Setting next_dagrun for latest_only_with_trigger to 2025-05-02 12:00:00+00:00, run_after=2025-05-02 16:00:00+00:00
[2025-05-02T19:58:39.603+0000] {processor.py:183} INFO - Processing /home/airflow/.local/lib/python3.12/site-packages/airflow/example_dags/example_latest_only_with_trigger.py took 0.065 seconds
[2025-05-02T19:59:11.699+0000] {processor.py:161} INFO - Started process (PID=1968) to work on /home/airflow/.local/lib/python3.12/site-packages/airflow/example_dags/example_latest_only_with_trigger.py
[2025-05-02T19:59:11.699+0000] {processor.py:830} INFO - Processing file /home/airflow/.local/lib/python3.12/site-packages/airflow/example_dags/example_latest_only_with_trigger.py for tasks to queue
[2025-05-02T19:59:11.701+0000] {logging_mixin.py:188} INFO - [2025-05-02T19:59:11.701+0000] {dagbag.py:545} INFO - Filling up the DagBag from /home/airflow/.local/lib/python3.12/site-packages/airflow/example_dags/example_latest_only_with_trigger.py
[2025-05-02T19:59:11.704+0000] {processor.py:840} INFO - DAG(s) 'latest_only_with_trigger' retrieved from /home/airflow/.local/lib/python3.12/site-packages/airflow/example_dags/example_latest_only_with_trigger.py
[2025-05-02T19:59:11.721+0000] {logging_mixin.py:188} INFO - [2025-05-02T19:59:11.721+0000] {dag.py:3096} INFO - Sync 1 DAGs
[2025-05-02T19:59:11.739+0000] {logging_mixin.py:188} INFO - [2025-05-02T19:59:11.739+0000] {dag.py:3954} INFO - Setting next_dagrun for latest_only_with_trigger to 2025-05-02 12:00:00+00:00, run_after=2025-05-02 16:00:00+00:00
[2025-05-02T19:59:11.755+0000] {processor.py:183} INFO - Processing /home/airflow/.local/lib/python3.12/site-packages/airflow/example_dags/example_latest_only_with_trigger.py took 0.061 seconds
[2025-05-02T19:59:44.324+0000] {processor.py:161} INFO - Started process (PID=2028) to work on /home/airflow/.local/lib/python3.12/site-packages/airflow/example_dags/example_latest_only_with_trigger.py
[2025-05-02T19:59:44.325+0000] {processor.py:830} INFO - Processing file /home/airflow/.local/lib/python3.12/site-packages/airflow/example_dags/example_latest_only_with_trigger.py for tasks to queue
[2025-05-02T19:59:44.326+0000] {logging_mixin.py:188} INFO - [2025-05-02T19:59:44.326+0000] {dagbag.py:545} INFO - Filling up the DagBag from /home/airflow/.local/lib/python3.12/site-packages/airflow/example_dags/example_latest_only_with_trigger.py
[2025-05-02T19:59:44.330+0000] {processor.py:840} INFO - DAG(s) 'latest_only_with_trigger' retrieved from /home/airflow/.local/lib/python3.12/site-packages/airflow/example_dags/example_latest_only_with_trigger.py
[2025-05-02T19:59:44.346+0000] {logging_mixin.py:188} INFO - [2025-05-02T19:59:44.346+0000] {dag.py:3096} INFO - Sync 1 DAGs
[2025-05-02T19:59:44.362+0000] {logging_mixin.py:188} INFO - [2025-05-02T19:59:44.362+0000] {dag.py:3954} INFO - Setting next_dagrun for latest_only_with_trigger to 2025-05-02 12:00:00+00:00, run_after=2025-05-02 16:00:00+00:00
[2025-05-02T19:59:44.479+0000] {processor.py:183} INFO - Processing /home/airflow/.local/lib/python3.12/site-packages/airflow/example_dags/example_latest_only_with_trigger.py took 0.161 seconds
[2025-05-02T20:00:16.934+0000] {processor.py:161} INFO - Started process (PID=2088) to work on /home/airflow/.local/lib/python3.12/site-packages/airflow/example_dags/example_latest_only_with_trigger.py
[2025-05-02T20:00:16.935+0000] {processor.py:830} INFO - Processing file /home/airflow/.local/lib/python3.12/site-packages/airflow/example_dags/example_latest_only_with_trigger.py for tasks to queue
[2025-05-02T20:00:16.936+0000] {logging_mixin.py:188} INFO - [2025-05-02T20:00:16.936+0000] {dagbag.py:545} INFO - Filling up the DagBag from /home/airflow/.local/lib/python3.12/site-packages/airflow/example_dags/example_latest_only_with_trigger.py
[2025-05-02T20:00:16.940+0000] {processor.py:840} INFO - DAG(s) 'latest_only_with_trigger' retrieved from /home/airflow/.local/lib/python3.12/site-packages/airflow/example_dags/example_latest_only_with_trigger.py
[2025-05-02T20:00:16.956+0000] {logging_mixin.py:188} INFO - [2025-05-02T20:00:16.956+0000] {dag.py:3096} INFO - Sync 1 DAGs
[2025-05-02T20:00:16.971+0000] {logging_mixin.py:188} INFO - [2025-05-02T20:00:16.971+0000] {dag.py:3954} INFO - Setting next_dagrun for latest_only_with_trigger to 2025-05-02 16:00:00+00:00, run_after=2025-05-02 20:00:00+00:00
[2025-05-02T20:00:16.984+0000] {processor.py:183} INFO - Processing /home/airflow/.local/lib/python3.12/site-packages/airflow/example_dags/example_latest_only_with_trigger.py took 0.054 seconds
[2025-05-02T20:00:49.672+0000] {processor.py:161} INFO - Started process (PID=2148) to work on /home/airflow/.local/lib/python3.12/site-packages/airflow/example_dags/example_latest_only_with_trigger.py
[2025-05-02T20:00:49.673+0000] {processor.py:830} INFO - Processing file /home/airflow/.local/lib/python3.12/site-packages/airflow/example_dags/example_latest_only_with_trigger.py for tasks to queue
[2025-05-02T20:00:49.674+0000] {logging_mixin.py:188} INFO - [2025-05-02T20:00:49.674+0000] {dagbag.py:545} INFO - Filling up the DagBag from /home/airflow/.local/lib/python3.12/site-packages/airflow/example_dags/example_latest_only_with_trigger.py
[2025-05-02T20:00:49.677+0000] {processor.py:840} INFO - DAG(s) 'latest_only_with_trigger' retrieved from /home/airflow/.local/lib/python3.12/site-packages/airflow/example_dags/example_latest_only_with_trigger.py
[2025-05-02T20:00:49.692+0000] {logging_mixin.py:188} INFO - [2025-05-02T20:00:49.692+0000] {dag.py:3096} INFO - Sync 1 DAGs
[2025-05-02T20:00:49.707+0000] {logging_mixin.py:188} INFO - [2025-05-02T20:00:49.707+0000] {dag.py:3954} INFO - Setting next_dagrun for latest_only_with_trigger to 2025-05-02 16:00:00+00:00, run_after=2025-05-02 20:00:00+00:00
[2025-05-02T20:00:49.719+0000] {processor.py:183} INFO - Processing /home/airflow/.local/lib/python3.12/site-packages/airflow/example_dags/example_latest_only_with_trigger.py took 0.051 seconds
[2025-05-02T20:01:22.843+0000] {processor.py:161} INFO - Started process (PID=2208) to work on /home/airflow/.local/lib/python3.12/site-packages/airflow/example_dags/example_latest_only_with_trigger.py
[2025-05-02T20:01:22.844+0000] {processor.py:830} INFO - Processing file /home/airflow/.local/lib/python3.12/site-packages/airflow/example_dags/example_latest_only_with_trigger.py for tasks to queue
[2025-05-02T20:01:22.845+0000] {logging_mixin.py:188} INFO - [2025-05-02T20:01:22.845+0000] {dagbag.py:545} INFO - Filling up the DagBag from /home/airflow/.local/lib/python3.12/site-packages/airflow/example_dags/example_latest_only_with_trigger.py
[2025-05-02T20:01:22.850+0000] {processor.py:840} INFO - DAG(s) 'latest_only_with_trigger' retrieved from /home/airflow/.local/lib/python3.12/site-packages/airflow/example_dags/example_latest_only_with_trigger.py
[2025-05-02T20:01:22.865+0000] {logging_mixin.py:188} INFO - [2025-05-02T20:01:22.865+0000] {dag.py:3096} INFO - Sync 1 DAGs
[2025-05-02T20:01:22.880+0000] {logging_mixin.py:188} INFO - [2025-05-02T20:01:22.880+0000] {dag.py:3954} INFO - Setting next_dagrun for latest_only_with_trigger to 2025-05-02 16:00:00+00:00, run_after=2025-05-02 20:00:00+00:00
[2025-05-02T20:01:22.892+0000] {processor.py:183} INFO - Processing /home/airflow/.local/lib/python3.12/site-packages/airflow/example_dags/example_latest_only_with_trigger.py took 0.053 seconds
[2025-05-02T20:01:53.946+0000] {processor.py:161} INFO - Started process (PID=2268) to work on /home/airflow/.local/lib/python3.12/site-packages/airflow/example_dags/example_latest_only_with_trigger.py
[2025-05-02T20:01:53.947+0000] {processor.py:830} INFO - Processing file /home/airflow/.local/lib/python3.12/site-packages/airflow/example_dags/example_latest_only_with_trigger.py for tasks to queue
[2025-05-02T20:01:53.948+0000] {logging_mixin.py:188} INFO - [2025-05-02T20:01:53.948+0000] {dagbag.py:545} INFO - Filling up the DagBag from /home/airflow/.local/lib/python3.12/site-packages/airflow/example_dags/example_latest_only_with_trigger.py
[2025-05-02T20:01:53.952+0000] {processor.py:840} INFO - DAG(s) 'latest_only_with_trigger' retrieved from /home/airflow/.local/lib/python3.12/site-packages/airflow/example_dags/example_latest_only_with_trigger.py
[2025-05-02T20:01:53.969+0000] {logging_mixin.py:188} INFO - [2025-05-02T20:01:53.969+0000] {dag.py:3096} INFO - Sync 1 DAGs
[2025-05-02T20:01:53.989+0000] {logging_mixin.py:188} INFO - [2025-05-02T20:01:53.989+0000] {dag.py:3954} INFO - Setting next_dagrun for latest_only_with_trigger to 2025-05-02 16:00:00+00:00, run_after=2025-05-02 20:00:00+00:00
[2025-05-02T20:01:54.120+0000] {processor.py:183} INFO - Processing /home/airflow/.local/lib/python3.12/site-packages/airflow/example_dags/example_latest_only_with_trigger.py took 0.178 seconds
[2025-05-02T20:02:26.444+0000] {processor.py:161} INFO - Started process (PID=2328) to work on /home/airflow/.local/lib/python3.12/site-packages/airflow/example_dags/example_latest_only_with_trigger.py
[2025-05-02T20:02:26.445+0000] {processor.py:830} INFO - Processing file /home/airflow/.local/lib/python3.12/site-packages/airflow/example_dags/example_latest_only_with_trigger.py for tasks to queue
[2025-05-02T20:02:26.447+0000] {logging_mixin.py:188} INFO - [2025-05-02T20:02:26.447+0000] {dagbag.py:545} INFO - Filling up the DagBag from /home/airflow/.local/lib/python3.12/site-packages/airflow/example_dags/example_latest_only_with_trigger.py
[2025-05-02T20:02:26.453+0000] {processor.py:840} INFO - DAG(s) 'latest_only_with_trigger' retrieved from /home/airflow/.local/lib/python3.12/site-packages/airflow/example_dags/example_latest_only_with_trigger.py
[2025-05-02T20:02:26.469+0000] {logging_mixin.py:188} INFO - [2025-05-02T20:02:26.469+0000] {dag.py:3096} INFO - Sync 1 DAGs
[2025-05-02T20:02:26.489+0000] {logging_mixin.py:188} INFO - [2025-05-02T20:02:26.489+0000] {dag.py:3954} INFO - Setting next_dagrun for latest_only_with_trigger to 2025-05-02 16:00:00+00:00, run_after=2025-05-02 20:00:00+00:00
[2025-05-02T20:02:26.507+0000] {processor.py:183} INFO - Processing /home/airflow/.local/lib/python3.12/site-packages/airflow/example_dags/example_latest_only_with_trigger.py took 0.069 seconds
[2025-05-02T20:02:59.649+0000] {processor.py:161} INFO - Started process (PID=2389) to work on /home/airflow/.local/lib/python3.12/site-packages/airflow/example_dags/example_latest_only_with_trigger.py
[2025-05-02T20:02:59.650+0000] {processor.py:830} INFO - Processing file /home/airflow/.local/lib/python3.12/site-packages/airflow/example_dags/example_latest_only_with_trigger.py for tasks to queue
[2025-05-02T20:02:59.651+0000] {logging_mixin.py:188} INFO - [2025-05-02T20:02:59.651+0000] {dagbag.py:545} INFO - Filling up the DagBag from /home/airflow/.local/lib/python3.12/site-packages/airflow/example_dags/example_latest_only_with_trigger.py
[2025-05-02T20:02:59.655+0000] {processor.py:840} INFO - DAG(s) 'latest_only_with_trigger' retrieved from /home/airflow/.local/lib/python3.12/site-packages/airflow/example_dags/example_latest_only_with_trigger.py
[2025-05-02T20:02:59.673+0000] {logging_mixin.py:188} INFO - [2025-05-02T20:02:59.672+0000] {dag.py:3096} INFO - Sync 1 DAGs
[2025-05-02T20:02:59.689+0000] {logging_mixin.py:188} INFO - [2025-05-02T20:02:59.689+0000] {dag.py:3954} INFO - Setting next_dagrun for latest_only_with_trigger to 2025-05-02 16:00:00+00:00, run_after=2025-05-02 20:00:00+00:00
[2025-05-02T20:02:59.701+0000] {processor.py:183} INFO - Processing /home/airflow/.local/lib/python3.12/site-packages/airflow/example_dags/example_latest_only_with_trigger.py took 0.056 seconds
[2025-05-02T20:03:32.907+0000] {processor.py:161} INFO - Started process (PID=2449) to work on /home/airflow/.local/lib/python3.12/site-packages/airflow/example_dags/example_latest_only_with_trigger.py
[2025-05-02T20:03:32.908+0000] {processor.py:830} INFO - Processing file /home/airflow/.local/lib/python3.12/site-packages/airflow/example_dags/example_latest_only_with_trigger.py for tasks to queue
[2025-05-02T20:03:32.910+0000] {logging_mixin.py:188} INFO - [2025-05-02T20:03:32.909+0000] {dagbag.py:545} INFO - Filling up the DagBag from /home/airflow/.local/lib/python3.12/site-packages/airflow/example_dags/example_latest_only_with_trigger.py
[2025-05-02T20:03:32.915+0000] {processor.py:840} INFO - DAG(s) 'latest_only_with_trigger' retrieved from /home/airflow/.local/lib/python3.12/site-packages/airflow/example_dags/example_latest_only_with_trigger.py
[2025-05-02T20:03:32.933+0000] {logging_mixin.py:188} INFO - [2025-05-02T20:03:32.932+0000] {dag.py:3096} INFO - Sync 1 DAGs
[2025-05-02T20:03:33.076+0000] {logging_mixin.py:188} INFO - [2025-05-02T20:03:33.075+0000] {dag.py:3954} INFO - Setting next_dagrun for latest_only_with_trigger to 2025-05-02 16:00:00+00:00, run_after=2025-05-02 20:00:00+00:00
[2025-05-02T20:03:33.094+0000] {processor.py:183} INFO - Processing /home/airflow/.local/lib/python3.12/site-packages/airflow/example_dags/example_latest_only_with_trigger.py took 0.191 seconds
[2025-05-02T20:04:04.952+0000] {processor.py:161} INFO - Started process (PID=2509) to work on /home/airflow/.local/lib/python3.12/site-packages/airflow/example_dags/example_latest_only_with_trigger.py
[2025-05-02T20:04:04.952+0000] {processor.py:830} INFO - Processing file /home/airflow/.local/lib/python3.12/site-packages/airflow/example_dags/example_latest_only_with_trigger.py for tasks to queue
[2025-05-02T20:04:04.954+0000] {logging_mixin.py:188} INFO - [2025-05-02T20:04:04.953+0000] {dagbag.py:545} INFO - Filling up the DagBag from /home/airflow/.local/lib/python3.12/site-packages/airflow/example_dags/example_latest_only_with_trigger.py
[2025-05-02T20:04:04.959+0000] {processor.py:840} INFO - DAG(s) 'latest_only_with_trigger' retrieved from /home/airflow/.local/lib/python3.12/site-packages/airflow/example_dags/example_latest_only_with_trigger.py
[2025-05-02T20:04:04.974+0000] {logging_mixin.py:188} INFO - [2025-05-02T20:04:04.974+0000] {dag.py:3096} INFO - Sync 1 DAGs
[2025-05-02T20:04:04.994+0000] {logging_mixin.py:188} INFO - [2025-05-02T20:04:04.994+0000] {dag.py:3954} INFO - Setting next_dagrun for latest_only_with_trigger to 2025-05-02 16:00:00+00:00, run_after=2025-05-02 20:00:00+00:00
[2025-05-02T20:04:05.010+0000] {processor.py:183} INFO - Processing /home/airflow/.local/lib/python3.12/site-packages/airflow/example_dags/example_latest_only_with_trigger.py took 0.064 seconds
[2025-05-02T20:04:37.404+0000] {processor.py:161} INFO - Started process (PID=2569) to work on /home/airflow/.local/lib/python3.12/site-packages/airflow/example_dags/example_latest_only_with_trigger.py
[2025-05-02T20:04:37.405+0000] {processor.py:830} INFO - Processing file /home/airflow/.local/lib/python3.12/site-packages/airflow/example_dags/example_latest_only_with_trigger.py for tasks to queue
[2025-05-02T20:04:37.406+0000] {logging_mixin.py:188} INFO - [2025-05-02T20:04:37.406+0000] {dagbag.py:545} INFO - Filling up the DagBag from /home/airflow/.local/lib/python3.12/site-packages/airflow/example_dags/example_latest_only_with_trigger.py
[2025-05-02T20:04:37.411+0000] {processor.py:840} INFO - DAG(s) 'latest_only_with_trigger' retrieved from /home/airflow/.local/lib/python3.12/site-packages/airflow/example_dags/example_latest_only_with_trigger.py
[2025-05-02T20:04:37.428+0000] {logging_mixin.py:188} INFO - [2025-05-02T20:04:37.428+0000] {dag.py:3096} INFO - Sync 1 DAGs
[2025-05-02T20:04:37.449+0000] {logging_mixin.py:188} INFO - [2025-05-02T20:04:37.448+0000] {dag.py:3954} INFO - Setting next_dagrun for latest_only_with_trigger to 2025-05-02 16:00:00+00:00, run_after=2025-05-02 20:00:00+00:00
[2025-05-02T20:04:37.465+0000] {processor.py:183} INFO - Processing /home/airflow/.local/lib/python3.12/site-packages/airflow/example_dags/example_latest_only_with_trigger.py took 0.066 seconds
[2025-05-02T20:05:09.676+0000] {processor.py:161} INFO - Started process (PID=2629) to work on /home/airflow/.local/lib/python3.12/site-packages/airflow/example_dags/example_latest_only_with_trigger.py
[2025-05-02T20:05:09.677+0000] {processor.py:830} INFO - Processing file /home/airflow/.local/lib/python3.12/site-packages/airflow/example_dags/example_latest_only_with_trigger.py for tasks to queue
[2025-05-02T20:05:09.678+0000] {logging_mixin.py:188} INFO - [2025-05-02T20:05:09.678+0000] {dagbag.py:545} INFO - Filling up the DagBag from /home/airflow/.local/lib/python3.12/site-packages/airflow/example_dags/example_latest_only_with_trigger.py
[2025-05-02T20:05:09.682+0000] {processor.py:840} INFO - DAG(s) 'latest_only_with_trigger' retrieved from /home/airflow/.local/lib/python3.12/site-packages/airflow/example_dags/example_latest_only_with_trigger.py
[2025-05-02T20:05:09.698+0000] {logging_mixin.py:188} INFO - [2025-05-02T20:05:09.697+0000] {dag.py:3096} INFO - Sync 1 DAGs
[2025-05-02T20:05:09.718+0000] {logging_mixin.py:188} INFO - [2025-05-02T20:05:09.718+0000] {dag.py:3954} INFO - Setting next_dagrun for latest_only_with_trigger to 2025-05-02 16:00:00+00:00, run_after=2025-05-02 20:00:00+00:00
[2025-05-02T20:05:09.733+0000] {processor.py:183} INFO - Processing /home/airflow/.local/lib/python3.12/site-packages/airflow/example_dags/example_latest_only_with_trigger.py took 0.061 seconds
[2025-05-02T20:05:42.044+0000] {processor.py:161} INFO - Started process (PID=2689) to work on /home/airflow/.local/lib/python3.12/site-packages/airflow/example_dags/example_latest_only_with_trigger.py
[2025-05-02T20:05:42.045+0000] {processor.py:830} INFO - Processing file /home/airflow/.local/lib/python3.12/site-packages/airflow/example_dags/example_latest_only_with_trigger.py for tasks to queue
[2025-05-02T20:05:42.046+0000] {logging_mixin.py:188} INFO - [2025-05-02T20:05:42.046+0000] {dagbag.py:545} INFO - Filling up the DagBag from /home/airflow/.local/lib/python3.12/site-packages/airflow/example_dags/example_latest_only_with_trigger.py
[2025-05-02T20:05:42.050+0000] {processor.py:840} INFO - DAG(s) 'latest_only_with_trigger' retrieved from /home/airflow/.local/lib/python3.12/site-packages/airflow/example_dags/example_latest_only_with_trigger.py
[2025-05-02T20:05:42.065+0000] {logging_mixin.py:188} INFO - [2025-05-02T20:05:42.065+0000] {dag.py:3096} INFO - Sync 1 DAGs
[2025-05-02T20:05:42.083+0000] {logging_mixin.py:188} INFO - [2025-05-02T20:05:42.083+0000] {dag.py:3954} INFO - Setting next_dagrun for latest_only_with_trigger to 2025-05-02 16:00:00+00:00, run_after=2025-05-02 20:00:00+00:00
[2025-05-02T20:05:42.097+0000] {processor.py:183} INFO - Processing /home/airflow/.local/lib/python3.12/site-packages/airflow/example_dags/example_latest_only_with_trigger.py took 0.057 seconds
[2025-05-02T20:06:15.085+0000] {processor.py:161} INFO - Started process (PID=2749) to work on /home/airflow/.local/lib/python3.12/site-packages/airflow/example_dags/example_latest_only_with_trigger.py
[2025-05-02T20:06:15.086+0000] {processor.py:830} INFO - Processing file /home/airflow/.local/lib/python3.12/site-packages/airflow/example_dags/example_latest_only_with_trigger.py for tasks to queue
[2025-05-02T20:06:15.087+0000] {logging_mixin.py:188} INFO - [2025-05-02T20:06:15.087+0000] {dagbag.py:545} INFO - Filling up the DagBag from /home/airflow/.local/lib/python3.12/site-packages/airflow/example_dags/example_latest_only_with_trigger.py
[2025-05-02T20:06:15.091+0000] {processor.py:840} INFO - DAG(s) 'latest_only_with_trigger' retrieved from /home/airflow/.local/lib/python3.12/site-packages/airflow/example_dags/example_latest_only_with_trigger.py
[2025-05-02T20:06:15.104+0000] {logging_mixin.py:188} INFO - [2025-05-02T20:06:15.104+0000] {dag.py:3096} INFO - Sync 1 DAGs
[2025-05-02T20:06:15.121+0000] {logging_mixin.py:188} INFO - [2025-05-02T20:06:15.120+0000] {dag.py:3954} INFO - Setting next_dagrun for latest_only_with_trigger to 2025-05-02 16:00:00+00:00, run_after=2025-05-02 20:00:00+00:00
[2025-05-02T20:06:15.136+0000] {processor.py:183} INFO - Processing /home/airflow/.local/lib/python3.12/site-packages/airflow/example_dags/example_latest_only_with_trigger.py took 0.056 seconds
[2025-05-02T20:06:46.951+0000] {processor.py:161} INFO - Started process (PID=2809) to work on /home/airflow/.local/lib/python3.12/site-packages/airflow/example_dags/example_latest_only_with_trigger.py
[2025-05-02T20:06:46.952+0000] {processor.py:830} INFO - Processing file /home/airflow/.local/lib/python3.12/site-packages/airflow/example_dags/example_latest_only_with_trigger.py for tasks to queue
[2025-05-02T20:06:46.954+0000] {logging_mixin.py:188} INFO - [2025-05-02T20:06:46.953+0000] {dagbag.py:545} INFO - Filling up the DagBag from /home/airflow/.local/lib/python3.12/site-packages/airflow/example_dags/example_latest_only_with_trigger.py
[2025-05-02T20:06:46.958+0000] {processor.py:840} INFO - DAG(s) 'latest_only_with_trigger' retrieved from /home/airflow/.local/lib/python3.12/site-packages/airflow/example_dags/example_latest_only_with_trigger.py
[2025-05-02T20:06:46.973+0000] {logging_mixin.py:188} INFO - [2025-05-02T20:06:46.973+0000] {dag.py:3096} INFO - Sync 1 DAGs
[2025-05-02T20:06:46.989+0000] {logging_mixin.py:188} INFO - [2025-05-02T20:06:46.989+0000] {dag.py:3954} INFO - Setting next_dagrun for latest_only_with_trigger to 2025-05-02 16:00:00+00:00, run_after=2025-05-02 20:00:00+00:00
[2025-05-02T20:06:47.004+0000] {processor.py:183} INFO - Processing /home/airflow/.local/lib/python3.12/site-packages/airflow/example_dags/example_latest_only_with_trigger.py took 0.057 seconds
[2025-05-02T20:07:20.352+0000] {processor.py:161} INFO - Started process (PID=2869) to work on /home/airflow/.local/lib/python3.12/site-packages/airflow/example_dags/example_latest_only_with_trigger.py
[2025-05-02T20:07:20.352+0000] {processor.py:830} INFO - Processing file /home/airflow/.local/lib/python3.12/site-packages/airflow/example_dags/example_latest_only_with_trigger.py for tasks to queue
[2025-05-02T20:07:20.354+0000] {logging_mixin.py:188} INFO - [2025-05-02T20:07:20.354+0000] {dagbag.py:545} INFO - Filling up the DagBag from /home/airflow/.local/lib/python3.12/site-packages/airflow/example_dags/example_latest_only_with_trigger.py
[2025-05-02T20:07:20.358+0000] {processor.py:840} INFO - DAG(s) 'latest_only_with_trigger' retrieved from /home/airflow/.local/lib/python3.12/site-packages/airflow/example_dags/example_latest_only_with_trigger.py
[2025-05-02T20:07:20.377+0000] {logging_mixin.py:188} INFO - [2025-05-02T20:07:20.376+0000] {dag.py:3096} INFO - Sync 1 DAGs
[2025-05-02T20:07:20.397+0000] {logging_mixin.py:188} INFO - [2025-05-02T20:07:20.397+0000] {dag.py:3954} INFO - Setting next_dagrun for latest_only_with_trigger to 2025-05-02 16:00:00+00:00, run_after=2025-05-02 20:00:00+00:00
[2025-05-02T20:07:20.412+0000] {processor.py:183} INFO - Processing /home/airflow/.local/lib/python3.12/site-packages/airflow/example_dags/example_latest_only_with_trigger.py took 0.066 seconds
[2025-05-02T20:07:52.780+0000] {processor.py:161} INFO - Started process (PID=2930) to work on /home/airflow/.local/lib/python3.12/site-packages/airflow/example_dags/example_latest_only_with_trigger.py
[2025-05-02T20:07:52.781+0000] {processor.py:830} INFO - Processing file /home/airflow/.local/lib/python3.12/site-packages/airflow/example_dags/example_latest_only_with_trigger.py for tasks to queue
[2025-05-02T20:07:52.783+0000] {logging_mixin.py:188} INFO - [2025-05-02T20:07:52.782+0000] {dagbag.py:545} INFO - Filling up the DagBag from /home/airflow/.local/lib/python3.12/site-packages/airflow/example_dags/example_latest_only_with_trigger.py
[2025-05-02T20:07:52.787+0000] {processor.py:840} INFO - DAG(s) 'latest_only_with_trigger' retrieved from /home/airflow/.local/lib/python3.12/site-packages/airflow/example_dags/example_latest_only_with_trigger.py
[2025-05-02T20:07:52.802+0000] {logging_mixin.py:188} INFO - [2025-05-02T20:07:52.802+0000] {dag.py:3096} INFO - Sync 1 DAGs
[2025-05-02T20:07:52.820+0000] {logging_mixin.py:188} INFO - [2025-05-02T20:07:52.819+0000] {dag.py:3954} INFO - Setting next_dagrun for latest_only_with_trigger to 2025-05-02 16:00:00+00:00, run_after=2025-05-02 20:00:00+00:00
[2025-05-02T20:07:52.835+0000] {processor.py:183} INFO - Processing /home/airflow/.local/lib/python3.12/site-packages/airflow/example_dags/example_latest_only_with_trigger.py took 0.059 seconds
[2025-05-02T20:08:25.019+0000] {processor.py:161} INFO - Started process (PID=2990) to work on /home/airflow/.local/lib/python3.12/site-packages/airflow/example_dags/example_latest_only_with_trigger.py
[2025-05-02T20:08:25.020+0000] {processor.py:830} INFO - Processing file /home/airflow/.local/lib/python3.12/site-packages/airflow/example_dags/example_latest_only_with_trigger.py for tasks to queue
[2025-05-02T20:08:25.022+0000] {logging_mixin.py:188} INFO - [2025-05-02T20:08:25.021+0000] {dagbag.py:545} INFO - Filling up the DagBag from /home/airflow/.local/lib/python3.12/site-packages/airflow/example_dags/example_latest_only_with_trigger.py
[2025-05-02T20:08:25.025+0000] {processor.py:840} INFO - DAG(s) 'latest_only_with_trigger' retrieved from /home/airflow/.local/lib/python3.12/site-packages/airflow/example_dags/example_latest_only_with_trigger.py
[2025-05-02T20:08:25.040+0000] {logging_mixin.py:188} INFO - [2025-05-02T20:08:25.039+0000] {dag.py:3096} INFO - Sync 1 DAGs
[2025-05-02T20:08:25.056+0000] {logging_mixin.py:188} INFO - [2025-05-02T20:08:25.055+0000] {dag.py:3954} INFO - Setting next_dagrun for latest_only_with_trigger to 2025-05-02 16:00:00+00:00, run_after=2025-05-02 20:00:00+00:00
[2025-05-02T20:08:25.068+0000] {processor.py:183} INFO - Processing /home/airflow/.local/lib/python3.12/site-packages/airflow/example_dags/example_latest_only_with_trigger.py took 0.053 seconds
[2025-05-02T20:08:58.210+0000] {processor.py:161} INFO - Started process (PID=3050) to work on /home/airflow/.local/lib/python3.12/site-packages/airflow/example_dags/example_latest_only_with_trigger.py
[2025-05-02T20:08:58.211+0000] {processor.py:830} INFO - Processing file /home/airflow/.local/lib/python3.12/site-packages/airflow/example_dags/example_latest_only_with_trigger.py for tasks to queue
[2025-05-02T20:08:58.212+0000] {logging_mixin.py:188} INFO - [2025-05-02T20:08:58.212+0000] {dagbag.py:545} INFO - Filling up the DagBag from /home/airflow/.local/lib/python3.12/site-packages/airflow/example_dags/example_latest_only_with_trigger.py
[2025-05-02T20:08:58.216+0000] {processor.py:840} INFO - DAG(s) 'latest_only_with_trigger' retrieved from /home/airflow/.local/lib/python3.12/site-packages/airflow/example_dags/example_latest_only_with_trigger.py
[2025-05-02T20:08:58.232+0000] {logging_mixin.py:188} INFO - [2025-05-02T20:08:58.231+0000] {dag.py:3096} INFO - Sync 1 DAGs
[2025-05-02T20:08:58.248+0000] {logging_mixin.py:188} INFO - [2025-05-02T20:08:58.248+0000] {dag.py:3954} INFO - Setting next_dagrun for latest_only_with_trigger to 2025-05-02 16:00:00+00:00, run_after=2025-05-02 20:00:00+00:00
[2025-05-02T20:08:58.262+0000] {processor.py:183} INFO - Processing /home/airflow/.local/lib/python3.12/site-packages/airflow/example_dags/example_latest_only_with_trigger.py took 0.057 seconds
[2025-05-02T20:09:30.919+0000] {processor.py:161} INFO - Started process (PID=3110) to work on /home/airflow/.local/lib/python3.12/site-packages/airflow/example_dags/example_latest_only_with_trigger.py
[2025-05-02T20:09:30.920+0000] {processor.py:830} INFO - Processing file /home/airflow/.local/lib/python3.12/site-packages/airflow/example_dags/example_latest_only_with_trigger.py for tasks to queue
[2025-05-02T20:09:30.922+0000] {logging_mixin.py:188} INFO - [2025-05-02T20:09:30.922+0000] {dagbag.py:545} INFO - Filling up the DagBag from /home/airflow/.local/lib/python3.12/site-packages/airflow/example_dags/example_latest_only_with_trigger.py
[2025-05-02T20:09:30.926+0000] {processor.py:840} INFO - DAG(s) 'latest_only_with_trigger' retrieved from /home/airflow/.local/lib/python3.12/site-packages/airflow/example_dags/example_latest_only_with_trigger.py
[2025-05-02T20:09:30.944+0000] {logging_mixin.py:188} INFO - [2025-05-02T20:09:30.944+0000] {dag.py:3096} INFO - Sync 1 DAGs
[2025-05-02T20:09:30.965+0000] {logging_mixin.py:188} INFO - [2025-05-02T20:09:30.965+0000] {dag.py:3954} INFO - Setting next_dagrun for latest_only_with_trigger to 2025-05-02 16:00:00+00:00, run_after=2025-05-02 20:00:00+00:00
[2025-05-02T20:09:30.984+0000] {processor.py:183} INFO - Processing /home/airflow/.local/lib/python3.12/site-packages/airflow/example_dags/example_latest_only_with_trigger.py took 0.069 seconds
[2025-05-02T20:10:03.185+0000] {processor.py:161} INFO - Started process (PID=3170) to work on /home/airflow/.local/lib/python3.12/site-packages/airflow/example_dags/example_latest_only_with_trigger.py
[2025-05-02T20:10:03.186+0000] {processor.py:830} INFO - Processing file /home/airflow/.local/lib/python3.12/site-packages/airflow/example_dags/example_latest_only_with_trigger.py for tasks to queue
[2025-05-02T20:10:03.188+0000] {logging_mixin.py:188} INFO - [2025-05-02T20:10:03.187+0000] {dagbag.py:545} INFO - Filling up the DagBag from /home/airflow/.local/lib/python3.12/site-packages/airflow/example_dags/example_latest_only_with_trigger.py
[2025-05-02T20:10:03.191+0000] {processor.py:840} INFO - DAG(s) 'latest_only_with_trigger' retrieved from /home/airflow/.local/lib/python3.12/site-packages/airflow/example_dags/example_latest_only_with_trigger.py
[2025-05-02T20:10:03.207+0000] {logging_mixin.py:188} INFO - [2025-05-02T20:10:03.207+0000] {dag.py:3096} INFO - Sync 1 DAGs
[2025-05-02T20:10:03.226+0000] {logging_mixin.py:188} INFO - [2025-05-02T20:10:03.225+0000] {dag.py:3954} INFO - Setting next_dagrun for latest_only_with_trigger to 2025-05-02 16:00:00+00:00, run_after=2025-05-02 20:00:00+00:00
[2025-05-02T20:10:03.238+0000] {processor.py:183} INFO - Processing /home/airflow/.local/lib/python3.12/site-packages/airflow/example_dags/example_latest_only_with_trigger.py took 0.057 seconds
[2025-05-02T20:10:35.112+0000] {processor.py:161} INFO - Started process (PID=3230) to work on /home/airflow/.local/lib/python3.12/site-packages/airflow/example_dags/example_latest_only_with_trigger.py
[2025-05-02T20:10:35.113+0000] {processor.py:830} INFO - Processing file /home/airflow/.local/lib/python3.12/site-packages/airflow/example_dags/example_latest_only_with_trigger.py for tasks to queue
[2025-05-02T20:10:35.114+0000] {logging_mixin.py:188} INFO - [2025-05-02T20:10:35.114+0000] {dagbag.py:545} INFO - Filling up the DagBag from /home/airflow/.local/lib/python3.12/site-packages/airflow/example_dags/example_latest_only_with_trigger.py
[2025-05-02T20:10:35.118+0000] {processor.py:840} INFO - DAG(s) 'latest_only_with_trigger' retrieved from /home/airflow/.local/lib/python3.12/site-packages/airflow/example_dags/example_latest_only_with_trigger.py
[2025-05-02T20:10:35.132+0000] {logging_mixin.py:188} INFO - [2025-05-02T20:10:35.132+0000] {dag.py:3096} INFO - Sync 1 DAGs
[2025-05-02T20:10:35.147+0000] {logging_mixin.py:188} INFO - [2025-05-02T20:10:35.147+0000] {dag.py:3954} INFO - Setting next_dagrun for latest_only_with_trigger to 2025-05-02 16:00:00+00:00, run_after=2025-05-02 20:00:00+00:00
[2025-05-02T20:10:35.162+0000] {processor.py:183} INFO - Processing /home/airflow/.local/lib/python3.12/site-packages/airflow/example_dags/example_latest_only_with_trigger.py took 0.054 seconds
[2025-05-02T20:11:08.442+0000] {processor.py:161} INFO - Started process (PID=3290) to work on /home/airflow/.local/lib/python3.12/site-packages/airflow/example_dags/example_latest_only_with_trigger.py
[2025-05-02T20:11:08.443+0000] {processor.py:830} INFO - Processing file /home/airflow/.local/lib/python3.12/site-packages/airflow/example_dags/example_latest_only_with_trigger.py for tasks to queue
[2025-05-02T20:11:08.444+0000] {logging_mixin.py:188} INFO - [2025-05-02T20:11:08.444+0000] {dagbag.py:545} INFO - Filling up the DagBag from /home/airflow/.local/lib/python3.12/site-packages/airflow/example_dags/example_latest_only_with_trigger.py
[2025-05-02T20:11:08.449+0000] {processor.py:840} INFO - DAG(s) 'latest_only_with_trigger' retrieved from /home/airflow/.local/lib/python3.12/site-packages/airflow/example_dags/example_latest_only_with_trigger.py
[2025-05-02T20:11:08.465+0000] {logging_mixin.py:188} INFO - [2025-05-02T20:11:08.465+0000] {dag.py:3096} INFO - Sync 1 DAGs
[2025-05-02T20:11:08.482+0000] {logging_mixin.py:188} INFO - [2025-05-02T20:11:08.482+0000] {dag.py:3954} INFO - Setting next_dagrun for latest_only_with_trigger to 2025-05-02 16:00:00+00:00, run_after=2025-05-02 20:00:00+00:00
[2025-05-02T20:11:08.495+0000] {processor.py:183} INFO - Processing /home/airflow/.local/lib/python3.12/site-packages/airflow/example_dags/example_latest_only_with_trigger.py took 0.057 seconds
[2025-05-02T20:11:40.408+0000] {processor.py:161} INFO - Started process (PID=3350) to work on /home/airflow/.local/lib/python3.12/site-packages/airflow/example_dags/example_latest_only_with_trigger.py
[2025-05-02T20:11:40.408+0000] {processor.py:830} INFO - Processing file /home/airflow/.local/lib/python3.12/site-packages/airflow/example_dags/example_latest_only_with_trigger.py for tasks to queue
[2025-05-02T20:11:40.410+0000] {logging_mixin.py:188} INFO - [2025-05-02T20:11:40.409+0000] {dagbag.py:545} INFO - Filling up the DagBag from /home/airflow/.local/lib/python3.12/site-packages/airflow/example_dags/example_latest_only_with_trigger.py
[2025-05-02T20:11:40.413+0000] {processor.py:840} INFO - DAG(s) 'latest_only_with_trigger' retrieved from /home/airflow/.local/lib/python3.12/site-packages/airflow/example_dags/example_latest_only_with_trigger.py
[2025-05-02T20:11:40.427+0000] {logging_mixin.py:188} INFO - [2025-05-02T20:11:40.427+0000] {dag.py:3096} INFO - Sync 1 DAGs
[2025-05-02T20:11:40.445+0000] {logging_mixin.py:188} INFO - [2025-05-02T20:11:40.445+0000] {dag.py:3954} INFO - Setting next_dagrun for latest_only_with_trigger to 2025-05-02 16:00:00+00:00, run_after=2025-05-02 20:00:00+00:00
[2025-05-02T20:11:40.461+0000] {processor.py:183} INFO - Processing /home/airflow/.local/lib/python3.12/site-packages/airflow/example_dags/example_latest_only_with_trigger.py took 0.057 seconds
[2025-05-02T20:12:13.586+0000] {processor.py:161} INFO - Started process (PID=3410) to work on /home/airflow/.local/lib/python3.12/site-packages/airflow/example_dags/example_latest_only_with_trigger.py
[2025-05-02T20:12:13.587+0000] {processor.py:830} INFO - Processing file /home/airflow/.local/lib/python3.12/site-packages/airflow/example_dags/example_latest_only_with_trigger.py for tasks to queue
[2025-05-02T20:12:13.589+0000] {logging_mixin.py:188} INFO - [2025-05-02T20:12:13.589+0000] {dagbag.py:545} INFO - Filling up the DagBag from /home/airflow/.local/lib/python3.12/site-packages/airflow/example_dags/example_latest_only_with_trigger.py
[2025-05-02T20:12:13.593+0000] {processor.py:840} INFO - DAG(s) 'latest_only_with_trigger' retrieved from /home/airflow/.local/lib/python3.12/site-packages/airflow/example_dags/example_latest_only_with_trigger.py
[2025-05-02T20:12:13.607+0000] {logging_mixin.py:188} INFO - [2025-05-02T20:12:13.607+0000] {dag.py:3096} INFO - Sync 1 DAGs
[2025-05-02T20:12:13.622+0000] {logging_mixin.py:188} INFO - [2025-05-02T20:12:13.622+0000] {dag.py:3954} INFO - Setting next_dagrun for latest_only_with_trigger to 2025-05-02 16:00:00+00:00, run_after=2025-05-02 20:00:00+00:00
[2025-05-02T20:12:13.635+0000] {processor.py:183} INFO - Processing /home/airflow/.local/lib/python3.12/site-packages/airflow/example_dags/example_latest_only_with_trigger.py took 0.055 seconds
[2025-05-02T20:12:45.805+0000] {processor.py:161} INFO - Started process (PID=3470) to work on /home/airflow/.local/lib/python3.12/site-packages/airflow/example_dags/example_latest_only_with_trigger.py
[2025-05-02T20:12:45.806+0000] {processor.py:830} INFO - Processing file /home/airflow/.local/lib/python3.12/site-packages/airflow/example_dags/example_latest_only_with_trigger.py for tasks to queue
[2025-05-02T20:12:45.808+0000] {logging_mixin.py:188} INFO - [2025-05-02T20:12:45.807+0000] {dagbag.py:545} INFO - Filling up the DagBag from /home/airflow/.local/lib/python3.12/site-packages/airflow/example_dags/example_latest_only_with_trigger.py
[2025-05-02T20:12:45.812+0000] {processor.py:840} INFO - DAG(s) 'latest_only_with_trigger' retrieved from /home/airflow/.local/lib/python3.12/site-packages/airflow/example_dags/example_latest_only_with_trigger.py
[2025-05-02T20:12:45.829+0000] {logging_mixin.py:188} INFO - [2025-05-02T20:12:45.829+0000] {dag.py:3096} INFO - Sync 1 DAGs
[2025-05-02T20:12:45.847+0000] {logging_mixin.py:188} INFO - [2025-05-02T20:12:45.846+0000] {dag.py:3954} INFO - Setting next_dagrun for latest_only_with_trigger to 2025-05-02 16:00:00+00:00, run_after=2025-05-02 20:00:00+00:00
[2025-05-02T20:12:45.860+0000] {processor.py:183} INFO - Processing /home/airflow/.local/lib/python3.12/site-packages/airflow/example_dags/example_latest_only_with_trigger.py took 0.059 seconds
