[2025-05-02T19:42:23.295+0000] {processor.py:161} INFO - Started process (PID=81) to work on /home/airflow/.local/lib/python3.12/site-packages/airflow/example_dags/example_skip_dag.py
[2025-05-02T19:42:23.296+0000] {processor.py:830} INFO - Processing file /home/airflow/.local/lib/python3.12/site-packages/airflow/example_dags/example_skip_dag.py for tasks to queue
[2025-05-02T19:42:23.298+0000] {logging_mixin.py:188} INFO - [2025-05-02T19:42:23.297+0000] {dagbag.py:545} INFO - Filling up the DagBag from /home/airflow/.local/lib/python3.12/site-packages/airflow/example_dags/example_skip_dag.py
[2025-05-02T19:42:23.304+0000] {processor.py:840} INFO - DAG(s) 'example_skip_dag' retrieved from /home/airflow/.local/lib/python3.12/site-packages/airflow/example_dags/example_skip_dag.py
[2025-05-02T19:42:23.389+0000] {logging_mixin.py:188} INFO - [2025-05-02T19:42:23.389+0000] {override.py:1829} INFO - Created Permission View: can edit on DAG:example_skip_dag
[2025-05-02T19:42:23.401+0000] {logging_mixin.py:188} INFO - [2025-05-02T19:42:23.400+0000] {override.py:1829} INFO - Created Permission View: can read on DAG:example_skip_dag
[2025-05-02T19:42:23.408+0000] {logging_mixin.py:188} INFO - [2025-05-02T19:42:23.408+0000] {override.py:1829} INFO - Created Permission View: can delete on DAG:example_skip_dag
[2025-05-02T19:42:23.409+0000] {logging_mixin.py:188} INFO - [2025-05-02T19:42:23.409+0000] {dag.py:3096} INFO - Sync 1 DAGs
[2025-05-02T19:42:23.421+0000] {logging_mixin.py:188} INFO - [2025-05-02T19:42:23.421+0000] {dag.py:3118} INFO - Creating ORM DAG for example_skip_dag
[2025-05-02T19:42:23.432+0000] {logging_mixin.py:188} INFO - [2025-05-02T19:42:23.432+0000] {dag.py:3954} INFO - Setting next_dagrun for example_skip_dag to 2025-05-01 00:00:00+00:00, run_after=2025-05-02 00:00:00+00:00
[2025-05-02T19:42:23.448+0000] {processor.py:183} INFO - Processing /home/airflow/.local/lib/python3.12/site-packages/airflow/example_dags/example_skip_dag.py took 0.157 seconds
[2025-05-02T19:42:54.211+0000] {processor.py:161} INFO - Started process (PID=141) to work on /home/airflow/.local/lib/python3.12/site-packages/airflow/example_dags/example_skip_dag.py
[2025-05-02T19:42:54.212+0000] {processor.py:830} INFO - Processing file /home/airflow/.local/lib/python3.12/site-packages/airflow/example_dags/example_skip_dag.py for tasks to queue
[2025-05-02T19:42:54.214+0000] {logging_mixin.py:188} INFO - [2025-05-02T19:42:54.213+0000] {dagbag.py:545} INFO - Filling up the DagBag from /home/airflow/.local/lib/python3.12/site-packages/airflow/example_dags/example_skip_dag.py
[2025-05-02T19:42:54.219+0000] {processor.py:840} INFO - DAG(s) 'example_skip_dag' retrieved from /home/airflow/.local/lib/python3.12/site-packages/airflow/example_dags/example_skip_dag.py
[2025-05-02T19:42:54.237+0000] {logging_mixin.py:188} INFO - [2025-05-02T19:42:54.237+0000] {dag.py:3096} INFO - Sync 1 DAGs
[2025-05-02T19:42:54.258+0000] {logging_mixin.py:188} INFO - [2025-05-02T19:42:54.258+0000] {dag.py:3954} INFO - Setting next_dagrun for example_skip_dag to 2025-05-01 00:00:00+00:00, run_after=2025-05-02 00:00:00+00:00
[2025-05-02T19:42:54.291+0000] {processor.py:183} INFO - Processing /home/airflow/.local/lib/python3.12/site-packages/airflow/example_dags/example_skip_dag.py took 0.084 seconds
[2025-05-02T19:43:24.508+0000] {processor.py:161} INFO - Started process (PID=201) to work on /home/airflow/.local/lib/python3.12/site-packages/airflow/example_dags/example_skip_dag.py
[2025-05-02T19:43:24.509+0000] {processor.py:830} INFO - Processing file /home/airflow/.local/lib/python3.12/site-packages/airflow/example_dags/example_skip_dag.py for tasks to queue
[2025-05-02T19:43:24.513+0000] {logging_mixin.py:188} INFO - [2025-05-02T19:43:24.512+0000] {dagbag.py:545} INFO - Filling up the DagBag from /home/airflow/.local/lib/python3.12/site-packages/airflow/example_dags/example_skip_dag.py
[2025-05-02T19:43:24.520+0000] {processor.py:840} INFO - DAG(s) 'example_skip_dag' retrieved from /home/airflow/.local/lib/python3.12/site-packages/airflow/example_dags/example_skip_dag.py
[2025-05-02T19:43:24.540+0000] {logging_mixin.py:188} INFO - [2025-05-02T19:43:24.540+0000] {dag.py:3096} INFO - Sync 1 DAGs
[2025-05-02T19:43:24.566+0000] {logging_mixin.py:188} INFO - [2025-05-02T19:43:24.565+0000] {dag.py:3954} INFO - Setting next_dagrun for example_skip_dag to 2025-05-01 00:00:00+00:00, run_after=2025-05-02 00:00:00+00:00
[2025-05-02T19:43:24.590+0000] {processor.py:183} INFO - Processing /home/airflow/.local/lib/python3.12/site-packages/airflow/example_dags/example_skip_dag.py took 0.087 seconds
[2025-05-02T19:43:55.231+0000] {processor.py:161} INFO - Started process (PID=261) to work on /home/airflow/.local/lib/python3.12/site-packages/airflow/example_dags/example_skip_dag.py
[2025-05-02T19:43:55.232+0000] {processor.py:830} INFO - Processing file /home/airflow/.local/lib/python3.12/site-packages/airflow/example_dags/example_skip_dag.py for tasks to queue
[2025-05-02T19:43:55.234+0000] {logging_mixin.py:188} INFO - [2025-05-02T19:43:55.233+0000] {dagbag.py:545} INFO - Filling up the DagBag from /home/airflow/.local/lib/python3.12/site-packages/airflow/example_dags/example_skip_dag.py
[2025-05-02T19:43:55.239+0000] {processor.py:840} INFO - DAG(s) 'example_skip_dag' retrieved from /home/airflow/.local/lib/python3.12/site-packages/airflow/example_dags/example_skip_dag.py
[2025-05-02T19:43:55.254+0000] {logging_mixin.py:188} INFO - [2025-05-02T19:43:55.254+0000] {dag.py:3096} INFO - Sync 1 DAGs
[2025-05-02T19:43:55.271+0000] {logging_mixin.py:188} INFO - [2025-05-02T19:43:55.271+0000] {dag.py:3954} INFO - Setting next_dagrun for example_skip_dag to 2025-05-01 00:00:00+00:00, run_after=2025-05-02 00:00:00+00:00
[2025-05-02T19:43:55.287+0000] {processor.py:183} INFO - Processing /home/airflow/.local/lib/python3.12/site-packages/airflow/example_dags/example_skip_dag.py took 0.060 seconds
[2025-05-02T19:44:26.207+0000] {processor.py:161} INFO - Started process (PID=321) to work on /home/airflow/.local/lib/python3.12/site-packages/airflow/example_dags/example_skip_dag.py
[2025-05-02T19:44:26.208+0000] {processor.py:830} INFO - Processing file /home/airflow/.local/lib/python3.12/site-packages/airflow/example_dags/example_skip_dag.py for tasks to queue
[2025-05-02T19:44:26.210+0000] {logging_mixin.py:188} INFO - [2025-05-02T19:44:26.210+0000] {dagbag.py:545} INFO - Filling up the DagBag from /home/airflow/.local/lib/python3.12/site-packages/airflow/example_dags/example_skip_dag.py
[2025-05-02T19:44:26.216+0000] {processor.py:840} INFO - DAG(s) 'example_skip_dag' retrieved from /home/airflow/.local/lib/python3.12/site-packages/airflow/example_dags/example_skip_dag.py
[2025-05-02T19:44:26.233+0000] {logging_mixin.py:188} INFO - [2025-05-02T19:44:26.233+0000] {dag.py:3096} INFO - Sync 1 DAGs
[2025-05-02T19:44:26.262+0000] {logging_mixin.py:188} INFO - [2025-05-02T19:44:26.262+0000] {dag.py:3954} INFO - Setting next_dagrun for example_skip_dag to 2025-05-01 00:00:00+00:00, run_after=2025-05-02 00:00:00+00:00
[2025-05-02T19:44:26.280+0000] {processor.py:183} INFO - Processing /home/airflow/.local/lib/python3.12/site-packages/airflow/example_dags/example_skip_dag.py took 0.079 seconds
[2025-05-02T19:44:56.450+0000] {processor.py:161} INFO - Started process (PID=382) to work on /home/airflow/.local/lib/python3.12/site-packages/airflow/example_dags/example_skip_dag.py
[2025-05-02T19:44:56.451+0000] {processor.py:830} INFO - Processing file /home/airflow/.local/lib/python3.12/site-packages/airflow/example_dags/example_skip_dag.py for tasks to queue
[2025-05-02T19:44:56.453+0000] {logging_mixin.py:188} INFO - [2025-05-02T19:44:56.453+0000] {dagbag.py:545} INFO - Filling up the DagBag from /home/airflow/.local/lib/python3.12/site-packages/airflow/example_dags/example_skip_dag.py
[2025-05-02T19:44:56.459+0000] {processor.py:840} INFO - DAG(s) 'example_skip_dag' retrieved from /home/airflow/.local/lib/python3.12/site-packages/airflow/example_dags/example_skip_dag.py
[2025-05-02T19:44:56.481+0000] {logging_mixin.py:188} INFO - [2025-05-02T19:44:56.480+0000] {dag.py:3096} INFO - Sync 1 DAGs
[2025-05-02T19:44:56.500+0000] {logging_mixin.py:188} INFO - [2025-05-02T19:44:56.500+0000] {dag.py:3954} INFO - Setting next_dagrun for example_skip_dag to 2025-05-01 00:00:00+00:00, run_after=2025-05-02 00:00:00+00:00
[2025-05-02T19:44:56.514+0000] {processor.py:183} INFO - Processing /home/airflow/.local/lib/python3.12/site-packages/airflow/example_dags/example_skip_dag.py took 0.072 seconds
[2025-05-02T19:45:27.345+0000] {processor.py:161} INFO - Started process (PID=441) to work on /home/airflow/.local/lib/python3.12/site-packages/airflow/example_dags/example_skip_dag.py
[2025-05-02T19:45:27.346+0000] {processor.py:830} INFO - Processing file /home/airflow/.local/lib/python3.12/site-packages/airflow/example_dags/example_skip_dag.py for tasks to queue
[2025-05-02T19:45:27.348+0000] {logging_mixin.py:188} INFO - [2025-05-02T19:45:27.348+0000] {dagbag.py:545} INFO - Filling up the DagBag from /home/airflow/.local/lib/python3.12/site-packages/airflow/example_dags/example_skip_dag.py
[2025-05-02T19:45:27.353+0000] {processor.py:840} INFO - DAG(s) 'example_skip_dag' retrieved from /home/airflow/.local/lib/python3.12/site-packages/airflow/example_dags/example_skip_dag.py
[2025-05-02T19:45:27.369+0000] {logging_mixin.py:188} INFO - [2025-05-02T19:45:27.368+0000] {dag.py:3096} INFO - Sync 1 DAGs
[2025-05-02T19:45:27.384+0000] {logging_mixin.py:188} INFO - [2025-05-02T19:45:27.384+0000] {dag.py:3954} INFO - Setting next_dagrun for example_skip_dag to 2025-05-01 00:00:00+00:00, run_after=2025-05-02 00:00:00+00:00
[2025-05-02T19:45:27.401+0000] {processor.py:183} INFO - Processing /home/airflow/.local/lib/python3.12/site-packages/airflow/example_dags/example_skip_dag.py took 0.061 seconds
[2025-05-02T19:45:57.986+0000] {processor.py:161} INFO - Started process (PID=501) to work on /home/airflow/.local/lib/python3.12/site-packages/airflow/example_dags/example_skip_dag.py
[2025-05-02T19:45:57.987+0000] {processor.py:830} INFO - Processing file /home/airflow/.local/lib/python3.12/site-packages/airflow/example_dags/example_skip_dag.py for tasks to queue
[2025-05-02T19:45:57.989+0000] {logging_mixin.py:188} INFO - [2025-05-02T19:45:57.989+0000] {dagbag.py:545} INFO - Filling up the DagBag from /home/airflow/.local/lib/python3.12/site-packages/airflow/example_dags/example_skip_dag.py
[2025-05-02T19:45:57.998+0000] {processor.py:840} INFO - DAG(s) 'example_skip_dag' retrieved from /home/airflow/.local/lib/python3.12/site-packages/airflow/example_dags/example_skip_dag.py
[2025-05-02T19:45:58.019+0000] {logging_mixin.py:188} INFO - [2025-05-02T19:45:58.019+0000] {dag.py:3096} INFO - Sync 1 DAGs
[2025-05-02T19:45:58.039+0000] {logging_mixin.py:188} INFO - [2025-05-02T19:45:58.039+0000] {dag.py:3954} INFO - Setting next_dagrun for example_skip_dag to 2025-05-01 00:00:00+00:00, run_after=2025-05-02 00:00:00+00:00
[2025-05-02T19:45:58.054+0000] {processor.py:183} INFO - Processing /home/airflow/.local/lib/python3.12/site-packages/airflow/example_dags/example_skip_dag.py took 0.074 seconds
[2025-05-02T19:46:29.020+0000] {processor.py:161} INFO - Started process (PID=561) to work on /home/airflow/.local/lib/python3.12/site-packages/airflow/example_dags/example_skip_dag.py
[2025-05-02T19:46:29.020+0000] {processor.py:830} INFO - Processing file /home/airflow/.local/lib/python3.12/site-packages/airflow/example_dags/example_skip_dag.py for tasks to queue
[2025-05-02T19:46:29.022+0000] {logging_mixin.py:188} INFO - [2025-05-02T19:46:29.022+0000] {dagbag.py:545} INFO - Filling up the DagBag from /home/airflow/.local/lib/python3.12/site-packages/airflow/example_dags/example_skip_dag.py
[2025-05-02T19:46:29.028+0000] {processor.py:840} INFO - DAG(s) 'example_skip_dag' retrieved from /home/airflow/.local/lib/python3.12/site-packages/airflow/example_dags/example_skip_dag.py
[2025-05-02T19:46:29.045+0000] {logging_mixin.py:188} INFO - [2025-05-02T19:46:29.044+0000] {dag.py:3096} INFO - Sync 1 DAGs
[2025-05-02T19:46:29.062+0000] {logging_mixin.py:188} INFO - [2025-05-02T19:46:29.062+0000] {dag.py:3954} INFO - Setting next_dagrun for example_skip_dag to 2025-05-01 00:00:00+00:00, run_after=2025-05-02 00:00:00+00:00
[2025-05-02T19:46:29.079+0000] {processor.py:183} INFO - Processing /home/airflow/.local/lib/python3.12/site-packages/airflow/example_dags/example_skip_dag.py took 0.063 seconds
[2025-05-02T19:46:59.331+0000] {processor.py:161} INFO - Started process (PID=621) to work on /home/airflow/.local/lib/python3.12/site-packages/airflow/example_dags/example_skip_dag.py
[2025-05-02T19:46:59.332+0000] {processor.py:830} INFO - Processing file /home/airflow/.local/lib/python3.12/site-packages/airflow/example_dags/example_skip_dag.py for tasks to queue
[2025-05-02T19:46:59.334+0000] {logging_mixin.py:188} INFO - [2025-05-02T19:46:59.334+0000] {dagbag.py:545} INFO - Filling up the DagBag from /home/airflow/.local/lib/python3.12/site-packages/airflow/example_dags/example_skip_dag.py
[2025-05-02T19:46:59.340+0000] {processor.py:840} INFO - DAG(s) 'example_skip_dag' retrieved from /home/airflow/.local/lib/python3.12/site-packages/airflow/example_dags/example_skip_dag.py
[2025-05-02T19:46:59.355+0000] {logging_mixin.py:188} INFO - [2025-05-02T19:46:59.355+0000] {dag.py:3096} INFO - Sync 1 DAGs
[2025-05-02T19:46:59.374+0000] {logging_mixin.py:188} INFO - [2025-05-02T19:46:59.374+0000] {dag.py:3954} INFO - Setting next_dagrun for example_skip_dag to 2025-05-01 00:00:00+00:00, run_after=2025-05-02 00:00:00+00:00
[2025-05-02T19:46:59.388+0000] {processor.py:183} INFO - Processing /home/airflow/.local/lib/python3.12/site-packages/airflow/example_dags/example_skip_dag.py took 0.063 seconds
[2025-05-02T19:47:29.747+0000] {processor.py:161} INFO - Started process (PID=681) to work on /home/airflow/.local/lib/python3.12/site-packages/airflow/example_dags/example_skip_dag.py
[2025-05-02T19:47:29.748+0000] {processor.py:830} INFO - Processing file /home/airflow/.local/lib/python3.12/site-packages/airflow/example_dags/example_skip_dag.py for tasks to queue
[2025-05-02T19:47:29.749+0000] {logging_mixin.py:188} INFO - [2025-05-02T19:47:29.749+0000] {dagbag.py:545} INFO - Filling up the DagBag from /home/airflow/.local/lib/python3.12/site-packages/airflow/example_dags/example_skip_dag.py
[2025-05-02T19:47:29.754+0000] {processor.py:840} INFO - DAG(s) 'example_skip_dag' retrieved from /home/airflow/.local/lib/python3.12/site-packages/airflow/example_dags/example_skip_dag.py
[2025-05-02T19:47:29.775+0000] {logging_mixin.py:188} INFO - [2025-05-02T19:47:29.774+0000] {dag.py:3096} INFO - Sync 1 DAGs
[2025-05-02T19:47:29.796+0000] {logging_mixin.py:188} INFO - [2025-05-02T19:47:29.796+0000] {dag.py:3954} INFO - Setting next_dagrun for example_skip_dag to 2025-05-01 00:00:00+00:00, run_after=2025-05-02 00:00:00+00:00
[2025-05-02T19:47:29.812+0000] {processor.py:183} INFO - Processing /home/airflow/.local/lib/python3.12/site-packages/airflow/example_dags/example_skip_dag.py took 0.070 seconds
[2025-05-02T19:48:00.210+0000] {processor.py:161} INFO - Started process (PID=741) to work on /home/airflow/.local/lib/python3.12/site-packages/airflow/example_dags/example_skip_dag.py
[2025-05-02T19:48:00.211+0000] {processor.py:830} INFO - Processing file /home/airflow/.local/lib/python3.12/site-packages/airflow/example_dags/example_skip_dag.py for tasks to queue
[2025-05-02T19:48:00.212+0000] {logging_mixin.py:188} INFO - [2025-05-02T19:48:00.212+0000] {dagbag.py:545} INFO - Filling up the DagBag from /home/airflow/.local/lib/python3.12/site-packages/airflow/example_dags/example_skip_dag.py
[2025-05-02T19:48:00.218+0000] {processor.py:840} INFO - DAG(s) 'example_skip_dag' retrieved from /home/airflow/.local/lib/python3.12/site-packages/airflow/example_dags/example_skip_dag.py
[2025-05-02T19:48:00.236+0000] {logging_mixin.py:188} INFO - [2025-05-02T19:48:00.235+0000] {dag.py:3096} INFO - Sync 1 DAGs
[2025-05-02T19:48:00.254+0000] {logging_mixin.py:188} INFO - [2025-05-02T19:48:00.254+0000] {dag.py:3954} INFO - Setting next_dagrun for example_skip_dag to 2025-05-01 00:00:00+00:00, run_after=2025-05-02 00:00:00+00:00
[2025-05-02T19:48:00.270+0000] {processor.py:183} INFO - Processing /home/airflow/.local/lib/python3.12/site-packages/airflow/example_dags/example_skip_dag.py took 0.065 seconds
[2025-05-02T19:48:30.406+0000] {processor.py:161} INFO - Started process (PID=800) to work on /home/airflow/.local/lib/python3.12/site-packages/airflow/example_dags/example_skip_dag.py
[2025-05-02T19:48:30.407+0000] {processor.py:830} INFO - Processing file /home/airflow/.local/lib/python3.12/site-packages/airflow/example_dags/example_skip_dag.py for tasks to queue
[2025-05-02T19:48:30.409+0000] {logging_mixin.py:188} INFO - [2025-05-02T19:48:30.408+0000] {dagbag.py:545} INFO - Filling up the DagBag from /home/airflow/.local/lib/python3.12/site-packages/airflow/example_dags/example_skip_dag.py
[2025-05-02T19:48:30.417+0000] {processor.py:840} INFO - DAG(s) 'example_skip_dag' retrieved from /home/airflow/.local/lib/python3.12/site-packages/airflow/example_dags/example_skip_dag.py
[2025-05-02T19:48:30.435+0000] {logging_mixin.py:188} INFO - [2025-05-02T19:48:30.434+0000] {dag.py:3096} INFO - Sync 1 DAGs
[2025-05-02T19:48:30.455+0000] {logging_mixin.py:188} INFO - [2025-05-02T19:48:30.455+0000] {dag.py:3954} INFO - Setting next_dagrun for example_skip_dag to 2025-05-01 00:00:00+00:00, run_after=2025-05-02 00:00:00+00:00
[2025-05-02T19:48:30.473+0000] {processor.py:183} INFO - Processing /home/airflow/.local/lib/python3.12/site-packages/airflow/example_dags/example_skip_dag.py took 0.073 seconds
[2025-05-02T19:49:00.962+0000] {processor.py:161} INFO - Started process (PID=855) to work on /home/airflow/.local/lib/python3.12/site-packages/airflow/example_dags/example_skip_dag.py
[2025-05-02T19:49:00.963+0000] {processor.py:830} INFO - Processing file /home/airflow/.local/lib/python3.12/site-packages/airflow/example_dags/example_skip_dag.py for tasks to queue
[2025-05-02T19:49:00.964+0000] {logging_mixin.py:188} INFO - [2025-05-02T19:49:00.964+0000] {dagbag.py:545} INFO - Filling up the DagBag from /home/airflow/.local/lib/python3.12/site-packages/airflow/example_dags/example_skip_dag.py
[2025-05-02T19:49:00.971+0000] {processor.py:840} INFO - DAG(s) 'example_skip_dag' retrieved from /home/airflow/.local/lib/python3.12/site-packages/airflow/example_dags/example_skip_dag.py
[2025-05-02T19:49:00.991+0000] {logging_mixin.py:188} INFO - [2025-05-02T19:49:00.991+0000] {dag.py:3096} INFO - Sync 1 DAGs
[2025-05-02T19:49:01.018+0000] {logging_mixin.py:188} INFO - [2025-05-02T19:49:01.018+0000] {dag.py:3954} INFO - Setting next_dagrun for example_skip_dag to 2025-05-01 00:00:00+00:00, run_after=2025-05-02 00:00:00+00:00
[2025-05-02T19:49:01.038+0000] {processor.py:183} INFO - Processing /home/airflow/.local/lib/python3.12/site-packages/airflow/example_dags/example_skip_dag.py took 0.081 seconds
[2025-05-02T19:49:31.689+0000] {processor.py:161} INFO - Started process (PID=916) to work on /home/airflow/.local/lib/python3.12/site-packages/airflow/example_dags/example_skip_dag.py
[2025-05-02T19:49:31.690+0000] {processor.py:830} INFO - Processing file /home/airflow/.local/lib/python3.12/site-packages/airflow/example_dags/example_skip_dag.py for tasks to queue
[2025-05-02T19:49:31.692+0000] {logging_mixin.py:188} INFO - [2025-05-02T19:49:31.692+0000] {dagbag.py:545} INFO - Filling up the DagBag from /home/airflow/.local/lib/python3.12/site-packages/airflow/example_dags/example_skip_dag.py
[2025-05-02T19:49:31.697+0000] {processor.py:840} INFO - DAG(s) 'example_skip_dag' retrieved from /home/airflow/.local/lib/python3.12/site-packages/airflow/example_dags/example_skip_dag.py
[2025-05-02T19:49:31.715+0000] {logging_mixin.py:188} INFO - [2025-05-02T19:49:31.715+0000] {dag.py:3096} INFO - Sync 1 DAGs
[2025-05-02T19:49:31.731+0000] {logging_mixin.py:188} INFO - [2025-05-02T19:49:31.731+0000] {dag.py:3954} INFO - Setting next_dagrun for example_skip_dag to 2025-05-01 00:00:00+00:00, run_after=2025-05-02 00:00:00+00:00
[2025-05-02T19:49:31.745+0000] {processor.py:183} INFO - Processing /home/airflow/.local/lib/python3.12/site-packages/airflow/example_dags/example_skip_dag.py took 0.060 seconds
[2025-05-02T19:50:02.563+0000] {processor.py:161} INFO - Started process (PID=976) to work on /home/airflow/.local/lib/python3.12/site-packages/airflow/example_dags/example_skip_dag.py
[2025-05-02T19:50:02.564+0000] {processor.py:830} INFO - Processing file /home/airflow/.local/lib/python3.12/site-packages/airflow/example_dags/example_skip_dag.py for tasks to queue
[2025-05-02T19:50:02.566+0000] {logging_mixin.py:188} INFO - [2025-05-02T19:50:02.566+0000] {dagbag.py:545} INFO - Filling up the DagBag from /home/airflow/.local/lib/python3.12/site-packages/airflow/example_dags/example_skip_dag.py
[2025-05-02T19:50:02.574+0000] {processor.py:840} INFO - DAG(s) 'example_skip_dag' retrieved from /home/airflow/.local/lib/python3.12/site-packages/airflow/example_dags/example_skip_dag.py
[2025-05-02T19:50:02.596+0000] {logging_mixin.py:188} INFO - [2025-05-02T19:50:02.595+0000] {dag.py:3096} INFO - Sync 1 DAGs
[2025-05-02T19:50:02.617+0000] {logging_mixin.py:188} INFO - [2025-05-02T19:50:02.617+0000] {dag.py:3954} INFO - Setting next_dagrun for example_skip_dag to 2025-05-01 00:00:00+00:00, run_after=2025-05-02 00:00:00+00:00
[2025-05-02T19:50:02.634+0000] {processor.py:183} INFO - Processing /home/airflow/.local/lib/python3.12/site-packages/airflow/example_dags/example_skip_dag.py took 0.078 seconds
[2025-05-02T19:50:35.041+0000] {processor.py:161} INFO - Started process (PID=1036) to work on /home/airflow/.local/lib/python3.12/site-packages/airflow/example_dags/example_skip_dag.py
[2025-05-02T19:50:35.042+0000] {processor.py:830} INFO - Processing file /home/airflow/.local/lib/python3.12/site-packages/airflow/example_dags/example_skip_dag.py for tasks to queue
[2025-05-02T19:50:35.043+0000] {logging_mixin.py:188} INFO - [2025-05-02T19:50:35.043+0000] {dagbag.py:545} INFO - Filling up the DagBag from /home/airflow/.local/lib/python3.12/site-packages/airflow/example_dags/example_skip_dag.py
[2025-05-02T19:50:35.048+0000] {processor.py:840} INFO - DAG(s) 'example_skip_dag' retrieved from /home/airflow/.local/lib/python3.12/site-packages/airflow/example_dags/example_skip_dag.py
[2025-05-02T19:50:35.066+0000] {logging_mixin.py:188} INFO - [2025-05-02T19:50:35.065+0000] {dag.py:3096} INFO - Sync 1 DAGs
[2025-05-02T19:50:35.083+0000] {logging_mixin.py:188} INFO - [2025-05-02T19:50:35.083+0000] {dag.py:3954} INFO - Setting next_dagrun for example_skip_dag to 2025-05-01 00:00:00+00:00, run_after=2025-05-02 00:00:00+00:00
[2025-05-02T19:50:35.097+0000] {processor.py:183} INFO - Processing /home/airflow/.local/lib/python3.12/site-packages/airflow/example_dags/example_skip_dag.py took 0.062 seconds
[2025-05-02T19:51:07.121+0000] {processor.py:161} INFO - Started process (PID=1096) to work on /home/airflow/.local/lib/python3.12/site-packages/airflow/example_dags/example_skip_dag.py
[2025-05-02T19:51:07.121+0000] {processor.py:830} INFO - Processing file /home/airflow/.local/lib/python3.12/site-packages/airflow/example_dags/example_skip_dag.py for tasks to queue
[2025-05-02T19:51:07.123+0000] {logging_mixin.py:188} INFO - [2025-05-02T19:51:07.123+0000] {dagbag.py:545} INFO - Filling up the DagBag from /home/airflow/.local/lib/python3.12/site-packages/airflow/example_dags/example_skip_dag.py
[2025-05-02T19:51:07.128+0000] {processor.py:840} INFO - DAG(s) 'example_skip_dag' retrieved from /home/airflow/.local/lib/python3.12/site-packages/airflow/example_dags/example_skip_dag.py
[2025-05-02T19:51:07.145+0000] {logging_mixin.py:188} INFO - [2025-05-02T19:51:07.145+0000] {dag.py:3096} INFO - Sync 1 DAGs
[2025-05-02T19:51:07.164+0000] {logging_mixin.py:188} INFO - [2025-05-02T19:51:07.163+0000] {dag.py:3954} INFO - Setting next_dagrun for example_skip_dag to 2025-05-01 00:00:00+00:00, run_after=2025-05-02 00:00:00+00:00
[2025-05-02T19:51:07.179+0000] {processor.py:183} INFO - Processing /home/airflow/.local/lib/python3.12/site-packages/airflow/example_dags/example_skip_dag.py took 0.063 seconds
[2025-05-02T19:51:39.556+0000] {processor.py:161} INFO - Started process (PID=1156) to work on /home/airflow/.local/lib/python3.12/site-packages/airflow/example_dags/example_skip_dag.py
[2025-05-02T19:51:39.557+0000] {processor.py:830} INFO - Processing file /home/airflow/.local/lib/python3.12/site-packages/airflow/example_dags/example_skip_dag.py for tasks to queue
[2025-05-02T19:51:39.558+0000] {logging_mixin.py:188} INFO - [2025-05-02T19:51:39.558+0000] {dagbag.py:545} INFO - Filling up the DagBag from /home/airflow/.local/lib/python3.12/site-packages/airflow/example_dags/example_skip_dag.py
[2025-05-02T19:51:39.563+0000] {processor.py:840} INFO - DAG(s) 'example_skip_dag' retrieved from /home/airflow/.local/lib/python3.12/site-packages/airflow/example_dags/example_skip_dag.py
[2025-05-02T19:51:39.579+0000] {logging_mixin.py:188} INFO - [2025-05-02T19:51:39.579+0000] {dag.py:3096} INFO - Sync 1 DAGs
[2025-05-02T19:51:39.599+0000] {logging_mixin.py:188} INFO - [2025-05-02T19:51:39.599+0000] {dag.py:3954} INFO - Setting next_dagrun for example_skip_dag to 2025-05-01 00:00:00+00:00, run_after=2025-05-02 00:00:00+00:00
[2025-05-02T19:51:39.615+0000] {processor.py:183} INFO - Processing /home/airflow/.local/lib/python3.12/site-packages/airflow/example_dags/example_skip_dag.py took 0.065 seconds
[2025-05-02T19:52:11.815+0000] {processor.py:161} INFO - Started process (PID=1216) to work on /home/airflow/.local/lib/python3.12/site-packages/airflow/example_dags/example_skip_dag.py
[2025-05-02T19:52:11.816+0000] {processor.py:830} INFO - Processing file /home/airflow/.local/lib/python3.12/site-packages/airflow/example_dags/example_skip_dag.py for tasks to queue
[2025-05-02T19:52:11.819+0000] {logging_mixin.py:188} INFO - [2025-05-02T19:52:11.818+0000] {dagbag.py:545} INFO - Filling up the DagBag from /home/airflow/.local/lib/python3.12/site-packages/airflow/example_dags/example_skip_dag.py
[2025-05-02T19:52:11.827+0000] {processor.py:840} INFO - DAG(s) 'example_skip_dag' retrieved from /home/airflow/.local/lib/python3.12/site-packages/airflow/example_dags/example_skip_dag.py
[2025-05-02T19:52:11.852+0000] {logging_mixin.py:188} INFO - [2025-05-02T19:52:11.852+0000] {dag.py:3096} INFO - Sync 1 DAGs
[2025-05-02T19:52:11.875+0000] {logging_mixin.py:188} INFO - [2025-05-02T19:52:11.874+0000] {dag.py:3954} INFO - Setting next_dagrun for example_skip_dag to 2025-05-01 00:00:00+00:00, run_after=2025-05-02 00:00:00+00:00
[2025-05-02T19:52:11.889+0000] {processor.py:183} INFO - Processing /home/airflow/.local/lib/python3.12/site-packages/airflow/example_dags/example_skip_dag.py took 0.080 seconds
[2025-05-02T19:52:44.501+0000] {processor.py:161} INFO - Started process (PID=1277) to work on /home/airflow/.local/lib/python3.12/site-packages/airflow/example_dags/example_skip_dag.py
[2025-05-02T19:52:44.502+0000] {processor.py:830} INFO - Processing file /home/airflow/.local/lib/python3.12/site-packages/airflow/example_dags/example_skip_dag.py for tasks to queue
[2025-05-02T19:52:44.504+0000] {logging_mixin.py:188} INFO - [2025-05-02T19:52:44.503+0000] {dagbag.py:545} INFO - Filling up the DagBag from /home/airflow/.local/lib/python3.12/site-packages/airflow/example_dags/example_skip_dag.py
[2025-05-02T19:52:44.508+0000] {processor.py:840} INFO - DAG(s) 'example_skip_dag' retrieved from /home/airflow/.local/lib/python3.12/site-packages/airflow/example_dags/example_skip_dag.py
[2025-05-02T19:52:44.527+0000] {logging_mixin.py:188} INFO - [2025-05-02T19:52:44.527+0000] {dag.py:3096} INFO - Sync 1 DAGs
[2025-05-02T19:52:44.549+0000] {logging_mixin.py:188} INFO - [2025-05-02T19:52:44.548+0000] {dag.py:3954} INFO - Setting next_dagrun for example_skip_dag to 2025-05-01 00:00:00+00:00, run_after=2025-05-02 00:00:00+00:00
[2025-05-02T19:52:44.566+0000] {processor.py:183} INFO - Processing /home/airflow/.local/lib/python3.12/site-packages/airflow/example_dags/example_skip_dag.py took 0.069 seconds
[2025-05-02T19:53:17.093+0000] {processor.py:161} INFO - Started process (PID=1336) to work on /home/airflow/.local/lib/python3.12/site-packages/airflow/example_dags/example_skip_dag.py
[2025-05-02T19:53:17.094+0000] {processor.py:830} INFO - Processing file /home/airflow/.local/lib/python3.12/site-packages/airflow/example_dags/example_skip_dag.py for tasks to queue
[2025-05-02T19:53:17.096+0000] {logging_mixin.py:188} INFO - [2025-05-02T19:53:17.096+0000] {dagbag.py:545} INFO - Filling up the DagBag from /home/airflow/.local/lib/python3.12/site-packages/airflow/example_dags/example_skip_dag.py
[2025-05-02T19:53:17.106+0000] {processor.py:840} INFO - DAG(s) 'example_skip_dag' retrieved from /home/airflow/.local/lib/python3.12/site-packages/airflow/example_dags/example_skip_dag.py
[2025-05-02T19:53:17.132+0000] {logging_mixin.py:188} INFO - [2025-05-02T19:53:17.132+0000] {dag.py:3096} INFO - Sync 1 DAGs
[2025-05-02T19:53:17.150+0000] {logging_mixin.py:188} INFO - [2025-05-02T19:53:17.150+0000] {dag.py:3954} INFO - Setting next_dagrun for example_skip_dag to 2025-05-01 00:00:00+00:00, run_after=2025-05-02 00:00:00+00:00
[2025-05-02T19:53:17.167+0000] {processor.py:183} INFO - Processing /home/airflow/.local/lib/python3.12/site-packages/airflow/example_dags/example_skip_dag.py took 0.080 seconds
[2025-05-02T19:53:49.379+0000] {processor.py:161} INFO - Started process (PID=1396) to work on /home/airflow/.local/lib/python3.12/site-packages/airflow/example_dags/example_skip_dag.py
[2025-05-02T19:53:49.380+0000] {processor.py:830} INFO - Processing file /home/airflow/.local/lib/python3.12/site-packages/airflow/example_dags/example_skip_dag.py for tasks to queue
[2025-05-02T19:53:49.382+0000] {logging_mixin.py:188} INFO - [2025-05-02T19:53:49.382+0000] {dagbag.py:545} INFO - Filling up the DagBag from /home/airflow/.local/lib/python3.12/site-packages/airflow/example_dags/example_skip_dag.py
[2025-05-02T19:53:49.387+0000] {processor.py:840} INFO - DAG(s) 'example_skip_dag' retrieved from /home/airflow/.local/lib/python3.12/site-packages/airflow/example_dags/example_skip_dag.py
[2025-05-02T19:53:49.402+0000] {logging_mixin.py:188} INFO - [2025-05-02T19:53:49.402+0000] {dag.py:3096} INFO - Sync 1 DAGs
[2025-05-02T19:53:49.419+0000] {logging_mixin.py:188} INFO - [2025-05-02T19:53:49.418+0000] {dag.py:3954} INFO - Setting next_dagrun for example_skip_dag to 2025-05-01 00:00:00+00:00, run_after=2025-05-02 00:00:00+00:00
[2025-05-02T19:53:49.434+0000] {processor.py:183} INFO - Processing /home/airflow/.local/lib/python3.12/site-packages/airflow/example_dags/example_skip_dag.py took 0.058 seconds
[2025-05-02T19:54:21.793+0000] {processor.py:161} INFO - Started process (PID=1456) to work on /home/airflow/.local/lib/python3.12/site-packages/airflow/example_dags/example_skip_dag.py
[2025-05-02T19:54:21.794+0000] {processor.py:830} INFO - Processing file /home/airflow/.local/lib/python3.12/site-packages/airflow/example_dags/example_skip_dag.py for tasks to queue
[2025-05-02T19:54:21.795+0000] {logging_mixin.py:188} INFO - [2025-05-02T19:54:21.795+0000] {dagbag.py:545} INFO - Filling up the DagBag from /home/airflow/.local/lib/python3.12/site-packages/airflow/example_dags/example_skip_dag.py
[2025-05-02T19:54:21.801+0000] {processor.py:840} INFO - DAG(s) 'example_skip_dag' retrieved from /home/airflow/.local/lib/python3.12/site-packages/airflow/example_dags/example_skip_dag.py
[2025-05-02T19:54:21.820+0000] {logging_mixin.py:188} INFO - [2025-05-02T19:54:21.820+0000] {dag.py:3096} INFO - Sync 1 DAGs
[2025-05-02T19:54:21.837+0000] {logging_mixin.py:188} INFO - [2025-05-02T19:54:21.837+0000] {dag.py:3954} INFO - Setting next_dagrun for example_skip_dag to 2025-05-01 00:00:00+00:00, run_after=2025-05-02 00:00:00+00:00
[2025-05-02T19:54:21.853+0000] {processor.py:183} INFO - Processing /home/airflow/.local/lib/python3.12/site-packages/airflow/example_dags/example_skip_dag.py took 0.066 seconds
[2025-05-02T19:54:54.078+0000] {processor.py:161} INFO - Started process (PID=1516) to work on /home/airflow/.local/lib/python3.12/site-packages/airflow/example_dags/example_skip_dag.py
[2025-05-02T19:54:54.079+0000] {processor.py:830} INFO - Processing file /home/airflow/.local/lib/python3.12/site-packages/airflow/example_dags/example_skip_dag.py for tasks to queue
[2025-05-02T19:54:54.081+0000] {logging_mixin.py:188} INFO - [2025-05-02T19:54:54.080+0000] {dagbag.py:545} INFO - Filling up the DagBag from /home/airflow/.local/lib/python3.12/site-packages/airflow/example_dags/example_skip_dag.py
[2025-05-02T19:54:54.086+0000] {processor.py:840} INFO - DAG(s) 'example_skip_dag' retrieved from /home/airflow/.local/lib/python3.12/site-packages/airflow/example_dags/example_skip_dag.py
[2025-05-02T19:54:54.103+0000] {logging_mixin.py:188} INFO - [2025-05-02T19:54:54.103+0000] {dag.py:3096} INFO - Sync 1 DAGs
[2025-05-02T19:54:54.120+0000] {logging_mixin.py:188} INFO - [2025-05-02T19:54:54.120+0000] {dag.py:3954} INFO - Setting next_dagrun for example_skip_dag to 2025-05-01 00:00:00+00:00, run_after=2025-05-02 00:00:00+00:00
[2025-05-02T19:54:54.135+0000] {processor.py:183} INFO - Processing /home/airflow/.local/lib/python3.12/site-packages/airflow/example_dags/example_skip_dag.py took 0.061 seconds
[2025-05-02T19:55:25.881+0000] {processor.py:161} INFO - Started process (PID=1576) to work on /home/airflow/.local/lib/python3.12/site-packages/airflow/example_dags/example_skip_dag.py
[2025-05-02T19:55:25.882+0000] {processor.py:830} INFO - Processing file /home/airflow/.local/lib/python3.12/site-packages/airflow/example_dags/example_skip_dag.py for tasks to queue
[2025-05-02T19:55:25.883+0000] {logging_mixin.py:188} INFO - [2025-05-02T19:55:25.883+0000] {dagbag.py:545} INFO - Filling up the DagBag from /home/airflow/.local/lib/python3.12/site-packages/airflow/example_dags/example_skip_dag.py
[2025-05-02T19:55:25.888+0000] {processor.py:840} INFO - DAG(s) 'example_skip_dag' retrieved from /home/airflow/.local/lib/python3.12/site-packages/airflow/example_dags/example_skip_dag.py
[2025-05-02T19:55:25.902+0000] {logging_mixin.py:188} INFO - [2025-05-02T19:55:25.901+0000] {dag.py:3096} INFO - Sync 1 DAGs
[2025-05-02T19:55:25.916+0000] {logging_mixin.py:188} INFO - [2025-05-02T19:55:25.916+0000] {dag.py:3954} INFO - Setting next_dagrun for example_skip_dag to 2025-05-01 00:00:00+00:00, run_after=2025-05-02 00:00:00+00:00
[2025-05-02T19:55:25.929+0000] {processor.py:183} INFO - Processing /home/airflow/.local/lib/python3.12/site-packages/airflow/example_dags/example_skip_dag.py took 0.052 seconds
[2025-05-02T19:55:58.893+0000] {processor.py:161} INFO - Started process (PID=1636) to work on /home/airflow/.local/lib/python3.12/site-packages/airflow/example_dags/example_skip_dag.py
[2025-05-02T19:55:58.895+0000] {processor.py:830} INFO - Processing file /home/airflow/.local/lib/python3.12/site-packages/airflow/example_dags/example_skip_dag.py for tasks to queue
[2025-05-02T19:55:58.896+0000] {logging_mixin.py:188} INFO - [2025-05-02T19:55:58.896+0000] {dagbag.py:545} INFO - Filling up the DagBag from /home/airflow/.local/lib/python3.12/site-packages/airflow/example_dags/example_skip_dag.py
[2025-05-02T19:55:58.900+0000] {processor.py:840} INFO - DAG(s) 'example_skip_dag' retrieved from /home/airflow/.local/lib/python3.12/site-packages/airflow/example_dags/example_skip_dag.py
[2025-05-02T19:55:58.914+0000] {logging_mixin.py:188} INFO - [2025-05-02T19:55:58.914+0000] {dag.py:3096} INFO - Sync 1 DAGs
[2025-05-02T19:55:58.930+0000] {logging_mixin.py:188} INFO - [2025-05-02T19:55:58.930+0000] {dag.py:3954} INFO - Setting next_dagrun for example_skip_dag to 2025-05-01 00:00:00+00:00, run_after=2025-05-02 00:00:00+00:00
[2025-05-02T19:55:58.942+0000] {processor.py:183} INFO - Processing /home/airflow/.local/lib/python3.12/site-packages/airflow/example_dags/example_skip_dag.py took 0.054 seconds
[2025-05-02T19:56:30.728+0000] {processor.py:161} INFO - Started process (PID=1696) to work on /home/airflow/.local/lib/python3.12/site-packages/airflow/example_dags/example_skip_dag.py
[2025-05-02T19:56:30.729+0000] {processor.py:830} INFO - Processing file /home/airflow/.local/lib/python3.12/site-packages/airflow/example_dags/example_skip_dag.py for tasks to queue
[2025-05-02T19:56:30.731+0000] {logging_mixin.py:188} INFO - [2025-05-02T19:56:30.731+0000] {dagbag.py:545} INFO - Filling up the DagBag from /home/airflow/.local/lib/python3.12/site-packages/airflow/example_dags/example_skip_dag.py
[2025-05-02T19:56:30.735+0000] {processor.py:840} INFO - DAG(s) 'example_skip_dag' retrieved from /home/airflow/.local/lib/python3.12/site-packages/airflow/example_dags/example_skip_dag.py
[2025-05-02T19:56:30.749+0000] {logging_mixin.py:188} INFO - [2025-05-02T19:56:30.749+0000] {dag.py:3096} INFO - Sync 1 DAGs
[2025-05-02T19:56:30.763+0000] {logging_mixin.py:188} INFO - [2025-05-02T19:56:30.763+0000] {dag.py:3954} INFO - Setting next_dagrun for example_skip_dag to 2025-05-01 00:00:00+00:00, run_after=2025-05-02 00:00:00+00:00
[2025-05-02T19:56:30.777+0000] {processor.py:183} INFO - Processing /home/airflow/.local/lib/python3.12/site-packages/airflow/example_dags/example_skip_dag.py took 0.053 seconds
[2025-05-02T19:57:03.827+0000] {processor.py:161} INFO - Started process (PID=1756) to work on /home/airflow/.local/lib/python3.12/site-packages/airflow/example_dags/example_skip_dag.py
[2025-05-02T19:57:03.828+0000] {processor.py:830} INFO - Processing file /home/airflow/.local/lib/python3.12/site-packages/airflow/example_dags/example_skip_dag.py for tasks to queue
[2025-05-02T19:57:03.830+0000] {logging_mixin.py:188} INFO - [2025-05-02T19:57:03.830+0000] {dagbag.py:545} INFO - Filling up the DagBag from /home/airflow/.local/lib/python3.12/site-packages/airflow/example_dags/example_skip_dag.py
[2025-05-02T19:57:03.835+0000] {processor.py:840} INFO - DAG(s) 'example_skip_dag' retrieved from /home/airflow/.local/lib/python3.12/site-packages/airflow/example_dags/example_skip_dag.py
[2025-05-02T19:57:03.850+0000] {logging_mixin.py:188} INFO - [2025-05-02T19:57:03.850+0000] {dag.py:3096} INFO - Sync 1 DAGs
[2025-05-02T19:57:03.866+0000] {logging_mixin.py:188} INFO - [2025-05-02T19:57:03.865+0000] {dag.py:3954} INFO - Setting next_dagrun for example_skip_dag to 2025-05-01 00:00:00+00:00, run_after=2025-05-02 00:00:00+00:00
[2025-05-02T19:57:03.881+0000] {processor.py:183} INFO - Processing /home/airflow/.local/lib/python3.12/site-packages/airflow/example_dags/example_skip_dag.py took 0.058 seconds
[2025-05-02T19:57:35.819+0000] {processor.py:161} INFO - Started process (PID=1816) to work on /home/airflow/.local/lib/python3.12/site-packages/airflow/example_dags/example_skip_dag.py
[2025-05-02T19:57:35.820+0000] {processor.py:830} INFO - Processing file /home/airflow/.local/lib/python3.12/site-packages/airflow/example_dags/example_skip_dag.py for tasks to queue
[2025-05-02T19:57:35.822+0000] {logging_mixin.py:188} INFO - [2025-05-02T19:57:35.821+0000] {dagbag.py:545} INFO - Filling up the DagBag from /home/airflow/.local/lib/python3.12/site-packages/airflow/example_dags/example_skip_dag.py
[2025-05-02T19:57:35.827+0000] {processor.py:840} INFO - DAG(s) 'example_skip_dag' retrieved from /home/airflow/.local/lib/python3.12/site-packages/airflow/example_dags/example_skip_dag.py
[2025-05-02T19:57:35.849+0000] {logging_mixin.py:188} INFO - [2025-05-02T19:57:35.849+0000] {dag.py:3096} INFO - Sync 1 DAGs
[2025-05-02T19:57:35.872+0000] {logging_mixin.py:188} INFO - [2025-05-02T19:57:35.872+0000] {dag.py:3954} INFO - Setting next_dagrun for example_skip_dag to 2025-05-01 00:00:00+00:00, run_after=2025-05-02 00:00:00+00:00
[2025-05-02T19:57:35.889+0000] {processor.py:183} INFO - Processing /home/airflow/.local/lib/python3.12/site-packages/airflow/example_dags/example_skip_dag.py took 0.076 seconds
[2025-05-02T19:58:08.403+0000] {processor.py:161} INFO - Started process (PID=1876) to work on /home/airflow/.local/lib/python3.12/site-packages/airflow/example_dags/example_skip_dag.py
[2025-05-02T19:58:08.404+0000] {processor.py:830} INFO - Processing file /home/airflow/.local/lib/python3.12/site-packages/airflow/example_dags/example_skip_dag.py for tasks to queue
[2025-05-02T19:58:08.406+0000] {logging_mixin.py:188} INFO - [2025-05-02T19:58:08.406+0000] {dagbag.py:545} INFO - Filling up the DagBag from /home/airflow/.local/lib/python3.12/site-packages/airflow/example_dags/example_skip_dag.py
[2025-05-02T19:58:08.410+0000] {processor.py:840} INFO - DAG(s) 'example_skip_dag' retrieved from /home/airflow/.local/lib/python3.12/site-packages/airflow/example_dags/example_skip_dag.py
[2025-05-02T19:58:08.427+0000] {logging_mixin.py:188} INFO - [2025-05-02T19:58:08.426+0000] {dag.py:3096} INFO - Sync 1 DAGs
[2025-05-02T19:58:08.444+0000] {logging_mixin.py:188} INFO - [2025-05-02T19:58:08.444+0000] {dag.py:3954} INFO - Setting next_dagrun for example_skip_dag to 2025-05-01 00:00:00+00:00, run_after=2025-05-02 00:00:00+00:00
[2025-05-02T19:58:08.464+0000] {processor.py:183} INFO - Processing /home/airflow/.local/lib/python3.12/site-packages/airflow/example_dags/example_skip_dag.py took 0.065 seconds
[2025-05-02T19:58:40.894+0000] {processor.py:161} INFO - Started process (PID=1935) to work on /home/airflow/.local/lib/python3.12/site-packages/airflow/example_dags/example_skip_dag.py
[2025-05-02T19:58:40.894+0000] {processor.py:830} INFO - Processing file /home/airflow/.local/lib/python3.12/site-packages/airflow/example_dags/example_skip_dag.py for tasks to queue
[2025-05-02T19:58:40.896+0000] {logging_mixin.py:188} INFO - [2025-05-02T19:58:40.896+0000] {dagbag.py:545} INFO - Filling up the DagBag from /home/airflow/.local/lib/python3.12/site-packages/airflow/example_dags/example_skip_dag.py
[2025-05-02T19:58:40.902+0000] {processor.py:840} INFO - DAG(s) 'example_skip_dag' retrieved from /home/airflow/.local/lib/python3.12/site-packages/airflow/example_dags/example_skip_dag.py
[2025-05-02T19:58:40.918+0000] {logging_mixin.py:188} INFO - [2025-05-02T19:58:40.918+0000] {dag.py:3096} INFO - Sync 1 DAGs
[2025-05-02T19:58:40.937+0000] {logging_mixin.py:188} INFO - [2025-05-02T19:58:40.937+0000] {dag.py:3954} INFO - Setting next_dagrun for example_skip_dag to 2025-05-01 00:00:00+00:00, run_after=2025-05-02 00:00:00+00:00
[2025-05-02T19:58:40.952+0000] {processor.py:183} INFO - Processing /home/airflow/.local/lib/python3.12/site-packages/airflow/example_dags/example_skip_dag.py took 0.063 seconds
[2025-05-02T19:59:13.131+0000] {processor.py:161} INFO - Started process (PID=1996) to work on /home/airflow/.local/lib/python3.12/site-packages/airflow/example_dags/example_skip_dag.py
[2025-05-02T19:59:13.132+0000] {processor.py:830} INFO - Processing file /home/airflow/.local/lib/python3.12/site-packages/airflow/example_dags/example_skip_dag.py for tasks to queue
[2025-05-02T19:59:13.133+0000] {logging_mixin.py:188} INFO - [2025-05-02T19:59:13.133+0000] {dagbag.py:545} INFO - Filling up the DagBag from /home/airflow/.local/lib/python3.12/site-packages/airflow/example_dags/example_skip_dag.py
[2025-05-02T19:59:13.138+0000] {processor.py:840} INFO - DAG(s) 'example_skip_dag' retrieved from /home/airflow/.local/lib/python3.12/site-packages/airflow/example_dags/example_skip_dag.py
[2025-05-02T19:59:13.154+0000] {logging_mixin.py:188} INFO - [2025-05-02T19:59:13.154+0000] {dag.py:3096} INFO - Sync 1 DAGs
[2025-05-02T19:59:13.171+0000] {logging_mixin.py:188} INFO - [2025-05-02T19:59:13.171+0000] {dag.py:3954} INFO - Setting next_dagrun for example_skip_dag to 2025-05-01 00:00:00+00:00, run_after=2025-05-02 00:00:00+00:00
[2025-05-02T19:59:13.186+0000] {processor.py:183} INFO - Processing /home/airflow/.local/lib/python3.12/site-packages/airflow/example_dags/example_skip_dag.py took 0.059 seconds
[2025-05-02T19:59:46.210+0000] {processor.py:161} INFO - Started process (PID=2056) to work on /home/airflow/.local/lib/python3.12/site-packages/airflow/example_dags/example_skip_dag.py
[2025-05-02T19:59:46.211+0000] {processor.py:830} INFO - Processing file /home/airflow/.local/lib/python3.12/site-packages/airflow/example_dags/example_skip_dag.py for tasks to queue
[2025-05-02T19:59:46.213+0000] {logging_mixin.py:188} INFO - [2025-05-02T19:59:46.212+0000] {dagbag.py:545} INFO - Filling up the DagBag from /home/airflow/.local/lib/python3.12/site-packages/airflow/example_dags/example_skip_dag.py
[2025-05-02T19:59:46.220+0000] {processor.py:840} INFO - DAG(s) 'example_skip_dag' retrieved from /home/airflow/.local/lib/python3.12/site-packages/airflow/example_dags/example_skip_dag.py
[2025-05-02T19:59:46.236+0000] {logging_mixin.py:188} INFO - [2025-05-02T19:59:46.236+0000] {dag.py:3096} INFO - Sync 1 DAGs
[2025-05-02T19:59:46.255+0000] {logging_mixin.py:188} INFO - [2025-05-02T19:59:46.255+0000] {dag.py:3954} INFO - Setting next_dagrun for example_skip_dag to 2025-05-01 00:00:00+00:00, run_after=2025-05-02 00:00:00+00:00
[2025-05-02T19:59:46.271+0000] {processor.py:183} INFO - Processing /home/airflow/.local/lib/python3.12/site-packages/airflow/example_dags/example_skip_dag.py took 0.066 seconds
[2025-05-02T20:00:18.954+0000] {processor.py:161} INFO - Started process (PID=2116) to work on /home/airflow/.local/lib/python3.12/site-packages/airflow/example_dags/example_skip_dag.py
[2025-05-02T20:00:18.955+0000] {processor.py:830} INFO - Processing file /home/airflow/.local/lib/python3.12/site-packages/airflow/example_dags/example_skip_dag.py for tasks to queue
[2025-05-02T20:00:18.956+0000] {logging_mixin.py:188} INFO - [2025-05-02T20:00:18.956+0000] {dagbag.py:545} INFO - Filling up the DagBag from /home/airflow/.local/lib/python3.12/site-packages/airflow/example_dags/example_skip_dag.py
[2025-05-02T20:00:18.962+0000] {processor.py:840} INFO - DAG(s) 'example_skip_dag' retrieved from /home/airflow/.local/lib/python3.12/site-packages/airflow/example_dags/example_skip_dag.py
[2025-05-02T20:00:18.977+0000] {logging_mixin.py:188} INFO - [2025-05-02T20:00:18.977+0000] {dag.py:3096} INFO - Sync 1 DAGs
[2025-05-02T20:00:18.992+0000] {logging_mixin.py:188} INFO - [2025-05-02T20:00:18.992+0000] {dag.py:3954} INFO - Setting next_dagrun for example_skip_dag to 2025-05-01 00:00:00+00:00, run_after=2025-05-02 00:00:00+00:00
[2025-05-02T20:00:19.005+0000] {processor.py:183} INFO - Processing /home/airflow/.local/lib/python3.12/site-packages/airflow/example_dags/example_skip_dag.py took 0.056 seconds
[2025-05-02T20:00:51.172+0000] {processor.py:161} INFO - Started process (PID=2176) to work on /home/airflow/.local/lib/python3.12/site-packages/airflow/example_dags/example_skip_dag.py
[2025-05-02T20:00:51.172+0000] {processor.py:830} INFO - Processing file /home/airflow/.local/lib/python3.12/site-packages/airflow/example_dags/example_skip_dag.py for tasks to queue
[2025-05-02T20:00:51.174+0000] {logging_mixin.py:188} INFO - [2025-05-02T20:00:51.173+0000] {dagbag.py:545} INFO - Filling up the DagBag from /home/airflow/.local/lib/python3.12/site-packages/airflow/example_dags/example_skip_dag.py
[2025-05-02T20:00:51.179+0000] {processor.py:840} INFO - DAG(s) 'example_skip_dag' retrieved from /home/airflow/.local/lib/python3.12/site-packages/airflow/example_dags/example_skip_dag.py
[2025-05-02T20:00:51.194+0000] {logging_mixin.py:188} INFO - [2025-05-02T20:00:51.194+0000] {dag.py:3096} INFO - Sync 1 DAGs
[2025-05-02T20:00:51.209+0000] {logging_mixin.py:188} INFO - [2025-05-02T20:00:51.209+0000] {dag.py:3954} INFO - Setting next_dagrun for example_skip_dag to 2025-05-01 00:00:00+00:00, run_after=2025-05-02 00:00:00+00:00
[2025-05-02T20:00:51.221+0000] {processor.py:183} INFO - Processing /home/airflow/.local/lib/python3.12/site-packages/airflow/example_dags/example_skip_dag.py took 0.055 seconds
[2025-05-02T20:01:24.131+0000] {processor.py:161} INFO - Started process (PID=2236) to work on /home/airflow/.local/lib/python3.12/site-packages/airflow/example_dags/example_skip_dag.py
[2025-05-02T20:01:24.131+0000] {processor.py:830} INFO - Processing file /home/airflow/.local/lib/python3.12/site-packages/airflow/example_dags/example_skip_dag.py for tasks to queue
[2025-05-02T20:01:24.133+0000] {logging_mixin.py:188} INFO - [2025-05-02T20:01:24.133+0000] {dagbag.py:545} INFO - Filling up the DagBag from /home/airflow/.local/lib/python3.12/site-packages/airflow/example_dags/example_skip_dag.py
[2025-05-02T20:01:24.137+0000] {processor.py:840} INFO - DAG(s) 'example_skip_dag' retrieved from /home/airflow/.local/lib/python3.12/site-packages/airflow/example_dags/example_skip_dag.py
[2025-05-02T20:01:24.154+0000] {logging_mixin.py:188} INFO - [2025-05-02T20:01:24.154+0000] {dag.py:3096} INFO - Sync 1 DAGs
[2025-05-02T20:01:24.170+0000] {logging_mixin.py:188} INFO - [2025-05-02T20:01:24.170+0000] {dag.py:3954} INFO - Setting next_dagrun for example_skip_dag to 2025-05-01 00:00:00+00:00, run_after=2025-05-02 00:00:00+00:00
[2025-05-02T20:01:24.182+0000] {processor.py:183} INFO - Processing /home/airflow/.local/lib/python3.12/site-packages/airflow/example_dags/example_skip_dag.py took 0.056 seconds
[2025-05-02T20:01:56.351+0000] {processor.py:161} INFO - Started process (PID=2296) to work on /home/airflow/.local/lib/python3.12/site-packages/airflow/example_dags/example_skip_dag.py
[2025-05-02T20:01:56.352+0000] {processor.py:830} INFO - Processing file /home/airflow/.local/lib/python3.12/site-packages/airflow/example_dags/example_skip_dag.py for tasks to queue
[2025-05-02T20:01:56.354+0000] {logging_mixin.py:188} INFO - [2025-05-02T20:01:56.353+0000] {dagbag.py:545} INFO - Filling up the DagBag from /home/airflow/.local/lib/python3.12/site-packages/airflow/example_dags/example_skip_dag.py
[2025-05-02T20:01:56.358+0000] {processor.py:840} INFO - DAG(s) 'example_skip_dag' retrieved from /home/airflow/.local/lib/python3.12/site-packages/airflow/example_dags/example_skip_dag.py
[2025-05-02T20:01:56.374+0000] {logging_mixin.py:188} INFO - [2025-05-02T20:01:56.374+0000] {dag.py:3096} INFO - Sync 1 DAGs
[2025-05-02T20:01:56.494+0000] {logging_mixin.py:188} INFO - [2025-05-02T20:01:56.493+0000] {dag.py:3954} INFO - Setting next_dagrun for example_skip_dag to 2025-05-01 00:00:00+00:00, run_after=2025-05-02 00:00:00+00:00
[2025-05-02T20:01:56.508+0000] {processor.py:183} INFO - Processing /home/airflow/.local/lib/python3.12/site-packages/airflow/example_dags/example_skip_dag.py took 0.161 seconds
[2025-05-02T20:02:27.915+0000] {processor.py:161} INFO - Started process (PID=2356) to work on /home/airflow/.local/lib/python3.12/site-packages/airflow/example_dags/example_skip_dag.py
[2025-05-02T20:02:27.916+0000] {processor.py:830} INFO - Processing file /home/airflow/.local/lib/python3.12/site-packages/airflow/example_dags/example_skip_dag.py for tasks to queue
[2025-05-02T20:02:27.918+0000] {logging_mixin.py:188} INFO - [2025-05-02T20:02:27.918+0000] {dagbag.py:545} INFO - Filling up the DagBag from /home/airflow/.local/lib/python3.12/site-packages/airflow/example_dags/example_skip_dag.py
[2025-05-02T20:02:27.923+0000] {processor.py:840} INFO - DAG(s) 'example_skip_dag' retrieved from /home/airflow/.local/lib/python3.12/site-packages/airflow/example_dags/example_skip_dag.py
[2025-05-02T20:02:27.940+0000] {logging_mixin.py:188} INFO - [2025-05-02T20:02:27.940+0000] {dag.py:3096} INFO - Sync 1 DAGs
[2025-05-02T20:02:27.959+0000] {logging_mixin.py:188} INFO - [2025-05-02T20:02:27.958+0000] {dag.py:3954} INFO - Setting next_dagrun for example_skip_dag to 2025-05-01 00:00:00+00:00, run_after=2025-05-02 00:00:00+00:00
[2025-05-02T20:02:28.122+0000] {processor.py:183} INFO - Processing /home/airflow/.local/lib/python3.12/site-packages/airflow/example_dags/example_skip_dag.py took 0.211 seconds
[2025-05-02T20:03:01.016+0000] {processor.py:161} INFO - Started process (PID=2417) to work on /home/airflow/.local/lib/python3.12/site-packages/airflow/example_dags/example_skip_dag.py
[2025-05-02T20:03:01.016+0000] {processor.py:830} INFO - Processing file /home/airflow/.local/lib/python3.12/site-packages/airflow/example_dags/example_skip_dag.py for tasks to queue
[2025-05-02T20:03:01.018+0000] {logging_mixin.py:188} INFO - [2025-05-02T20:03:01.018+0000] {dagbag.py:545} INFO - Filling up the DagBag from /home/airflow/.local/lib/python3.12/site-packages/airflow/example_dags/example_skip_dag.py
[2025-05-02T20:03:01.023+0000] {processor.py:840} INFO - DAG(s) 'example_skip_dag' retrieved from /home/airflow/.local/lib/python3.12/site-packages/airflow/example_dags/example_skip_dag.py
[2025-05-02T20:03:01.037+0000] {logging_mixin.py:188} INFO - [2025-05-02T20:03:01.037+0000] {dag.py:3096} INFO - Sync 1 DAGs
[2025-05-02T20:03:01.053+0000] {logging_mixin.py:188} INFO - [2025-05-02T20:03:01.053+0000] {dag.py:3954} INFO - Setting next_dagrun for example_skip_dag to 2025-05-01 00:00:00+00:00, run_after=2025-05-02 00:00:00+00:00
[2025-05-02T20:03:01.066+0000] {processor.py:183} INFO - Processing /home/airflow/.local/lib/python3.12/site-packages/airflow/example_dags/example_skip_dag.py took 0.054 seconds
[2025-05-02T20:03:35.923+0000] {processor.py:161} INFO - Started process (PID=2477) to work on /home/airflow/.local/lib/python3.12/site-packages/airflow/example_dags/example_skip_dag.py
[2025-05-02T20:03:35.923+0000] {processor.py:830} INFO - Processing file /home/airflow/.local/lib/python3.12/site-packages/airflow/example_dags/example_skip_dag.py for tasks to queue
[2025-05-02T20:03:35.925+0000] {logging_mixin.py:188} INFO - [2025-05-02T20:03:35.924+0000] {dagbag.py:545} INFO - Filling up the DagBag from /home/airflow/.local/lib/python3.12/site-packages/airflow/example_dags/example_skip_dag.py
[2025-05-02T20:03:35.930+0000] {processor.py:840} INFO - DAG(s) 'example_skip_dag' retrieved from /home/airflow/.local/lib/python3.12/site-packages/airflow/example_dags/example_skip_dag.py
[2025-05-02T20:03:35.946+0000] {logging_mixin.py:188} INFO - [2025-05-02T20:03:35.946+0000] {dag.py:3096} INFO - Sync 1 DAGs
[2025-05-02T20:03:35.965+0000] {logging_mixin.py:188} INFO - [2025-05-02T20:03:35.964+0000] {dag.py:3954} INFO - Setting next_dagrun for example_skip_dag to 2025-05-01 00:00:00+00:00, run_after=2025-05-02 00:00:00+00:00
[2025-05-02T20:03:35.979+0000] {processor.py:183} INFO - Processing /home/airflow/.local/lib/python3.12/site-packages/airflow/example_dags/example_skip_dag.py took 0.061 seconds
[2025-05-02T20:04:06.412+0000] {processor.py:161} INFO - Started process (PID=2537) to work on /home/airflow/.local/lib/python3.12/site-packages/airflow/example_dags/example_skip_dag.py
[2025-05-02T20:04:06.413+0000] {processor.py:830} INFO - Processing file /home/airflow/.local/lib/python3.12/site-packages/airflow/example_dags/example_skip_dag.py for tasks to queue
[2025-05-02T20:04:06.414+0000] {logging_mixin.py:188} INFO - [2025-05-02T20:04:06.414+0000] {dagbag.py:545} INFO - Filling up the DagBag from /home/airflow/.local/lib/python3.12/site-packages/airflow/example_dags/example_skip_dag.py
[2025-05-02T20:04:06.419+0000] {processor.py:840} INFO - DAG(s) 'example_skip_dag' retrieved from /home/airflow/.local/lib/python3.12/site-packages/airflow/example_dags/example_skip_dag.py
[2025-05-02T20:04:06.437+0000] {logging_mixin.py:188} INFO - [2025-05-02T20:04:06.437+0000] {dag.py:3096} INFO - Sync 1 DAGs
[2025-05-02T20:04:06.455+0000] {logging_mixin.py:188} INFO - [2025-05-02T20:04:06.455+0000] {dag.py:3954} INFO - Setting next_dagrun for example_skip_dag to 2025-05-01 00:00:00+00:00, run_after=2025-05-02 00:00:00+00:00
[2025-05-02T20:04:06.471+0000] {processor.py:183} INFO - Processing /home/airflow/.local/lib/python3.12/site-packages/airflow/example_dags/example_skip_dag.py took 0.063 seconds
[2025-05-02T20:04:38.654+0000] {processor.py:161} INFO - Started process (PID=2597) to work on /home/airflow/.local/lib/python3.12/site-packages/airflow/example_dags/example_skip_dag.py
[2025-05-02T20:04:38.655+0000] {processor.py:830} INFO - Processing file /home/airflow/.local/lib/python3.12/site-packages/airflow/example_dags/example_skip_dag.py for tasks to queue
[2025-05-02T20:04:38.657+0000] {logging_mixin.py:188} INFO - [2025-05-02T20:04:38.656+0000] {dagbag.py:545} INFO - Filling up the DagBag from /home/airflow/.local/lib/python3.12/site-packages/airflow/example_dags/example_skip_dag.py
[2025-05-02T20:04:38.663+0000] {processor.py:840} INFO - DAG(s) 'example_skip_dag' retrieved from /home/airflow/.local/lib/python3.12/site-packages/airflow/example_dags/example_skip_dag.py
[2025-05-02T20:04:38.680+0000] {logging_mixin.py:188} INFO - [2025-05-02T20:04:38.680+0000] {dag.py:3096} INFO - Sync 1 DAGs
[2025-05-02T20:04:38.699+0000] {logging_mixin.py:188} INFO - [2025-05-02T20:04:38.699+0000] {dag.py:3954} INFO - Setting next_dagrun for example_skip_dag to 2025-05-01 00:00:00+00:00, run_after=2025-05-02 00:00:00+00:00
[2025-05-02T20:04:38.715+0000] {processor.py:183} INFO - Processing /home/airflow/.local/lib/python3.12/site-packages/airflow/example_dags/example_skip_dag.py took 0.066 seconds
[2025-05-02T20:05:10.948+0000] {processor.py:161} INFO - Started process (PID=2657) to work on /home/airflow/.local/lib/python3.12/site-packages/airflow/example_dags/example_skip_dag.py
[2025-05-02T20:05:10.949+0000] {processor.py:830} INFO - Processing file /home/airflow/.local/lib/python3.12/site-packages/airflow/example_dags/example_skip_dag.py for tasks to queue
[2025-05-02T20:05:10.951+0000] {logging_mixin.py:188} INFO - [2025-05-02T20:05:10.951+0000] {dagbag.py:545} INFO - Filling up the DagBag from /home/airflow/.local/lib/python3.12/site-packages/airflow/example_dags/example_skip_dag.py
[2025-05-02T20:05:10.956+0000] {processor.py:840} INFO - DAG(s) 'example_skip_dag' retrieved from /home/airflow/.local/lib/python3.12/site-packages/airflow/example_dags/example_skip_dag.py
[2025-05-02T20:05:10.973+0000] {logging_mixin.py:188} INFO - [2025-05-02T20:05:10.973+0000] {dag.py:3096} INFO - Sync 1 DAGs
[2025-05-02T20:05:10.992+0000] {logging_mixin.py:188} INFO - [2025-05-02T20:05:10.992+0000] {dag.py:3954} INFO - Setting next_dagrun for example_skip_dag to 2025-05-01 00:00:00+00:00, run_after=2025-05-02 00:00:00+00:00
[2025-05-02T20:05:11.010+0000] {processor.py:183} INFO - Processing /home/airflow/.local/lib/python3.12/site-packages/airflow/example_dags/example_skip_dag.py took 0.067 seconds
[2025-05-02T20:05:43.242+0000] {processor.py:161} INFO - Started process (PID=2717) to work on /home/airflow/.local/lib/python3.12/site-packages/airflow/example_dags/example_skip_dag.py
[2025-05-02T20:05:43.243+0000] {processor.py:830} INFO - Processing file /home/airflow/.local/lib/python3.12/site-packages/airflow/example_dags/example_skip_dag.py for tasks to queue
[2025-05-02T20:05:43.245+0000] {logging_mixin.py:188} INFO - [2025-05-02T20:05:43.244+0000] {dagbag.py:545} INFO - Filling up the DagBag from /home/airflow/.local/lib/python3.12/site-packages/airflow/example_dags/example_skip_dag.py
[2025-05-02T20:05:43.250+0000] {processor.py:840} INFO - DAG(s) 'example_skip_dag' retrieved from /home/airflow/.local/lib/python3.12/site-packages/airflow/example_dags/example_skip_dag.py
[2025-05-02T20:05:43.267+0000] {logging_mixin.py:188} INFO - [2025-05-02T20:05:43.267+0000] {dag.py:3096} INFO - Sync 1 DAGs
[2025-05-02T20:05:43.284+0000] {logging_mixin.py:188} INFO - [2025-05-02T20:05:43.284+0000] {dag.py:3954} INFO - Setting next_dagrun for example_skip_dag to 2025-05-01 00:00:00+00:00, run_after=2025-05-02 00:00:00+00:00
[2025-05-02T20:05:43.298+0000] {processor.py:183} INFO - Processing /home/airflow/.local/lib/python3.12/site-packages/airflow/example_dags/example_skip_dag.py took 0.060 seconds
[2025-05-02T20:06:16.243+0000] {processor.py:161} INFO - Started process (PID=2777) to work on /home/airflow/.local/lib/python3.12/site-packages/airflow/example_dags/example_skip_dag.py
[2025-05-02T20:06:16.244+0000] {processor.py:830} INFO - Processing file /home/airflow/.local/lib/python3.12/site-packages/airflow/example_dags/example_skip_dag.py for tasks to queue
[2025-05-02T20:06:16.245+0000] {logging_mixin.py:188} INFO - [2025-05-02T20:06:16.245+0000] {dagbag.py:545} INFO - Filling up the DagBag from /home/airflow/.local/lib/python3.12/site-packages/airflow/example_dags/example_skip_dag.py
[2025-05-02T20:06:16.250+0000] {processor.py:840} INFO - DAG(s) 'example_skip_dag' retrieved from /home/airflow/.local/lib/python3.12/site-packages/airflow/example_dags/example_skip_dag.py
[2025-05-02T20:06:16.264+0000] {logging_mixin.py:188} INFO - [2025-05-02T20:06:16.264+0000] {dag.py:3096} INFO - Sync 1 DAGs
[2025-05-02T20:06:16.280+0000] {logging_mixin.py:188} INFO - [2025-05-02T20:06:16.280+0000] {dag.py:3954} INFO - Setting next_dagrun for example_skip_dag to 2025-05-01 00:00:00+00:00, run_after=2025-05-02 00:00:00+00:00
[2025-05-02T20:06:16.295+0000] {processor.py:183} INFO - Processing /home/airflow/.local/lib/python3.12/site-packages/airflow/example_dags/example_skip_dag.py took 0.056 seconds
[2025-05-02T20:06:48.304+0000] {processor.py:161} INFO - Started process (PID=2837) to work on /home/airflow/.local/lib/python3.12/site-packages/airflow/example_dags/example_skip_dag.py
[2025-05-02T20:06:48.305+0000] {processor.py:830} INFO - Processing file /home/airflow/.local/lib/python3.12/site-packages/airflow/example_dags/example_skip_dag.py for tasks to queue
[2025-05-02T20:06:48.306+0000] {logging_mixin.py:188} INFO - [2025-05-02T20:06:48.306+0000] {dagbag.py:545} INFO - Filling up the DagBag from /home/airflow/.local/lib/python3.12/site-packages/airflow/example_dags/example_skip_dag.py
[2025-05-02T20:06:48.311+0000] {processor.py:840} INFO - DAG(s) 'example_skip_dag' retrieved from /home/airflow/.local/lib/python3.12/site-packages/airflow/example_dags/example_skip_dag.py
[2025-05-02T20:06:48.325+0000] {logging_mixin.py:188} INFO - [2025-05-02T20:06:48.325+0000] {dag.py:3096} INFO - Sync 1 DAGs
[2025-05-02T20:06:48.341+0000] {logging_mixin.py:188} INFO - [2025-05-02T20:06:48.341+0000] {dag.py:3954} INFO - Setting next_dagrun for example_skip_dag to 2025-05-01 00:00:00+00:00, run_after=2025-05-02 00:00:00+00:00
[2025-05-02T20:06:48.354+0000] {processor.py:183} INFO - Processing /home/airflow/.local/lib/python3.12/site-packages/airflow/example_dags/example_skip_dag.py took 0.053 seconds
[2025-05-02T20:07:21.712+0000] {processor.py:161} INFO - Started process (PID=2897) to work on /home/airflow/.local/lib/python3.12/site-packages/airflow/example_dags/example_skip_dag.py
[2025-05-02T20:07:21.713+0000] {processor.py:830} INFO - Processing file /home/airflow/.local/lib/python3.12/site-packages/airflow/example_dags/example_skip_dag.py for tasks to queue
[2025-05-02T20:07:21.715+0000] {logging_mixin.py:188} INFO - [2025-05-02T20:07:21.714+0000] {dagbag.py:545} INFO - Filling up the DagBag from /home/airflow/.local/lib/python3.12/site-packages/airflow/example_dags/example_skip_dag.py
[2025-05-02T20:07:21.720+0000] {processor.py:840} INFO - DAG(s) 'example_skip_dag' retrieved from /home/airflow/.local/lib/python3.12/site-packages/airflow/example_dags/example_skip_dag.py
[2025-05-02T20:07:21.738+0000] {logging_mixin.py:188} INFO - [2025-05-02T20:07:21.738+0000] {dag.py:3096} INFO - Sync 1 DAGs
[2025-05-02T20:07:21.761+0000] {logging_mixin.py:188} INFO - [2025-05-02T20:07:21.761+0000] {dag.py:3954} INFO - Setting next_dagrun for example_skip_dag to 2025-05-01 00:00:00+00:00, run_after=2025-05-02 00:00:00+00:00
[2025-05-02T20:07:21.779+0000] {processor.py:183} INFO - Processing /home/airflow/.local/lib/python3.12/site-packages/airflow/example_dags/example_skip_dag.py took 0.071 seconds
[2025-05-02T20:07:54.095+0000] {processor.py:161} INFO - Started process (PID=2958) to work on /home/airflow/.local/lib/python3.12/site-packages/airflow/example_dags/example_skip_dag.py
[2025-05-02T20:07:54.096+0000] {processor.py:830} INFO - Processing file /home/airflow/.local/lib/python3.12/site-packages/airflow/example_dags/example_skip_dag.py for tasks to queue
[2025-05-02T20:07:54.098+0000] {logging_mixin.py:188} INFO - [2025-05-02T20:07:54.097+0000] {dagbag.py:545} INFO - Filling up the DagBag from /home/airflow/.local/lib/python3.12/site-packages/airflow/example_dags/example_skip_dag.py
[2025-05-02T20:07:54.103+0000] {processor.py:840} INFO - DAG(s) 'example_skip_dag' retrieved from /home/airflow/.local/lib/python3.12/site-packages/airflow/example_dags/example_skip_dag.py
[2025-05-02T20:07:54.120+0000] {logging_mixin.py:188} INFO - [2025-05-02T20:07:54.120+0000] {dag.py:3096} INFO - Sync 1 DAGs
[2025-05-02T20:07:54.140+0000] {logging_mixin.py:188} INFO - [2025-05-02T20:07:54.139+0000] {dag.py:3954} INFO - Setting next_dagrun for example_skip_dag to 2025-05-01 00:00:00+00:00, run_after=2025-05-02 00:00:00+00:00
[2025-05-02T20:07:54.156+0000] {processor.py:183} INFO - Processing /home/airflow/.local/lib/python3.12/site-packages/airflow/example_dags/example_skip_dag.py took 0.066 seconds
[2025-05-02T20:08:26.221+0000] {processor.py:161} INFO - Started process (PID=3018) to work on /home/airflow/.local/lib/python3.12/site-packages/airflow/example_dags/example_skip_dag.py
[2025-05-02T20:08:26.221+0000] {processor.py:830} INFO - Processing file /home/airflow/.local/lib/python3.12/site-packages/airflow/example_dags/example_skip_dag.py for tasks to queue
[2025-05-02T20:08:26.223+0000] {logging_mixin.py:188} INFO - [2025-05-02T20:08:26.222+0000] {dagbag.py:545} INFO - Filling up the DagBag from /home/airflow/.local/lib/python3.12/site-packages/airflow/example_dags/example_skip_dag.py
[2025-05-02T20:08:26.228+0000] {processor.py:840} INFO - DAG(s) 'example_skip_dag' retrieved from /home/airflow/.local/lib/python3.12/site-packages/airflow/example_dags/example_skip_dag.py
[2025-05-02T20:08:26.242+0000] {logging_mixin.py:188} INFO - [2025-05-02T20:08:26.242+0000] {dag.py:3096} INFO - Sync 1 DAGs
[2025-05-02T20:08:26.257+0000] {logging_mixin.py:188} INFO - [2025-05-02T20:08:26.257+0000] {dag.py:3954} INFO - Setting next_dagrun for example_skip_dag to 2025-05-01 00:00:00+00:00, run_after=2025-05-02 00:00:00+00:00
[2025-05-02T20:08:26.269+0000] {processor.py:183} INFO - Processing /home/airflow/.local/lib/python3.12/site-packages/airflow/example_dags/example_skip_dag.py took 0.053 seconds
[2025-05-02T20:08:59.632+0000] {processor.py:161} INFO - Started process (PID=3078) to work on /home/airflow/.local/lib/python3.12/site-packages/airflow/example_dags/example_skip_dag.py
[2025-05-02T20:08:59.633+0000] {processor.py:830} INFO - Processing file /home/airflow/.local/lib/python3.12/site-packages/airflow/example_dags/example_skip_dag.py for tasks to queue
[2025-05-02T20:08:59.634+0000] {logging_mixin.py:188} INFO - [2025-05-02T20:08:59.634+0000] {dagbag.py:545} INFO - Filling up the DagBag from /home/airflow/.local/lib/python3.12/site-packages/airflow/example_dags/example_skip_dag.py
[2025-05-02T20:08:59.639+0000] {processor.py:840} INFO - DAG(s) 'example_skip_dag' retrieved from /home/airflow/.local/lib/python3.12/site-packages/airflow/example_dags/example_skip_dag.py
[2025-05-02T20:08:59.656+0000] {logging_mixin.py:188} INFO - [2025-05-02T20:08:59.656+0000] {dag.py:3096} INFO - Sync 1 DAGs
[2025-05-02T20:08:59.676+0000] {logging_mixin.py:188} INFO - [2025-05-02T20:08:59.676+0000] {dag.py:3954} INFO - Setting next_dagrun for example_skip_dag to 2025-05-01 00:00:00+00:00, run_after=2025-05-02 00:00:00+00:00
[2025-05-02T20:08:59.692+0000] {processor.py:183} INFO - Processing /home/airflow/.local/lib/python3.12/site-packages/airflow/example_dags/example_skip_dag.py took 0.066 seconds
[2025-05-02T20:09:32.329+0000] {processor.py:161} INFO - Started process (PID=3138) to work on /home/airflow/.local/lib/python3.12/site-packages/airflow/example_dags/example_skip_dag.py
[2025-05-02T20:09:32.329+0000] {processor.py:830} INFO - Processing file /home/airflow/.local/lib/python3.12/site-packages/airflow/example_dags/example_skip_dag.py for tasks to queue
[2025-05-02T20:09:32.331+0000] {logging_mixin.py:188} INFO - [2025-05-02T20:09:32.331+0000] {dagbag.py:545} INFO - Filling up the DagBag from /home/airflow/.local/lib/python3.12/site-packages/airflow/example_dags/example_skip_dag.py
[2025-05-02T20:09:32.336+0000] {processor.py:840} INFO - DAG(s) 'example_skip_dag' retrieved from /home/airflow/.local/lib/python3.12/site-packages/airflow/example_dags/example_skip_dag.py
[2025-05-02T20:09:32.352+0000] {logging_mixin.py:188} INFO - [2025-05-02T20:09:32.351+0000] {dag.py:3096} INFO - Sync 1 DAGs
[2025-05-02T20:09:32.369+0000] {logging_mixin.py:188} INFO - [2025-05-02T20:09:32.368+0000] {dag.py:3954} INFO - Setting next_dagrun for example_skip_dag to 2025-05-01 00:00:00+00:00, run_after=2025-05-02 00:00:00+00:00
[2025-05-02T20:09:32.387+0000] {processor.py:183} INFO - Processing /home/airflow/.local/lib/python3.12/site-packages/airflow/example_dags/example_skip_dag.py took 0.063 seconds
[2025-05-02T20:10:04.422+0000] {processor.py:161} INFO - Started process (PID=3198) to work on /home/airflow/.local/lib/python3.12/site-packages/airflow/example_dags/example_skip_dag.py
[2025-05-02T20:10:04.423+0000] {processor.py:830} INFO - Processing file /home/airflow/.local/lib/python3.12/site-packages/airflow/example_dags/example_skip_dag.py for tasks to queue
[2025-05-02T20:10:04.424+0000] {logging_mixin.py:188} INFO - [2025-05-02T20:10:04.424+0000] {dagbag.py:545} INFO - Filling up the DagBag from /home/airflow/.local/lib/python3.12/site-packages/airflow/example_dags/example_skip_dag.py
[2025-05-02T20:10:04.429+0000] {processor.py:840} INFO - DAG(s) 'example_skip_dag' retrieved from /home/airflow/.local/lib/python3.12/site-packages/airflow/example_dags/example_skip_dag.py
[2025-05-02T20:10:04.444+0000] {logging_mixin.py:188} INFO - [2025-05-02T20:10:04.444+0000] {dag.py:3096} INFO - Sync 1 DAGs
[2025-05-02T20:10:04.460+0000] {logging_mixin.py:188} INFO - [2025-05-02T20:10:04.460+0000] {dag.py:3954} INFO - Setting next_dagrun for example_skip_dag to 2025-05-01 00:00:00+00:00, run_after=2025-05-02 00:00:00+00:00
[2025-05-02T20:10:04.474+0000] {processor.py:183} INFO - Processing /home/airflow/.local/lib/python3.12/site-packages/airflow/example_dags/example_skip_dag.py took 0.057 seconds
[2025-05-02T20:10:36.413+0000] {processor.py:161} INFO - Started process (PID=3258) to work on /home/airflow/.local/lib/python3.12/site-packages/airflow/example_dags/example_skip_dag.py
[2025-05-02T20:10:36.414+0000] {processor.py:830} INFO - Processing file /home/airflow/.local/lib/python3.12/site-packages/airflow/example_dags/example_skip_dag.py for tasks to queue
[2025-05-02T20:10:36.415+0000] {logging_mixin.py:188} INFO - [2025-05-02T20:10:36.415+0000] {dagbag.py:545} INFO - Filling up the DagBag from /home/airflow/.local/lib/python3.12/site-packages/airflow/example_dags/example_skip_dag.py
[2025-05-02T20:10:36.421+0000] {processor.py:840} INFO - DAG(s) 'example_skip_dag' retrieved from /home/airflow/.local/lib/python3.12/site-packages/airflow/example_dags/example_skip_dag.py
[2025-05-02T20:10:36.438+0000] {logging_mixin.py:188} INFO - [2025-05-02T20:10:36.438+0000] {dag.py:3096} INFO - Sync 1 DAGs
[2025-05-02T20:10:36.456+0000] {logging_mixin.py:188} INFO - [2025-05-02T20:10:36.456+0000] {dag.py:3954} INFO - Setting next_dagrun for example_skip_dag to 2025-05-01 00:00:00+00:00, run_after=2025-05-02 00:00:00+00:00
[2025-05-02T20:10:36.469+0000] {processor.py:183} INFO - Processing /home/airflow/.local/lib/python3.12/site-packages/airflow/example_dags/example_skip_dag.py took 0.061 seconds
[2025-05-02T20:11:09.550+0000] {processor.py:161} INFO - Started process (PID=3318) to work on /home/airflow/.local/lib/python3.12/site-packages/airflow/example_dags/example_skip_dag.py
[2025-05-02T20:11:09.551+0000] {processor.py:830} INFO - Processing file /home/airflow/.local/lib/python3.12/site-packages/airflow/example_dags/example_skip_dag.py for tasks to queue
[2025-05-02T20:11:09.552+0000] {logging_mixin.py:188} INFO - [2025-05-02T20:11:09.552+0000] {dagbag.py:545} INFO - Filling up the DagBag from /home/airflow/.local/lib/python3.12/site-packages/airflow/example_dags/example_skip_dag.py
[2025-05-02T20:11:09.557+0000] {processor.py:840} INFO - DAG(s) 'example_skip_dag' retrieved from /home/airflow/.local/lib/python3.12/site-packages/airflow/example_dags/example_skip_dag.py
[2025-05-02T20:11:09.573+0000] {logging_mixin.py:188} INFO - [2025-05-02T20:11:09.572+0000] {dag.py:3096} INFO - Sync 1 DAGs
[2025-05-02T20:11:09.589+0000] {logging_mixin.py:188} INFO - [2025-05-02T20:11:09.589+0000] {dag.py:3954} INFO - Setting next_dagrun for example_skip_dag to 2025-05-01 00:00:00+00:00, run_after=2025-05-02 00:00:00+00:00
[2025-05-02T20:11:09.601+0000] {processor.py:183} INFO - Processing /home/airflow/.local/lib/python3.12/site-packages/airflow/example_dags/example_skip_dag.py took 0.055 seconds
[2025-05-02T20:11:41.692+0000] {processor.py:161} INFO - Started process (PID=3378) to work on /home/airflow/.local/lib/python3.12/site-packages/airflow/example_dags/example_skip_dag.py
[2025-05-02T20:11:41.693+0000] {processor.py:830} INFO - Processing file /home/airflow/.local/lib/python3.12/site-packages/airflow/example_dags/example_skip_dag.py for tasks to queue
[2025-05-02T20:11:41.695+0000] {logging_mixin.py:188} INFO - [2025-05-02T20:11:41.694+0000] {dagbag.py:545} INFO - Filling up the DagBag from /home/airflow/.local/lib/python3.12/site-packages/airflow/example_dags/example_skip_dag.py
[2025-05-02T20:11:41.700+0000] {processor.py:840} INFO - DAG(s) 'example_skip_dag' retrieved from /home/airflow/.local/lib/python3.12/site-packages/airflow/example_dags/example_skip_dag.py
[2025-05-02T20:11:41.719+0000] {logging_mixin.py:188} INFO - [2025-05-02T20:11:41.719+0000] {dag.py:3096} INFO - Sync 1 DAGs
[2025-05-02T20:11:41.734+0000] {logging_mixin.py:188} INFO - [2025-05-02T20:11:41.734+0000] {dag.py:3954} INFO - Setting next_dagrun for example_skip_dag to 2025-05-01 00:00:00+00:00, run_after=2025-05-02 00:00:00+00:00
[2025-05-02T20:11:41.747+0000] {processor.py:183} INFO - Processing /home/airflow/.local/lib/python3.12/site-packages/airflow/example_dags/example_skip_dag.py took 0.059 seconds
[2025-05-02T20:12:14.901+0000] {processor.py:161} INFO - Started process (PID=3438) to work on /home/airflow/.local/lib/python3.12/site-packages/airflow/example_dags/example_skip_dag.py
[2025-05-02T20:12:14.902+0000] {processor.py:830} INFO - Processing file /home/airflow/.local/lib/python3.12/site-packages/airflow/example_dags/example_skip_dag.py for tasks to queue
[2025-05-02T20:12:14.904+0000] {logging_mixin.py:188} INFO - [2025-05-02T20:12:14.903+0000] {dagbag.py:545} INFO - Filling up the DagBag from /home/airflow/.local/lib/python3.12/site-packages/airflow/example_dags/example_skip_dag.py
[2025-05-02T20:12:14.908+0000] {processor.py:840} INFO - DAG(s) 'example_skip_dag' retrieved from /home/airflow/.local/lib/python3.12/site-packages/airflow/example_dags/example_skip_dag.py
[2025-05-02T20:12:14.924+0000] {logging_mixin.py:188} INFO - [2025-05-02T20:12:14.924+0000] {dag.py:3096} INFO - Sync 1 DAGs
[2025-05-02T20:12:14.943+0000] {logging_mixin.py:188} INFO - [2025-05-02T20:12:14.942+0000] {dag.py:3954} INFO - Setting next_dagrun for example_skip_dag to 2025-05-01 00:00:00+00:00, run_after=2025-05-02 00:00:00+00:00
[2025-05-02T20:12:14.957+0000] {processor.py:183} INFO - Processing /home/airflow/.local/lib/python3.12/site-packages/airflow/example_dags/example_skip_dag.py took 0.060 seconds
[2025-05-02T20:12:46.982+0000] {processor.py:161} INFO - Started process (PID=3498) to work on /home/airflow/.local/lib/python3.12/site-packages/airflow/example_dags/example_skip_dag.py
[2025-05-02T20:12:46.983+0000] {processor.py:830} INFO - Processing file /home/airflow/.local/lib/python3.12/site-packages/airflow/example_dags/example_skip_dag.py for tasks to queue
[2025-05-02T20:12:46.985+0000] {logging_mixin.py:188} INFO - [2025-05-02T20:12:46.984+0000] {dagbag.py:545} INFO - Filling up the DagBag from /home/airflow/.local/lib/python3.12/site-packages/airflow/example_dags/example_skip_dag.py
[2025-05-02T20:12:46.990+0000] {processor.py:840} INFO - DAG(s) 'example_skip_dag' retrieved from /home/airflow/.local/lib/python3.12/site-packages/airflow/example_dags/example_skip_dag.py
[2025-05-02T20:12:47.006+0000] {logging_mixin.py:188} INFO - [2025-05-02T20:12:47.005+0000] {dag.py:3096} INFO - Sync 1 DAGs
[2025-05-02T20:12:47.023+0000] {logging_mixin.py:188} INFO - [2025-05-02T20:12:47.023+0000] {dag.py:3954} INFO - Setting next_dagrun for example_skip_dag to 2025-05-01 00:00:00+00:00, run_after=2025-05-02 00:00:00+00:00
[2025-05-02T20:12:47.039+0000] {processor.py:183} INFO - Processing /home/airflow/.local/lib/python3.12/site-packages/airflow/example_dags/example_skip_dag.py took 0.062 seconds
