[2025-05-02T19:42:20.082+0000] {processor.py:161} INFO - Started process (PID=51) to work on /home/airflow/.local/lib/python3.12/site-packages/airflow/example_dags/example_nested_branch_dag.py
[2025-05-02T19:42:20.083+0000] {processor.py:830} INFO - Processing file /home/airflow/.local/lib/python3.12/site-packages/airflow/example_dags/example_nested_branch_dag.py for tasks to queue
[2025-05-02T19:42:20.085+0000] {logging_mixin.py:188} INFO - [2025-05-02T19:42:20.084+0000] {dagbag.py:545} INFO - Filling up the DagBag from /home/airflow/.local/lib/python3.12/site-packages/airflow/example_dags/example_nested_branch_dag.py
[2025-05-02T19:42:20.099+0000] {processor.py:840} INFO - DAG(s) 'example_nested_branch_dag' retrieved from /home/airflow/.local/lib/python3.12/site-packages/airflow/example_dags/example_nested_branch_dag.py
[2025-05-02T19:42:20.195+0000] {logging_mixin.py:188} INFO - [2025-05-02T19:42:20.194+0000] {override.py:1829} INFO - Created Permission View: can edit on DAG:example_nested_branch_dag
[2025-05-02T19:42:20.204+0000] {logging_mixin.py:188} INFO - [2025-05-02T19:42:20.204+0000] {override.py:1829} INFO - Created Permission View: can read on DAG:example_nested_branch_dag
[2025-05-02T19:42:20.210+0000] {logging_mixin.py:188} INFO - [2025-05-02T19:42:20.210+0000] {override.py:1829} INFO - Created Permission View: can delete on DAG:example_nested_branch_dag
[2025-05-02T19:42:20.211+0000] {logging_mixin.py:188} INFO - [2025-05-02T19:42:20.210+0000] {dag.py:3096} INFO - Sync 1 DAGs
[2025-05-02T19:42:20.221+0000] {logging_mixin.py:188} INFO - [2025-05-02T19:42:20.220+0000] {dag.py:3118} INFO - Creating ORM DAG for example_nested_branch_dag
[2025-05-02T19:42:20.230+0000] {logging_mixin.py:188} INFO - [2025-05-02T19:42:20.230+0000] {dag.py:3954} INFO - Setting next_dagrun for example_nested_branch_dag to 2025-05-01 00:00:00+00:00, run_after=2025-05-02 00:00:00+00:00
[2025-05-02T19:42:20.247+0000] {processor.py:183} INFO - Processing /home/airflow/.local/lib/python3.12/site-packages/airflow/example_dags/example_nested_branch_dag.py took 0.169 seconds
[2025-05-02T19:42:50.505+0000] {processor.py:161} INFO - Started process (PID=111) to work on /home/airflow/.local/lib/python3.12/site-packages/airflow/example_dags/example_nested_branch_dag.py
[2025-05-02T19:42:50.511+0000] {processor.py:830} INFO - Processing file /home/airflow/.local/lib/python3.12/site-packages/airflow/example_dags/example_nested_branch_dag.py for tasks to queue
[2025-05-02T19:42:50.512+0000] {logging_mixin.py:188} INFO - [2025-05-02T19:42:50.512+0000] {dagbag.py:545} INFO - Filling up the DagBag from /home/airflow/.local/lib/python3.12/site-packages/airflow/example_dags/example_nested_branch_dag.py
[2025-05-02T19:42:50.519+0000] {processor.py:840} INFO - DAG(s) 'example_nested_branch_dag' retrieved from /home/airflow/.local/lib/python3.12/site-packages/airflow/example_dags/example_nested_branch_dag.py
[2025-05-02T19:42:50.535+0000] {logging_mixin.py:188} INFO - [2025-05-02T19:42:50.534+0000] {dag.py:3096} INFO - Sync 1 DAGs
[2025-05-02T19:42:50.554+0000] {logging_mixin.py:188} INFO - [2025-05-02T19:42:50.554+0000] {dag.py:3954} INFO - Setting next_dagrun for example_nested_branch_dag to 2025-05-01 00:00:00+00:00, run_after=2025-05-02 00:00:00+00:00
[2025-05-02T19:42:50.584+0000] {processor.py:183} INFO - Processing /home/airflow/.local/lib/python3.12/site-packages/airflow/example_dags/example_nested_branch_dag.py took 0.084 seconds
[2025-05-02T19:43:20.695+0000] {processor.py:161} INFO - Started process (PID=171) to work on /home/airflow/.local/lib/python3.12/site-packages/airflow/example_dags/example_nested_branch_dag.py
[2025-05-02T19:43:20.696+0000] {processor.py:830} INFO - Processing file /home/airflow/.local/lib/python3.12/site-packages/airflow/example_dags/example_nested_branch_dag.py for tasks to queue
[2025-05-02T19:43:20.698+0000] {logging_mixin.py:188} INFO - [2025-05-02T19:43:20.697+0000] {dagbag.py:545} INFO - Filling up the DagBag from /home/airflow/.local/lib/python3.12/site-packages/airflow/example_dags/example_nested_branch_dag.py
[2025-05-02T19:43:20.708+0000] {processor.py:840} INFO - DAG(s) 'example_nested_branch_dag' retrieved from /home/airflow/.local/lib/python3.12/site-packages/airflow/example_dags/example_nested_branch_dag.py
[2025-05-02T19:43:20.728+0000] {logging_mixin.py:188} INFO - [2025-05-02T19:43:20.728+0000] {dag.py:3096} INFO - Sync 1 DAGs
[2025-05-02T19:43:20.746+0000] {logging_mixin.py:188} INFO - [2025-05-02T19:43:20.746+0000] {dag.py:3954} INFO - Setting next_dagrun for example_nested_branch_dag to 2025-05-01 00:00:00+00:00, run_after=2025-05-02 00:00:00+00:00
[2025-05-02T19:43:20.761+0000] {processor.py:183} INFO - Processing /home/airflow/.local/lib/python3.12/site-packages/airflow/example_dags/example_nested_branch_dag.py took 0.070 seconds
[2025-05-02T19:43:51.788+0000] {processor.py:161} INFO - Started process (PID=231) to work on /home/airflow/.local/lib/python3.12/site-packages/airflow/example_dags/example_nested_branch_dag.py
[2025-05-02T19:43:51.789+0000] {processor.py:830} INFO - Processing file /home/airflow/.local/lib/python3.12/site-packages/airflow/example_dags/example_nested_branch_dag.py for tasks to queue
[2025-05-02T19:43:51.790+0000] {logging_mixin.py:188} INFO - [2025-05-02T19:43:51.790+0000] {dagbag.py:545} INFO - Filling up the DagBag from /home/airflow/.local/lib/python3.12/site-packages/airflow/example_dags/example_nested_branch_dag.py
[2025-05-02T19:43:51.799+0000] {processor.py:840} INFO - DAG(s) 'example_nested_branch_dag' retrieved from /home/airflow/.local/lib/python3.12/site-packages/airflow/example_dags/example_nested_branch_dag.py
[2025-05-02T19:43:51.818+0000] {logging_mixin.py:188} INFO - [2025-05-02T19:43:51.818+0000] {dag.py:3096} INFO - Sync 1 DAGs
[2025-05-02T19:43:51.837+0000] {logging_mixin.py:188} INFO - [2025-05-02T19:43:51.836+0000] {dag.py:3954} INFO - Setting next_dagrun for example_nested_branch_dag to 2025-05-01 00:00:00+00:00, run_after=2025-05-02 00:00:00+00:00
[2025-05-02T19:43:51.852+0000] {processor.py:183} INFO - Processing /home/airflow/.local/lib/python3.12/site-packages/airflow/example_dags/example_nested_branch_dag.py took 0.070 seconds
[2025-05-02T19:44:22.454+0000] {processor.py:161} INFO - Started process (PID=291) to work on /home/airflow/.local/lib/python3.12/site-packages/airflow/example_dags/example_nested_branch_dag.py
[2025-05-02T19:44:22.456+0000] {processor.py:830} INFO - Processing file /home/airflow/.local/lib/python3.12/site-packages/airflow/example_dags/example_nested_branch_dag.py for tasks to queue
[2025-05-02T19:44:22.464+0000] {logging_mixin.py:188} INFO - [2025-05-02T19:44:22.464+0000] {dagbag.py:545} INFO - Filling up the DagBag from /home/airflow/.local/lib/python3.12/site-packages/airflow/example_dags/example_nested_branch_dag.py
[2025-05-02T19:44:22.478+0000] {processor.py:840} INFO - DAG(s) 'example_nested_branch_dag' retrieved from /home/airflow/.local/lib/python3.12/site-packages/airflow/example_dags/example_nested_branch_dag.py
[2025-05-02T19:44:22.508+0000] {logging_mixin.py:188} INFO - [2025-05-02T19:44:22.508+0000] {dag.py:3096} INFO - Sync 1 DAGs
[2025-05-02T19:44:22.528+0000] {logging_mixin.py:188} INFO - [2025-05-02T19:44:22.528+0000] {dag.py:3954} INFO - Setting next_dagrun for example_nested_branch_dag to 2025-05-01 00:00:00+00:00, run_after=2025-05-02 00:00:00+00:00
[2025-05-02T19:44:22.546+0000] {processor.py:183} INFO - Processing /home/airflow/.local/lib/python3.12/site-packages/airflow/example_dags/example_nested_branch_dag.py took 0.101 seconds
[2025-05-02T19:44:53.453+0000] {processor.py:161} INFO - Started process (PID=351) to work on /home/airflow/.local/lib/python3.12/site-packages/airflow/example_dags/example_nested_branch_dag.py
[2025-05-02T19:44:53.454+0000] {processor.py:830} INFO - Processing file /home/airflow/.local/lib/python3.12/site-packages/airflow/example_dags/example_nested_branch_dag.py for tasks to queue
[2025-05-02T19:44:53.456+0000] {logging_mixin.py:188} INFO - [2025-05-02T19:44:53.455+0000] {dagbag.py:545} INFO - Filling up the DagBag from /home/airflow/.local/lib/python3.12/site-packages/airflow/example_dags/example_nested_branch_dag.py
[2025-05-02T19:44:53.465+0000] {processor.py:840} INFO - DAG(s) 'example_nested_branch_dag' retrieved from /home/airflow/.local/lib/python3.12/site-packages/airflow/example_dags/example_nested_branch_dag.py
[2025-05-02T19:44:53.485+0000] {logging_mixin.py:188} INFO - [2025-05-02T19:44:53.484+0000] {dag.py:3096} INFO - Sync 1 DAGs
[2025-05-02T19:44:53.517+0000] {logging_mixin.py:188} INFO - [2025-05-02T19:44:53.517+0000] {dag.py:3954} INFO - Setting next_dagrun for example_nested_branch_dag to 2025-05-01 00:00:00+00:00, run_after=2025-05-02 00:00:00+00:00
[2025-05-02T19:44:53.547+0000] {processor.py:183} INFO - Processing /home/airflow/.local/lib/python3.12/site-packages/airflow/example_dags/example_nested_branch_dag.py took 0.100 seconds
[2025-05-02T19:45:23.708+0000] {processor.py:161} INFO - Started process (PID=409) to work on /home/airflow/.local/lib/python3.12/site-packages/airflow/example_dags/example_nested_branch_dag.py
[2025-05-02T19:45:23.708+0000] {processor.py:830} INFO - Processing file /home/airflow/.local/lib/python3.12/site-packages/airflow/example_dags/example_nested_branch_dag.py for tasks to queue
[2025-05-02T19:45:23.710+0000] {logging_mixin.py:188} INFO - [2025-05-02T19:45:23.710+0000] {dagbag.py:545} INFO - Filling up the DagBag from /home/airflow/.local/lib/python3.12/site-packages/airflow/example_dags/example_nested_branch_dag.py
[2025-05-02T19:45:23.720+0000] {processor.py:840} INFO - DAG(s) 'example_nested_branch_dag' retrieved from /home/airflow/.local/lib/python3.12/site-packages/airflow/example_dags/example_nested_branch_dag.py
[2025-05-02T19:45:23.741+0000] {logging_mixin.py:188} INFO - [2025-05-02T19:45:23.741+0000] {dag.py:3096} INFO - Sync 1 DAGs
[2025-05-02T19:45:23.761+0000] {logging_mixin.py:188} INFO - [2025-05-02T19:45:23.761+0000] {dag.py:3954} INFO - Setting next_dagrun for example_nested_branch_dag to 2025-05-01 00:00:00+00:00, run_after=2025-05-02 00:00:00+00:00
[2025-05-02T19:45:23.778+0000] {processor.py:183} INFO - Processing /home/airflow/.local/lib/python3.12/site-packages/airflow/example_dags/example_nested_branch_dag.py took 0.075 seconds
[2025-05-02T19:45:53.946+0000] {processor.py:161} INFO - Started process (PID=469) to work on /home/airflow/.local/lib/python3.12/site-packages/airflow/example_dags/example_nested_branch_dag.py
[2025-05-02T19:45:53.947+0000] {processor.py:830} INFO - Processing file /home/airflow/.local/lib/python3.12/site-packages/airflow/example_dags/example_nested_branch_dag.py for tasks to queue
[2025-05-02T19:45:53.949+0000] {logging_mixin.py:188} INFO - [2025-05-02T19:45:53.949+0000] {dagbag.py:545} INFO - Filling up the DagBag from /home/airflow/.local/lib/python3.12/site-packages/airflow/example_dags/example_nested_branch_dag.py
[2025-05-02T19:45:53.965+0000] {processor.py:840} INFO - DAG(s) 'example_nested_branch_dag' retrieved from /home/airflow/.local/lib/python3.12/site-packages/airflow/example_dags/example_nested_branch_dag.py
[2025-05-02T19:45:53.987+0000] {logging_mixin.py:188} INFO - [2025-05-02T19:45:53.987+0000] {dag.py:3096} INFO - Sync 1 DAGs
[2025-05-02T19:45:54.005+0000] {logging_mixin.py:188} INFO - [2025-05-02T19:45:54.005+0000] {dag.py:3954} INFO - Setting next_dagrun for example_nested_branch_dag to 2025-05-01 00:00:00+00:00, run_after=2025-05-02 00:00:00+00:00
[2025-05-02T19:45:54.021+0000] {processor.py:183} INFO - Processing /home/airflow/.local/lib/python3.12/site-packages/airflow/example_dags/example_nested_branch_dag.py took 0.081 seconds
[2025-05-02T19:46:24.263+0000] {processor.py:161} INFO - Started process (PID=529) to work on /home/airflow/.local/lib/python3.12/site-packages/airflow/example_dags/example_nested_branch_dag.py
[2025-05-02T19:46:24.263+0000] {processor.py:830} INFO - Processing file /home/airflow/.local/lib/python3.12/site-packages/airflow/example_dags/example_nested_branch_dag.py for tasks to queue
[2025-05-02T19:46:24.266+0000] {logging_mixin.py:188} INFO - [2025-05-02T19:46:24.265+0000] {dagbag.py:545} INFO - Filling up the DagBag from /home/airflow/.local/lib/python3.12/site-packages/airflow/example_dags/example_nested_branch_dag.py
[2025-05-02T19:46:24.277+0000] {processor.py:840} INFO - DAG(s) 'example_nested_branch_dag' retrieved from /home/airflow/.local/lib/python3.12/site-packages/airflow/example_dags/example_nested_branch_dag.py
[2025-05-02T19:46:24.295+0000] {logging_mixin.py:188} INFO - [2025-05-02T19:46:24.294+0000] {dag.py:3096} INFO - Sync 1 DAGs
[2025-05-02T19:46:24.314+0000] {logging_mixin.py:188} INFO - [2025-05-02T19:46:24.314+0000] {dag.py:3954} INFO - Setting next_dagrun for example_nested_branch_dag to 2025-05-01 00:00:00+00:00, run_after=2025-05-02 00:00:00+00:00
[2025-05-02T19:46:24.334+0000] {processor.py:183} INFO - Processing /home/airflow/.local/lib/python3.12/site-packages/airflow/example_dags/example_nested_branch_dag.py took 0.076 seconds
[2025-05-02T19:46:54.594+0000] {processor.py:161} INFO - Started process (PID=589) to work on /home/airflow/.local/lib/python3.12/site-packages/airflow/example_dags/example_nested_branch_dag.py
[2025-05-02T19:46:54.595+0000] {processor.py:830} INFO - Processing file /home/airflow/.local/lib/python3.12/site-packages/airflow/example_dags/example_nested_branch_dag.py for tasks to queue
[2025-05-02T19:46:54.596+0000] {logging_mixin.py:188} INFO - [2025-05-02T19:46:54.596+0000] {dagbag.py:545} INFO - Filling up the DagBag from /home/airflow/.local/lib/python3.12/site-packages/airflow/example_dags/example_nested_branch_dag.py
[2025-05-02T19:46:54.603+0000] {processor.py:840} INFO - DAG(s) 'example_nested_branch_dag' retrieved from /home/airflow/.local/lib/python3.12/site-packages/airflow/example_dags/example_nested_branch_dag.py
[2025-05-02T19:46:54.622+0000] {logging_mixin.py:188} INFO - [2025-05-02T19:46:54.621+0000] {dag.py:3096} INFO - Sync 1 DAGs
[2025-05-02T19:46:54.643+0000] {logging_mixin.py:188} INFO - [2025-05-02T19:46:54.643+0000] {dag.py:3954} INFO - Setting next_dagrun for example_nested_branch_dag to 2025-05-01 00:00:00+00:00, run_after=2025-05-02 00:00:00+00:00
[2025-05-02T19:46:54.659+0000] {processor.py:183} INFO - Processing /home/airflow/.local/lib/python3.12/site-packages/airflow/example_dags/example_nested_branch_dag.py took 0.070 seconds
[2025-05-02T19:47:24.931+0000] {processor.py:161} INFO - Started process (PID=643) to work on /home/airflow/.local/lib/python3.12/site-packages/airflow/example_dags/example_nested_branch_dag.py
[2025-05-02T19:47:24.932+0000] {processor.py:830} INFO - Processing file /home/airflow/.local/lib/python3.12/site-packages/airflow/example_dags/example_nested_branch_dag.py for tasks to queue
[2025-05-02T19:47:24.934+0000] {logging_mixin.py:188} INFO - [2025-05-02T19:47:24.933+0000] {dagbag.py:545} INFO - Filling up the DagBag from /home/airflow/.local/lib/python3.12/site-packages/airflow/example_dags/example_nested_branch_dag.py
[2025-05-02T19:47:24.944+0000] {processor.py:840} INFO - DAG(s) 'example_nested_branch_dag' retrieved from /home/airflow/.local/lib/python3.12/site-packages/airflow/example_dags/example_nested_branch_dag.py
[2025-05-02T19:47:24.964+0000] {logging_mixin.py:188} INFO - [2025-05-02T19:47:24.963+0000] {dag.py:3096} INFO - Sync 1 DAGs
[2025-05-02T19:47:24.984+0000] {logging_mixin.py:188} INFO - [2025-05-02T19:47:24.984+0000] {dag.py:3954} INFO - Setting next_dagrun for example_nested_branch_dag to 2025-05-01 00:00:00+00:00, run_after=2025-05-02 00:00:00+00:00
[2025-05-02T19:47:25.002+0000] {processor.py:183} INFO - Processing /home/airflow/.local/lib/python3.12/site-packages/airflow/example_dags/example_nested_branch_dag.py took 0.076 seconds
[2025-05-02T19:47:55.417+0000] {processor.py:161} INFO - Started process (PID=703) to work on /home/airflow/.local/lib/python3.12/site-packages/airflow/example_dags/example_nested_branch_dag.py
[2025-05-02T19:47:55.418+0000] {processor.py:830} INFO - Processing file /home/airflow/.local/lib/python3.12/site-packages/airflow/example_dags/example_nested_branch_dag.py for tasks to queue
[2025-05-02T19:47:55.420+0000] {logging_mixin.py:188} INFO - [2025-05-02T19:47:55.419+0000] {dagbag.py:545} INFO - Filling up the DagBag from /home/airflow/.local/lib/python3.12/site-packages/airflow/example_dags/example_nested_branch_dag.py
[2025-05-02T19:47:55.429+0000] {processor.py:840} INFO - DAG(s) 'example_nested_branch_dag' retrieved from /home/airflow/.local/lib/python3.12/site-packages/airflow/example_dags/example_nested_branch_dag.py
[2025-05-02T19:47:55.448+0000] {logging_mixin.py:188} INFO - [2025-05-02T19:47:55.448+0000] {dag.py:3096} INFO - Sync 1 DAGs
[2025-05-02T19:47:55.469+0000] {logging_mixin.py:188} INFO - [2025-05-02T19:47:55.469+0000] {dag.py:3954} INFO - Setting next_dagrun for example_nested_branch_dag to 2025-05-01 00:00:00+00:00, run_after=2025-05-02 00:00:00+00:00
[2025-05-02T19:47:55.485+0000] {processor.py:183} INFO - Processing /home/airflow/.local/lib/python3.12/site-packages/airflow/example_dags/example_nested_branch_dag.py took 0.073 seconds
[2025-05-02T19:48:25.762+0000] {processor.py:161} INFO - Started process (PID=763) to work on /home/airflow/.local/lib/python3.12/site-packages/airflow/example_dags/example_nested_branch_dag.py
[2025-05-02T19:48:25.763+0000] {processor.py:830} INFO - Processing file /home/airflow/.local/lib/python3.12/site-packages/airflow/example_dags/example_nested_branch_dag.py for tasks to queue
[2025-05-02T19:48:25.764+0000] {logging_mixin.py:188} INFO - [2025-05-02T19:48:25.764+0000] {dagbag.py:545} INFO - Filling up the DagBag from /home/airflow/.local/lib/python3.12/site-packages/airflow/example_dags/example_nested_branch_dag.py
[2025-05-02T19:48:25.772+0000] {processor.py:840} INFO - DAG(s) 'example_nested_branch_dag' retrieved from /home/airflow/.local/lib/python3.12/site-packages/airflow/example_dags/example_nested_branch_dag.py
[2025-05-02T19:48:25.789+0000] {logging_mixin.py:188} INFO - [2025-05-02T19:48:25.789+0000] {dag.py:3096} INFO - Sync 1 DAGs
[2025-05-02T19:48:25.806+0000] {logging_mixin.py:188} INFO - [2025-05-02T19:48:25.806+0000] {dag.py:3954} INFO - Setting next_dagrun for example_nested_branch_dag to 2025-05-01 00:00:00+00:00, run_after=2025-05-02 00:00:00+00:00
[2025-05-02T19:48:25.820+0000] {processor.py:183} INFO - Processing /home/airflow/.local/lib/python3.12/site-packages/airflow/example_dags/example_nested_branch_dag.py took 0.064 seconds
[2025-05-02T19:48:55.984+0000] {processor.py:161} INFO - Started process (PID=823) to work on /home/airflow/.local/lib/python3.12/site-packages/airflow/example_dags/example_nested_branch_dag.py
[2025-05-02T19:48:55.986+0000] {processor.py:830} INFO - Processing file /home/airflow/.local/lib/python3.12/site-packages/airflow/example_dags/example_nested_branch_dag.py for tasks to queue
[2025-05-02T19:48:55.989+0000] {logging_mixin.py:188} INFO - [2025-05-02T19:48:55.988+0000] {dagbag.py:545} INFO - Filling up the DagBag from /home/airflow/.local/lib/python3.12/site-packages/airflow/example_dags/example_nested_branch_dag.py
[2025-05-02T19:48:55.999+0000] {processor.py:840} INFO - DAG(s) 'example_nested_branch_dag' retrieved from /home/airflow/.local/lib/python3.12/site-packages/airflow/example_dags/example_nested_branch_dag.py
[2025-05-02T19:48:56.016+0000] {logging_mixin.py:188} INFO - [2025-05-02T19:48:56.016+0000] {dag.py:3096} INFO - Sync 1 DAGs
[2025-05-02T19:48:56.032+0000] {logging_mixin.py:188} INFO - [2025-05-02T19:48:56.032+0000] {dag.py:3954} INFO - Setting next_dagrun for example_nested_branch_dag to 2025-05-01 00:00:00+00:00, run_after=2025-05-02 00:00:00+00:00
[2025-05-02T19:48:56.045+0000] {processor.py:183} INFO - Processing /home/airflow/.local/lib/python3.12/site-packages/airflow/example_dags/example_nested_branch_dag.py took 0.070 seconds
[2025-05-02T19:49:28.503+0000] {processor.py:161} INFO - Started process (PID=884) to work on /home/airflow/.local/lib/python3.12/site-packages/airflow/example_dags/example_nested_branch_dag.py
[2025-05-02T19:49:28.504+0000] {processor.py:830} INFO - Processing file /home/airflow/.local/lib/python3.12/site-packages/airflow/example_dags/example_nested_branch_dag.py for tasks to queue
[2025-05-02T19:49:28.506+0000] {logging_mixin.py:188} INFO - [2025-05-02T19:49:28.505+0000] {dagbag.py:545} INFO - Filling up the DagBag from /home/airflow/.local/lib/python3.12/site-packages/airflow/example_dags/example_nested_branch_dag.py
[2025-05-02T19:49:28.513+0000] {processor.py:840} INFO - DAG(s) 'example_nested_branch_dag' retrieved from /home/airflow/.local/lib/python3.12/site-packages/airflow/example_dags/example_nested_branch_dag.py
[2025-05-02T19:49:28.529+0000] {logging_mixin.py:188} INFO - [2025-05-02T19:49:28.529+0000] {dag.py:3096} INFO - Sync 1 DAGs
[2025-05-02T19:49:28.548+0000] {logging_mixin.py:188} INFO - [2025-05-02T19:49:28.548+0000] {dag.py:3954} INFO - Setting next_dagrun for example_nested_branch_dag to 2025-05-01 00:00:00+00:00, run_after=2025-05-02 00:00:00+00:00
[2025-05-02T19:49:28.563+0000] {processor.py:183} INFO - Processing /home/airflow/.local/lib/python3.12/site-packages/airflow/example_dags/example_nested_branch_dag.py took 0.064 seconds
[2025-05-02T19:50:00.533+0000] {processor.py:161} INFO - Started process (PID=944) to work on /home/airflow/.local/lib/python3.12/site-packages/airflow/example_dags/example_nested_branch_dag.py
[2025-05-02T19:50:00.533+0000] {processor.py:830} INFO - Processing file /home/airflow/.local/lib/python3.12/site-packages/airflow/example_dags/example_nested_branch_dag.py for tasks to queue
[2025-05-02T19:50:00.535+0000] {logging_mixin.py:188} INFO - [2025-05-02T19:50:00.535+0000] {dagbag.py:545} INFO - Filling up the DagBag from /home/airflow/.local/lib/python3.12/site-packages/airflow/example_dags/example_nested_branch_dag.py
[2025-05-02T19:50:00.544+0000] {processor.py:840} INFO - DAG(s) 'example_nested_branch_dag' retrieved from /home/airflow/.local/lib/python3.12/site-packages/airflow/example_dags/example_nested_branch_dag.py
[2025-05-02T19:50:00.562+0000] {logging_mixin.py:188} INFO - [2025-05-02T19:50:00.562+0000] {dag.py:3096} INFO - Sync 1 DAGs
[2025-05-02T19:50:00.580+0000] {logging_mixin.py:188} INFO - [2025-05-02T19:50:00.580+0000] {dag.py:3954} INFO - Setting next_dagrun for example_nested_branch_dag to 2025-05-01 00:00:00+00:00, run_after=2025-05-02 00:00:00+00:00
[2025-05-02T19:50:00.596+0000] {processor.py:183} INFO - Processing /home/airflow/.local/lib/python3.12/site-packages/airflow/example_dags/example_nested_branch_dag.py took 0.068 seconds
[2025-05-02T19:50:33.479+0000] {processor.py:161} INFO - Started process (PID=1006) to work on /home/airflow/.local/lib/python3.12/site-packages/airflow/example_dags/example_nested_branch_dag.py
[2025-05-02T19:50:33.480+0000] {processor.py:830} INFO - Processing file /home/airflow/.local/lib/python3.12/site-packages/airflow/example_dags/example_nested_branch_dag.py for tasks to queue
[2025-05-02T19:50:33.481+0000] {logging_mixin.py:188} INFO - [2025-05-02T19:50:33.481+0000] {dagbag.py:545} INFO - Filling up the DagBag from /home/airflow/.local/lib/python3.12/site-packages/airflow/example_dags/example_nested_branch_dag.py
[2025-05-02T19:50:33.488+0000] {processor.py:840} INFO - DAG(s) 'example_nested_branch_dag' retrieved from /home/airflow/.local/lib/python3.12/site-packages/airflow/example_dags/example_nested_branch_dag.py
[2025-05-02T19:50:33.505+0000] {logging_mixin.py:188} INFO - [2025-05-02T19:50:33.505+0000] {dag.py:3096} INFO - Sync 1 DAGs
[2025-05-02T19:50:33.526+0000] {logging_mixin.py:188} INFO - [2025-05-02T19:50:33.526+0000] {dag.py:3954} INFO - Setting next_dagrun for example_nested_branch_dag to 2025-05-01 00:00:00+00:00, run_after=2025-05-02 00:00:00+00:00
[2025-05-02T19:50:33.543+0000] {processor.py:183} INFO - Processing /home/airflow/.local/lib/python3.12/site-packages/airflow/example_dags/example_nested_branch_dag.py took 0.068 seconds
[2025-05-02T19:51:05.636+0000] {processor.py:161} INFO - Started process (PID=1066) to work on /home/airflow/.local/lib/python3.12/site-packages/airflow/example_dags/example_nested_branch_dag.py
[2025-05-02T19:51:05.637+0000] {processor.py:830} INFO - Processing file /home/airflow/.local/lib/python3.12/site-packages/airflow/example_dags/example_nested_branch_dag.py for tasks to queue
[2025-05-02T19:51:05.638+0000] {logging_mixin.py:188} INFO - [2025-05-02T19:51:05.638+0000] {dagbag.py:545} INFO - Filling up the DagBag from /home/airflow/.local/lib/python3.12/site-packages/airflow/example_dags/example_nested_branch_dag.py
[2025-05-02T19:51:05.648+0000] {processor.py:840} INFO - DAG(s) 'example_nested_branch_dag' retrieved from /home/airflow/.local/lib/python3.12/site-packages/airflow/example_dags/example_nested_branch_dag.py
[2025-05-02T19:51:05.667+0000] {logging_mixin.py:188} INFO - [2025-05-02T19:51:05.667+0000] {dag.py:3096} INFO - Sync 1 DAGs
[2025-05-02T19:51:05.689+0000] {logging_mixin.py:188} INFO - [2025-05-02T19:51:05.689+0000] {dag.py:3954} INFO - Setting next_dagrun for example_nested_branch_dag to 2025-05-01 00:00:00+00:00, run_after=2025-05-02 00:00:00+00:00
[2025-05-02T19:51:05.707+0000] {processor.py:183} INFO - Processing /home/airflow/.local/lib/python3.12/site-packages/airflow/example_dags/example_nested_branch_dag.py took 0.076 seconds
[2025-05-02T19:51:38.009+0000] {processor.py:161} INFO - Started process (PID=1126) to work on /home/airflow/.local/lib/python3.12/site-packages/airflow/example_dags/example_nested_branch_dag.py
[2025-05-02T19:51:38.010+0000] {processor.py:830} INFO - Processing file /home/airflow/.local/lib/python3.12/site-packages/airflow/example_dags/example_nested_branch_dag.py for tasks to queue
[2025-05-02T19:51:38.011+0000] {logging_mixin.py:188} INFO - [2025-05-02T19:51:38.011+0000] {dagbag.py:545} INFO - Filling up the DagBag from /home/airflow/.local/lib/python3.12/site-packages/airflow/example_dags/example_nested_branch_dag.py
[2025-05-02T19:51:38.021+0000] {processor.py:840} INFO - DAG(s) 'example_nested_branch_dag' retrieved from /home/airflow/.local/lib/python3.12/site-packages/airflow/example_dags/example_nested_branch_dag.py
[2025-05-02T19:51:38.039+0000] {logging_mixin.py:188} INFO - [2025-05-02T19:51:38.039+0000] {dag.py:3096} INFO - Sync 1 DAGs
[2025-05-02T19:51:38.062+0000] {logging_mixin.py:188} INFO - [2025-05-02T19:51:38.062+0000] {dag.py:3954} INFO - Setting next_dagrun for example_nested_branch_dag to 2025-05-01 00:00:00+00:00, run_after=2025-05-02 00:00:00+00:00
[2025-05-02T19:51:38.079+0000] {processor.py:183} INFO - Processing /home/airflow/.local/lib/python3.12/site-packages/airflow/example_dags/example_nested_branch_dag.py took 0.074 seconds
[2025-05-02T19:52:10.201+0000] {processor.py:161} INFO - Started process (PID=1186) to work on /home/airflow/.local/lib/python3.12/site-packages/airflow/example_dags/example_nested_branch_dag.py
[2025-05-02T19:52:10.201+0000] {processor.py:830} INFO - Processing file /home/airflow/.local/lib/python3.12/site-packages/airflow/example_dags/example_nested_branch_dag.py for tasks to queue
[2025-05-02T19:52:10.203+0000] {logging_mixin.py:188} INFO - [2025-05-02T19:52:10.203+0000] {dagbag.py:545} INFO - Filling up the DagBag from /home/airflow/.local/lib/python3.12/site-packages/airflow/example_dags/example_nested_branch_dag.py
[2025-05-02T19:52:10.210+0000] {processor.py:840} INFO - DAG(s) 'example_nested_branch_dag' retrieved from /home/airflow/.local/lib/python3.12/site-packages/airflow/example_dags/example_nested_branch_dag.py
[2025-05-02T19:52:10.227+0000] {logging_mixin.py:188} INFO - [2025-05-02T19:52:10.227+0000] {dag.py:3096} INFO - Sync 1 DAGs
[2025-05-02T19:52:10.246+0000] {logging_mixin.py:188} INFO - [2025-05-02T19:52:10.246+0000] {dag.py:3954} INFO - Setting next_dagrun for example_nested_branch_dag to 2025-05-01 00:00:00+00:00, run_after=2025-05-02 00:00:00+00:00
[2025-05-02T19:52:10.261+0000] {processor.py:183} INFO - Processing /home/airflow/.local/lib/python3.12/site-packages/airflow/example_dags/example_nested_branch_dag.py took 0.065 seconds
[2025-05-02T19:52:42.829+0000] {processor.py:161} INFO - Started process (PID=1246) to work on /home/airflow/.local/lib/python3.12/site-packages/airflow/example_dags/example_nested_branch_dag.py
[2025-05-02T19:52:42.830+0000] {processor.py:830} INFO - Processing file /home/airflow/.local/lib/python3.12/site-packages/airflow/example_dags/example_nested_branch_dag.py for tasks to queue
[2025-05-02T19:52:42.831+0000] {logging_mixin.py:188} INFO - [2025-05-02T19:52:42.831+0000] {dagbag.py:545} INFO - Filling up the DagBag from /home/airflow/.local/lib/python3.12/site-packages/airflow/example_dags/example_nested_branch_dag.py
[2025-05-02T19:52:42.838+0000] {processor.py:840} INFO - DAG(s) 'example_nested_branch_dag' retrieved from /home/airflow/.local/lib/python3.12/site-packages/airflow/example_dags/example_nested_branch_dag.py
[2025-05-02T19:52:42.856+0000] {logging_mixin.py:188} INFO - [2025-05-02T19:52:42.855+0000] {dag.py:3096} INFO - Sync 1 DAGs
[2025-05-02T19:52:42.872+0000] {logging_mixin.py:188} INFO - [2025-05-02T19:52:42.872+0000] {dag.py:3954} INFO - Setting next_dagrun for example_nested_branch_dag to 2025-05-01 00:00:00+00:00, run_after=2025-05-02 00:00:00+00:00
[2025-05-02T19:52:42.887+0000] {processor.py:183} INFO - Processing /home/airflow/.local/lib/python3.12/site-packages/airflow/example_dags/example_nested_branch_dag.py took 0.062 seconds
[2025-05-02T19:53:15.393+0000] {processor.py:161} INFO - Started process (PID=1306) to work on /home/airflow/.local/lib/python3.12/site-packages/airflow/example_dags/example_nested_branch_dag.py
[2025-05-02T19:53:15.394+0000] {processor.py:830} INFO - Processing file /home/airflow/.local/lib/python3.12/site-packages/airflow/example_dags/example_nested_branch_dag.py for tasks to queue
[2025-05-02T19:53:15.396+0000] {logging_mixin.py:188} INFO - [2025-05-02T19:53:15.395+0000] {dagbag.py:545} INFO - Filling up the DagBag from /home/airflow/.local/lib/python3.12/site-packages/airflow/example_dags/example_nested_branch_dag.py
[2025-05-02T19:53:15.404+0000] {processor.py:840} INFO - DAG(s) 'example_nested_branch_dag' retrieved from /home/airflow/.local/lib/python3.12/site-packages/airflow/example_dags/example_nested_branch_dag.py
[2025-05-02T19:53:15.421+0000] {logging_mixin.py:188} INFO - [2025-05-02T19:53:15.421+0000] {dag.py:3096} INFO - Sync 1 DAGs
[2025-05-02T19:53:15.442+0000] {logging_mixin.py:188} INFO - [2025-05-02T19:53:15.442+0000] {dag.py:3954} INFO - Setting next_dagrun for example_nested_branch_dag to 2025-05-01 00:00:00+00:00, run_after=2025-05-02 00:00:00+00:00
[2025-05-02T19:53:15.459+0000] {processor.py:183} INFO - Processing /home/airflow/.local/lib/python3.12/site-packages/airflow/example_dags/example_nested_branch_dag.py took 0.070 seconds
[2025-05-02T19:53:47.893+0000] {processor.py:161} INFO - Started process (PID=1366) to work on /home/airflow/.local/lib/python3.12/site-packages/airflow/example_dags/example_nested_branch_dag.py
[2025-05-02T19:53:47.893+0000] {processor.py:830} INFO - Processing file /home/airflow/.local/lib/python3.12/site-packages/airflow/example_dags/example_nested_branch_dag.py for tasks to queue
[2025-05-02T19:53:47.895+0000] {logging_mixin.py:188} INFO - [2025-05-02T19:53:47.895+0000] {dagbag.py:545} INFO - Filling up the DagBag from /home/airflow/.local/lib/python3.12/site-packages/airflow/example_dags/example_nested_branch_dag.py
[2025-05-02T19:53:47.902+0000] {processor.py:840} INFO - DAG(s) 'example_nested_branch_dag' retrieved from /home/airflow/.local/lib/python3.12/site-packages/airflow/example_dags/example_nested_branch_dag.py
[2025-05-02T19:53:47.920+0000] {logging_mixin.py:188} INFO - [2025-05-02T19:53:47.920+0000] {dag.py:3096} INFO - Sync 1 DAGs
[2025-05-02T19:53:47.937+0000] {logging_mixin.py:188} INFO - [2025-05-02T19:53:47.936+0000] {dag.py:3954} INFO - Setting next_dagrun for example_nested_branch_dag to 2025-05-01 00:00:00+00:00, run_after=2025-05-02 00:00:00+00:00
[2025-05-02T19:53:47.953+0000] {processor.py:183} INFO - Processing /home/airflow/.local/lib/python3.12/site-packages/airflow/example_dags/example_nested_branch_dag.py took 0.065 seconds
[2025-05-02T19:54:20.407+0000] {processor.py:161} INFO - Started process (PID=1426) to work on /home/airflow/.local/lib/python3.12/site-packages/airflow/example_dags/example_nested_branch_dag.py
[2025-05-02T19:54:20.408+0000] {processor.py:830} INFO - Processing file /home/airflow/.local/lib/python3.12/site-packages/airflow/example_dags/example_nested_branch_dag.py for tasks to queue
[2025-05-02T19:54:20.409+0000] {logging_mixin.py:188} INFO - [2025-05-02T19:54:20.409+0000] {dagbag.py:545} INFO - Filling up the DagBag from /home/airflow/.local/lib/python3.12/site-packages/airflow/example_dags/example_nested_branch_dag.py
[2025-05-02T19:54:20.417+0000] {processor.py:840} INFO - DAG(s) 'example_nested_branch_dag' retrieved from /home/airflow/.local/lib/python3.12/site-packages/airflow/example_dags/example_nested_branch_dag.py
[2025-05-02T19:54:20.432+0000] {logging_mixin.py:188} INFO - [2025-05-02T19:54:20.432+0000] {dag.py:3096} INFO - Sync 1 DAGs
[2025-05-02T19:54:20.453+0000] {logging_mixin.py:188} INFO - [2025-05-02T19:54:20.453+0000] {dag.py:3954} INFO - Setting next_dagrun for example_nested_branch_dag to 2025-05-01 00:00:00+00:00, run_after=2025-05-02 00:00:00+00:00
[2025-05-02T19:54:20.468+0000] {processor.py:183} INFO - Processing /home/airflow/.local/lib/python3.12/site-packages/airflow/example_dags/example_nested_branch_dag.py took 0.066 seconds
[2025-05-02T19:54:52.737+0000] {processor.py:161} INFO - Started process (PID=1486) to work on /home/airflow/.local/lib/python3.12/site-packages/airflow/example_dags/example_nested_branch_dag.py
[2025-05-02T19:54:52.737+0000] {processor.py:830} INFO - Processing file /home/airflow/.local/lib/python3.12/site-packages/airflow/example_dags/example_nested_branch_dag.py for tasks to queue
[2025-05-02T19:54:52.739+0000] {logging_mixin.py:188} INFO - [2025-05-02T19:54:52.739+0000] {dagbag.py:545} INFO - Filling up the DagBag from /home/airflow/.local/lib/python3.12/site-packages/airflow/example_dags/example_nested_branch_dag.py
[2025-05-02T19:54:52.746+0000] {processor.py:840} INFO - DAG(s) 'example_nested_branch_dag' retrieved from /home/airflow/.local/lib/python3.12/site-packages/airflow/example_dags/example_nested_branch_dag.py
[2025-05-02T19:54:52.762+0000] {logging_mixin.py:188} INFO - [2025-05-02T19:54:52.761+0000] {dag.py:3096} INFO - Sync 1 DAGs
[2025-05-02T19:54:52.780+0000] {logging_mixin.py:188} INFO - [2025-05-02T19:54:52.780+0000] {dag.py:3954} INFO - Setting next_dagrun for example_nested_branch_dag to 2025-05-01 00:00:00+00:00, run_after=2025-05-02 00:00:00+00:00
[2025-05-02T19:54:52.795+0000] {processor.py:183} INFO - Processing /home/airflow/.local/lib/python3.12/site-packages/airflow/example_dags/example_nested_branch_dag.py took 0.062 seconds
[2025-05-02T19:55:24.690+0000] {processor.py:161} INFO - Started process (PID=1546) to work on /home/airflow/.local/lib/python3.12/site-packages/airflow/example_dags/example_nested_branch_dag.py
[2025-05-02T19:55:24.690+0000] {processor.py:830} INFO - Processing file /home/airflow/.local/lib/python3.12/site-packages/airflow/example_dags/example_nested_branch_dag.py for tasks to queue
[2025-05-02T19:55:24.692+0000] {logging_mixin.py:188} INFO - [2025-05-02T19:55:24.692+0000] {dagbag.py:545} INFO - Filling up the DagBag from /home/airflow/.local/lib/python3.12/site-packages/airflow/example_dags/example_nested_branch_dag.py
[2025-05-02T19:55:24.700+0000] {processor.py:840} INFO - DAG(s) 'example_nested_branch_dag' retrieved from /home/airflow/.local/lib/python3.12/site-packages/airflow/example_dags/example_nested_branch_dag.py
[2025-05-02T19:55:24.716+0000] {logging_mixin.py:188} INFO - [2025-05-02T19:55:24.715+0000] {dag.py:3096} INFO - Sync 1 DAGs
[2025-05-02T19:55:24.733+0000] {logging_mixin.py:188} INFO - [2025-05-02T19:55:24.733+0000] {dag.py:3954} INFO - Setting next_dagrun for example_nested_branch_dag to 2025-05-01 00:00:00+00:00, run_after=2025-05-02 00:00:00+00:00
[2025-05-02T19:55:24.749+0000] {processor.py:183} INFO - Processing /home/airflow/.local/lib/python3.12/site-packages/airflow/example_dags/example_nested_branch_dag.py took 0.064 seconds
[2025-05-02T19:55:57.550+0000] {processor.py:161} INFO - Started process (PID=1606) to work on /home/airflow/.local/lib/python3.12/site-packages/airflow/example_dags/example_nested_branch_dag.py
[2025-05-02T19:55:57.551+0000] {processor.py:830} INFO - Processing file /home/airflow/.local/lib/python3.12/site-packages/airflow/example_dags/example_nested_branch_dag.py for tasks to queue
[2025-05-02T19:55:57.552+0000] {logging_mixin.py:188} INFO - [2025-05-02T19:55:57.552+0000] {dagbag.py:545} INFO - Filling up the DagBag from /home/airflow/.local/lib/python3.12/site-packages/airflow/example_dags/example_nested_branch_dag.py
[2025-05-02T19:55:57.562+0000] {processor.py:840} INFO - DAG(s) 'example_nested_branch_dag' retrieved from /home/airflow/.local/lib/python3.12/site-packages/airflow/example_dags/example_nested_branch_dag.py
[2025-05-02T19:55:57.582+0000] {logging_mixin.py:188} INFO - [2025-05-02T19:55:57.581+0000] {dag.py:3096} INFO - Sync 1 DAGs
[2025-05-02T19:55:57.606+0000] {logging_mixin.py:188} INFO - [2025-05-02T19:55:57.606+0000] {dag.py:3954} INFO - Setting next_dagrun for example_nested_branch_dag to 2025-05-01 00:00:00+00:00, run_after=2025-05-02 00:00:00+00:00
[2025-05-02T19:55:57.626+0000] {processor.py:183} INFO - Processing /home/airflow/.local/lib/python3.12/site-packages/airflow/example_dags/example_nested_branch_dag.py took 0.082 seconds
[2025-05-02T19:56:29.547+0000] {processor.py:161} INFO - Started process (PID=1666) to work on /home/airflow/.local/lib/python3.12/site-packages/airflow/example_dags/example_nested_branch_dag.py
[2025-05-02T19:56:29.547+0000] {processor.py:830} INFO - Processing file /home/airflow/.local/lib/python3.12/site-packages/airflow/example_dags/example_nested_branch_dag.py for tasks to queue
[2025-05-02T19:56:29.549+0000] {logging_mixin.py:188} INFO - [2025-05-02T19:56:29.548+0000] {dagbag.py:545} INFO - Filling up the DagBag from /home/airflow/.local/lib/python3.12/site-packages/airflow/example_dags/example_nested_branch_dag.py
[2025-05-02T19:56:29.556+0000] {processor.py:840} INFO - DAG(s) 'example_nested_branch_dag' retrieved from /home/airflow/.local/lib/python3.12/site-packages/airflow/example_dags/example_nested_branch_dag.py
[2025-05-02T19:56:29.573+0000] {logging_mixin.py:188} INFO - [2025-05-02T19:56:29.572+0000] {dag.py:3096} INFO - Sync 1 DAGs
[2025-05-02T19:56:29.590+0000] {logging_mixin.py:188} INFO - [2025-05-02T19:56:29.589+0000] {dag.py:3954} INFO - Setting next_dagrun for example_nested_branch_dag to 2025-05-01 00:00:00+00:00, run_after=2025-05-02 00:00:00+00:00
[2025-05-02T19:56:29.603+0000] {processor.py:183} INFO - Processing /home/airflow/.local/lib/python3.12/site-packages/airflow/example_dags/example_nested_branch_dag.py took 0.061 seconds
[2025-05-02T19:57:02.441+0000] {processor.py:161} INFO - Started process (PID=1726) to work on /home/airflow/.local/lib/python3.12/site-packages/airflow/example_dags/example_nested_branch_dag.py
[2025-05-02T19:57:02.442+0000] {processor.py:830} INFO - Processing file /home/airflow/.local/lib/python3.12/site-packages/airflow/example_dags/example_nested_branch_dag.py for tasks to queue
[2025-05-02T19:57:02.443+0000] {logging_mixin.py:188} INFO - [2025-05-02T19:57:02.443+0000] {dagbag.py:545} INFO - Filling up the DagBag from /home/airflow/.local/lib/python3.12/site-packages/airflow/example_dags/example_nested_branch_dag.py
[2025-05-02T19:57:02.451+0000] {processor.py:840} INFO - DAG(s) 'example_nested_branch_dag' retrieved from /home/airflow/.local/lib/python3.12/site-packages/airflow/example_dags/example_nested_branch_dag.py
[2025-05-02T19:57:02.471+0000] {logging_mixin.py:188} INFO - [2025-05-02T19:57:02.470+0000] {dag.py:3096} INFO - Sync 1 DAGs
[2025-05-02T19:57:02.492+0000] {logging_mixin.py:188} INFO - [2025-05-02T19:57:02.492+0000] {dag.py:3954} INFO - Setting next_dagrun for example_nested_branch_dag to 2025-05-01 00:00:00+00:00, run_after=2025-05-02 00:00:00+00:00
[2025-05-02T19:57:02.510+0000] {processor.py:183} INFO - Processing /home/airflow/.local/lib/python3.12/site-packages/airflow/example_dags/example_nested_branch_dag.py took 0.075 seconds
[2025-05-02T19:57:34.507+0000] {processor.py:161} INFO - Started process (PID=1786) to work on /home/airflow/.local/lib/python3.12/site-packages/airflow/example_dags/example_nested_branch_dag.py
[2025-05-02T19:57:34.507+0000] {processor.py:830} INFO - Processing file /home/airflow/.local/lib/python3.12/site-packages/airflow/example_dags/example_nested_branch_dag.py for tasks to queue
[2025-05-02T19:57:34.509+0000] {logging_mixin.py:188} INFO - [2025-05-02T19:57:34.508+0000] {dagbag.py:545} INFO - Filling up the DagBag from /home/airflow/.local/lib/python3.12/site-packages/airflow/example_dags/example_nested_branch_dag.py
[2025-05-02T19:57:34.515+0000] {processor.py:840} INFO - DAG(s) 'example_nested_branch_dag' retrieved from /home/airflow/.local/lib/python3.12/site-packages/airflow/example_dags/example_nested_branch_dag.py
[2025-05-02T19:57:34.529+0000] {logging_mixin.py:188} INFO - [2025-05-02T19:57:34.528+0000] {dag.py:3096} INFO - Sync 1 DAGs
[2025-05-02T19:57:34.546+0000] {logging_mixin.py:188} INFO - [2025-05-02T19:57:34.546+0000] {dag.py:3954} INFO - Setting next_dagrun for example_nested_branch_dag to 2025-05-01 00:00:00+00:00, run_after=2025-05-02 00:00:00+00:00
[2025-05-02T19:57:34.563+0000] {processor.py:183} INFO - Processing /home/airflow/.local/lib/python3.12/site-packages/airflow/example_dags/example_nested_branch_dag.py took 0.060 seconds
[2025-05-02T19:58:06.905+0000] {processor.py:161} INFO - Started process (PID=1846) to work on /home/airflow/.local/lib/python3.12/site-packages/airflow/example_dags/example_nested_branch_dag.py
[2025-05-02T19:58:06.906+0000] {processor.py:830} INFO - Processing file /home/airflow/.local/lib/python3.12/site-packages/airflow/example_dags/example_nested_branch_dag.py for tasks to queue
[2025-05-02T19:58:06.908+0000] {logging_mixin.py:188} INFO - [2025-05-02T19:58:06.907+0000] {dagbag.py:545} INFO - Filling up the DagBag from /home/airflow/.local/lib/python3.12/site-packages/airflow/example_dags/example_nested_branch_dag.py
[2025-05-02T19:58:06.915+0000] {processor.py:840} INFO - DAG(s) 'example_nested_branch_dag' retrieved from /home/airflow/.local/lib/python3.12/site-packages/airflow/example_dags/example_nested_branch_dag.py
[2025-05-02T19:58:06.931+0000] {logging_mixin.py:188} INFO - [2025-05-02T19:58:06.931+0000] {dag.py:3096} INFO - Sync 1 DAGs
[2025-05-02T19:58:06.951+0000] {logging_mixin.py:188} INFO - [2025-05-02T19:58:06.951+0000] {dag.py:3954} INFO - Setting next_dagrun for example_nested_branch_dag to 2025-05-01 00:00:00+00:00, run_after=2025-05-02 00:00:00+00:00
[2025-05-02T19:58:06.966+0000] {processor.py:183} INFO - Processing /home/airflow/.local/lib/python3.12/site-packages/airflow/example_dags/example_nested_branch_dag.py took 0.065 seconds
[2025-05-02T19:58:39.455+0000] {processor.py:161} INFO - Started process (PID=1906) to work on /home/airflow/.local/lib/python3.12/site-packages/airflow/example_dags/example_nested_branch_dag.py
[2025-05-02T19:58:39.456+0000] {processor.py:830} INFO - Processing file /home/airflow/.local/lib/python3.12/site-packages/airflow/example_dags/example_nested_branch_dag.py for tasks to queue
[2025-05-02T19:58:39.458+0000] {logging_mixin.py:188} INFO - [2025-05-02T19:58:39.458+0000] {dagbag.py:545} INFO - Filling up the DagBag from /home/airflow/.local/lib/python3.12/site-packages/airflow/example_dags/example_nested_branch_dag.py
[2025-05-02T19:58:39.467+0000] {processor.py:840} INFO - DAG(s) 'example_nested_branch_dag' retrieved from /home/airflow/.local/lib/python3.12/site-packages/airflow/example_dags/example_nested_branch_dag.py
[2025-05-02T19:58:39.484+0000] {logging_mixin.py:188} INFO - [2025-05-02T19:58:39.484+0000] {dag.py:3096} INFO - Sync 1 DAGs
[2025-05-02T19:58:39.503+0000] {logging_mixin.py:188} INFO - [2025-05-02T19:58:39.502+0000] {dag.py:3954} INFO - Setting next_dagrun for example_nested_branch_dag to 2025-05-01 00:00:00+00:00, run_after=2025-05-02 00:00:00+00:00
[2025-05-02T19:58:39.517+0000] {processor.py:183} INFO - Processing /home/airflow/.local/lib/python3.12/site-packages/airflow/example_dags/example_nested_branch_dag.py took 0.067 seconds
[2025-05-02T19:59:11.616+0000] {processor.py:161} INFO - Started process (PID=1966) to work on /home/airflow/.local/lib/python3.12/site-packages/airflow/example_dags/example_nested_branch_dag.py
[2025-05-02T19:59:11.617+0000] {processor.py:830} INFO - Processing file /home/airflow/.local/lib/python3.12/site-packages/airflow/example_dags/example_nested_branch_dag.py for tasks to queue
[2025-05-02T19:59:11.619+0000] {logging_mixin.py:188} INFO - [2025-05-02T19:59:11.618+0000] {dagbag.py:545} INFO - Filling up the DagBag from /home/airflow/.local/lib/python3.12/site-packages/airflow/example_dags/example_nested_branch_dag.py
[2025-05-02T19:59:11.627+0000] {processor.py:840} INFO - DAG(s) 'example_nested_branch_dag' retrieved from /home/airflow/.local/lib/python3.12/site-packages/airflow/example_dags/example_nested_branch_dag.py
[2025-05-02T19:59:11.644+0000] {logging_mixin.py:188} INFO - [2025-05-02T19:59:11.643+0000] {dag.py:3096} INFO - Sync 1 DAGs
[2025-05-02T19:59:11.661+0000] {logging_mixin.py:188} INFO - [2025-05-02T19:59:11.661+0000] {dag.py:3954} INFO - Setting next_dagrun for example_nested_branch_dag to 2025-05-01 00:00:00+00:00, run_after=2025-05-02 00:00:00+00:00
[2025-05-02T19:59:11.675+0000] {processor.py:183} INFO - Processing /home/airflow/.local/lib/python3.12/site-packages/airflow/example_dags/example_nested_branch_dag.py took 0.062 seconds
[2025-05-02T19:59:44.111+0000] {processor.py:161} INFO - Started process (PID=2026) to work on /home/airflow/.local/lib/python3.12/site-packages/airflow/example_dags/example_nested_branch_dag.py
[2025-05-02T19:59:44.112+0000] {processor.py:830} INFO - Processing file /home/airflow/.local/lib/python3.12/site-packages/airflow/example_dags/example_nested_branch_dag.py for tasks to queue
[2025-05-02T19:59:44.113+0000] {logging_mixin.py:188} INFO - [2025-05-02T19:59:44.113+0000] {dagbag.py:545} INFO - Filling up the DagBag from /home/airflow/.local/lib/python3.12/site-packages/airflow/example_dags/example_nested_branch_dag.py
[2025-05-02T19:59:44.123+0000] {processor.py:840} INFO - DAG(s) 'example_nested_branch_dag' retrieved from /home/airflow/.local/lib/python3.12/site-packages/airflow/example_dags/example_nested_branch_dag.py
[2025-05-02T19:59:44.139+0000] {logging_mixin.py:188} INFO - [2025-05-02T19:59:44.139+0000] {dag.py:3096} INFO - Sync 1 DAGs
[2025-05-02T19:59:44.157+0000] {logging_mixin.py:188} INFO - [2025-05-02T19:59:44.156+0000] {dag.py:3954} INFO - Setting next_dagrun for example_nested_branch_dag to 2025-05-01 00:00:00+00:00, run_after=2025-05-02 00:00:00+00:00
[2025-05-02T19:59:44.293+0000] {processor.py:183} INFO - Processing /home/airflow/.local/lib/python3.12/site-packages/airflow/example_dags/example_nested_branch_dag.py took 0.186 seconds
[2025-05-02T20:00:16.853+0000] {processor.py:161} INFO - Started process (PID=2086) to work on /home/airflow/.local/lib/python3.12/site-packages/airflow/example_dags/example_nested_branch_dag.py
[2025-05-02T20:00:16.854+0000] {processor.py:830} INFO - Processing file /home/airflow/.local/lib/python3.12/site-packages/airflow/example_dags/example_nested_branch_dag.py for tasks to queue
[2025-05-02T20:00:16.855+0000] {logging_mixin.py:188} INFO - [2025-05-02T20:00:16.855+0000] {dagbag.py:545} INFO - Filling up the DagBag from /home/airflow/.local/lib/python3.12/site-packages/airflow/example_dags/example_nested_branch_dag.py
[2025-05-02T20:00:16.861+0000] {processor.py:840} INFO - DAG(s) 'example_nested_branch_dag' retrieved from /home/airflow/.local/lib/python3.12/site-packages/airflow/example_dags/example_nested_branch_dag.py
[2025-05-02T20:00:16.879+0000] {logging_mixin.py:188} INFO - [2025-05-02T20:00:16.879+0000] {dag.py:3096} INFO - Sync 1 DAGs
[2025-05-02T20:00:16.898+0000] {logging_mixin.py:188} INFO - [2025-05-02T20:00:16.898+0000] {dag.py:3954} INFO - Setting next_dagrun for example_nested_branch_dag to 2025-05-01 00:00:00+00:00, run_after=2025-05-02 00:00:00+00:00
[2025-05-02T20:00:16.912+0000] {processor.py:183} INFO - Processing /home/airflow/.local/lib/python3.12/site-packages/airflow/example_dags/example_nested_branch_dag.py took 0.064 seconds
[2025-05-02T20:00:49.599+0000] {processor.py:161} INFO - Started process (PID=2146) to work on /home/airflow/.local/lib/python3.12/site-packages/airflow/example_dags/example_nested_branch_dag.py
[2025-05-02T20:00:49.600+0000] {processor.py:830} INFO - Processing file /home/airflow/.local/lib/python3.12/site-packages/airflow/example_dags/example_nested_branch_dag.py for tasks to queue
[2025-05-02T20:00:49.601+0000] {logging_mixin.py:188} INFO - [2025-05-02T20:00:49.601+0000] {dagbag.py:545} INFO - Filling up the DagBag from /home/airflow/.local/lib/python3.12/site-packages/airflow/example_dags/example_nested_branch_dag.py
[2025-05-02T20:00:49.607+0000] {processor.py:840} INFO - DAG(s) 'example_nested_branch_dag' retrieved from /home/airflow/.local/lib/python3.12/site-packages/airflow/example_dags/example_nested_branch_dag.py
[2025-05-02T20:00:49.620+0000] {logging_mixin.py:188} INFO - [2025-05-02T20:00:49.620+0000] {dag.py:3096} INFO - Sync 1 DAGs
[2025-05-02T20:00:49.636+0000] {logging_mixin.py:188} INFO - [2025-05-02T20:00:49.636+0000] {dag.py:3954} INFO - Setting next_dagrun for example_nested_branch_dag to 2025-05-01 00:00:00+00:00, run_after=2025-05-02 00:00:00+00:00
[2025-05-02T20:00:49.652+0000] {processor.py:183} INFO - Processing /home/airflow/.local/lib/python3.12/site-packages/airflow/example_dags/example_nested_branch_dag.py took 0.057 seconds
[2025-05-02T20:01:22.738+0000] {processor.py:161} INFO - Started process (PID=2206) to work on /home/airflow/.local/lib/python3.12/site-packages/airflow/example_dags/example_nested_branch_dag.py
[2025-05-02T20:01:22.738+0000] {processor.py:830} INFO - Processing file /home/airflow/.local/lib/python3.12/site-packages/airflow/example_dags/example_nested_branch_dag.py for tasks to queue
[2025-05-02T20:01:22.740+0000] {logging_mixin.py:188} INFO - [2025-05-02T20:01:22.740+0000] {dagbag.py:545} INFO - Filling up the DagBag from /home/airflow/.local/lib/python3.12/site-packages/airflow/example_dags/example_nested_branch_dag.py
[2025-05-02T20:01:22.750+0000] {processor.py:840} INFO - DAG(s) 'example_nested_branch_dag' retrieved from /home/airflow/.local/lib/python3.12/site-packages/airflow/example_dags/example_nested_branch_dag.py
[2025-05-02T20:01:22.768+0000] {logging_mixin.py:188} INFO - [2025-05-02T20:01:22.768+0000] {dag.py:3096} INFO - Sync 1 DAGs
[2025-05-02T20:01:22.787+0000] {logging_mixin.py:188} INFO - [2025-05-02T20:01:22.787+0000] {dag.py:3954} INFO - Setting next_dagrun for example_nested_branch_dag to 2025-05-01 00:00:00+00:00, run_after=2025-05-02 00:00:00+00:00
[2025-05-02T20:01:22.805+0000] {processor.py:183} INFO - Processing /home/airflow/.local/lib/python3.12/site-packages/airflow/example_dags/example_nested_branch_dag.py took 0.071 seconds
[2025-05-02T20:01:53.863+0000] {processor.py:161} INFO - Started process (PID=2266) to work on /home/airflow/.local/lib/python3.12/site-packages/airflow/example_dags/example_nested_branch_dag.py
[2025-05-02T20:01:53.864+0000] {processor.py:830} INFO - Processing file /home/airflow/.local/lib/python3.12/site-packages/airflow/example_dags/example_nested_branch_dag.py for tasks to queue
[2025-05-02T20:01:53.866+0000] {logging_mixin.py:188} INFO - [2025-05-02T20:01:53.865+0000] {dagbag.py:545} INFO - Filling up the DagBag from /home/airflow/.local/lib/python3.12/site-packages/airflow/example_dags/example_nested_branch_dag.py
[2025-05-02T20:01:53.874+0000] {processor.py:840} INFO - DAG(s) 'example_nested_branch_dag' retrieved from /home/airflow/.local/lib/python3.12/site-packages/airflow/example_dags/example_nested_branch_dag.py
[2025-05-02T20:01:53.892+0000] {logging_mixin.py:188} INFO - [2025-05-02T20:01:53.892+0000] {dag.py:3096} INFO - Sync 1 DAGs
[2025-05-02T20:01:53.912+0000] {logging_mixin.py:188} INFO - [2025-05-02T20:01:53.912+0000] {dag.py:3954} INFO - Setting next_dagrun for example_nested_branch_dag to 2025-05-01 00:00:00+00:00, run_after=2025-05-02 00:00:00+00:00
[2025-05-02T20:01:53.925+0000] {processor.py:183} INFO - Processing /home/airflow/.local/lib/python3.12/site-packages/airflow/example_dags/example_nested_branch_dag.py took 0.066 seconds
[2025-05-02T20:02:26.359+0000] {processor.py:161} INFO - Started process (PID=2326) to work on /home/airflow/.local/lib/python3.12/site-packages/airflow/example_dags/example_nested_branch_dag.py
[2025-05-02T20:02:26.359+0000] {processor.py:830} INFO - Processing file /home/airflow/.local/lib/python3.12/site-packages/airflow/example_dags/example_nested_branch_dag.py for tasks to queue
[2025-05-02T20:02:26.361+0000] {logging_mixin.py:188} INFO - [2025-05-02T20:02:26.361+0000] {dagbag.py:545} INFO - Filling up the DagBag from /home/airflow/.local/lib/python3.12/site-packages/airflow/example_dags/example_nested_branch_dag.py
[2025-05-02T20:02:26.370+0000] {processor.py:840} INFO - DAG(s) 'example_nested_branch_dag' retrieved from /home/airflow/.local/lib/python3.12/site-packages/airflow/example_dags/example_nested_branch_dag.py
[2025-05-02T20:02:26.386+0000] {logging_mixin.py:188} INFO - [2025-05-02T20:02:26.386+0000] {dag.py:3096} INFO - Sync 1 DAGs
[2025-05-02T20:02:26.403+0000] {logging_mixin.py:188} INFO - [2025-05-02T20:02:26.403+0000] {dag.py:3954} INFO - Setting next_dagrun for example_nested_branch_dag to 2025-05-01 00:00:00+00:00, run_after=2025-05-02 00:00:00+00:00
[2025-05-02T20:02:26.419+0000] {processor.py:183} INFO - Processing /home/airflow/.local/lib/python3.12/site-packages/airflow/example_dags/example_nested_branch_dag.py took 0.064 seconds
[2025-05-02T20:02:59.573+0000] {processor.py:161} INFO - Started process (PID=2387) to work on /home/airflow/.local/lib/python3.12/site-packages/airflow/example_dags/example_nested_branch_dag.py
[2025-05-02T20:02:59.574+0000] {processor.py:830} INFO - Processing file /home/airflow/.local/lib/python3.12/site-packages/airflow/example_dags/example_nested_branch_dag.py for tasks to queue
[2025-05-02T20:02:59.575+0000] {logging_mixin.py:188} INFO - [2025-05-02T20:02:59.575+0000] {dagbag.py:545} INFO - Filling up the DagBag from /home/airflow/.local/lib/python3.12/site-packages/airflow/example_dags/example_nested_branch_dag.py
[2025-05-02T20:02:59.582+0000] {processor.py:840} INFO - DAG(s) 'example_nested_branch_dag' retrieved from /home/airflow/.local/lib/python3.12/site-packages/airflow/example_dags/example_nested_branch_dag.py
[2025-05-02T20:02:59.597+0000] {logging_mixin.py:188} INFO - [2025-05-02T20:02:59.597+0000] {dag.py:3096} INFO - Sync 1 DAGs
[2025-05-02T20:02:59.613+0000] {logging_mixin.py:188} INFO - [2025-05-02T20:02:59.613+0000] {dag.py:3954} INFO - Setting next_dagrun for example_nested_branch_dag to 2025-05-01 00:00:00+00:00, run_after=2025-05-02 00:00:00+00:00
[2025-05-02T20:02:59.628+0000] {processor.py:183} INFO - Processing /home/airflow/.local/lib/python3.12/site-packages/airflow/example_dags/example_nested_branch_dag.py took 0.058 seconds
[2025-05-02T20:03:32.717+0000] {processor.py:161} INFO - Started process (PID=2447) to work on /home/airflow/.local/lib/python3.12/site-packages/airflow/example_dags/example_nested_branch_dag.py
[2025-05-02T20:03:32.717+0000] {processor.py:830} INFO - Processing file /home/airflow/.local/lib/python3.12/site-packages/airflow/example_dags/example_nested_branch_dag.py for tasks to queue
[2025-05-02T20:03:32.719+0000] {logging_mixin.py:188} INFO - [2025-05-02T20:03:32.718+0000] {dagbag.py:545} INFO - Filling up the DagBag from /home/airflow/.local/lib/python3.12/site-packages/airflow/example_dags/example_nested_branch_dag.py
[2025-05-02T20:03:32.726+0000] {processor.py:840} INFO - DAG(s) 'example_nested_branch_dag' retrieved from /home/airflow/.local/lib/python3.12/site-packages/airflow/example_dags/example_nested_branch_dag.py
[2025-05-02T20:03:32.746+0000] {logging_mixin.py:188} INFO - [2025-05-02T20:03:32.746+0000] {dag.py:3096} INFO - Sync 1 DAGs
[2025-05-02T20:03:32.865+0000] {logging_mixin.py:188} INFO - [2025-05-02T20:03:32.865+0000] {dag.py:3954} INFO - Setting next_dagrun for example_nested_branch_dag to 2025-05-01 00:00:00+00:00, run_after=2025-05-02 00:00:00+00:00
[2025-05-02T20:03:32.881+0000] {processor.py:183} INFO - Processing /home/airflow/.local/lib/python3.12/site-packages/airflow/example_dags/example_nested_branch_dag.py took 0.170 seconds
[2025-05-02T20:04:04.860+0000] {processor.py:161} INFO - Started process (PID=2507) to work on /home/airflow/.local/lib/python3.12/site-packages/airflow/example_dags/example_nested_branch_dag.py
[2025-05-02T20:04:04.861+0000] {processor.py:830} INFO - Processing file /home/airflow/.local/lib/python3.12/site-packages/airflow/example_dags/example_nested_branch_dag.py for tasks to queue
[2025-05-02T20:04:04.863+0000] {logging_mixin.py:188} INFO - [2025-05-02T20:04:04.862+0000] {dagbag.py:545} INFO - Filling up the DagBag from /home/airflow/.local/lib/python3.12/site-packages/airflow/example_dags/example_nested_branch_dag.py
[2025-05-02T20:04:04.871+0000] {processor.py:840} INFO - DAG(s) 'example_nested_branch_dag' retrieved from /home/airflow/.local/lib/python3.12/site-packages/airflow/example_dags/example_nested_branch_dag.py
[2025-05-02T20:04:04.889+0000] {logging_mixin.py:188} INFO - [2025-05-02T20:04:04.888+0000] {dag.py:3096} INFO - Sync 1 DAGs
[2025-05-02T20:04:04.912+0000] {logging_mixin.py:188} INFO - [2025-05-02T20:04:04.912+0000] {dag.py:3954} INFO - Setting next_dagrun for example_nested_branch_dag to 2025-05-01 00:00:00+00:00, run_after=2025-05-02 00:00:00+00:00
[2025-05-02T20:04:04.926+0000] {processor.py:183} INFO - Processing /home/airflow/.local/lib/python3.12/site-packages/airflow/example_dags/example_nested_branch_dag.py took 0.071 seconds
[2025-05-02T20:04:37.320+0000] {processor.py:161} INFO - Started process (PID=2567) to work on /home/airflow/.local/lib/python3.12/site-packages/airflow/example_dags/example_nested_branch_dag.py
[2025-05-02T20:04:37.320+0000] {processor.py:830} INFO - Processing file /home/airflow/.local/lib/python3.12/site-packages/airflow/example_dags/example_nested_branch_dag.py for tasks to queue
[2025-05-02T20:04:37.322+0000] {logging_mixin.py:188} INFO - [2025-05-02T20:04:37.321+0000] {dagbag.py:545} INFO - Filling up the DagBag from /home/airflow/.local/lib/python3.12/site-packages/airflow/example_dags/example_nested_branch_dag.py
[2025-05-02T20:04:37.330+0000] {processor.py:840} INFO - DAG(s) 'example_nested_branch_dag' retrieved from /home/airflow/.local/lib/python3.12/site-packages/airflow/example_dags/example_nested_branch_dag.py
[2025-05-02T20:04:37.349+0000] {logging_mixin.py:188} INFO - [2025-05-02T20:04:37.349+0000] {dag.py:3096} INFO - Sync 1 DAGs
[2025-05-02T20:04:37.367+0000] {logging_mixin.py:188} INFO - [2025-05-02T20:04:37.367+0000] {dag.py:3954} INFO - Setting next_dagrun for example_nested_branch_dag to 2025-05-01 00:00:00+00:00, run_after=2025-05-02 00:00:00+00:00
[2025-05-02T20:04:37.382+0000] {processor.py:183} INFO - Processing /home/airflow/.local/lib/python3.12/site-packages/airflow/example_dags/example_nested_branch_dag.py took 0.067 seconds
[2025-05-02T20:05:09.596+0000] {processor.py:161} INFO - Started process (PID=2627) to work on /home/airflow/.local/lib/python3.12/site-packages/airflow/example_dags/example_nested_branch_dag.py
[2025-05-02T20:05:09.597+0000] {processor.py:830} INFO - Processing file /home/airflow/.local/lib/python3.12/site-packages/airflow/example_dags/example_nested_branch_dag.py for tasks to queue
[2025-05-02T20:05:09.598+0000] {logging_mixin.py:188} INFO - [2025-05-02T20:05:09.598+0000] {dagbag.py:545} INFO - Filling up the DagBag from /home/airflow/.local/lib/python3.12/site-packages/airflow/example_dags/example_nested_branch_dag.py
[2025-05-02T20:05:09.605+0000] {processor.py:840} INFO - DAG(s) 'example_nested_branch_dag' retrieved from /home/airflow/.local/lib/python3.12/site-packages/airflow/example_dags/example_nested_branch_dag.py
[2025-05-02T20:05:09.619+0000] {logging_mixin.py:188} INFO - [2025-05-02T20:05:09.619+0000] {dag.py:3096} INFO - Sync 1 DAGs
[2025-05-02T20:05:09.635+0000] {logging_mixin.py:188} INFO - [2025-05-02T20:05:09.635+0000] {dag.py:3954} INFO - Setting next_dagrun for example_nested_branch_dag to 2025-05-01 00:00:00+00:00, run_after=2025-05-02 00:00:00+00:00
[2025-05-02T20:05:09.649+0000] {processor.py:183} INFO - Processing /home/airflow/.local/lib/python3.12/site-packages/airflow/example_dags/example_nested_branch_dag.py took 0.058 seconds
[2025-05-02T20:05:41.879+0000] {processor.py:161} INFO - Started process (PID=2687) to work on /home/airflow/.local/lib/python3.12/site-packages/airflow/example_dags/example_nested_branch_dag.py
[2025-05-02T20:05:41.880+0000] {processor.py:830} INFO - Processing file /home/airflow/.local/lib/python3.12/site-packages/airflow/example_dags/example_nested_branch_dag.py for tasks to queue
[2025-05-02T20:05:41.881+0000] {logging_mixin.py:188} INFO - [2025-05-02T20:05:41.881+0000] {dagbag.py:545} INFO - Filling up the DagBag from /home/airflow/.local/lib/python3.12/site-packages/airflow/example_dags/example_nested_branch_dag.py
[2025-05-02T20:05:41.888+0000] {processor.py:840} INFO - DAG(s) 'example_nested_branch_dag' retrieved from /home/airflow/.local/lib/python3.12/site-packages/airflow/example_dags/example_nested_branch_dag.py
[2025-05-02T20:05:41.902+0000] {logging_mixin.py:188} INFO - [2025-05-02T20:05:41.902+0000] {dag.py:3096} INFO - Sync 1 DAGs
[2025-05-02T20:05:41.917+0000] {logging_mixin.py:188} INFO - [2025-05-02T20:05:41.917+0000] {dag.py:3954} INFO - Setting next_dagrun for example_nested_branch_dag to 2025-05-01 00:00:00+00:00, run_after=2025-05-02 00:00:00+00:00
[2025-05-02T20:05:41.930+0000] {processor.py:183} INFO - Processing /home/airflow/.local/lib/python3.12/site-packages/airflow/example_dags/example_nested_branch_dag.py took 0.055 seconds
[2025-05-02T20:06:15.011+0000] {processor.py:161} INFO - Started process (PID=2747) to work on /home/airflow/.local/lib/python3.12/site-packages/airflow/example_dags/example_nested_branch_dag.py
[2025-05-02T20:06:15.011+0000] {processor.py:830} INFO - Processing file /home/airflow/.local/lib/python3.12/site-packages/airflow/example_dags/example_nested_branch_dag.py for tasks to queue
[2025-05-02T20:06:15.013+0000] {logging_mixin.py:188} INFO - [2025-05-02T20:06:15.012+0000] {dagbag.py:545} INFO - Filling up the DagBag from /home/airflow/.local/lib/python3.12/site-packages/airflow/example_dags/example_nested_branch_dag.py
[2025-05-02T20:06:15.019+0000] {processor.py:840} INFO - DAG(s) 'example_nested_branch_dag' retrieved from /home/airflow/.local/lib/python3.12/site-packages/airflow/example_dags/example_nested_branch_dag.py
[2025-05-02T20:06:15.035+0000] {logging_mixin.py:188} INFO - [2025-05-02T20:06:15.035+0000] {dag.py:3096} INFO - Sync 1 DAGs
[2025-05-02T20:06:15.051+0000] {logging_mixin.py:188} INFO - [2025-05-02T20:06:15.051+0000] {dag.py:3954} INFO - Setting next_dagrun for example_nested_branch_dag to 2025-05-01 00:00:00+00:00, run_after=2025-05-02 00:00:00+00:00
[2025-05-02T20:06:15.063+0000] {processor.py:183} INFO - Processing /home/airflow/.local/lib/python3.12/site-packages/airflow/example_dags/example_nested_branch_dag.py took 0.057 seconds
[2025-05-02T20:06:46.867+0000] {processor.py:161} INFO - Started process (PID=2807) to work on /home/airflow/.local/lib/python3.12/site-packages/airflow/example_dags/example_nested_branch_dag.py
[2025-05-02T20:06:46.868+0000] {processor.py:830} INFO - Processing file /home/airflow/.local/lib/python3.12/site-packages/airflow/example_dags/example_nested_branch_dag.py for tasks to queue
[2025-05-02T20:06:46.869+0000] {logging_mixin.py:188} INFO - [2025-05-02T20:06:46.869+0000] {dagbag.py:545} INFO - Filling up the DagBag from /home/airflow/.local/lib/python3.12/site-packages/airflow/example_dags/example_nested_branch_dag.py
[2025-05-02T20:06:46.878+0000] {processor.py:840} INFO - DAG(s) 'example_nested_branch_dag' retrieved from /home/airflow/.local/lib/python3.12/site-packages/airflow/example_dags/example_nested_branch_dag.py
[2025-05-02T20:06:46.895+0000] {logging_mixin.py:188} INFO - [2025-05-02T20:06:46.895+0000] {dag.py:3096} INFO - Sync 1 DAGs
[2025-05-02T20:06:46.912+0000] {logging_mixin.py:188} INFO - [2025-05-02T20:06:46.912+0000] {dag.py:3954} INFO - Setting next_dagrun for example_nested_branch_dag to 2025-05-01 00:00:00+00:00, run_after=2025-05-02 00:00:00+00:00
[2025-05-02T20:06:46.928+0000] {processor.py:183} INFO - Processing /home/airflow/.local/lib/python3.12/site-packages/airflow/example_dags/example_nested_branch_dag.py took 0.065 seconds
[2025-05-02T20:07:20.163+0000] {processor.py:161} INFO - Started process (PID=2867) to work on /home/airflow/.local/lib/python3.12/site-packages/airflow/example_dags/example_nested_branch_dag.py
[2025-05-02T20:07:20.164+0000] {processor.py:830} INFO - Processing file /home/airflow/.local/lib/python3.12/site-packages/airflow/example_dags/example_nested_branch_dag.py for tasks to queue
[2025-05-02T20:07:20.165+0000] {logging_mixin.py:188} INFO - [2025-05-02T20:07:20.165+0000] {dagbag.py:545} INFO - Filling up the DagBag from /home/airflow/.local/lib/python3.12/site-packages/airflow/example_dags/example_nested_branch_dag.py
[2025-05-02T20:07:20.172+0000] {processor.py:840} INFO - DAG(s) 'example_nested_branch_dag' retrieved from /home/airflow/.local/lib/python3.12/site-packages/airflow/example_dags/example_nested_branch_dag.py
[2025-05-02T20:07:20.189+0000] {logging_mixin.py:188} INFO - [2025-05-02T20:07:20.189+0000] {dag.py:3096} INFO - Sync 1 DAGs
[2025-05-02T20:07:20.207+0000] {logging_mixin.py:188} INFO - [2025-05-02T20:07:20.206+0000] {dag.py:3954} INFO - Setting next_dagrun for example_nested_branch_dag to 2025-05-01 00:00:00+00:00, run_after=2025-05-02 00:00:00+00:00
[2025-05-02T20:07:20.226+0000] {processor.py:183} INFO - Processing /home/airflow/.local/lib/python3.12/site-packages/airflow/example_dags/example_nested_branch_dag.py took 0.069 seconds
[2025-05-02T20:07:52.692+0000] {processor.py:161} INFO - Started process (PID=2928) to work on /home/airflow/.local/lib/python3.12/site-packages/airflow/example_dags/example_nested_branch_dag.py
[2025-05-02T20:07:52.693+0000] {processor.py:830} INFO - Processing file /home/airflow/.local/lib/python3.12/site-packages/airflow/example_dags/example_nested_branch_dag.py for tasks to queue
[2025-05-02T20:07:52.694+0000] {logging_mixin.py:188} INFO - [2025-05-02T20:07:52.694+0000] {dagbag.py:545} INFO - Filling up the DagBag from /home/airflow/.local/lib/python3.12/site-packages/airflow/example_dags/example_nested_branch_dag.py
[2025-05-02T20:07:52.702+0000] {processor.py:840} INFO - DAG(s) 'example_nested_branch_dag' retrieved from /home/airflow/.local/lib/python3.12/site-packages/airflow/example_dags/example_nested_branch_dag.py
[2025-05-02T20:07:52.722+0000] {logging_mixin.py:188} INFO - [2025-05-02T20:07:52.722+0000] {dag.py:3096} INFO - Sync 1 DAGs
[2025-05-02T20:07:52.743+0000] {logging_mixin.py:188} INFO - [2025-05-02T20:07:52.743+0000] {dag.py:3954} INFO - Setting next_dagrun for example_nested_branch_dag to 2025-05-01 00:00:00+00:00, run_after=2025-05-02 00:00:00+00:00
[2025-05-02T20:07:52.759+0000] {processor.py:183} INFO - Processing /home/airflow/.local/lib/python3.12/site-packages/airflow/example_dags/example_nested_branch_dag.py took 0.072 seconds
[2025-05-02T20:08:24.943+0000] {processor.py:161} INFO - Started process (PID=2988) to work on /home/airflow/.local/lib/python3.12/site-packages/airflow/example_dags/example_nested_branch_dag.py
[2025-05-02T20:08:24.944+0000] {processor.py:830} INFO - Processing file /home/airflow/.local/lib/python3.12/site-packages/airflow/example_dags/example_nested_branch_dag.py for tasks to queue
[2025-05-02T20:08:24.945+0000] {logging_mixin.py:188} INFO - [2025-05-02T20:08:24.945+0000] {dagbag.py:545} INFO - Filling up the DagBag from /home/airflow/.local/lib/python3.12/site-packages/airflow/example_dags/example_nested_branch_dag.py
[2025-05-02T20:08:24.952+0000] {processor.py:840} INFO - DAG(s) 'example_nested_branch_dag' retrieved from /home/airflow/.local/lib/python3.12/site-packages/airflow/example_dags/example_nested_branch_dag.py
[2025-05-02T20:08:24.967+0000] {logging_mixin.py:188} INFO - [2025-05-02T20:08:24.966+0000] {dag.py:3096} INFO - Sync 1 DAGs
[2025-05-02T20:08:24.985+0000] {logging_mixin.py:188} INFO - [2025-05-02T20:08:24.985+0000] {dag.py:3954} INFO - Setting next_dagrun for example_nested_branch_dag to 2025-05-01 00:00:00+00:00, run_after=2025-05-02 00:00:00+00:00
[2025-05-02T20:08:24.999+0000] {processor.py:183} INFO - Processing /home/airflow/.local/lib/python3.12/site-packages/airflow/example_dags/example_nested_branch_dag.py took 0.060 seconds
[2025-05-02T20:08:58.128+0000] {processor.py:161} INFO - Started process (PID=3048) to work on /home/airflow/.local/lib/python3.12/site-packages/airflow/example_dags/example_nested_branch_dag.py
[2025-05-02T20:08:58.129+0000] {processor.py:830} INFO - Processing file /home/airflow/.local/lib/python3.12/site-packages/airflow/example_dags/example_nested_branch_dag.py for tasks to queue
[2025-05-02T20:08:58.130+0000] {logging_mixin.py:188} INFO - [2025-05-02T20:08:58.130+0000] {dagbag.py:545} INFO - Filling up the DagBag from /home/airflow/.local/lib/python3.12/site-packages/airflow/example_dags/example_nested_branch_dag.py
[2025-05-02T20:08:58.138+0000] {processor.py:840} INFO - DAG(s) 'example_nested_branch_dag' retrieved from /home/airflow/.local/lib/python3.12/site-packages/airflow/example_dags/example_nested_branch_dag.py
[2025-05-02T20:08:58.153+0000] {logging_mixin.py:188} INFO - [2025-05-02T20:08:58.152+0000] {dag.py:3096} INFO - Sync 1 DAGs
[2025-05-02T20:08:58.170+0000] {logging_mixin.py:188} INFO - [2025-05-02T20:08:58.170+0000] {dag.py:3954} INFO - Setting next_dagrun for example_nested_branch_dag to 2025-05-01 00:00:00+00:00, run_after=2025-05-02 00:00:00+00:00
[2025-05-02T20:08:58.186+0000] {processor.py:183} INFO - Processing /home/airflow/.local/lib/python3.12/site-packages/airflow/example_dags/example_nested_branch_dag.py took 0.062 seconds
[2025-05-02T20:09:30.714+0000] {processor.py:161} INFO - Started process (PID=3108) to work on /home/airflow/.local/lib/python3.12/site-packages/airflow/example_dags/example_nested_branch_dag.py
[2025-05-02T20:09:30.715+0000] {processor.py:830} INFO - Processing file /home/airflow/.local/lib/python3.12/site-packages/airflow/example_dags/example_nested_branch_dag.py for tasks to queue
[2025-05-02T20:09:30.717+0000] {logging_mixin.py:188} INFO - [2025-05-02T20:09:30.716+0000] {dagbag.py:545} INFO - Filling up the DagBag from /home/airflow/.local/lib/python3.12/site-packages/airflow/example_dags/example_nested_branch_dag.py
[2025-05-02T20:09:30.724+0000] {processor.py:840} INFO - DAG(s) 'example_nested_branch_dag' retrieved from /home/airflow/.local/lib/python3.12/site-packages/airflow/example_dags/example_nested_branch_dag.py
[2025-05-02T20:09:30.742+0000] {logging_mixin.py:188} INFO - [2025-05-02T20:09:30.742+0000] {dag.py:3096} INFO - Sync 1 DAGs
[2025-05-02T20:09:30.759+0000] {logging_mixin.py:188} INFO - [2025-05-02T20:09:30.759+0000] {dag.py:3954} INFO - Setting next_dagrun for example_nested_branch_dag to 2025-05-01 00:00:00+00:00, run_after=2025-05-02 00:00:00+00:00
[2025-05-02T20:09:30.775+0000] {processor.py:183} INFO - Processing /home/airflow/.local/lib/python3.12/site-packages/airflow/example_dags/example_nested_branch_dag.py took 0.065 seconds
[2025-05-02T20:10:03.110+0000] {processor.py:161} INFO - Started process (PID=3168) to work on /home/airflow/.local/lib/python3.12/site-packages/airflow/example_dags/example_nested_branch_dag.py
[2025-05-02T20:10:03.110+0000] {processor.py:830} INFO - Processing file /home/airflow/.local/lib/python3.12/site-packages/airflow/example_dags/example_nested_branch_dag.py for tasks to queue
[2025-05-02T20:10:03.112+0000] {logging_mixin.py:188} INFO - [2025-05-02T20:10:03.111+0000] {dagbag.py:545} INFO - Filling up the DagBag from /home/airflow/.local/lib/python3.12/site-packages/airflow/example_dags/example_nested_branch_dag.py
[2025-05-02T20:10:03.120+0000] {processor.py:840} INFO - DAG(s) 'example_nested_branch_dag' retrieved from /home/airflow/.local/lib/python3.12/site-packages/airflow/example_dags/example_nested_branch_dag.py
[2025-05-02T20:10:03.136+0000] {logging_mixin.py:188} INFO - [2025-05-02T20:10:03.136+0000] {dag.py:3096} INFO - Sync 1 DAGs
[2025-05-02T20:10:03.150+0000] {logging_mixin.py:188} INFO - [2025-05-02T20:10:03.150+0000] {dag.py:3954} INFO - Setting next_dagrun for example_nested_branch_dag to 2025-05-01 00:00:00+00:00, run_after=2025-05-02 00:00:00+00:00
[2025-05-02T20:10:03.163+0000] {processor.py:183} INFO - Processing /home/airflow/.local/lib/python3.12/site-packages/airflow/example_dags/example_nested_branch_dag.py took 0.057 seconds
[2025-05-02T20:10:35.038+0000] {processor.py:161} INFO - Started process (PID=3228) to work on /home/airflow/.local/lib/python3.12/site-packages/airflow/example_dags/example_nested_branch_dag.py
[2025-05-02T20:10:35.039+0000] {processor.py:830} INFO - Processing file /home/airflow/.local/lib/python3.12/site-packages/airflow/example_dags/example_nested_branch_dag.py for tasks to queue
[2025-05-02T20:10:35.040+0000] {logging_mixin.py:188} INFO - [2025-05-02T20:10:35.040+0000] {dagbag.py:545} INFO - Filling up the DagBag from /home/airflow/.local/lib/python3.12/site-packages/airflow/example_dags/example_nested_branch_dag.py
[2025-05-02T20:10:35.047+0000] {processor.py:840} INFO - DAG(s) 'example_nested_branch_dag' retrieved from /home/airflow/.local/lib/python3.12/site-packages/airflow/example_dags/example_nested_branch_dag.py
[2025-05-02T20:10:35.061+0000] {logging_mixin.py:188} INFO - [2025-05-02T20:10:35.061+0000] {dag.py:3096} INFO - Sync 1 DAGs
[2025-05-02T20:10:35.076+0000] {logging_mixin.py:188} INFO - [2025-05-02T20:10:35.076+0000] {dag.py:3954} INFO - Setting next_dagrun for example_nested_branch_dag to 2025-05-01 00:00:00+00:00, run_after=2025-05-02 00:00:00+00:00
[2025-05-02T20:10:35.087+0000] {processor.py:183} INFO - Processing /home/airflow/.local/lib/python3.12/site-packages/airflow/example_dags/example_nested_branch_dag.py took 0.053 seconds
[2025-05-02T20:11:08.367+0000] {processor.py:161} INFO - Started process (PID=3288) to work on /home/airflow/.local/lib/python3.12/site-packages/airflow/example_dags/example_nested_branch_dag.py
[2025-05-02T20:11:08.368+0000] {processor.py:830} INFO - Processing file /home/airflow/.local/lib/python3.12/site-packages/airflow/example_dags/example_nested_branch_dag.py for tasks to queue
[2025-05-02T20:11:08.369+0000] {logging_mixin.py:188} INFO - [2025-05-02T20:11:08.369+0000] {dagbag.py:545} INFO - Filling up the DagBag from /home/airflow/.local/lib/python3.12/site-packages/airflow/example_dags/example_nested_branch_dag.py
[2025-05-02T20:11:08.377+0000] {processor.py:840} INFO - DAG(s) 'example_nested_branch_dag' retrieved from /home/airflow/.local/lib/python3.12/site-packages/airflow/example_dags/example_nested_branch_dag.py
[2025-05-02T20:11:08.394+0000] {logging_mixin.py:188} INFO - [2025-05-02T20:11:08.393+0000] {dag.py:3096} INFO - Sync 1 DAGs
[2025-05-02T20:11:08.408+0000] {logging_mixin.py:188} INFO - [2025-05-02T20:11:08.408+0000] {dag.py:3954} INFO - Setting next_dagrun for example_nested_branch_dag to 2025-05-01 00:00:00+00:00, run_after=2025-05-02 00:00:00+00:00
[2025-05-02T20:11:08.421+0000] {processor.py:183} INFO - Processing /home/airflow/.local/lib/python3.12/site-packages/airflow/example_dags/example_nested_branch_dag.py took 0.058 seconds
[2025-05-02T20:11:40.333+0000] {processor.py:161} INFO - Started process (PID=3348) to work on /home/airflow/.local/lib/python3.12/site-packages/airflow/example_dags/example_nested_branch_dag.py
[2025-05-02T20:11:40.333+0000] {processor.py:830} INFO - Processing file /home/airflow/.local/lib/python3.12/site-packages/airflow/example_dags/example_nested_branch_dag.py for tasks to queue
[2025-05-02T20:11:40.335+0000] {logging_mixin.py:188} INFO - [2025-05-02T20:11:40.335+0000] {dagbag.py:545} INFO - Filling up the DagBag from /home/airflow/.local/lib/python3.12/site-packages/airflow/example_dags/example_nested_branch_dag.py
[2025-05-02T20:11:40.342+0000] {processor.py:840} INFO - DAG(s) 'example_nested_branch_dag' retrieved from /home/airflow/.local/lib/python3.12/site-packages/airflow/example_dags/example_nested_branch_dag.py
[2025-05-02T20:11:40.357+0000] {logging_mixin.py:188} INFO - [2025-05-02T20:11:40.357+0000] {dag.py:3096} INFO - Sync 1 DAGs
[2025-05-02T20:11:40.376+0000] {logging_mixin.py:188} INFO - [2025-05-02T20:11:40.376+0000] {dag.py:3954} INFO - Setting next_dagrun for example_nested_branch_dag to 2025-05-01 00:00:00+00:00, run_after=2025-05-02 00:00:00+00:00
[2025-05-02T20:11:40.387+0000] {processor.py:183} INFO - Processing /home/airflow/.local/lib/python3.12/site-packages/airflow/example_dags/example_nested_branch_dag.py took 0.059 seconds
[2025-05-02T20:12:13.423+0000] {processor.py:161} INFO - Started process (PID=3408) to work on /home/airflow/.local/lib/python3.12/site-packages/airflow/example_dags/example_nested_branch_dag.py
[2025-05-02T20:12:13.423+0000] {processor.py:830} INFO - Processing file /home/airflow/.local/lib/python3.12/site-packages/airflow/example_dags/example_nested_branch_dag.py for tasks to queue
[2025-05-02T20:12:13.425+0000] {logging_mixin.py:188} INFO - [2025-05-02T20:12:13.425+0000] {dagbag.py:545} INFO - Filling up the DagBag from /home/airflow/.local/lib/python3.12/site-packages/airflow/example_dags/example_nested_branch_dag.py
[2025-05-02T20:12:13.433+0000] {processor.py:840} INFO - DAG(s) 'example_nested_branch_dag' retrieved from /home/airflow/.local/lib/python3.12/site-packages/airflow/example_dags/example_nested_branch_dag.py
[2025-05-02T20:12:13.448+0000] {logging_mixin.py:188} INFO - [2025-05-02T20:12:13.448+0000] {dag.py:3096} INFO - Sync 1 DAGs
[2025-05-02T20:12:13.464+0000] {logging_mixin.py:188} INFO - [2025-05-02T20:12:13.464+0000] {dag.py:3954} INFO - Setting next_dagrun for example_nested_branch_dag to 2025-05-01 00:00:00+00:00, run_after=2025-05-02 00:00:00+00:00
[2025-05-02T20:12:13.476+0000] {processor.py:183} INFO - Processing /home/airflow/.local/lib/python3.12/site-packages/airflow/example_dags/example_nested_branch_dag.py took 0.057 seconds
[2025-05-02T20:12:45.722+0000] {processor.py:161} INFO - Started process (PID=3468) to work on /home/airflow/.local/lib/python3.12/site-packages/airflow/example_dags/example_nested_branch_dag.py
[2025-05-02T20:12:45.723+0000] {processor.py:830} INFO - Processing file /home/airflow/.local/lib/python3.12/site-packages/airflow/example_dags/example_nested_branch_dag.py for tasks to queue
[2025-05-02T20:12:45.725+0000] {logging_mixin.py:188} INFO - [2025-05-02T20:12:45.724+0000] {dagbag.py:545} INFO - Filling up the DagBag from /home/airflow/.local/lib/python3.12/site-packages/airflow/example_dags/example_nested_branch_dag.py
[2025-05-02T20:12:45.733+0000] {processor.py:840} INFO - DAG(s) 'example_nested_branch_dag' retrieved from /home/airflow/.local/lib/python3.12/site-packages/airflow/example_dags/example_nested_branch_dag.py
[2025-05-02T20:12:45.750+0000] {logging_mixin.py:188} INFO - [2025-05-02T20:12:45.750+0000] {dag.py:3096} INFO - Sync 1 DAGs
[2025-05-02T20:12:45.767+0000] {logging_mixin.py:188} INFO - [2025-05-02T20:12:45.766+0000] {dag.py:3954} INFO - Setting next_dagrun for example_nested_branch_dag to 2025-05-01 00:00:00+00:00, run_after=2025-05-02 00:00:00+00:00
[2025-05-02T20:12:45.781+0000] {processor.py:183} INFO - Processing /home/airflow/.local/lib/python3.12/site-packages/airflow/example_dags/example_nested_branch_dag.py took 0.064 seconds
