[2025-05-02T19:42:21.964+0000] {processor.py:161} INFO - Started process (PID=67) to work on /home/airflow/.local/lib/python3.12/site-packages/airflow/example_dags/example_branch_labels.py
[2025-05-02T19:42:21.965+0000] {processor.py:830} INFO - Processing file /home/airflow/.local/lib/python3.12/site-packages/airflow/example_dags/example_branch_labels.py for tasks to queue
[2025-05-02T19:42:21.967+0000] {logging_mixin.py:188} INFO - [2025-05-02T19:42:21.967+0000] {dagbag.py:545} INFO - Filling up the DagBag from /home/airflow/.local/lib/python3.12/site-packages/airflow/example_dags/example_branch_labels.py
[2025-05-02T19:42:21.976+0000] {processor.py:840} INFO - DAG(s) 'example_branch_labels' retrieved from /home/airflow/.local/lib/python3.12/site-packages/airflow/example_dags/example_branch_labels.py
[2025-05-02T19:42:22.130+0000] {logging_mixin.py:188} INFO - [2025-05-02T19:42:22.129+0000] {override.py:1829} INFO - Created Permission View: can edit on DAG:example_branch_labels
[2025-05-02T19:42:22.142+0000] {logging_mixin.py:188} INFO - [2025-05-02T19:42:22.142+0000] {override.py:1829} INFO - Created Permission View: can read on DAG:example_branch_labels
[2025-05-02T19:42:22.149+0000] {logging_mixin.py:188} INFO - [2025-05-02T19:42:22.148+0000] {override.py:1829} INFO - Created Permission View: can delete on DAG:example_branch_labels
[2025-05-02T19:42:22.149+0000] {logging_mixin.py:188} INFO - [2025-05-02T19:42:22.149+0000] {dag.py:3096} INFO - Sync 1 DAGs
[2025-05-02T19:42:22.161+0000] {logging_mixin.py:188} INFO - [2025-05-02T19:42:22.160+0000] {dag.py:3118} INFO - Creating ORM DAG for example_branch_labels
[2025-05-02T19:42:22.170+0000] {logging_mixin.py:188} INFO - [2025-05-02T19:42:22.169+0000] {dag.py:3954} INFO - Setting next_dagrun for example_branch_labels to 2025-05-01 00:00:00+00:00, run_after=2025-05-02 00:00:00+00:00
[2025-05-02T19:42:22.181+0000] {processor.py:183} INFO - Processing /home/airflow/.local/lib/python3.12/site-packages/airflow/example_dags/example_branch_labels.py took 0.222 seconds
[2025-05-02T19:42:52.509+0000] {processor.py:161} INFO - Started process (PID=127) to work on /home/airflow/.local/lib/python3.12/site-packages/airflow/example_dags/example_branch_labels.py
[2025-05-02T19:42:52.510+0000] {processor.py:830} INFO - Processing file /home/airflow/.local/lib/python3.12/site-packages/airflow/example_dags/example_branch_labels.py for tasks to queue
[2025-05-02T19:42:52.512+0000] {logging_mixin.py:188} INFO - [2025-05-02T19:42:52.512+0000] {dagbag.py:545} INFO - Filling up the DagBag from /home/airflow/.local/lib/python3.12/site-packages/airflow/example_dags/example_branch_labels.py
[2025-05-02T19:42:52.519+0000] {processor.py:840} INFO - DAG(s) 'example_branch_labels' retrieved from /home/airflow/.local/lib/python3.12/site-packages/airflow/example_dags/example_branch_labels.py
[2025-05-02T19:42:52.537+0000] {logging_mixin.py:188} INFO - [2025-05-02T19:42:52.536+0000] {dag.py:3096} INFO - Sync 1 DAGs
[2025-05-02T19:42:52.556+0000] {logging_mixin.py:188} INFO - [2025-05-02T19:42:52.556+0000] {dag.py:3954} INFO - Setting next_dagrun for example_branch_labels to 2025-05-01 00:00:00+00:00, run_after=2025-05-02 00:00:00+00:00
[2025-05-02T19:42:52.571+0000] {processor.py:183} INFO - Processing /home/airflow/.local/lib/python3.12/site-packages/airflow/example_dags/example_branch_labels.py took 0.068 seconds
[2025-05-02T19:43:22.686+0000] {processor.py:161} INFO - Started process (PID=187) to work on /home/airflow/.local/lib/python3.12/site-packages/airflow/example_dags/example_branch_labels.py
[2025-05-02T19:43:22.687+0000] {processor.py:830} INFO - Processing file /home/airflow/.local/lib/python3.12/site-packages/airflow/example_dags/example_branch_labels.py for tasks to queue
[2025-05-02T19:43:22.689+0000] {logging_mixin.py:188} INFO - [2025-05-02T19:43:22.688+0000] {dagbag.py:545} INFO - Filling up the DagBag from /home/airflow/.local/lib/python3.12/site-packages/airflow/example_dags/example_branch_labels.py
[2025-05-02T19:43:22.694+0000] {processor.py:840} INFO - DAG(s) 'example_branch_labels' retrieved from /home/airflow/.local/lib/python3.12/site-packages/airflow/example_dags/example_branch_labels.py
[2025-05-02T19:43:22.714+0000] {logging_mixin.py:188} INFO - [2025-05-02T19:43:22.714+0000] {dag.py:3096} INFO - Sync 1 DAGs
[2025-05-02T19:43:22.737+0000] {logging_mixin.py:188} INFO - [2025-05-02T19:43:22.737+0000] {dag.py:3954} INFO - Setting next_dagrun for example_branch_labels to 2025-05-01 00:00:00+00:00, run_after=2025-05-02 00:00:00+00:00
[2025-05-02T19:43:22.758+0000] {processor.py:183} INFO - Processing /home/airflow/.local/lib/python3.12/site-packages/airflow/example_dags/example_branch_labels.py took 0.078 seconds
[2025-05-02T19:43:53.491+0000] {processor.py:161} INFO - Started process (PID=247) to work on /home/airflow/.local/lib/python3.12/site-packages/airflow/example_dags/example_branch_labels.py
[2025-05-02T19:43:53.492+0000] {processor.py:830} INFO - Processing file /home/airflow/.local/lib/python3.12/site-packages/airflow/example_dags/example_branch_labels.py for tasks to queue
[2025-05-02T19:43:53.494+0000] {logging_mixin.py:188} INFO - [2025-05-02T19:43:53.494+0000] {dagbag.py:545} INFO - Filling up the DagBag from /home/airflow/.local/lib/python3.12/site-packages/airflow/example_dags/example_branch_labels.py
[2025-05-02T19:43:53.501+0000] {processor.py:840} INFO - DAG(s) 'example_branch_labels' retrieved from /home/airflow/.local/lib/python3.12/site-packages/airflow/example_dags/example_branch_labels.py
[2025-05-02T19:43:53.521+0000] {logging_mixin.py:188} INFO - [2025-05-02T19:43:53.521+0000] {dag.py:3096} INFO - Sync 1 DAGs
[2025-05-02T19:43:53.540+0000] {logging_mixin.py:188} INFO - [2025-05-02T19:43:53.540+0000] {dag.py:3954} INFO - Setting next_dagrun for example_branch_labels to 2025-05-01 00:00:00+00:00, run_after=2025-05-02 00:00:00+00:00
[2025-05-02T19:43:53.557+0000] {processor.py:183} INFO - Processing /home/airflow/.local/lib/python3.12/site-packages/airflow/example_dags/example_branch_labels.py took 0.070 seconds
[2025-05-02T19:44:24.311+0000] {processor.py:161} INFO - Started process (PID=307) to work on /home/airflow/.local/lib/python3.12/site-packages/airflow/example_dags/example_branch_labels.py
[2025-05-02T19:44:24.312+0000] {processor.py:830} INFO - Processing file /home/airflow/.local/lib/python3.12/site-packages/airflow/example_dags/example_branch_labels.py for tasks to queue
[2025-05-02T19:44:24.314+0000] {logging_mixin.py:188} INFO - [2025-05-02T19:44:24.313+0000] {dagbag.py:545} INFO - Filling up the DagBag from /home/airflow/.local/lib/python3.12/site-packages/airflow/example_dags/example_branch_labels.py
[2025-05-02T19:44:24.319+0000] {processor.py:840} INFO - DAG(s) 'example_branch_labels' retrieved from /home/airflow/.local/lib/python3.12/site-packages/airflow/example_dags/example_branch_labels.py
[2025-05-02T19:44:24.337+0000] {logging_mixin.py:188} INFO - [2025-05-02T19:44:24.337+0000] {dag.py:3096} INFO - Sync 1 DAGs
[2025-05-02T19:44:24.357+0000] {logging_mixin.py:188} INFO - [2025-05-02T19:44:24.357+0000] {dag.py:3954} INFO - Setting next_dagrun for example_branch_labels to 2025-05-01 00:00:00+00:00, run_after=2025-05-02 00:00:00+00:00
[2025-05-02T19:44:24.375+0000] {processor.py:183} INFO - Processing /home/airflow/.local/lib/python3.12/site-packages/airflow/example_dags/example_branch_labels.py took 0.070 seconds
[2025-05-02T19:44:54.541+0000] {processor.py:161} INFO - Started process (PID=367) to work on /home/airflow/.local/lib/python3.12/site-packages/airflow/example_dags/example_branch_labels.py
[2025-05-02T19:44:54.542+0000] {processor.py:830} INFO - Processing file /home/airflow/.local/lib/python3.12/site-packages/airflow/example_dags/example_branch_labels.py for tasks to queue
[2025-05-02T19:44:54.544+0000] {logging_mixin.py:188} INFO - [2025-05-02T19:44:54.543+0000] {dagbag.py:545} INFO - Filling up the DagBag from /home/airflow/.local/lib/python3.12/site-packages/airflow/example_dags/example_branch_labels.py
[2025-05-02T19:44:54.551+0000] {processor.py:840} INFO - DAG(s) 'example_branch_labels' retrieved from /home/airflow/.local/lib/python3.12/site-packages/airflow/example_dags/example_branch_labels.py
[2025-05-02T19:44:54.570+0000] {logging_mixin.py:188} INFO - [2025-05-02T19:44:54.570+0000] {dag.py:3096} INFO - Sync 1 DAGs
[2025-05-02T19:44:54.593+0000] {logging_mixin.py:188} INFO - [2025-05-02T19:44:54.592+0000] {dag.py:3954} INFO - Setting next_dagrun for example_branch_labels to 2025-05-01 00:00:00+00:00, run_after=2025-05-02 00:00:00+00:00
[2025-05-02T19:44:54.614+0000] {processor.py:183} INFO - Processing /home/airflow/.local/lib/python3.12/site-packages/airflow/example_dags/example_branch_labels.py took 0.078 seconds
[2025-05-02T19:45:24.723+0000] {processor.py:161} INFO - Started process (PID=427) to work on /home/airflow/.local/lib/python3.12/site-packages/airflow/example_dags/example_branch_labels.py
[2025-05-02T19:45:24.724+0000] {processor.py:830} INFO - Processing file /home/airflow/.local/lib/python3.12/site-packages/airflow/example_dags/example_branch_labels.py for tasks to queue
[2025-05-02T19:45:24.726+0000] {logging_mixin.py:188} INFO - [2025-05-02T19:45:24.726+0000] {dagbag.py:545} INFO - Filling up the DagBag from /home/airflow/.local/lib/python3.12/site-packages/airflow/example_dags/example_branch_labels.py
[2025-05-02T19:45:24.732+0000] {processor.py:840} INFO - DAG(s) 'example_branch_labels' retrieved from /home/airflow/.local/lib/python3.12/site-packages/airflow/example_dags/example_branch_labels.py
[2025-05-02T19:45:24.748+0000] {logging_mixin.py:188} INFO - [2025-05-02T19:45:24.748+0000] {dag.py:3096} INFO - Sync 1 DAGs
[2025-05-02T19:45:24.766+0000] {logging_mixin.py:188} INFO - [2025-05-02T19:45:24.766+0000] {dag.py:3954} INFO - Setting next_dagrun for example_branch_labels to 2025-05-01 00:00:00+00:00, run_after=2025-05-02 00:00:00+00:00
[2025-05-02T19:45:24.781+0000] {processor.py:183} INFO - Processing /home/airflow/.local/lib/python3.12/site-packages/airflow/example_dags/example_branch_labels.py took 0.062 seconds
[2025-05-02T19:45:55.235+0000] {processor.py:161} INFO - Started process (PID=487) to work on /home/airflow/.local/lib/python3.12/site-packages/airflow/example_dags/example_branch_labels.py
[2025-05-02T19:45:55.236+0000] {processor.py:830} INFO - Processing file /home/airflow/.local/lib/python3.12/site-packages/airflow/example_dags/example_branch_labels.py for tasks to queue
[2025-05-02T19:45:55.238+0000] {logging_mixin.py:188} INFO - [2025-05-02T19:45:55.237+0000] {dagbag.py:545} INFO - Filling up the DagBag from /home/airflow/.local/lib/python3.12/site-packages/airflow/example_dags/example_branch_labels.py
[2025-05-02T19:45:55.244+0000] {processor.py:840} INFO - DAG(s) 'example_branch_labels' retrieved from /home/airflow/.local/lib/python3.12/site-packages/airflow/example_dags/example_branch_labels.py
[2025-05-02T19:45:55.260+0000] {logging_mixin.py:188} INFO - [2025-05-02T19:45:55.260+0000] {dag.py:3096} INFO - Sync 1 DAGs
[2025-05-02T19:45:55.281+0000] {logging_mixin.py:188} INFO - [2025-05-02T19:45:55.281+0000] {dag.py:3954} INFO - Setting next_dagrun for example_branch_labels to 2025-05-01 00:00:00+00:00, run_after=2025-05-02 00:00:00+00:00
[2025-05-02T19:45:55.296+0000] {processor.py:183} INFO - Processing /home/airflow/.local/lib/python3.12/site-packages/airflow/example_dags/example_branch_labels.py took 0.066 seconds
[2025-05-02T19:46:26.341+0000] {processor.py:161} INFO - Started process (PID=547) to work on /home/airflow/.local/lib/python3.12/site-packages/airflow/example_dags/example_branch_labels.py
[2025-05-02T19:46:26.342+0000] {processor.py:830} INFO - Processing file /home/airflow/.local/lib/python3.12/site-packages/airflow/example_dags/example_branch_labels.py for tasks to queue
[2025-05-02T19:46:26.343+0000] {logging_mixin.py:188} INFO - [2025-05-02T19:46:26.343+0000] {dagbag.py:545} INFO - Filling up the DagBag from /home/airflow/.local/lib/python3.12/site-packages/airflow/example_dags/example_branch_labels.py
[2025-05-02T19:46:26.350+0000] {processor.py:840} INFO - DAG(s) 'example_branch_labels' retrieved from /home/airflow/.local/lib/python3.12/site-packages/airflow/example_dags/example_branch_labels.py
[2025-05-02T19:46:26.366+0000] {logging_mixin.py:188} INFO - [2025-05-02T19:46:26.366+0000] {dag.py:3096} INFO - Sync 1 DAGs
[2025-05-02T19:46:26.386+0000] {logging_mixin.py:188} INFO - [2025-05-02T19:46:26.386+0000] {dag.py:3954} INFO - Setting next_dagrun for example_branch_labels to 2025-05-01 00:00:00+00:00, run_after=2025-05-02 00:00:00+00:00
[2025-05-02T19:46:26.404+0000] {processor.py:183} INFO - Processing /home/airflow/.local/lib/python3.12/site-packages/airflow/example_dags/example_branch_labels.py took 0.068 seconds
[2025-05-02T19:46:56.618+0000] {processor.py:161} INFO - Started process (PID=607) to work on /home/airflow/.local/lib/python3.12/site-packages/airflow/example_dags/example_branch_labels.py
[2025-05-02T19:46:56.619+0000] {processor.py:830} INFO - Processing file /home/airflow/.local/lib/python3.12/site-packages/airflow/example_dags/example_branch_labels.py for tasks to queue
[2025-05-02T19:46:56.620+0000] {logging_mixin.py:188} INFO - [2025-05-02T19:46:56.620+0000] {dagbag.py:545} INFO - Filling up the DagBag from /home/airflow/.local/lib/python3.12/site-packages/airflow/example_dags/example_branch_labels.py
[2025-05-02T19:46:56.626+0000] {processor.py:840} INFO - DAG(s) 'example_branch_labels' retrieved from /home/airflow/.local/lib/python3.12/site-packages/airflow/example_dags/example_branch_labels.py
[2025-05-02T19:46:56.640+0000] {logging_mixin.py:188} INFO - [2025-05-02T19:46:56.640+0000] {dag.py:3096} INFO - Sync 1 DAGs
[2025-05-02T19:46:56.655+0000] {logging_mixin.py:188} INFO - [2025-05-02T19:46:56.655+0000] {dag.py:3954} INFO - Setting next_dagrun for example_branch_labels to 2025-05-01 00:00:00+00:00, run_after=2025-05-02 00:00:00+00:00
[2025-05-02T19:46:56.766+0000] {processor.py:183} INFO - Processing /home/airflow/.local/lib/python3.12/site-packages/airflow/example_dags/example_branch_labels.py took 0.152 seconds
[2025-05-02T19:47:27.137+0000] {processor.py:161} INFO - Started process (PID=667) to work on /home/airflow/.local/lib/python3.12/site-packages/airflow/example_dags/example_branch_labels.py
[2025-05-02T19:47:27.138+0000] {processor.py:830} INFO - Processing file /home/airflow/.local/lib/python3.12/site-packages/airflow/example_dags/example_branch_labels.py for tasks to queue
[2025-05-02T19:47:27.140+0000] {logging_mixin.py:188} INFO - [2025-05-02T19:47:27.139+0000] {dagbag.py:545} INFO - Filling up the DagBag from /home/airflow/.local/lib/python3.12/site-packages/airflow/example_dags/example_branch_labels.py
[2025-05-02T19:47:27.146+0000] {processor.py:840} INFO - DAG(s) 'example_branch_labels' retrieved from /home/airflow/.local/lib/python3.12/site-packages/airflow/example_dags/example_branch_labels.py
[2025-05-02T19:47:27.165+0000] {logging_mixin.py:188} INFO - [2025-05-02T19:47:27.165+0000] {dag.py:3096} INFO - Sync 1 DAGs
[2025-05-02T19:47:27.186+0000] {logging_mixin.py:188} INFO - [2025-05-02T19:47:27.185+0000] {dag.py:3954} INFO - Setting next_dagrun for example_branch_labels to 2025-05-01 00:00:00+00:00, run_after=2025-05-02 00:00:00+00:00
[2025-05-02T19:47:27.202+0000] {processor.py:183} INFO - Processing /home/airflow/.local/lib/python3.12/site-packages/airflow/example_dags/example_branch_labels.py took 0.069 seconds
[2025-05-02T19:47:57.629+0000] {processor.py:161} INFO - Started process (PID=727) to work on /home/airflow/.local/lib/python3.12/site-packages/airflow/example_dags/example_branch_labels.py
[2025-05-02T19:47:57.630+0000] {processor.py:830} INFO - Processing file /home/airflow/.local/lib/python3.12/site-packages/airflow/example_dags/example_branch_labels.py for tasks to queue
[2025-05-02T19:47:57.632+0000] {logging_mixin.py:188} INFO - [2025-05-02T19:47:57.632+0000] {dagbag.py:545} INFO - Filling up the DagBag from /home/airflow/.local/lib/python3.12/site-packages/airflow/example_dags/example_branch_labels.py
[2025-05-02T19:47:57.638+0000] {processor.py:840} INFO - DAG(s) 'example_branch_labels' retrieved from /home/airflow/.local/lib/python3.12/site-packages/airflow/example_dags/example_branch_labels.py
[2025-05-02T19:47:57.654+0000] {logging_mixin.py:188} INFO - [2025-05-02T19:47:57.654+0000] {dag.py:3096} INFO - Sync 1 DAGs
[2025-05-02T19:47:57.673+0000] {logging_mixin.py:188} INFO - [2025-05-02T19:47:57.673+0000] {dag.py:3954} INFO - Setting next_dagrun for example_branch_labels to 2025-05-01 00:00:00+00:00, run_after=2025-05-02 00:00:00+00:00
[2025-05-02T19:47:57.688+0000] {processor.py:183} INFO - Processing /home/airflow/.local/lib/python3.12/site-packages/airflow/example_dags/example_branch_labels.py took 0.064 seconds
[2025-05-02T19:48:28.727+0000] {processor.py:161} INFO - Started process (PID=781) to work on /home/airflow/.local/lib/python3.12/site-packages/airflow/example_dags/example_branch_labels.py
[2025-05-02T19:48:28.728+0000] {processor.py:830} INFO - Processing file /home/airflow/.local/lib/python3.12/site-packages/airflow/example_dags/example_branch_labels.py for tasks to queue
[2025-05-02T19:48:28.730+0000] {logging_mixin.py:188} INFO - [2025-05-02T19:48:28.729+0000] {dagbag.py:545} INFO - Filling up the DagBag from /home/airflow/.local/lib/python3.12/site-packages/airflow/example_dags/example_branch_labels.py
[2025-05-02T19:48:28.735+0000] {processor.py:840} INFO - DAG(s) 'example_branch_labels' retrieved from /home/airflow/.local/lib/python3.12/site-packages/airflow/example_dags/example_branch_labels.py
[2025-05-02T19:48:28.751+0000] {logging_mixin.py:188} INFO - [2025-05-02T19:48:28.750+0000] {dag.py:3096} INFO - Sync 1 DAGs
[2025-05-02T19:48:28.769+0000] {logging_mixin.py:188} INFO - [2025-05-02T19:48:28.769+0000] {dag.py:3954} INFO - Setting next_dagrun for example_branch_labels to 2025-05-01 00:00:00+00:00, run_after=2025-05-02 00:00:00+00:00
[2025-05-02T19:48:28.783+0000] {processor.py:183} INFO - Processing /home/airflow/.local/lib/python3.12/site-packages/airflow/example_dags/example_branch_labels.py took 0.061 seconds
[2025-05-02T19:48:58.983+0000] {processor.py:161} INFO - Started process (PID=841) to work on /home/airflow/.local/lib/python3.12/site-packages/airflow/example_dags/example_branch_labels.py
[2025-05-02T19:48:58.984+0000] {processor.py:830} INFO - Processing file /home/airflow/.local/lib/python3.12/site-packages/airflow/example_dags/example_branch_labels.py for tasks to queue
[2025-05-02T19:48:58.985+0000] {logging_mixin.py:188} INFO - [2025-05-02T19:48:58.985+0000] {dagbag.py:545} INFO - Filling up the DagBag from /home/airflow/.local/lib/python3.12/site-packages/airflow/example_dags/example_branch_labels.py
[2025-05-02T19:48:58.991+0000] {processor.py:840} INFO - DAG(s) 'example_branch_labels' retrieved from /home/airflow/.local/lib/python3.12/site-packages/airflow/example_dags/example_branch_labels.py
[2025-05-02T19:48:59.011+0000] {logging_mixin.py:188} INFO - [2025-05-02T19:48:59.010+0000] {dag.py:3096} INFO - Sync 1 DAGs
[2025-05-02T19:48:59.034+0000] {logging_mixin.py:188} INFO - [2025-05-02T19:48:59.033+0000] {dag.py:3954} INFO - Setting next_dagrun for example_branch_labels to 2025-05-01 00:00:00+00:00, run_after=2025-05-02 00:00:00+00:00
[2025-05-02T19:48:59.057+0000] {processor.py:183} INFO - Processing /home/airflow/.local/lib/python3.12/site-packages/airflow/example_dags/example_branch_labels.py took 0.078 seconds
[2025-05-02T19:49:29.445+0000] {processor.py:161} INFO - Started process (PID=900) to work on /home/airflow/.local/lib/python3.12/site-packages/airflow/example_dags/example_branch_labels.py
[2025-05-02T19:49:29.445+0000] {processor.py:830} INFO - Processing file /home/airflow/.local/lib/python3.12/site-packages/airflow/example_dags/example_branch_labels.py for tasks to queue
[2025-05-02T19:49:29.447+0000] {logging_mixin.py:188} INFO - [2025-05-02T19:49:29.447+0000] {dagbag.py:545} INFO - Filling up the DagBag from /home/airflow/.local/lib/python3.12/site-packages/airflow/example_dags/example_branch_labels.py
[2025-05-02T19:49:29.453+0000] {processor.py:840} INFO - DAG(s) 'example_branch_labels' retrieved from /home/airflow/.local/lib/python3.12/site-packages/airflow/example_dags/example_branch_labels.py
[2025-05-02T19:49:29.478+0000] {logging_mixin.py:188} INFO - [2025-05-02T19:49:29.477+0000] {dag.py:3096} INFO - Sync 1 DAGs
[2025-05-02T19:49:29.500+0000] {logging_mixin.py:188} INFO - [2025-05-02T19:49:29.500+0000] {dag.py:3954} INFO - Setting next_dagrun for example_branch_labels to 2025-05-01 00:00:00+00:00, run_after=2025-05-02 00:00:00+00:00
[2025-05-02T19:49:29.517+0000] {processor.py:183} INFO - Processing /home/airflow/.local/lib/python3.12/site-packages/airflow/example_dags/example_branch_labels.py took 0.078 seconds
[2025-05-02T19:50:01.381+0000] {processor.py:161} INFO - Started process (PID=960) to work on /home/airflow/.local/lib/python3.12/site-packages/airflow/example_dags/example_branch_labels.py
[2025-05-02T19:50:01.382+0000] {processor.py:830} INFO - Processing file /home/airflow/.local/lib/python3.12/site-packages/airflow/example_dags/example_branch_labels.py for tasks to queue
[2025-05-02T19:50:01.383+0000] {logging_mixin.py:188} INFO - [2025-05-02T19:50:01.383+0000] {dagbag.py:545} INFO - Filling up the DagBag from /home/airflow/.local/lib/python3.12/site-packages/airflow/example_dags/example_branch_labels.py
[2025-05-02T19:50:01.390+0000] {processor.py:840} INFO - DAG(s) 'example_branch_labels' retrieved from /home/airflow/.local/lib/python3.12/site-packages/airflow/example_dags/example_branch_labels.py
[2025-05-02T19:50:01.408+0000] {logging_mixin.py:188} INFO - [2025-05-02T19:50:01.407+0000] {dag.py:3096} INFO - Sync 1 DAGs
[2025-05-02T19:50:01.434+0000] {logging_mixin.py:188} INFO - [2025-05-02T19:50:01.433+0000] {dag.py:3954} INFO - Setting next_dagrun for example_branch_labels to 2025-05-01 00:00:00+00:00, run_after=2025-05-02 00:00:00+00:00
[2025-05-02T19:50:01.450+0000] {processor.py:183} INFO - Processing /home/airflow/.local/lib/python3.12/site-packages/airflow/example_dags/example_branch_labels.py took 0.073 seconds
[2025-05-02T19:50:34.191+0000] {processor.py:161} INFO - Started process (PID=1022) to work on /home/airflow/.local/lib/python3.12/site-packages/airflow/example_dags/example_branch_labels.py
[2025-05-02T19:50:34.192+0000] {processor.py:830} INFO - Processing file /home/airflow/.local/lib/python3.12/site-packages/airflow/example_dags/example_branch_labels.py for tasks to queue
[2025-05-02T19:50:34.193+0000] {logging_mixin.py:188} INFO - [2025-05-02T19:50:34.193+0000] {dagbag.py:545} INFO - Filling up the DagBag from /home/airflow/.local/lib/python3.12/site-packages/airflow/example_dags/example_branch_labels.py
[2025-05-02T19:50:34.199+0000] {processor.py:840} INFO - DAG(s) 'example_branch_labels' retrieved from /home/airflow/.local/lib/python3.12/site-packages/airflow/example_dags/example_branch_labels.py
[2025-05-02T19:50:34.214+0000] {logging_mixin.py:188} INFO - [2025-05-02T19:50:34.214+0000] {dag.py:3096} INFO - Sync 1 DAGs
[2025-05-02T19:50:34.231+0000] {logging_mixin.py:188} INFO - [2025-05-02T19:50:34.231+0000] {dag.py:3954} INFO - Setting next_dagrun for example_branch_labels to 2025-05-01 00:00:00+00:00, run_after=2025-05-02 00:00:00+00:00
[2025-05-02T19:50:34.246+0000] {processor.py:183} INFO - Processing /home/airflow/.local/lib/python3.12/site-packages/airflow/example_dags/example_branch_labels.py took 0.059 seconds
[2025-05-02T19:51:06.425+0000] {processor.py:161} INFO - Started process (PID=1082) to work on /home/airflow/.local/lib/python3.12/site-packages/airflow/example_dags/example_branch_labels.py
[2025-05-02T19:51:06.426+0000] {processor.py:830} INFO - Processing file /home/airflow/.local/lib/python3.12/site-packages/airflow/example_dags/example_branch_labels.py for tasks to queue
[2025-05-02T19:51:06.428+0000] {logging_mixin.py:188} INFO - [2025-05-02T19:51:06.428+0000] {dagbag.py:545} INFO - Filling up the DagBag from /home/airflow/.local/lib/python3.12/site-packages/airflow/example_dags/example_branch_labels.py
[2025-05-02T19:51:06.436+0000] {processor.py:840} INFO - DAG(s) 'example_branch_labels' retrieved from /home/airflow/.local/lib/python3.12/site-packages/airflow/example_dags/example_branch_labels.py
[2025-05-02T19:51:06.452+0000] {logging_mixin.py:188} INFO - [2025-05-02T19:51:06.452+0000] {dag.py:3096} INFO - Sync 1 DAGs
[2025-05-02T19:51:06.471+0000] {logging_mixin.py:188} INFO - [2025-05-02T19:51:06.471+0000] {dag.py:3954} INFO - Setting next_dagrun for example_branch_labels to 2025-05-01 00:00:00+00:00, run_after=2025-05-02 00:00:00+00:00
[2025-05-02T19:51:06.487+0000] {processor.py:183} INFO - Processing /home/airflow/.local/lib/python3.12/site-packages/airflow/example_dags/example_branch_labels.py took 0.067 seconds
[2025-05-02T19:51:38.753+0000] {processor.py:161} INFO - Started process (PID=1142) to work on /home/airflow/.local/lib/python3.12/site-packages/airflow/example_dags/example_branch_labels.py
[2025-05-02T19:51:38.754+0000] {processor.py:830} INFO - Processing file /home/airflow/.local/lib/python3.12/site-packages/airflow/example_dags/example_branch_labels.py for tasks to queue
[2025-05-02T19:51:38.756+0000] {logging_mixin.py:188} INFO - [2025-05-02T19:51:38.755+0000] {dagbag.py:545} INFO - Filling up the DagBag from /home/airflow/.local/lib/python3.12/site-packages/airflow/example_dags/example_branch_labels.py
[2025-05-02T19:51:38.767+0000] {processor.py:840} INFO - DAG(s) 'example_branch_labels' retrieved from /home/airflow/.local/lib/python3.12/site-packages/airflow/example_dags/example_branch_labels.py
[2025-05-02T19:51:38.791+0000] {logging_mixin.py:188} INFO - [2025-05-02T19:51:38.791+0000] {dag.py:3096} INFO - Sync 1 DAGs
[2025-05-02T19:51:38.824+0000] {logging_mixin.py:188} INFO - [2025-05-02T19:51:38.822+0000] {dag.py:3954} INFO - Setting next_dagrun for example_branch_labels to 2025-05-01 00:00:00+00:00, run_after=2025-05-02 00:00:00+00:00
[2025-05-02T19:51:38.846+0000] {processor.py:183} INFO - Processing /home/airflow/.local/lib/python3.12/site-packages/airflow/example_dags/example_branch_labels.py took 0.099 seconds
[2025-05-02T19:52:11.045+0000] {processor.py:161} INFO - Started process (PID=1202) to work on /home/airflow/.local/lib/python3.12/site-packages/airflow/example_dags/example_branch_labels.py
[2025-05-02T19:52:11.046+0000] {processor.py:830} INFO - Processing file /home/airflow/.local/lib/python3.12/site-packages/airflow/example_dags/example_branch_labels.py for tasks to queue
[2025-05-02T19:52:11.047+0000] {logging_mixin.py:188} INFO - [2025-05-02T19:52:11.047+0000] {dagbag.py:545} INFO - Filling up the DagBag from /home/airflow/.local/lib/python3.12/site-packages/airflow/example_dags/example_branch_labels.py
[2025-05-02T19:52:11.054+0000] {processor.py:840} INFO - DAG(s) 'example_branch_labels' retrieved from /home/airflow/.local/lib/python3.12/site-packages/airflow/example_dags/example_branch_labels.py
[2025-05-02T19:52:11.073+0000] {logging_mixin.py:188} INFO - [2025-05-02T19:52:11.073+0000] {dag.py:3096} INFO - Sync 1 DAGs
[2025-05-02T19:52:11.090+0000] {logging_mixin.py:188} INFO - [2025-05-02T19:52:11.090+0000] {dag.py:3954} INFO - Setting next_dagrun for example_branch_labels to 2025-05-01 00:00:00+00:00, run_after=2025-05-02 00:00:00+00:00
[2025-05-02T19:52:11.104+0000] {processor.py:183} INFO - Processing /home/airflow/.local/lib/python3.12/site-packages/airflow/example_dags/example_branch_labels.py took 0.064 seconds
[2025-05-02T19:52:43.693+0000] {processor.py:161} INFO - Started process (PID=1262) to work on /home/airflow/.local/lib/python3.12/site-packages/airflow/example_dags/example_branch_labels.py
[2025-05-02T19:52:43.694+0000] {processor.py:830} INFO - Processing file /home/airflow/.local/lib/python3.12/site-packages/airflow/example_dags/example_branch_labels.py for tasks to queue
[2025-05-02T19:52:43.696+0000] {logging_mixin.py:188} INFO - [2025-05-02T19:52:43.696+0000] {dagbag.py:545} INFO - Filling up the DagBag from /home/airflow/.local/lib/python3.12/site-packages/airflow/example_dags/example_branch_labels.py
[2025-05-02T19:52:43.705+0000] {processor.py:840} INFO - DAG(s) 'example_branch_labels' retrieved from /home/airflow/.local/lib/python3.12/site-packages/airflow/example_dags/example_branch_labels.py
[2025-05-02T19:52:43.721+0000] {logging_mixin.py:188} INFO - [2025-05-02T19:52:43.721+0000] {dag.py:3096} INFO - Sync 1 DAGs
[2025-05-02T19:52:43.743+0000] {logging_mixin.py:188} INFO - [2025-05-02T19:52:43.743+0000] {dag.py:3954} INFO - Setting next_dagrun for example_branch_labels to 2025-05-01 00:00:00+00:00, run_after=2025-05-02 00:00:00+00:00
[2025-05-02T19:52:43.761+0000] {processor.py:183} INFO - Processing /home/airflow/.local/lib/python3.12/site-packages/airflow/example_dags/example_branch_labels.py took 0.073 seconds
[2025-05-02T19:53:16.297+0000] {processor.py:161} INFO - Started process (PID=1322) to work on /home/airflow/.local/lib/python3.12/site-packages/airflow/example_dags/example_branch_labels.py
[2025-05-02T19:53:16.298+0000] {processor.py:830} INFO - Processing file /home/airflow/.local/lib/python3.12/site-packages/airflow/example_dags/example_branch_labels.py for tasks to queue
[2025-05-02T19:53:16.299+0000] {logging_mixin.py:188} INFO - [2025-05-02T19:53:16.299+0000] {dagbag.py:545} INFO - Filling up the DagBag from /home/airflow/.local/lib/python3.12/site-packages/airflow/example_dags/example_branch_labels.py
[2025-05-02T19:53:16.307+0000] {processor.py:840} INFO - DAG(s) 'example_branch_labels' retrieved from /home/airflow/.local/lib/python3.12/site-packages/airflow/example_dags/example_branch_labels.py
[2025-05-02T19:53:16.326+0000] {logging_mixin.py:188} INFO - [2025-05-02T19:53:16.326+0000] {dag.py:3096} INFO - Sync 1 DAGs
[2025-05-02T19:53:16.346+0000] {logging_mixin.py:188} INFO - [2025-05-02T19:53:16.346+0000] {dag.py:3954} INFO - Setting next_dagrun for example_branch_labels to 2025-05-01 00:00:00+00:00, run_after=2025-05-02 00:00:00+00:00
[2025-05-02T19:53:16.360+0000] {processor.py:183} INFO - Processing /home/airflow/.local/lib/python3.12/site-packages/airflow/example_dags/example_branch_labels.py took 0.069 seconds
[2025-05-02T19:53:48.721+0000] {processor.py:161} INFO - Started process (PID=1382) to work on /home/airflow/.local/lib/python3.12/site-packages/airflow/example_dags/example_branch_labels.py
[2025-05-02T19:53:48.721+0000] {processor.py:830} INFO - Processing file /home/airflow/.local/lib/python3.12/site-packages/airflow/example_dags/example_branch_labels.py for tasks to queue
[2025-05-02T19:53:48.723+0000] {logging_mixin.py:188} INFO - [2025-05-02T19:53:48.723+0000] {dagbag.py:545} INFO - Filling up the DagBag from /home/airflow/.local/lib/python3.12/site-packages/airflow/example_dags/example_branch_labels.py
[2025-05-02T19:53:48.729+0000] {processor.py:840} INFO - DAG(s) 'example_branch_labels' retrieved from /home/airflow/.local/lib/python3.12/site-packages/airflow/example_dags/example_branch_labels.py
[2025-05-02T19:53:48.745+0000] {logging_mixin.py:188} INFO - [2025-05-02T19:53:48.744+0000] {dag.py:3096} INFO - Sync 1 DAGs
[2025-05-02T19:53:48.762+0000] {logging_mixin.py:188} INFO - [2025-05-02T19:53:48.762+0000] {dag.py:3954} INFO - Setting next_dagrun for example_branch_labels to 2025-05-01 00:00:00+00:00, run_after=2025-05-02 00:00:00+00:00
[2025-05-02T19:53:48.778+0000] {processor.py:183} INFO - Processing /home/airflow/.local/lib/python3.12/site-packages/airflow/example_dags/example_branch_labels.py took 0.062 seconds
[2025-05-02T19:54:21.213+0000] {processor.py:161} INFO - Started process (PID=1442) to work on /home/airflow/.local/lib/python3.12/site-packages/airflow/example_dags/example_branch_labels.py
[2025-05-02T19:54:21.213+0000] {processor.py:830} INFO - Processing file /home/airflow/.local/lib/python3.12/site-packages/airflow/example_dags/example_branch_labels.py for tasks to queue
[2025-05-02T19:54:21.215+0000] {logging_mixin.py:188} INFO - [2025-05-02T19:54:21.215+0000] {dagbag.py:545} INFO - Filling up the DagBag from /home/airflow/.local/lib/python3.12/site-packages/airflow/example_dags/example_branch_labels.py
[2025-05-02T19:54:21.220+0000] {processor.py:840} INFO - DAG(s) 'example_branch_labels' retrieved from /home/airflow/.local/lib/python3.12/site-packages/airflow/example_dags/example_branch_labels.py
[2025-05-02T19:54:21.235+0000] {logging_mixin.py:188} INFO - [2025-05-02T19:54:21.235+0000] {dag.py:3096} INFO - Sync 1 DAGs
[2025-05-02T19:54:21.252+0000] {logging_mixin.py:188} INFO - [2025-05-02T19:54:21.252+0000] {dag.py:3954} INFO - Setting next_dagrun for example_branch_labels to 2025-05-01 00:00:00+00:00, run_after=2025-05-02 00:00:00+00:00
[2025-05-02T19:54:21.266+0000] {processor.py:183} INFO - Processing /home/airflow/.local/lib/python3.12/site-packages/airflow/example_dags/example_branch_labels.py took 0.058 seconds
[2025-05-02T19:54:53.443+0000] {processor.py:161} INFO - Started process (PID=1502) to work on /home/airflow/.local/lib/python3.12/site-packages/airflow/example_dags/example_branch_labels.py
[2025-05-02T19:54:53.444+0000] {processor.py:830} INFO - Processing file /home/airflow/.local/lib/python3.12/site-packages/airflow/example_dags/example_branch_labels.py for tasks to queue
[2025-05-02T19:54:53.446+0000] {logging_mixin.py:188} INFO - [2025-05-02T19:54:53.445+0000] {dagbag.py:545} INFO - Filling up the DagBag from /home/airflow/.local/lib/python3.12/site-packages/airflow/example_dags/example_branch_labels.py
[2025-05-02T19:54:53.452+0000] {processor.py:840} INFO - DAG(s) 'example_branch_labels' retrieved from /home/airflow/.local/lib/python3.12/site-packages/airflow/example_dags/example_branch_labels.py
[2025-05-02T19:54:53.468+0000] {logging_mixin.py:188} INFO - [2025-05-02T19:54:53.467+0000] {dag.py:3096} INFO - Sync 1 DAGs
[2025-05-02T19:54:53.486+0000] {logging_mixin.py:188} INFO - [2025-05-02T19:54:53.486+0000] {dag.py:3954} INFO - Setting next_dagrun for example_branch_labels to 2025-05-01 00:00:00+00:00, run_after=2025-05-02 00:00:00+00:00
[2025-05-02T19:54:53.500+0000] {processor.py:183} INFO - Processing /home/airflow/.local/lib/python3.12/site-packages/airflow/example_dags/example_branch_labels.py took 0.061 seconds
[2025-05-02T19:55:25.352+0000] {processor.py:161} INFO - Started process (PID=1562) to work on /home/airflow/.local/lib/python3.12/site-packages/airflow/example_dags/example_branch_labels.py
[2025-05-02T19:55:25.353+0000] {processor.py:830} INFO - Processing file /home/airflow/.local/lib/python3.12/site-packages/airflow/example_dags/example_branch_labels.py for tasks to queue
[2025-05-02T19:55:25.354+0000] {logging_mixin.py:188} INFO - [2025-05-02T19:55:25.354+0000] {dagbag.py:545} INFO - Filling up the DagBag from /home/airflow/.local/lib/python3.12/site-packages/airflow/example_dags/example_branch_labels.py
[2025-05-02T19:55:25.359+0000] {processor.py:840} INFO - DAG(s) 'example_branch_labels' retrieved from /home/airflow/.local/lib/python3.12/site-packages/airflow/example_dags/example_branch_labels.py
[2025-05-02T19:55:25.374+0000] {logging_mixin.py:188} INFO - [2025-05-02T19:55:25.373+0000] {dag.py:3096} INFO - Sync 1 DAGs
[2025-05-02T19:55:25.390+0000] {logging_mixin.py:188} INFO - [2025-05-02T19:55:25.390+0000] {dag.py:3954} INFO - Setting next_dagrun for example_branch_labels to 2025-05-01 00:00:00+00:00, run_after=2025-05-02 00:00:00+00:00
[2025-05-02T19:55:25.404+0000] {processor.py:183} INFO - Processing /home/airflow/.local/lib/python3.12/site-packages/airflow/example_dags/example_branch_labels.py took 0.056 seconds
[2025-05-02T19:55:58.366+0000] {processor.py:161} INFO - Started process (PID=1622) to work on /home/airflow/.local/lib/python3.12/site-packages/airflow/example_dags/example_branch_labels.py
[2025-05-02T19:55:58.366+0000] {processor.py:830} INFO - Processing file /home/airflow/.local/lib/python3.12/site-packages/airflow/example_dags/example_branch_labels.py for tasks to queue
[2025-05-02T19:55:58.368+0000] {logging_mixin.py:188} INFO - [2025-05-02T19:55:58.368+0000] {dagbag.py:545} INFO - Filling up the DagBag from /home/airflow/.local/lib/python3.12/site-packages/airflow/example_dags/example_branch_labels.py
[2025-05-02T19:55:58.373+0000] {processor.py:840} INFO - DAG(s) 'example_branch_labels' retrieved from /home/airflow/.local/lib/python3.12/site-packages/airflow/example_dags/example_branch_labels.py
[2025-05-02T19:55:58.387+0000] {logging_mixin.py:188} INFO - [2025-05-02T19:55:58.387+0000] {dag.py:3096} INFO - Sync 1 DAGs
[2025-05-02T19:55:58.402+0000] {logging_mixin.py:188} INFO - [2025-05-02T19:55:58.402+0000] {dag.py:3954} INFO - Setting next_dagrun for example_branch_labels to 2025-05-01 00:00:00+00:00, run_after=2025-05-02 00:00:00+00:00
[2025-05-02T19:55:58.416+0000] {processor.py:183} INFO - Processing /home/airflow/.local/lib/python3.12/site-packages/airflow/example_dags/example_branch_labels.py took 0.056 seconds
[2025-05-02T19:56:30.179+0000] {processor.py:161} INFO - Started process (PID=1682) to work on /home/airflow/.local/lib/python3.12/site-packages/airflow/example_dags/example_branch_labels.py
[2025-05-02T19:56:30.179+0000] {processor.py:830} INFO - Processing file /home/airflow/.local/lib/python3.12/site-packages/airflow/example_dags/example_branch_labels.py for tasks to queue
[2025-05-02T19:56:30.181+0000] {logging_mixin.py:188} INFO - [2025-05-02T19:56:30.181+0000] {dagbag.py:545} INFO - Filling up the DagBag from /home/airflow/.local/lib/python3.12/site-packages/airflow/example_dags/example_branch_labels.py
[2025-05-02T19:56:30.187+0000] {processor.py:840} INFO - DAG(s) 'example_branch_labels' retrieved from /home/airflow/.local/lib/python3.12/site-packages/airflow/example_dags/example_branch_labels.py
[2025-05-02T19:56:30.204+0000] {logging_mixin.py:188} INFO - [2025-05-02T19:56:30.204+0000] {dag.py:3096} INFO - Sync 1 DAGs
[2025-05-02T19:56:30.222+0000] {logging_mixin.py:188} INFO - [2025-05-02T19:56:30.222+0000] {dag.py:3954} INFO - Setting next_dagrun for example_branch_labels to 2025-05-01 00:00:00+00:00, run_after=2025-05-02 00:00:00+00:00
[2025-05-02T19:56:30.235+0000] {processor.py:183} INFO - Processing /home/airflow/.local/lib/python3.12/site-packages/airflow/example_dags/example_branch_labels.py took 0.061 seconds
[2025-05-02T19:57:03.194+0000] {processor.py:161} INFO - Started process (PID=1742) to work on /home/airflow/.local/lib/python3.12/site-packages/airflow/example_dags/example_branch_labels.py
[2025-05-02T19:57:03.194+0000] {processor.py:830} INFO - Processing file /home/airflow/.local/lib/python3.12/site-packages/airflow/example_dags/example_branch_labels.py for tasks to queue
[2025-05-02T19:57:03.195+0000] {logging_mixin.py:188} INFO - [2025-05-02T19:57:03.195+0000] {dagbag.py:545} INFO - Filling up the DagBag from /home/airflow/.local/lib/python3.12/site-packages/airflow/example_dags/example_branch_labels.py
[2025-05-02T19:57:03.200+0000] {processor.py:840} INFO - DAG(s) 'example_branch_labels' retrieved from /home/airflow/.local/lib/python3.12/site-packages/airflow/example_dags/example_branch_labels.py
[2025-05-02T19:57:03.214+0000] {logging_mixin.py:188} INFO - [2025-05-02T19:57:03.214+0000] {dag.py:3096} INFO - Sync 1 DAGs
[2025-05-02T19:57:03.233+0000] {logging_mixin.py:188} INFO - [2025-05-02T19:57:03.233+0000] {dag.py:3954} INFO - Setting next_dagrun for example_branch_labels to 2025-05-01 00:00:00+00:00, run_after=2025-05-02 00:00:00+00:00
[2025-05-02T19:57:03.250+0000] {processor.py:183} INFO - Processing /home/airflow/.local/lib/python3.12/site-packages/airflow/example_dags/example_branch_labels.py took 0.060 seconds
[2025-05-02T19:57:35.192+0000] {processor.py:161} INFO - Started process (PID=1802) to work on /home/airflow/.local/lib/python3.12/site-packages/airflow/example_dags/example_branch_labels.py
[2025-05-02T19:57:35.192+0000] {processor.py:830} INFO - Processing file /home/airflow/.local/lib/python3.12/site-packages/airflow/example_dags/example_branch_labels.py for tasks to queue
[2025-05-02T19:57:35.194+0000] {logging_mixin.py:188} INFO - [2025-05-02T19:57:35.193+0000] {dagbag.py:545} INFO - Filling up the DagBag from /home/airflow/.local/lib/python3.12/site-packages/airflow/example_dags/example_branch_labels.py
[2025-05-02T19:57:35.198+0000] {processor.py:840} INFO - DAG(s) 'example_branch_labels' retrieved from /home/airflow/.local/lib/python3.12/site-packages/airflow/example_dags/example_branch_labels.py
[2025-05-02T19:57:35.219+0000] {logging_mixin.py:188} INFO - [2025-05-02T19:57:35.218+0000] {dag.py:3096} INFO - Sync 1 DAGs
[2025-05-02T19:57:35.244+0000] {logging_mixin.py:188} INFO - [2025-05-02T19:57:35.243+0000] {dag.py:3954} INFO - Setting next_dagrun for example_branch_labels to 2025-05-01 00:00:00+00:00, run_after=2025-05-02 00:00:00+00:00
[2025-05-02T19:57:35.264+0000] {processor.py:183} INFO - Processing /home/airflow/.local/lib/python3.12/site-packages/airflow/example_dags/example_branch_labels.py took 0.078 seconds
[2025-05-02T19:58:07.699+0000] {processor.py:161} INFO - Started process (PID=1862) to work on /home/airflow/.local/lib/python3.12/site-packages/airflow/example_dags/example_branch_labels.py
[2025-05-02T19:58:07.700+0000] {processor.py:830} INFO - Processing file /home/airflow/.local/lib/python3.12/site-packages/airflow/example_dags/example_branch_labels.py for tasks to queue
[2025-05-02T19:58:07.703+0000] {logging_mixin.py:188} INFO - [2025-05-02T19:58:07.703+0000] {dagbag.py:545} INFO - Filling up the DagBag from /home/airflow/.local/lib/python3.12/site-packages/airflow/example_dags/example_branch_labels.py
[2025-05-02T19:58:07.709+0000] {processor.py:840} INFO - DAG(s) 'example_branch_labels' retrieved from /home/airflow/.local/lib/python3.12/site-packages/airflow/example_dags/example_branch_labels.py
[2025-05-02T19:58:07.726+0000] {logging_mixin.py:188} INFO - [2025-05-02T19:58:07.726+0000] {dag.py:3096} INFO - Sync 1 DAGs
[2025-05-02T19:58:07.743+0000] {logging_mixin.py:188} INFO - [2025-05-02T19:58:07.743+0000] {dag.py:3954} INFO - Setting next_dagrun for example_branch_labels to 2025-05-01 00:00:00+00:00, run_after=2025-05-02 00:00:00+00:00
[2025-05-02T19:58:07.757+0000] {processor.py:183} INFO - Processing /home/airflow/.local/lib/python3.12/site-packages/airflow/example_dags/example_branch_labels.py took 0.063 seconds
[2025-05-02T19:58:40.239+0000] {processor.py:161} INFO - Started process (PID=1922) to work on /home/airflow/.local/lib/python3.12/site-packages/airflow/example_dags/example_branch_labels.py
[2025-05-02T19:58:40.240+0000] {processor.py:830} INFO - Processing file /home/airflow/.local/lib/python3.12/site-packages/airflow/example_dags/example_branch_labels.py for tasks to queue
[2025-05-02T19:58:40.241+0000] {logging_mixin.py:188} INFO - [2025-05-02T19:58:40.241+0000] {dagbag.py:545} INFO - Filling up the DagBag from /home/airflow/.local/lib/python3.12/site-packages/airflow/example_dags/example_branch_labels.py
[2025-05-02T19:58:40.247+0000] {processor.py:840} INFO - DAG(s) 'example_branch_labels' retrieved from /home/airflow/.local/lib/python3.12/site-packages/airflow/example_dags/example_branch_labels.py
[2025-05-02T19:58:40.264+0000] {logging_mixin.py:188} INFO - [2025-05-02T19:58:40.263+0000] {dag.py:3096} INFO - Sync 1 DAGs
[2025-05-02T19:58:40.280+0000] {logging_mixin.py:188} INFO - [2025-05-02T19:58:40.279+0000] {dag.py:3954} INFO - Setting next_dagrun for example_branch_labels to 2025-05-01 00:00:00+00:00, run_after=2025-05-02 00:00:00+00:00
[2025-05-02T19:58:40.294+0000] {processor.py:183} INFO - Processing /home/airflow/.local/lib/python3.12/site-packages/airflow/example_dags/example_branch_labels.py took 0.059 seconds
[2025-05-02T19:59:12.387+0000] {processor.py:161} INFO - Started process (PID=1982) to work on /home/airflow/.local/lib/python3.12/site-packages/airflow/example_dags/example_branch_labels.py
[2025-05-02T19:59:12.388+0000] {processor.py:830} INFO - Processing file /home/airflow/.local/lib/python3.12/site-packages/airflow/example_dags/example_branch_labels.py for tasks to queue
[2025-05-02T19:59:12.389+0000] {logging_mixin.py:188} INFO - [2025-05-02T19:59:12.389+0000] {dagbag.py:545} INFO - Filling up the DagBag from /home/airflow/.local/lib/python3.12/site-packages/airflow/example_dags/example_branch_labels.py
[2025-05-02T19:59:12.394+0000] {processor.py:840} INFO - DAG(s) 'example_branch_labels' retrieved from /home/airflow/.local/lib/python3.12/site-packages/airflow/example_dags/example_branch_labels.py
[2025-05-02T19:59:12.408+0000] {logging_mixin.py:188} INFO - [2025-05-02T19:59:12.408+0000] {dag.py:3096} INFO - Sync 1 DAGs
[2025-05-02T19:59:12.426+0000] {logging_mixin.py:188} INFO - [2025-05-02T19:59:12.426+0000] {dag.py:3954} INFO - Setting next_dagrun for example_branch_labels to 2025-05-01 00:00:00+00:00, run_after=2025-05-02 00:00:00+00:00
[2025-05-02T19:59:12.441+0000] {processor.py:183} INFO - Processing /home/airflow/.local/lib/python3.12/site-packages/airflow/example_dags/example_branch_labels.py took 0.058 seconds
[2025-05-02T19:59:45.485+0000] {processor.py:161} INFO - Started process (PID=2042) to work on /home/airflow/.local/lib/python3.12/site-packages/airflow/example_dags/example_branch_labels.py
[2025-05-02T19:59:45.485+0000] {processor.py:830} INFO - Processing file /home/airflow/.local/lib/python3.12/site-packages/airflow/example_dags/example_branch_labels.py for tasks to queue
[2025-05-02T19:59:45.487+0000] {logging_mixin.py:188} INFO - [2025-05-02T19:59:45.487+0000] {dagbag.py:545} INFO - Filling up the DagBag from /home/airflow/.local/lib/python3.12/site-packages/airflow/example_dags/example_branch_labels.py
[2025-05-02T19:59:45.494+0000] {processor.py:840} INFO - DAG(s) 'example_branch_labels' retrieved from /home/airflow/.local/lib/python3.12/site-packages/airflow/example_dags/example_branch_labels.py
[2025-05-02T19:59:45.511+0000] {logging_mixin.py:188} INFO - [2025-05-02T19:59:45.511+0000] {dag.py:3096} INFO - Sync 1 DAGs
[2025-05-02T19:59:45.529+0000] {logging_mixin.py:188} INFO - [2025-05-02T19:59:45.528+0000] {dag.py:3954} INFO - Setting next_dagrun for example_branch_labels to 2025-05-01 00:00:00+00:00, run_after=2025-05-02 00:00:00+00:00
[2025-05-02T19:59:45.543+0000] {processor.py:183} INFO - Processing /home/airflow/.local/lib/python3.12/site-packages/airflow/example_dags/example_branch_labels.py took 0.062 seconds
[2025-05-02T20:00:17.746+0000] {processor.py:161} INFO - Started process (PID=2102) to work on /home/airflow/.local/lib/python3.12/site-packages/airflow/example_dags/example_branch_labels.py
[2025-05-02T20:00:17.746+0000] {processor.py:830} INFO - Processing file /home/airflow/.local/lib/python3.12/site-packages/airflow/example_dags/example_branch_labels.py for tasks to queue
[2025-05-02T20:00:17.748+0000] {logging_mixin.py:188} INFO - [2025-05-02T20:00:17.748+0000] {dagbag.py:545} INFO - Filling up the DagBag from /home/airflow/.local/lib/python3.12/site-packages/airflow/example_dags/example_branch_labels.py
[2025-05-02T20:00:17.755+0000] {processor.py:840} INFO - DAG(s) 'example_branch_labels' retrieved from /home/airflow/.local/lib/python3.12/site-packages/airflow/example_dags/example_branch_labels.py
[2025-05-02T20:00:17.773+0000] {logging_mixin.py:188} INFO - [2025-05-02T20:00:17.772+0000] {dag.py:3096} INFO - Sync 1 DAGs
[2025-05-02T20:00:17.793+0000] {logging_mixin.py:188} INFO - [2025-05-02T20:00:17.793+0000] {dag.py:3954} INFO - Setting next_dagrun for example_branch_labels to 2025-05-01 00:00:00+00:00, run_after=2025-05-02 00:00:00+00:00
[2025-05-02T20:00:17.809+0000] {processor.py:183} INFO - Processing /home/airflow/.local/lib/python3.12/site-packages/airflow/example_dags/example_branch_labels.py took 0.068 seconds
[2025-05-02T20:00:50.447+0000] {processor.py:161} INFO - Started process (PID=2162) to work on /home/airflow/.local/lib/python3.12/site-packages/airflow/example_dags/example_branch_labels.py
[2025-05-02T20:00:50.448+0000] {processor.py:830} INFO - Processing file /home/airflow/.local/lib/python3.12/site-packages/airflow/example_dags/example_branch_labels.py for tasks to queue
[2025-05-02T20:00:50.449+0000] {logging_mixin.py:188} INFO - [2025-05-02T20:00:50.449+0000] {dagbag.py:545} INFO - Filling up the DagBag from /home/airflow/.local/lib/python3.12/site-packages/airflow/example_dags/example_branch_labels.py
[2025-05-02T20:00:50.454+0000] {processor.py:840} INFO - DAG(s) 'example_branch_labels' retrieved from /home/airflow/.local/lib/python3.12/site-packages/airflow/example_dags/example_branch_labels.py
[2025-05-02T20:00:50.468+0000] {logging_mixin.py:188} INFO - [2025-05-02T20:00:50.468+0000] {dag.py:3096} INFO - Sync 1 DAGs
[2025-05-02T20:00:50.484+0000] {logging_mixin.py:188} INFO - [2025-05-02T20:00:50.484+0000] {dag.py:3954} INFO - Setting next_dagrun for example_branch_labels to 2025-05-01 00:00:00+00:00, run_after=2025-05-02 00:00:00+00:00
[2025-05-02T20:00:50.497+0000] {processor.py:183} INFO - Processing /home/airflow/.local/lib/python3.12/site-packages/airflow/example_dags/example_branch_labels.py took 0.054 seconds
[2025-05-02T20:01:23.530+0000] {processor.py:161} INFO - Started process (PID=2222) to work on /home/airflow/.local/lib/python3.12/site-packages/airflow/example_dags/example_branch_labels.py
[2025-05-02T20:01:23.531+0000] {processor.py:830} INFO - Processing file /home/airflow/.local/lib/python3.12/site-packages/airflow/example_dags/example_branch_labels.py for tasks to queue
[2025-05-02T20:01:23.533+0000] {logging_mixin.py:188} INFO - [2025-05-02T20:01:23.532+0000] {dagbag.py:545} INFO - Filling up the DagBag from /home/airflow/.local/lib/python3.12/site-packages/airflow/example_dags/example_branch_labels.py
[2025-05-02T20:01:23.539+0000] {processor.py:840} INFO - DAG(s) 'example_branch_labels' retrieved from /home/airflow/.local/lib/python3.12/site-packages/airflow/example_dags/example_branch_labels.py
[2025-05-02T20:01:23.555+0000] {logging_mixin.py:188} INFO - [2025-05-02T20:01:23.555+0000] {dag.py:3096} INFO - Sync 1 DAGs
[2025-05-02T20:01:23.574+0000] {logging_mixin.py:188} INFO - [2025-05-02T20:01:23.574+0000] {dag.py:3954} INFO - Setting next_dagrun for example_branch_labels to 2025-05-01 00:00:00+00:00, run_after=2025-05-02 00:00:00+00:00
[2025-05-02T20:01:23.589+0000] {processor.py:183} INFO - Processing /home/airflow/.local/lib/python3.12/site-packages/airflow/example_dags/example_branch_labels.py took 0.064 seconds
[2025-05-02T20:01:55.102+0000] {processor.py:161} INFO - Started process (PID=2282) to work on /home/airflow/.local/lib/python3.12/site-packages/airflow/example_dags/example_branch_labels.py
[2025-05-02T20:01:55.102+0000] {processor.py:830} INFO - Processing file /home/airflow/.local/lib/python3.12/site-packages/airflow/example_dags/example_branch_labels.py for tasks to queue
[2025-05-02T20:01:55.104+0000] {logging_mixin.py:188} INFO - [2025-05-02T20:01:55.104+0000] {dagbag.py:545} INFO - Filling up the DagBag from /home/airflow/.local/lib/python3.12/site-packages/airflow/example_dags/example_branch_labels.py
[2025-05-02T20:01:55.110+0000] {processor.py:840} INFO - DAG(s) 'example_branch_labels' retrieved from /home/airflow/.local/lib/python3.12/site-packages/airflow/example_dags/example_branch_labels.py
[2025-05-02T20:01:55.127+0000] {logging_mixin.py:188} INFO - [2025-05-02T20:01:55.127+0000] {dag.py:3096} INFO - Sync 1 DAGs
[2025-05-02T20:01:55.262+0000] {logging_mixin.py:188} INFO - [2025-05-02T20:01:55.262+0000] {dag.py:3954} INFO - Setting next_dagrun for example_branch_labels to 2025-05-01 00:00:00+00:00, run_after=2025-05-02 00:00:00+00:00
[2025-05-02T20:01:55.274+0000] {processor.py:183} INFO - Processing /home/airflow/.local/lib/python3.12/site-packages/airflow/example_dags/example_branch_labels.py took 0.176 seconds
[2025-05-02T20:02:27.147+0000] {processor.py:161} INFO - Started process (PID=2342) to work on /home/airflow/.local/lib/python3.12/site-packages/airflow/example_dags/example_branch_labels.py
[2025-05-02T20:02:27.148+0000] {processor.py:830} INFO - Processing file /home/airflow/.local/lib/python3.12/site-packages/airflow/example_dags/example_branch_labels.py for tasks to queue
[2025-05-02T20:02:27.149+0000] {logging_mixin.py:188} INFO - [2025-05-02T20:02:27.149+0000] {dagbag.py:545} INFO - Filling up the DagBag from /home/airflow/.local/lib/python3.12/site-packages/airflow/example_dags/example_branch_labels.py
[2025-05-02T20:02:27.154+0000] {processor.py:840} INFO - DAG(s) 'example_branch_labels' retrieved from /home/airflow/.local/lib/python3.12/site-packages/airflow/example_dags/example_branch_labels.py
[2025-05-02T20:02:27.170+0000] {logging_mixin.py:188} INFO - [2025-05-02T20:02:27.170+0000] {dag.py:3096} INFO - Sync 1 DAGs
[2025-05-02T20:02:27.187+0000] {logging_mixin.py:188} INFO - [2025-05-02T20:02:27.187+0000] {dag.py:3954} INFO - Setting next_dagrun for example_branch_labels to 2025-05-01 00:00:00+00:00, run_after=2025-05-02 00:00:00+00:00
[2025-05-02T20:02:27.200+0000] {processor.py:183} INFO - Processing /home/airflow/.local/lib/python3.12/site-packages/airflow/example_dags/example_branch_labels.py took 0.058 seconds
[2025-05-02T20:03:00.300+0000] {processor.py:161} INFO - Started process (PID=2403) to work on /home/airflow/.local/lib/python3.12/site-packages/airflow/example_dags/example_branch_labels.py
[2025-05-02T20:03:00.301+0000] {processor.py:830} INFO - Processing file /home/airflow/.local/lib/python3.12/site-packages/airflow/example_dags/example_branch_labels.py for tasks to queue
[2025-05-02T20:03:00.302+0000] {logging_mixin.py:188} INFO - [2025-05-02T20:03:00.302+0000] {dagbag.py:545} INFO - Filling up the DagBag from /home/airflow/.local/lib/python3.12/site-packages/airflow/example_dags/example_branch_labels.py
[2025-05-02T20:03:00.308+0000] {processor.py:840} INFO - DAG(s) 'example_branch_labels' retrieved from /home/airflow/.local/lib/python3.12/site-packages/airflow/example_dags/example_branch_labels.py
[2025-05-02T20:03:00.323+0000] {logging_mixin.py:188} INFO - [2025-05-02T20:03:00.323+0000] {dag.py:3096} INFO - Sync 1 DAGs
[2025-05-02T20:03:00.339+0000] {logging_mixin.py:188} INFO - [2025-05-02T20:03:00.339+0000] {dag.py:3954} INFO - Setting next_dagrun for example_branch_labels to 2025-05-01 00:00:00+00:00, run_after=2025-05-02 00:00:00+00:00
[2025-05-02T20:03:00.353+0000] {processor.py:183} INFO - Processing /home/airflow/.local/lib/python3.12/site-packages/airflow/example_dags/example_branch_labels.py took 0.058 seconds
[2025-05-02T20:03:34.289+0000] {processor.py:161} INFO - Started process (PID=2463) to work on /home/airflow/.local/lib/python3.12/site-packages/airflow/example_dags/example_branch_labels.py
[2025-05-02T20:03:34.290+0000] {processor.py:830} INFO - Processing file /home/airflow/.local/lib/python3.12/site-packages/airflow/example_dags/example_branch_labels.py for tasks to queue
[2025-05-02T20:03:34.292+0000] {logging_mixin.py:188} INFO - [2025-05-02T20:03:34.291+0000] {dagbag.py:545} INFO - Filling up the DagBag from /home/airflow/.local/lib/python3.12/site-packages/airflow/example_dags/example_branch_labels.py
[2025-05-02T20:03:34.298+0000] {processor.py:840} INFO - DAG(s) 'example_branch_labels' retrieved from /home/airflow/.local/lib/python3.12/site-packages/airflow/example_dags/example_branch_labels.py
[2025-05-02T20:03:34.432+0000] {logging_mixin.py:188} INFO - [2025-05-02T20:03:34.431+0000] {dag.py:3096} INFO - Sync 1 DAGs
[2025-05-02T20:03:34.447+0000] {logging_mixin.py:188} INFO - [2025-05-02T20:03:34.447+0000] {dag.py:3954} INFO - Setting next_dagrun for example_branch_labels to 2025-05-01 00:00:00+00:00, run_after=2025-05-02 00:00:00+00:00
[2025-05-02T20:03:34.460+0000] {processor.py:183} INFO - Processing /home/airflow/.local/lib/python3.12/site-packages/airflow/example_dags/example_branch_labels.py took 0.176 seconds
[2025-05-02T20:04:05.651+0000] {processor.py:161} INFO - Started process (PID=2523) to work on /home/airflow/.local/lib/python3.12/site-packages/airflow/example_dags/example_branch_labels.py
[2025-05-02T20:04:05.652+0000] {processor.py:830} INFO - Processing file /home/airflow/.local/lib/python3.12/site-packages/airflow/example_dags/example_branch_labels.py for tasks to queue
[2025-05-02T20:04:05.653+0000] {logging_mixin.py:188} INFO - [2025-05-02T20:04:05.653+0000] {dagbag.py:545} INFO - Filling up the DagBag from /home/airflow/.local/lib/python3.12/site-packages/airflow/example_dags/example_branch_labels.py
[2025-05-02T20:04:05.659+0000] {processor.py:840} INFO - DAG(s) 'example_branch_labels' retrieved from /home/airflow/.local/lib/python3.12/site-packages/airflow/example_dags/example_branch_labels.py
[2025-05-02T20:04:05.675+0000] {logging_mixin.py:188} INFO - [2025-05-02T20:04:05.675+0000] {dag.py:3096} INFO - Sync 1 DAGs
[2025-05-02T20:04:05.694+0000] {logging_mixin.py:188} INFO - [2025-05-02T20:04:05.693+0000] {dag.py:3954} INFO - Setting next_dagrun for example_branch_labels to 2025-05-01 00:00:00+00:00, run_after=2025-05-02 00:00:00+00:00
[2025-05-02T20:04:05.711+0000] {processor.py:183} INFO - Processing /home/airflow/.local/lib/python3.12/site-packages/airflow/example_dags/example_branch_labels.py took 0.065 seconds
[2025-05-02T20:04:38.042+0000] {processor.py:161} INFO - Started process (PID=2583) to work on /home/airflow/.local/lib/python3.12/site-packages/airflow/example_dags/example_branch_labels.py
[2025-05-02T20:04:38.042+0000] {processor.py:830} INFO - Processing file /home/airflow/.local/lib/python3.12/site-packages/airflow/example_dags/example_branch_labels.py for tasks to queue
[2025-05-02T20:04:38.044+0000] {logging_mixin.py:188} INFO - [2025-05-02T20:04:38.044+0000] {dagbag.py:545} INFO - Filling up the DagBag from /home/airflow/.local/lib/python3.12/site-packages/airflow/example_dags/example_branch_labels.py
[2025-05-02T20:04:38.051+0000] {processor.py:840} INFO - DAG(s) 'example_branch_labels' retrieved from /home/airflow/.local/lib/python3.12/site-packages/airflow/example_dags/example_branch_labels.py
[2025-05-02T20:04:38.068+0000] {logging_mixin.py:188} INFO - [2025-05-02T20:04:38.068+0000] {dag.py:3096} INFO - Sync 1 DAGs
[2025-05-02T20:04:38.086+0000] {logging_mixin.py:188} INFO - [2025-05-02T20:04:38.086+0000] {dag.py:3954} INFO - Setting next_dagrun for example_branch_labels to 2025-05-01 00:00:00+00:00, run_after=2025-05-02 00:00:00+00:00
[2025-05-02T20:04:38.100+0000] {processor.py:183} INFO - Processing /home/airflow/.local/lib/python3.12/site-packages/airflow/example_dags/example_branch_labels.py took 0.063 seconds
[2025-05-02T20:05:10.302+0000] {processor.py:161} INFO - Started process (PID=2643) to work on /home/airflow/.local/lib/python3.12/site-packages/airflow/example_dags/example_branch_labels.py
[2025-05-02T20:05:10.302+0000] {processor.py:830} INFO - Processing file /home/airflow/.local/lib/python3.12/site-packages/airflow/example_dags/example_branch_labels.py for tasks to queue
[2025-05-02T20:05:10.304+0000] {logging_mixin.py:188} INFO - [2025-05-02T20:05:10.304+0000] {dagbag.py:545} INFO - Filling up the DagBag from /home/airflow/.local/lib/python3.12/site-packages/airflow/example_dags/example_branch_labels.py
[2025-05-02T20:05:10.310+0000] {processor.py:840} INFO - DAG(s) 'example_branch_labels' retrieved from /home/airflow/.local/lib/python3.12/site-packages/airflow/example_dags/example_branch_labels.py
[2025-05-02T20:05:10.326+0000] {logging_mixin.py:188} INFO - [2025-05-02T20:05:10.325+0000] {dag.py:3096} INFO - Sync 1 DAGs
[2025-05-02T20:05:10.343+0000] {logging_mixin.py:188} INFO - [2025-05-02T20:05:10.343+0000] {dag.py:3954} INFO - Setting next_dagrun for example_branch_labels to 2025-05-01 00:00:00+00:00, run_after=2025-05-02 00:00:00+00:00
[2025-05-02T20:05:10.356+0000] {processor.py:183} INFO - Processing /home/airflow/.local/lib/python3.12/site-packages/airflow/example_dags/example_branch_labels.py took 0.058 seconds
[2025-05-02T20:05:42.628+0000] {processor.py:161} INFO - Started process (PID=2703) to work on /home/airflow/.local/lib/python3.12/site-packages/airflow/example_dags/example_branch_labels.py
[2025-05-02T20:05:42.629+0000] {processor.py:830} INFO - Processing file /home/airflow/.local/lib/python3.12/site-packages/airflow/example_dags/example_branch_labels.py for tasks to queue
[2025-05-02T20:05:42.630+0000] {logging_mixin.py:188} INFO - [2025-05-02T20:05:42.630+0000] {dagbag.py:545} INFO - Filling up the DagBag from /home/airflow/.local/lib/python3.12/site-packages/airflow/example_dags/example_branch_labels.py
[2025-05-02T20:05:42.635+0000] {processor.py:840} INFO - DAG(s) 'example_branch_labels' retrieved from /home/airflow/.local/lib/python3.12/site-packages/airflow/example_dags/example_branch_labels.py
[2025-05-02T20:05:42.649+0000] {logging_mixin.py:188} INFO - [2025-05-02T20:05:42.649+0000] {dag.py:3096} INFO - Sync 1 DAGs
[2025-05-02T20:05:42.667+0000] {logging_mixin.py:188} INFO - [2025-05-02T20:05:42.667+0000] {dag.py:3954} INFO - Setting next_dagrun for example_branch_labels to 2025-05-01 00:00:00+00:00, run_after=2025-05-02 00:00:00+00:00
[2025-05-02T20:05:42.682+0000] {processor.py:183} INFO - Processing /home/airflow/.local/lib/python3.12/site-packages/airflow/example_dags/example_branch_labels.py took 0.059 seconds
[2025-05-02T20:06:15.651+0000] {processor.py:161} INFO - Started process (PID=2763) to work on /home/airflow/.local/lib/python3.12/site-packages/airflow/example_dags/example_branch_labels.py
[2025-05-02T20:06:15.651+0000] {processor.py:830} INFO - Processing file /home/airflow/.local/lib/python3.12/site-packages/airflow/example_dags/example_branch_labels.py for tasks to queue
[2025-05-02T20:06:15.653+0000] {logging_mixin.py:188} INFO - [2025-05-02T20:06:15.652+0000] {dagbag.py:545} INFO - Filling up the DagBag from /home/airflow/.local/lib/python3.12/site-packages/airflow/example_dags/example_branch_labels.py
[2025-05-02T20:06:15.657+0000] {processor.py:840} INFO - DAG(s) 'example_branch_labels' retrieved from /home/airflow/.local/lib/python3.12/site-packages/airflow/example_dags/example_branch_labels.py
[2025-05-02T20:06:15.671+0000] {logging_mixin.py:188} INFO - [2025-05-02T20:06:15.671+0000] {dag.py:3096} INFO - Sync 1 DAGs
[2025-05-02T20:06:15.688+0000] {logging_mixin.py:188} INFO - [2025-05-02T20:06:15.688+0000] {dag.py:3954} INFO - Setting next_dagrun for example_branch_labels to 2025-05-01 00:00:00+00:00, run_after=2025-05-02 00:00:00+00:00
[2025-05-02T20:06:15.704+0000] {processor.py:183} INFO - Processing /home/airflow/.local/lib/python3.12/site-packages/airflow/example_dags/example_branch_labels.py took 0.057 seconds
[2025-05-02T20:06:47.650+0000] {processor.py:161} INFO - Started process (PID=2823) to work on /home/airflow/.local/lib/python3.12/site-packages/airflow/example_dags/example_branch_labels.py
[2025-05-02T20:06:47.651+0000] {processor.py:830} INFO - Processing file /home/airflow/.local/lib/python3.12/site-packages/airflow/example_dags/example_branch_labels.py for tasks to queue
[2025-05-02T20:06:47.653+0000] {logging_mixin.py:188} INFO - [2025-05-02T20:06:47.652+0000] {dagbag.py:545} INFO - Filling up the DagBag from /home/airflow/.local/lib/python3.12/site-packages/airflow/example_dags/example_branch_labels.py
[2025-05-02T20:06:47.661+0000] {processor.py:840} INFO - DAG(s) 'example_branch_labels' retrieved from /home/airflow/.local/lib/python3.12/site-packages/airflow/example_dags/example_branch_labels.py
[2025-05-02T20:06:47.682+0000] {logging_mixin.py:188} INFO - [2025-05-02T20:06:47.682+0000] {dag.py:3096} INFO - Sync 1 DAGs
[2025-05-02T20:06:47.702+0000] {logging_mixin.py:188} INFO - [2025-05-02T20:06:47.701+0000] {dag.py:3954} INFO - Setting next_dagrun for example_branch_labels to 2025-05-01 00:00:00+00:00, run_after=2025-05-02 00:00:00+00:00
[2025-05-02T20:06:47.714+0000] {processor.py:183} INFO - Processing /home/airflow/.local/lib/python3.12/site-packages/airflow/example_dags/example_branch_labels.py took 0.070 seconds
[2025-05-02T20:07:21.008+0000] {processor.py:161} INFO - Started process (PID=2883) to work on /home/airflow/.local/lib/python3.12/site-packages/airflow/example_dags/example_branch_labels.py
[2025-05-02T20:07:21.009+0000] {processor.py:830} INFO - Processing file /home/airflow/.local/lib/python3.12/site-packages/airflow/example_dags/example_branch_labels.py for tasks to queue
[2025-05-02T20:07:21.011+0000] {logging_mixin.py:188} INFO - [2025-05-02T20:07:21.011+0000] {dagbag.py:545} INFO - Filling up the DagBag from /home/airflow/.local/lib/python3.12/site-packages/airflow/example_dags/example_branch_labels.py
[2025-05-02T20:07:21.017+0000] {processor.py:840} INFO - DAG(s) 'example_branch_labels' retrieved from /home/airflow/.local/lib/python3.12/site-packages/airflow/example_dags/example_branch_labels.py
[2025-05-02T20:07:21.035+0000] {logging_mixin.py:188} INFO - [2025-05-02T20:07:21.035+0000] {dag.py:3096} INFO - Sync 1 DAGs
[2025-05-02T20:07:21.056+0000] {logging_mixin.py:188} INFO - [2025-05-02T20:07:21.056+0000] {dag.py:3954} INFO - Setting next_dagrun for example_branch_labels to 2025-05-01 00:00:00+00:00, run_after=2025-05-02 00:00:00+00:00
[2025-05-02T20:07:21.072+0000] {processor.py:183} INFO - Processing /home/airflow/.local/lib/python3.12/site-packages/airflow/example_dags/example_branch_labels.py took 0.069 seconds
[2025-05-02T20:07:53.373+0000] {processor.py:161} INFO - Started process (PID=2944) to work on /home/airflow/.local/lib/python3.12/site-packages/airflow/example_dags/example_branch_labels.py
[2025-05-02T20:07:53.374+0000] {processor.py:830} INFO - Processing file /home/airflow/.local/lib/python3.12/site-packages/airflow/example_dags/example_branch_labels.py for tasks to queue
[2025-05-02T20:07:53.376+0000] {logging_mixin.py:188} INFO - [2025-05-02T20:07:53.375+0000] {dagbag.py:545} INFO - Filling up the DagBag from /home/airflow/.local/lib/python3.12/site-packages/airflow/example_dags/example_branch_labels.py
[2025-05-02T20:07:53.381+0000] {processor.py:840} INFO - DAG(s) 'example_branch_labels' retrieved from /home/airflow/.local/lib/python3.12/site-packages/airflow/example_dags/example_branch_labels.py
[2025-05-02T20:07:53.397+0000] {logging_mixin.py:188} INFO - [2025-05-02T20:07:53.397+0000] {dag.py:3096} INFO - Sync 1 DAGs
[2025-05-02T20:07:53.415+0000] {logging_mixin.py:188} INFO - [2025-05-02T20:07:53.415+0000] {dag.py:3954} INFO - Setting next_dagrun for example_branch_labels to 2025-05-01 00:00:00+00:00, run_after=2025-05-02 00:00:00+00:00
[2025-05-02T20:07:53.430+0000] {processor.py:183} INFO - Processing /home/airflow/.local/lib/python3.12/site-packages/airflow/example_dags/example_branch_labels.py took 0.061 seconds
[2025-05-02T20:08:25.562+0000] {processor.py:161} INFO - Started process (PID=3004) to work on /home/airflow/.local/lib/python3.12/site-packages/airflow/example_dags/example_branch_labels.py
[2025-05-02T20:08:25.563+0000] {processor.py:830} INFO - Processing file /home/airflow/.local/lib/python3.12/site-packages/airflow/example_dags/example_branch_labels.py for tasks to queue
[2025-05-02T20:08:25.564+0000] {logging_mixin.py:188} INFO - [2025-05-02T20:08:25.564+0000] {dagbag.py:545} INFO - Filling up the DagBag from /home/airflow/.local/lib/python3.12/site-packages/airflow/example_dags/example_branch_labels.py
[2025-05-02T20:08:25.569+0000] {processor.py:840} INFO - DAG(s) 'example_branch_labels' retrieved from /home/airflow/.local/lib/python3.12/site-packages/airflow/example_dags/example_branch_labels.py
[2025-05-02T20:08:25.584+0000] {logging_mixin.py:188} INFO - [2025-05-02T20:08:25.584+0000] {dag.py:3096} INFO - Sync 1 DAGs
[2025-05-02T20:08:25.601+0000] {logging_mixin.py:188} INFO - [2025-05-02T20:08:25.601+0000] {dag.py:3954} INFO - Setting next_dagrun for example_branch_labels to 2025-05-01 00:00:00+00:00, run_after=2025-05-02 00:00:00+00:00
[2025-05-02T20:08:25.612+0000] {processor.py:183} INFO - Processing /home/airflow/.local/lib/python3.12/site-packages/airflow/example_dags/example_branch_labels.py took 0.054 seconds
[2025-05-02T20:08:58.967+0000] {processor.py:161} INFO - Started process (PID=3064) to work on /home/airflow/.local/lib/python3.12/site-packages/airflow/example_dags/example_branch_labels.py
[2025-05-02T20:08:58.968+0000] {processor.py:830} INFO - Processing file /home/airflow/.local/lib/python3.12/site-packages/airflow/example_dags/example_branch_labels.py for tasks to queue
[2025-05-02T20:08:58.969+0000] {logging_mixin.py:188} INFO - [2025-05-02T20:08:58.969+0000] {dagbag.py:545} INFO - Filling up the DagBag from /home/airflow/.local/lib/python3.12/site-packages/airflow/example_dags/example_branch_labels.py
[2025-05-02T20:08:58.975+0000] {processor.py:840} INFO - DAG(s) 'example_branch_labels' retrieved from /home/airflow/.local/lib/python3.12/site-packages/airflow/example_dags/example_branch_labels.py
[2025-05-02T20:08:58.990+0000] {logging_mixin.py:188} INFO - [2025-05-02T20:08:58.990+0000] {dag.py:3096} INFO - Sync 1 DAGs
[2025-05-02T20:08:59.007+0000] {logging_mixin.py:188} INFO - [2025-05-02T20:08:59.007+0000] {dag.py:3954} INFO - Setting next_dagrun for example_branch_labels to 2025-05-01 00:00:00+00:00, run_after=2025-05-02 00:00:00+00:00
[2025-05-02T20:08:59.020+0000] {processor.py:183} INFO - Processing /home/airflow/.local/lib/python3.12/site-packages/airflow/example_dags/example_branch_labels.py took 0.057 seconds
[2025-05-02T20:09:31.599+0000] {processor.py:161} INFO - Started process (PID=3124) to work on /home/airflow/.local/lib/python3.12/site-packages/airflow/example_dags/example_branch_labels.py
[2025-05-02T20:09:31.600+0000] {processor.py:830} INFO - Processing file /home/airflow/.local/lib/python3.12/site-packages/airflow/example_dags/example_branch_labels.py for tasks to queue
[2025-05-02T20:09:31.603+0000] {logging_mixin.py:188} INFO - [2025-05-02T20:09:31.602+0000] {dagbag.py:545} INFO - Filling up the DagBag from /home/airflow/.local/lib/python3.12/site-packages/airflow/example_dags/example_branch_labels.py
[2025-05-02T20:09:31.610+0000] {processor.py:840} INFO - DAG(s) 'example_branch_labels' retrieved from /home/airflow/.local/lib/python3.12/site-packages/airflow/example_dags/example_branch_labels.py
[2025-05-02T20:09:31.628+0000] {logging_mixin.py:188} INFO - [2025-05-02T20:09:31.628+0000] {dag.py:3096} INFO - Sync 1 DAGs
[2025-05-02T20:09:31.648+0000] {logging_mixin.py:188} INFO - [2025-05-02T20:09:31.648+0000] {dag.py:3954} INFO - Setting next_dagrun for example_branch_labels to 2025-05-01 00:00:00+00:00, run_after=2025-05-02 00:00:00+00:00
[2025-05-02T20:09:31.669+0000] {processor.py:183} INFO - Processing /home/airflow/.local/lib/python3.12/site-packages/airflow/example_dags/example_branch_labels.py took 0.075 seconds
[2025-05-02T20:10:03.806+0000] {processor.py:161} INFO - Started process (PID=3184) to work on /home/airflow/.local/lib/python3.12/site-packages/airflow/example_dags/example_branch_labels.py
[2025-05-02T20:10:03.807+0000] {processor.py:830} INFO - Processing file /home/airflow/.local/lib/python3.12/site-packages/airflow/example_dags/example_branch_labels.py for tasks to queue
[2025-05-02T20:10:03.808+0000] {logging_mixin.py:188} INFO - [2025-05-02T20:10:03.808+0000] {dagbag.py:545} INFO - Filling up the DagBag from /home/airflow/.local/lib/python3.12/site-packages/airflow/example_dags/example_branch_labels.py
[2025-05-02T20:10:03.814+0000] {processor.py:840} INFO - DAG(s) 'example_branch_labels' retrieved from /home/airflow/.local/lib/python3.12/site-packages/airflow/example_dags/example_branch_labels.py
[2025-05-02T20:10:03.830+0000] {logging_mixin.py:188} INFO - [2025-05-02T20:10:03.829+0000] {dag.py:3096} INFO - Sync 1 DAGs
[2025-05-02T20:10:03.849+0000] {logging_mixin.py:188} INFO - [2025-05-02T20:10:03.849+0000] {dag.py:3954} INFO - Setting next_dagrun for example_branch_labels to 2025-05-01 00:00:00+00:00, run_after=2025-05-02 00:00:00+00:00
[2025-05-02T20:10:03.862+0000] {processor.py:183} INFO - Processing /home/airflow/.local/lib/python3.12/site-packages/airflow/example_dags/example_branch_labels.py took 0.060 seconds
[2025-05-02T20:10:35.730+0000] {processor.py:161} INFO - Started process (PID=3244) to work on /home/airflow/.local/lib/python3.12/site-packages/airflow/example_dags/example_branch_labels.py
[2025-05-02T20:10:35.731+0000] {processor.py:830} INFO - Processing file /home/airflow/.local/lib/python3.12/site-packages/airflow/example_dags/example_branch_labels.py for tasks to queue
[2025-05-02T20:10:35.732+0000] {logging_mixin.py:188} INFO - [2025-05-02T20:10:35.732+0000] {dagbag.py:545} INFO - Filling up the DagBag from /home/airflow/.local/lib/python3.12/site-packages/airflow/example_dags/example_branch_labels.py
[2025-05-02T20:10:35.737+0000] {processor.py:840} INFO - DAG(s) 'example_branch_labels' retrieved from /home/airflow/.local/lib/python3.12/site-packages/airflow/example_dags/example_branch_labels.py
[2025-05-02T20:10:35.751+0000] {logging_mixin.py:188} INFO - [2025-05-02T20:10:35.751+0000] {dag.py:3096} INFO - Sync 1 DAGs
[2025-05-02T20:10:35.766+0000] {logging_mixin.py:188} INFO - [2025-05-02T20:10:35.766+0000] {dag.py:3954} INFO - Setting next_dagrun for example_branch_labels to 2025-05-01 00:00:00+00:00, run_after=2025-05-02 00:00:00+00:00
[2025-05-02T20:10:35.781+0000] {processor.py:183} INFO - Processing /home/airflow/.local/lib/python3.12/site-packages/airflow/example_dags/example_branch_labels.py took 0.055 seconds
[2025-05-02T20:11:08.974+0000] {processor.py:161} INFO - Started process (PID=3304) to work on /home/airflow/.local/lib/python3.12/site-packages/airflow/example_dags/example_branch_labels.py
[2025-05-02T20:11:08.975+0000] {processor.py:830} INFO - Processing file /home/airflow/.local/lib/python3.12/site-packages/airflow/example_dags/example_branch_labels.py for tasks to queue
[2025-05-02T20:11:08.977+0000] {logging_mixin.py:188} INFO - [2025-05-02T20:11:08.977+0000] {dagbag.py:545} INFO - Filling up the DagBag from /home/airflow/.local/lib/python3.12/site-packages/airflow/example_dags/example_branch_labels.py
[2025-05-02T20:11:08.982+0000] {processor.py:840} INFO - DAG(s) 'example_branch_labels' retrieved from /home/airflow/.local/lib/python3.12/site-packages/airflow/example_dags/example_branch_labels.py
[2025-05-02T20:11:08.996+0000] {logging_mixin.py:188} INFO - [2025-05-02T20:11:08.996+0000] {dag.py:3096} INFO - Sync 1 DAGs
[2025-05-02T20:11:09.012+0000] {logging_mixin.py:188} INFO - [2025-05-02T20:11:09.012+0000] {dag.py:3954} INFO - Setting next_dagrun for example_branch_labels to 2025-05-01 00:00:00+00:00, run_after=2025-05-02 00:00:00+00:00
[2025-05-02T20:11:09.024+0000] {processor.py:183} INFO - Processing /home/airflow/.local/lib/python3.12/site-packages/airflow/example_dags/example_branch_labels.py took 0.054 seconds
[2025-05-02T20:11:41.010+0000] {processor.py:161} INFO - Started process (PID=3364) to work on /home/airflow/.local/lib/python3.12/site-packages/airflow/example_dags/example_branch_labels.py
[2025-05-02T20:11:41.011+0000] {processor.py:830} INFO - Processing file /home/airflow/.local/lib/python3.12/site-packages/airflow/example_dags/example_branch_labels.py for tasks to queue
[2025-05-02T20:11:41.013+0000] {logging_mixin.py:188} INFO - [2025-05-02T20:11:41.012+0000] {dagbag.py:545} INFO - Filling up the DagBag from /home/airflow/.local/lib/python3.12/site-packages/airflow/example_dags/example_branch_labels.py
[2025-05-02T20:11:41.022+0000] {processor.py:840} INFO - DAG(s) 'example_branch_labels' retrieved from /home/airflow/.local/lib/python3.12/site-packages/airflow/example_dags/example_branch_labels.py
[2025-05-02T20:11:41.048+0000] {logging_mixin.py:188} INFO - [2025-05-02T20:11:41.048+0000] {dag.py:3096} INFO - Sync 1 DAGs
[2025-05-02T20:11:41.078+0000] {logging_mixin.py:188} INFO - [2025-05-02T20:11:41.078+0000] {dag.py:3954} INFO - Setting next_dagrun for example_branch_labels to 2025-05-01 00:00:00+00:00, run_after=2025-05-02 00:00:00+00:00
[2025-05-02T20:11:41.092+0000] {processor.py:183} INFO - Processing /home/airflow/.local/lib/python3.12/site-packages/airflow/example_dags/example_branch_labels.py took 0.087 seconds
[2025-05-02T20:12:14.235+0000] {processor.py:161} INFO - Started process (PID=3424) to work on /home/airflow/.local/lib/python3.12/site-packages/airflow/example_dags/example_branch_labels.py
[2025-05-02T20:12:14.235+0000] {processor.py:830} INFO - Processing file /home/airflow/.local/lib/python3.12/site-packages/airflow/example_dags/example_branch_labels.py for tasks to queue
[2025-05-02T20:12:14.237+0000] {logging_mixin.py:188} INFO - [2025-05-02T20:12:14.236+0000] {dagbag.py:545} INFO - Filling up the DagBag from /home/airflow/.local/lib/python3.12/site-packages/airflow/example_dags/example_branch_labels.py
[2025-05-02T20:12:14.242+0000] {processor.py:840} INFO - DAG(s) 'example_branch_labels' retrieved from /home/airflow/.local/lib/python3.12/site-packages/airflow/example_dags/example_branch_labels.py
[2025-05-02T20:12:14.256+0000] {logging_mixin.py:188} INFO - [2025-05-02T20:12:14.256+0000] {dag.py:3096} INFO - Sync 1 DAGs
[2025-05-02T20:12:14.271+0000] {logging_mixin.py:188} INFO - [2025-05-02T20:12:14.271+0000] {dag.py:3954} INFO - Setting next_dagrun for example_branch_labels to 2025-05-01 00:00:00+00:00, run_after=2025-05-02 00:00:00+00:00
[2025-05-02T20:12:14.283+0000] {processor.py:183} INFO - Processing /home/airflow/.local/lib/python3.12/site-packages/airflow/example_dags/example_branch_labels.py took 0.053 seconds
[2025-05-02T20:12:46.357+0000] {processor.py:161} INFO - Started process (PID=3484) to work on /home/airflow/.local/lib/python3.12/site-packages/airflow/example_dags/example_branch_labels.py
[2025-05-02T20:12:46.357+0000] {processor.py:830} INFO - Processing file /home/airflow/.local/lib/python3.12/site-packages/airflow/example_dags/example_branch_labels.py for tasks to queue
[2025-05-02T20:12:46.359+0000] {logging_mixin.py:188} INFO - [2025-05-02T20:12:46.359+0000] {dagbag.py:545} INFO - Filling up the DagBag from /home/airflow/.local/lib/python3.12/site-packages/airflow/example_dags/example_branch_labels.py
[2025-05-02T20:12:46.365+0000] {processor.py:840} INFO - DAG(s) 'example_branch_labels' retrieved from /home/airflow/.local/lib/python3.12/site-packages/airflow/example_dags/example_branch_labels.py
[2025-05-02T20:12:46.380+0000] {logging_mixin.py:188} INFO - [2025-05-02T20:12:46.380+0000] {dag.py:3096} INFO - Sync 1 DAGs
[2025-05-02T20:12:46.395+0000] {logging_mixin.py:188} INFO - [2025-05-02T20:12:46.395+0000] {dag.py:3954} INFO - Setting next_dagrun for example_branch_labels to 2025-05-01 00:00:00+00:00, run_after=2025-05-02 00:00:00+00:00
[2025-05-02T20:12:46.407+0000] {processor.py:183} INFO - Processing /home/airflow/.local/lib/python3.12/site-packages/airflow/example_dags/example_branch_labels.py took 0.055 seconds
