[2025-05-02T19:42:21.560+0000] {processor.py:161} INFO - Started process (PID=64) to work on /home/airflow/.local/lib/python3.12/site-packages/airflow/example_dags/example_sla_dag.py
[2025-05-02T19:42:21.561+0000] {processor.py:830} INFO - Processing file /home/airflow/.local/lib/python3.12/site-packages/airflow/example_dags/example_sla_dag.py for tasks to queue
[2025-05-02T19:42:21.562+0000] {logging_mixin.py:188} INFO - [2025-05-02T19:42:21.562+0000] {dagbag.py:545} INFO - Filling up the DagBag from /home/airflow/.local/lib/python3.12/site-packages/airflow/example_dags/example_sla_dag.py
[2025-05-02T19:42:21.572+0000] {processor.py:840} INFO - DAG(s) 'example_sla_dag' retrieved from /home/airflow/.local/lib/python3.12/site-packages/airflow/example_dags/example_sla_dag.py
[2025-05-02T19:42:21.676+0000] {logging_mixin.py:188} INFO - [2025-05-02T19:42:21.675+0000] {override.py:1829} INFO - Created Permission View: can edit on DAG:example_sla_dag
[2025-05-02T19:42:21.687+0000] {logging_mixin.py:188} INFO - [2025-05-02T19:42:21.687+0000] {override.py:1829} INFO - Created Permission View: can read on DAG:example_sla_dag
[2025-05-02T19:42:21.694+0000] {logging_mixin.py:188} INFO - [2025-05-02T19:42:21.694+0000] {override.py:1829} INFO - Created Permission View: can delete on DAG:example_sla_dag
[2025-05-02T19:42:21.695+0000] {logging_mixin.py:188} INFO - [2025-05-02T19:42:21.695+0000] {dag.py:3096} INFO - Sync 1 DAGs
[2025-05-02T19:42:21.706+0000] {logging_mixin.py:188} INFO - [2025-05-02T19:42:21.706+0000] {dag.py:3118} INFO - Creating ORM DAG for example_sla_dag
[2025-05-02T19:42:21.718+0000] {logging_mixin.py:188} INFO - [2025-05-02T19:42:21.717+0000] {dag.py:3954} INFO - Setting next_dagrun for example_sla_dag to 2025-05-02 19:40:00+00:00, run_after=2025-05-02 19:42:00+00:00
[2025-05-02T19:42:21.732+0000] {processor.py:183} INFO - Processing /home/airflow/.local/lib/python3.12/site-packages/airflow/example_dags/example_sla_dag.py took 0.178 seconds
[2025-05-02T19:42:52.313+0000] {processor.py:161} INFO - Started process (PID=123) to work on /home/airflow/.local/lib/python3.12/site-packages/airflow/example_dags/example_sla_dag.py
[2025-05-02T19:42:52.314+0000] {processor.py:830} INFO - Processing file /home/airflow/.local/lib/python3.12/site-packages/airflow/example_dags/example_sla_dag.py for tasks to queue
[2025-05-02T19:42:52.316+0000] {logging_mixin.py:188} INFO - [2025-05-02T19:42:52.315+0000] {dagbag.py:545} INFO - Filling up the DagBag from /home/airflow/.local/lib/python3.12/site-packages/airflow/example_dags/example_sla_dag.py
[2025-05-02T19:42:52.323+0000] {processor.py:840} INFO - DAG(s) 'example_sla_dag' retrieved from /home/airflow/.local/lib/python3.12/site-packages/airflow/example_dags/example_sla_dag.py
[2025-05-02T19:42:52.340+0000] {logging_mixin.py:188} INFO - [2025-05-02T19:42:52.339+0000] {dag.py:3096} INFO - Sync 1 DAGs
[2025-05-02T19:42:52.361+0000] {logging_mixin.py:188} INFO - [2025-05-02T19:42:52.361+0000] {dag.py:3954} INFO - Setting next_dagrun for example_sla_dag to 2025-05-02 19:40:00+00:00, run_after=2025-05-02 19:42:00+00:00
[2025-05-02T19:42:52.377+0000] {processor.py:183} INFO - Processing /home/airflow/.local/lib/python3.12/site-packages/airflow/example_dags/example_sla_dag.py took 0.069 seconds
[2025-05-02T19:43:22.471+0000] {processor.py:161} INFO - Started process (PID=183) to work on /home/airflow/.local/lib/python3.12/site-packages/airflow/example_dags/example_sla_dag.py
[2025-05-02T19:43:22.472+0000] {processor.py:830} INFO - Processing file /home/airflow/.local/lib/python3.12/site-packages/airflow/example_dags/example_sla_dag.py for tasks to queue
[2025-05-02T19:43:22.474+0000] {logging_mixin.py:188} INFO - [2025-05-02T19:43:22.474+0000] {dagbag.py:545} INFO - Filling up the DagBag from /home/airflow/.local/lib/python3.12/site-packages/airflow/example_dags/example_sla_dag.py
[2025-05-02T19:43:22.483+0000] {processor.py:840} INFO - DAG(s) 'example_sla_dag' retrieved from /home/airflow/.local/lib/python3.12/site-packages/airflow/example_dags/example_sla_dag.py
[2025-05-02T19:43:22.502+0000] {logging_mixin.py:188} INFO - [2025-05-02T19:43:22.501+0000] {dag.py:3096} INFO - Sync 1 DAGs
[2025-05-02T19:43:22.525+0000] {logging_mixin.py:188} INFO - [2025-05-02T19:43:22.524+0000] {dag.py:3954} INFO - Setting next_dagrun for example_sla_dag to 2025-05-02 19:40:00+00:00, run_after=2025-05-02 19:42:00+00:00
[2025-05-02T19:43:22.550+0000] {processor.py:183} INFO - Processing /home/airflow/.local/lib/python3.12/site-packages/airflow/example_dags/example_sla_dag.py took 0.085 seconds
[2025-05-02T19:43:53.320+0000] {processor.py:161} INFO - Started process (PID=244) to work on /home/airflow/.local/lib/python3.12/site-packages/airflow/example_dags/example_sla_dag.py
[2025-05-02T19:43:53.327+0000] {processor.py:830} INFO - Processing file /home/airflow/.local/lib/python3.12/site-packages/airflow/example_dags/example_sla_dag.py for tasks to queue
[2025-05-02T19:43:53.328+0000] {logging_mixin.py:188} INFO - [2025-05-02T19:43:53.328+0000] {dagbag.py:545} INFO - Filling up the DagBag from /home/airflow/.local/lib/python3.12/site-packages/airflow/example_dags/example_sla_dag.py
[2025-05-02T19:43:53.335+0000] {processor.py:840} INFO - DAG(s) 'example_sla_dag' retrieved from /home/airflow/.local/lib/python3.12/site-packages/airflow/example_dags/example_sla_dag.py
[2025-05-02T19:43:53.349+0000] {logging_mixin.py:188} INFO - [2025-05-02T19:43:53.349+0000] {dag.py:3096} INFO - Sync 1 DAGs
[2025-05-02T19:43:53.370+0000] {logging_mixin.py:188} INFO - [2025-05-02T19:43:53.370+0000] {dag.py:3954} INFO - Setting next_dagrun for example_sla_dag to 2025-05-02 19:40:00+00:00, run_after=2025-05-02 19:42:00+00:00
[2025-05-02T19:43:53.392+0000] {processor.py:183} INFO - Processing /home/airflow/.local/lib/python3.12/site-packages/airflow/example_dags/example_sla_dag.py took 0.077 seconds
[2025-05-02T19:44:24.142+0000] {processor.py:161} INFO - Started process (PID=304) to work on /home/airflow/.local/lib/python3.12/site-packages/airflow/example_dags/example_sla_dag.py
[2025-05-02T19:44:24.143+0000] {processor.py:830} INFO - Processing file /home/airflow/.local/lib/python3.12/site-packages/airflow/example_dags/example_sla_dag.py for tasks to queue
[2025-05-02T19:44:24.144+0000] {logging_mixin.py:188} INFO - [2025-05-02T19:44:24.144+0000] {dagbag.py:545} INFO - Filling up the DagBag from /home/airflow/.local/lib/python3.12/site-packages/airflow/example_dags/example_sla_dag.py
[2025-05-02T19:44:24.150+0000] {processor.py:840} INFO - DAG(s) 'example_sla_dag' retrieved from /home/airflow/.local/lib/python3.12/site-packages/airflow/example_dags/example_sla_dag.py
[2025-05-02T19:44:24.167+0000] {logging_mixin.py:188} INFO - [2025-05-02T19:44:24.166+0000] {dag.py:3096} INFO - Sync 1 DAGs
[2025-05-02T19:44:24.189+0000] {logging_mixin.py:188} INFO - [2025-05-02T19:44:24.188+0000] {dag.py:3954} INFO - Setting next_dagrun for example_sla_dag to 2025-05-02 19:42:00+00:00, run_after=2025-05-02 19:44:00+00:00
[2025-05-02T19:44:24.211+0000] {processor.py:183} INFO - Processing /home/airflow/.local/lib/python3.12/site-packages/airflow/example_dags/example_sla_dag.py took 0.074 seconds
[2025-05-02T19:44:54.281+0000] {processor.py:161} INFO - Started process (PID=363) to work on /home/airflow/.local/lib/python3.12/site-packages/airflow/example_dags/example_sla_dag.py
[2025-05-02T19:44:54.282+0000] {processor.py:830} INFO - Processing file /home/airflow/.local/lib/python3.12/site-packages/airflow/example_dags/example_sla_dag.py for tasks to queue
[2025-05-02T19:44:54.284+0000] {logging_mixin.py:188} INFO - [2025-05-02T19:44:54.284+0000] {dagbag.py:545} INFO - Filling up the DagBag from /home/airflow/.local/lib/python3.12/site-packages/airflow/example_dags/example_sla_dag.py
[2025-05-02T19:44:54.291+0000] {processor.py:840} INFO - DAG(s) 'example_sla_dag' retrieved from /home/airflow/.local/lib/python3.12/site-packages/airflow/example_dags/example_sla_dag.py
[2025-05-02T19:44:54.306+0000] {logging_mixin.py:188} INFO - [2025-05-02T19:44:54.306+0000] {dag.py:3096} INFO - Sync 1 DAGs
[2025-05-02T19:44:54.330+0000] {logging_mixin.py:188} INFO - [2025-05-02T19:44:54.330+0000] {dag.py:3954} INFO - Setting next_dagrun for example_sla_dag to 2025-05-02 19:42:00+00:00, run_after=2025-05-02 19:44:00+00:00
[2025-05-02T19:44:54.346+0000] {processor.py:183} INFO - Processing /home/airflow/.local/lib/python3.12/site-packages/airflow/example_dags/example_sla_dag.py took 0.070 seconds
[2025-05-02T19:45:24.499+0000] {processor.py:161} INFO - Started process (PID=423) to work on /home/airflow/.local/lib/python3.12/site-packages/airflow/example_dags/example_sla_dag.py
[2025-05-02T19:45:24.500+0000] {processor.py:830} INFO - Processing file /home/airflow/.local/lib/python3.12/site-packages/airflow/example_dags/example_sla_dag.py for tasks to queue
[2025-05-02T19:45:24.501+0000] {logging_mixin.py:188} INFO - [2025-05-02T19:45:24.501+0000] {dagbag.py:545} INFO - Filling up the DagBag from /home/airflow/.local/lib/python3.12/site-packages/airflow/example_dags/example_sla_dag.py
[2025-05-02T19:45:24.508+0000] {processor.py:840} INFO - DAG(s) 'example_sla_dag' retrieved from /home/airflow/.local/lib/python3.12/site-packages/airflow/example_dags/example_sla_dag.py
[2025-05-02T19:45:24.523+0000] {logging_mixin.py:188} INFO - [2025-05-02T19:45:24.523+0000] {dag.py:3096} INFO - Sync 1 DAGs
[2025-05-02T19:45:24.544+0000] {logging_mixin.py:188} INFO - [2025-05-02T19:45:24.544+0000] {dag.py:3954} INFO - Setting next_dagrun for example_sla_dag to 2025-05-02 19:42:00+00:00, run_after=2025-05-02 19:44:00+00:00
[2025-05-02T19:45:24.563+0000] {processor.py:183} INFO - Processing /home/airflow/.local/lib/python3.12/site-packages/airflow/example_dags/example_sla_dag.py took 0.070 seconds
[2025-05-02T19:45:55.077+0000] {processor.py:161} INFO - Started process (PID=484) to work on /home/airflow/.local/lib/python3.12/site-packages/airflow/example_dags/example_sla_dag.py
[2025-05-02T19:45:55.078+0000] {processor.py:830} INFO - Processing file /home/airflow/.local/lib/python3.12/site-packages/airflow/example_dags/example_sla_dag.py for tasks to queue
[2025-05-02T19:45:55.079+0000] {logging_mixin.py:188} INFO - [2025-05-02T19:45:55.079+0000] {dagbag.py:545} INFO - Filling up the DagBag from /home/airflow/.local/lib/python3.12/site-packages/airflow/example_dags/example_sla_dag.py
[2025-05-02T19:45:55.086+0000] {processor.py:840} INFO - DAG(s) 'example_sla_dag' retrieved from /home/airflow/.local/lib/python3.12/site-packages/airflow/example_dags/example_sla_dag.py
[2025-05-02T19:45:55.102+0000] {logging_mixin.py:188} INFO - [2025-05-02T19:45:55.102+0000] {dag.py:3096} INFO - Sync 1 DAGs
[2025-05-02T19:45:55.122+0000] {logging_mixin.py:188} INFO - [2025-05-02T19:45:55.122+0000] {dag.py:3954} INFO - Setting next_dagrun for example_sla_dag to 2025-05-02 19:42:00+00:00, run_after=2025-05-02 19:44:00+00:00
[2025-05-02T19:45:55.137+0000] {processor.py:183} INFO - Processing /home/airflow/.local/lib/python3.12/site-packages/airflow/example_dags/example_sla_dag.py took 0.065 seconds
[2025-05-02T19:46:26.157+0000] {processor.py:161} INFO - Started process (PID=544) to work on /home/airflow/.local/lib/python3.12/site-packages/airflow/example_dags/example_sla_dag.py
[2025-05-02T19:46:26.157+0000] {processor.py:830} INFO - Processing file /home/airflow/.local/lib/python3.12/site-packages/airflow/example_dags/example_sla_dag.py for tasks to queue
[2025-05-02T19:46:26.159+0000] {logging_mixin.py:188} INFO - [2025-05-02T19:46:26.159+0000] {dagbag.py:545} INFO - Filling up the DagBag from /home/airflow/.local/lib/python3.12/site-packages/airflow/example_dags/example_sla_dag.py
[2025-05-02T19:46:26.164+0000] {processor.py:840} INFO - DAG(s) 'example_sla_dag' retrieved from /home/airflow/.local/lib/python3.12/site-packages/airflow/example_dags/example_sla_dag.py
[2025-05-02T19:46:26.179+0000] {logging_mixin.py:188} INFO - [2025-05-02T19:46:26.179+0000] {dag.py:3096} INFO - Sync 1 DAGs
[2025-05-02T19:46:26.199+0000] {logging_mixin.py:188} INFO - [2025-05-02T19:46:26.198+0000] {dag.py:3954} INFO - Setting next_dagrun for example_sla_dag to 2025-05-02 19:44:00+00:00, run_after=2025-05-02 19:46:00+00:00
[2025-05-02T19:46:26.214+0000] {processor.py:183} INFO - Processing /home/airflow/.local/lib/python3.12/site-packages/airflow/example_dags/example_sla_dag.py took 0.061 seconds
[2025-05-02T19:46:56.378+0000] {processor.py:161} INFO - Started process (PID=603) to work on /home/airflow/.local/lib/python3.12/site-packages/airflow/example_dags/example_sla_dag.py
[2025-05-02T19:46:56.379+0000] {processor.py:830} INFO - Processing file /home/airflow/.local/lib/python3.12/site-packages/airflow/example_dags/example_sla_dag.py for tasks to queue
[2025-05-02T19:46:56.381+0000] {logging_mixin.py:188} INFO - [2025-05-02T19:46:56.380+0000] {dagbag.py:545} INFO - Filling up the DagBag from /home/airflow/.local/lib/python3.12/site-packages/airflow/example_dags/example_sla_dag.py
[2025-05-02T19:46:56.387+0000] {processor.py:840} INFO - DAG(s) 'example_sla_dag' retrieved from /home/airflow/.local/lib/python3.12/site-packages/airflow/example_dags/example_sla_dag.py
[2025-05-02T19:46:56.403+0000] {logging_mixin.py:188} INFO - [2025-05-02T19:46:56.403+0000] {dag.py:3096} INFO - Sync 1 DAGs
[2025-05-02T19:46:56.424+0000] {logging_mixin.py:188} INFO - [2025-05-02T19:46:56.423+0000] {dag.py:3954} INFO - Setting next_dagrun for example_sla_dag to 2025-05-02 19:44:00+00:00, run_after=2025-05-02 19:46:00+00:00
[2025-05-02T19:46:56.441+0000] {processor.py:183} INFO - Processing /home/airflow/.local/lib/python3.12/site-packages/airflow/example_dags/example_sla_dag.py took 0.068 seconds
[2025-05-02T19:47:26.482+0000] {processor.py:161} INFO - Started process (PID=661) to work on /home/airflow/.local/lib/python3.12/site-packages/airflow/example_dags/example_sla_dag.py
[2025-05-02T19:47:26.484+0000] {processor.py:830} INFO - Processing file /home/airflow/.local/lib/python3.12/site-packages/airflow/example_dags/example_sla_dag.py for tasks to queue
[2025-05-02T19:47:26.485+0000] {logging_mixin.py:188} INFO - [2025-05-02T19:47:26.485+0000] {dagbag.py:545} INFO - Filling up the DagBag from /home/airflow/.local/lib/python3.12/site-packages/airflow/example_dags/example_sla_dag.py
[2025-05-02T19:47:26.492+0000] {processor.py:840} INFO - DAG(s) 'example_sla_dag' retrieved from /home/airflow/.local/lib/python3.12/site-packages/airflow/example_dags/example_sla_dag.py
[2025-05-02T19:47:26.506+0000] {logging_mixin.py:188} INFO - [2025-05-02T19:47:26.506+0000] {dag.py:3096} INFO - Sync 1 DAGs
[2025-05-02T19:47:26.524+0000] {logging_mixin.py:188} INFO - [2025-05-02T19:47:26.523+0000] {dag.py:3954} INFO - Setting next_dagrun for example_sla_dag to 2025-05-02 19:44:00+00:00, run_after=2025-05-02 19:46:00+00:00
[2025-05-02T19:47:26.537+0000] {processor.py:183} INFO - Processing /home/airflow/.local/lib/python3.12/site-packages/airflow/example_dags/example_sla_dag.py took 0.060 seconds
[2025-05-02T19:47:56.963+0000] {processor.py:161} INFO - Started process (PID=715) to work on /home/airflow/.local/lib/python3.12/site-packages/airflow/example_dags/example_sla_dag.py
[2025-05-02T19:47:56.964+0000] {processor.py:830} INFO - Processing file /home/airflow/.local/lib/python3.12/site-packages/airflow/example_dags/example_sla_dag.py for tasks to queue
[2025-05-02T19:47:56.966+0000] {logging_mixin.py:188} INFO - [2025-05-02T19:47:56.965+0000] {dagbag.py:545} INFO - Filling up the DagBag from /home/airflow/.local/lib/python3.12/site-packages/airflow/example_dags/example_sla_dag.py
[2025-05-02T19:47:56.973+0000] {processor.py:840} INFO - DAG(s) 'example_sla_dag' retrieved from /home/airflow/.local/lib/python3.12/site-packages/airflow/example_dags/example_sla_dag.py
[2025-05-02T19:47:56.989+0000] {logging_mixin.py:188} INFO - [2025-05-02T19:47:56.989+0000] {dag.py:3096} INFO - Sync 1 DAGs
[2025-05-02T19:47:57.011+0000] {logging_mixin.py:188} INFO - [2025-05-02T19:47:57.011+0000] {dag.py:3954} INFO - Setting next_dagrun for example_sla_dag to 2025-05-02 19:44:00+00:00, run_after=2025-05-02 19:46:00+00:00
[2025-05-02T19:47:57.028+0000] {processor.py:183} INFO - Processing /home/airflow/.local/lib/python3.12/site-packages/airflow/example_dags/example_sla_dag.py took 0.070 seconds
[2025-05-02T19:48:27.279+0000] {processor.py:161} INFO - Started process (PID=775) to work on /home/airflow/.local/lib/python3.12/site-packages/airflow/example_dags/example_sla_dag.py
[2025-05-02T19:48:27.280+0000] {processor.py:830} INFO - Processing file /home/airflow/.local/lib/python3.12/site-packages/airflow/example_dags/example_sla_dag.py for tasks to queue
[2025-05-02T19:48:27.282+0000] {logging_mixin.py:188} INFO - [2025-05-02T19:48:27.282+0000] {dagbag.py:545} INFO - Filling up the DagBag from /home/airflow/.local/lib/python3.12/site-packages/airflow/example_dags/example_sla_dag.py
[2025-05-02T19:48:27.289+0000] {processor.py:840} INFO - DAG(s) 'example_sla_dag' retrieved from /home/airflow/.local/lib/python3.12/site-packages/airflow/example_dags/example_sla_dag.py
[2025-05-02T19:48:27.304+0000] {logging_mixin.py:188} INFO - [2025-05-02T19:48:27.303+0000] {dag.py:3096} INFO - Sync 1 DAGs
[2025-05-02T19:48:27.323+0000] {logging_mixin.py:188} INFO - [2025-05-02T19:48:27.323+0000] {dag.py:3954} INFO - Setting next_dagrun for example_sla_dag to 2025-05-02 19:46:00+00:00, run_after=2025-05-02 19:48:00+00:00
[2025-05-02T19:48:27.338+0000] {processor.py:183} INFO - Processing /home/airflow/.local/lib/python3.12/site-packages/airflow/example_dags/example_sla_dag.py took 0.063 seconds
[2025-05-02T19:48:57.768+0000] {processor.py:161} INFO - Started process (PID=835) to work on /home/airflow/.local/lib/python3.12/site-packages/airflow/example_dags/example_sla_dag.py
[2025-05-02T19:48:57.769+0000] {processor.py:830} INFO - Processing file /home/airflow/.local/lib/python3.12/site-packages/airflow/example_dags/example_sla_dag.py for tasks to queue
[2025-05-02T19:48:57.770+0000] {logging_mixin.py:188} INFO - [2025-05-02T19:48:57.770+0000] {dagbag.py:545} INFO - Filling up the DagBag from /home/airflow/.local/lib/python3.12/site-packages/airflow/example_dags/example_sla_dag.py
[2025-05-02T19:48:57.776+0000] {processor.py:840} INFO - DAG(s) 'example_sla_dag' retrieved from /home/airflow/.local/lib/python3.12/site-packages/airflow/example_dags/example_sla_dag.py
[2025-05-02T19:48:57.791+0000] {logging_mixin.py:188} INFO - [2025-05-02T19:48:57.790+0000] {dag.py:3096} INFO - Sync 1 DAGs
[2025-05-02T19:48:57.807+0000] {logging_mixin.py:188} INFO - [2025-05-02T19:48:57.807+0000] {dag.py:3954} INFO - Setting next_dagrun for example_sla_dag to 2025-05-02 19:46:00+00:00, run_after=2025-05-02 19:48:00+00:00
[2025-05-02T19:48:57.821+0000] {processor.py:183} INFO - Processing /home/airflow/.local/lib/python3.12/site-packages/airflow/example_dags/example_sla_dag.py took 0.057 seconds
[2025-05-02T19:49:29.304+0000] {processor.py:161} INFO - Started process (PID=897) to work on /home/airflow/.local/lib/python3.12/site-packages/airflow/example_dags/example_sla_dag.py
[2025-05-02T19:49:29.305+0000] {processor.py:830} INFO - Processing file /home/airflow/.local/lib/python3.12/site-packages/airflow/example_dags/example_sla_dag.py for tasks to queue
[2025-05-02T19:49:29.308+0000] {logging_mixin.py:188} INFO - [2025-05-02T19:49:29.307+0000] {dagbag.py:545} INFO - Filling up the DagBag from /home/airflow/.local/lib/python3.12/site-packages/airflow/example_dags/example_sla_dag.py
[2025-05-02T19:49:29.317+0000] {processor.py:840} INFO - DAG(s) 'example_sla_dag' retrieved from /home/airflow/.local/lib/python3.12/site-packages/airflow/example_dags/example_sla_dag.py
[2025-05-02T19:49:29.338+0000] {logging_mixin.py:188} INFO - [2025-05-02T19:49:29.337+0000] {dag.py:3096} INFO - Sync 1 DAGs
[2025-05-02T19:49:29.363+0000] {logging_mixin.py:188} INFO - [2025-05-02T19:49:29.363+0000] {dag.py:3954} INFO - Setting next_dagrun for example_sla_dag to 2025-05-02 19:46:00+00:00, run_after=2025-05-02 19:48:00+00:00
[2025-05-02T19:49:29.382+0000] {processor.py:183} INFO - Processing /home/airflow/.local/lib/python3.12/site-packages/airflow/example_dags/example_sla_dag.py took 0.083 seconds
[2025-05-02T19:50:01.223+0000] {processor.py:161} INFO - Started process (PID=957) to work on /home/airflow/.local/lib/python3.12/site-packages/airflow/example_dags/example_sla_dag.py
[2025-05-02T19:50:01.224+0000] {processor.py:830} INFO - Processing file /home/airflow/.local/lib/python3.12/site-packages/airflow/example_dags/example_sla_dag.py for tasks to queue
[2025-05-02T19:50:01.226+0000] {logging_mixin.py:188} INFO - [2025-05-02T19:50:01.225+0000] {dagbag.py:545} INFO - Filling up the DagBag from /home/airflow/.local/lib/python3.12/site-packages/airflow/example_dags/example_sla_dag.py
[2025-05-02T19:50:01.233+0000] {processor.py:840} INFO - DAG(s) 'example_sla_dag' retrieved from /home/airflow/.local/lib/python3.12/site-packages/airflow/example_dags/example_sla_dag.py
[2025-05-02T19:50:01.249+0000] {logging_mixin.py:188} INFO - [2025-05-02T19:50:01.249+0000] {dag.py:3096} INFO - Sync 1 DAGs
[2025-05-02T19:50:01.272+0000] {logging_mixin.py:188} INFO - [2025-05-02T19:50:01.272+0000] {dag.py:3954} INFO - Setting next_dagrun for example_sla_dag to 2025-05-02 19:48:00+00:00, run_after=2025-05-02 19:50:00+00:00
[2025-05-02T19:50:01.290+0000] {processor.py:183} INFO - Processing /home/airflow/.local/lib/python3.12/site-packages/airflow/example_dags/example_sla_dag.py took 0.072 seconds
[2025-05-02T19:50:34.053+0000] {processor.py:161} INFO - Started process (PID=1019) to work on /home/airflow/.local/lib/python3.12/site-packages/airflow/example_dags/example_sla_dag.py
[2025-05-02T19:50:34.054+0000] {processor.py:830} INFO - Processing file /home/airflow/.local/lib/python3.12/site-packages/airflow/example_dags/example_sla_dag.py for tasks to queue
[2025-05-02T19:50:34.056+0000] {logging_mixin.py:188} INFO - [2025-05-02T19:50:34.056+0000] {dagbag.py:545} INFO - Filling up the DagBag from /home/airflow/.local/lib/python3.12/site-packages/airflow/example_dags/example_sla_dag.py
[2025-05-02T19:50:34.065+0000] {processor.py:840} INFO - DAG(s) 'example_sla_dag' retrieved from /home/airflow/.local/lib/python3.12/site-packages/airflow/example_dags/example_sla_dag.py
[2025-05-02T19:50:34.083+0000] {logging_mixin.py:188} INFO - [2025-05-02T19:50:34.082+0000] {dag.py:3096} INFO - Sync 1 DAGs
[2025-05-02T19:50:34.108+0000] {logging_mixin.py:188} INFO - [2025-05-02T19:50:34.108+0000] {dag.py:3954} INFO - Setting next_dagrun for example_sla_dag to 2025-05-02 19:48:00+00:00, run_after=2025-05-02 19:50:00+00:00
[2025-05-02T19:50:34.128+0000] {processor.py:183} INFO - Processing /home/airflow/.local/lib/python3.12/site-packages/airflow/example_dags/example_sla_dag.py took 0.081 seconds
[2025-05-02T19:51:06.263+0000] {processor.py:161} INFO - Started process (PID=1079) to work on /home/airflow/.local/lib/python3.12/site-packages/airflow/example_dags/example_sla_dag.py
[2025-05-02T19:51:06.265+0000] {processor.py:830} INFO - Processing file /home/airflow/.local/lib/python3.12/site-packages/airflow/example_dags/example_sla_dag.py for tasks to queue
[2025-05-02T19:51:06.267+0000] {logging_mixin.py:188} INFO - [2025-05-02T19:51:06.266+0000] {dagbag.py:545} INFO - Filling up the DagBag from /home/airflow/.local/lib/python3.12/site-packages/airflow/example_dags/example_sla_dag.py
[2025-05-02T19:51:06.274+0000] {processor.py:840} INFO - DAG(s) 'example_sla_dag' retrieved from /home/airflow/.local/lib/python3.12/site-packages/airflow/example_dags/example_sla_dag.py
[2025-05-02T19:51:06.289+0000] {logging_mixin.py:188} INFO - [2025-05-02T19:51:06.288+0000] {dag.py:3096} INFO - Sync 1 DAGs
[2025-05-02T19:51:06.309+0000] {logging_mixin.py:188} INFO - [2025-05-02T19:51:06.309+0000] {dag.py:3954} INFO - Setting next_dagrun for example_sla_dag to 2025-05-02 19:48:00+00:00, run_after=2025-05-02 19:50:00+00:00
[2025-05-02T19:51:06.324+0000] {processor.py:183} INFO - Processing /home/airflow/.local/lib/python3.12/site-packages/airflow/example_dags/example_sla_dag.py took 0.066 seconds
[2025-05-02T19:51:38.585+0000] {processor.py:161} INFO - Started process (PID=1139) to work on /home/airflow/.local/lib/python3.12/site-packages/airflow/example_dags/example_sla_dag.py
[2025-05-02T19:51:38.586+0000] {processor.py:830} INFO - Processing file /home/airflow/.local/lib/python3.12/site-packages/airflow/example_dags/example_sla_dag.py for tasks to queue
[2025-05-02T19:51:38.589+0000] {logging_mixin.py:188} INFO - [2025-05-02T19:51:38.588+0000] {dagbag.py:545} INFO - Filling up the DagBag from /home/airflow/.local/lib/python3.12/site-packages/airflow/example_dags/example_sla_dag.py
[2025-05-02T19:51:38.598+0000] {processor.py:840} INFO - DAG(s) 'example_sla_dag' retrieved from /home/airflow/.local/lib/python3.12/site-packages/airflow/example_dags/example_sla_dag.py
[2025-05-02T19:51:38.613+0000] {logging_mixin.py:188} INFO - [2025-05-02T19:51:38.612+0000] {dag.py:3096} INFO - Sync 1 DAGs
[2025-05-02T19:51:38.637+0000] {logging_mixin.py:188} INFO - [2025-05-02T19:51:38.636+0000] {dag.py:3954} INFO - Setting next_dagrun for example_sla_dag to 2025-05-02 19:48:00+00:00, run_after=2025-05-02 19:50:00+00:00
[2025-05-02T19:51:38.655+0000] {processor.py:183} INFO - Processing /home/airflow/.local/lib/python3.12/site-packages/airflow/example_dags/example_sla_dag.py took 0.075 seconds
[2025-05-02T19:52:10.870+0000] {processor.py:161} INFO - Started process (PID=1199) to work on /home/airflow/.local/lib/python3.12/site-packages/airflow/example_dags/example_sla_dag.py
[2025-05-02T19:52:10.871+0000] {processor.py:830} INFO - Processing file /home/airflow/.local/lib/python3.12/site-packages/airflow/example_dags/example_sla_dag.py for tasks to queue
[2025-05-02T19:52:10.873+0000] {logging_mixin.py:188} INFO - [2025-05-02T19:52:10.872+0000] {dagbag.py:545} INFO - Filling up the DagBag from /home/airflow/.local/lib/python3.12/site-packages/airflow/example_dags/example_sla_dag.py
[2025-05-02T19:52:10.879+0000] {processor.py:840} INFO - DAG(s) 'example_sla_dag' retrieved from /home/airflow/.local/lib/python3.12/site-packages/airflow/example_dags/example_sla_dag.py
[2025-05-02T19:52:10.894+0000] {logging_mixin.py:188} INFO - [2025-05-02T19:52:10.894+0000] {dag.py:3096} INFO - Sync 1 DAGs
[2025-05-02T19:52:10.925+0000] {logging_mixin.py:188} INFO - [2025-05-02T19:52:10.925+0000] {dag.py:3954} INFO - Setting next_dagrun for example_sla_dag to 2025-05-02 19:50:00+00:00, run_after=2025-05-02 19:52:00+00:00
[2025-05-02T19:52:10.945+0000] {processor.py:183} INFO - Processing /home/airflow/.local/lib/python3.12/site-packages/airflow/example_dags/example_sla_dag.py took 0.079 seconds
[2025-05-02T19:52:43.515+0000] {processor.py:161} INFO - Started process (PID=1259) to work on /home/airflow/.local/lib/python3.12/site-packages/airflow/example_dags/example_sla_dag.py
[2025-05-02T19:52:43.516+0000] {processor.py:830} INFO - Processing file /home/airflow/.local/lib/python3.12/site-packages/airflow/example_dags/example_sla_dag.py for tasks to queue
[2025-05-02T19:52:43.518+0000] {logging_mixin.py:188} INFO - [2025-05-02T19:52:43.517+0000] {dagbag.py:545} INFO - Filling up the DagBag from /home/airflow/.local/lib/python3.12/site-packages/airflow/example_dags/example_sla_dag.py
[2025-05-02T19:52:43.525+0000] {processor.py:840} INFO - DAG(s) 'example_sla_dag' retrieved from /home/airflow/.local/lib/python3.12/site-packages/airflow/example_dags/example_sla_dag.py
[2025-05-02T19:52:43.541+0000] {logging_mixin.py:188} INFO - [2025-05-02T19:52:43.541+0000] {dag.py:3096} INFO - Sync 1 DAGs
[2025-05-02T19:52:43.572+0000] {logging_mixin.py:188} INFO - [2025-05-02T19:52:43.572+0000] {dag.py:3954} INFO - Setting next_dagrun for example_sla_dag to 2025-05-02 19:50:00+00:00, run_after=2025-05-02 19:52:00+00:00
[2025-05-02T19:52:43.601+0000] {processor.py:183} INFO - Processing /home/airflow/.local/lib/python3.12/site-packages/airflow/example_dags/example_sla_dag.py took 0.092 seconds
[2025-05-02T19:53:16.166+0000] {processor.py:161} INFO - Started process (PID=1319) to work on /home/airflow/.local/lib/python3.12/site-packages/airflow/example_dags/example_sla_dag.py
[2025-05-02T19:53:16.167+0000] {processor.py:830} INFO - Processing file /home/airflow/.local/lib/python3.12/site-packages/airflow/example_dags/example_sla_dag.py for tasks to queue
[2025-05-02T19:53:16.168+0000] {logging_mixin.py:188} INFO - [2025-05-02T19:53:16.168+0000] {dagbag.py:545} INFO - Filling up the DagBag from /home/airflow/.local/lib/python3.12/site-packages/airflow/example_dags/example_sla_dag.py
[2025-05-02T19:53:16.175+0000] {processor.py:840} INFO - DAG(s) 'example_sla_dag' retrieved from /home/airflow/.local/lib/python3.12/site-packages/airflow/example_dags/example_sla_dag.py
[2025-05-02T19:53:16.190+0000] {logging_mixin.py:188} INFO - [2025-05-02T19:53:16.190+0000] {dag.py:3096} INFO - Sync 1 DAGs
[2025-05-02T19:53:16.210+0000] {logging_mixin.py:188} INFO - [2025-05-02T19:53:16.210+0000] {dag.py:3954} INFO - Setting next_dagrun for example_sla_dag to 2025-05-02 19:50:00+00:00, run_after=2025-05-02 19:52:00+00:00
[2025-05-02T19:53:16.224+0000] {processor.py:183} INFO - Processing /home/airflow/.local/lib/python3.12/site-packages/airflow/example_dags/example_sla_dag.py took 0.063 seconds
[2025-05-02T19:53:48.553+0000] {processor.py:161} INFO - Started process (PID=1379) to work on /home/airflow/.local/lib/python3.12/site-packages/airflow/example_dags/example_sla_dag.py
[2025-05-02T19:53:48.554+0000] {processor.py:830} INFO - Processing file /home/airflow/.local/lib/python3.12/site-packages/airflow/example_dags/example_sla_dag.py for tasks to queue
[2025-05-02T19:53:48.556+0000] {logging_mixin.py:188} INFO - [2025-05-02T19:53:48.556+0000] {dagbag.py:545} INFO - Filling up the DagBag from /home/airflow/.local/lib/python3.12/site-packages/airflow/example_dags/example_sla_dag.py
[2025-05-02T19:53:48.564+0000] {processor.py:840} INFO - DAG(s) 'example_sla_dag' retrieved from /home/airflow/.local/lib/python3.12/site-packages/airflow/example_dags/example_sla_dag.py
[2025-05-02T19:53:48.579+0000] {logging_mixin.py:188} INFO - [2025-05-02T19:53:48.578+0000] {dag.py:3096} INFO - Sync 1 DAGs
[2025-05-02T19:53:48.601+0000] {logging_mixin.py:188} INFO - [2025-05-02T19:53:48.601+0000] {dag.py:3954} INFO - Setting next_dagrun for example_sla_dag to 2025-05-02 19:50:00+00:00, run_after=2025-05-02 19:52:00+00:00
[2025-05-02T19:53:48.619+0000] {processor.py:183} INFO - Processing /home/airflow/.local/lib/python3.12/site-packages/airflow/example_dags/example_sla_dag.py took 0.071 seconds
[2025-05-02T19:54:21.102+0000] {processor.py:161} INFO - Started process (PID=1439) to work on /home/airflow/.local/lib/python3.12/site-packages/airflow/example_dags/example_sla_dag.py
[2025-05-02T19:54:21.103+0000] {processor.py:830} INFO - Processing file /home/airflow/.local/lib/python3.12/site-packages/airflow/example_dags/example_sla_dag.py for tasks to queue
[2025-05-02T19:54:21.104+0000] {logging_mixin.py:188} INFO - [2025-05-02T19:54:21.104+0000] {dagbag.py:545} INFO - Filling up the DagBag from /home/airflow/.local/lib/python3.12/site-packages/airflow/example_dags/example_sla_dag.py
[2025-05-02T19:54:21.111+0000] {processor.py:840} INFO - DAG(s) 'example_sla_dag' retrieved from /home/airflow/.local/lib/python3.12/site-packages/airflow/example_dags/example_sla_dag.py
[2025-05-02T19:54:21.125+0000] {logging_mixin.py:188} INFO - [2025-05-02T19:54:21.125+0000] {dag.py:3096} INFO - Sync 1 DAGs
[2025-05-02T19:54:21.143+0000] {logging_mixin.py:188} INFO - [2025-05-02T19:54:21.143+0000] {dag.py:3954} INFO - Setting next_dagrun for example_sla_dag to 2025-05-02 19:52:00+00:00, run_after=2025-05-02 19:54:00+00:00
[2025-05-02T19:54:21.156+0000] {processor.py:183} INFO - Processing /home/airflow/.local/lib/python3.12/site-packages/airflow/example_dags/example_sla_dag.py took 0.058 seconds
[2025-05-02T19:54:53.287+0000] {processor.py:161} INFO - Started process (PID=1499) to work on /home/airflow/.local/lib/python3.12/site-packages/airflow/example_dags/example_sla_dag.py
[2025-05-02T19:54:53.287+0000] {processor.py:830} INFO - Processing file /home/airflow/.local/lib/python3.12/site-packages/airflow/example_dags/example_sla_dag.py for tasks to queue
[2025-05-02T19:54:53.289+0000] {logging_mixin.py:188} INFO - [2025-05-02T19:54:53.289+0000] {dagbag.py:545} INFO - Filling up the DagBag from /home/airflow/.local/lib/python3.12/site-packages/airflow/example_dags/example_sla_dag.py
[2025-05-02T19:54:53.297+0000] {processor.py:840} INFO - DAG(s) 'example_sla_dag' retrieved from /home/airflow/.local/lib/python3.12/site-packages/airflow/example_dags/example_sla_dag.py
[2025-05-02T19:54:53.311+0000] {logging_mixin.py:188} INFO - [2025-05-02T19:54:53.311+0000] {dag.py:3096} INFO - Sync 1 DAGs
[2025-05-02T19:54:53.332+0000] {logging_mixin.py:188} INFO - [2025-05-02T19:54:53.332+0000] {dag.py:3954} INFO - Setting next_dagrun for example_sla_dag to 2025-05-02 19:52:00+00:00, run_after=2025-05-02 19:54:00+00:00
[2025-05-02T19:54:53.347+0000] {processor.py:183} INFO - Processing /home/airflow/.local/lib/python3.12/site-packages/airflow/example_dags/example_sla_dag.py took 0.064 seconds
[2025-05-02T19:55:25.236+0000] {processor.py:161} INFO - Started process (PID=1559) to work on /home/airflow/.local/lib/python3.12/site-packages/airflow/example_dags/example_sla_dag.py
[2025-05-02T19:55:25.236+0000] {processor.py:830} INFO - Processing file /home/airflow/.local/lib/python3.12/site-packages/airflow/example_dags/example_sla_dag.py for tasks to queue
[2025-05-02T19:55:25.238+0000] {logging_mixin.py:188} INFO - [2025-05-02T19:55:25.238+0000] {dagbag.py:545} INFO - Filling up the DagBag from /home/airflow/.local/lib/python3.12/site-packages/airflow/example_dags/example_sla_dag.py
[2025-05-02T19:55:25.243+0000] {processor.py:840} INFO - DAG(s) 'example_sla_dag' retrieved from /home/airflow/.local/lib/python3.12/site-packages/airflow/example_dags/example_sla_dag.py
[2025-05-02T19:55:25.255+0000] {logging_mixin.py:188} INFO - [2025-05-02T19:55:25.255+0000] {dag.py:3096} INFO - Sync 1 DAGs
[2025-05-02T19:55:25.272+0000] {logging_mixin.py:188} INFO - [2025-05-02T19:55:25.271+0000] {dag.py:3954} INFO - Setting next_dagrun for example_sla_dag to 2025-05-02 19:52:00+00:00, run_after=2025-05-02 19:54:00+00:00
[2025-05-02T19:55:25.285+0000] {processor.py:183} INFO - Processing /home/airflow/.local/lib/python3.12/site-packages/airflow/example_dags/example_sla_dag.py took 0.054 seconds
[2025-05-02T19:55:58.216+0000] {processor.py:161} INFO - Started process (PID=1619) to work on /home/airflow/.local/lib/python3.12/site-packages/airflow/example_dags/example_sla_dag.py
[2025-05-02T19:55:58.217+0000] {processor.py:830} INFO - Processing file /home/airflow/.local/lib/python3.12/site-packages/airflow/example_dags/example_sla_dag.py for tasks to queue
[2025-05-02T19:55:58.219+0000] {logging_mixin.py:188} INFO - [2025-05-02T19:55:58.218+0000] {dagbag.py:545} INFO - Filling up the DagBag from /home/airflow/.local/lib/python3.12/site-packages/airflow/example_dags/example_sla_dag.py
[2025-05-02T19:55:58.224+0000] {processor.py:840} INFO - DAG(s) 'example_sla_dag' retrieved from /home/airflow/.local/lib/python3.12/site-packages/airflow/example_dags/example_sla_dag.py
[2025-05-02T19:55:58.237+0000] {logging_mixin.py:188} INFO - [2025-05-02T19:55:58.237+0000] {dag.py:3096} INFO - Sync 1 DAGs
[2025-05-02T19:55:58.252+0000] {logging_mixin.py:188} INFO - [2025-05-02T19:55:58.252+0000] {dag.py:3954} INFO - Setting next_dagrun for example_sla_dag to 2025-05-02 19:52:00+00:00, run_after=2025-05-02 19:54:00+00:00
[2025-05-02T19:55:58.266+0000] {processor.py:183} INFO - Processing /home/airflow/.local/lib/python3.12/site-packages/airflow/example_dags/example_sla_dag.py took 0.055 seconds
[2025-05-02T19:56:30.050+0000] {processor.py:161} INFO - Started process (PID=1679) to work on /home/airflow/.local/lib/python3.12/site-packages/airflow/example_dags/example_sla_dag.py
[2025-05-02T19:56:30.051+0000] {processor.py:830} INFO - Processing file /home/airflow/.local/lib/python3.12/site-packages/airflow/example_dags/example_sla_dag.py for tasks to queue
[2025-05-02T19:56:30.052+0000] {logging_mixin.py:188} INFO - [2025-05-02T19:56:30.052+0000] {dagbag.py:545} INFO - Filling up the DagBag from /home/airflow/.local/lib/python3.12/site-packages/airflow/example_dags/example_sla_dag.py
[2025-05-02T19:56:30.058+0000] {processor.py:840} INFO - DAG(s) 'example_sla_dag' retrieved from /home/airflow/.local/lib/python3.12/site-packages/airflow/example_dags/example_sla_dag.py
[2025-05-02T19:56:30.072+0000] {logging_mixin.py:188} INFO - [2025-05-02T19:56:30.071+0000] {dag.py:3096} INFO - Sync 1 DAGs
[2025-05-02T19:56:30.089+0000] {logging_mixin.py:188} INFO - [2025-05-02T19:56:30.089+0000] {dag.py:3954} INFO - Setting next_dagrun for example_sla_dag to 2025-05-02 19:54:00+00:00, run_after=2025-05-02 19:56:00+00:00
[2025-05-02T19:56:30.103+0000] {processor.py:183} INFO - Processing /home/airflow/.local/lib/python3.12/site-packages/airflow/example_dags/example_sla_dag.py took 0.058 seconds
[2025-05-02T19:57:03.036+0000] {processor.py:161} INFO - Started process (PID=1739) to work on /home/airflow/.local/lib/python3.12/site-packages/airflow/example_dags/example_sla_dag.py
[2025-05-02T19:57:03.037+0000] {processor.py:830} INFO - Processing file /home/airflow/.local/lib/python3.12/site-packages/airflow/example_dags/example_sla_dag.py for tasks to queue
[2025-05-02T19:57:03.039+0000] {logging_mixin.py:188} INFO - [2025-05-02T19:57:03.038+0000] {dagbag.py:545} INFO - Filling up the DagBag from /home/airflow/.local/lib/python3.12/site-packages/airflow/example_dags/example_sla_dag.py
[2025-05-02T19:57:03.046+0000] {processor.py:840} INFO - DAG(s) 'example_sla_dag' retrieved from /home/airflow/.local/lib/python3.12/site-packages/airflow/example_dags/example_sla_dag.py
[2025-05-02T19:57:03.064+0000] {logging_mixin.py:188} INFO - [2025-05-02T19:57:03.063+0000] {dag.py:3096} INFO - Sync 1 DAGs
[2025-05-02T19:57:03.085+0000] {logging_mixin.py:188} INFO - [2025-05-02T19:57:03.084+0000] {dag.py:3954} INFO - Setting next_dagrun for example_sla_dag to 2025-05-02 19:54:00+00:00, run_after=2025-05-02 19:56:00+00:00
[2025-05-02T19:57:03.097+0000] {processor.py:183} INFO - Processing /home/airflow/.local/lib/python3.12/site-packages/airflow/example_dags/example_sla_dag.py took 0.065 seconds
[2025-05-02T19:57:35.050+0000] {processor.py:161} INFO - Started process (PID=1799) to work on /home/airflow/.local/lib/python3.12/site-packages/airflow/example_dags/example_sla_dag.py
[2025-05-02T19:57:35.050+0000] {processor.py:830} INFO - Processing file /home/airflow/.local/lib/python3.12/site-packages/airflow/example_dags/example_sla_dag.py for tasks to queue
[2025-05-02T19:57:35.052+0000] {logging_mixin.py:188} INFO - [2025-05-02T19:57:35.052+0000] {dagbag.py:545} INFO - Filling up the DagBag from /home/airflow/.local/lib/python3.12/site-packages/airflow/example_dags/example_sla_dag.py
[2025-05-02T19:57:35.058+0000] {processor.py:840} INFO - DAG(s) 'example_sla_dag' retrieved from /home/airflow/.local/lib/python3.12/site-packages/airflow/example_dags/example_sla_dag.py
[2025-05-02T19:57:35.072+0000] {logging_mixin.py:188} INFO - [2025-05-02T19:57:35.071+0000] {dag.py:3096} INFO - Sync 1 DAGs
[2025-05-02T19:57:35.089+0000] {logging_mixin.py:188} INFO - [2025-05-02T19:57:35.088+0000] {dag.py:3954} INFO - Setting next_dagrun for example_sla_dag to 2025-05-02 19:54:00+00:00, run_after=2025-05-02 19:56:00+00:00
[2025-05-02T19:57:35.102+0000] {processor.py:183} INFO - Processing /home/airflow/.local/lib/python3.12/site-packages/airflow/example_dags/example_sla_dag.py took 0.058 seconds
[2025-05-02T19:58:07.587+0000] {processor.py:161} INFO - Started process (PID=1859) to work on /home/airflow/.local/lib/python3.12/site-packages/airflow/example_dags/example_sla_dag.py
[2025-05-02T19:58:07.588+0000] {processor.py:830} INFO - Processing file /home/airflow/.local/lib/python3.12/site-packages/airflow/example_dags/example_sla_dag.py for tasks to queue
[2025-05-02T19:58:07.590+0000] {logging_mixin.py:188} INFO - [2025-05-02T19:58:07.590+0000] {dagbag.py:545} INFO - Filling up the DagBag from /home/airflow/.local/lib/python3.12/site-packages/airflow/example_dags/example_sla_dag.py
[2025-05-02T19:58:07.598+0000] {processor.py:840} INFO - DAG(s) 'example_sla_dag' retrieved from /home/airflow/.local/lib/python3.12/site-packages/airflow/example_dags/example_sla_dag.py
[2025-05-02T19:58:07.614+0000] {logging_mixin.py:188} INFO - [2025-05-02T19:58:07.614+0000] {dag.py:3096} INFO - Sync 1 DAGs
[2025-05-02T19:58:07.634+0000] {logging_mixin.py:188} INFO - [2025-05-02T19:58:07.634+0000] {dag.py:3954} INFO - Setting next_dagrun for example_sla_dag to 2025-05-02 19:56:00+00:00, run_after=2025-05-02 19:58:00+00:00
[2025-05-02T19:58:07.657+0000] {processor.py:183} INFO - Processing /home/airflow/.local/lib/python3.12/site-packages/airflow/example_dags/example_sla_dag.py took 0.077 seconds
[2025-05-02T19:58:40.086+0000] {processor.py:161} INFO - Started process (PID=1919) to work on /home/airflow/.local/lib/python3.12/site-packages/airflow/example_dags/example_sla_dag.py
[2025-05-02T19:58:40.086+0000] {processor.py:830} INFO - Processing file /home/airflow/.local/lib/python3.12/site-packages/airflow/example_dags/example_sla_dag.py for tasks to queue
[2025-05-02T19:58:40.088+0000] {logging_mixin.py:188} INFO - [2025-05-02T19:58:40.088+0000] {dagbag.py:545} INFO - Filling up the DagBag from /home/airflow/.local/lib/python3.12/site-packages/airflow/example_dags/example_sla_dag.py
[2025-05-02T19:58:40.096+0000] {processor.py:840} INFO - DAG(s) 'example_sla_dag' retrieved from /home/airflow/.local/lib/python3.12/site-packages/airflow/example_dags/example_sla_dag.py
[2025-05-02T19:58:40.111+0000] {logging_mixin.py:188} INFO - [2025-05-02T19:58:40.111+0000] {dag.py:3096} INFO - Sync 1 DAGs
[2025-05-02T19:58:40.130+0000] {logging_mixin.py:188} INFO - [2025-05-02T19:58:40.130+0000] {dag.py:3954} INFO - Setting next_dagrun for example_sla_dag to 2025-05-02 19:56:00+00:00, run_after=2025-05-02 19:58:00+00:00
[2025-05-02T19:58:40.146+0000] {processor.py:183} INFO - Processing /home/airflow/.local/lib/python3.12/site-packages/airflow/example_dags/example_sla_dag.py took 0.065 seconds
[2025-05-02T19:59:12.240+0000] {processor.py:161} INFO - Started process (PID=1979) to work on /home/airflow/.local/lib/python3.12/site-packages/airflow/example_dags/example_sla_dag.py
[2025-05-02T19:59:12.241+0000] {processor.py:830} INFO - Processing file /home/airflow/.local/lib/python3.12/site-packages/airflow/example_dags/example_sla_dag.py for tasks to queue
[2025-05-02T19:59:12.242+0000] {logging_mixin.py:188} INFO - [2025-05-02T19:59:12.242+0000] {dagbag.py:545} INFO - Filling up the DagBag from /home/airflow/.local/lib/python3.12/site-packages/airflow/example_dags/example_sla_dag.py
[2025-05-02T19:59:12.249+0000] {processor.py:840} INFO - DAG(s) 'example_sla_dag' retrieved from /home/airflow/.local/lib/python3.12/site-packages/airflow/example_dags/example_sla_dag.py
[2025-05-02T19:59:12.265+0000] {logging_mixin.py:188} INFO - [2025-05-02T19:59:12.264+0000] {dag.py:3096} INFO - Sync 1 DAGs
[2025-05-02T19:59:12.284+0000] {logging_mixin.py:188} INFO - [2025-05-02T19:59:12.284+0000] {dag.py:3954} INFO - Setting next_dagrun for example_sla_dag to 2025-05-02 19:56:00+00:00, run_after=2025-05-02 19:58:00+00:00
[2025-05-02T19:59:12.297+0000] {processor.py:183} INFO - Processing /home/airflow/.local/lib/python3.12/site-packages/airflow/example_dags/example_sla_dag.py took 0.062 seconds
[2025-05-02T19:59:45.369+0000] {processor.py:161} INFO - Started process (PID=2039) to work on /home/airflow/.local/lib/python3.12/site-packages/airflow/example_dags/example_sla_dag.py
[2025-05-02T19:59:45.370+0000] {processor.py:830} INFO - Processing file /home/airflow/.local/lib/python3.12/site-packages/airflow/example_dags/example_sla_dag.py for tasks to queue
[2025-05-02T19:59:45.371+0000] {logging_mixin.py:188} INFO - [2025-05-02T19:59:45.371+0000] {dagbag.py:545} INFO - Filling up the DagBag from /home/airflow/.local/lib/python3.12/site-packages/airflow/example_dags/example_sla_dag.py
[2025-05-02T19:59:45.378+0000] {processor.py:840} INFO - DAG(s) 'example_sla_dag' retrieved from /home/airflow/.local/lib/python3.12/site-packages/airflow/example_dags/example_sla_dag.py
[2025-05-02T19:59:45.393+0000] {logging_mixin.py:188} INFO - [2025-05-02T19:59:45.393+0000] {dag.py:3096} INFO - Sync 1 DAGs
[2025-05-02T19:59:45.413+0000] {logging_mixin.py:188} INFO - [2025-05-02T19:59:45.412+0000] {dag.py:3954} INFO - Setting next_dagrun for example_sla_dag to 2025-05-02 19:56:00+00:00, run_after=2025-05-02 19:58:00+00:00
[2025-05-02T19:59:45.427+0000] {processor.py:183} INFO - Processing /home/airflow/.local/lib/python3.12/site-packages/airflow/example_dags/example_sla_dag.py took 0.062 seconds
[2025-05-02T20:00:17.558+0000] {processor.py:161} INFO - Started process (PID=2099) to work on /home/airflow/.local/lib/python3.12/site-packages/airflow/example_dags/example_sla_dag.py
[2025-05-02T20:00:17.559+0000] {processor.py:830} INFO - Processing file /home/airflow/.local/lib/python3.12/site-packages/airflow/example_dags/example_sla_dag.py for tasks to queue
[2025-05-02T20:00:17.560+0000] {logging_mixin.py:188} INFO - [2025-05-02T20:00:17.560+0000] {dagbag.py:545} INFO - Filling up the DagBag from /home/airflow/.local/lib/python3.12/site-packages/airflow/example_dags/example_sla_dag.py
[2025-05-02T20:00:17.567+0000] {processor.py:840} INFO - DAG(s) 'example_sla_dag' retrieved from /home/airflow/.local/lib/python3.12/site-packages/airflow/example_dags/example_sla_dag.py
[2025-05-02T20:00:17.582+0000] {logging_mixin.py:188} INFO - [2025-05-02T20:00:17.582+0000] {dag.py:3096} INFO - Sync 1 DAGs
[2025-05-02T20:00:17.600+0000] {logging_mixin.py:188} INFO - [2025-05-02T20:00:17.600+0000] {dag.py:3954} INFO - Setting next_dagrun for example_sla_dag to 2025-05-02 19:58:00+00:00, run_after=2025-05-02 20:00:00+00:00
[2025-05-02T20:00:17.716+0000] {processor.py:183} INFO - Processing /home/airflow/.local/lib/python3.12/site-packages/airflow/example_dags/example_sla_dag.py took 0.163 seconds
[2025-05-02T20:00:50.198+0000] {processor.py:161} INFO - Started process (PID=2159) to work on /home/airflow/.local/lib/python3.12/site-packages/airflow/example_dags/example_sla_dag.py
[2025-05-02T20:00:50.198+0000] {processor.py:830} INFO - Processing file /home/airflow/.local/lib/python3.12/site-packages/airflow/example_dags/example_sla_dag.py for tasks to queue
[2025-05-02T20:00:50.200+0000] {logging_mixin.py:188} INFO - [2025-05-02T20:00:50.199+0000] {dagbag.py:545} INFO - Filling up the DagBag from /home/airflow/.local/lib/python3.12/site-packages/airflow/example_dags/example_sla_dag.py
[2025-05-02T20:00:50.205+0000] {processor.py:840} INFO - DAG(s) 'example_sla_dag' retrieved from /home/airflow/.local/lib/python3.12/site-packages/airflow/example_dags/example_sla_dag.py
[2025-05-02T20:00:50.220+0000] {logging_mixin.py:188} INFO - [2025-05-02T20:00:50.220+0000] {dag.py:3096} INFO - Sync 1 DAGs
[2025-05-02T20:00:50.248+0000] {logging_mixin.py:188} INFO - [2025-05-02T20:00:50.247+0000] {dag.py:3954} INFO - Setting next_dagrun for example_sla_dag to 2025-05-02 19:58:00+00:00, run_after=2025-05-02 20:00:00+00:00
[2025-05-02T20:00:50.271+0000] {processor.py:183} INFO - Processing /home/airflow/.local/lib/python3.12/site-packages/airflow/example_dags/example_sla_dag.py took 0.077 seconds
[2025-05-02T20:01:23.376+0000] {processor.py:161} INFO - Started process (PID=2219) to work on /home/airflow/.local/lib/python3.12/site-packages/airflow/example_dags/example_sla_dag.py
[2025-05-02T20:01:23.377+0000] {processor.py:830} INFO - Processing file /home/airflow/.local/lib/python3.12/site-packages/airflow/example_dags/example_sla_dag.py for tasks to queue
[2025-05-02T20:01:23.378+0000] {logging_mixin.py:188} INFO - [2025-05-02T20:01:23.378+0000] {dagbag.py:545} INFO - Filling up the DagBag from /home/airflow/.local/lib/python3.12/site-packages/airflow/example_dags/example_sla_dag.py
[2025-05-02T20:01:23.385+0000] {processor.py:840} INFO - DAG(s) 'example_sla_dag' retrieved from /home/airflow/.local/lib/python3.12/site-packages/airflow/example_dags/example_sla_dag.py
[2025-05-02T20:01:23.400+0000] {logging_mixin.py:188} INFO - [2025-05-02T20:01:23.400+0000] {dag.py:3096} INFO - Sync 1 DAGs
[2025-05-02T20:01:23.419+0000] {logging_mixin.py:188} INFO - [2025-05-02T20:01:23.419+0000] {dag.py:3954} INFO - Setting next_dagrun for example_sla_dag to 2025-05-02 19:58:00+00:00, run_after=2025-05-02 20:00:00+00:00
[2025-05-02T20:01:23.434+0000] {processor.py:183} INFO - Processing /home/airflow/.local/lib/python3.12/site-packages/airflow/example_dags/example_sla_dag.py took 0.063 seconds
[2025-05-02T20:01:54.783+0000] {processor.py:161} INFO - Started process (PID=2279) to work on /home/airflow/.local/lib/python3.12/site-packages/airflow/example_dags/example_sla_dag.py
[2025-05-02T20:01:54.784+0000] {processor.py:830} INFO - Processing file /home/airflow/.local/lib/python3.12/site-packages/airflow/example_dags/example_sla_dag.py for tasks to queue
[2025-05-02T20:01:54.786+0000] {logging_mixin.py:188} INFO - [2025-05-02T20:01:54.786+0000] {dagbag.py:545} INFO - Filling up the DagBag from /home/airflow/.local/lib/python3.12/site-packages/airflow/example_dags/example_sla_dag.py
[2025-05-02T20:01:54.793+0000] {processor.py:840} INFO - DAG(s) 'example_sla_dag' retrieved from /home/airflow/.local/lib/python3.12/site-packages/airflow/example_dags/example_sla_dag.py
[2025-05-02T20:01:54.809+0000] {logging_mixin.py:188} INFO - [2025-05-02T20:01:54.809+0000] {dag.py:3096} INFO - Sync 1 DAGs
[2025-05-02T20:01:54.916+0000] {logging_mixin.py:188} INFO - [2025-05-02T20:01:54.916+0000] {dag.py:3954} INFO - Setting next_dagrun for example_sla_dag to 2025-05-02 19:58:00+00:00, run_after=2025-05-02 20:00:00+00:00
[2025-05-02T20:01:54.930+0000] {processor.py:183} INFO - Processing /home/airflow/.local/lib/python3.12/site-packages/airflow/example_dags/example_sla_dag.py took 0.152 seconds
[2025-05-02T20:02:26.927+0000] {processor.py:161} INFO - Started process (PID=2339) to work on /home/airflow/.local/lib/python3.12/site-packages/airflow/example_dags/example_sla_dag.py
[2025-05-02T20:02:26.927+0000] {processor.py:830} INFO - Processing file /home/airflow/.local/lib/python3.12/site-packages/airflow/example_dags/example_sla_dag.py for tasks to queue
[2025-05-02T20:02:26.929+0000] {logging_mixin.py:188} INFO - [2025-05-02T20:02:26.928+0000] {dagbag.py:545} INFO - Filling up the DagBag from /home/airflow/.local/lib/python3.12/site-packages/airflow/example_dags/example_sla_dag.py
[2025-05-02T20:02:26.937+0000] {processor.py:840} INFO - DAG(s) 'example_sla_dag' retrieved from /home/airflow/.local/lib/python3.12/site-packages/airflow/example_dags/example_sla_dag.py
[2025-05-02T20:02:26.952+0000] {logging_mixin.py:188} INFO - [2025-05-02T20:02:26.952+0000] {dag.py:3096} INFO - Sync 1 DAGs
[2025-05-02T20:02:26.971+0000] {logging_mixin.py:188} INFO - [2025-05-02T20:02:26.971+0000] {dag.py:3954} INFO - Setting next_dagrun for example_sla_dag to 2025-05-02 20:00:00+00:00, run_after=2025-05-02 20:02:00+00:00
[2025-05-02T20:02:26.986+0000] {processor.py:183} INFO - Processing /home/airflow/.local/lib/python3.12/site-packages/airflow/example_dags/example_sla_dag.py took 0.064 seconds
[2025-05-02T20:03:00.150+0000] {processor.py:161} INFO - Started process (PID=2400) to work on /home/airflow/.local/lib/python3.12/site-packages/airflow/example_dags/example_sla_dag.py
[2025-05-02T20:03:00.151+0000] {processor.py:830} INFO - Processing file /home/airflow/.local/lib/python3.12/site-packages/airflow/example_dags/example_sla_dag.py for tasks to queue
[2025-05-02T20:03:00.152+0000] {logging_mixin.py:188} INFO - [2025-05-02T20:03:00.152+0000] {dagbag.py:545} INFO - Filling up the DagBag from /home/airflow/.local/lib/python3.12/site-packages/airflow/example_dags/example_sla_dag.py
[2025-05-02T20:03:00.158+0000] {processor.py:840} INFO - DAG(s) 'example_sla_dag' retrieved from /home/airflow/.local/lib/python3.12/site-packages/airflow/example_dags/example_sla_dag.py
[2025-05-02T20:03:00.172+0000] {logging_mixin.py:188} INFO - [2025-05-02T20:03:00.172+0000] {dag.py:3096} INFO - Sync 1 DAGs
[2025-05-02T20:03:00.194+0000] {logging_mixin.py:188} INFO - [2025-05-02T20:03:00.194+0000] {dag.py:3954} INFO - Setting next_dagrun for example_sla_dag to 2025-05-02 20:00:00+00:00, run_after=2025-05-02 20:02:00+00:00
[2025-05-02T20:03:00.210+0000] {processor.py:183} INFO - Processing /home/airflow/.local/lib/python3.12/site-packages/airflow/example_dags/example_sla_dag.py took 0.065 seconds
[2025-05-02T20:03:33.937+0000] {processor.py:161} INFO - Started process (PID=2460) to work on /home/airflow/.local/lib/python3.12/site-packages/airflow/example_dags/example_sla_dag.py
[2025-05-02T20:03:33.938+0000] {processor.py:830} INFO - Processing file /home/airflow/.local/lib/python3.12/site-packages/airflow/example_dags/example_sla_dag.py for tasks to queue
[2025-05-02T20:03:33.940+0000] {logging_mixin.py:188} INFO - [2025-05-02T20:03:33.940+0000] {dagbag.py:545} INFO - Filling up the DagBag from /home/airflow/.local/lib/python3.12/site-packages/airflow/example_dags/example_sla_dag.py
[2025-05-02T20:03:33.946+0000] {processor.py:840} INFO - DAG(s) 'example_sla_dag' retrieved from /home/airflow/.local/lib/python3.12/site-packages/airflow/example_dags/example_sla_dag.py
[2025-05-02T20:03:34.062+0000] {logging_mixin.py:188} INFO - [2025-05-02T20:03:34.062+0000] {dag.py:3096} INFO - Sync 1 DAGs
[2025-05-02T20:03:34.078+0000] {logging_mixin.py:188} INFO - [2025-05-02T20:03:34.078+0000] {dag.py:3954} INFO - Setting next_dagrun for example_sla_dag to 2025-05-02 20:00:00+00:00, run_after=2025-05-02 20:02:00+00:00
[2025-05-02T20:03:34.091+0000] {processor.py:183} INFO - Processing /home/airflow/.local/lib/python3.12/site-packages/airflow/example_dags/example_sla_dag.py took 0.158 seconds
[2025-05-02T20:04:05.535+0000] {processor.py:161} INFO - Started process (PID=2520) to work on /home/airflow/.local/lib/python3.12/site-packages/airflow/example_dags/example_sla_dag.py
[2025-05-02T20:04:05.536+0000] {processor.py:830} INFO - Processing file /home/airflow/.local/lib/python3.12/site-packages/airflow/example_dags/example_sla_dag.py for tasks to queue
[2025-05-02T20:04:05.538+0000] {logging_mixin.py:188} INFO - [2025-05-02T20:04:05.538+0000] {dagbag.py:545} INFO - Filling up the DagBag from /home/airflow/.local/lib/python3.12/site-packages/airflow/example_dags/example_sla_dag.py
[2025-05-02T20:04:05.546+0000] {processor.py:840} INFO - DAG(s) 'example_sla_dag' retrieved from /home/airflow/.local/lib/python3.12/site-packages/airflow/example_dags/example_sla_dag.py
[2025-05-02T20:04:05.563+0000] {logging_mixin.py:188} INFO - [2025-05-02T20:04:05.563+0000] {dag.py:3096} INFO - Sync 1 DAGs
[2025-05-02T20:04:05.586+0000] {logging_mixin.py:188} INFO - [2025-05-02T20:04:05.586+0000] {dag.py:3954} INFO - Setting next_dagrun for example_sla_dag to 2025-05-02 20:02:00+00:00, run_after=2025-05-02 20:04:00+00:00
[2025-05-02T20:04:05.603+0000] {processor.py:183} INFO - Processing /home/airflow/.local/lib/python3.12/site-packages/airflow/example_dags/example_sla_dag.py took 0.074 seconds
[2025-05-02T20:04:37.885+0000] {processor.py:161} INFO - Started process (PID=2580) to work on /home/airflow/.local/lib/python3.12/site-packages/airflow/example_dags/example_sla_dag.py
[2025-05-02T20:04:37.886+0000] {processor.py:830} INFO - Processing file /home/airflow/.local/lib/python3.12/site-packages/airflow/example_dags/example_sla_dag.py for tasks to queue
[2025-05-02T20:04:37.888+0000] {logging_mixin.py:188} INFO - [2025-05-02T20:04:37.887+0000] {dagbag.py:545} INFO - Filling up the DagBag from /home/airflow/.local/lib/python3.12/site-packages/airflow/example_dags/example_sla_dag.py
[2025-05-02T20:04:37.894+0000] {processor.py:840} INFO - DAG(s) 'example_sla_dag' retrieved from /home/airflow/.local/lib/python3.12/site-packages/airflow/example_dags/example_sla_dag.py
[2025-05-02T20:04:37.909+0000] {logging_mixin.py:188} INFO - [2025-05-02T20:04:37.909+0000] {dag.py:3096} INFO - Sync 1 DAGs
[2025-05-02T20:04:37.930+0000] {logging_mixin.py:188} INFO - [2025-05-02T20:04:37.930+0000] {dag.py:3954} INFO - Setting next_dagrun for example_sla_dag to 2025-05-02 20:02:00+00:00, run_after=2025-05-02 20:04:00+00:00
[2025-05-02T20:04:37.945+0000] {processor.py:183} INFO - Processing /home/airflow/.local/lib/python3.12/site-packages/airflow/example_dags/example_sla_dag.py took 0.064 seconds
[2025-05-02T20:05:10.179+0000] {processor.py:161} INFO - Started process (PID=2640) to work on /home/airflow/.local/lib/python3.12/site-packages/airflow/example_dags/example_sla_dag.py
[2025-05-02T20:05:10.180+0000] {processor.py:830} INFO - Processing file /home/airflow/.local/lib/python3.12/site-packages/airflow/example_dags/example_sla_dag.py for tasks to queue
[2025-05-02T20:05:10.181+0000] {logging_mixin.py:188} INFO - [2025-05-02T20:05:10.181+0000] {dagbag.py:545} INFO - Filling up the DagBag from /home/airflow/.local/lib/python3.12/site-packages/airflow/example_dags/example_sla_dag.py
[2025-05-02T20:05:10.188+0000] {processor.py:840} INFO - DAG(s) 'example_sla_dag' retrieved from /home/airflow/.local/lib/python3.12/site-packages/airflow/example_dags/example_sla_dag.py
[2025-05-02T20:05:10.201+0000] {logging_mixin.py:188} INFO - [2025-05-02T20:05:10.201+0000] {dag.py:3096} INFO - Sync 1 DAGs
[2025-05-02T20:05:10.218+0000] {logging_mixin.py:188} INFO - [2025-05-02T20:05:10.218+0000] {dag.py:3954} INFO - Setting next_dagrun for example_sla_dag to 2025-05-02 20:02:00+00:00, run_after=2025-05-02 20:04:00+00:00
[2025-05-02T20:05:10.232+0000] {processor.py:183} INFO - Processing /home/airflow/.local/lib/python3.12/site-packages/airflow/example_dags/example_sla_dag.py took 0.057 seconds
[2025-05-02T20:05:42.504+0000] {processor.py:161} INFO - Started process (PID=2700) to work on /home/airflow/.local/lib/python3.12/site-packages/airflow/example_dags/example_sla_dag.py
[2025-05-02T20:05:42.504+0000] {processor.py:830} INFO - Processing file /home/airflow/.local/lib/python3.12/site-packages/airflow/example_dags/example_sla_dag.py for tasks to queue
[2025-05-02T20:05:42.506+0000] {logging_mixin.py:188} INFO - [2025-05-02T20:05:42.505+0000] {dagbag.py:545} INFO - Filling up the DagBag from /home/airflow/.local/lib/python3.12/site-packages/airflow/example_dags/example_sla_dag.py
[2025-05-02T20:05:42.512+0000] {processor.py:840} INFO - DAG(s) 'example_sla_dag' retrieved from /home/airflow/.local/lib/python3.12/site-packages/airflow/example_dags/example_sla_dag.py
[2025-05-02T20:05:42.526+0000] {logging_mixin.py:188} INFO - [2025-05-02T20:05:42.525+0000] {dag.py:3096} INFO - Sync 1 DAGs
[2025-05-02T20:05:42.544+0000] {logging_mixin.py:188} INFO - [2025-05-02T20:05:42.544+0000] {dag.py:3954} INFO - Setting next_dagrun for example_sla_dag to 2025-05-02 20:02:00+00:00, run_after=2025-05-02 20:04:00+00:00
[2025-05-02T20:05:42.565+0000] {processor.py:183} INFO - Processing /home/airflow/.local/lib/python3.12/site-packages/airflow/example_dags/example_sla_dag.py took 0.066 seconds
[2025-05-02T20:06:15.536+0000] {processor.py:161} INFO - Started process (PID=2760) to work on /home/airflow/.local/lib/python3.12/site-packages/airflow/example_dags/example_sla_dag.py
[2025-05-02T20:06:15.537+0000] {processor.py:830} INFO - Processing file /home/airflow/.local/lib/python3.12/site-packages/airflow/example_dags/example_sla_dag.py for tasks to queue
[2025-05-02T20:06:15.538+0000] {logging_mixin.py:188} INFO - [2025-05-02T20:06:15.538+0000] {dagbag.py:545} INFO - Filling up the DagBag from /home/airflow/.local/lib/python3.12/site-packages/airflow/example_dags/example_sla_dag.py
[2025-05-02T20:06:15.544+0000] {processor.py:840} INFO - DAG(s) 'example_sla_dag' retrieved from /home/airflow/.local/lib/python3.12/site-packages/airflow/example_dags/example_sla_dag.py
[2025-05-02T20:06:15.558+0000] {logging_mixin.py:188} INFO - [2025-05-02T20:06:15.558+0000] {dag.py:3096} INFO - Sync 1 DAGs
[2025-05-02T20:06:15.575+0000] {logging_mixin.py:188} INFO - [2025-05-02T20:06:15.574+0000] {dag.py:3954} INFO - Setting next_dagrun for example_sla_dag to 2025-05-02 20:04:00+00:00, run_after=2025-05-02 20:06:00+00:00
[2025-05-02T20:06:15.586+0000] {processor.py:183} INFO - Processing /home/airflow/.local/lib/python3.12/site-packages/airflow/example_dags/example_sla_dag.py took 0.055 seconds
[2025-05-02T20:06:47.526+0000] {processor.py:161} INFO - Started process (PID=2820) to work on /home/airflow/.local/lib/python3.12/site-packages/airflow/example_dags/example_sla_dag.py
[2025-05-02T20:06:47.526+0000] {processor.py:830} INFO - Processing file /home/airflow/.local/lib/python3.12/site-packages/airflow/example_dags/example_sla_dag.py for tasks to queue
[2025-05-02T20:06:47.528+0000] {logging_mixin.py:188} INFO - [2025-05-02T20:06:47.528+0000] {dagbag.py:545} INFO - Filling up the DagBag from /home/airflow/.local/lib/python3.12/site-packages/airflow/example_dags/example_sla_dag.py
[2025-05-02T20:06:47.533+0000] {processor.py:840} INFO - DAG(s) 'example_sla_dag' retrieved from /home/airflow/.local/lib/python3.12/site-packages/airflow/example_dags/example_sla_dag.py
[2025-05-02T20:06:47.546+0000] {logging_mixin.py:188} INFO - [2025-05-02T20:06:47.546+0000] {dag.py:3096} INFO - Sync 1 DAGs
[2025-05-02T20:06:47.564+0000] {logging_mixin.py:188} INFO - [2025-05-02T20:06:47.564+0000] {dag.py:3954} INFO - Setting next_dagrun for example_sla_dag to 2025-05-02 20:04:00+00:00, run_after=2025-05-02 20:06:00+00:00
[2025-05-02T20:06:47.577+0000] {processor.py:183} INFO - Processing /home/airflow/.local/lib/python3.12/site-packages/airflow/example_dags/example_sla_dag.py took 0.055 seconds
[2025-05-02T20:07:20.888+0000] {processor.py:161} INFO - Started process (PID=2880) to work on /home/airflow/.local/lib/python3.12/site-packages/airflow/example_dags/example_sla_dag.py
[2025-05-02T20:07:20.889+0000] {processor.py:830} INFO - Processing file /home/airflow/.local/lib/python3.12/site-packages/airflow/example_dags/example_sla_dag.py for tasks to queue
[2025-05-02T20:07:20.890+0000] {logging_mixin.py:188} INFO - [2025-05-02T20:07:20.890+0000] {dagbag.py:545} INFO - Filling up the DagBag from /home/airflow/.local/lib/python3.12/site-packages/airflow/example_dags/example_sla_dag.py
[2025-05-02T20:07:20.897+0000] {processor.py:840} INFO - DAG(s) 'example_sla_dag' retrieved from /home/airflow/.local/lib/python3.12/site-packages/airflow/example_dags/example_sla_dag.py
[2025-05-02T20:07:20.914+0000] {logging_mixin.py:188} INFO - [2025-05-02T20:07:20.914+0000] {dag.py:3096} INFO - Sync 1 DAGs
[2025-05-02T20:07:20.933+0000] {logging_mixin.py:188} INFO - [2025-05-02T20:07:20.933+0000] {dag.py:3954} INFO - Setting next_dagrun for example_sla_dag to 2025-05-02 20:04:00+00:00, run_after=2025-05-02 20:06:00+00:00
[2025-05-02T20:07:20.947+0000] {processor.py:183} INFO - Processing /home/airflow/.local/lib/python3.12/site-packages/airflow/example_dags/example_sla_dag.py took 0.063 seconds
[2025-05-02T20:07:53.215+0000] {processor.py:161} INFO - Started process (PID=2941) to work on /home/airflow/.local/lib/python3.12/site-packages/airflow/example_dags/example_sla_dag.py
[2025-05-02T20:07:53.216+0000] {processor.py:830} INFO - Processing file /home/airflow/.local/lib/python3.12/site-packages/airflow/example_dags/example_sla_dag.py for tasks to queue
[2025-05-02T20:07:53.217+0000] {logging_mixin.py:188} INFO - [2025-05-02T20:07:53.217+0000] {dagbag.py:545} INFO - Filling up the DagBag from /home/airflow/.local/lib/python3.12/site-packages/airflow/example_dags/example_sla_dag.py
[2025-05-02T20:07:53.224+0000] {processor.py:840} INFO - DAG(s) 'example_sla_dag' retrieved from /home/airflow/.local/lib/python3.12/site-packages/airflow/example_dags/example_sla_dag.py
[2025-05-02T20:07:53.239+0000] {logging_mixin.py:188} INFO - [2025-05-02T20:07:53.238+0000] {dag.py:3096} INFO - Sync 1 DAGs
[2025-05-02T20:07:53.257+0000] {logging_mixin.py:188} INFO - [2025-05-02T20:07:53.257+0000] {dag.py:3954} INFO - Setting next_dagrun for example_sla_dag to 2025-05-02 20:04:00+00:00, run_after=2025-05-02 20:06:00+00:00
[2025-05-02T20:07:53.273+0000] {processor.py:183} INFO - Processing /home/airflow/.local/lib/python3.12/site-packages/airflow/example_dags/example_sla_dag.py took 0.063 seconds
[2025-05-02T20:08:25.440+0000] {processor.py:161} INFO - Started process (PID=3001) to work on /home/airflow/.local/lib/python3.12/site-packages/airflow/example_dags/example_sla_dag.py
[2025-05-02T20:08:25.441+0000] {processor.py:830} INFO - Processing file /home/airflow/.local/lib/python3.12/site-packages/airflow/example_dags/example_sla_dag.py for tasks to queue
[2025-05-02T20:08:25.442+0000] {logging_mixin.py:188} INFO - [2025-05-02T20:08:25.442+0000] {dagbag.py:545} INFO - Filling up the DagBag from /home/airflow/.local/lib/python3.12/site-packages/airflow/example_dags/example_sla_dag.py
[2025-05-02T20:08:25.448+0000] {processor.py:840} INFO - DAG(s) 'example_sla_dag' retrieved from /home/airflow/.local/lib/python3.12/site-packages/airflow/example_dags/example_sla_dag.py
[2025-05-02T20:08:25.462+0000] {logging_mixin.py:188} INFO - [2025-05-02T20:08:25.462+0000] {dag.py:3096} INFO - Sync 1 DAGs
[2025-05-02T20:08:25.478+0000] {logging_mixin.py:188} INFO - [2025-05-02T20:08:25.478+0000] {dag.py:3954} INFO - Setting next_dagrun for example_sla_dag to 2025-05-02 20:06:00+00:00, run_after=2025-05-02 20:08:00+00:00
[2025-05-02T20:08:25.491+0000] {processor.py:183} INFO - Processing /home/airflow/.local/lib/python3.12/site-packages/airflow/example_dags/example_sla_dag.py took 0.055 seconds
[2025-05-02T20:08:58.763+0000] {processor.py:161} INFO - Started process (PID=3061) to work on /home/airflow/.local/lib/python3.12/site-packages/airflow/example_dags/example_sla_dag.py
[2025-05-02T20:08:58.764+0000] {processor.py:830} INFO - Processing file /home/airflow/.local/lib/python3.12/site-packages/airflow/example_dags/example_sla_dag.py for tasks to queue
[2025-05-02T20:08:58.766+0000] {logging_mixin.py:188} INFO - [2025-05-02T20:08:58.765+0000] {dagbag.py:545} INFO - Filling up the DagBag from /home/airflow/.local/lib/python3.12/site-packages/airflow/example_dags/example_sla_dag.py
[2025-05-02T20:08:58.774+0000] {processor.py:840} INFO - DAG(s) 'example_sla_dag' retrieved from /home/airflow/.local/lib/python3.12/site-packages/airflow/example_dags/example_sla_dag.py
[2025-05-02T20:08:58.790+0000] {logging_mixin.py:188} INFO - [2025-05-02T20:08:58.790+0000] {dag.py:3096} INFO - Sync 1 DAGs
[2025-05-02T20:08:58.824+0000] {logging_mixin.py:188} INFO - [2025-05-02T20:08:58.824+0000] {dag.py:3954} INFO - Setting next_dagrun for example_sla_dag to 2025-05-02 20:06:00+00:00, run_after=2025-05-02 20:08:00+00:00
[2025-05-02T20:08:58.849+0000] {processor.py:183} INFO - Processing /home/airflow/.local/lib/python3.12/site-packages/airflow/example_dags/example_sla_dag.py took 0.090 seconds
[2025-05-02T20:09:31.432+0000] {processor.py:161} INFO - Started process (PID=3121) to work on /home/airflow/.local/lib/python3.12/site-packages/airflow/example_dags/example_sla_dag.py
[2025-05-02T20:09:31.434+0000] {processor.py:830} INFO - Processing file /home/airflow/.local/lib/python3.12/site-packages/airflow/example_dags/example_sla_dag.py for tasks to queue
[2025-05-02T20:09:31.440+0000] {logging_mixin.py:188} INFO - [2025-05-02T20:09:31.439+0000] {dagbag.py:545} INFO - Filling up the DagBag from /home/airflow/.local/lib/python3.12/site-packages/airflow/example_dags/example_sla_dag.py
[2025-05-02T20:09:31.447+0000] {processor.py:840} INFO - DAG(s) 'example_sla_dag' retrieved from /home/airflow/.local/lib/python3.12/site-packages/airflow/example_dags/example_sla_dag.py
[2025-05-02T20:09:31.464+0000] {logging_mixin.py:188} INFO - [2025-05-02T20:09:31.464+0000] {dag.py:3096} INFO - Sync 1 DAGs
[2025-05-02T20:09:31.484+0000] {logging_mixin.py:188} INFO - [2025-05-02T20:09:31.484+0000] {dag.py:3954} INFO - Setting next_dagrun for example_sla_dag to 2025-05-02 20:06:00+00:00, run_after=2025-05-02 20:08:00+00:00
[2025-05-02T20:09:31.499+0000] {processor.py:183} INFO - Processing /home/airflow/.local/lib/python3.12/site-packages/airflow/example_dags/example_sla_dag.py took 0.072 seconds
[2025-05-02T20:10:03.700+0000] {processor.py:161} INFO - Started process (PID=3181) to work on /home/airflow/.local/lib/python3.12/site-packages/airflow/example_dags/example_sla_dag.py
[2025-05-02T20:10:03.701+0000] {processor.py:830} INFO - Processing file /home/airflow/.local/lib/python3.12/site-packages/airflow/example_dags/example_sla_dag.py for tasks to queue
[2025-05-02T20:10:03.702+0000] {logging_mixin.py:188} INFO - [2025-05-02T20:10:03.702+0000] {dagbag.py:545} INFO - Filling up the DagBag from /home/airflow/.local/lib/python3.12/site-packages/airflow/example_dags/example_sla_dag.py
[2025-05-02T20:10:03.708+0000] {processor.py:840} INFO - DAG(s) 'example_sla_dag' retrieved from /home/airflow/.local/lib/python3.12/site-packages/airflow/example_dags/example_sla_dag.py
[2025-05-02T20:10:03.721+0000] {logging_mixin.py:188} INFO - [2025-05-02T20:10:03.720+0000] {dag.py:3096} INFO - Sync 1 DAGs
[2025-05-02T20:10:03.738+0000] {logging_mixin.py:188} INFO - [2025-05-02T20:10:03.737+0000] {dag.py:3954} INFO - Setting next_dagrun for example_sla_dag to 2025-05-02 20:08:00+00:00, run_after=2025-05-02 20:10:00+00:00
[2025-05-02T20:10:03.750+0000] {processor.py:183} INFO - Processing /home/airflow/.local/lib/python3.12/site-packages/airflow/example_dags/example_sla_dag.py took 0.055 seconds
[2025-05-02T20:10:35.615+0000] {processor.py:161} INFO - Started process (PID=3241) to work on /home/airflow/.local/lib/python3.12/site-packages/airflow/example_dags/example_sla_dag.py
[2025-05-02T20:10:35.616+0000] {processor.py:830} INFO - Processing file /home/airflow/.local/lib/python3.12/site-packages/airflow/example_dags/example_sla_dag.py for tasks to queue
[2025-05-02T20:10:35.617+0000] {logging_mixin.py:188} INFO - [2025-05-02T20:10:35.617+0000] {dagbag.py:545} INFO - Filling up the DagBag from /home/airflow/.local/lib/python3.12/site-packages/airflow/example_dags/example_sla_dag.py
[2025-05-02T20:10:35.623+0000] {processor.py:840} INFO - DAG(s) 'example_sla_dag' retrieved from /home/airflow/.local/lib/python3.12/site-packages/airflow/example_dags/example_sla_dag.py
[2025-05-02T20:10:35.636+0000] {logging_mixin.py:188} INFO - [2025-05-02T20:10:35.636+0000] {dag.py:3096} INFO - Sync 1 DAGs
[2025-05-02T20:10:35.657+0000] {logging_mixin.py:188} INFO - [2025-05-02T20:10:35.657+0000] {dag.py:3954} INFO - Setting next_dagrun for example_sla_dag to 2025-05-02 20:08:00+00:00, run_after=2025-05-02 20:10:00+00:00
[2025-05-02T20:10:35.671+0000] {processor.py:183} INFO - Processing /home/airflow/.local/lib/python3.12/site-packages/airflow/example_dags/example_sla_dag.py took 0.062 seconds
[2025-05-02T20:11:08.838+0000] {processor.py:161} INFO - Started process (PID=3301) to work on /home/airflow/.local/lib/python3.12/site-packages/airflow/example_dags/example_sla_dag.py
[2025-05-02T20:11:08.839+0000] {processor.py:830} INFO - Processing file /home/airflow/.local/lib/python3.12/site-packages/airflow/example_dags/example_sla_dag.py for tasks to queue
[2025-05-02T20:11:08.840+0000] {logging_mixin.py:188} INFO - [2025-05-02T20:11:08.840+0000] {dagbag.py:545} INFO - Filling up the DagBag from /home/airflow/.local/lib/python3.12/site-packages/airflow/example_dags/example_sla_dag.py
[2025-05-02T20:11:08.846+0000] {processor.py:840} INFO - DAG(s) 'example_sla_dag' retrieved from /home/airflow/.local/lib/python3.12/site-packages/airflow/example_dags/example_sla_dag.py
[2025-05-02T20:11:08.858+0000] {logging_mixin.py:188} INFO - [2025-05-02T20:11:08.858+0000] {dag.py:3096} INFO - Sync 1 DAGs
[2025-05-02T20:11:08.874+0000] {logging_mixin.py:188} INFO - [2025-05-02T20:11:08.873+0000] {dag.py:3954} INFO - Setting next_dagrun for example_sla_dag to 2025-05-02 20:08:00+00:00, run_after=2025-05-02 20:10:00+00:00
[2025-05-02T20:11:08.886+0000] {processor.py:183} INFO - Processing /home/airflow/.local/lib/python3.12/site-packages/airflow/example_dags/example_sla_dag.py took 0.052 seconds
[2025-05-02T20:11:40.857+0000] {processor.py:161} INFO - Started process (PID=3361) to work on /home/airflow/.local/lib/python3.12/site-packages/airflow/example_dags/example_sla_dag.py
[2025-05-02T20:11:40.858+0000] {processor.py:830} INFO - Processing file /home/airflow/.local/lib/python3.12/site-packages/airflow/example_dags/example_sla_dag.py for tasks to queue
[2025-05-02T20:11:40.859+0000] {logging_mixin.py:188} INFO - [2025-05-02T20:11:40.859+0000] {dagbag.py:545} INFO - Filling up the DagBag from /home/airflow/.local/lib/python3.12/site-packages/airflow/example_dags/example_sla_dag.py
[2025-05-02T20:11:40.866+0000] {processor.py:840} INFO - DAG(s) 'example_sla_dag' retrieved from /home/airflow/.local/lib/python3.12/site-packages/airflow/example_dags/example_sla_dag.py
[2025-05-02T20:11:40.880+0000] {logging_mixin.py:188} INFO - [2025-05-02T20:11:40.880+0000] {dag.py:3096} INFO - Sync 1 DAGs
[2025-05-02T20:11:40.897+0000] {logging_mixin.py:188} INFO - [2025-05-02T20:11:40.896+0000] {dag.py:3954} INFO - Setting next_dagrun for example_sla_dag to 2025-05-02 20:08:00+00:00, run_after=2025-05-02 20:10:00+00:00
[2025-05-02T20:11:40.910+0000] {processor.py:183} INFO - Processing /home/airflow/.local/lib/python3.12/site-packages/airflow/example_dags/example_sla_dag.py took 0.058 seconds
[2025-05-02T20:12:14.087+0000] {processor.py:161} INFO - Started process (PID=3421) to work on /home/airflow/.local/lib/python3.12/site-packages/airflow/example_dags/example_sla_dag.py
[2025-05-02T20:12:14.088+0000] {processor.py:830} INFO - Processing file /home/airflow/.local/lib/python3.12/site-packages/airflow/example_dags/example_sla_dag.py for tasks to queue
[2025-05-02T20:12:14.089+0000] {logging_mixin.py:188} INFO - [2025-05-02T20:12:14.089+0000] {dagbag.py:545} INFO - Filling up the DagBag from /home/airflow/.local/lib/python3.12/site-packages/airflow/example_dags/example_sla_dag.py
[2025-05-02T20:12:14.095+0000] {processor.py:840} INFO - DAG(s) 'example_sla_dag' retrieved from /home/airflow/.local/lib/python3.12/site-packages/airflow/example_dags/example_sla_dag.py
[2025-05-02T20:12:14.107+0000] {logging_mixin.py:188} INFO - [2025-05-02T20:12:14.106+0000] {dag.py:3096} INFO - Sync 1 DAGs
[2025-05-02T20:12:14.122+0000] {logging_mixin.py:188} INFO - [2025-05-02T20:12:14.122+0000] {dag.py:3954} INFO - Setting next_dagrun for example_sla_dag to 2025-05-02 20:10:00+00:00, run_after=2025-05-02 20:12:00+00:00
[2025-05-02T20:12:14.135+0000] {processor.py:183} INFO - Processing /home/airflow/.local/lib/python3.12/site-packages/airflow/example_dags/example_sla_dag.py took 0.052 seconds
[2025-05-02T20:12:46.252+0000] {processor.py:161} INFO - Started process (PID=3481) to work on /home/airflow/.local/lib/python3.12/site-packages/airflow/example_dags/example_sla_dag.py
[2025-05-02T20:12:46.253+0000] {processor.py:830} INFO - Processing file /home/airflow/.local/lib/python3.12/site-packages/airflow/example_dags/example_sla_dag.py for tasks to queue
[2025-05-02T20:12:46.254+0000] {logging_mixin.py:188} INFO - [2025-05-02T20:12:46.254+0000] {dagbag.py:545} INFO - Filling up the DagBag from /home/airflow/.local/lib/python3.12/site-packages/airflow/example_dags/example_sla_dag.py
[2025-05-02T20:12:46.261+0000] {processor.py:840} INFO - DAG(s) 'example_sla_dag' retrieved from /home/airflow/.local/lib/python3.12/site-packages/airflow/example_dags/example_sla_dag.py
[2025-05-02T20:12:46.274+0000] {logging_mixin.py:188} INFO - [2025-05-02T20:12:46.274+0000] {dag.py:3096} INFO - Sync 1 DAGs
[2025-05-02T20:12:46.291+0000] {logging_mixin.py:188} INFO - [2025-05-02T20:12:46.291+0000] {dag.py:3954} INFO - Setting next_dagrun for example_sla_dag to 2025-05-02 20:10:00+00:00, run_after=2025-05-02 20:12:00+00:00
[2025-05-02T20:12:46.305+0000] {processor.py:183} INFO - Processing /home/airflow/.local/lib/python3.12/site-packages/airflow/example_dags/example_sla_dag.py took 0.057 seconds
