[2025-05-02T19:42:20.884+0000] {processor.py:161} INFO - Started process (PID=57) to work on /home/airflow/.local/lib/python3.12/site-packages/airflow/example_dags/example_latest_only.py
[2025-05-02T19:42:20.885+0000] {processor.py:830} INFO - Processing file /home/airflow/.local/lib/python3.12/site-packages/airflow/example_dags/example_latest_only.py for tasks to queue
[2025-05-02T19:42:20.887+0000] {logging_mixin.py:188} INFO - [2025-05-02T19:42:20.887+0000] {dagbag.py:545} INFO - Filling up the DagBag from /home/airflow/.local/lib/python3.12/site-packages/airflow/example_dags/example_latest_only.py
[2025-05-02T19:42:20.893+0000] {processor.py:840} INFO - DAG(s) 'latest_only' retrieved from /home/airflow/.local/lib/python3.12/site-packages/airflow/example_dags/example_latest_only.py
[2025-05-02T19:42:20.977+0000] {logging_mixin.py:188} INFO - [2025-05-02T19:42:20.976+0000] {override.py:1829} INFO - Created Permission View: can edit on DAG:latest_only
[2025-05-02T19:42:20.987+0000] {logging_mixin.py:188} INFO - [2025-05-02T19:42:20.986+0000] {override.py:1829} INFO - Created Permission View: can read on DAG:latest_only
[2025-05-02T19:42:20.993+0000] {logging_mixin.py:188} INFO - [2025-05-02T19:42:20.992+0000] {override.py:1829} INFO - Created Permission View: can delete on DAG:latest_only
[2025-05-02T19:42:20.993+0000] {logging_mixin.py:188} INFO - [2025-05-02T19:42:20.993+0000] {dag.py:3096} INFO - Sync 1 DAGs
[2025-05-02T19:42:21.005+0000] {logging_mixin.py:188} INFO - [2025-05-02T19:42:21.005+0000] {dag.py:3118} INFO - Creating ORM DAG for latest_only
[2025-05-02T19:42:21.014+0000] {logging_mixin.py:188} INFO - [2025-05-02T19:42:21.014+0000] {dag.py:3954} INFO - Setting next_dagrun for latest_only to 2025-05-02 12:00:00+00:00, run_after=2025-05-02 16:00:00+00:00
[2025-05-02T19:42:21.031+0000] {processor.py:183} INFO - Processing /home/airflow/.local/lib/python3.12/site-packages/airflow/example_dags/example_latest_only.py took 0.152 seconds
[2025-05-02T19:42:51.944+0000] {processor.py:161} INFO - Started process (PID=117) to work on /home/airflow/.local/lib/python3.12/site-packages/airflow/example_dags/example_latest_only.py
[2025-05-02T19:42:51.947+0000] {processor.py:830} INFO - Processing file /home/airflow/.local/lib/python3.12/site-packages/airflow/example_dags/example_latest_only.py for tasks to queue
[2025-05-02T19:42:51.949+0000] {logging_mixin.py:188} INFO - [2025-05-02T19:42:51.949+0000] {dagbag.py:545} INFO - Filling up the DagBag from /home/airflow/.local/lib/python3.12/site-packages/airflow/example_dags/example_latest_only.py
[2025-05-02T19:42:51.953+0000] {processor.py:840} INFO - DAG(s) 'latest_only' retrieved from /home/airflow/.local/lib/python3.12/site-packages/airflow/example_dags/example_latest_only.py
[2025-05-02T19:42:51.970+0000] {logging_mixin.py:188} INFO - [2025-05-02T19:42:51.970+0000] {dag.py:3096} INFO - Sync 1 DAGs
[2025-05-02T19:42:51.986+0000] {logging_mixin.py:188} INFO - [2025-05-02T19:42:51.986+0000] {dag.py:3954} INFO - Setting next_dagrun for latest_only to 2025-05-02 12:00:00+00:00, run_after=2025-05-02 16:00:00+00:00
[2025-05-02T19:42:52.004+0000] {processor.py:183} INFO - Processing /home/airflow/.local/lib/python3.12/site-packages/airflow/example_dags/example_latest_only.py took 0.066 seconds
[2025-05-02T19:43:22.102+0000] {processor.py:161} INFO - Started process (PID=178) to work on /home/airflow/.local/lib/python3.12/site-packages/airflow/example_dags/example_latest_only.py
[2025-05-02T19:43:22.103+0000] {processor.py:830} INFO - Processing file /home/airflow/.local/lib/python3.12/site-packages/airflow/example_dags/example_latest_only.py for tasks to queue
[2025-05-02T19:43:22.105+0000] {logging_mixin.py:188} INFO - [2025-05-02T19:43:22.105+0000] {dagbag.py:545} INFO - Filling up the DagBag from /home/airflow/.local/lib/python3.12/site-packages/airflow/example_dags/example_latest_only.py
[2025-05-02T19:43:22.111+0000] {processor.py:840} INFO - DAG(s) 'latest_only' retrieved from /home/airflow/.local/lib/python3.12/site-packages/airflow/example_dags/example_latest_only.py
[2025-05-02T19:43:22.127+0000] {logging_mixin.py:188} INFO - [2025-05-02T19:43:22.127+0000] {dag.py:3096} INFO - Sync 1 DAGs
[2025-05-02T19:43:22.148+0000] {logging_mixin.py:188} INFO - [2025-05-02T19:43:22.148+0000] {dag.py:3954} INFO - Setting next_dagrun for latest_only to 2025-05-02 12:00:00+00:00, run_after=2025-05-02 16:00:00+00:00
[2025-05-02T19:43:22.168+0000] {processor.py:183} INFO - Processing /home/airflow/.local/lib/python3.12/site-packages/airflow/example_dags/example_latest_only.py took 0.071 seconds
[2025-05-02T19:43:53.055+0000] {processor.py:161} INFO - Started process (PID=237) to work on /home/airflow/.local/lib/python3.12/site-packages/airflow/example_dags/example_latest_only.py
[2025-05-02T19:43:53.056+0000] {processor.py:830} INFO - Processing file /home/airflow/.local/lib/python3.12/site-packages/airflow/example_dags/example_latest_only.py for tasks to queue
[2025-05-02T19:43:53.057+0000] {logging_mixin.py:188} INFO - [2025-05-02T19:43:53.057+0000] {dagbag.py:545} INFO - Filling up the DagBag from /home/airflow/.local/lib/python3.12/site-packages/airflow/example_dags/example_latest_only.py
[2025-05-02T19:43:53.062+0000] {processor.py:840} INFO - DAG(s) 'latest_only' retrieved from /home/airflow/.local/lib/python3.12/site-packages/airflow/example_dags/example_latest_only.py
[2025-05-02T19:43:53.080+0000] {logging_mixin.py:188} INFO - [2025-05-02T19:43:53.079+0000] {dag.py:3096} INFO - Sync 1 DAGs
[2025-05-02T19:43:53.096+0000] {logging_mixin.py:188} INFO - [2025-05-02T19:43:53.095+0000] {dag.py:3954} INFO - Setting next_dagrun for latest_only to 2025-05-02 12:00:00+00:00, run_after=2025-05-02 16:00:00+00:00
[2025-05-02T19:43:53.118+0000] {processor.py:183} INFO - Processing /home/airflow/.local/lib/python3.12/site-packages/airflow/example_dags/example_latest_only.py took 0.068 seconds
[2025-05-02T19:44:23.771+0000] {processor.py:161} INFO - Started process (PID=297) to work on /home/airflow/.local/lib/python3.12/site-packages/airflow/example_dags/example_latest_only.py
[2025-05-02T19:44:23.772+0000] {processor.py:830} INFO - Processing file /home/airflow/.local/lib/python3.12/site-packages/airflow/example_dags/example_latest_only.py for tasks to queue
[2025-05-02T19:44:23.774+0000] {logging_mixin.py:188} INFO - [2025-05-02T19:44:23.774+0000] {dagbag.py:545} INFO - Filling up the DagBag from /home/airflow/.local/lib/python3.12/site-packages/airflow/example_dags/example_latest_only.py
[2025-05-02T19:44:23.778+0000] {processor.py:840} INFO - DAG(s) 'latest_only' retrieved from /home/airflow/.local/lib/python3.12/site-packages/airflow/example_dags/example_latest_only.py
[2025-05-02T19:44:23.797+0000] {logging_mixin.py:188} INFO - [2025-05-02T19:44:23.797+0000] {dag.py:3096} INFO - Sync 1 DAGs
[2025-05-02T19:44:23.821+0000] {logging_mixin.py:188} INFO - [2025-05-02T19:44:23.821+0000] {dag.py:3954} INFO - Setting next_dagrun for latest_only to 2025-05-02 12:00:00+00:00, run_after=2025-05-02 16:00:00+00:00
[2025-05-02T19:44:23.837+0000] {processor.py:183} INFO - Processing /home/airflow/.local/lib/python3.12/site-packages/airflow/example_dags/example_latest_only.py took 0.072 seconds
[2025-05-02T19:44:53.914+0000] {processor.py:161} INFO - Started process (PID=357) to work on /home/airflow/.local/lib/python3.12/site-packages/airflow/example_dags/example_latest_only.py
[2025-05-02T19:44:53.914+0000] {processor.py:830} INFO - Processing file /home/airflow/.local/lib/python3.12/site-packages/airflow/example_dags/example_latest_only.py for tasks to queue
[2025-05-02T19:44:53.916+0000] {logging_mixin.py:188} INFO - [2025-05-02T19:44:53.916+0000] {dagbag.py:545} INFO - Filling up the DagBag from /home/airflow/.local/lib/python3.12/site-packages/airflow/example_dags/example_latest_only.py
[2025-05-02T19:44:53.921+0000] {processor.py:840} INFO - DAG(s) 'latest_only' retrieved from /home/airflow/.local/lib/python3.12/site-packages/airflow/example_dags/example_latest_only.py
[2025-05-02T19:44:53.937+0000] {logging_mixin.py:188} INFO - [2025-05-02T19:44:53.936+0000] {dag.py:3096} INFO - Sync 1 DAGs
[2025-05-02T19:44:53.958+0000] {logging_mixin.py:188} INFO - [2025-05-02T19:44:53.957+0000] {dag.py:3954} INFO - Setting next_dagrun for latest_only to 2025-05-02 12:00:00+00:00, run_after=2025-05-02 16:00:00+00:00
[2025-05-02T19:44:53.974+0000] {processor.py:183} INFO - Processing /home/airflow/.local/lib/python3.12/site-packages/airflow/example_dags/example_latest_only.py took 0.065 seconds
[2025-05-02T19:45:24.207+0000] {processor.py:161} INFO - Started process (PID=417) to work on /home/airflow/.local/lib/python3.12/site-packages/airflow/example_dags/example_latest_only.py
[2025-05-02T19:45:24.208+0000] {processor.py:830} INFO - Processing file /home/airflow/.local/lib/python3.12/site-packages/airflow/example_dags/example_latest_only.py for tasks to queue
[2025-05-02T19:45:24.210+0000] {logging_mixin.py:188} INFO - [2025-05-02T19:45:24.209+0000] {dagbag.py:545} INFO - Filling up the DagBag from /home/airflow/.local/lib/python3.12/site-packages/airflow/example_dags/example_latest_only.py
[2025-05-02T19:45:24.216+0000] {processor.py:840} INFO - DAG(s) 'latest_only' retrieved from /home/airflow/.local/lib/python3.12/site-packages/airflow/example_dags/example_latest_only.py
[2025-05-02T19:45:24.234+0000] {logging_mixin.py:188} INFO - [2025-05-02T19:45:24.233+0000] {dag.py:3096} INFO - Sync 1 DAGs
[2025-05-02T19:45:24.261+0000] {logging_mixin.py:188} INFO - [2025-05-02T19:45:24.260+0000] {dag.py:3954} INFO - Setting next_dagrun for latest_only to 2025-05-02 12:00:00+00:00, run_after=2025-05-02 16:00:00+00:00
[2025-05-02T19:45:24.282+0000] {processor.py:183} INFO - Processing /home/airflow/.local/lib/python3.12/site-packages/airflow/example_dags/example_latest_only.py took 0.080 seconds
[2025-05-02T19:45:54.771+0000] {processor.py:161} INFO - Started process (PID=477) to work on /home/airflow/.local/lib/python3.12/site-packages/airflow/example_dags/example_latest_only.py
[2025-05-02T19:45:54.772+0000] {processor.py:830} INFO - Processing file /home/airflow/.local/lib/python3.12/site-packages/airflow/example_dags/example_latest_only.py for tasks to queue
[2025-05-02T19:45:54.775+0000] {logging_mixin.py:188} INFO - [2025-05-02T19:45:54.774+0000] {dagbag.py:545} INFO - Filling up the DagBag from /home/airflow/.local/lib/python3.12/site-packages/airflow/example_dags/example_latest_only.py
[2025-05-02T19:45:54.782+0000] {processor.py:840} INFO - DAG(s) 'latest_only' retrieved from /home/airflow/.local/lib/python3.12/site-packages/airflow/example_dags/example_latest_only.py
[2025-05-02T19:45:54.819+0000] {logging_mixin.py:188} INFO - [2025-05-02T19:45:54.819+0000] {dag.py:3096} INFO - Sync 1 DAGs
[2025-05-02T19:45:54.847+0000] {logging_mixin.py:188} INFO - [2025-05-02T19:45:54.847+0000] {dag.py:3954} INFO - Setting next_dagrun for latest_only to 2025-05-02 12:00:00+00:00, run_after=2025-05-02 16:00:00+00:00
[2025-05-02T19:45:54.866+0000] {processor.py:183} INFO - Processing /home/airflow/.local/lib/python3.12/site-packages/airflow/example_dags/example_latest_only.py took 0.100 seconds
[2025-05-02T19:46:25.542+0000] {processor.py:161} INFO - Started process (PID=536) to work on /home/airflow/.local/lib/python3.12/site-packages/airflow/example_dags/example_latest_only.py
[2025-05-02T19:46:25.543+0000] {processor.py:830} INFO - Processing file /home/airflow/.local/lib/python3.12/site-packages/airflow/example_dags/example_latest_only.py for tasks to queue
[2025-05-02T19:46:25.545+0000] {logging_mixin.py:188} INFO - [2025-05-02T19:46:25.544+0000] {dagbag.py:545} INFO - Filling up the DagBag from /home/airflow/.local/lib/python3.12/site-packages/airflow/example_dags/example_latest_only.py
[2025-05-02T19:46:25.550+0000] {processor.py:840} INFO - DAG(s) 'latest_only' retrieved from /home/airflow/.local/lib/python3.12/site-packages/airflow/example_dags/example_latest_only.py
[2025-05-02T19:46:25.569+0000] {logging_mixin.py:188} INFO - [2025-05-02T19:46:25.569+0000] {dag.py:3096} INFO - Sync 1 DAGs
[2025-05-02T19:46:25.587+0000] {logging_mixin.py:188} INFO - [2025-05-02T19:46:25.587+0000] {dag.py:3954} INFO - Setting next_dagrun for latest_only to 2025-05-02 12:00:00+00:00, run_after=2025-05-02 16:00:00+00:00
[2025-05-02T19:46:25.602+0000] {processor.py:183} INFO - Processing /home/airflow/.local/lib/python3.12/site-packages/airflow/example_dags/example_latest_only.py took 0.065 seconds
[2025-05-02T19:46:55.875+0000] {processor.py:161} INFO - Started process (PID=595) to work on /home/airflow/.local/lib/python3.12/site-packages/airflow/example_dags/example_latest_only.py
[2025-05-02T19:46:55.876+0000] {processor.py:830} INFO - Processing file /home/airflow/.local/lib/python3.12/site-packages/airflow/example_dags/example_latest_only.py for tasks to queue
[2025-05-02T19:46:55.877+0000] {logging_mixin.py:188} INFO - [2025-05-02T19:46:55.877+0000] {dagbag.py:545} INFO - Filling up the DagBag from /home/airflow/.local/lib/python3.12/site-packages/airflow/example_dags/example_latest_only.py
[2025-05-02T19:46:55.881+0000] {processor.py:840} INFO - DAG(s) 'latest_only' retrieved from /home/airflow/.local/lib/python3.12/site-packages/airflow/example_dags/example_latest_only.py
[2025-05-02T19:46:55.895+0000] {logging_mixin.py:188} INFO - [2025-05-02T19:46:55.895+0000] {dag.py:3096} INFO - Sync 1 DAGs
[2025-05-02T19:46:55.913+0000] {logging_mixin.py:188} INFO - [2025-05-02T19:46:55.913+0000] {dag.py:3954} INFO - Setting next_dagrun for latest_only to 2025-05-02 12:00:00+00:00, run_after=2025-05-02 16:00:00+00:00
[2025-05-02T19:46:55.992+0000] {processor.py:183} INFO - Processing /home/airflow/.local/lib/python3.12/site-packages/airflow/example_dags/example_latest_only.py took 0.122 seconds
[2025-05-02T19:47:26.221+0000] {processor.py:161} INFO - Started process (PID=655) to work on /home/airflow/.local/lib/python3.12/site-packages/airflow/example_dags/example_latest_only.py
[2025-05-02T19:47:26.222+0000] {processor.py:830} INFO - Processing file /home/airflow/.local/lib/python3.12/site-packages/airflow/example_dags/example_latest_only.py for tasks to queue
[2025-05-02T19:47:26.224+0000] {logging_mixin.py:188} INFO - [2025-05-02T19:47:26.224+0000] {dagbag.py:545} INFO - Filling up the DagBag from /home/airflow/.local/lib/python3.12/site-packages/airflow/example_dags/example_latest_only.py
[2025-05-02T19:47:26.229+0000] {processor.py:840} INFO - DAG(s) 'latest_only' retrieved from /home/airflow/.local/lib/python3.12/site-packages/airflow/example_dags/example_latest_only.py
[2025-05-02T19:47:26.252+0000] {logging_mixin.py:188} INFO - [2025-05-02T19:47:26.252+0000] {dag.py:3096} INFO - Sync 1 DAGs
[2025-05-02T19:47:26.272+0000] {logging_mixin.py:188} INFO - [2025-05-02T19:47:26.272+0000] {dag.py:3954} INFO - Setting next_dagrun for latest_only to 2025-05-02 12:00:00+00:00, run_after=2025-05-02 16:00:00+00:00
[2025-05-02T19:47:26.286+0000] {processor.py:183} INFO - Processing /home/airflow/.local/lib/python3.12/site-packages/airflow/example_dags/example_latest_only.py took 0.072 seconds
[2025-05-02T19:47:56.701+0000] {processor.py:161} INFO - Started process (PID=709) to work on /home/airflow/.local/lib/python3.12/site-packages/airflow/example_dags/example_latest_only.py
[2025-05-02T19:47:56.703+0000] {processor.py:830} INFO - Processing file /home/airflow/.local/lib/python3.12/site-packages/airflow/example_dags/example_latest_only.py for tasks to queue
[2025-05-02T19:47:56.705+0000] {logging_mixin.py:188} INFO - [2025-05-02T19:47:56.704+0000] {dagbag.py:545} INFO - Filling up the DagBag from /home/airflow/.local/lib/python3.12/site-packages/airflow/example_dags/example_latest_only.py
[2025-05-02T19:47:56.711+0000] {processor.py:840} INFO - DAG(s) 'latest_only' retrieved from /home/airflow/.local/lib/python3.12/site-packages/airflow/example_dags/example_latest_only.py
[2025-05-02T19:47:56.733+0000] {logging_mixin.py:188} INFO - [2025-05-02T19:47:56.732+0000] {dag.py:3096} INFO - Sync 1 DAGs
[2025-05-02T19:47:56.754+0000] {logging_mixin.py:188} INFO - [2025-05-02T19:47:56.754+0000] {dag.py:3954} INFO - Setting next_dagrun for latest_only to 2025-05-02 12:00:00+00:00, run_after=2025-05-02 16:00:00+00:00
[2025-05-02T19:47:56.773+0000] {processor.py:183} INFO - Processing /home/airflow/.local/lib/python3.12/site-packages/airflow/example_dags/example_latest_only.py took 0.078 seconds
[2025-05-02T19:48:27.015+0000] {processor.py:161} INFO - Started process (PID=769) to work on /home/airflow/.local/lib/python3.12/site-packages/airflow/example_dags/example_latest_only.py
[2025-05-02T19:48:27.016+0000] {processor.py:830} INFO - Processing file /home/airflow/.local/lib/python3.12/site-packages/airflow/example_dags/example_latest_only.py for tasks to queue
[2025-05-02T19:48:27.019+0000] {logging_mixin.py:188} INFO - [2025-05-02T19:48:27.018+0000] {dagbag.py:545} INFO - Filling up the DagBag from /home/airflow/.local/lib/python3.12/site-packages/airflow/example_dags/example_latest_only.py
[2025-05-02T19:48:27.023+0000] {processor.py:840} INFO - DAG(s) 'latest_only' retrieved from /home/airflow/.local/lib/python3.12/site-packages/airflow/example_dags/example_latest_only.py
[2025-05-02T19:48:27.042+0000] {logging_mixin.py:188} INFO - [2025-05-02T19:48:27.042+0000] {dag.py:3096} INFO - Sync 1 DAGs
[2025-05-02T19:48:27.064+0000] {logging_mixin.py:188} INFO - [2025-05-02T19:48:27.064+0000] {dag.py:3954} INFO - Setting next_dagrun for latest_only to 2025-05-02 12:00:00+00:00, run_after=2025-05-02 16:00:00+00:00
[2025-05-02T19:48:27.081+0000] {processor.py:183} INFO - Processing /home/airflow/.local/lib/python3.12/site-packages/airflow/example_dags/example_latest_only.py took 0.071 seconds
[2025-05-02T19:48:57.246+0000] {processor.py:161} INFO - Started process (PID=829) to work on /home/airflow/.local/lib/python3.12/site-packages/airflow/example_dags/example_latest_only.py
[2025-05-02T19:48:57.247+0000] {processor.py:830} INFO - Processing file /home/airflow/.local/lib/python3.12/site-packages/airflow/example_dags/example_latest_only.py for tasks to queue
[2025-05-02T19:48:57.249+0000] {logging_mixin.py:188} INFO - [2025-05-02T19:48:57.248+0000] {dagbag.py:545} INFO - Filling up the DagBag from /home/airflow/.local/lib/python3.12/site-packages/airflow/example_dags/example_latest_only.py
[2025-05-02T19:48:57.254+0000] {processor.py:840} INFO - DAG(s) 'latest_only' retrieved from /home/airflow/.local/lib/python3.12/site-packages/airflow/example_dags/example_latest_only.py
[2025-05-02T19:48:57.274+0000] {logging_mixin.py:188} INFO - [2025-05-02T19:48:57.273+0000] {dag.py:3096} INFO - Sync 1 DAGs
[2025-05-02T19:48:57.296+0000] {logging_mixin.py:188} INFO - [2025-05-02T19:48:57.295+0000] {dag.py:3954} INFO - Setting next_dagrun for latest_only to 2025-05-02 12:00:00+00:00, run_after=2025-05-02 16:00:00+00:00
[2025-05-02T19:48:57.315+0000] {processor.py:183} INFO - Processing /home/airflow/.local/lib/python3.12/site-packages/airflow/example_dags/example_latest_only.py took 0.076 seconds
[2025-05-02T19:49:28.840+0000] {processor.py:161} INFO - Started process (PID=890) to work on /home/airflow/.local/lib/python3.12/site-packages/airflow/example_dags/example_latest_only.py
[2025-05-02T19:49:28.841+0000] {processor.py:830} INFO - Processing file /home/airflow/.local/lib/python3.12/site-packages/airflow/example_dags/example_latest_only.py for tasks to queue
[2025-05-02T19:49:28.843+0000] {logging_mixin.py:188} INFO - [2025-05-02T19:49:28.842+0000] {dagbag.py:545} INFO - Filling up the DagBag from /home/airflow/.local/lib/python3.12/site-packages/airflow/example_dags/example_latest_only.py
[2025-05-02T19:49:28.846+0000] {processor.py:840} INFO - DAG(s) 'latest_only' retrieved from /home/airflow/.local/lib/python3.12/site-packages/airflow/example_dags/example_latest_only.py
[2025-05-02T19:49:28.862+0000] {logging_mixin.py:188} INFO - [2025-05-02T19:49:28.862+0000] {dag.py:3096} INFO - Sync 1 DAGs
[2025-05-02T19:49:28.881+0000] {logging_mixin.py:188} INFO - [2025-05-02T19:49:28.880+0000] {dag.py:3954} INFO - Setting next_dagrun for latest_only to 2025-05-02 12:00:00+00:00, run_after=2025-05-02 16:00:00+00:00
[2025-05-02T19:49:28.897+0000] {processor.py:183} INFO - Processing /home/airflow/.local/lib/python3.12/site-packages/airflow/example_dags/example_latest_only.py took 0.062 seconds
[2025-05-02T19:50:00.876+0000] {processor.py:161} INFO - Started process (PID=950) to work on /home/airflow/.local/lib/python3.12/site-packages/airflow/example_dags/example_latest_only.py
[2025-05-02T19:50:00.877+0000] {processor.py:830} INFO - Processing file /home/airflow/.local/lib/python3.12/site-packages/airflow/example_dags/example_latest_only.py for tasks to queue
[2025-05-02T19:50:00.879+0000] {logging_mixin.py:188} INFO - [2025-05-02T19:50:00.879+0000] {dagbag.py:545} INFO - Filling up the DagBag from /home/airflow/.local/lib/python3.12/site-packages/airflow/example_dags/example_latest_only.py
[2025-05-02T19:50:00.882+0000] {processor.py:840} INFO - DAG(s) 'latest_only' retrieved from /home/airflow/.local/lib/python3.12/site-packages/airflow/example_dags/example_latest_only.py
[2025-05-02T19:50:00.898+0000] {logging_mixin.py:188} INFO - [2025-05-02T19:50:00.898+0000] {dag.py:3096} INFO - Sync 1 DAGs
[2025-05-02T19:50:00.915+0000] {logging_mixin.py:188} INFO - [2025-05-02T19:50:00.915+0000] {dag.py:3954} INFO - Setting next_dagrun for latest_only to 2025-05-02 12:00:00+00:00, run_after=2025-05-02 16:00:00+00:00
[2025-05-02T19:50:00.931+0000] {processor.py:183} INFO - Processing /home/airflow/.local/lib/python3.12/site-packages/airflow/example_dags/example_latest_only.py took 0.058 seconds
[2025-05-02T19:50:33.745+0000] {processor.py:161} INFO - Started process (PID=1012) to work on /home/airflow/.local/lib/python3.12/site-packages/airflow/example_dags/example_latest_only.py
[2025-05-02T19:50:33.746+0000] {processor.py:830} INFO - Processing file /home/airflow/.local/lib/python3.12/site-packages/airflow/example_dags/example_latest_only.py for tasks to queue
[2025-05-02T19:50:33.748+0000] {logging_mixin.py:188} INFO - [2025-05-02T19:50:33.748+0000] {dagbag.py:545} INFO - Filling up the DagBag from /home/airflow/.local/lib/python3.12/site-packages/airflow/example_dags/example_latest_only.py
[2025-05-02T19:50:33.751+0000] {processor.py:840} INFO - DAG(s) 'latest_only' retrieved from /home/airflow/.local/lib/python3.12/site-packages/airflow/example_dags/example_latest_only.py
[2025-05-02T19:50:33.767+0000] {logging_mixin.py:188} INFO - [2025-05-02T19:50:33.767+0000] {dag.py:3096} INFO - Sync 1 DAGs
[2025-05-02T19:50:33.786+0000] {logging_mixin.py:188} INFO - [2025-05-02T19:50:33.786+0000] {dag.py:3954} INFO - Setting next_dagrun for latest_only to 2025-05-02 12:00:00+00:00, run_after=2025-05-02 16:00:00+00:00
[2025-05-02T19:50:33.801+0000] {processor.py:183} INFO - Processing /home/airflow/.local/lib/python3.12/site-packages/airflow/example_dags/example_latest_only.py took 0.060 seconds
[2025-05-02T19:51:05.917+0000] {processor.py:161} INFO - Started process (PID=1072) to work on /home/airflow/.local/lib/python3.12/site-packages/airflow/example_dags/example_latest_only.py
[2025-05-02T19:51:05.918+0000] {processor.py:830} INFO - Processing file /home/airflow/.local/lib/python3.12/site-packages/airflow/example_dags/example_latest_only.py for tasks to queue
[2025-05-02T19:51:05.920+0000] {logging_mixin.py:188} INFO - [2025-05-02T19:51:05.920+0000] {dagbag.py:545} INFO - Filling up the DagBag from /home/airflow/.local/lib/python3.12/site-packages/airflow/example_dags/example_latest_only.py
[2025-05-02T19:51:05.925+0000] {processor.py:840} INFO - DAG(s) 'latest_only' retrieved from /home/airflow/.local/lib/python3.12/site-packages/airflow/example_dags/example_latest_only.py
[2025-05-02T19:51:05.939+0000] {logging_mixin.py:188} INFO - [2025-05-02T19:51:05.939+0000] {dag.py:3096} INFO - Sync 1 DAGs
[2025-05-02T19:51:05.958+0000] {logging_mixin.py:188} INFO - [2025-05-02T19:51:05.958+0000] {dag.py:3954} INFO - Setting next_dagrun for latest_only to 2025-05-02 12:00:00+00:00, run_after=2025-05-02 16:00:00+00:00
[2025-05-02T19:51:05.975+0000] {processor.py:183} INFO - Processing /home/airflow/.local/lib/python3.12/site-packages/airflow/example_dags/example_latest_only.py took 0.063 seconds
[2025-05-02T19:51:38.266+0000] {processor.py:161} INFO - Started process (PID=1132) to work on /home/airflow/.local/lib/python3.12/site-packages/airflow/example_dags/example_latest_only.py
[2025-05-02T19:51:38.267+0000] {processor.py:830} INFO - Processing file /home/airflow/.local/lib/python3.12/site-packages/airflow/example_dags/example_latest_only.py for tasks to queue
[2025-05-02T19:51:38.268+0000] {logging_mixin.py:188} INFO - [2025-05-02T19:51:38.268+0000] {dagbag.py:545} INFO - Filling up the DagBag from /home/airflow/.local/lib/python3.12/site-packages/airflow/example_dags/example_latest_only.py
[2025-05-02T19:51:38.272+0000] {processor.py:840} INFO - DAG(s) 'latest_only' retrieved from /home/airflow/.local/lib/python3.12/site-packages/airflow/example_dags/example_latest_only.py
[2025-05-02T19:51:38.289+0000] {logging_mixin.py:188} INFO - [2025-05-02T19:51:38.289+0000] {dag.py:3096} INFO - Sync 1 DAGs
[2025-05-02T19:51:38.307+0000] {logging_mixin.py:188} INFO - [2025-05-02T19:51:38.307+0000] {dag.py:3954} INFO - Setting next_dagrun for latest_only to 2025-05-02 12:00:00+00:00, run_after=2025-05-02 16:00:00+00:00
[2025-05-02T19:51:38.320+0000] {processor.py:183} INFO - Processing /home/airflow/.local/lib/python3.12/site-packages/airflow/example_dags/example_latest_only.py took 0.058 seconds
[2025-05-02T19:52:10.549+0000] {processor.py:161} INFO - Started process (PID=1192) to work on /home/airflow/.local/lib/python3.12/site-packages/airflow/example_dags/example_latest_only.py
[2025-05-02T19:52:10.550+0000] {processor.py:830} INFO - Processing file /home/airflow/.local/lib/python3.12/site-packages/airflow/example_dags/example_latest_only.py for tasks to queue
[2025-05-02T19:52:10.551+0000] {logging_mixin.py:188} INFO - [2025-05-02T19:52:10.551+0000] {dagbag.py:545} INFO - Filling up the DagBag from /home/airflow/.local/lib/python3.12/site-packages/airflow/example_dags/example_latest_only.py
[2025-05-02T19:52:10.555+0000] {processor.py:840} INFO - DAG(s) 'latest_only' retrieved from /home/airflow/.local/lib/python3.12/site-packages/airflow/example_dags/example_latest_only.py
[2025-05-02T19:52:10.569+0000] {logging_mixin.py:188} INFO - [2025-05-02T19:52:10.569+0000] {dag.py:3096} INFO - Sync 1 DAGs
[2025-05-02T19:52:10.585+0000] {logging_mixin.py:188} INFO - [2025-05-02T19:52:10.585+0000] {dag.py:3954} INFO - Setting next_dagrun for latest_only to 2025-05-02 12:00:00+00:00, run_after=2025-05-02 16:00:00+00:00
[2025-05-02T19:52:10.599+0000] {processor.py:183} INFO - Processing /home/airflow/.local/lib/python3.12/site-packages/airflow/example_dags/example_latest_only.py took 0.054 seconds
[2025-05-02T19:52:43.154+0000] {processor.py:161} INFO - Started process (PID=1252) to work on /home/airflow/.local/lib/python3.12/site-packages/airflow/example_dags/example_latest_only.py
[2025-05-02T19:52:43.155+0000] {processor.py:830} INFO - Processing file /home/airflow/.local/lib/python3.12/site-packages/airflow/example_dags/example_latest_only.py for tasks to queue
[2025-05-02T19:52:43.156+0000] {logging_mixin.py:188} INFO - [2025-05-02T19:52:43.156+0000] {dagbag.py:545} INFO - Filling up the DagBag from /home/airflow/.local/lib/python3.12/site-packages/airflow/example_dags/example_latest_only.py
[2025-05-02T19:52:43.161+0000] {processor.py:840} INFO - DAG(s) 'latest_only' retrieved from /home/airflow/.local/lib/python3.12/site-packages/airflow/example_dags/example_latest_only.py
[2025-05-02T19:52:43.175+0000] {logging_mixin.py:188} INFO - [2025-05-02T19:52:43.175+0000] {dag.py:3096} INFO - Sync 1 DAGs
[2025-05-02T19:52:43.192+0000] {logging_mixin.py:188} INFO - [2025-05-02T19:52:43.192+0000] {dag.py:3954} INFO - Setting next_dagrun for latest_only to 2025-05-02 12:00:00+00:00, run_after=2025-05-02 16:00:00+00:00
[2025-05-02T19:52:43.207+0000] {processor.py:183} INFO - Processing /home/airflow/.local/lib/python3.12/site-packages/airflow/example_dags/example_latest_only.py took 0.058 seconds
[2025-05-02T19:53:15.825+0000] {processor.py:161} INFO - Started process (PID=1312) to work on /home/airflow/.local/lib/python3.12/site-packages/airflow/example_dags/example_latest_only.py
[2025-05-02T19:53:15.826+0000] {processor.py:830} INFO - Processing file /home/airflow/.local/lib/python3.12/site-packages/airflow/example_dags/example_latest_only.py for tasks to queue
[2025-05-02T19:53:15.828+0000] {logging_mixin.py:188} INFO - [2025-05-02T19:53:15.827+0000] {dagbag.py:545} INFO - Filling up the DagBag from /home/airflow/.local/lib/python3.12/site-packages/airflow/example_dags/example_latest_only.py
[2025-05-02T19:53:15.831+0000] {processor.py:840} INFO - DAG(s) 'latest_only' retrieved from /home/airflow/.local/lib/python3.12/site-packages/airflow/example_dags/example_latest_only.py
[2025-05-02T19:53:15.848+0000] {logging_mixin.py:188} INFO - [2025-05-02T19:53:15.848+0000] {dag.py:3096} INFO - Sync 1 DAGs
[2025-05-02T19:53:15.869+0000] {logging_mixin.py:188} INFO - [2025-05-02T19:53:15.868+0000] {dag.py:3954} INFO - Setting next_dagrun for latest_only to 2025-05-02 12:00:00+00:00, run_after=2025-05-02 16:00:00+00:00
[2025-05-02T19:53:15.886+0000] {processor.py:183} INFO - Processing /home/airflow/.local/lib/python3.12/site-packages/airflow/example_dags/example_latest_only.py took 0.066 seconds
[2025-05-02T19:53:48.225+0000] {processor.py:161} INFO - Started process (PID=1372) to work on /home/airflow/.local/lib/python3.12/site-packages/airflow/example_dags/example_latest_only.py
[2025-05-02T19:53:48.226+0000] {processor.py:830} INFO - Processing file /home/airflow/.local/lib/python3.12/site-packages/airflow/example_dags/example_latest_only.py for tasks to queue
[2025-05-02T19:53:48.228+0000] {logging_mixin.py:188} INFO - [2025-05-02T19:53:48.227+0000] {dagbag.py:545} INFO - Filling up the DagBag from /home/airflow/.local/lib/python3.12/site-packages/airflow/example_dags/example_latest_only.py
[2025-05-02T19:53:48.232+0000] {processor.py:840} INFO - DAG(s) 'latest_only' retrieved from /home/airflow/.local/lib/python3.12/site-packages/airflow/example_dags/example_latest_only.py
[2025-05-02T19:53:48.247+0000] {logging_mixin.py:188} INFO - [2025-05-02T19:53:48.247+0000] {dag.py:3096} INFO - Sync 1 DAGs
[2025-05-02T19:53:48.263+0000] {logging_mixin.py:188} INFO - [2025-05-02T19:53:48.263+0000] {dag.py:3954} INFO - Setting next_dagrun for latest_only to 2025-05-02 12:00:00+00:00, run_after=2025-05-02 16:00:00+00:00
[2025-05-02T19:53:48.276+0000] {processor.py:183} INFO - Processing /home/airflow/.local/lib/python3.12/site-packages/airflow/example_dags/example_latest_only.py took 0.056 seconds
[2025-05-02T19:54:20.756+0000] {processor.py:161} INFO - Started process (PID=1432) to work on /home/airflow/.local/lib/python3.12/site-packages/airflow/example_dags/example_latest_only.py
[2025-05-02T19:54:20.757+0000] {processor.py:830} INFO - Processing file /home/airflow/.local/lib/python3.12/site-packages/airflow/example_dags/example_latest_only.py for tasks to queue
[2025-05-02T19:54:20.759+0000] {logging_mixin.py:188} INFO - [2025-05-02T19:54:20.759+0000] {dagbag.py:545} INFO - Filling up the DagBag from /home/airflow/.local/lib/python3.12/site-packages/airflow/example_dags/example_latest_only.py
[2025-05-02T19:54:20.763+0000] {processor.py:840} INFO - DAG(s) 'latest_only' retrieved from /home/airflow/.local/lib/python3.12/site-packages/airflow/example_dags/example_latest_only.py
[2025-05-02T19:54:20.777+0000] {logging_mixin.py:188} INFO - [2025-05-02T19:54:20.777+0000] {dag.py:3096} INFO - Sync 1 DAGs
[2025-05-02T19:54:20.796+0000] {logging_mixin.py:188} INFO - [2025-05-02T19:54:20.796+0000] {dag.py:3954} INFO - Setting next_dagrun for latest_only to 2025-05-02 12:00:00+00:00, run_after=2025-05-02 16:00:00+00:00
[2025-05-02T19:54:20.812+0000] {processor.py:183} INFO - Processing /home/airflow/.local/lib/python3.12/site-packages/airflow/example_dags/example_latest_only.py took 0.060 seconds
[2025-05-02T19:54:52.982+0000] {processor.py:161} INFO - Started process (PID=1492) to work on /home/airflow/.local/lib/python3.12/site-packages/airflow/example_dags/example_latest_only.py
[2025-05-02T19:54:52.983+0000] {processor.py:830} INFO - Processing file /home/airflow/.local/lib/python3.12/site-packages/airflow/example_dags/example_latest_only.py for tasks to queue
[2025-05-02T19:54:52.984+0000] {logging_mixin.py:188} INFO - [2025-05-02T19:54:52.984+0000] {dagbag.py:545} INFO - Filling up the DagBag from /home/airflow/.local/lib/python3.12/site-packages/airflow/example_dags/example_latest_only.py
[2025-05-02T19:54:52.988+0000] {processor.py:840} INFO - DAG(s) 'latest_only' retrieved from /home/airflow/.local/lib/python3.12/site-packages/airflow/example_dags/example_latest_only.py
[2025-05-02T19:54:53.003+0000] {logging_mixin.py:188} INFO - [2025-05-02T19:54:53.002+0000] {dag.py:3096} INFO - Sync 1 DAGs
[2025-05-02T19:54:53.019+0000] {logging_mixin.py:188} INFO - [2025-05-02T19:54:53.018+0000] {dag.py:3954} INFO - Setting next_dagrun for latest_only to 2025-05-02 12:00:00+00:00, run_after=2025-05-02 16:00:00+00:00
[2025-05-02T19:54:53.033+0000] {processor.py:183} INFO - Processing /home/airflow/.local/lib/python3.12/site-packages/airflow/example_dags/example_latest_only.py took 0.057 seconds
[2025-05-02T19:55:24.950+0000] {processor.py:161} INFO - Started process (PID=1552) to work on /home/airflow/.local/lib/python3.12/site-packages/airflow/example_dags/example_latest_only.py
[2025-05-02T19:55:24.951+0000] {processor.py:830} INFO - Processing file /home/airflow/.local/lib/python3.12/site-packages/airflow/example_dags/example_latest_only.py for tasks to queue
[2025-05-02T19:55:24.953+0000] {logging_mixin.py:188} INFO - [2025-05-02T19:55:24.952+0000] {dagbag.py:545} INFO - Filling up the DagBag from /home/airflow/.local/lib/python3.12/site-packages/airflow/example_dags/example_latest_only.py
[2025-05-02T19:55:24.957+0000] {processor.py:840} INFO - DAG(s) 'latest_only' retrieved from /home/airflow/.local/lib/python3.12/site-packages/airflow/example_dags/example_latest_only.py
[2025-05-02T19:55:24.971+0000] {logging_mixin.py:188} INFO - [2025-05-02T19:55:24.971+0000] {dag.py:3096} INFO - Sync 1 DAGs
[2025-05-02T19:55:24.986+0000] {logging_mixin.py:188} INFO - [2025-05-02T19:55:24.986+0000] {dag.py:3954} INFO - Setting next_dagrun for latest_only to 2025-05-02 12:00:00+00:00, run_after=2025-05-02 16:00:00+00:00
[2025-05-02T19:55:25.001+0000] {processor.py:183} INFO - Processing /home/airflow/.local/lib/python3.12/site-packages/airflow/example_dags/example_latest_only.py took 0.055 seconds
[2025-05-02T19:55:57.909+0000] {processor.py:161} INFO - Started process (PID=1612) to work on /home/airflow/.local/lib/python3.12/site-packages/airflow/example_dags/example_latest_only.py
[2025-05-02T19:55:57.910+0000] {processor.py:830} INFO - Processing file /home/airflow/.local/lib/python3.12/site-packages/airflow/example_dags/example_latest_only.py for tasks to queue
[2025-05-02T19:55:57.912+0000] {logging_mixin.py:188} INFO - [2025-05-02T19:55:57.911+0000] {dagbag.py:545} INFO - Filling up the DagBag from /home/airflow/.local/lib/python3.12/site-packages/airflow/example_dags/example_latest_only.py
[2025-05-02T19:55:57.916+0000] {processor.py:840} INFO - DAG(s) 'latest_only' retrieved from /home/airflow/.local/lib/python3.12/site-packages/airflow/example_dags/example_latest_only.py
[2025-05-02T19:55:57.931+0000] {logging_mixin.py:188} INFO - [2025-05-02T19:55:57.931+0000] {dag.py:3096} INFO - Sync 1 DAGs
[2025-05-02T19:55:57.950+0000] {logging_mixin.py:188} INFO - [2025-05-02T19:55:57.950+0000] {dag.py:3954} INFO - Setting next_dagrun for latest_only to 2025-05-02 12:00:00+00:00, run_after=2025-05-02 16:00:00+00:00
[2025-05-02T19:55:57.965+0000] {processor.py:183} INFO - Processing /home/airflow/.local/lib/python3.12/site-packages/airflow/example_dags/example_latest_only.py took 0.061 seconds
[2025-05-02T19:56:29.779+0000] {processor.py:161} INFO - Started process (PID=1672) to work on /home/airflow/.local/lib/python3.12/site-packages/airflow/example_dags/example_latest_only.py
[2025-05-02T19:56:29.780+0000] {processor.py:830} INFO - Processing file /home/airflow/.local/lib/python3.12/site-packages/airflow/example_dags/example_latest_only.py for tasks to queue
[2025-05-02T19:56:29.781+0000] {logging_mixin.py:188} INFO - [2025-05-02T19:56:29.781+0000] {dagbag.py:545} INFO - Filling up the DagBag from /home/airflow/.local/lib/python3.12/site-packages/airflow/example_dags/example_latest_only.py
[2025-05-02T19:56:29.785+0000] {processor.py:840} INFO - DAG(s) 'latest_only' retrieved from /home/airflow/.local/lib/python3.12/site-packages/airflow/example_dags/example_latest_only.py
[2025-05-02T19:56:29.798+0000] {logging_mixin.py:188} INFO - [2025-05-02T19:56:29.798+0000] {dag.py:3096} INFO - Sync 1 DAGs
[2025-05-02T19:56:29.816+0000] {logging_mixin.py:188} INFO - [2025-05-02T19:56:29.816+0000] {dag.py:3954} INFO - Setting next_dagrun for latest_only to 2025-05-02 12:00:00+00:00, run_after=2025-05-02 16:00:00+00:00
[2025-05-02T19:56:29.830+0000] {processor.py:183} INFO - Processing /home/airflow/.local/lib/python3.12/site-packages/airflow/example_dags/example_latest_only.py took 0.055 seconds
[2025-05-02T19:57:02.717+0000] {processor.py:161} INFO - Started process (PID=1732) to work on /home/airflow/.local/lib/python3.12/site-packages/airflow/example_dags/example_latest_only.py
[2025-05-02T19:57:02.718+0000] {processor.py:830} INFO - Processing file /home/airflow/.local/lib/python3.12/site-packages/airflow/example_dags/example_latest_only.py for tasks to queue
[2025-05-02T19:57:02.720+0000] {logging_mixin.py:188} INFO - [2025-05-02T19:57:02.720+0000] {dagbag.py:545} INFO - Filling up the DagBag from /home/airflow/.local/lib/python3.12/site-packages/airflow/example_dags/example_latest_only.py
[2025-05-02T19:57:02.725+0000] {processor.py:840} INFO - DAG(s) 'latest_only' retrieved from /home/airflow/.local/lib/python3.12/site-packages/airflow/example_dags/example_latest_only.py
[2025-05-02T19:57:02.741+0000] {logging_mixin.py:188} INFO - [2025-05-02T19:57:02.741+0000] {dag.py:3096} INFO - Sync 1 DAGs
[2025-05-02T19:57:02.759+0000] {logging_mixin.py:188} INFO - [2025-05-02T19:57:02.759+0000] {dag.py:3954} INFO - Setting next_dagrun for latest_only to 2025-05-02 12:00:00+00:00, run_after=2025-05-02 16:00:00+00:00
[2025-05-02T19:57:02.776+0000] {processor.py:183} INFO - Processing /home/airflow/.local/lib/python3.12/site-packages/airflow/example_dags/example_latest_only.py took 0.063 seconds
[2025-05-02T19:57:34.753+0000] {processor.py:161} INFO - Started process (PID=1792) to work on /home/airflow/.local/lib/python3.12/site-packages/airflow/example_dags/example_latest_only.py
[2025-05-02T19:57:34.754+0000] {processor.py:830} INFO - Processing file /home/airflow/.local/lib/python3.12/site-packages/airflow/example_dags/example_latest_only.py for tasks to queue
[2025-05-02T19:57:34.756+0000] {logging_mixin.py:188} INFO - [2025-05-02T19:57:34.755+0000] {dagbag.py:545} INFO - Filling up the DagBag from /home/airflow/.local/lib/python3.12/site-packages/airflow/example_dags/example_latest_only.py
[2025-05-02T19:57:34.760+0000] {processor.py:840} INFO - DAG(s) 'latest_only' retrieved from /home/airflow/.local/lib/python3.12/site-packages/airflow/example_dags/example_latest_only.py
[2025-05-02T19:57:34.776+0000] {logging_mixin.py:188} INFO - [2025-05-02T19:57:34.776+0000] {dag.py:3096} INFO - Sync 1 DAGs
[2025-05-02T19:57:34.794+0000] {logging_mixin.py:188} INFO - [2025-05-02T19:57:34.794+0000] {dag.py:3954} INFO - Setting next_dagrun for latest_only to 2025-05-02 12:00:00+00:00, run_after=2025-05-02 16:00:00+00:00
[2025-05-02T19:57:34.809+0000] {processor.py:183} INFO - Processing /home/airflow/.local/lib/python3.12/site-packages/airflow/example_dags/example_latest_only.py took 0.060 seconds
[2025-05-02T19:58:07.149+0000] {processor.py:161} INFO - Started process (PID=1852) to work on /home/airflow/.local/lib/python3.12/site-packages/airflow/example_dags/example_latest_only.py
[2025-05-02T19:58:07.149+0000] {processor.py:830} INFO - Processing file /home/airflow/.local/lib/python3.12/site-packages/airflow/example_dags/example_latest_only.py for tasks to queue
[2025-05-02T19:58:07.151+0000] {logging_mixin.py:188} INFO - [2025-05-02T19:58:07.151+0000] {dagbag.py:545} INFO - Filling up the DagBag from /home/airflow/.local/lib/python3.12/site-packages/airflow/example_dags/example_latest_only.py
[2025-05-02T19:58:07.155+0000] {processor.py:840} INFO - DAG(s) 'latest_only' retrieved from /home/airflow/.local/lib/python3.12/site-packages/airflow/example_dags/example_latest_only.py
[2025-05-02T19:58:07.168+0000] {logging_mixin.py:188} INFO - [2025-05-02T19:58:07.168+0000] {dag.py:3096} INFO - Sync 1 DAGs
[2025-05-02T19:58:07.185+0000] {logging_mixin.py:188} INFO - [2025-05-02T19:58:07.185+0000] {dag.py:3954} INFO - Setting next_dagrun for latest_only to 2025-05-02 12:00:00+00:00, run_after=2025-05-02 16:00:00+00:00
[2025-05-02T19:58:07.200+0000] {processor.py:183} INFO - Processing /home/airflow/.local/lib/python3.12/site-packages/airflow/example_dags/example_latest_only.py took 0.056 seconds
[2025-05-02T19:58:39.700+0000] {processor.py:161} INFO - Started process (PID=1912) to work on /home/airflow/.local/lib/python3.12/site-packages/airflow/example_dags/example_latest_only.py
[2025-05-02T19:58:39.701+0000] {processor.py:830} INFO - Processing file /home/airflow/.local/lib/python3.12/site-packages/airflow/example_dags/example_latest_only.py for tasks to queue
[2025-05-02T19:58:39.702+0000] {logging_mixin.py:188} INFO - [2025-05-02T19:58:39.702+0000] {dagbag.py:545} INFO - Filling up the DagBag from /home/airflow/.local/lib/python3.12/site-packages/airflow/example_dags/example_latest_only.py
[2025-05-02T19:58:39.706+0000] {processor.py:840} INFO - DAG(s) 'latest_only' retrieved from /home/airflow/.local/lib/python3.12/site-packages/airflow/example_dags/example_latest_only.py
[2025-05-02T19:58:39.723+0000] {logging_mixin.py:188} INFO - [2025-05-02T19:58:39.722+0000] {dag.py:3096} INFO - Sync 1 DAGs
[2025-05-02T19:58:39.738+0000] {logging_mixin.py:188} INFO - [2025-05-02T19:58:39.738+0000] {dag.py:3954} INFO - Setting next_dagrun for latest_only to 2025-05-02 12:00:00+00:00, run_after=2025-05-02 16:00:00+00:00
[2025-05-02T19:58:39.751+0000] {processor.py:183} INFO - Processing /home/airflow/.local/lib/python3.12/site-packages/airflow/example_dags/example_latest_only.py took 0.055 seconds
[2025-05-02T19:59:11.923+0000] {processor.py:161} INFO - Started process (PID=1972) to work on /home/airflow/.local/lib/python3.12/site-packages/airflow/example_dags/example_latest_only.py
[2025-05-02T19:59:11.924+0000] {processor.py:830} INFO - Processing file /home/airflow/.local/lib/python3.12/site-packages/airflow/example_dags/example_latest_only.py for tasks to queue
[2025-05-02T19:59:11.925+0000] {logging_mixin.py:188} INFO - [2025-05-02T19:59:11.925+0000] {dagbag.py:545} INFO - Filling up the DagBag from /home/airflow/.local/lib/python3.12/site-packages/airflow/example_dags/example_latest_only.py
[2025-05-02T19:59:11.929+0000] {processor.py:840} INFO - DAG(s) 'latest_only' retrieved from /home/airflow/.local/lib/python3.12/site-packages/airflow/example_dags/example_latest_only.py
[2025-05-02T19:59:11.943+0000] {logging_mixin.py:188} INFO - [2025-05-02T19:59:11.943+0000] {dag.py:3096} INFO - Sync 1 DAGs
[2025-05-02T19:59:11.960+0000] {logging_mixin.py:188} INFO - [2025-05-02T19:59:11.960+0000] {dag.py:3954} INFO - Setting next_dagrun for latest_only to 2025-05-02 12:00:00+00:00, run_after=2025-05-02 16:00:00+00:00
[2025-05-02T19:59:11.976+0000] {processor.py:183} INFO - Processing /home/airflow/.local/lib/python3.12/site-packages/airflow/example_dags/example_latest_only.py took 0.056 seconds
[2025-05-02T19:59:44.853+0000] {processor.py:161} INFO - Started process (PID=2032) to work on /home/airflow/.local/lib/python3.12/site-packages/airflow/example_dags/example_latest_only.py
[2025-05-02T19:59:44.853+0000] {processor.py:830} INFO - Processing file /home/airflow/.local/lib/python3.12/site-packages/airflow/example_dags/example_latest_only.py for tasks to queue
[2025-05-02T19:59:44.855+0000] {logging_mixin.py:188} INFO - [2025-05-02T19:59:44.854+0000] {dagbag.py:545} INFO - Filling up the DagBag from /home/airflow/.local/lib/python3.12/site-packages/airflow/example_dags/example_latest_only.py
[2025-05-02T19:59:44.858+0000] {processor.py:840} INFO - DAG(s) 'latest_only' retrieved from /home/airflow/.local/lib/python3.12/site-packages/airflow/example_dags/example_latest_only.py
[2025-05-02T19:59:44.872+0000] {logging_mixin.py:188} INFO - [2025-05-02T19:59:44.872+0000] {dag.py:3096} INFO - Sync 1 DAGs
[2025-05-02T19:59:44.888+0000] {logging_mixin.py:188} INFO - [2025-05-02T19:59:44.888+0000] {dag.py:3954} INFO - Setting next_dagrun for latest_only to 2025-05-02 12:00:00+00:00, run_after=2025-05-02 16:00:00+00:00
[2025-05-02T19:59:45.005+0000] {processor.py:183} INFO - Processing /home/airflow/.local/lib/python3.12/site-packages/airflow/example_dags/example_latest_only.py took 0.157 seconds
[2025-05-02T20:00:17.158+0000] {processor.py:161} INFO - Started process (PID=2092) to work on /home/airflow/.local/lib/python3.12/site-packages/airflow/example_dags/example_latest_only.py
[2025-05-02T20:00:17.159+0000] {processor.py:830} INFO - Processing file /home/airflow/.local/lib/python3.12/site-packages/airflow/example_dags/example_latest_only.py for tasks to queue
[2025-05-02T20:00:17.160+0000] {logging_mixin.py:188} INFO - [2025-05-02T20:00:17.160+0000] {dagbag.py:545} INFO - Filling up the DagBag from /home/airflow/.local/lib/python3.12/site-packages/airflow/example_dags/example_latest_only.py
[2025-05-02T20:00:17.163+0000] {processor.py:840} INFO - DAG(s) 'latest_only' retrieved from /home/airflow/.local/lib/python3.12/site-packages/airflow/example_dags/example_latest_only.py
[2025-05-02T20:00:17.176+0000] {logging_mixin.py:188} INFO - [2025-05-02T20:00:17.176+0000] {dag.py:3096} INFO - Sync 1 DAGs
[2025-05-02T20:00:17.190+0000] {logging_mixin.py:188} INFO - [2025-05-02T20:00:17.190+0000] {dag.py:3954} INFO - Setting next_dagrun for latest_only to 2025-05-02 16:00:00+00:00, run_after=2025-05-02 20:00:00+00:00
[2025-05-02T20:00:17.201+0000] {processor.py:183} INFO - Processing /home/airflow/.local/lib/python3.12/site-packages/airflow/example_dags/example_latest_only.py took 0.047 seconds
[2025-05-02T20:00:49.885+0000] {processor.py:161} INFO - Started process (PID=2152) to work on /home/airflow/.local/lib/python3.12/site-packages/airflow/example_dags/example_latest_only.py
[2025-05-02T20:00:49.885+0000] {processor.py:830} INFO - Processing file /home/airflow/.local/lib/python3.12/site-packages/airflow/example_dags/example_latest_only.py for tasks to queue
[2025-05-02T20:00:49.887+0000] {logging_mixin.py:188} INFO - [2025-05-02T20:00:49.886+0000] {dagbag.py:545} INFO - Filling up the DagBag from /home/airflow/.local/lib/python3.12/site-packages/airflow/example_dags/example_latest_only.py
[2025-05-02T20:00:49.890+0000] {processor.py:840} INFO - DAG(s) 'latest_only' retrieved from /home/airflow/.local/lib/python3.12/site-packages/airflow/example_dags/example_latest_only.py
[2025-05-02T20:00:49.903+0000] {logging_mixin.py:188} INFO - [2025-05-02T20:00:49.903+0000] {dag.py:3096} INFO - Sync 1 DAGs
[2025-05-02T20:00:49.918+0000] {logging_mixin.py:188} INFO - [2025-05-02T20:00:49.918+0000] {dag.py:3954} INFO - Setting next_dagrun for latest_only to 2025-05-02 16:00:00+00:00, run_after=2025-05-02 20:00:00+00:00
[2025-05-02T20:00:49.931+0000] {processor.py:183} INFO - Processing /home/airflow/.local/lib/python3.12/site-packages/airflow/example_dags/example_latest_only.py took 0.050 seconds
[2025-05-02T20:01:23.070+0000] {processor.py:161} INFO - Started process (PID=2212) to work on /home/airflow/.local/lib/python3.12/site-packages/airflow/example_dags/example_latest_only.py
[2025-05-02T20:01:23.071+0000] {processor.py:830} INFO - Processing file /home/airflow/.local/lib/python3.12/site-packages/airflow/example_dags/example_latest_only.py for tasks to queue
[2025-05-02T20:01:23.072+0000] {logging_mixin.py:188} INFO - [2025-05-02T20:01:23.072+0000] {dagbag.py:545} INFO - Filling up the DagBag from /home/airflow/.local/lib/python3.12/site-packages/airflow/example_dags/example_latest_only.py
[2025-05-02T20:01:23.076+0000] {processor.py:840} INFO - DAG(s) 'latest_only' retrieved from /home/airflow/.local/lib/python3.12/site-packages/airflow/example_dags/example_latest_only.py
[2025-05-02T20:01:23.089+0000] {logging_mixin.py:188} INFO - [2025-05-02T20:01:23.089+0000] {dag.py:3096} INFO - Sync 1 DAGs
[2025-05-02T20:01:23.106+0000] {logging_mixin.py:188} INFO - [2025-05-02T20:01:23.105+0000] {dag.py:3954} INFO - Setting next_dagrun for latest_only to 2025-05-02 16:00:00+00:00, run_after=2025-05-02 20:00:00+00:00
[2025-05-02T20:01:23.119+0000] {processor.py:183} INFO - Processing /home/airflow/.local/lib/python3.12/site-packages/airflow/example_dags/example_latest_only.py took 0.054 seconds
[2025-05-02T20:01:54.330+0000] {processor.py:161} INFO - Started process (PID=2272) to work on /home/airflow/.local/lib/python3.12/site-packages/airflow/example_dags/example_latest_only.py
[2025-05-02T20:01:54.331+0000] {processor.py:830} INFO - Processing file /home/airflow/.local/lib/python3.12/site-packages/airflow/example_dags/example_latest_only.py for tasks to queue
[2025-05-02T20:01:54.332+0000] {logging_mixin.py:188} INFO - [2025-05-02T20:01:54.332+0000] {dagbag.py:545} INFO - Filling up the DagBag from /home/airflow/.local/lib/python3.12/site-packages/airflow/example_dags/example_latest_only.py
[2025-05-02T20:01:54.336+0000] {processor.py:840} INFO - DAG(s) 'latest_only' retrieved from /home/airflow/.local/lib/python3.12/site-packages/airflow/example_dags/example_latest_only.py
[2025-05-02T20:01:54.350+0000] {logging_mixin.py:188} INFO - [2025-05-02T20:01:54.350+0000] {dag.py:3096} INFO - Sync 1 DAGs
[2025-05-02T20:01:54.365+0000] {logging_mixin.py:188} INFO - [2025-05-02T20:01:54.365+0000] {dag.py:3954} INFO - Setting next_dagrun for latest_only to 2025-05-02 16:00:00+00:00, run_after=2025-05-02 20:00:00+00:00
[2025-05-02T20:01:54.477+0000] {processor.py:183} INFO - Processing /home/airflow/.local/lib/python3.12/site-packages/airflow/example_dags/example_latest_only.py took 0.151 seconds
[2025-05-02T20:02:26.617+0000] {processor.py:161} INFO - Started process (PID=2332) to work on /home/airflow/.local/lib/python3.12/site-packages/airflow/example_dags/example_latest_only.py
[2025-05-02T20:02:26.618+0000] {processor.py:830} INFO - Processing file /home/airflow/.local/lib/python3.12/site-packages/airflow/example_dags/example_latest_only.py for tasks to queue
[2025-05-02T20:02:26.619+0000] {logging_mixin.py:188} INFO - [2025-05-02T20:02:26.619+0000] {dagbag.py:545} INFO - Filling up the DagBag from /home/airflow/.local/lib/python3.12/site-packages/airflow/example_dags/example_latest_only.py
[2025-05-02T20:02:26.625+0000] {processor.py:840} INFO - DAG(s) 'latest_only' retrieved from /home/airflow/.local/lib/python3.12/site-packages/airflow/example_dags/example_latest_only.py
[2025-05-02T20:02:26.640+0000] {logging_mixin.py:188} INFO - [2025-05-02T20:02:26.640+0000] {dag.py:3096} INFO - Sync 1 DAGs
[2025-05-02T20:02:26.656+0000] {logging_mixin.py:188} INFO - [2025-05-02T20:02:26.656+0000] {dag.py:3954} INFO - Setting next_dagrun for latest_only to 2025-05-02 16:00:00+00:00, run_after=2025-05-02 20:00:00+00:00
[2025-05-02T20:02:26.669+0000] {processor.py:183} INFO - Processing /home/airflow/.local/lib/python3.12/site-packages/airflow/example_dags/example_latest_only.py took 0.057 seconds
[2025-05-02T20:02:59.864+0000] {processor.py:161} INFO - Started process (PID=2393) to work on /home/airflow/.local/lib/python3.12/site-packages/airflow/example_dags/example_latest_only.py
[2025-05-02T20:02:59.865+0000] {processor.py:830} INFO - Processing file /home/airflow/.local/lib/python3.12/site-packages/airflow/example_dags/example_latest_only.py for tasks to queue
[2025-05-02T20:02:59.867+0000] {logging_mixin.py:188} INFO - [2025-05-02T20:02:59.866+0000] {dagbag.py:545} INFO - Filling up the DagBag from /home/airflow/.local/lib/python3.12/site-packages/airflow/example_dags/example_latest_only.py
[2025-05-02T20:02:59.870+0000] {processor.py:840} INFO - DAG(s) 'latest_only' retrieved from /home/airflow/.local/lib/python3.12/site-packages/airflow/example_dags/example_latest_only.py
[2025-05-02T20:02:59.882+0000] {logging_mixin.py:188} INFO - [2025-05-02T20:02:59.882+0000] {dag.py:3096} INFO - Sync 1 DAGs
[2025-05-02T20:02:59.896+0000] {logging_mixin.py:188} INFO - [2025-05-02T20:02:59.896+0000] {dag.py:3954} INFO - Setting next_dagrun for latest_only to 2025-05-02 16:00:00+00:00, run_after=2025-05-02 20:00:00+00:00
[2025-05-02T20:02:59.909+0000] {processor.py:183} INFO - Processing /home/airflow/.local/lib/python3.12/site-packages/airflow/example_dags/example_latest_only.py took 0.049 seconds
[2025-05-02T20:03:33.300+0000] {processor.py:161} INFO - Started process (PID=2453) to work on /home/airflow/.local/lib/python3.12/site-packages/airflow/example_dags/example_latest_only.py
[2025-05-02T20:03:33.301+0000] {processor.py:830} INFO - Processing file /home/airflow/.local/lib/python3.12/site-packages/airflow/example_dags/example_latest_only.py for tasks to queue
[2025-05-02T20:03:33.302+0000] {logging_mixin.py:188} INFO - [2025-05-02T20:03:33.302+0000] {dagbag.py:545} INFO - Filling up the DagBag from /home/airflow/.local/lib/python3.12/site-packages/airflow/example_dags/example_latest_only.py
[2025-05-02T20:03:33.306+0000] {processor.py:840} INFO - DAG(s) 'latest_only' retrieved from /home/airflow/.local/lib/python3.12/site-packages/airflow/example_dags/example_latest_only.py
[2025-05-02T20:03:33.321+0000] {logging_mixin.py:188} INFO - [2025-05-02T20:03:33.321+0000] {dag.py:3096} INFO - Sync 1 DAGs
[2025-05-02T20:03:33.447+0000] {logging_mixin.py:188} INFO - [2025-05-02T20:03:33.447+0000] {dag.py:3954} INFO - Setting next_dagrun for latest_only to 2025-05-02 16:00:00+00:00, run_after=2025-05-02 20:00:00+00:00
[2025-05-02T20:03:33.464+0000] {processor.py:183} INFO - Processing /home/airflow/.local/lib/python3.12/site-packages/airflow/example_dags/example_latest_only.py took 0.168 seconds
[2025-05-02T20:04:05.120+0000] {processor.py:161} INFO - Started process (PID=2513) to work on /home/airflow/.local/lib/python3.12/site-packages/airflow/example_dags/example_latest_only.py
[2025-05-02T20:04:05.121+0000] {processor.py:830} INFO - Processing file /home/airflow/.local/lib/python3.12/site-packages/airflow/example_dags/example_latest_only.py for tasks to queue
[2025-05-02T20:04:05.122+0000] {logging_mixin.py:188} INFO - [2025-05-02T20:04:05.122+0000] {dagbag.py:545} INFO - Filling up the DagBag from /home/airflow/.local/lib/python3.12/site-packages/airflow/example_dags/example_latest_only.py
[2025-05-02T20:04:05.128+0000] {processor.py:840} INFO - DAG(s) 'latest_only' retrieved from /home/airflow/.local/lib/python3.12/site-packages/airflow/example_dags/example_latest_only.py
[2025-05-02T20:04:05.143+0000] {logging_mixin.py:188} INFO - [2025-05-02T20:04:05.143+0000] {dag.py:3096} INFO - Sync 1 DAGs
[2025-05-02T20:04:05.163+0000] {logging_mixin.py:188} INFO - [2025-05-02T20:04:05.162+0000] {dag.py:3954} INFO - Setting next_dagrun for latest_only to 2025-05-02 16:00:00+00:00, run_after=2025-05-02 20:00:00+00:00
[2025-05-02T20:04:05.178+0000] {processor.py:183} INFO - Processing /home/airflow/.local/lib/python3.12/site-packages/airflow/example_dags/example_latest_only.py took 0.064 seconds
[2025-05-02T20:04:37.578+0000] {processor.py:161} INFO - Started process (PID=2573) to work on /home/airflow/.local/lib/python3.12/site-packages/airflow/example_dags/example_latest_only.py
[2025-05-02T20:04:37.578+0000] {processor.py:830} INFO - Processing file /home/airflow/.local/lib/python3.12/site-packages/airflow/example_dags/example_latest_only.py for tasks to queue
[2025-05-02T20:04:37.580+0000] {logging_mixin.py:188} INFO - [2025-05-02T20:04:37.579+0000] {dagbag.py:545} INFO - Filling up the DagBag from /home/airflow/.local/lib/python3.12/site-packages/airflow/example_dags/example_latest_only.py
[2025-05-02T20:04:37.585+0000] {processor.py:840} INFO - DAG(s) 'latest_only' retrieved from /home/airflow/.local/lib/python3.12/site-packages/airflow/example_dags/example_latest_only.py
[2025-05-02T20:04:37.602+0000] {logging_mixin.py:188} INFO - [2025-05-02T20:04:37.602+0000] {dag.py:3096} INFO - Sync 1 DAGs
[2025-05-02T20:04:37.624+0000] {logging_mixin.py:188} INFO - [2025-05-02T20:04:37.623+0000] {dag.py:3954} INFO - Setting next_dagrun for latest_only to 2025-05-02 16:00:00+00:00, run_after=2025-05-02 20:00:00+00:00
[2025-05-02T20:04:37.639+0000] {processor.py:183} INFO - Processing /home/airflow/.local/lib/python3.12/site-packages/airflow/example_dags/example_latest_only.py took 0.066 seconds
[2025-05-02T20:05:09.867+0000] {processor.py:161} INFO - Started process (PID=2633) to work on /home/airflow/.local/lib/python3.12/site-packages/airflow/example_dags/example_latest_only.py
[2025-05-02T20:05:09.868+0000] {processor.py:830} INFO - Processing file /home/airflow/.local/lib/python3.12/site-packages/airflow/example_dags/example_latest_only.py for tasks to queue
[2025-05-02T20:05:09.869+0000] {logging_mixin.py:188} INFO - [2025-05-02T20:05:09.869+0000] {dagbag.py:545} INFO - Filling up the DagBag from /home/airflow/.local/lib/python3.12/site-packages/airflow/example_dags/example_latest_only.py
[2025-05-02T20:05:09.873+0000] {processor.py:840} INFO - DAG(s) 'latest_only' retrieved from /home/airflow/.local/lib/python3.12/site-packages/airflow/example_dags/example_latest_only.py
[2025-05-02T20:05:09.888+0000] {logging_mixin.py:188} INFO - [2025-05-02T20:05:09.887+0000] {dag.py:3096} INFO - Sync 1 DAGs
[2025-05-02T20:05:09.905+0000] {logging_mixin.py:188} INFO - [2025-05-02T20:05:09.905+0000] {dag.py:3954} INFO - Setting next_dagrun for latest_only to 2025-05-02 16:00:00+00:00, run_after=2025-05-02 20:00:00+00:00
[2025-05-02T20:05:09.923+0000] {processor.py:183} INFO - Processing /home/airflow/.local/lib/python3.12/site-packages/airflow/example_dags/example_latest_only.py took 0.061 seconds
[2025-05-02T20:05:42.207+0000] {processor.py:161} INFO - Started process (PID=2693) to work on /home/airflow/.local/lib/python3.12/site-packages/airflow/example_dags/example_latest_only.py
[2025-05-02T20:05:42.208+0000] {processor.py:830} INFO - Processing file /home/airflow/.local/lib/python3.12/site-packages/airflow/example_dags/example_latest_only.py for tasks to queue
[2025-05-02T20:05:42.209+0000] {logging_mixin.py:188} INFO - [2025-05-02T20:05:42.209+0000] {dagbag.py:545} INFO - Filling up the DagBag from /home/airflow/.local/lib/python3.12/site-packages/airflow/example_dags/example_latest_only.py
[2025-05-02T20:05:42.213+0000] {processor.py:840} INFO - DAG(s) 'latest_only' retrieved from /home/airflow/.local/lib/python3.12/site-packages/airflow/example_dags/example_latest_only.py
[2025-05-02T20:05:42.227+0000] {logging_mixin.py:188} INFO - [2025-05-02T20:05:42.227+0000] {dag.py:3096} INFO - Sync 1 DAGs
[2025-05-02T20:05:42.243+0000] {logging_mixin.py:188} INFO - [2025-05-02T20:05:42.243+0000] {dag.py:3954} INFO - Setting next_dagrun for latest_only to 2025-05-02 16:00:00+00:00, run_after=2025-05-02 20:00:00+00:00
[2025-05-02T20:05:42.257+0000] {processor.py:183} INFO - Processing /home/airflow/.local/lib/python3.12/site-packages/airflow/example_dags/example_latest_only.py took 0.054 seconds
[2025-05-02T20:06:15.236+0000] {processor.py:161} INFO - Started process (PID=2753) to work on /home/airflow/.local/lib/python3.12/site-packages/airflow/example_dags/example_latest_only.py
[2025-05-02T20:06:15.237+0000] {processor.py:830} INFO - Processing file /home/airflow/.local/lib/python3.12/site-packages/airflow/example_dags/example_latest_only.py for tasks to queue
[2025-05-02T20:06:15.238+0000] {logging_mixin.py:188} INFO - [2025-05-02T20:06:15.238+0000] {dagbag.py:545} INFO - Filling up the DagBag from /home/airflow/.local/lib/python3.12/site-packages/airflow/example_dags/example_latest_only.py
[2025-05-02T20:06:15.241+0000] {processor.py:840} INFO - DAG(s) 'latest_only' retrieved from /home/airflow/.local/lib/python3.12/site-packages/airflow/example_dags/example_latest_only.py
[2025-05-02T20:06:15.254+0000] {logging_mixin.py:188} INFO - [2025-05-02T20:06:15.254+0000] {dag.py:3096} INFO - Sync 1 DAGs
[2025-05-02T20:06:15.270+0000] {logging_mixin.py:188} INFO - [2025-05-02T20:06:15.270+0000] {dag.py:3954} INFO - Setting next_dagrun for latest_only to 2025-05-02 16:00:00+00:00, run_after=2025-05-02 20:00:00+00:00
[2025-05-02T20:06:15.283+0000] {processor.py:183} INFO - Processing /home/airflow/.local/lib/python3.12/site-packages/airflow/example_dags/example_latest_only.py took 0.051 seconds
[2025-05-02T20:06:47.199+0000] {processor.py:161} INFO - Started process (PID=2813) to work on /home/airflow/.local/lib/python3.12/site-packages/airflow/example_dags/example_latest_only.py
[2025-05-02T20:06:47.200+0000] {processor.py:830} INFO - Processing file /home/airflow/.local/lib/python3.12/site-packages/airflow/example_dags/example_latest_only.py for tasks to queue
[2025-05-02T20:06:47.201+0000] {logging_mixin.py:188} INFO - [2025-05-02T20:06:47.201+0000] {dagbag.py:545} INFO - Filling up the DagBag from /home/airflow/.local/lib/python3.12/site-packages/airflow/example_dags/example_latest_only.py
[2025-05-02T20:06:47.205+0000] {processor.py:840} INFO - DAG(s) 'latest_only' retrieved from /home/airflow/.local/lib/python3.12/site-packages/airflow/example_dags/example_latest_only.py
[2025-05-02T20:06:47.229+0000] {logging_mixin.py:188} INFO - [2025-05-02T20:06:47.228+0000] {dag.py:3096} INFO - Sync 1 DAGs
[2025-05-02T20:06:47.252+0000] {logging_mixin.py:188} INFO - [2025-05-02T20:06:47.252+0000] {dag.py:3954} INFO - Setting next_dagrun for latest_only to 2025-05-02 16:00:00+00:00, run_after=2025-05-02 20:00:00+00:00
[2025-05-02T20:06:47.268+0000] {processor.py:183} INFO - Processing /home/airflow/.local/lib/python3.12/site-packages/airflow/example_dags/example_latest_only.py took 0.074 seconds
[2025-05-02T20:07:20.520+0000] {processor.py:161} INFO - Started process (PID=2873) to work on /home/airflow/.local/lib/python3.12/site-packages/airflow/example_dags/example_latest_only.py
[2025-05-02T20:07:20.521+0000] {processor.py:830} INFO - Processing file /home/airflow/.local/lib/python3.12/site-packages/airflow/example_dags/example_latest_only.py for tasks to queue
[2025-05-02T20:07:20.523+0000] {logging_mixin.py:188} INFO - [2025-05-02T20:07:20.523+0000] {dagbag.py:545} INFO - Filling up the DagBag from /home/airflow/.local/lib/python3.12/site-packages/airflow/example_dags/example_latest_only.py
[2025-05-02T20:07:20.527+0000] {processor.py:840} INFO - DAG(s) 'latest_only' retrieved from /home/airflow/.local/lib/python3.12/site-packages/airflow/example_dags/example_latest_only.py
[2025-05-02T20:07:20.544+0000] {logging_mixin.py:188} INFO - [2025-05-02T20:07:20.543+0000] {dag.py:3096} INFO - Sync 1 DAGs
[2025-05-02T20:07:20.569+0000] {logging_mixin.py:188} INFO - [2025-05-02T20:07:20.569+0000] {dag.py:3954} INFO - Setting next_dagrun for latest_only to 2025-05-02 16:00:00+00:00, run_after=2025-05-02 20:00:00+00:00
[2025-05-02T20:07:20.586+0000] {processor.py:183} INFO - Processing /home/airflow/.local/lib/python3.12/site-packages/airflow/example_dags/example_latest_only.py took 0.070 seconds
[2025-05-02T20:07:52.940+0000] {processor.py:161} INFO - Started process (PID=2934) to work on /home/airflow/.local/lib/python3.12/site-packages/airflow/example_dags/example_latest_only.py
[2025-05-02T20:07:52.941+0000] {processor.py:830} INFO - Processing file /home/airflow/.local/lib/python3.12/site-packages/airflow/example_dags/example_latest_only.py for tasks to queue
[2025-05-02T20:07:52.943+0000] {logging_mixin.py:188} INFO - [2025-05-02T20:07:52.942+0000] {dagbag.py:545} INFO - Filling up the DagBag from /home/airflow/.local/lib/python3.12/site-packages/airflow/example_dags/example_latest_only.py
[2025-05-02T20:07:52.946+0000] {processor.py:840} INFO - DAG(s) 'latest_only' retrieved from /home/airflow/.local/lib/python3.12/site-packages/airflow/example_dags/example_latest_only.py
[2025-05-02T20:07:52.962+0000] {logging_mixin.py:188} INFO - [2025-05-02T20:07:52.962+0000] {dag.py:3096} INFO - Sync 1 DAGs
[2025-05-02T20:07:52.982+0000] {logging_mixin.py:188} INFO - [2025-05-02T20:07:52.982+0000] {dag.py:3954} INFO - Setting next_dagrun for latest_only to 2025-05-02 16:00:00+00:00, run_after=2025-05-02 20:00:00+00:00
[2025-05-02T20:07:52.997+0000] {processor.py:183} INFO - Processing /home/airflow/.local/lib/python3.12/site-packages/airflow/example_dags/example_latest_only.py took 0.062 seconds
[2025-05-02T20:08:25.163+0000] {processor.py:161} INFO - Started process (PID=2994) to work on /home/airflow/.local/lib/python3.12/site-packages/airflow/example_dags/example_latest_only.py
[2025-05-02T20:08:25.164+0000] {processor.py:830} INFO - Processing file /home/airflow/.local/lib/python3.12/site-packages/airflow/example_dags/example_latest_only.py for tasks to queue
[2025-05-02T20:08:25.166+0000] {logging_mixin.py:188} INFO - [2025-05-02T20:08:25.165+0000] {dagbag.py:545} INFO - Filling up the DagBag from /home/airflow/.local/lib/python3.12/site-packages/airflow/example_dags/example_latest_only.py
[2025-05-02T20:08:25.169+0000] {processor.py:840} INFO - DAG(s) 'latest_only' retrieved from /home/airflow/.local/lib/python3.12/site-packages/airflow/example_dags/example_latest_only.py
[2025-05-02T20:08:25.186+0000] {logging_mixin.py:188} INFO - [2025-05-02T20:08:25.186+0000] {dag.py:3096} INFO - Sync 1 DAGs
[2025-05-02T20:08:25.203+0000] {logging_mixin.py:188} INFO - [2025-05-02T20:08:25.203+0000] {dag.py:3954} INFO - Setting next_dagrun for latest_only to 2025-05-02 16:00:00+00:00, run_after=2025-05-02 20:00:00+00:00
[2025-05-02T20:08:25.218+0000] {processor.py:183} INFO - Processing /home/airflow/.local/lib/python3.12/site-packages/airflow/example_dags/example_latest_only.py took 0.060 seconds
[2025-05-02T20:08:58.381+0000] {processor.py:161} INFO - Started process (PID=3054) to work on /home/airflow/.local/lib/python3.12/site-packages/airflow/example_dags/example_latest_only.py
[2025-05-02T20:08:58.382+0000] {processor.py:830} INFO - Processing file /home/airflow/.local/lib/python3.12/site-packages/airflow/example_dags/example_latest_only.py for tasks to queue
[2025-05-02T20:08:58.383+0000] {logging_mixin.py:188} INFO - [2025-05-02T20:08:58.383+0000] {dagbag.py:545} INFO - Filling up the DagBag from /home/airflow/.local/lib/python3.12/site-packages/airflow/example_dags/example_latest_only.py
[2025-05-02T20:08:58.388+0000] {processor.py:840} INFO - DAG(s) 'latest_only' retrieved from /home/airflow/.local/lib/python3.12/site-packages/airflow/example_dags/example_latest_only.py
[2025-05-02T20:08:58.403+0000] {logging_mixin.py:188} INFO - [2025-05-02T20:08:58.403+0000] {dag.py:3096} INFO - Sync 1 DAGs
[2025-05-02T20:08:58.420+0000] {logging_mixin.py:188} INFO - [2025-05-02T20:08:58.419+0000] {dag.py:3954} INFO - Setting next_dagrun for latest_only to 2025-05-02 16:00:00+00:00, run_after=2025-05-02 20:00:00+00:00
[2025-05-02T20:08:58.436+0000] {processor.py:183} INFO - Processing /home/airflow/.local/lib/python3.12/site-packages/airflow/example_dags/example_latest_only.py took 0.059 seconds
[2025-05-02T20:09:31.102+0000] {processor.py:161} INFO - Started process (PID=3114) to work on /home/airflow/.local/lib/python3.12/site-packages/airflow/example_dags/example_latest_only.py
[2025-05-02T20:09:31.103+0000] {processor.py:830} INFO - Processing file /home/airflow/.local/lib/python3.12/site-packages/airflow/example_dags/example_latest_only.py for tasks to queue
[2025-05-02T20:09:31.105+0000] {logging_mixin.py:188} INFO - [2025-05-02T20:09:31.104+0000] {dagbag.py:545} INFO - Filling up the DagBag from /home/airflow/.local/lib/python3.12/site-packages/airflow/example_dags/example_latest_only.py
[2025-05-02T20:09:31.108+0000] {processor.py:840} INFO - DAG(s) 'latest_only' retrieved from /home/airflow/.local/lib/python3.12/site-packages/airflow/example_dags/example_latest_only.py
[2025-05-02T20:09:31.123+0000] {logging_mixin.py:188} INFO - [2025-05-02T20:09:31.123+0000] {dag.py:3096} INFO - Sync 1 DAGs
[2025-05-02T20:09:31.139+0000] {logging_mixin.py:188} INFO - [2025-05-02T20:09:31.139+0000] {dag.py:3954} INFO - Setting next_dagrun for latest_only to 2025-05-02 16:00:00+00:00, run_after=2025-05-02 20:00:00+00:00
[2025-05-02T20:09:31.154+0000] {processor.py:183} INFO - Processing /home/airflow/.local/lib/python3.12/site-packages/airflow/example_dags/example_latest_only.py took 0.055 seconds
[2025-05-02T20:10:03.406+0000] {processor.py:161} INFO - Started process (PID=3174) to work on /home/airflow/.local/lib/python3.12/site-packages/airflow/example_dags/example_latest_only.py
[2025-05-02T20:10:03.407+0000] {processor.py:830} INFO - Processing file /home/airflow/.local/lib/python3.12/site-packages/airflow/example_dags/example_latest_only.py for tasks to queue
[2025-05-02T20:10:03.409+0000] {logging_mixin.py:188} INFO - [2025-05-02T20:10:03.409+0000] {dagbag.py:545} INFO - Filling up the DagBag from /home/airflow/.local/lib/python3.12/site-packages/airflow/example_dags/example_latest_only.py
[2025-05-02T20:10:03.413+0000] {processor.py:840} INFO - DAG(s) 'latest_only' retrieved from /home/airflow/.local/lib/python3.12/site-packages/airflow/example_dags/example_latest_only.py
[2025-05-02T20:10:03.427+0000] {logging_mixin.py:188} INFO - [2025-05-02T20:10:03.427+0000] {dag.py:3096} INFO - Sync 1 DAGs
[2025-05-02T20:10:03.444+0000] {logging_mixin.py:188} INFO - [2025-05-02T20:10:03.443+0000] {dag.py:3954} INFO - Setting next_dagrun for latest_only to 2025-05-02 16:00:00+00:00, run_after=2025-05-02 20:00:00+00:00
[2025-05-02T20:10:03.458+0000] {processor.py:183} INFO - Processing /home/airflow/.local/lib/python3.12/site-packages/airflow/example_dags/example_latest_only.py took 0.056 seconds
[2025-05-02T20:10:35.277+0000] {processor.py:161} INFO - Started process (PID=3234) to work on /home/airflow/.local/lib/python3.12/site-packages/airflow/example_dags/example_latest_only.py
[2025-05-02T20:10:35.278+0000] {processor.py:830} INFO - Processing file /home/airflow/.local/lib/python3.12/site-packages/airflow/example_dags/example_latest_only.py for tasks to queue
[2025-05-02T20:10:35.280+0000] {logging_mixin.py:188} INFO - [2025-05-02T20:10:35.280+0000] {dagbag.py:545} INFO - Filling up the DagBag from /home/airflow/.local/lib/python3.12/site-packages/airflow/example_dags/example_latest_only.py
[2025-05-02T20:10:35.285+0000] {processor.py:840} INFO - DAG(s) 'latest_only' retrieved from /home/airflow/.local/lib/python3.12/site-packages/airflow/example_dags/example_latest_only.py
[2025-05-02T20:10:35.301+0000] {logging_mixin.py:188} INFO - [2025-05-02T20:10:35.300+0000] {dag.py:3096} INFO - Sync 1 DAGs
[2025-05-02T20:10:35.316+0000] {logging_mixin.py:188} INFO - [2025-05-02T20:10:35.316+0000] {dag.py:3954} INFO - Setting next_dagrun for latest_only to 2025-05-02 16:00:00+00:00, run_after=2025-05-02 20:00:00+00:00
[2025-05-02T20:10:35.329+0000] {processor.py:183} INFO - Processing /home/airflow/.local/lib/python3.12/site-packages/airflow/example_dags/example_latest_only.py took 0.056 seconds
[2025-05-02T20:11:08.588+0000] {processor.py:161} INFO - Started process (PID=3294) to work on /home/airflow/.local/lib/python3.12/site-packages/airflow/example_dags/example_latest_only.py
[2025-05-02T20:11:08.589+0000] {processor.py:830} INFO - Processing file /home/airflow/.local/lib/python3.12/site-packages/airflow/example_dags/example_latest_only.py for tasks to queue
[2025-05-02T20:11:08.590+0000] {logging_mixin.py:188} INFO - [2025-05-02T20:11:08.590+0000] {dagbag.py:545} INFO - Filling up the DagBag from /home/airflow/.local/lib/python3.12/site-packages/airflow/example_dags/example_latest_only.py
[2025-05-02T20:11:08.594+0000] {processor.py:840} INFO - DAG(s) 'latest_only' retrieved from /home/airflow/.local/lib/python3.12/site-packages/airflow/example_dags/example_latest_only.py
[2025-05-02T20:11:08.607+0000] {logging_mixin.py:188} INFO - [2025-05-02T20:11:08.607+0000] {dag.py:3096} INFO - Sync 1 DAGs
[2025-05-02T20:11:08.625+0000] {logging_mixin.py:188} INFO - [2025-05-02T20:11:08.625+0000] {dag.py:3954} INFO - Setting next_dagrun for latest_only to 2025-05-02 16:00:00+00:00, run_after=2025-05-02 20:00:00+00:00
[2025-05-02T20:11:08.639+0000] {processor.py:183} INFO - Processing /home/airflow/.local/lib/python3.12/site-packages/airflow/example_dags/example_latest_only.py took 0.055 seconds
[2025-05-02T20:11:40.563+0000] {processor.py:161} INFO - Started process (PID=3354) to work on /home/airflow/.local/lib/python3.12/site-packages/airflow/example_dags/example_latest_only.py
[2025-05-02T20:11:40.563+0000] {processor.py:830} INFO - Processing file /home/airflow/.local/lib/python3.12/site-packages/airflow/example_dags/example_latest_only.py for tasks to queue
[2025-05-02T20:11:40.566+0000] {logging_mixin.py:188} INFO - [2025-05-02T20:11:40.565+0000] {dagbag.py:545} INFO - Filling up the DagBag from /home/airflow/.local/lib/python3.12/site-packages/airflow/example_dags/example_latest_only.py
[2025-05-02T20:11:40.571+0000] {processor.py:840} INFO - DAG(s) 'latest_only' retrieved from /home/airflow/.local/lib/python3.12/site-packages/airflow/example_dags/example_latest_only.py
[2025-05-02T20:11:40.589+0000] {logging_mixin.py:188} INFO - [2025-05-02T20:11:40.589+0000] {dag.py:3096} INFO - Sync 1 DAGs
[2025-05-02T20:11:40.611+0000] {logging_mixin.py:188} INFO - [2025-05-02T20:11:40.610+0000] {dag.py:3954} INFO - Setting next_dagrun for latest_only to 2025-05-02 16:00:00+00:00, run_after=2025-05-02 20:00:00+00:00
[2025-05-02T20:11:40.629+0000] {processor.py:183} INFO - Processing /home/airflow/.local/lib/python3.12/site-packages/airflow/example_dags/example_latest_only.py took 0.072 seconds
[2025-05-02T20:12:13.734+0000] {processor.py:161} INFO - Started process (PID=3414) to work on /home/airflow/.local/lib/python3.12/site-packages/airflow/example_dags/example_latest_only.py
[2025-05-02T20:12:13.734+0000] {processor.py:830} INFO - Processing file /home/airflow/.local/lib/python3.12/site-packages/airflow/example_dags/example_latest_only.py for tasks to queue
[2025-05-02T20:12:13.736+0000] {logging_mixin.py:188} INFO - [2025-05-02T20:12:13.735+0000] {dagbag.py:545} INFO - Filling up the DagBag from /home/airflow/.local/lib/python3.12/site-packages/airflow/example_dags/example_latest_only.py
[2025-05-02T20:12:13.739+0000] {processor.py:840} INFO - DAG(s) 'latest_only' retrieved from /home/airflow/.local/lib/python3.12/site-packages/airflow/example_dags/example_latest_only.py
[2025-05-02T20:12:13.752+0000] {logging_mixin.py:188} INFO - [2025-05-02T20:12:13.751+0000] {dag.py:3096} INFO - Sync 1 DAGs
[2025-05-02T20:12:13.766+0000] {logging_mixin.py:188} INFO - [2025-05-02T20:12:13.766+0000] {dag.py:3954} INFO - Setting next_dagrun for latest_only to 2025-05-02 16:00:00+00:00, run_after=2025-05-02 20:00:00+00:00
[2025-05-02T20:12:13.780+0000] {processor.py:183} INFO - Processing /home/airflow/.local/lib/python3.12/site-packages/airflow/example_dags/example_latest_only.py took 0.051 seconds
[2025-05-02T20:12:45.955+0000] {processor.py:161} INFO - Started process (PID=3474) to work on /home/airflow/.local/lib/python3.12/site-packages/airflow/example_dags/example_latest_only.py
[2025-05-02T20:12:45.955+0000] {processor.py:830} INFO - Processing file /home/airflow/.local/lib/python3.12/site-packages/airflow/example_dags/example_latest_only.py for tasks to queue
[2025-05-02T20:12:45.957+0000] {logging_mixin.py:188} INFO - [2025-05-02T20:12:45.956+0000] {dagbag.py:545} INFO - Filling up the DagBag from /home/airflow/.local/lib/python3.12/site-packages/airflow/example_dags/example_latest_only.py
[2025-05-02T20:12:45.960+0000] {processor.py:840} INFO - DAG(s) 'latest_only' retrieved from /home/airflow/.local/lib/python3.12/site-packages/airflow/example_dags/example_latest_only.py
[2025-05-02T20:12:45.974+0000] {logging_mixin.py:188} INFO - [2025-05-02T20:12:45.973+0000] {dag.py:3096} INFO - Sync 1 DAGs
[2025-05-02T20:12:45.990+0000] {logging_mixin.py:188} INFO - [2025-05-02T20:12:45.990+0000] {dag.py:3954} INFO - Setting next_dagrun for latest_only to 2025-05-02 16:00:00+00:00, run_after=2025-05-02 20:00:00+00:00
[2025-05-02T20:12:46.001+0000] {processor.py:183} INFO - Processing /home/airflow/.local/lib/python3.12/site-packages/airflow/example_dags/example_latest_only.py took 0.051 seconds
