[2025-05-02T19:42:22.923+0000] {processor.py:161} INFO - Started process (PID=77) to work on /home/airflow/.local/lib/python3.12/site-packages/airflow/example_dags/example_sensors.py
[2025-05-02T19:42:22.924+0000] {processor.py:830} INFO - Processing file /home/airflow/.local/lib/python3.12/site-packages/airflow/example_dags/example_sensors.py for tasks to queue
[2025-05-02T19:42:22.926+0000] {logging_mixin.py:188} INFO - [2025-05-02T19:42:22.926+0000] {dagbag.py:545} INFO - Filling up the DagBag from /home/airflow/.local/lib/python3.12/site-packages/airflow/example_dags/example_sensors.py
[2025-05-02T19:42:22.933+0000] {processor.py:840} INFO - DAG(s) 'example_sensors' retrieved from /home/airflow/.local/lib/python3.12/site-packages/airflow/example_dags/example_sensors.py
[2025-05-02T19:42:23.021+0000] {logging_mixin.py:188} INFO - [2025-05-02T19:42:23.020+0000] {override.py:1829} INFO - Created Permission View: can edit on DAG:example_sensors
[2025-05-02T19:42:23.030+0000] {logging_mixin.py:188} INFO - [2025-05-02T19:42:23.030+0000] {override.py:1829} INFO - Created Permission View: can read on DAG:example_sensors
[2025-05-02T19:42:23.035+0000] {logging_mixin.py:188} INFO - [2025-05-02T19:42:23.035+0000] {override.py:1829} INFO - Created Permission View: can delete on DAG:example_sensors
[2025-05-02T19:42:23.036+0000] {logging_mixin.py:188} INFO - [2025-05-02T19:42:23.036+0000] {dag.py:3096} INFO - Sync 1 DAGs
[2025-05-02T19:42:23.044+0000] {logging_mixin.py:188} INFO - [2025-05-02T19:42:23.044+0000] {dag.py:3118} INFO - Creating ORM DAG for example_sensors
[2025-05-02T19:42:23.045+0000] {logging_mixin.py:188} INFO - [2025-05-02T19:42:23.045+0000] {dag.py:3954} INFO - Setting next_dagrun for example_sensors to None, run_after=None
[2025-05-02T19:42:23.060+0000] {processor.py:183} INFO - Processing /home/airflow/.local/lib/python3.12/site-packages/airflow/example_dags/example_sensors.py took 0.142 seconds
[2025-05-02T19:42:54.026+0000] {processor.py:161} INFO - Started process (PID=137) to work on /home/airflow/.local/lib/python3.12/site-packages/airflow/example_dags/example_sensors.py
[2025-05-02T19:42:54.028+0000] {processor.py:830} INFO - Processing file /home/airflow/.local/lib/python3.12/site-packages/airflow/example_dags/example_sensors.py for tasks to queue
[2025-05-02T19:42:54.030+0000] {logging_mixin.py:188} INFO - [2025-05-02T19:42:54.029+0000] {dagbag.py:545} INFO - Filling up the DagBag from /home/airflow/.local/lib/python3.12/site-packages/airflow/example_dags/example_sensors.py
[2025-05-02T19:42:54.040+0000] {processor.py:840} INFO - DAG(s) 'example_sensors' retrieved from /home/airflow/.local/lib/python3.12/site-packages/airflow/example_dags/example_sensors.py
[2025-05-02T19:42:54.074+0000] {logging_mixin.py:188} INFO - [2025-05-02T19:42:54.074+0000] {dag.py:3096} INFO - Sync 1 DAGs
[2025-05-02T19:42:54.092+0000] {logging_mixin.py:188} INFO - [2025-05-02T19:42:54.092+0000] {dag.py:3954} INFO - Setting next_dagrun for example_sensors to None, run_after=None
[2025-05-02T19:42:54.111+0000] {processor.py:183} INFO - Processing /home/airflow/.local/lib/python3.12/site-packages/airflow/example_dags/example_sensors.py took 0.090 seconds
[2025-05-02T19:43:24.250+0000] {processor.py:161} INFO - Started process (PID=197) to work on /home/airflow/.local/lib/python3.12/site-packages/airflow/example_dags/example_sensors.py
[2025-05-02T19:43:24.251+0000] {processor.py:830} INFO - Processing file /home/airflow/.local/lib/python3.12/site-packages/airflow/example_dags/example_sensors.py for tasks to queue
[2025-05-02T19:43:24.252+0000] {logging_mixin.py:188} INFO - [2025-05-02T19:43:24.252+0000] {dagbag.py:545} INFO - Filling up the DagBag from /home/airflow/.local/lib/python3.12/site-packages/airflow/example_dags/example_sensors.py
[2025-05-02T19:43:24.260+0000] {processor.py:840} INFO - DAG(s) 'example_sensors' retrieved from /home/airflow/.local/lib/python3.12/site-packages/airflow/example_dags/example_sensors.py
[2025-05-02T19:43:24.285+0000] {logging_mixin.py:188} INFO - [2025-05-02T19:43:24.285+0000] {dag.py:3096} INFO - Sync 1 DAGs
[2025-05-02T19:43:24.296+0000] {logging_mixin.py:188} INFO - [2025-05-02T19:43:24.296+0000] {dag.py:3954} INFO - Setting next_dagrun for example_sensors to None, run_after=None
[2025-05-02T19:43:24.315+0000] {processor.py:183} INFO - Processing /home/airflow/.local/lib/python3.12/site-packages/airflow/example_dags/example_sensors.py took 0.069 seconds
[2025-05-02T19:43:55.082+0000] {processor.py:161} INFO - Started process (PID=257) to work on /home/airflow/.local/lib/python3.12/site-packages/airflow/example_dags/example_sensors.py
[2025-05-02T19:43:55.083+0000] {processor.py:830} INFO - Processing file /home/airflow/.local/lib/python3.12/site-packages/airflow/example_dags/example_sensors.py for tasks to queue
[2025-05-02T19:43:55.084+0000] {logging_mixin.py:188} INFO - [2025-05-02T19:43:55.084+0000] {dagbag.py:545} INFO - Filling up the DagBag from /home/airflow/.local/lib/python3.12/site-packages/airflow/example_dags/example_sensors.py
[2025-05-02T19:43:55.090+0000] {processor.py:840} INFO - DAG(s) 'example_sensors' retrieved from /home/airflow/.local/lib/python3.12/site-packages/airflow/example_dags/example_sensors.py
[2025-05-02T19:43:55.112+0000] {logging_mixin.py:188} INFO - [2025-05-02T19:43:55.111+0000] {dag.py:3096} INFO - Sync 1 DAGs
[2025-05-02T19:43:55.122+0000] {logging_mixin.py:188} INFO - [2025-05-02T19:43:55.122+0000] {dag.py:3954} INFO - Setting next_dagrun for example_sensors to None, run_after=None
[2025-05-02T19:43:55.136+0000] {processor.py:183} INFO - Processing /home/airflow/.local/lib/python3.12/site-packages/airflow/example_dags/example_sensors.py took 0.059 seconds
[2025-05-02T19:44:26.026+0000] {processor.py:161} INFO - Started process (PID=317) to work on /home/airflow/.local/lib/python3.12/site-packages/airflow/example_dags/example_sensors.py
[2025-05-02T19:44:26.027+0000] {processor.py:830} INFO - Processing file /home/airflow/.local/lib/python3.12/site-packages/airflow/example_dags/example_sensors.py for tasks to queue
[2025-05-02T19:44:26.029+0000] {logging_mixin.py:188} INFO - [2025-05-02T19:44:26.028+0000] {dagbag.py:545} INFO - Filling up the DagBag from /home/airflow/.local/lib/python3.12/site-packages/airflow/example_dags/example_sensors.py
[2025-05-02T19:44:26.044+0000] {processor.py:840} INFO - DAG(s) 'example_sensors' retrieved from /home/airflow/.local/lib/python3.12/site-packages/airflow/example_dags/example_sensors.py
[2025-05-02T19:44:26.070+0000] {logging_mixin.py:188} INFO - [2025-05-02T19:44:26.070+0000] {dag.py:3096} INFO - Sync 1 DAGs
[2025-05-02T19:44:26.086+0000] {logging_mixin.py:188} INFO - [2025-05-02T19:44:26.085+0000] {dag.py:3954} INFO - Setting next_dagrun for example_sensors to None, run_after=None
[2025-05-02T19:44:26.103+0000] {processor.py:183} INFO - Processing /home/airflow/.local/lib/python3.12/site-packages/airflow/example_dags/example_sensors.py took 0.083 seconds
[2025-05-02T19:44:56.155+0000] {processor.py:161} INFO - Started process (PID=377) to work on /home/airflow/.local/lib/python3.12/site-packages/airflow/example_dags/example_sensors.py
[2025-05-02T19:44:56.156+0000] {processor.py:830} INFO - Processing file /home/airflow/.local/lib/python3.12/site-packages/airflow/example_dags/example_sensors.py for tasks to queue
[2025-05-02T19:44:56.162+0000] {logging_mixin.py:188} INFO - [2025-05-02T19:44:56.161+0000] {dagbag.py:545} INFO - Filling up the DagBag from /home/airflow/.local/lib/python3.12/site-packages/airflow/example_dags/example_sensors.py
[2025-05-02T19:44:56.173+0000] {processor.py:840} INFO - DAG(s) 'example_sensors' retrieved from /home/airflow/.local/lib/python3.12/site-packages/airflow/example_dags/example_sensors.py
[2025-05-02T19:44:56.219+0000] {logging_mixin.py:188} INFO - [2025-05-02T19:44:56.219+0000] {dag.py:3096} INFO - Sync 1 DAGs
[2025-05-02T19:44:56.241+0000] {logging_mixin.py:188} INFO - [2025-05-02T19:44:56.241+0000] {dag.py:3954} INFO - Setting next_dagrun for example_sensors to None, run_after=None
[2025-05-02T19:44:56.267+0000] {processor.py:183} INFO - Processing /home/airflow/.local/lib/python3.12/site-packages/airflow/example_dags/example_sensors.py took 0.118 seconds
[2025-05-02T19:45:27.182+0000] {processor.py:161} INFO - Started process (PID=437) to work on /home/airflow/.local/lib/python3.12/site-packages/airflow/example_dags/example_sensors.py
[2025-05-02T19:45:27.183+0000] {processor.py:830} INFO - Processing file /home/airflow/.local/lib/python3.12/site-packages/airflow/example_dags/example_sensors.py for tasks to queue
[2025-05-02T19:45:27.185+0000] {logging_mixin.py:188} INFO - [2025-05-02T19:45:27.184+0000] {dagbag.py:545} INFO - Filling up the DagBag from /home/airflow/.local/lib/python3.12/site-packages/airflow/example_dags/example_sensors.py
[2025-05-02T19:45:27.193+0000] {processor.py:840} INFO - DAG(s) 'example_sensors' retrieved from /home/airflow/.local/lib/python3.12/site-packages/airflow/example_dags/example_sensors.py
[2025-05-02T19:45:27.213+0000] {logging_mixin.py:188} INFO - [2025-05-02T19:45:27.213+0000] {dag.py:3096} INFO - Sync 1 DAGs
[2025-05-02T19:45:27.222+0000] {logging_mixin.py:188} INFO - [2025-05-02T19:45:27.222+0000] {dag.py:3954} INFO - Setting next_dagrun for example_sensors to None, run_after=None
[2025-05-02T19:45:27.238+0000] {processor.py:183} INFO - Processing /home/airflow/.local/lib/python3.12/site-packages/airflow/example_dags/example_sensors.py took 0.060 seconds
[2025-05-02T19:45:57.798+0000] {processor.py:161} INFO - Started process (PID=497) to work on /home/airflow/.local/lib/python3.12/site-packages/airflow/example_dags/example_sensors.py
[2025-05-02T19:45:57.799+0000] {processor.py:830} INFO - Processing file /home/airflow/.local/lib/python3.12/site-packages/airflow/example_dags/example_sensors.py for tasks to queue
[2025-05-02T19:45:57.800+0000] {logging_mixin.py:188} INFO - [2025-05-02T19:45:57.800+0000] {dagbag.py:545} INFO - Filling up the DagBag from /home/airflow/.local/lib/python3.12/site-packages/airflow/example_dags/example_sensors.py
[2025-05-02T19:45:57.806+0000] {processor.py:840} INFO - DAG(s) 'example_sensors' retrieved from /home/airflow/.local/lib/python3.12/site-packages/airflow/example_dags/example_sensors.py
[2025-05-02T19:45:57.824+0000] {logging_mixin.py:188} INFO - [2025-05-02T19:45:57.824+0000] {dag.py:3096} INFO - Sync 1 DAGs
[2025-05-02T19:45:57.836+0000] {logging_mixin.py:188} INFO - [2025-05-02T19:45:57.836+0000] {dag.py:3954} INFO - Setting next_dagrun for example_sensors to None, run_after=None
[2025-05-02T19:45:57.855+0000] {processor.py:183} INFO - Processing /home/airflow/.local/lib/python3.12/site-packages/airflow/example_dags/example_sensors.py took 0.060 seconds
[2025-05-02T19:46:28.800+0000] {processor.py:161} INFO - Started process (PID=557) to work on /home/airflow/.local/lib/python3.12/site-packages/airflow/example_dags/example_sensors.py
[2025-05-02T19:46:28.801+0000] {processor.py:830} INFO - Processing file /home/airflow/.local/lib/python3.12/site-packages/airflow/example_dags/example_sensors.py for tasks to queue
[2025-05-02T19:46:28.802+0000] {logging_mixin.py:188} INFO - [2025-05-02T19:46:28.802+0000] {dagbag.py:545} INFO - Filling up the DagBag from /home/airflow/.local/lib/python3.12/site-packages/airflow/example_dags/example_sensors.py
[2025-05-02T19:46:28.810+0000] {processor.py:840} INFO - DAG(s) 'example_sensors' retrieved from /home/airflow/.local/lib/python3.12/site-packages/airflow/example_dags/example_sensors.py
[2025-05-02T19:46:28.833+0000] {logging_mixin.py:188} INFO - [2025-05-02T19:46:28.833+0000] {dag.py:3096} INFO - Sync 1 DAGs
[2025-05-02T19:46:28.842+0000] {logging_mixin.py:188} INFO - [2025-05-02T19:46:28.842+0000] {dag.py:3954} INFO - Setting next_dagrun for example_sensors to None, run_after=None
[2025-05-02T19:46:28.856+0000] {processor.py:183} INFO - Processing /home/airflow/.local/lib/python3.12/site-packages/airflow/example_dags/example_sensors.py took 0.062 seconds
[2025-05-02T19:46:59.184+0000] {processor.py:161} INFO - Started process (PID=617) to work on /home/airflow/.local/lib/python3.12/site-packages/airflow/example_dags/example_sensors.py
[2025-05-02T19:46:59.184+0000] {processor.py:830} INFO - Processing file /home/airflow/.local/lib/python3.12/site-packages/airflow/example_dags/example_sensors.py for tasks to queue
[2025-05-02T19:46:59.186+0000] {logging_mixin.py:188} INFO - [2025-05-02T19:46:59.186+0000] {dagbag.py:545} INFO - Filling up the DagBag from /home/airflow/.local/lib/python3.12/site-packages/airflow/example_dags/example_sensors.py
[2025-05-02T19:46:59.192+0000] {processor.py:840} INFO - DAG(s) 'example_sensors' retrieved from /home/airflow/.local/lib/python3.12/site-packages/airflow/example_dags/example_sensors.py
[2025-05-02T19:46:59.209+0000] {logging_mixin.py:188} INFO - [2025-05-02T19:46:59.208+0000] {dag.py:3096} INFO - Sync 1 DAGs
[2025-05-02T19:46:59.217+0000] {logging_mixin.py:188} INFO - [2025-05-02T19:46:59.217+0000] {dag.py:3954} INFO - Setting next_dagrun for example_sensors to None, run_after=None
[2025-05-02T19:46:59.248+0000] {processor.py:183} INFO - Processing /home/airflow/.local/lib/python3.12/site-packages/airflow/example_dags/example_sensors.py took 0.068 seconds
[2025-05-02T19:47:29.566+0000] {processor.py:161} INFO - Started process (PID=677) to work on /home/airflow/.local/lib/python3.12/site-packages/airflow/example_dags/example_sensors.py
[2025-05-02T19:47:29.567+0000] {processor.py:830} INFO - Processing file /home/airflow/.local/lib/python3.12/site-packages/airflow/example_dags/example_sensors.py for tasks to queue
[2025-05-02T19:47:29.569+0000] {logging_mixin.py:188} INFO - [2025-05-02T19:47:29.568+0000] {dagbag.py:545} INFO - Filling up the DagBag from /home/airflow/.local/lib/python3.12/site-packages/airflow/example_dags/example_sensors.py
[2025-05-02T19:47:29.578+0000] {processor.py:840} INFO - DAG(s) 'example_sensors' retrieved from /home/airflow/.local/lib/python3.12/site-packages/airflow/example_dags/example_sensors.py
[2025-05-02T19:47:29.600+0000] {logging_mixin.py:188} INFO - [2025-05-02T19:47:29.600+0000] {dag.py:3096} INFO - Sync 1 DAGs
[2025-05-02T19:47:29.612+0000] {logging_mixin.py:188} INFO - [2025-05-02T19:47:29.612+0000] {dag.py:3954} INFO - Setting next_dagrun for example_sensors to None, run_after=None
[2025-05-02T19:47:29.631+0000] {processor.py:183} INFO - Processing /home/airflow/.local/lib/python3.12/site-packages/airflow/example_dags/example_sensors.py took 0.072 seconds
[2025-05-02T19:48:00.041+0000] {processor.py:161} INFO - Started process (PID=737) to work on /home/airflow/.local/lib/python3.12/site-packages/airflow/example_dags/example_sensors.py
[2025-05-02T19:48:00.042+0000] {processor.py:830} INFO - Processing file /home/airflow/.local/lib/python3.12/site-packages/airflow/example_dags/example_sensors.py for tasks to queue
[2025-05-02T19:48:00.043+0000] {logging_mixin.py:188} INFO - [2025-05-02T19:48:00.043+0000] {dagbag.py:545} INFO - Filling up the DagBag from /home/airflow/.local/lib/python3.12/site-packages/airflow/example_dags/example_sensors.py
[2025-05-02T19:48:00.051+0000] {processor.py:840} INFO - DAG(s) 'example_sensors' retrieved from /home/airflow/.local/lib/python3.12/site-packages/airflow/example_dags/example_sensors.py
[2025-05-02T19:48:00.070+0000] {logging_mixin.py:188} INFO - [2025-05-02T19:48:00.070+0000] {dag.py:3096} INFO - Sync 1 DAGs
[2025-05-02T19:48:00.081+0000] {logging_mixin.py:188} INFO - [2025-05-02T19:48:00.081+0000] {dag.py:3954} INFO - Setting next_dagrun for example_sensors to None, run_after=None
[2025-05-02T19:48:00.099+0000] {processor.py:183} INFO - Processing /home/airflow/.local/lib/python3.12/site-packages/airflow/example_dags/example_sensors.py took 0.062 seconds
[2025-05-02T19:48:30.315+0000] {processor.py:161} INFO - Started process (PID=797) to work on /home/airflow/.local/lib/python3.12/site-packages/airflow/example_dags/example_sensors.py
[2025-05-02T19:48:30.316+0000] {processor.py:830} INFO - Processing file /home/airflow/.local/lib/python3.12/site-packages/airflow/example_dags/example_sensors.py for tasks to queue
[2025-05-02T19:48:30.317+0000] {logging_mixin.py:188} INFO - [2025-05-02T19:48:30.317+0000] {dagbag.py:545} INFO - Filling up the DagBag from /home/airflow/.local/lib/python3.12/site-packages/airflow/example_dags/example_sensors.py
[2025-05-02T19:48:30.327+0000] {processor.py:840} INFO - DAG(s) 'example_sensors' retrieved from /home/airflow/.local/lib/python3.12/site-packages/airflow/example_dags/example_sensors.py
[2025-05-02T19:48:30.350+0000] {logging_mixin.py:188} INFO - [2025-05-02T19:48:30.350+0000] {dag.py:3096} INFO - Sync 1 DAGs
[2025-05-02T19:48:30.363+0000] {logging_mixin.py:188} INFO - [2025-05-02T19:48:30.363+0000] {dag.py:3954} INFO - Setting next_dagrun for example_sensors to None, run_after=None
[2025-05-02T19:48:30.380+0000] {processor.py:183} INFO - Processing /home/airflow/.local/lib/python3.12/site-packages/airflow/example_dags/example_sensors.py took 0.070 seconds
[2025-05-02T19:49:00.762+0000] {processor.py:161} INFO - Started process (PID=851) to work on /home/airflow/.local/lib/python3.12/site-packages/airflow/example_dags/example_sensors.py
[2025-05-02T19:49:00.763+0000] {processor.py:830} INFO - Processing file /home/airflow/.local/lib/python3.12/site-packages/airflow/example_dags/example_sensors.py for tasks to queue
[2025-05-02T19:49:00.771+0000] {logging_mixin.py:188} INFO - [2025-05-02T19:49:00.767+0000] {dagbag.py:545} INFO - Filling up the DagBag from /home/airflow/.local/lib/python3.12/site-packages/airflow/example_dags/example_sensors.py
[2025-05-02T19:49:00.780+0000] {processor.py:840} INFO - DAG(s) 'example_sensors' retrieved from /home/airflow/.local/lib/python3.12/site-packages/airflow/example_dags/example_sensors.py
[2025-05-02T19:49:00.817+0000] {logging_mixin.py:188} INFO - [2025-05-02T19:49:00.816+0000] {dag.py:3096} INFO - Sync 1 DAGs
[2025-05-02T19:49:00.837+0000] {logging_mixin.py:188} INFO - [2025-05-02T19:49:00.836+0000] {dag.py:3954} INFO - Setting next_dagrun for example_sensors to None, run_after=None
[2025-05-02T19:49:00.861+0000] {processor.py:183} INFO - Processing /home/airflow/.local/lib/python3.12/site-packages/airflow/example_dags/example_sensors.py took 0.105 seconds
[2025-05-02T19:49:31.528+0000] {processor.py:161} INFO - Started process (PID=912) to work on /home/airflow/.local/lib/python3.12/site-packages/airflow/example_dags/example_sensors.py
[2025-05-02T19:49:31.529+0000] {processor.py:830} INFO - Processing file /home/airflow/.local/lib/python3.12/site-packages/airflow/example_dags/example_sensors.py for tasks to queue
[2025-05-02T19:49:31.530+0000] {logging_mixin.py:188} INFO - [2025-05-02T19:49:31.530+0000] {dagbag.py:545} INFO - Filling up the DagBag from /home/airflow/.local/lib/python3.12/site-packages/airflow/example_dags/example_sensors.py
[2025-05-02T19:49:31.538+0000] {processor.py:840} INFO - DAG(s) 'example_sensors' retrieved from /home/airflow/.local/lib/python3.12/site-packages/airflow/example_dags/example_sensors.py
[2025-05-02T19:49:31.560+0000] {logging_mixin.py:188} INFO - [2025-05-02T19:49:31.559+0000] {dag.py:3096} INFO - Sync 1 DAGs
[2025-05-02T19:49:31.569+0000] {logging_mixin.py:188} INFO - [2025-05-02T19:49:31.569+0000] {dag.py:3954} INFO - Setting next_dagrun for example_sensors to None, run_after=None
[2025-05-02T19:49:31.584+0000] {processor.py:183} INFO - Processing /home/airflow/.local/lib/python3.12/site-packages/airflow/example_dags/example_sensors.py took 0.061 seconds
[2025-05-02T19:50:02.354+0000] {processor.py:161} INFO - Started process (PID=972) to work on /home/airflow/.local/lib/python3.12/site-packages/airflow/example_dags/example_sensors.py
[2025-05-02T19:50:02.356+0000] {processor.py:830} INFO - Processing file /home/airflow/.local/lib/python3.12/site-packages/airflow/example_dags/example_sensors.py for tasks to queue
[2025-05-02T19:50:02.360+0000] {logging_mixin.py:188} INFO - [2025-05-02T19:50:02.360+0000] {dagbag.py:545} INFO - Filling up the DagBag from /home/airflow/.local/lib/python3.12/site-packages/airflow/example_dags/example_sensors.py
[2025-05-02T19:50:02.370+0000] {processor.py:840} INFO - DAG(s) 'example_sensors' retrieved from /home/airflow/.local/lib/python3.12/site-packages/airflow/example_dags/example_sensors.py
[2025-05-02T19:50:02.392+0000] {logging_mixin.py:188} INFO - [2025-05-02T19:50:02.391+0000] {dag.py:3096} INFO - Sync 1 DAGs
[2025-05-02T19:50:02.404+0000] {logging_mixin.py:188} INFO - [2025-05-02T19:50:02.404+0000] {dag.py:3954} INFO - Setting next_dagrun for example_sensors to None, run_after=None
[2025-05-02T19:50:02.424+0000] {processor.py:183} INFO - Processing /home/airflow/.local/lib/python3.12/site-packages/airflow/example_dags/example_sensors.py took 0.077 seconds
[2025-05-02T19:50:34.787+0000] {processor.py:161} INFO - Started process (PID=1032) to work on /home/airflow/.local/lib/python3.12/site-packages/airflow/example_dags/example_sensors.py
[2025-05-02T19:50:34.789+0000] {processor.py:830} INFO - Processing file /home/airflow/.local/lib/python3.12/site-packages/airflow/example_dags/example_sensors.py for tasks to queue
[2025-05-02T19:50:34.791+0000] {logging_mixin.py:188} INFO - [2025-05-02T19:50:34.791+0000] {dagbag.py:545} INFO - Filling up the DagBag from /home/airflow/.local/lib/python3.12/site-packages/airflow/example_dags/example_sensors.py
[2025-05-02T19:50:34.799+0000] {processor.py:840} INFO - DAG(s) 'example_sensors' retrieved from /home/airflow/.local/lib/python3.12/site-packages/airflow/example_dags/example_sensors.py
[2025-05-02T19:50:34.823+0000] {logging_mixin.py:188} INFO - [2025-05-02T19:50:34.822+0000] {dag.py:3096} INFO - Sync 1 DAGs
[2025-05-02T19:50:34.833+0000] {logging_mixin.py:188} INFO - [2025-05-02T19:50:34.833+0000] {dag.py:3954} INFO - Setting next_dagrun for example_sensors to None, run_after=None
[2025-05-02T19:50:34.848+0000] {processor.py:183} INFO - Processing /home/airflow/.local/lib/python3.12/site-packages/airflow/example_dags/example_sensors.py took 0.067 seconds
[2025-05-02T19:51:06.954+0000] {processor.py:161} INFO - Started process (PID=1092) to work on /home/airflow/.local/lib/python3.12/site-packages/airflow/example_dags/example_sensors.py
[2025-05-02T19:51:06.955+0000] {processor.py:830} INFO - Processing file /home/airflow/.local/lib/python3.12/site-packages/airflow/example_dags/example_sensors.py for tasks to queue
[2025-05-02T19:51:06.956+0000] {logging_mixin.py:188} INFO - [2025-05-02T19:51:06.956+0000] {dagbag.py:545} INFO - Filling up the DagBag from /home/airflow/.local/lib/python3.12/site-packages/airflow/example_dags/example_sensors.py
[2025-05-02T19:51:06.962+0000] {processor.py:840} INFO - DAG(s) 'example_sensors' retrieved from /home/airflow/.local/lib/python3.12/site-packages/airflow/example_dags/example_sensors.py
[2025-05-02T19:51:06.984+0000] {logging_mixin.py:188} INFO - [2025-05-02T19:51:06.984+0000] {dag.py:3096} INFO - Sync 1 DAGs
[2025-05-02T19:51:06.994+0000] {logging_mixin.py:188} INFO - [2025-05-02T19:51:06.993+0000] {dag.py:3954} INFO - Setting next_dagrun for example_sensors to None, run_after=None
[2025-05-02T19:51:07.009+0000] {processor.py:183} INFO - Processing /home/airflow/.local/lib/python3.12/site-packages/airflow/example_dags/example_sensors.py took 0.060 seconds
[2025-05-02T19:51:39.293+0000] {processor.py:161} INFO - Started process (PID=1152) to work on /home/airflow/.local/lib/python3.12/site-packages/airflow/example_dags/example_sensors.py
[2025-05-02T19:51:39.295+0000] {processor.py:830} INFO - Processing file /home/airflow/.local/lib/python3.12/site-packages/airflow/example_dags/example_sensors.py for tasks to queue
[2025-05-02T19:51:39.297+0000] {logging_mixin.py:188} INFO - [2025-05-02T19:51:39.297+0000] {dagbag.py:545} INFO - Filling up the DagBag from /home/airflow/.local/lib/python3.12/site-packages/airflow/example_dags/example_sensors.py
[2025-05-02T19:51:39.308+0000] {processor.py:840} INFO - DAG(s) 'example_sensors' retrieved from /home/airflow/.local/lib/python3.12/site-packages/airflow/example_dags/example_sensors.py
[2025-05-02T19:51:39.337+0000] {logging_mixin.py:188} INFO - [2025-05-02T19:51:39.336+0000] {dag.py:3096} INFO - Sync 1 DAGs
[2025-05-02T19:51:39.351+0000] {logging_mixin.py:188} INFO - [2025-05-02T19:51:39.351+0000] {dag.py:3954} INFO - Setting next_dagrun for example_sensors to None, run_after=None
[2025-05-02T19:51:39.378+0000] {processor.py:183} INFO - Processing /home/airflow/.local/lib/python3.12/site-packages/airflow/example_dags/example_sensors.py took 0.091 seconds
[2025-05-02T19:52:11.492+0000] {processor.py:161} INFO - Started process (PID=1212) to work on /home/airflow/.local/lib/python3.12/site-packages/airflow/example_dags/example_sensors.py
[2025-05-02T19:52:11.493+0000] {processor.py:830} INFO - Processing file /home/airflow/.local/lib/python3.12/site-packages/airflow/example_dags/example_sensors.py for tasks to queue
[2025-05-02T19:52:11.495+0000] {logging_mixin.py:188} INFO - [2025-05-02T19:52:11.495+0000] {dagbag.py:545} INFO - Filling up the DagBag from /home/airflow/.local/lib/python3.12/site-packages/airflow/example_dags/example_sensors.py
[2025-05-02T19:52:11.502+0000] {processor.py:840} INFO - DAG(s) 'example_sensors' retrieved from /home/airflow/.local/lib/python3.12/site-packages/airflow/example_dags/example_sensors.py
[2025-05-02T19:52:11.524+0000] {logging_mixin.py:188} INFO - [2025-05-02T19:52:11.524+0000] {dag.py:3096} INFO - Sync 1 DAGs
[2025-05-02T19:52:11.535+0000] {logging_mixin.py:188} INFO - [2025-05-02T19:52:11.535+0000] {dag.py:3954} INFO - Setting next_dagrun for example_sensors to None, run_after=None
[2025-05-02T19:52:11.565+0000] {processor.py:183} INFO - Processing /home/airflow/.local/lib/python3.12/site-packages/airflow/example_dags/example_sensors.py took 0.077 seconds
[2025-05-02T19:52:44.313+0000] {processor.py:161} INFO - Started process (PID=1272) to work on /home/airflow/.local/lib/python3.12/site-packages/airflow/example_dags/example_sensors.py
[2025-05-02T19:52:44.315+0000] {processor.py:830} INFO - Processing file /home/airflow/.local/lib/python3.12/site-packages/airflow/example_dags/example_sensors.py for tasks to queue
[2025-05-02T19:52:44.319+0000] {logging_mixin.py:188} INFO - [2025-05-02T19:52:44.318+0000] {dagbag.py:545} INFO - Filling up the DagBag from /home/airflow/.local/lib/python3.12/site-packages/airflow/example_dags/example_sensors.py
[2025-05-02T19:52:44.330+0000] {processor.py:840} INFO - DAG(s) 'example_sensors' retrieved from /home/airflow/.local/lib/python3.12/site-packages/airflow/example_dags/example_sensors.py
[2025-05-02T19:52:44.355+0000] {logging_mixin.py:188} INFO - [2025-05-02T19:52:44.354+0000] {dag.py:3096} INFO - Sync 1 DAGs
[2025-05-02T19:52:44.367+0000] {logging_mixin.py:188} INFO - [2025-05-02T19:52:44.366+0000] {dag.py:3954} INFO - Setting next_dagrun for example_sensors to None, run_after=None
[2025-05-02T19:52:44.384+0000] {processor.py:183} INFO - Processing /home/airflow/.local/lib/python3.12/site-packages/airflow/example_dags/example_sensors.py took 0.076 seconds
[2025-05-02T19:53:16.837+0000] {processor.py:161} INFO - Started process (PID=1332) to work on /home/airflow/.local/lib/python3.12/site-packages/airflow/example_dags/example_sensors.py
[2025-05-02T19:53:16.838+0000] {processor.py:830} INFO - Processing file /home/airflow/.local/lib/python3.12/site-packages/airflow/example_dags/example_sensors.py for tasks to queue
[2025-05-02T19:53:16.840+0000] {logging_mixin.py:188} INFO - [2025-05-02T19:53:16.839+0000] {dagbag.py:545} INFO - Filling up the DagBag from /home/airflow/.local/lib/python3.12/site-packages/airflow/example_dags/example_sensors.py
[2025-05-02T19:53:16.847+0000] {processor.py:840} INFO - DAG(s) 'example_sensors' retrieved from /home/airflow/.local/lib/python3.12/site-packages/airflow/example_dags/example_sensors.py
[2025-05-02T19:53:16.867+0000] {logging_mixin.py:188} INFO - [2025-05-02T19:53:16.867+0000] {dag.py:3096} INFO - Sync 1 DAGs
[2025-05-02T19:53:16.880+0000] {logging_mixin.py:188} INFO - [2025-05-02T19:53:16.879+0000] {dag.py:3954} INFO - Setting next_dagrun for example_sensors to None, run_after=None
[2025-05-02T19:53:16.895+0000] {processor.py:183} INFO - Processing /home/airflow/.local/lib/python3.12/site-packages/airflow/example_dags/example_sensors.py took 0.062 seconds
[2025-05-02T19:53:49.207+0000] {processor.py:161} INFO - Started process (PID=1392) to work on /home/airflow/.local/lib/python3.12/site-packages/airflow/example_dags/example_sensors.py
[2025-05-02T19:53:49.208+0000] {processor.py:830} INFO - Processing file /home/airflow/.local/lib/python3.12/site-packages/airflow/example_dags/example_sensors.py for tasks to queue
[2025-05-02T19:53:49.209+0000] {logging_mixin.py:188} INFO - [2025-05-02T19:53:49.209+0000] {dagbag.py:545} INFO - Filling up the DagBag from /home/airflow/.local/lib/python3.12/site-packages/airflow/example_dags/example_sensors.py
[2025-05-02T19:53:49.217+0000] {processor.py:840} INFO - DAG(s) 'example_sensors' retrieved from /home/airflow/.local/lib/python3.12/site-packages/airflow/example_dags/example_sensors.py
[2025-05-02T19:53:49.237+0000] {logging_mixin.py:188} INFO - [2025-05-02T19:53:49.236+0000] {dag.py:3096} INFO - Sync 1 DAGs
[2025-05-02T19:53:49.247+0000] {logging_mixin.py:188} INFO - [2025-05-02T19:53:49.247+0000] {dag.py:3954} INFO - Setting next_dagrun for example_sensors to None, run_after=None
[2025-05-02T19:53:49.263+0000] {processor.py:183} INFO - Processing /home/airflow/.local/lib/python3.12/site-packages/airflow/example_dags/example_sensors.py took 0.060 seconds
[2025-05-02T19:54:21.642+0000] {processor.py:161} INFO - Started process (PID=1452) to work on /home/airflow/.local/lib/python3.12/site-packages/airflow/example_dags/example_sensors.py
[2025-05-02T19:54:21.643+0000] {processor.py:830} INFO - Processing file /home/airflow/.local/lib/python3.12/site-packages/airflow/example_dags/example_sensors.py for tasks to queue
[2025-05-02T19:54:21.644+0000] {logging_mixin.py:188} INFO - [2025-05-02T19:54:21.644+0000] {dagbag.py:545} INFO - Filling up the DagBag from /home/airflow/.local/lib/python3.12/site-packages/airflow/example_dags/example_sensors.py
[2025-05-02T19:54:21.652+0000] {processor.py:840} INFO - DAG(s) 'example_sensors' retrieved from /home/airflow/.local/lib/python3.12/site-packages/airflow/example_dags/example_sensors.py
[2025-05-02T19:54:21.672+0000] {logging_mixin.py:188} INFO - [2025-05-02T19:54:21.671+0000] {dag.py:3096} INFO - Sync 1 DAGs
[2025-05-02T19:54:21.681+0000] {logging_mixin.py:188} INFO - [2025-05-02T19:54:21.681+0000] {dag.py:3954} INFO - Setting next_dagrun for example_sensors to None, run_after=None
[2025-05-02T19:54:21.695+0000] {processor.py:183} INFO - Processing /home/airflow/.local/lib/python3.12/site-packages/airflow/example_dags/example_sensors.py took 0.058 seconds
[2025-05-02T19:54:53.930+0000] {processor.py:161} INFO - Started process (PID=1512) to work on /home/airflow/.local/lib/python3.12/site-packages/airflow/example_dags/example_sensors.py
[2025-05-02T19:54:53.931+0000] {processor.py:830} INFO - Processing file /home/airflow/.local/lib/python3.12/site-packages/airflow/example_dags/example_sensors.py for tasks to queue
[2025-05-02T19:54:53.932+0000] {logging_mixin.py:188} INFO - [2025-05-02T19:54:53.932+0000] {dagbag.py:545} INFO - Filling up the DagBag from /home/airflow/.local/lib/python3.12/site-packages/airflow/example_dags/example_sensors.py
[2025-05-02T19:54:53.939+0000] {processor.py:840} INFO - DAG(s) 'example_sensors' retrieved from /home/airflow/.local/lib/python3.12/site-packages/airflow/example_dags/example_sensors.py
[2025-05-02T19:54:53.957+0000] {logging_mixin.py:188} INFO - [2025-05-02T19:54:53.956+0000] {dag.py:3096} INFO - Sync 1 DAGs
[2025-05-02T19:54:53.967+0000] {logging_mixin.py:188} INFO - [2025-05-02T19:54:53.967+0000] {dag.py:3954} INFO - Setting next_dagrun for example_sensors to None, run_after=None
[2025-05-02T19:54:53.984+0000] {processor.py:183} INFO - Processing /home/airflow/.local/lib/python3.12/site-packages/airflow/example_dags/example_sensors.py took 0.059 seconds
[2025-05-02T19:55:25.734+0000] {processor.py:161} INFO - Started process (PID=1572) to work on /home/airflow/.local/lib/python3.12/site-packages/airflow/example_dags/example_sensors.py
[2025-05-02T19:55:25.735+0000] {processor.py:830} INFO - Processing file /home/airflow/.local/lib/python3.12/site-packages/airflow/example_dags/example_sensors.py for tasks to queue
[2025-05-02T19:55:25.736+0000] {logging_mixin.py:188} INFO - [2025-05-02T19:55:25.736+0000] {dagbag.py:545} INFO - Filling up the DagBag from /home/airflow/.local/lib/python3.12/site-packages/airflow/example_dags/example_sensors.py
[2025-05-02T19:55:25.744+0000] {processor.py:840} INFO - DAG(s) 'example_sensors' retrieved from /home/airflow/.local/lib/python3.12/site-packages/airflow/example_dags/example_sensors.py
[2025-05-02T19:55:25.762+0000] {logging_mixin.py:188} INFO - [2025-05-02T19:55:25.762+0000] {dag.py:3096} INFO - Sync 1 DAGs
[2025-05-02T19:55:25.773+0000] {logging_mixin.py:188} INFO - [2025-05-02T19:55:25.773+0000] {dag.py:3954} INFO - Setting next_dagrun for example_sensors to None, run_after=None
[2025-05-02T19:55:25.786+0000] {processor.py:183} INFO - Processing /home/airflow/.local/lib/python3.12/site-packages/airflow/example_dags/example_sensors.py took 0.057 seconds
[2025-05-02T19:55:58.747+0000] {processor.py:161} INFO - Started process (PID=1632) to work on /home/airflow/.local/lib/python3.12/site-packages/airflow/example_dags/example_sensors.py
[2025-05-02T19:55:58.748+0000] {processor.py:830} INFO - Processing file /home/airflow/.local/lib/python3.12/site-packages/airflow/example_dags/example_sensors.py for tasks to queue
[2025-05-02T19:55:58.749+0000] {logging_mixin.py:188} INFO - [2025-05-02T19:55:58.749+0000] {dagbag.py:545} INFO - Filling up the DagBag from /home/airflow/.local/lib/python3.12/site-packages/airflow/example_dags/example_sensors.py
[2025-05-02T19:55:58.755+0000] {processor.py:840} INFO - DAG(s) 'example_sensors' retrieved from /home/airflow/.local/lib/python3.12/site-packages/airflow/example_dags/example_sensors.py
[2025-05-02T19:55:58.775+0000] {logging_mixin.py:188} INFO - [2025-05-02T19:55:58.775+0000] {dag.py:3096} INFO - Sync 1 DAGs
[2025-05-02T19:55:58.785+0000] {logging_mixin.py:188} INFO - [2025-05-02T19:55:58.785+0000] {dag.py:3954} INFO - Setting next_dagrun for example_sensors to None, run_after=None
[2025-05-02T19:55:58.799+0000] {processor.py:183} INFO - Processing /home/airflow/.local/lib/python3.12/site-packages/airflow/example_dags/example_sensors.py took 0.057 seconds
[2025-05-02T19:56:30.585+0000] {processor.py:161} INFO - Started process (PID=1692) to work on /home/airflow/.local/lib/python3.12/site-packages/airflow/example_dags/example_sensors.py
[2025-05-02T19:56:30.586+0000] {processor.py:830} INFO - Processing file /home/airflow/.local/lib/python3.12/site-packages/airflow/example_dags/example_sensors.py for tasks to queue
[2025-05-02T19:56:30.588+0000] {logging_mixin.py:188} INFO - [2025-05-02T19:56:30.587+0000] {dagbag.py:545} INFO - Filling up the DagBag from /home/airflow/.local/lib/python3.12/site-packages/airflow/example_dags/example_sensors.py
[2025-05-02T19:56:30.595+0000] {processor.py:840} INFO - DAG(s) 'example_sensors' retrieved from /home/airflow/.local/lib/python3.12/site-packages/airflow/example_dags/example_sensors.py
[2025-05-02T19:56:30.612+0000] {logging_mixin.py:188} INFO - [2025-05-02T19:56:30.612+0000] {dag.py:3096} INFO - Sync 1 DAGs
[2025-05-02T19:56:30.620+0000] {logging_mixin.py:188} INFO - [2025-05-02T19:56:30.620+0000] {dag.py:3954} INFO - Setting next_dagrun for example_sensors to None, run_after=None
[2025-05-02T19:56:30.634+0000] {processor.py:183} INFO - Processing /home/airflow/.local/lib/python3.12/site-packages/airflow/example_dags/example_sensors.py took 0.053 seconds
[2025-05-02T19:57:03.677+0000] {processor.py:161} INFO - Started process (PID=1752) to work on /home/airflow/.local/lib/python3.12/site-packages/airflow/example_dags/example_sensors.py
[2025-05-02T19:57:03.678+0000] {processor.py:830} INFO - Processing file /home/airflow/.local/lib/python3.12/site-packages/airflow/example_dags/example_sensors.py for tasks to queue
[2025-05-02T19:57:03.679+0000] {logging_mixin.py:188} INFO - [2025-05-02T19:57:03.679+0000] {dagbag.py:545} INFO - Filling up the DagBag from /home/airflow/.local/lib/python3.12/site-packages/airflow/example_dags/example_sensors.py
[2025-05-02T19:57:03.685+0000] {processor.py:840} INFO - DAG(s) 'example_sensors' retrieved from /home/airflow/.local/lib/python3.12/site-packages/airflow/example_dags/example_sensors.py
[2025-05-02T19:57:03.705+0000] {logging_mixin.py:188} INFO - [2025-05-02T19:57:03.705+0000] {dag.py:3096} INFO - Sync 1 DAGs
[2025-05-02T19:57:03.717+0000] {logging_mixin.py:188} INFO - [2025-05-02T19:57:03.716+0000] {dag.py:3954} INFO - Setting next_dagrun for example_sensors to None, run_after=None
[2025-05-02T19:57:03.731+0000] {processor.py:183} INFO - Processing /home/airflow/.local/lib/python3.12/site-packages/airflow/example_dags/example_sensors.py took 0.059 seconds
[2025-05-02T19:57:35.651+0000] {processor.py:161} INFO - Started process (PID=1812) to work on /home/airflow/.local/lib/python3.12/site-packages/airflow/example_dags/example_sensors.py
[2025-05-02T19:57:35.652+0000] {processor.py:830} INFO - Processing file /home/airflow/.local/lib/python3.12/site-packages/airflow/example_dags/example_sensors.py for tasks to queue
[2025-05-02T19:57:35.654+0000] {logging_mixin.py:188} INFO - [2025-05-02T19:57:35.653+0000] {dagbag.py:545} INFO - Filling up the DagBag from /home/airflow/.local/lib/python3.12/site-packages/airflow/example_dags/example_sensors.py
[2025-05-02T19:57:35.662+0000] {processor.py:840} INFO - DAG(s) 'example_sensors' retrieved from /home/airflow/.local/lib/python3.12/site-packages/airflow/example_dags/example_sensors.py
[2025-05-02T19:57:35.682+0000] {logging_mixin.py:188} INFO - [2025-05-02T19:57:35.681+0000] {dag.py:3096} INFO - Sync 1 DAGs
[2025-05-02T19:57:35.694+0000] {logging_mixin.py:188} INFO - [2025-05-02T19:57:35.693+0000] {dag.py:3954} INFO - Setting next_dagrun for example_sensors to None, run_after=None
[2025-05-02T19:57:35.709+0000] {processor.py:183} INFO - Processing /home/airflow/.local/lib/python3.12/site-packages/airflow/example_dags/example_sensors.py took 0.063 seconds
[2025-05-02T19:58:08.225+0000] {processor.py:161} INFO - Started process (PID=1872) to work on /home/airflow/.local/lib/python3.12/site-packages/airflow/example_dags/example_sensors.py
[2025-05-02T19:58:08.226+0000] {processor.py:830} INFO - Processing file /home/airflow/.local/lib/python3.12/site-packages/airflow/example_dags/example_sensors.py for tasks to queue
[2025-05-02T19:58:08.227+0000] {logging_mixin.py:188} INFO - [2025-05-02T19:58:08.227+0000] {dagbag.py:545} INFO - Filling up the DagBag from /home/airflow/.local/lib/python3.12/site-packages/airflow/example_dags/example_sensors.py
[2025-05-02T19:58:08.234+0000] {processor.py:840} INFO - DAG(s) 'example_sensors' retrieved from /home/airflow/.local/lib/python3.12/site-packages/airflow/example_dags/example_sensors.py
[2025-05-02T19:58:08.261+0000] {logging_mixin.py:188} INFO - [2025-05-02T19:58:08.261+0000] {dag.py:3096} INFO - Sync 1 DAGs
[2025-05-02T19:58:08.273+0000] {logging_mixin.py:188} INFO - [2025-05-02T19:58:08.272+0000] {dag.py:3954} INFO - Setting next_dagrun for example_sensors to None, run_after=None
[2025-05-02T19:58:08.288+0000] {processor.py:183} INFO - Processing /home/airflow/.local/lib/python3.12/site-packages/airflow/example_dags/example_sensors.py took 0.068 seconds
[2025-05-02T19:58:40.756+0000] {processor.py:161} INFO - Started process (PID=1932) to work on /home/airflow/.local/lib/python3.12/site-packages/airflow/example_dags/example_sensors.py
[2025-05-02T19:58:40.756+0000] {processor.py:830} INFO - Processing file /home/airflow/.local/lib/python3.12/site-packages/airflow/example_dags/example_sensors.py for tasks to queue
[2025-05-02T19:58:40.758+0000] {logging_mixin.py:188} INFO - [2025-05-02T19:58:40.757+0000] {dagbag.py:545} INFO - Filling up the DagBag from /home/airflow/.local/lib/python3.12/site-packages/airflow/example_dags/example_sensors.py
[2025-05-02T19:58:40.764+0000] {processor.py:840} INFO - DAG(s) 'example_sensors' retrieved from /home/airflow/.local/lib/python3.12/site-packages/airflow/example_dags/example_sensors.py
[2025-05-02T19:58:40.784+0000] {logging_mixin.py:188} INFO - [2025-05-02T19:58:40.784+0000] {dag.py:3096} INFO - Sync 1 DAGs
[2025-05-02T19:58:40.793+0000] {logging_mixin.py:188} INFO - [2025-05-02T19:58:40.793+0000] {dag.py:3954} INFO - Setting next_dagrun for example_sensors to None, run_after=None
[2025-05-02T19:58:40.809+0000] {processor.py:183} INFO - Processing /home/airflow/.local/lib/python3.12/site-packages/airflow/example_dags/example_sensors.py took 0.058 seconds
[2025-05-02T19:59:12.898+0000] {processor.py:161} INFO - Started process (PID=1992) to work on /home/airflow/.local/lib/python3.12/site-packages/airflow/example_dags/example_sensors.py
[2025-05-02T19:59:12.899+0000] {processor.py:830} INFO - Processing file /home/airflow/.local/lib/python3.12/site-packages/airflow/example_dags/example_sensors.py for tasks to queue
[2025-05-02T19:59:12.900+0000] {logging_mixin.py:188} INFO - [2025-05-02T19:59:12.900+0000] {dagbag.py:545} INFO - Filling up the DagBag from /home/airflow/.local/lib/python3.12/site-packages/airflow/example_dags/example_sensors.py
[2025-05-02T19:59:12.907+0000] {processor.py:840} INFO - DAG(s) 'example_sensors' retrieved from /home/airflow/.local/lib/python3.12/site-packages/airflow/example_dags/example_sensors.py
[2025-05-02T19:59:12.928+0000] {logging_mixin.py:188} INFO - [2025-05-02T19:59:12.928+0000] {dag.py:3096} INFO - Sync 1 DAGs
[2025-05-02T19:59:12.939+0000] {logging_mixin.py:188} INFO - [2025-05-02T19:59:12.939+0000] {dag.py:3954} INFO - Setting next_dagrun for example_sensors to None, run_after=None
[2025-05-02T19:59:12.956+0000] {processor.py:183} INFO - Processing /home/airflow/.local/lib/python3.12/site-packages/airflow/example_dags/example_sensors.py took 0.062 seconds
[2025-05-02T19:59:45.980+0000] {processor.py:161} INFO - Started process (PID=2052) to work on /home/airflow/.local/lib/python3.12/site-packages/airflow/example_dags/example_sensors.py
[2025-05-02T19:59:45.981+0000] {processor.py:830} INFO - Processing file /home/airflow/.local/lib/python3.12/site-packages/airflow/example_dags/example_sensors.py for tasks to queue
[2025-05-02T19:59:45.983+0000] {logging_mixin.py:188} INFO - [2025-05-02T19:59:45.982+0000] {dagbag.py:545} INFO - Filling up the DagBag from /home/airflow/.local/lib/python3.12/site-packages/airflow/example_dags/example_sensors.py
[2025-05-02T19:59:45.991+0000] {processor.py:840} INFO - DAG(s) 'example_sensors' retrieved from /home/airflow/.local/lib/python3.12/site-packages/airflow/example_dags/example_sensors.py
[2025-05-02T19:59:46.010+0000] {logging_mixin.py:188} INFO - [2025-05-02T19:59:46.009+0000] {dag.py:3096} INFO - Sync 1 DAGs
[2025-05-02T19:59:46.020+0000] {logging_mixin.py:188} INFO - [2025-05-02T19:59:46.019+0000] {dag.py:3954} INFO - Setting next_dagrun for example_sensors to None, run_after=None
[2025-05-02T19:59:46.032+0000] {processor.py:183} INFO - Processing /home/airflow/.local/lib/python3.12/site-packages/airflow/example_dags/example_sensors.py took 0.057 seconds
[2025-05-02T20:00:18.615+0000] {processor.py:161} INFO - Started process (PID=2112) to work on /home/airflow/.local/lib/python3.12/site-packages/airflow/example_dags/example_sensors.py
[2025-05-02T20:00:18.616+0000] {processor.py:830} INFO - Processing file /home/airflow/.local/lib/python3.12/site-packages/airflow/example_dags/example_sensors.py for tasks to queue
[2025-05-02T20:00:18.617+0000] {logging_mixin.py:188} INFO - [2025-05-02T20:00:18.617+0000] {dagbag.py:545} INFO - Filling up the DagBag from /home/airflow/.local/lib/python3.12/site-packages/airflow/example_dags/example_sensors.py
[2025-05-02T20:00:18.623+0000] {processor.py:840} INFO - DAG(s) 'example_sensors' retrieved from /home/airflow/.local/lib/python3.12/site-packages/airflow/example_dags/example_sensors.py
[2025-05-02T20:00:18.643+0000] {logging_mixin.py:188} INFO - [2025-05-02T20:00:18.643+0000] {dag.py:3096} INFO - Sync 1 DAGs
[2025-05-02T20:00:18.653+0000] {logging_mixin.py:188} INFO - [2025-05-02T20:00:18.653+0000] {dag.py:3954} INFO - Setting next_dagrun for example_sensors to None, run_after=None
[2025-05-02T20:00:18.756+0000] {processor.py:183} INFO - Processing /home/airflow/.local/lib/python3.12/site-packages/airflow/example_dags/example_sensors.py took 0.145 seconds
[2025-05-02T20:00:50.929+0000] {processor.py:161} INFO - Started process (PID=2172) to work on /home/airflow/.local/lib/python3.12/site-packages/airflow/example_dags/example_sensors.py
[2025-05-02T20:00:50.929+0000] {processor.py:830} INFO - Processing file /home/airflow/.local/lib/python3.12/site-packages/airflow/example_dags/example_sensors.py for tasks to queue
[2025-05-02T20:00:50.931+0000] {logging_mixin.py:188} INFO - [2025-05-02T20:00:50.931+0000] {dagbag.py:545} INFO - Filling up the DagBag from /home/airflow/.local/lib/python3.12/site-packages/airflow/example_dags/example_sensors.py
[2025-05-02T20:00:50.938+0000] {processor.py:840} INFO - DAG(s) 'example_sensors' retrieved from /home/airflow/.local/lib/python3.12/site-packages/airflow/example_dags/example_sensors.py
[2025-05-02T20:00:50.957+0000] {logging_mixin.py:188} INFO - [2025-05-02T20:00:50.956+0000] {dag.py:3096} INFO - Sync 1 DAGs
[2025-05-02T20:00:50.967+0000] {logging_mixin.py:188} INFO - [2025-05-02T20:00:50.967+0000] {dag.py:3954} INFO - Setting next_dagrun for example_sensors to None, run_after=None
[2025-05-02T20:00:50.979+0000] {processor.py:183} INFO - Processing /home/airflow/.local/lib/python3.12/site-packages/airflow/example_dags/example_sensors.py took 0.055 seconds
[2025-05-02T20:01:23.916+0000] {processor.py:161} INFO - Started process (PID=2232) to work on /home/airflow/.local/lib/python3.12/site-packages/airflow/example_dags/example_sensors.py
[2025-05-02T20:01:23.917+0000] {processor.py:830} INFO - Processing file /home/airflow/.local/lib/python3.12/site-packages/airflow/example_dags/example_sensors.py for tasks to queue
[2025-05-02T20:01:23.919+0000] {logging_mixin.py:188} INFO - [2025-05-02T20:01:23.918+0000] {dagbag.py:545} INFO - Filling up the DagBag from /home/airflow/.local/lib/python3.12/site-packages/airflow/example_dags/example_sensors.py
[2025-05-02T20:01:23.926+0000] {processor.py:840} INFO - DAG(s) 'example_sensors' retrieved from /home/airflow/.local/lib/python3.12/site-packages/airflow/example_dags/example_sensors.py
[2025-05-02T20:01:23.943+0000] {logging_mixin.py:188} INFO - [2025-05-02T20:01:23.942+0000] {dag.py:3096} INFO - Sync 1 DAGs
[2025-05-02T20:01:23.951+0000] {logging_mixin.py:188} INFO - [2025-05-02T20:01:23.951+0000] {dag.py:3954} INFO - Setting next_dagrun for example_sensors to None, run_after=None
[2025-05-02T20:01:23.964+0000] {processor.py:183} INFO - Processing /home/airflow/.local/lib/python3.12/site-packages/airflow/example_dags/example_sensors.py took 0.052 seconds
[2025-05-02T20:01:56.031+0000] {processor.py:161} INFO - Started process (PID=2292) to work on /home/airflow/.local/lib/python3.12/site-packages/airflow/example_dags/example_sensors.py
[2025-05-02T20:01:56.032+0000] {processor.py:830} INFO - Processing file /home/airflow/.local/lib/python3.12/site-packages/airflow/example_dags/example_sensors.py for tasks to queue
[2025-05-02T20:01:56.034+0000] {logging_mixin.py:188} INFO - [2025-05-02T20:01:56.033+0000] {dagbag.py:545} INFO - Filling up the DagBag from /home/airflow/.local/lib/python3.12/site-packages/airflow/example_dags/example_sensors.py
[2025-05-02T20:01:56.042+0000] {processor.py:840} INFO - DAG(s) 'example_sensors' retrieved from /home/airflow/.local/lib/python3.12/site-packages/airflow/example_dags/example_sensors.py
[2025-05-02T20:01:56.061+0000] {logging_mixin.py:188} INFO - [2025-05-02T20:01:56.061+0000] {dag.py:3096} INFO - Sync 1 DAGs
[2025-05-02T20:01:56.177+0000] {logging_mixin.py:188} INFO - [2025-05-02T20:01:56.177+0000] {dag.py:3954} INFO - Setting next_dagrun for example_sensors to None, run_after=None
[2025-05-02T20:01:56.192+0000] {processor.py:183} INFO - Processing /home/airflow/.local/lib/python3.12/site-packages/airflow/example_dags/example_sensors.py took 0.166 seconds
[2025-05-02T20:02:27.726+0000] {processor.py:161} INFO - Started process (PID=2352) to work on /home/airflow/.local/lib/python3.12/site-packages/airflow/example_dags/example_sensors.py
[2025-05-02T20:02:27.727+0000] {processor.py:830} INFO - Processing file /home/airflow/.local/lib/python3.12/site-packages/airflow/example_dags/example_sensors.py for tasks to queue
[2025-05-02T20:02:27.728+0000] {logging_mixin.py:188} INFO - [2025-05-02T20:02:27.728+0000] {dagbag.py:545} INFO - Filling up the DagBag from /home/airflow/.local/lib/python3.12/site-packages/airflow/example_dags/example_sensors.py
[2025-05-02T20:02:27.736+0000] {processor.py:840} INFO - DAG(s) 'example_sensors' retrieved from /home/airflow/.local/lib/python3.12/site-packages/airflow/example_dags/example_sensors.py
[2025-05-02T20:02:27.756+0000] {logging_mixin.py:188} INFO - [2025-05-02T20:02:27.755+0000] {dag.py:3096} INFO - Sync 1 DAGs
[2025-05-02T20:02:27.765+0000] {logging_mixin.py:188} INFO - [2025-05-02T20:02:27.765+0000] {dag.py:3954} INFO - Setting next_dagrun for example_sensors to None, run_after=None
[2025-05-02T20:02:27.782+0000] {processor.py:183} INFO - Processing /home/airflow/.local/lib/python3.12/site-packages/airflow/example_dags/example_sensors.py took 0.060 seconds
[2025-05-02T20:03:00.796+0000] {processor.py:161} INFO - Started process (PID=2413) to work on /home/airflow/.local/lib/python3.12/site-packages/airflow/example_dags/example_sensors.py
[2025-05-02T20:03:00.797+0000] {processor.py:830} INFO - Processing file /home/airflow/.local/lib/python3.12/site-packages/airflow/example_dags/example_sensors.py for tasks to queue
[2025-05-02T20:03:00.798+0000] {logging_mixin.py:188} INFO - [2025-05-02T20:03:00.798+0000] {dagbag.py:545} INFO - Filling up the DagBag from /home/airflow/.local/lib/python3.12/site-packages/airflow/example_dags/example_sensors.py
[2025-05-02T20:03:00.805+0000] {processor.py:840} INFO - DAG(s) 'example_sensors' retrieved from /home/airflow/.local/lib/python3.12/site-packages/airflow/example_dags/example_sensors.py
[2025-05-02T20:03:00.826+0000] {logging_mixin.py:188} INFO - [2025-05-02T20:03:00.826+0000] {dag.py:3096} INFO - Sync 1 DAGs
[2025-05-02T20:03:00.836+0000] {logging_mixin.py:188} INFO - [2025-05-02T20:03:00.836+0000] {dag.py:3954} INFO - Setting next_dagrun for example_sensors to None, run_after=None
[2025-05-02T20:03:00.849+0000] {processor.py:183} INFO - Processing /home/airflow/.local/lib/python3.12/site-packages/airflow/example_dags/example_sensors.py took 0.057 seconds
[2025-05-02T20:03:35.336+0000] {processor.py:161} INFO - Started process (PID=2473) to work on /home/airflow/.local/lib/python3.12/site-packages/airflow/example_dags/example_sensors.py
[2025-05-02T20:03:35.337+0000] {processor.py:830} INFO - Processing file /home/airflow/.local/lib/python3.12/site-packages/airflow/example_dags/example_sensors.py for tasks to queue
[2025-05-02T20:03:35.340+0000] {logging_mixin.py:188} INFO - [2025-05-02T20:03:35.339+0000] {dagbag.py:545} INFO - Filling up the DagBag from /home/airflow/.local/lib/python3.12/site-packages/airflow/example_dags/example_sensors.py
[2025-05-02T20:03:35.492+0000] {processor.py:840} INFO - DAG(s) 'example_sensors' retrieved from /home/airflow/.local/lib/python3.12/site-packages/airflow/example_dags/example_sensors.py
[2025-05-02T20:03:35.520+0000] {logging_mixin.py:188} INFO - [2025-05-02T20:03:35.519+0000] {dag.py:3096} INFO - Sync 1 DAGs
[2025-05-02T20:03:35.530+0000] {logging_mixin.py:188} INFO - [2025-05-02T20:03:35.529+0000] {dag.py:3954} INFO - Setting next_dagrun for example_sensors to None, run_after=None
[2025-05-02T20:03:35.545+0000] {processor.py:183} INFO - Processing /home/airflow/.local/lib/python3.12/site-packages/airflow/example_dags/example_sensors.py took 0.216 seconds
[2025-05-02T20:04:06.179+0000] {processor.py:161} INFO - Started process (PID=2533) to work on /home/airflow/.local/lib/python3.12/site-packages/airflow/example_dags/example_sensors.py
[2025-05-02T20:04:06.180+0000] {processor.py:830} INFO - Processing file /home/airflow/.local/lib/python3.12/site-packages/airflow/example_dags/example_sensors.py for tasks to queue
[2025-05-02T20:04:06.182+0000] {logging_mixin.py:188} INFO - [2025-05-02T20:04:06.181+0000] {dagbag.py:545} INFO - Filling up the DagBag from /home/airflow/.local/lib/python3.12/site-packages/airflow/example_dags/example_sensors.py
[2025-05-02T20:04:06.188+0000] {processor.py:840} INFO - DAG(s) 'example_sensors' retrieved from /home/airflow/.local/lib/python3.12/site-packages/airflow/example_dags/example_sensors.py
[2025-05-02T20:04:06.208+0000] {logging_mixin.py:188} INFO - [2025-05-02T20:04:06.208+0000] {dag.py:3096} INFO - Sync 1 DAGs
[2025-05-02T20:04:06.218+0000] {logging_mixin.py:188} INFO - [2025-05-02T20:04:06.217+0000] {dag.py:3954} INFO - Setting next_dagrun for example_sensors to None, run_after=None
[2025-05-02T20:04:06.233+0000] {processor.py:183} INFO - Processing /home/airflow/.local/lib/python3.12/site-packages/airflow/example_dags/example_sensors.py took 0.058 seconds
[2025-05-02T20:04:38.488+0000] {processor.py:161} INFO - Started process (PID=2593) to work on /home/airflow/.local/lib/python3.12/site-packages/airflow/example_dags/example_sensors.py
[2025-05-02T20:04:38.489+0000] {processor.py:830} INFO - Processing file /home/airflow/.local/lib/python3.12/site-packages/airflow/example_dags/example_sensors.py for tasks to queue
[2025-05-02T20:04:38.490+0000] {logging_mixin.py:188} INFO - [2025-05-02T20:04:38.490+0000] {dagbag.py:545} INFO - Filling up the DagBag from /home/airflow/.local/lib/python3.12/site-packages/airflow/example_dags/example_sensors.py
[2025-05-02T20:04:38.497+0000] {processor.py:840} INFO - DAG(s) 'example_sensors' retrieved from /home/airflow/.local/lib/python3.12/site-packages/airflow/example_dags/example_sensors.py
[2025-05-02T20:04:38.518+0000] {logging_mixin.py:188} INFO - [2025-05-02T20:04:38.517+0000] {dag.py:3096} INFO - Sync 1 DAGs
[2025-05-02T20:04:38.531+0000] {logging_mixin.py:188} INFO - [2025-05-02T20:04:38.531+0000] {dag.py:3954} INFO - Setting next_dagrun for example_sensors to None, run_after=None
[2025-05-02T20:04:38.550+0000] {processor.py:183} INFO - Processing /home/airflow/.local/lib/python3.12/site-packages/airflow/example_dags/example_sensors.py took 0.067 seconds
[2025-05-02T20:05:10.771+0000] {processor.py:161} INFO - Started process (PID=2653) to work on /home/airflow/.local/lib/python3.12/site-packages/airflow/example_dags/example_sensors.py
[2025-05-02T20:05:10.772+0000] {processor.py:830} INFO - Processing file /home/airflow/.local/lib/python3.12/site-packages/airflow/example_dags/example_sensors.py for tasks to queue
[2025-05-02T20:05:10.774+0000] {logging_mixin.py:188} INFO - [2025-05-02T20:05:10.773+0000] {dagbag.py:545} INFO - Filling up the DagBag from /home/airflow/.local/lib/python3.12/site-packages/airflow/example_dags/example_sensors.py
[2025-05-02T20:05:10.781+0000] {processor.py:840} INFO - DAG(s) 'example_sensors' retrieved from /home/airflow/.local/lib/python3.12/site-packages/airflow/example_dags/example_sensors.py
[2025-05-02T20:05:10.802+0000] {logging_mixin.py:188} INFO - [2025-05-02T20:05:10.802+0000] {dag.py:3096} INFO - Sync 1 DAGs
[2025-05-02T20:05:10.813+0000] {logging_mixin.py:188} INFO - [2025-05-02T20:05:10.813+0000] {dag.py:3954} INFO - Setting next_dagrun for example_sensors to None, run_after=None
[2025-05-02T20:05:10.832+0000] {processor.py:183} INFO - Processing /home/airflow/.local/lib/python3.12/site-packages/airflow/example_dags/example_sensors.py took 0.065 seconds
[2025-05-02T20:05:43.078+0000] {processor.py:161} INFO - Started process (PID=2713) to work on /home/airflow/.local/lib/python3.12/site-packages/airflow/example_dags/example_sensors.py
[2025-05-02T20:05:43.078+0000] {processor.py:830} INFO - Processing file /home/airflow/.local/lib/python3.12/site-packages/airflow/example_dags/example_sensors.py for tasks to queue
[2025-05-02T20:05:43.080+0000] {logging_mixin.py:188} INFO - [2025-05-02T20:05:43.080+0000] {dagbag.py:545} INFO - Filling up the DagBag from /home/airflow/.local/lib/python3.12/site-packages/airflow/example_dags/example_sensors.py
[2025-05-02T20:05:43.088+0000] {processor.py:840} INFO - DAG(s) 'example_sensors' retrieved from /home/airflow/.local/lib/python3.12/site-packages/airflow/example_dags/example_sensors.py
[2025-05-02T20:05:43.106+0000] {logging_mixin.py:188} INFO - [2025-05-02T20:05:43.106+0000] {dag.py:3096} INFO - Sync 1 DAGs
[2025-05-02T20:05:43.116+0000] {logging_mixin.py:188} INFO - [2025-05-02T20:05:43.116+0000] {dag.py:3954} INFO - Setting next_dagrun for example_sensors to None, run_after=None
[2025-05-02T20:05:43.138+0000] {processor.py:183} INFO - Processing /home/airflow/.local/lib/python3.12/site-packages/airflow/example_dags/example_sensors.py took 0.064 seconds
[2025-05-02T20:06:16.107+0000] {processor.py:161} INFO - Started process (PID=2773) to work on /home/airflow/.local/lib/python3.12/site-packages/airflow/example_dags/example_sensors.py
[2025-05-02T20:06:16.107+0000] {processor.py:830} INFO - Processing file /home/airflow/.local/lib/python3.12/site-packages/airflow/example_dags/example_sensors.py for tasks to queue
[2025-05-02T20:06:16.109+0000] {logging_mixin.py:188} INFO - [2025-05-02T20:06:16.109+0000] {dagbag.py:545} INFO - Filling up the DagBag from /home/airflow/.local/lib/python3.12/site-packages/airflow/example_dags/example_sensors.py
[2025-05-02T20:06:16.116+0000] {processor.py:840} INFO - DAG(s) 'example_sensors' retrieved from /home/airflow/.local/lib/python3.12/site-packages/airflow/example_dags/example_sensors.py
[2025-05-02T20:06:16.136+0000] {logging_mixin.py:188} INFO - [2025-05-02T20:06:16.136+0000] {dag.py:3096} INFO - Sync 1 DAGs
[2025-05-02T20:06:16.145+0000] {logging_mixin.py:188} INFO - [2025-05-02T20:06:16.145+0000] {dag.py:3954} INFO - Setting next_dagrun for example_sensors to None, run_after=None
[2025-05-02T20:06:16.159+0000] {processor.py:183} INFO - Processing /home/airflow/.local/lib/python3.12/site-packages/airflow/example_dags/example_sensors.py took 0.058 seconds
[2025-05-02T20:06:48.147+0000] {processor.py:161} INFO - Started process (PID=2833) to work on /home/airflow/.local/lib/python3.12/site-packages/airflow/example_dags/example_sensors.py
[2025-05-02T20:06:48.148+0000] {processor.py:830} INFO - Processing file /home/airflow/.local/lib/python3.12/site-packages/airflow/example_dags/example_sensors.py for tasks to queue
[2025-05-02T20:06:48.150+0000] {logging_mixin.py:188} INFO - [2025-05-02T20:06:48.149+0000] {dagbag.py:545} INFO - Filling up the DagBag from /home/airflow/.local/lib/python3.12/site-packages/airflow/example_dags/example_sensors.py
[2025-05-02T20:06:48.159+0000] {processor.py:840} INFO - DAG(s) 'example_sensors' retrieved from /home/airflow/.local/lib/python3.12/site-packages/airflow/example_dags/example_sensors.py
[2025-05-02T20:06:48.181+0000] {logging_mixin.py:188} INFO - [2025-05-02T20:06:48.181+0000] {dag.py:3096} INFO - Sync 1 DAGs
[2025-05-02T20:06:48.192+0000] {logging_mixin.py:188} INFO - [2025-05-02T20:06:48.192+0000] {dag.py:3954} INFO - Setting next_dagrun for example_sensors to None, run_after=None
[2025-05-02T20:06:48.211+0000] {processor.py:183} INFO - Processing /home/airflow/.local/lib/python3.12/site-packages/airflow/example_dags/example_sensors.py took 0.070 seconds
[2025-05-02T20:07:21.541+0000] {processor.py:161} INFO - Started process (PID=2893) to work on /home/airflow/.local/lib/python3.12/site-packages/airflow/example_dags/example_sensors.py
[2025-05-02T20:07:21.542+0000] {processor.py:830} INFO - Processing file /home/airflow/.local/lib/python3.12/site-packages/airflow/example_dags/example_sensors.py for tasks to queue
[2025-05-02T20:07:21.544+0000] {logging_mixin.py:188} INFO - [2025-05-02T20:07:21.544+0000] {dagbag.py:545} INFO - Filling up the DagBag from /home/airflow/.local/lib/python3.12/site-packages/airflow/example_dags/example_sensors.py
[2025-05-02T20:07:21.553+0000] {processor.py:840} INFO - DAG(s) 'example_sensors' retrieved from /home/airflow/.local/lib/python3.12/site-packages/airflow/example_dags/example_sensors.py
[2025-05-02T20:07:21.584+0000] {logging_mixin.py:188} INFO - [2025-05-02T20:07:21.583+0000] {dag.py:3096} INFO - Sync 1 DAGs
[2025-05-02T20:07:21.595+0000] {logging_mixin.py:188} INFO - [2025-05-02T20:07:21.595+0000] {dag.py:3954} INFO - Setting next_dagrun for example_sensors to None, run_after=None
[2025-05-02T20:07:21.613+0000] {processor.py:183} INFO - Processing /home/airflow/.local/lib/python3.12/site-packages/airflow/example_dags/example_sensors.py took 0.077 seconds
[2025-05-02T20:07:53.857+0000] {processor.py:161} INFO - Started process (PID=2954) to work on /home/airflow/.local/lib/python3.12/site-packages/airflow/example_dags/example_sensors.py
[2025-05-02T20:07:53.858+0000] {processor.py:830} INFO - Processing file /home/airflow/.local/lib/python3.12/site-packages/airflow/example_dags/example_sensors.py for tasks to queue
[2025-05-02T20:07:53.859+0000] {logging_mixin.py:188} INFO - [2025-05-02T20:07:53.859+0000] {dagbag.py:545} INFO - Filling up the DagBag from /home/airflow/.local/lib/python3.12/site-packages/airflow/example_dags/example_sensors.py
[2025-05-02T20:07:53.866+0000] {processor.py:840} INFO - DAG(s) 'example_sensors' retrieved from /home/airflow/.local/lib/python3.12/site-packages/airflow/example_dags/example_sensors.py
[2025-05-02T20:07:53.885+0000] {logging_mixin.py:188} INFO - [2025-05-02T20:07:53.885+0000] {dag.py:3096} INFO - Sync 1 DAGs
[2025-05-02T20:07:53.895+0000] {logging_mixin.py:188} INFO - [2025-05-02T20:07:53.894+0000] {dag.py:3954} INFO - Setting next_dagrun for example_sensors to None, run_after=None
[2025-05-02T20:07:53.910+0000] {processor.py:183} INFO - Processing /home/airflow/.local/lib/python3.12/site-packages/airflow/example_dags/example_sensors.py took 0.058 seconds
[2025-05-02T20:08:25.998+0000] {processor.py:161} INFO - Started process (PID=3014) to work on /home/airflow/.local/lib/python3.12/site-packages/airflow/example_dags/example_sensors.py
[2025-05-02T20:08:25.999+0000] {processor.py:830} INFO - Processing file /home/airflow/.local/lib/python3.12/site-packages/airflow/example_dags/example_sensors.py for tasks to queue
[2025-05-02T20:08:26.001+0000] {logging_mixin.py:188} INFO - [2025-05-02T20:08:26.000+0000] {dagbag.py:545} INFO - Filling up the DagBag from /home/airflow/.local/lib/python3.12/site-packages/airflow/example_dags/example_sensors.py
[2025-05-02T20:08:26.009+0000] {processor.py:840} INFO - DAG(s) 'example_sensors' retrieved from /home/airflow/.local/lib/python3.12/site-packages/airflow/example_dags/example_sensors.py
[2025-05-02T20:08:26.029+0000] {logging_mixin.py:188} INFO - [2025-05-02T20:08:26.029+0000] {dag.py:3096} INFO - Sync 1 DAGs
[2025-05-02T20:08:26.037+0000] {logging_mixin.py:188} INFO - [2025-05-02T20:08:26.037+0000] {dag.py:3954} INFO - Setting next_dagrun for example_sensors to None, run_after=None
[2025-05-02T20:08:26.053+0000] {processor.py:183} INFO - Processing /home/airflow/.local/lib/python3.12/site-packages/airflow/example_dags/example_sensors.py took 0.059 seconds
[2025-05-02T20:08:59.469+0000] {processor.py:161} INFO - Started process (PID=3074) to work on /home/airflow/.local/lib/python3.12/site-packages/airflow/example_dags/example_sensors.py
[2025-05-02T20:08:59.470+0000] {processor.py:830} INFO - Processing file /home/airflow/.local/lib/python3.12/site-packages/airflow/example_dags/example_sensors.py for tasks to queue
[2025-05-02T20:08:59.471+0000] {logging_mixin.py:188} INFO - [2025-05-02T20:08:59.471+0000] {dagbag.py:545} INFO - Filling up the DagBag from /home/airflow/.local/lib/python3.12/site-packages/airflow/example_dags/example_sensors.py
[2025-05-02T20:08:59.478+0000] {processor.py:840} INFO - DAG(s) 'example_sensors' retrieved from /home/airflow/.local/lib/python3.12/site-packages/airflow/example_dags/example_sensors.py
[2025-05-02T20:08:59.497+0000] {logging_mixin.py:188} INFO - [2025-05-02T20:08:59.497+0000] {dag.py:3096} INFO - Sync 1 DAGs
[2025-05-02T20:08:59.507+0000] {logging_mixin.py:188} INFO - [2025-05-02T20:08:59.506+0000] {dag.py:3954} INFO - Setting next_dagrun for example_sensors to None, run_after=None
[2025-05-02T20:08:59.525+0000] {processor.py:183} INFO - Processing /home/airflow/.local/lib/python3.12/site-packages/airflow/example_dags/example_sensors.py took 0.060 seconds
[2025-05-02T20:09:32.161+0000] {processor.py:161} INFO - Started process (PID=3134) to work on /home/airflow/.local/lib/python3.12/site-packages/airflow/example_dags/example_sensors.py
[2025-05-02T20:09:32.162+0000] {processor.py:830} INFO - Processing file /home/airflow/.local/lib/python3.12/site-packages/airflow/example_dags/example_sensors.py for tasks to queue
[2025-05-02T20:09:32.163+0000] {logging_mixin.py:188} INFO - [2025-05-02T20:09:32.163+0000] {dagbag.py:545} INFO - Filling up the DagBag from /home/airflow/.local/lib/python3.12/site-packages/airflow/example_dags/example_sensors.py
[2025-05-02T20:09:32.170+0000] {processor.py:840} INFO - DAG(s) 'example_sensors' retrieved from /home/airflow/.local/lib/python3.12/site-packages/airflow/example_dags/example_sensors.py
[2025-05-02T20:09:32.190+0000] {logging_mixin.py:188} INFO - [2025-05-02T20:09:32.189+0000] {dag.py:3096} INFO - Sync 1 DAGs
[2025-05-02T20:09:32.200+0000] {logging_mixin.py:188} INFO - [2025-05-02T20:09:32.200+0000] {dag.py:3954} INFO - Setting next_dagrun for example_sensors to None, run_after=None
[2025-05-02T20:09:32.217+0000] {processor.py:183} INFO - Processing /home/airflow/.local/lib/python3.12/site-packages/airflow/example_dags/example_sensors.py took 0.061 seconds
[2025-05-02T20:10:04.186+0000] {processor.py:161} INFO - Started process (PID=3194) to work on /home/airflow/.local/lib/python3.12/site-packages/airflow/example_dags/example_sensors.py
[2025-05-02T20:10:04.187+0000] {processor.py:830} INFO - Processing file /home/airflow/.local/lib/python3.12/site-packages/airflow/example_dags/example_sensors.py for tasks to queue
[2025-05-02T20:10:04.188+0000] {logging_mixin.py:188} INFO - [2025-05-02T20:10:04.188+0000] {dagbag.py:545} INFO - Filling up the DagBag from /home/airflow/.local/lib/python3.12/site-packages/airflow/example_dags/example_sensors.py
[2025-05-02T20:10:04.196+0000] {processor.py:840} INFO - DAG(s) 'example_sensors' retrieved from /home/airflow/.local/lib/python3.12/site-packages/airflow/example_dags/example_sensors.py
[2025-05-02T20:10:04.219+0000] {logging_mixin.py:188} INFO - [2025-05-02T20:10:04.218+0000] {dag.py:3096} INFO - Sync 1 DAGs
[2025-05-02T20:10:04.229+0000] {logging_mixin.py:188} INFO - [2025-05-02T20:10:04.228+0000] {dag.py:3954} INFO - Setting next_dagrun for example_sensors to None, run_after=None
[2025-05-02T20:10:04.245+0000] {processor.py:183} INFO - Processing /home/airflow/.local/lib/python3.12/site-packages/airflow/example_dags/example_sensors.py took 0.064 seconds
[2025-05-02T20:10:36.191+0000] {processor.py:161} INFO - Started process (PID=3254) to work on /home/airflow/.local/lib/python3.12/site-packages/airflow/example_dags/example_sensors.py
[2025-05-02T20:10:36.191+0000] {processor.py:830} INFO - Processing file /home/airflow/.local/lib/python3.12/site-packages/airflow/example_dags/example_sensors.py for tasks to queue
[2025-05-02T20:10:36.193+0000] {logging_mixin.py:188} INFO - [2025-05-02T20:10:36.192+0000] {dagbag.py:545} INFO - Filling up the DagBag from /home/airflow/.local/lib/python3.12/site-packages/airflow/example_dags/example_sensors.py
[2025-05-02T20:10:36.198+0000] {processor.py:840} INFO - DAG(s) 'example_sensors' retrieved from /home/airflow/.local/lib/python3.12/site-packages/airflow/example_dags/example_sensors.py
[2025-05-02T20:10:36.214+0000] {logging_mixin.py:188} INFO - [2025-05-02T20:10:36.214+0000] {dag.py:3096} INFO - Sync 1 DAGs
[2025-05-02T20:10:36.223+0000] {logging_mixin.py:188} INFO - [2025-05-02T20:10:36.222+0000] {dag.py:3954} INFO - Setting next_dagrun for example_sensors to None, run_after=None
[2025-05-02T20:10:36.236+0000] {processor.py:183} INFO - Processing /home/airflow/.local/lib/python3.12/site-packages/airflow/example_dags/example_sensors.py took 0.050 seconds
[2025-05-02T20:11:09.407+0000] {processor.py:161} INFO - Started process (PID=3314) to work on /home/airflow/.local/lib/python3.12/site-packages/airflow/example_dags/example_sensors.py
[2025-05-02T20:11:09.408+0000] {processor.py:830} INFO - Processing file /home/airflow/.local/lib/python3.12/site-packages/airflow/example_dags/example_sensors.py for tasks to queue
[2025-05-02T20:11:09.410+0000] {logging_mixin.py:188} INFO - [2025-05-02T20:11:09.409+0000] {dagbag.py:545} INFO - Filling up the DagBag from /home/airflow/.local/lib/python3.12/site-packages/airflow/example_dags/example_sensors.py
[2025-05-02T20:11:09.416+0000] {processor.py:840} INFO - DAG(s) 'example_sensors' retrieved from /home/airflow/.local/lib/python3.12/site-packages/airflow/example_dags/example_sensors.py
[2025-05-02T20:11:09.432+0000] {logging_mixin.py:188} INFO - [2025-05-02T20:11:09.432+0000] {dag.py:3096} INFO - Sync 1 DAGs
[2025-05-02T20:11:09.440+0000] {logging_mixin.py:188} INFO - [2025-05-02T20:11:09.440+0000] {dag.py:3954} INFO - Setting next_dagrun for example_sensors to None, run_after=None
[2025-05-02T20:11:09.453+0000] {processor.py:183} INFO - Processing /home/airflow/.local/lib/python3.12/site-packages/airflow/example_dags/example_sensors.py took 0.051 seconds
[2025-05-02T20:11:41.518+0000] {processor.py:161} INFO - Started process (PID=3374) to work on /home/airflow/.local/lib/python3.12/site-packages/airflow/example_dags/example_sensors.py
[2025-05-02T20:11:41.519+0000] {processor.py:830} INFO - Processing file /home/airflow/.local/lib/python3.12/site-packages/airflow/example_dags/example_sensors.py for tasks to queue
[2025-05-02T20:11:41.520+0000] {logging_mixin.py:188} INFO - [2025-05-02T20:11:41.520+0000] {dagbag.py:545} INFO - Filling up the DagBag from /home/airflow/.local/lib/python3.12/site-packages/airflow/example_dags/example_sensors.py
[2025-05-02T20:11:41.526+0000] {processor.py:840} INFO - DAG(s) 'example_sensors' retrieved from /home/airflow/.local/lib/python3.12/site-packages/airflow/example_dags/example_sensors.py
[2025-05-02T20:11:41.547+0000] {logging_mixin.py:188} INFO - [2025-05-02T20:11:41.546+0000] {dag.py:3096} INFO - Sync 1 DAGs
[2025-05-02T20:11:41.557+0000] {logging_mixin.py:188} INFO - [2025-05-02T20:11:41.557+0000] {dag.py:3954} INFO - Setting next_dagrun for example_sensors to None, run_after=None
[2025-05-02T20:11:41.571+0000] {processor.py:183} INFO - Processing /home/airflow/.local/lib/python3.12/site-packages/airflow/example_dags/example_sensors.py took 0.058 seconds
[2025-05-02T20:12:14.686+0000] {processor.py:161} INFO - Started process (PID=3434) to work on /home/airflow/.local/lib/python3.12/site-packages/airflow/example_dags/example_sensors.py
[2025-05-02T20:12:14.687+0000] {processor.py:830} INFO - Processing file /home/airflow/.local/lib/python3.12/site-packages/airflow/example_dags/example_sensors.py for tasks to queue
[2025-05-02T20:12:14.688+0000] {logging_mixin.py:188} INFO - [2025-05-02T20:12:14.688+0000] {dagbag.py:545} INFO - Filling up the DagBag from /home/airflow/.local/lib/python3.12/site-packages/airflow/example_dags/example_sensors.py
[2025-05-02T20:12:14.694+0000] {processor.py:840} INFO - DAG(s) 'example_sensors' retrieved from /home/airflow/.local/lib/python3.12/site-packages/airflow/example_dags/example_sensors.py
[2025-05-02T20:12:14.715+0000] {logging_mixin.py:188} INFO - [2025-05-02T20:12:14.715+0000] {dag.py:3096} INFO - Sync 1 DAGs
[2025-05-02T20:12:14.726+0000] {logging_mixin.py:188} INFO - [2025-05-02T20:12:14.725+0000] {dag.py:3954} INFO - Setting next_dagrun for example_sensors to None, run_after=None
[2025-05-02T20:12:14.740+0000] {processor.py:183} INFO - Processing /home/airflow/.local/lib/python3.12/site-packages/airflow/example_dags/example_sensors.py took 0.058 seconds
[2025-05-02T20:12:46.751+0000] {processor.py:161} INFO - Started process (PID=3494) to work on /home/airflow/.local/lib/python3.12/site-packages/airflow/example_dags/example_sensors.py
[2025-05-02T20:12:46.752+0000] {processor.py:830} INFO - Processing file /home/airflow/.local/lib/python3.12/site-packages/airflow/example_dags/example_sensors.py for tasks to queue
[2025-05-02T20:12:46.753+0000] {logging_mixin.py:188} INFO - [2025-05-02T20:12:46.753+0000] {dagbag.py:545} INFO - Filling up the DagBag from /home/airflow/.local/lib/python3.12/site-packages/airflow/example_dags/example_sensors.py
[2025-05-02T20:12:46.760+0000] {processor.py:840} INFO - DAG(s) 'example_sensors' retrieved from /home/airflow/.local/lib/python3.12/site-packages/airflow/example_dags/example_sensors.py
[2025-05-02T20:12:46.780+0000] {logging_mixin.py:188} INFO - [2025-05-02T20:12:46.779+0000] {dag.py:3096} INFO - Sync 1 DAGs
[2025-05-02T20:12:46.789+0000] {logging_mixin.py:188} INFO - [2025-05-02T20:12:46.788+0000] {dag.py:3954} INFO - Setting next_dagrun for example_sensors to None, run_after=None
[2025-05-02T20:12:46.803+0000] {processor.py:183} INFO - Processing /home/airflow/.local/lib/python3.12/site-packages/airflow/example_dags/example_sensors.py took 0.056 seconds
