[2025-05-02T19:42:20.708+0000] {processor.py:161} INFO - Started process (PID=56) to work on /home/airflow/.local/lib/python3.12/site-packages/airflow/example_dags/example_external_task_marker_dag.py
[2025-05-02T19:42:20.709+0000] {processor.py:830} INFO - Processing file /home/airflow/.local/lib/python3.12/site-packages/airflow/example_dags/example_external_task_marker_dag.py for tasks to queue
[2025-05-02T19:42:20.710+0000] {logging_mixin.py:188} INFO - [2025-05-02T19:42:20.710+0000] {dagbag.py:545} INFO - Filling up the DagBag from /home/airflow/.local/lib/python3.12/site-packages/airflow/example_dags/example_external_task_marker_dag.py
[2025-05-02T19:42:20.720+0000] {processor.py:840} INFO - DAG(s) 'example_external_task_marker_child', 'example_external_task_marker_parent' retrieved from /home/airflow/.local/lib/python3.12/site-packages/airflow/example_dags/example_external_task_marker_dag.py
[2025-05-02T19:42:20.812+0000] {logging_mixin.py:188} INFO - [2025-05-02T19:42:20.811+0000] {override.py:1829} INFO - Created Permission View: can edit on DAG:example_external_task_marker_child
[2025-05-02T19:42:20.820+0000] {logging_mixin.py:188} INFO - [2025-05-02T19:42:20.820+0000] {override.py:1829} INFO - Created Permission View: can read on DAG:example_external_task_marker_child
[2025-05-02T19:42:20.825+0000] {logging_mixin.py:188} INFO - [2025-05-02T19:42:20.825+0000] {override.py:1829} INFO - Created Permission View: can delete on DAG:example_external_task_marker_child
[2025-05-02T19:42:20.837+0000] {logging_mixin.py:188} INFO - [2025-05-02T19:42:20.837+0000] {override.py:1829} INFO - Created Permission View: can edit on DAG:example_external_task_marker_parent
[2025-05-02T19:42:20.842+0000] {logging_mixin.py:188} INFO - [2025-05-02T19:42:20.841+0000] {override.py:1829} INFO - Created Permission View: can read on DAG:example_external_task_marker_parent
[2025-05-02T19:42:20.847+0000] {logging_mixin.py:188} INFO - [2025-05-02T19:42:20.847+0000] {override.py:1829} INFO - Created Permission View: can delete on DAG:example_external_task_marker_parent
[2025-05-02T19:42:20.848+0000] {logging_mixin.py:188} INFO - [2025-05-02T19:42:20.848+0000] {dag.py:3096} INFO - Sync 2 DAGs
[2025-05-02T19:42:20.862+0000] {logging_mixin.py:188} INFO - [2025-05-02T19:42:20.861+0000] {dag.py:3118} INFO - Creating ORM DAG for example_external_task_marker_child
[2025-05-02T19:42:20.863+0000] {logging_mixin.py:188} INFO - [2025-05-02T19:42:20.862+0000] {dag.py:3118} INFO - Creating ORM DAG for example_external_task_marker_parent
[2025-05-02T19:42:20.864+0000] {logging_mixin.py:188} INFO - [2025-05-02T19:42:20.863+0000] {dag.py:3954} INFO - Setting next_dagrun for example_external_task_marker_child to None, run_after=None
[2025-05-02T19:42:20.864+0000] {logging_mixin.py:188} INFO - [2025-05-02T19:42:20.864+0000] {dag.py:3954} INFO - Setting next_dagrun for example_external_task_marker_parent to None, run_after=None
[2025-05-02T19:42:20.883+0000] {processor.py:183} INFO - Processing /home/airflow/.local/lib/python3.12/site-packages/airflow/example_dags/example_external_task_marker_dag.py took 0.179 seconds
[2025-05-02T19:42:50.925+0000] {processor.py:161} INFO - Started process (PID=116) to work on /home/airflow/.local/lib/python3.12/site-packages/airflow/example_dags/example_external_task_marker_dag.py
[2025-05-02T19:42:50.926+0000] {processor.py:830} INFO - Processing file /home/airflow/.local/lib/python3.12/site-packages/airflow/example_dags/example_external_task_marker_dag.py for tasks to queue
[2025-05-02T19:42:50.927+0000] {logging_mixin.py:188} INFO - [2025-05-02T19:42:50.927+0000] {dagbag.py:545} INFO - Filling up the DagBag from /home/airflow/.local/lib/python3.12/site-packages/airflow/example_dags/example_external_task_marker_dag.py
[2025-05-02T19:42:50.931+0000] {processor.py:840} INFO - DAG(s) 'example_external_task_marker_child', 'example_external_task_marker_parent' retrieved from /home/airflow/.local/lib/python3.12/site-packages/airflow/example_dags/example_external_task_marker_dag.py
[2025-05-02T19:42:50.949+0000] {logging_mixin.py:188} INFO - [2025-05-02T19:42:50.948+0000] {dag.py:3096} INFO - Sync 2 DAGs
[2025-05-02T19:42:50.959+0000] {logging_mixin.py:188} INFO - [2025-05-02T19:42:50.959+0000] {dag.py:3954} INFO - Setting next_dagrun for example_external_task_marker_child to None, run_after=None
[2025-05-02T19:42:50.962+0000] {logging_mixin.py:188} INFO - [2025-05-02T19:42:50.962+0000] {dag.py:3954} INFO - Setting next_dagrun for example_external_task_marker_parent to None, run_after=None
[2025-05-02T19:42:50.974+0000] {processor.py:183} INFO - Processing /home/airflow/.local/lib/python3.12/site-packages/airflow/example_dags/example_external_task_marker_dag.py took 0.054 seconds
[2025-05-02T19:43:21.020+0000] {processor.py:161} INFO - Started process (PID=176) to work on /home/airflow/.local/lib/python3.12/site-packages/airflow/example_dags/example_external_task_marker_dag.py
[2025-05-02T19:43:21.021+0000] {processor.py:830} INFO - Processing file /home/airflow/.local/lib/python3.12/site-packages/airflow/example_dags/example_external_task_marker_dag.py for tasks to queue
[2025-05-02T19:43:21.023+0000] {logging_mixin.py:188} INFO - [2025-05-02T19:43:21.023+0000] {dagbag.py:545} INFO - Filling up the DagBag from /home/airflow/.local/lib/python3.12/site-packages/airflow/example_dags/example_external_task_marker_dag.py
[2025-05-02T19:43:21.028+0000] {processor.py:840} INFO - DAG(s) 'example_external_task_marker_child', 'example_external_task_marker_parent' retrieved from /home/airflow/.local/lib/python3.12/site-packages/airflow/example_dags/example_external_task_marker_dag.py
[2025-05-02T19:43:21.046+0000] {logging_mixin.py:188} INFO - [2025-05-02T19:43:21.046+0000] {dag.py:3096} INFO - Sync 2 DAGs
[2025-05-02T19:43:21.058+0000] {logging_mixin.py:188} INFO - [2025-05-02T19:43:21.058+0000] {dag.py:3954} INFO - Setting next_dagrun for example_external_task_marker_child to None, run_after=None
[2025-05-02T19:43:21.061+0000] {logging_mixin.py:188} INFO - [2025-05-02T19:43:21.061+0000] {dag.py:3954} INFO - Setting next_dagrun for example_external_task_marker_parent to None, run_after=None
[2025-05-02T19:43:21.075+0000] {processor.py:183} INFO - Processing /home/airflow/.local/lib/python3.12/site-packages/airflow/example_dags/example_external_task_marker_dag.py took 0.059 seconds
[2025-05-02T19:43:52.032+0000] {processor.py:161} INFO - Started process (PID=236) to work on /home/airflow/.local/lib/python3.12/site-packages/airflow/example_dags/example_external_task_marker_dag.py
[2025-05-02T19:43:52.033+0000] {processor.py:830} INFO - Processing file /home/airflow/.local/lib/python3.12/site-packages/airflow/example_dags/example_external_task_marker_dag.py for tasks to queue
[2025-05-02T19:43:52.034+0000] {logging_mixin.py:188} INFO - [2025-05-02T19:43:52.034+0000] {dagbag.py:545} INFO - Filling up the DagBag from /home/airflow/.local/lib/python3.12/site-packages/airflow/example_dags/example_external_task_marker_dag.py
[2025-05-02T19:43:52.038+0000] {processor.py:840} INFO - DAG(s) 'example_external_task_marker_parent', 'example_external_task_marker_child' retrieved from /home/airflow/.local/lib/python3.12/site-packages/airflow/example_dags/example_external_task_marker_dag.py
[2025-05-02T19:43:52.054+0000] {logging_mixin.py:188} INFO - [2025-05-02T19:43:52.054+0000] {dag.py:3096} INFO - Sync 2 DAGs
[2025-05-02T19:43:52.063+0000] {logging_mixin.py:188} INFO - [2025-05-02T19:43:52.063+0000] {dag.py:3954} INFO - Setting next_dagrun for example_external_task_marker_child to None, run_after=None
[2025-05-02T19:43:52.066+0000] {logging_mixin.py:188} INFO - [2025-05-02T19:43:52.066+0000] {dag.py:3954} INFO - Setting next_dagrun for example_external_task_marker_parent to None, run_after=None
[2025-05-02T19:43:52.080+0000] {processor.py:183} INFO - Processing /home/airflow/.local/lib/python3.12/site-packages/airflow/example_dags/example_external_task_marker_dag.py took 0.051 seconds
[2025-05-02T19:44:22.718+0000] {processor.py:161} INFO - Started process (PID=296) to work on /home/airflow/.local/lib/python3.12/site-packages/airflow/example_dags/example_external_task_marker_dag.py
[2025-05-02T19:44:22.719+0000] {processor.py:830} INFO - Processing file /home/airflow/.local/lib/python3.12/site-packages/airflow/example_dags/example_external_task_marker_dag.py for tasks to queue
[2025-05-02T19:44:22.720+0000] {logging_mixin.py:188} INFO - [2025-05-02T19:44:22.720+0000] {dagbag.py:545} INFO - Filling up the DagBag from /home/airflow/.local/lib/python3.12/site-packages/airflow/example_dags/example_external_task_marker_dag.py
[2025-05-02T19:44:22.726+0000] {processor.py:840} INFO - DAG(s) 'example_external_task_marker_child', 'example_external_task_marker_parent' retrieved from /home/airflow/.local/lib/python3.12/site-packages/airflow/example_dags/example_external_task_marker_dag.py
[2025-05-02T19:44:22.745+0000] {logging_mixin.py:188} INFO - [2025-05-02T19:44:22.744+0000] {dag.py:3096} INFO - Sync 2 DAGs
[2025-05-02T19:44:22.754+0000] {logging_mixin.py:188} INFO - [2025-05-02T19:44:22.754+0000] {dag.py:3954} INFO - Setting next_dagrun for example_external_task_marker_child to None, run_after=None
[2025-05-02T19:44:22.757+0000] {logging_mixin.py:188} INFO - [2025-05-02T19:44:22.757+0000] {dag.py:3954} INFO - Setting next_dagrun for example_external_task_marker_parent to None, run_after=None
[2025-05-02T19:44:22.770+0000] {processor.py:183} INFO - Processing /home/airflow/.local/lib/python3.12/site-packages/airflow/example_dags/example_external_task_marker_dag.py took 0.057 seconds
[2025-05-02T19:44:53.885+0000] {processor.py:161} INFO - Started process (PID=356) to work on /home/airflow/.local/lib/python3.12/site-packages/airflow/example_dags/example_external_task_marker_dag.py
[2025-05-02T19:44:53.886+0000] {processor.py:830} INFO - Processing file /home/airflow/.local/lib/python3.12/site-packages/airflow/example_dags/example_external_task_marker_dag.py for tasks to queue
[2025-05-02T19:44:53.887+0000] {logging_mixin.py:188} INFO - [2025-05-02T19:44:53.887+0000] {dagbag.py:545} INFO - Filling up the DagBag from /home/airflow/.local/lib/python3.12/site-packages/airflow/example_dags/example_external_task_marker_dag.py
[2025-05-02T19:44:53.892+0000] {processor.py:840} INFO - DAG(s) 'example_external_task_marker_parent', 'example_external_task_marker_child' retrieved from /home/airflow/.local/lib/python3.12/site-packages/airflow/example_dags/example_external_task_marker_dag.py
[2025-05-02T19:44:53.912+0000] {logging_mixin.py:188} INFO - [2025-05-02T19:44:53.912+0000] {dag.py:3096} INFO - Sync 2 DAGs
[2025-05-02T19:44:53.923+0000] {logging_mixin.py:188} INFO - [2025-05-02T19:44:53.923+0000] {dag.py:3954} INFO - Setting next_dagrun for example_external_task_marker_child to None, run_after=None
[2025-05-02T19:44:53.927+0000] {logging_mixin.py:188} INFO - [2025-05-02T19:44:53.927+0000] {dag.py:3954} INFO - Setting next_dagrun for example_external_task_marker_parent to None, run_after=None
[2025-05-02T19:44:53.940+0000] {processor.py:183} INFO - Processing /home/airflow/.local/lib/python3.12/site-packages/airflow/example_dags/example_external_task_marker_dag.py took 0.060 seconds
[2025-05-02T19:45:24.120+0000] {processor.py:161} INFO - Started process (PID=416) to work on /home/airflow/.local/lib/python3.12/site-packages/airflow/example_dags/example_external_task_marker_dag.py
[2025-05-02T19:45:24.121+0000] {processor.py:830} INFO - Processing file /home/airflow/.local/lib/python3.12/site-packages/airflow/example_dags/example_external_task_marker_dag.py for tasks to queue
[2025-05-02T19:45:24.123+0000] {logging_mixin.py:188} INFO - [2025-05-02T19:45:24.122+0000] {dagbag.py:545} INFO - Filling up the DagBag from /home/airflow/.local/lib/python3.12/site-packages/airflow/example_dags/example_external_task_marker_dag.py
[2025-05-02T19:45:24.128+0000] {processor.py:840} INFO - DAG(s) 'example_external_task_marker_child', 'example_external_task_marker_parent' retrieved from /home/airflow/.local/lib/python3.12/site-packages/airflow/example_dags/example_external_task_marker_dag.py
[2025-05-02T19:45:24.147+0000] {logging_mixin.py:188} INFO - [2025-05-02T19:45:24.147+0000] {dag.py:3096} INFO - Sync 2 DAGs
[2025-05-02T19:45:24.160+0000] {logging_mixin.py:188} INFO - [2025-05-02T19:45:24.160+0000] {dag.py:3954} INFO - Setting next_dagrun for example_external_task_marker_child to None, run_after=None
[2025-05-02T19:45:24.164+0000] {logging_mixin.py:188} INFO - [2025-05-02T19:45:24.164+0000] {dag.py:3954} INFO - Setting next_dagrun for example_external_task_marker_parent to None, run_after=None
[2025-05-02T19:45:24.180+0000] {processor.py:183} INFO - Processing /home/airflow/.local/lib/python3.12/site-packages/airflow/example_dags/example_external_task_marker_dag.py took 0.064 seconds
[2025-05-02T19:45:54.208+0000] {processor.py:161} INFO - Started process (PID=474) to work on /home/airflow/.local/lib/python3.12/site-packages/airflow/example_dags/example_external_task_marker_dag.py
[2025-05-02T19:45:54.208+0000] {processor.py:830} INFO - Processing file /home/airflow/.local/lib/python3.12/site-packages/airflow/example_dags/example_external_task_marker_dag.py for tasks to queue
[2025-05-02T19:45:54.210+0000] {logging_mixin.py:188} INFO - [2025-05-02T19:45:54.209+0000] {dagbag.py:545} INFO - Filling up the DagBag from /home/airflow/.local/lib/python3.12/site-packages/airflow/example_dags/example_external_task_marker_dag.py
[2025-05-02T19:45:54.215+0000] {processor.py:840} INFO - DAG(s) 'example_external_task_marker_child', 'example_external_task_marker_parent' retrieved from /home/airflow/.local/lib/python3.12/site-packages/airflow/example_dags/example_external_task_marker_dag.py
[2025-05-02T19:45:54.232+0000] {logging_mixin.py:188} INFO - [2025-05-02T19:45:54.232+0000] {dag.py:3096} INFO - Sync 2 DAGs
[2025-05-02T19:45:54.241+0000] {logging_mixin.py:188} INFO - [2025-05-02T19:45:54.241+0000] {dag.py:3954} INFO - Setting next_dagrun for example_external_task_marker_child to None, run_after=None
[2025-05-02T19:45:54.245+0000] {logging_mixin.py:188} INFO - [2025-05-02T19:45:54.244+0000] {dag.py:3954} INFO - Setting next_dagrun for example_external_task_marker_parent to None, run_after=None
[2025-05-02T19:45:54.258+0000] {processor.py:183} INFO - Processing /home/airflow/.local/lib/python3.12/site-packages/airflow/example_dags/example_external_task_marker_dag.py took 0.055 seconds
[2025-05-02T19:46:24.481+0000] {processor.py:161} INFO - Started process (PID=534) to work on /home/airflow/.local/lib/python3.12/site-packages/airflow/example_dags/example_external_task_marker_dag.py
[2025-05-02T19:46:24.482+0000] {processor.py:830} INFO - Processing file /home/airflow/.local/lib/python3.12/site-packages/airflow/example_dags/example_external_task_marker_dag.py for tasks to queue
[2025-05-02T19:46:24.484+0000] {logging_mixin.py:188} INFO - [2025-05-02T19:46:24.484+0000] {dagbag.py:545} INFO - Filling up the DagBag from /home/airflow/.local/lib/python3.12/site-packages/airflow/example_dags/example_external_task_marker_dag.py
[2025-05-02T19:46:24.490+0000] {processor.py:840} INFO - DAG(s) 'example_external_task_marker_parent', 'example_external_task_marker_child' retrieved from /home/airflow/.local/lib/python3.12/site-packages/airflow/example_dags/example_external_task_marker_dag.py
[2025-05-02T19:46:24.510+0000] {logging_mixin.py:188} INFO - [2025-05-02T19:46:24.509+0000] {dag.py:3096} INFO - Sync 2 DAGs
[2025-05-02T19:46:24.521+0000] {logging_mixin.py:188} INFO - [2025-05-02T19:46:24.521+0000] {dag.py:3954} INFO - Setting next_dagrun for example_external_task_marker_child to None, run_after=None
[2025-05-02T19:46:24.525+0000] {logging_mixin.py:188} INFO - [2025-05-02T19:46:24.524+0000] {dag.py:3954} INFO - Setting next_dagrun for example_external_task_marker_parent to None, run_after=None
[2025-05-02T19:46:24.536+0000] {processor.py:183} INFO - Processing /home/airflow/.local/lib/python3.12/site-packages/airflow/example_dags/example_external_task_marker_dag.py took 0.060 seconds
[2025-05-02T19:46:54.842+0000] {processor.py:161} INFO - Started process (PID=594) to work on /home/airflow/.local/lib/python3.12/site-packages/airflow/example_dags/example_external_task_marker_dag.py
[2025-05-02T19:46:54.843+0000] {processor.py:830} INFO - Processing file /home/airflow/.local/lib/python3.12/site-packages/airflow/example_dags/example_external_task_marker_dag.py for tasks to queue
[2025-05-02T19:46:54.845+0000] {logging_mixin.py:188} INFO - [2025-05-02T19:46:54.844+0000] {dagbag.py:545} INFO - Filling up the DagBag from /home/airflow/.local/lib/python3.12/site-packages/airflow/example_dags/example_external_task_marker_dag.py
[2025-05-02T19:46:54.850+0000] {processor.py:840} INFO - DAG(s) 'example_external_task_marker_parent', 'example_external_task_marker_child' retrieved from /home/airflow/.local/lib/python3.12/site-packages/airflow/example_dags/example_external_task_marker_dag.py
[2025-05-02T19:46:54.866+0000] {logging_mixin.py:188} INFO - [2025-05-02T19:46:54.866+0000] {dag.py:3096} INFO - Sync 2 DAGs
[2025-05-02T19:46:54.876+0000] {logging_mixin.py:188} INFO - [2025-05-02T19:46:54.875+0000] {dag.py:3954} INFO - Setting next_dagrun for example_external_task_marker_child to None, run_after=None
[2025-05-02T19:46:54.878+0000] {logging_mixin.py:188} INFO - [2025-05-02T19:46:54.878+0000] {dag.py:3954} INFO - Setting next_dagrun for example_external_task_marker_parent to None, run_after=None
[2025-05-02T19:46:54.925+0000] {processor.py:183} INFO - Processing /home/airflow/.local/lib/python3.12/site-packages/airflow/example_dags/example_external_task_marker_dag.py took 0.088 seconds
[2025-05-02T19:47:25.168+0000] {processor.py:161} INFO - Started process (PID=654) to work on /home/airflow/.local/lib/python3.12/site-packages/airflow/example_dags/example_external_task_marker_dag.py
[2025-05-02T19:47:25.169+0000] {processor.py:830} INFO - Processing file /home/airflow/.local/lib/python3.12/site-packages/airflow/example_dags/example_external_task_marker_dag.py for tasks to queue
[2025-05-02T19:47:25.170+0000] {logging_mixin.py:188} INFO - [2025-05-02T19:47:25.170+0000] {dagbag.py:545} INFO - Filling up the DagBag from /home/airflow/.local/lib/python3.12/site-packages/airflow/example_dags/example_external_task_marker_dag.py
[2025-05-02T19:47:25.176+0000] {processor.py:840} INFO - DAG(s) 'example_external_task_marker_child', 'example_external_task_marker_parent' retrieved from /home/airflow/.local/lib/python3.12/site-packages/airflow/example_dags/example_external_task_marker_dag.py
[2025-05-02T19:47:25.195+0000] {logging_mixin.py:188} INFO - [2025-05-02T19:47:25.195+0000] {dag.py:3096} INFO - Sync 2 DAGs
[2025-05-02T19:47:25.207+0000] {logging_mixin.py:188} INFO - [2025-05-02T19:47:25.207+0000] {dag.py:3954} INFO - Setting next_dagrun for example_external_task_marker_child to None, run_after=None
[2025-05-02T19:47:25.210+0000] {logging_mixin.py:188} INFO - [2025-05-02T19:47:25.210+0000] {dag.py:3954} INFO - Setting next_dagrun for example_external_task_marker_parent to None, run_after=None
[2025-05-02T19:47:25.223+0000] {processor.py:183} INFO - Processing /home/airflow/.local/lib/python3.12/site-packages/airflow/example_dags/example_external_task_marker_dag.py took 0.061 seconds
[2025-05-02T19:47:55.621+0000] {processor.py:161} INFO - Started process (PID=708) to work on /home/airflow/.local/lib/python3.12/site-packages/airflow/example_dags/example_external_task_marker_dag.py
[2025-05-02T19:47:55.622+0000] {processor.py:830} INFO - Processing file /home/airflow/.local/lib/python3.12/site-packages/airflow/example_dags/example_external_task_marker_dag.py for tasks to queue
[2025-05-02T19:47:55.624+0000] {logging_mixin.py:188} INFO - [2025-05-02T19:47:55.624+0000] {dagbag.py:545} INFO - Filling up the DagBag from /home/airflow/.local/lib/python3.12/site-packages/airflow/example_dags/example_external_task_marker_dag.py
[2025-05-02T19:47:55.629+0000] {processor.py:840} INFO - DAG(s) 'example_external_task_marker_child', 'example_external_task_marker_parent' retrieved from /home/airflow/.local/lib/python3.12/site-packages/airflow/example_dags/example_external_task_marker_dag.py
[2025-05-02T19:47:55.647+0000] {logging_mixin.py:188} INFO - [2025-05-02T19:47:55.646+0000] {dag.py:3096} INFO - Sync 2 DAGs
[2025-05-02T19:47:55.658+0000] {logging_mixin.py:188} INFO - [2025-05-02T19:47:55.658+0000] {dag.py:3954} INFO - Setting next_dagrun for example_external_task_marker_child to None, run_after=None
[2025-05-02T19:47:55.662+0000] {logging_mixin.py:188} INFO - [2025-05-02T19:47:55.662+0000] {dag.py:3954} INFO - Setting next_dagrun for example_external_task_marker_parent to None, run_after=None
[2025-05-02T19:47:55.675+0000] {processor.py:183} INFO - Processing /home/airflow/.local/lib/python3.12/site-packages/airflow/example_dags/example_external_task_marker_dag.py took 0.060 seconds
[2025-05-02T19:48:25.966+0000] {processor.py:161} INFO - Started process (PID=768) to work on /home/airflow/.local/lib/python3.12/site-packages/airflow/example_dags/example_external_task_marker_dag.py
[2025-05-02T19:48:25.967+0000] {processor.py:830} INFO - Processing file /home/airflow/.local/lib/python3.12/site-packages/airflow/example_dags/example_external_task_marker_dag.py for tasks to queue
[2025-05-02T19:48:25.968+0000] {logging_mixin.py:188} INFO - [2025-05-02T19:48:25.968+0000] {dagbag.py:545} INFO - Filling up the DagBag from /home/airflow/.local/lib/python3.12/site-packages/airflow/example_dags/example_external_task_marker_dag.py
[2025-05-02T19:48:25.974+0000] {processor.py:840} INFO - DAG(s) 'example_external_task_marker_child', 'example_external_task_marker_parent' retrieved from /home/airflow/.local/lib/python3.12/site-packages/airflow/example_dags/example_external_task_marker_dag.py
[2025-05-02T19:48:25.992+0000] {logging_mixin.py:188} INFO - [2025-05-02T19:48:25.991+0000] {dag.py:3096} INFO - Sync 2 DAGs
[2025-05-02T19:48:26.001+0000] {logging_mixin.py:188} INFO - [2025-05-02T19:48:26.001+0000] {dag.py:3954} INFO - Setting next_dagrun for example_external_task_marker_child to None, run_after=None
[2025-05-02T19:48:26.003+0000] {logging_mixin.py:188} INFO - [2025-05-02T19:48:26.003+0000] {dag.py:3954} INFO - Setting next_dagrun for example_external_task_marker_parent to None, run_after=None
[2025-05-02T19:48:26.015+0000] {processor.py:183} INFO - Processing /home/airflow/.local/lib/python3.12/site-packages/airflow/example_dags/example_external_task_marker_dag.py took 0.053 seconds
[2025-05-02T19:48:56.165+0000] {processor.py:161} INFO - Started process (PID=828) to work on /home/airflow/.local/lib/python3.12/site-packages/airflow/example_dags/example_external_task_marker_dag.py
[2025-05-02T19:48:56.166+0000] {processor.py:830} INFO - Processing file /home/airflow/.local/lib/python3.12/site-packages/airflow/example_dags/example_external_task_marker_dag.py for tasks to queue
[2025-05-02T19:48:56.168+0000] {logging_mixin.py:188} INFO - [2025-05-02T19:48:56.167+0000] {dagbag.py:545} INFO - Filling up the DagBag from /home/airflow/.local/lib/python3.12/site-packages/airflow/example_dags/example_external_task_marker_dag.py
[2025-05-02T19:48:56.173+0000] {processor.py:840} INFO - DAG(s) 'example_external_task_marker_child', 'example_external_task_marker_parent' retrieved from /home/airflow/.local/lib/python3.12/site-packages/airflow/example_dags/example_external_task_marker_dag.py
[2025-05-02T19:48:56.194+0000] {logging_mixin.py:188} INFO - [2025-05-02T19:48:56.194+0000] {dag.py:3096} INFO - Sync 2 DAGs
[2025-05-02T19:48:56.206+0000] {logging_mixin.py:188} INFO - [2025-05-02T19:48:56.206+0000] {dag.py:3954} INFO - Setting next_dagrun for example_external_task_marker_child to None, run_after=None
[2025-05-02T19:48:56.210+0000] {logging_mixin.py:188} INFO - [2025-05-02T19:48:56.210+0000] {dag.py:3954} INFO - Setting next_dagrun for example_external_task_marker_parent to None, run_after=None
[2025-05-02T19:48:56.223+0000] {processor.py:183} INFO - Processing /home/airflow/.local/lib/python3.12/site-packages/airflow/example_dags/example_external_task_marker_dag.py took 0.063 seconds
[2025-05-02T19:49:28.758+0000] {processor.py:161} INFO - Started process (PID=889) to work on /home/airflow/.local/lib/python3.12/site-packages/airflow/example_dags/example_external_task_marker_dag.py
[2025-05-02T19:49:28.759+0000] {processor.py:830} INFO - Processing file /home/airflow/.local/lib/python3.12/site-packages/airflow/example_dags/example_external_task_marker_dag.py for tasks to queue
[2025-05-02T19:49:28.760+0000] {logging_mixin.py:188} INFO - [2025-05-02T19:49:28.760+0000] {dagbag.py:545} INFO - Filling up the DagBag from /home/airflow/.local/lib/python3.12/site-packages/airflow/example_dags/example_external_task_marker_dag.py
[2025-05-02T19:49:28.766+0000] {processor.py:840} INFO - DAG(s) 'example_external_task_marker_parent', 'example_external_task_marker_child' retrieved from /home/airflow/.local/lib/python3.12/site-packages/airflow/example_dags/example_external_task_marker_dag.py
[2025-05-02T19:49:28.788+0000] {logging_mixin.py:188} INFO - [2025-05-02T19:49:28.788+0000] {dag.py:3096} INFO - Sync 2 DAGs
[2025-05-02T19:49:28.798+0000] {logging_mixin.py:188} INFO - [2025-05-02T19:49:28.798+0000] {dag.py:3954} INFO - Setting next_dagrun for example_external_task_marker_child to None, run_after=None
[2025-05-02T19:49:28.802+0000] {logging_mixin.py:188} INFO - [2025-05-02T19:49:28.801+0000] {dag.py:3954} INFO - Setting next_dagrun for example_external_task_marker_parent to None, run_after=None
[2025-05-02T19:49:28.816+0000] {processor.py:183} INFO - Processing /home/airflow/.local/lib/python3.12/site-packages/airflow/example_dags/example_external_task_marker_dag.py took 0.062 seconds
[2025-05-02T19:50:00.795+0000] {processor.py:161} INFO - Started process (PID=949) to work on /home/airflow/.local/lib/python3.12/site-packages/airflow/example_dags/example_external_task_marker_dag.py
[2025-05-02T19:50:00.796+0000] {processor.py:830} INFO - Processing file /home/airflow/.local/lib/python3.12/site-packages/airflow/example_dags/example_external_task_marker_dag.py for tasks to queue
[2025-05-02T19:50:00.797+0000] {logging_mixin.py:188} INFO - [2025-05-02T19:50:00.797+0000] {dagbag.py:545} INFO - Filling up the DagBag from /home/airflow/.local/lib/python3.12/site-packages/airflow/example_dags/example_external_task_marker_dag.py
[2025-05-02T19:50:00.802+0000] {processor.py:840} INFO - DAG(s) 'example_external_task_marker_parent', 'example_external_task_marker_child' retrieved from /home/airflow/.local/lib/python3.12/site-packages/airflow/example_dags/example_external_task_marker_dag.py
[2025-05-02T19:50:00.824+0000] {logging_mixin.py:188} INFO - [2025-05-02T19:50:00.823+0000] {dag.py:3096} INFO - Sync 2 DAGs
[2025-05-02T19:50:00.836+0000] {logging_mixin.py:188} INFO - [2025-05-02T19:50:00.836+0000] {dag.py:3954} INFO - Setting next_dagrun for example_external_task_marker_child to None, run_after=None
[2025-05-02T19:50:00.839+0000] {logging_mixin.py:188} INFO - [2025-05-02T19:50:00.839+0000] {dag.py:3954} INFO - Setting next_dagrun for example_external_task_marker_parent to None, run_after=None
[2025-05-02T19:50:00.851+0000] {processor.py:183} INFO - Processing /home/airflow/.local/lib/python3.12/site-packages/airflow/example_dags/example_external_task_marker_dag.py took 0.061 seconds
[2025-05-02T19:50:33.718+0000] {processor.py:161} INFO - Started process (PID=1011) to work on /home/airflow/.local/lib/python3.12/site-packages/airflow/example_dags/example_external_task_marker_dag.py
[2025-05-02T19:50:33.719+0000] {processor.py:830} INFO - Processing file /home/airflow/.local/lib/python3.12/site-packages/airflow/example_dags/example_external_task_marker_dag.py for tasks to queue
[2025-05-02T19:50:33.721+0000] {logging_mixin.py:188} INFO - [2025-05-02T19:50:33.720+0000] {dagbag.py:545} INFO - Filling up the DagBag from /home/airflow/.local/lib/python3.12/site-packages/airflow/example_dags/example_external_task_marker_dag.py
[2025-05-02T19:50:33.727+0000] {processor.py:840} INFO - DAG(s) 'example_external_task_marker_parent', 'example_external_task_marker_child' retrieved from /home/airflow/.local/lib/python3.12/site-packages/airflow/example_dags/example_external_task_marker_dag.py
[2025-05-02T19:50:33.747+0000] {logging_mixin.py:188} INFO - [2025-05-02T19:50:33.747+0000] {dag.py:3096} INFO - Sync 2 DAGs
[2025-05-02T19:50:33.758+0000] {logging_mixin.py:188} INFO - [2025-05-02T19:50:33.758+0000] {dag.py:3954} INFO - Setting next_dagrun for example_external_task_marker_child to None, run_after=None
[2025-05-02T19:50:33.761+0000] {logging_mixin.py:188} INFO - [2025-05-02T19:50:33.761+0000] {dag.py:3954} INFO - Setting next_dagrun for example_external_task_marker_parent to None, run_after=None
[2025-05-02T19:50:33.775+0000] {processor.py:183} INFO - Processing /home/airflow/.local/lib/python3.12/site-packages/airflow/example_dags/example_external_task_marker_dag.py took 0.063 seconds
[2025-05-02T19:51:05.913+0000] {processor.py:161} INFO - Started process (PID=1071) to work on /home/airflow/.local/lib/python3.12/site-packages/airflow/example_dags/example_external_task_marker_dag.py
[2025-05-02T19:51:05.914+0000] {processor.py:830} INFO - Processing file /home/airflow/.local/lib/python3.12/site-packages/airflow/example_dags/example_external_task_marker_dag.py for tasks to queue
[2025-05-02T19:51:05.915+0000] {logging_mixin.py:188} INFO - [2025-05-02T19:51:05.915+0000] {dagbag.py:545} INFO - Filling up the DagBag from /home/airflow/.local/lib/python3.12/site-packages/airflow/example_dags/example_external_task_marker_dag.py
[2025-05-02T19:51:05.920+0000] {processor.py:840} INFO - DAG(s) 'example_external_task_marker_parent', 'example_external_task_marker_child' retrieved from /home/airflow/.local/lib/python3.12/site-packages/airflow/example_dags/example_external_task_marker_dag.py
[2025-05-02T19:51:05.939+0000] {logging_mixin.py:188} INFO - [2025-05-02T19:51:05.939+0000] {dag.py:3096} INFO - Sync 2 DAGs
[2025-05-02T19:51:05.950+0000] {logging_mixin.py:188} INFO - [2025-05-02T19:51:05.950+0000] {dag.py:3954} INFO - Setting next_dagrun for example_external_task_marker_child to None, run_after=None
[2025-05-02T19:51:05.954+0000] {logging_mixin.py:188} INFO - [2025-05-02T19:51:05.954+0000] {dag.py:3954} INFO - Setting next_dagrun for example_external_task_marker_parent to None, run_after=None
[2025-05-02T19:51:05.969+0000] {processor.py:183} INFO - Processing /home/airflow/.local/lib/python3.12/site-packages/airflow/example_dags/example_external_task_marker_dag.py took 0.060 seconds
[2025-05-02T19:51:38.240+0000] {processor.py:161} INFO - Started process (PID=1131) to work on /home/airflow/.local/lib/python3.12/site-packages/airflow/example_dags/example_external_task_marker_dag.py
[2025-05-02T19:51:38.241+0000] {processor.py:830} INFO - Processing file /home/airflow/.local/lib/python3.12/site-packages/airflow/example_dags/example_external_task_marker_dag.py for tasks to queue
[2025-05-02T19:51:38.243+0000] {logging_mixin.py:188} INFO - [2025-05-02T19:51:38.242+0000] {dagbag.py:545} INFO - Filling up the DagBag from /home/airflow/.local/lib/python3.12/site-packages/airflow/example_dags/example_external_task_marker_dag.py
[2025-05-02T19:51:38.248+0000] {processor.py:840} INFO - DAG(s) 'example_external_task_marker_child', 'example_external_task_marker_parent' retrieved from /home/airflow/.local/lib/python3.12/site-packages/airflow/example_dags/example_external_task_marker_dag.py
[2025-05-02T19:51:38.268+0000] {logging_mixin.py:188} INFO - [2025-05-02T19:51:38.268+0000] {dag.py:3096} INFO - Sync 2 DAGs
[2025-05-02T19:51:38.280+0000] {logging_mixin.py:188} INFO - [2025-05-02T19:51:38.279+0000] {dag.py:3954} INFO - Setting next_dagrun for example_external_task_marker_child to None, run_after=None
[2025-05-02T19:51:38.283+0000] {logging_mixin.py:188} INFO - [2025-05-02T19:51:38.283+0000] {dag.py:3954} INFO - Setting next_dagrun for example_external_task_marker_parent to None, run_after=None
[2025-05-02T19:51:38.297+0000] {processor.py:183} INFO - Processing /home/airflow/.local/lib/python3.12/site-packages/airflow/example_dags/example_external_task_marker_dag.py took 0.062 seconds
[2025-05-02T19:52:10.462+0000] {processor.py:161} INFO - Started process (PID=1191) to work on /home/airflow/.local/lib/python3.12/site-packages/airflow/example_dags/example_external_task_marker_dag.py
[2025-05-02T19:52:10.463+0000] {processor.py:830} INFO - Processing file /home/airflow/.local/lib/python3.12/site-packages/airflow/example_dags/example_external_task_marker_dag.py for tasks to queue
[2025-05-02T19:52:10.465+0000] {logging_mixin.py:188} INFO - [2025-05-02T19:52:10.464+0000] {dagbag.py:545} INFO - Filling up the DagBag from /home/airflow/.local/lib/python3.12/site-packages/airflow/example_dags/example_external_task_marker_dag.py
[2025-05-02T19:52:10.471+0000] {processor.py:840} INFO - DAG(s) 'example_external_task_marker_child', 'example_external_task_marker_parent' retrieved from /home/airflow/.local/lib/python3.12/site-packages/airflow/example_dags/example_external_task_marker_dag.py
[2025-05-02T19:52:10.493+0000] {logging_mixin.py:188} INFO - [2025-05-02T19:52:10.493+0000] {dag.py:3096} INFO - Sync 2 DAGs
[2025-05-02T19:52:10.509+0000] {logging_mixin.py:188} INFO - [2025-05-02T19:52:10.508+0000] {dag.py:3954} INFO - Setting next_dagrun for example_external_task_marker_child to None, run_after=None
[2025-05-02T19:52:10.512+0000] {logging_mixin.py:188} INFO - [2025-05-02T19:52:10.512+0000] {dag.py:3954} INFO - Setting next_dagrun for example_external_task_marker_parent to None, run_after=None
[2025-05-02T19:52:10.525+0000] {processor.py:183} INFO - Processing /home/airflow/.local/lib/python3.12/site-packages/airflow/example_dags/example_external_task_marker_dag.py took 0.068 seconds
[2025-05-02T19:52:43.075+0000] {processor.py:161} INFO - Started process (PID=1251) to work on /home/airflow/.local/lib/python3.12/site-packages/airflow/example_dags/example_external_task_marker_dag.py
[2025-05-02T19:52:43.076+0000] {processor.py:830} INFO - Processing file /home/airflow/.local/lib/python3.12/site-packages/airflow/example_dags/example_external_task_marker_dag.py for tasks to queue
[2025-05-02T19:52:43.078+0000] {logging_mixin.py:188} INFO - [2025-05-02T19:52:43.077+0000] {dagbag.py:545} INFO - Filling up the DagBag from /home/airflow/.local/lib/python3.12/site-packages/airflow/example_dags/example_external_task_marker_dag.py
[2025-05-02T19:52:43.083+0000] {processor.py:840} INFO - DAG(s) 'example_external_task_marker_child', 'example_external_task_marker_parent' retrieved from /home/airflow/.local/lib/python3.12/site-packages/airflow/example_dags/example_external_task_marker_dag.py
[2025-05-02T19:52:43.102+0000] {logging_mixin.py:188} INFO - [2025-05-02T19:52:43.101+0000] {dag.py:3096} INFO - Sync 2 DAGs
[2025-05-02T19:52:43.113+0000] {logging_mixin.py:188} INFO - [2025-05-02T19:52:43.113+0000] {dag.py:3954} INFO - Setting next_dagrun for example_external_task_marker_child to None, run_after=None
[2025-05-02T19:52:43.116+0000] {logging_mixin.py:188} INFO - [2025-05-02T19:52:43.116+0000] {dag.py:3954} INFO - Setting next_dagrun for example_external_task_marker_parent to None, run_after=None
[2025-05-02T19:52:43.129+0000] {processor.py:183} INFO - Processing /home/airflow/.local/lib/python3.12/site-packages/airflow/example_dags/example_external_task_marker_dag.py took 0.059 seconds
[2025-05-02T19:53:15.735+0000] {processor.py:161} INFO - Started process (PID=1311) to work on /home/airflow/.local/lib/python3.12/site-packages/airflow/example_dags/example_external_task_marker_dag.py
[2025-05-02T19:53:15.736+0000] {processor.py:830} INFO - Processing file /home/airflow/.local/lib/python3.12/site-packages/airflow/example_dags/example_external_task_marker_dag.py for tasks to queue
[2025-05-02T19:53:15.738+0000] {logging_mixin.py:188} INFO - [2025-05-02T19:53:15.738+0000] {dagbag.py:545} INFO - Filling up the DagBag from /home/airflow/.local/lib/python3.12/site-packages/airflow/example_dags/example_external_task_marker_dag.py
[2025-05-02T19:53:15.744+0000] {processor.py:840} INFO - DAG(s) 'example_external_task_marker_child', 'example_external_task_marker_parent' retrieved from /home/airflow/.local/lib/python3.12/site-packages/airflow/example_dags/example_external_task_marker_dag.py
[2025-05-02T19:53:15.764+0000] {logging_mixin.py:188} INFO - [2025-05-02T19:53:15.764+0000] {dag.py:3096} INFO - Sync 2 DAGs
[2025-05-02T19:53:15.777+0000] {logging_mixin.py:188} INFO - [2025-05-02T19:53:15.777+0000] {dag.py:3954} INFO - Setting next_dagrun for example_external_task_marker_child to None, run_after=None
[2025-05-02T19:53:15.780+0000] {logging_mixin.py:188} INFO - [2025-05-02T19:53:15.780+0000] {dag.py:3954} INFO - Setting next_dagrun for example_external_task_marker_parent to None, run_after=None
[2025-05-02T19:53:15.797+0000] {processor.py:183} INFO - Processing /home/airflow/.local/lib/python3.12/site-packages/airflow/example_dags/example_external_task_marker_dag.py took 0.066 seconds
[2025-05-02T19:53:48.141+0000] {processor.py:161} INFO - Started process (PID=1371) to work on /home/airflow/.local/lib/python3.12/site-packages/airflow/example_dags/example_external_task_marker_dag.py
[2025-05-02T19:53:48.142+0000] {processor.py:830} INFO - Processing file /home/airflow/.local/lib/python3.12/site-packages/airflow/example_dags/example_external_task_marker_dag.py for tasks to queue
[2025-05-02T19:53:48.144+0000] {logging_mixin.py:188} INFO - [2025-05-02T19:53:48.144+0000] {dagbag.py:545} INFO - Filling up the DagBag from /home/airflow/.local/lib/python3.12/site-packages/airflow/example_dags/example_external_task_marker_dag.py
[2025-05-02T19:53:48.148+0000] {processor.py:840} INFO - DAG(s) 'example_external_task_marker_parent', 'example_external_task_marker_child' retrieved from /home/airflow/.local/lib/python3.12/site-packages/airflow/example_dags/example_external_task_marker_dag.py
[2025-05-02T19:53:48.170+0000] {logging_mixin.py:188} INFO - [2025-05-02T19:53:48.170+0000] {dag.py:3096} INFO - Sync 2 DAGs
[2025-05-02T19:53:48.180+0000] {logging_mixin.py:188} INFO - [2025-05-02T19:53:48.180+0000] {dag.py:3954} INFO - Setting next_dagrun for example_external_task_marker_child to None, run_after=None
[2025-05-02T19:53:48.183+0000] {logging_mixin.py:188} INFO - [2025-05-02T19:53:48.183+0000] {dag.py:3954} INFO - Setting next_dagrun for example_external_task_marker_parent to None, run_after=None
[2025-05-02T19:53:48.198+0000] {processor.py:183} INFO - Processing /home/airflow/.local/lib/python3.12/site-packages/airflow/example_dags/example_external_task_marker_dag.py took 0.061 seconds
[2025-05-02T19:54:20.687+0000] {processor.py:161} INFO - Started process (PID=1431) to work on /home/airflow/.local/lib/python3.12/site-packages/airflow/example_dags/example_external_task_marker_dag.py
[2025-05-02T19:54:20.688+0000] {processor.py:830} INFO - Processing file /home/airflow/.local/lib/python3.12/site-packages/airflow/example_dags/example_external_task_marker_dag.py for tasks to queue
[2025-05-02T19:54:20.689+0000] {logging_mixin.py:188} INFO - [2025-05-02T19:54:20.689+0000] {dagbag.py:545} INFO - Filling up the DagBag from /home/airflow/.local/lib/python3.12/site-packages/airflow/example_dags/example_external_task_marker_dag.py
[2025-05-02T19:54:20.694+0000] {processor.py:840} INFO - DAG(s) 'example_external_task_marker_parent', 'example_external_task_marker_child' retrieved from /home/airflow/.local/lib/python3.12/site-packages/airflow/example_dags/example_external_task_marker_dag.py
[2025-05-02T19:54:20.711+0000] {logging_mixin.py:188} INFO - [2025-05-02T19:54:20.711+0000] {dag.py:3096} INFO - Sync 2 DAGs
[2025-05-02T19:54:20.721+0000] {logging_mixin.py:188} INFO - [2025-05-02T19:54:20.720+0000] {dag.py:3954} INFO - Setting next_dagrun for example_external_task_marker_child to None, run_after=None
[2025-05-02T19:54:20.723+0000] {logging_mixin.py:188} INFO - [2025-05-02T19:54:20.723+0000] {dag.py:3954} INFO - Setting next_dagrun for example_external_task_marker_parent to None, run_after=None
[2025-05-02T19:54:20.733+0000] {processor.py:183} INFO - Processing /home/airflow/.local/lib/python3.12/site-packages/airflow/example_dags/example_external_task_marker_dag.py took 0.051 seconds
[2025-05-02T19:54:52.963+0000] {processor.py:161} INFO - Started process (PID=1491) to work on /home/airflow/.local/lib/python3.12/site-packages/airflow/example_dags/example_external_task_marker_dag.py
[2025-05-02T19:54:52.964+0000] {processor.py:830} INFO - Processing file /home/airflow/.local/lib/python3.12/site-packages/airflow/example_dags/example_external_task_marker_dag.py for tasks to queue
[2025-05-02T19:54:52.965+0000] {logging_mixin.py:188} INFO - [2025-05-02T19:54:52.965+0000] {dagbag.py:545} INFO - Filling up the DagBag from /home/airflow/.local/lib/python3.12/site-packages/airflow/example_dags/example_external_task_marker_dag.py
[2025-05-02T19:54:52.970+0000] {processor.py:840} INFO - DAG(s) 'example_external_task_marker_child', 'example_external_task_marker_parent' retrieved from /home/airflow/.local/lib/python3.12/site-packages/airflow/example_dags/example_external_task_marker_dag.py
[2025-05-02T19:54:52.988+0000] {logging_mixin.py:188} INFO - [2025-05-02T19:54:52.988+0000] {dag.py:3096} INFO - Sync 2 DAGs
[2025-05-02T19:54:52.999+0000] {logging_mixin.py:188} INFO - [2025-05-02T19:54:52.998+0000] {dag.py:3954} INFO - Setting next_dagrun for example_external_task_marker_child to None, run_after=None
[2025-05-02T19:54:53.002+0000] {logging_mixin.py:188} INFO - [2025-05-02T19:54:53.002+0000] {dag.py:3954} INFO - Setting next_dagrun for example_external_task_marker_parent to None, run_after=None
[2025-05-02T19:54:53.014+0000] {processor.py:183} INFO - Processing /home/airflow/.local/lib/python3.12/site-packages/airflow/example_dags/example_external_task_marker_dag.py took 0.056 seconds
[2025-05-02T19:55:24.935+0000] {processor.py:161} INFO - Started process (PID=1551) to work on /home/airflow/.local/lib/python3.12/site-packages/airflow/example_dags/example_external_task_marker_dag.py
[2025-05-02T19:55:24.936+0000] {processor.py:830} INFO - Processing file /home/airflow/.local/lib/python3.12/site-packages/airflow/example_dags/example_external_task_marker_dag.py for tasks to queue
[2025-05-02T19:55:24.937+0000] {logging_mixin.py:188} INFO - [2025-05-02T19:55:24.937+0000] {dagbag.py:545} INFO - Filling up the DagBag from /home/airflow/.local/lib/python3.12/site-packages/airflow/example_dags/example_external_task_marker_dag.py
[2025-05-02T19:55:24.942+0000] {processor.py:840} INFO - DAG(s) 'example_external_task_marker_parent', 'example_external_task_marker_child' retrieved from /home/airflow/.local/lib/python3.12/site-packages/airflow/example_dags/example_external_task_marker_dag.py
[2025-05-02T19:55:24.958+0000] {logging_mixin.py:188} INFO - [2025-05-02T19:55:24.958+0000] {dag.py:3096} INFO - Sync 2 DAGs
[2025-05-02T19:55:24.967+0000] {logging_mixin.py:188} INFO - [2025-05-02T19:55:24.967+0000] {dag.py:3954} INFO - Setting next_dagrun for example_external_task_marker_child to None, run_after=None
[2025-05-02T19:55:24.971+0000] {logging_mixin.py:188} INFO - [2025-05-02T19:55:24.971+0000] {dag.py:3954} INFO - Setting next_dagrun for example_external_task_marker_parent to None, run_after=None
[2025-05-02T19:55:24.982+0000] {processor.py:183} INFO - Processing /home/airflow/.local/lib/python3.12/site-packages/airflow/example_dags/example_external_task_marker_dag.py took 0.051 seconds
[2025-05-02T19:55:57.825+0000] {processor.py:161} INFO - Started process (PID=1611) to work on /home/airflow/.local/lib/python3.12/site-packages/airflow/example_dags/example_external_task_marker_dag.py
[2025-05-02T19:55:57.826+0000] {processor.py:830} INFO - Processing file /home/airflow/.local/lib/python3.12/site-packages/airflow/example_dags/example_external_task_marker_dag.py for tasks to queue
[2025-05-02T19:55:57.827+0000] {logging_mixin.py:188} INFO - [2025-05-02T19:55:57.827+0000] {dagbag.py:545} INFO - Filling up the DagBag from /home/airflow/.local/lib/python3.12/site-packages/airflow/example_dags/example_external_task_marker_dag.py
[2025-05-02T19:55:57.832+0000] {processor.py:840} INFO - DAG(s) 'example_external_task_marker_parent', 'example_external_task_marker_child' retrieved from /home/airflow/.local/lib/python3.12/site-packages/airflow/example_dags/example_external_task_marker_dag.py
[2025-05-02T19:55:57.853+0000] {logging_mixin.py:188} INFO - [2025-05-02T19:55:57.852+0000] {dag.py:3096} INFO - Sync 2 DAGs
[2025-05-02T19:55:57.863+0000] {logging_mixin.py:188} INFO - [2025-05-02T19:55:57.862+0000] {dag.py:3954} INFO - Setting next_dagrun for example_external_task_marker_child to None, run_after=None
[2025-05-02T19:55:57.866+0000] {logging_mixin.py:188} INFO - [2025-05-02T19:55:57.866+0000] {dag.py:3954} INFO - Setting next_dagrun for example_external_task_marker_parent to None, run_after=None
[2025-05-02T19:55:57.882+0000] {processor.py:183} INFO - Processing /home/airflow/.local/lib/python3.12/site-packages/airflow/example_dags/example_external_task_marker_dag.py took 0.062 seconds
[2025-05-02T19:56:29.753+0000] {processor.py:161} INFO - Started process (PID=1671) to work on /home/airflow/.local/lib/python3.12/site-packages/airflow/example_dags/example_external_task_marker_dag.py
[2025-05-02T19:56:29.753+0000] {processor.py:830} INFO - Processing file /home/airflow/.local/lib/python3.12/site-packages/airflow/example_dags/example_external_task_marker_dag.py for tasks to queue
[2025-05-02T19:56:29.755+0000] {logging_mixin.py:188} INFO - [2025-05-02T19:56:29.755+0000] {dagbag.py:545} INFO - Filling up the DagBag from /home/airflow/.local/lib/python3.12/site-packages/airflow/example_dags/example_external_task_marker_dag.py
[2025-05-02T19:56:29.759+0000] {processor.py:840} INFO - DAG(s) 'example_external_task_marker_child', 'example_external_task_marker_parent' retrieved from /home/airflow/.local/lib/python3.12/site-packages/airflow/example_dags/example_external_task_marker_dag.py
[2025-05-02T19:56:29.777+0000] {logging_mixin.py:188} INFO - [2025-05-02T19:56:29.777+0000] {dag.py:3096} INFO - Sync 2 DAGs
[2025-05-02T19:56:29.788+0000] {logging_mixin.py:188} INFO - [2025-05-02T19:56:29.787+0000] {dag.py:3954} INFO - Setting next_dagrun for example_external_task_marker_child to None, run_after=None
[2025-05-02T19:56:29.791+0000] {logging_mixin.py:188} INFO - [2025-05-02T19:56:29.791+0000] {dag.py:3954} INFO - Setting next_dagrun for example_external_task_marker_parent to None, run_after=None
[2025-05-02T19:56:29.803+0000] {processor.py:183} INFO - Processing /home/airflow/.local/lib/python3.12/site-packages/airflow/example_dags/example_external_task_marker_dag.py took 0.055 seconds
[2025-05-02T19:57:02.704+0000] {processor.py:161} INFO - Started process (PID=1731) to work on /home/airflow/.local/lib/python3.12/site-packages/airflow/example_dags/example_external_task_marker_dag.py
[2025-05-02T19:57:02.705+0000] {processor.py:830} INFO - Processing file /home/airflow/.local/lib/python3.12/site-packages/airflow/example_dags/example_external_task_marker_dag.py for tasks to queue
[2025-05-02T19:57:02.706+0000] {logging_mixin.py:188} INFO - [2025-05-02T19:57:02.706+0000] {dagbag.py:545} INFO - Filling up the DagBag from /home/airflow/.local/lib/python3.12/site-packages/airflow/example_dags/example_external_task_marker_dag.py
[2025-05-02T19:57:02.712+0000] {processor.py:840} INFO - DAG(s) 'example_external_task_marker_child', 'example_external_task_marker_parent' retrieved from /home/airflow/.local/lib/python3.12/site-packages/airflow/example_dags/example_external_task_marker_dag.py
[2025-05-02T19:57:02.733+0000] {logging_mixin.py:188} INFO - [2025-05-02T19:57:02.733+0000] {dag.py:3096} INFO - Sync 2 DAGs
[2025-05-02T19:57:02.745+0000] {logging_mixin.py:188} INFO - [2025-05-02T19:57:02.745+0000] {dag.py:3954} INFO - Setting next_dagrun for example_external_task_marker_child to None, run_after=None
[2025-05-02T19:57:02.749+0000] {logging_mixin.py:188} INFO - [2025-05-02T19:57:02.749+0000] {dag.py:3954} INFO - Setting next_dagrun for example_external_task_marker_parent to None, run_after=None
[2025-05-02T19:57:02.763+0000] {processor.py:183} INFO - Processing /home/airflow/.local/lib/python3.12/site-packages/airflow/example_dags/example_external_task_marker_dag.py took 0.063 seconds
[2025-05-02T19:57:34.744+0000] {processor.py:161} INFO - Started process (PID=1791) to work on /home/airflow/.local/lib/python3.12/site-packages/airflow/example_dags/example_external_task_marker_dag.py
[2025-05-02T19:57:34.744+0000] {processor.py:830} INFO - Processing file /home/airflow/.local/lib/python3.12/site-packages/airflow/example_dags/example_external_task_marker_dag.py for tasks to queue
[2025-05-02T19:57:34.746+0000] {logging_mixin.py:188} INFO - [2025-05-02T19:57:34.746+0000] {dagbag.py:545} INFO - Filling up the DagBag from /home/airflow/.local/lib/python3.12/site-packages/airflow/example_dags/example_external_task_marker_dag.py
[2025-05-02T19:57:34.750+0000] {processor.py:840} INFO - DAG(s) 'example_external_task_marker_child', 'example_external_task_marker_parent' retrieved from /home/airflow/.local/lib/python3.12/site-packages/airflow/example_dags/example_external_task_marker_dag.py
[2025-05-02T19:57:34.768+0000] {logging_mixin.py:188} INFO - [2025-05-02T19:57:34.768+0000] {dag.py:3096} INFO - Sync 2 DAGs
[2025-05-02T19:57:34.781+0000] {logging_mixin.py:188} INFO - [2025-05-02T19:57:34.780+0000] {dag.py:3954} INFO - Setting next_dagrun for example_external_task_marker_child to None, run_after=None
[2025-05-02T19:57:34.784+0000] {logging_mixin.py:188} INFO - [2025-05-02T19:57:34.783+0000] {dag.py:3954} INFO - Setting next_dagrun for example_external_task_marker_parent to None, run_after=None
[2025-05-02T19:57:34.797+0000] {processor.py:183} INFO - Processing /home/airflow/.local/lib/python3.12/site-packages/airflow/example_dags/example_external_task_marker_dag.py took 0.058 seconds
[2025-05-02T19:58:07.142+0000] {processor.py:161} INFO - Started process (PID=1851) to work on /home/airflow/.local/lib/python3.12/site-packages/airflow/example_dags/example_external_task_marker_dag.py
[2025-05-02T19:58:07.143+0000] {processor.py:830} INFO - Processing file /home/airflow/.local/lib/python3.12/site-packages/airflow/example_dags/example_external_task_marker_dag.py for tasks to queue
[2025-05-02T19:58:07.144+0000] {logging_mixin.py:188} INFO - [2025-05-02T19:58:07.144+0000] {dagbag.py:545} INFO - Filling up the DagBag from /home/airflow/.local/lib/python3.12/site-packages/airflow/example_dags/example_external_task_marker_dag.py
[2025-05-02T19:58:07.149+0000] {processor.py:840} INFO - DAG(s) 'example_external_task_marker_child', 'example_external_task_marker_parent' retrieved from /home/airflow/.local/lib/python3.12/site-packages/airflow/example_dags/example_external_task_marker_dag.py
[2025-05-02T19:58:07.165+0000] {logging_mixin.py:188} INFO - [2025-05-02T19:58:07.164+0000] {dag.py:3096} INFO - Sync 2 DAGs
[2025-05-02T19:58:07.175+0000] {logging_mixin.py:188} INFO - [2025-05-02T19:58:07.175+0000] {dag.py:3954} INFO - Setting next_dagrun for example_external_task_marker_child to None, run_after=None
[2025-05-02T19:58:07.178+0000] {logging_mixin.py:188} INFO - [2025-05-02T19:58:07.178+0000] {dag.py:3954} INFO - Setting next_dagrun for example_external_task_marker_parent to None, run_after=None
[2025-05-02T19:58:07.190+0000] {processor.py:183} INFO - Processing /home/airflow/.local/lib/python3.12/site-packages/airflow/example_dags/example_external_task_marker_dag.py took 0.052 seconds
[2025-05-02T19:58:39.697+0000] {processor.py:161} INFO - Started process (PID=1911) to work on /home/airflow/.local/lib/python3.12/site-packages/airflow/example_dags/example_external_task_marker_dag.py
[2025-05-02T19:58:39.698+0000] {processor.py:830} INFO - Processing file /home/airflow/.local/lib/python3.12/site-packages/airflow/example_dags/example_external_task_marker_dag.py for tasks to queue
[2025-05-02T19:58:39.700+0000] {logging_mixin.py:188} INFO - [2025-05-02T19:58:39.700+0000] {dagbag.py:545} INFO - Filling up the DagBag from /home/airflow/.local/lib/python3.12/site-packages/airflow/example_dags/example_external_task_marker_dag.py
[2025-05-02T19:58:39.706+0000] {processor.py:840} INFO - DAG(s) 'example_external_task_marker_parent', 'example_external_task_marker_child' retrieved from /home/airflow/.local/lib/python3.12/site-packages/airflow/example_dags/example_external_task_marker_dag.py
[2025-05-02T19:58:39.722+0000] {logging_mixin.py:188} INFO - [2025-05-02T19:58:39.722+0000] {dag.py:3096} INFO - Sync 2 DAGs
[2025-05-02T19:58:39.731+0000] {logging_mixin.py:188} INFO - [2025-05-02T19:58:39.731+0000] {dag.py:3954} INFO - Setting next_dagrun for example_external_task_marker_child to None, run_after=None
[2025-05-02T19:58:39.734+0000] {logging_mixin.py:188} INFO - [2025-05-02T19:58:39.734+0000] {dag.py:3954} INFO - Setting next_dagrun for example_external_task_marker_parent to None, run_after=None
[2025-05-02T19:58:39.745+0000] {processor.py:183} INFO - Processing /home/airflow/.local/lib/python3.12/site-packages/airflow/example_dags/example_external_task_marker_dag.py took 0.052 seconds
[2025-05-02T19:59:11.854+0000] {processor.py:161} INFO - Started process (PID=1971) to work on /home/airflow/.local/lib/python3.12/site-packages/airflow/example_dags/example_external_task_marker_dag.py
[2025-05-02T19:59:11.855+0000] {processor.py:830} INFO - Processing file /home/airflow/.local/lib/python3.12/site-packages/airflow/example_dags/example_external_task_marker_dag.py for tasks to queue
[2025-05-02T19:59:11.856+0000] {logging_mixin.py:188} INFO - [2025-05-02T19:59:11.856+0000] {dagbag.py:545} INFO - Filling up the DagBag from /home/airflow/.local/lib/python3.12/site-packages/airflow/example_dags/example_external_task_marker_dag.py
[2025-05-02T19:59:11.861+0000] {processor.py:840} INFO - DAG(s) 'example_external_task_marker_child', 'example_external_task_marker_parent' retrieved from /home/airflow/.local/lib/python3.12/site-packages/airflow/example_dags/example_external_task_marker_dag.py
[2025-05-02T19:59:11.879+0000] {logging_mixin.py:188} INFO - [2025-05-02T19:59:11.879+0000] {dag.py:3096} INFO - Sync 2 DAGs
[2025-05-02T19:59:11.887+0000] {logging_mixin.py:188} INFO - [2025-05-02T19:59:11.887+0000] {dag.py:3954} INFO - Setting next_dagrun for example_external_task_marker_child to None, run_after=None
[2025-05-02T19:59:11.890+0000] {logging_mixin.py:188} INFO - [2025-05-02T19:59:11.890+0000] {dag.py:3954} INFO - Setting next_dagrun for example_external_task_marker_parent to None, run_after=None
[2025-05-02T19:59:11.901+0000] {processor.py:183} INFO - Processing /home/airflow/.local/lib/python3.12/site-packages/airflow/example_dags/example_external_task_marker_dag.py took 0.052 seconds
[2025-05-02T19:59:44.679+0000] {processor.py:161} INFO - Started process (PID=2031) to work on /home/airflow/.local/lib/python3.12/site-packages/airflow/example_dags/example_external_task_marker_dag.py
[2025-05-02T19:59:44.680+0000] {processor.py:830} INFO - Processing file /home/airflow/.local/lib/python3.12/site-packages/airflow/example_dags/example_external_task_marker_dag.py for tasks to queue
[2025-05-02T19:59:44.681+0000] {logging_mixin.py:188} INFO - [2025-05-02T19:59:44.681+0000] {dagbag.py:545} INFO - Filling up the DagBag from /home/airflow/.local/lib/python3.12/site-packages/airflow/example_dags/example_external_task_marker_dag.py
[2025-05-02T19:59:44.685+0000] {processor.py:840} INFO - DAG(s) 'example_external_task_marker_parent', 'example_external_task_marker_child' retrieved from /home/airflow/.local/lib/python3.12/site-packages/airflow/example_dags/example_external_task_marker_dag.py
[2025-05-02T19:59:44.701+0000] {logging_mixin.py:188} INFO - [2025-05-02T19:59:44.701+0000] {dag.py:3096} INFO - Sync 2 DAGs
[2025-05-02T19:59:44.711+0000] {logging_mixin.py:188} INFO - [2025-05-02T19:59:44.711+0000] {dag.py:3954} INFO - Setting next_dagrun for example_external_task_marker_child to None, run_after=None
[2025-05-02T19:59:44.714+0000] {logging_mixin.py:188} INFO - [2025-05-02T19:59:44.714+0000] {dag.py:3954} INFO - Setting next_dagrun for example_external_task_marker_parent to None, run_after=None
[2025-05-02T19:59:44.827+0000] {processor.py:183} INFO - Processing /home/airflow/.local/lib/python3.12/site-packages/airflow/example_dags/example_external_task_marker_dag.py took 0.152 seconds
[2025-05-02T20:00:17.082+0000] {processor.py:161} INFO - Started process (PID=2091) to work on /home/airflow/.local/lib/python3.12/site-packages/airflow/example_dags/example_external_task_marker_dag.py
[2025-05-02T20:00:17.082+0000] {processor.py:830} INFO - Processing file /home/airflow/.local/lib/python3.12/site-packages/airflow/example_dags/example_external_task_marker_dag.py for tasks to queue
[2025-05-02T20:00:17.084+0000] {logging_mixin.py:188} INFO - [2025-05-02T20:00:17.084+0000] {dagbag.py:545} INFO - Filling up the DagBag from /home/airflow/.local/lib/python3.12/site-packages/airflow/example_dags/example_external_task_marker_dag.py
[2025-05-02T20:00:17.088+0000] {processor.py:840} INFO - DAG(s) 'example_external_task_marker_parent', 'example_external_task_marker_child' retrieved from /home/airflow/.local/lib/python3.12/site-packages/airflow/example_dags/example_external_task_marker_dag.py
[2025-05-02T20:00:17.106+0000] {logging_mixin.py:188} INFO - [2025-05-02T20:00:17.106+0000] {dag.py:3096} INFO - Sync 2 DAGs
[2025-05-02T20:00:17.117+0000] {logging_mixin.py:188} INFO - [2025-05-02T20:00:17.117+0000] {dag.py:3954} INFO - Setting next_dagrun for example_external_task_marker_child to None, run_after=None
[2025-05-02T20:00:17.120+0000] {logging_mixin.py:188} INFO - [2025-05-02T20:00:17.120+0000] {dag.py:3954} INFO - Setting next_dagrun for example_external_task_marker_parent to None, run_after=None
[2025-05-02T20:00:17.133+0000] {processor.py:183} INFO - Processing /home/airflow/.local/lib/python3.12/site-packages/airflow/example_dags/example_external_task_marker_dag.py took 0.056 seconds
[2025-05-02T20:00:49.816+0000] {processor.py:161} INFO - Started process (PID=2151) to work on /home/airflow/.local/lib/python3.12/site-packages/airflow/example_dags/example_external_task_marker_dag.py
[2025-05-02T20:00:49.817+0000] {processor.py:830} INFO - Processing file /home/airflow/.local/lib/python3.12/site-packages/airflow/example_dags/example_external_task_marker_dag.py for tasks to queue
[2025-05-02T20:00:49.818+0000] {logging_mixin.py:188} INFO - [2025-05-02T20:00:49.818+0000] {dagbag.py:545} INFO - Filling up the DagBag from /home/airflow/.local/lib/python3.12/site-packages/airflow/example_dags/example_external_task_marker_dag.py
[2025-05-02T20:00:49.822+0000] {processor.py:840} INFO - DAG(s) 'example_external_task_marker_parent', 'example_external_task_marker_child' retrieved from /home/airflow/.local/lib/python3.12/site-packages/airflow/example_dags/example_external_task_marker_dag.py
[2025-05-02T20:00:49.839+0000] {logging_mixin.py:188} INFO - [2025-05-02T20:00:49.839+0000] {dag.py:3096} INFO - Sync 2 DAGs
[2025-05-02T20:00:49.848+0000] {logging_mixin.py:188} INFO - [2025-05-02T20:00:49.848+0000] {dag.py:3954} INFO - Setting next_dagrun for example_external_task_marker_child to None, run_after=None
[2025-05-02T20:00:49.851+0000] {logging_mixin.py:188} INFO - [2025-05-02T20:00:49.851+0000] {dag.py:3954} INFO - Setting next_dagrun for example_external_task_marker_parent to None, run_after=None
[2025-05-02T20:00:49.863+0000] {processor.py:183} INFO - Processing /home/airflow/.local/lib/python3.12/site-packages/airflow/example_dags/example_external_task_marker_dag.py took 0.051 seconds
[2025-05-02T20:01:22.994+0000] {processor.py:161} INFO - Started process (PID=2211) to work on /home/airflow/.local/lib/python3.12/site-packages/airflow/example_dags/example_external_task_marker_dag.py
[2025-05-02T20:01:22.994+0000] {processor.py:830} INFO - Processing file /home/airflow/.local/lib/python3.12/site-packages/airflow/example_dags/example_external_task_marker_dag.py for tasks to queue
[2025-05-02T20:01:22.996+0000] {logging_mixin.py:188} INFO - [2025-05-02T20:01:22.996+0000] {dagbag.py:545} INFO - Filling up the DagBag from /home/airflow/.local/lib/python3.12/site-packages/airflow/example_dags/example_external_task_marker_dag.py
[2025-05-02T20:01:23.000+0000] {processor.py:840} INFO - DAG(s) 'example_external_task_marker_parent', 'example_external_task_marker_child' retrieved from /home/airflow/.local/lib/python3.12/site-packages/airflow/example_dags/example_external_task_marker_dag.py
[2025-05-02T20:01:23.018+0000] {logging_mixin.py:188} INFO - [2025-05-02T20:01:23.018+0000] {dag.py:3096} INFO - Sync 2 DAGs
[2025-05-02T20:01:23.030+0000] {logging_mixin.py:188} INFO - [2025-05-02T20:01:23.029+0000] {dag.py:3954} INFO - Setting next_dagrun for example_external_task_marker_child to None, run_after=None
[2025-05-02T20:01:23.032+0000] {logging_mixin.py:188} INFO - [2025-05-02T20:01:23.032+0000] {dag.py:3954} INFO - Setting next_dagrun for example_external_task_marker_parent to None, run_after=None
[2025-05-02T20:01:23.045+0000] {processor.py:183} INFO - Processing /home/airflow/.local/lib/python3.12/site-packages/airflow/example_dags/example_external_task_marker_dag.py took 0.056 seconds
[2025-05-02T20:01:54.243+0000] {processor.py:161} INFO - Started process (PID=2271) to work on /home/airflow/.local/lib/python3.12/site-packages/airflow/example_dags/example_external_task_marker_dag.py
[2025-05-02T20:01:54.244+0000] {processor.py:830} INFO - Processing file /home/airflow/.local/lib/python3.12/site-packages/airflow/example_dags/example_external_task_marker_dag.py for tasks to queue
[2025-05-02T20:01:54.246+0000] {logging_mixin.py:188} INFO - [2025-05-02T20:01:54.245+0000] {dagbag.py:545} INFO - Filling up the DagBag from /home/airflow/.local/lib/python3.12/site-packages/airflow/example_dags/example_external_task_marker_dag.py
[2025-05-02T20:01:54.251+0000] {processor.py:840} INFO - DAG(s) 'example_external_task_marker_child', 'example_external_task_marker_parent' retrieved from /home/airflow/.local/lib/python3.12/site-packages/airflow/example_dags/example_external_task_marker_dag.py
[2025-05-02T20:01:54.275+0000] {logging_mixin.py:188} INFO - [2025-05-02T20:01:54.274+0000] {dag.py:3096} INFO - Sync 2 DAGs
[2025-05-02T20:01:54.288+0000] {logging_mixin.py:188} INFO - [2025-05-02T20:01:54.288+0000] {dag.py:3954} INFO - Setting next_dagrun for example_external_task_marker_child to None, run_after=None
[2025-05-02T20:01:54.292+0000] {logging_mixin.py:188} INFO - [2025-05-02T20:01:54.292+0000] {dag.py:3954} INFO - Setting next_dagrun for example_external_task_marker_parent to None, run_after=None
[2025-05-02T20:01:54.308+0000] {processor.py:183} INFO - Processing /home/airflow/.local/lib/python3.12/site-packages/airflow/example_dags/example_external_task_marker_dag.py took 0.070 seconds
[2025-05-02T20:02:26.605+0000] {processor.py:161} INFO - Started process (PID=2331) to work on /home/airflow/.local/lib/python3.12/site-packages/airflow/example_dags/example_external_task_marker_dag.py
[2025-05-02T20:02:26.605+0000] {processor.py:830} INFO - Processing file /home/airflow/.local/lib/python3.12/site-packages/airflow/example_dags/example_external_task_marker_dag.py for tasks to queue
[2025-05-02T20:02:26.607+0000] {logging_mixin.py:188} INFO - [2025-05-02T20:02:26.606+0000] {dagbag.py:545} INFO - Filling up the DagBag from /home/airflow/.local/lib/python3.12/site-packages/airflow/example_dags/example_external_task_marker_dag.py
[2025-05-02T20:02:26.612+0000] {processor.py:840} INFO - DAG(s) 'example_external_task_marker_parent', 'example_external_task_marker_child' retrieved from /home/airflow/.local/lib/python3.12/site-packages/airflow/example_dags/example_external_task_marker_dag.py
[2025-05-02T20:02:26.630+0000] {logging_mixin.py:188} INFO - [2025-05-02T20:02:26.630+0000] {dag.py:3096} INFO - Sync 2 DAGs
[2025-05-02T20:02:26.639+0000] {logging_mixin.py:188} INFO - [2025-05-02T20:02:26.639+0000] {dag.py:3954} INFO - Setting next_dagrun for example_external_task_marker_child to None, run_after=None
[2025-05-02T20:02:26.642+0000] {logging_mixin.py:188} INFO - [2025-05-02T20:02:26.641+0000] {dag.py:3954} INFO - Setting next_dagrun for example_external_task_marker_parent to None, run_after=None
[2025-05-02T20:02:26.654+0000] {processor.py:183} INFO - Processing /home/airflow/.local/lib/python3.12/site-packages/airflow/example_dags/example_external_task_marker_dag.py took 0.054 seconds
[2025-05-02T20:02:59.795+0000] {processor.py:161} INFO - Started process (PID=2392) to work on /home/airflow/.local/lib/python3.12/site-packages/airflow/example_dags/example_external_task_marker_dag.py
[2025-05-02T20:02:59.796+0000] {processor.py:830} INFO - Processing file /home/airflow/.local/lib/python3.12/site-packages/airflow/example_dags/example_external_task_marker_dag.py for tasks to queue
[2025-05-02T20:02:59.798+0000] {logging_mixin.py:188} INFO - [2025-05-02T20:02:59.797+0000] {dagbag.py:545} INFO - Filling up the DagBag from /home/airflow/.local/lib/python3.12/site-packages/airflow/example_dags/example_external_task_marker_dag.py
[2025-05-02T20:02:59.802+0000] {processor.py:840} INFO - DAG(s) 'example_external_task_marker_child', 'example_external_task_marker_parent' retrieved from /home/airflow/.local/lib/python3.12/site-packages/airflow/example_dags/example_external_task_marker_dag.py
[2025-05-02T20:02:59.821+0000] {logging_mixin.py:188} INFO - [2025-05-02T20:02:59.820+0000] {dag.py:3096} INFO - Sync 2 DAGs
[2025-05-02T20:02:59.830+0000] {logging_mixin.py:188} INFO - [2025-05-02T20:02:59.829+0000] {dag.py:3954} INFO - Setting next_dagrun for example_external_task_marker_child to None, run_after=None
[2025-05-02T20:02:59.832+0000] {logging_mixin.py:188} INFO - [2025-05-02T20:02:59.832+0000] {dag.py:3954} INFO - Setting next_dagrun for example_external_task_marker_parent to None, run_after=None
[2025-05-02T20:02:59.843+0000] {processor.py:183} INFO - Processing /home/airflow/.local/lib/python3.12/site-packages/airflow/example_dags/example_external_task_marker_dag.py took 0.054 seconds
[2025-05-02T20:03:33.175+0000] {processor.py:161} INFO - Started process (PID=2452) to work on /home/airflow/.local/lib/python3.12/site-packages/airflow/example_dags/example_external_task_marker_dag.py
[2025-05-02T20:03:33.175+0000] {processor.py:830} INFO - Processing file /home/airflow/.local/lib/python3.12/site-packages/airflow/example_dags/example_external_task_marker_dag.py for tasks to queue
[2025-05-02T20:03:33.177+0000] {logging_mixin.py:188} INFO - [2025-05-02T20:03:33.177+0000] {dagbag.py:545} INFO - Filling up the DagBag from /home/airflow/.local/lib/python3.12/site-packages/airflow/example_dags/example_external_task_marker_dag.py
[2025-05-02T20:03:33.183+0000] {processor.py:840} INFO - DAG(s) 'example_external_task_marker_child', 'example_external_task_marker_parent' retrieved from /home/airflow/.local/lib/python3.12/site-packages/airflow/example_dags/example_external_task_marker_dag.py
[2025-05-02T20:03:33.203+0000] {logging_mixin.py:188} INFO - [2025-05-02T20:03:33.203+0000] {dag.py:3096} INFO - Sync 2 DAGs
[2025-05-02T20:03:33.316+0000] {logging_mixin.py:188} INFO - [2025-05-02T20:03:33.316+0000] {dag.py:3954} INFO - Setting next_dagrun for example_external_task_marker_child to None, run_after=None
[2025-05-02T20:03:33.320+0000] {logging_mixin.py:188} INFO - [2025-05-02T20:03:33.320+0000] {dag.py:3954} INFO - Setting next_dagrun for example_external_task_marker_parent to None, run_after=None
[2025-05-02T20:03:33.333+0000] {processor.py:183} INFO - Processing /home/airflow/.local/lib/python3.12/site-packages/airflow/example_dags/example_external_task_marker_dag.py took 0.163 seconds
[2025-05-02T20:04:05.118+0000] {processor.py:161} INFO - Started process (PID=2512) to work on /home/airflow/.local/lib/python3.12/site-packages/airflow/example_dags/example_external_task_marker_dag.py
[2025-05-02T20:04:05.119+0000] {processor.py:830} INFO - Processing file /home/airflow/.local/lib/python3.12/site-packages/airflow/example_dags/example_external_task_marker_dag.py for tasks to queue
[2025-05-02T20:04:05.120+0000] {logging_mixin.py:188} INFO - [2025-05-02T20:04:05.120+0000] {dagbag.py:545} INFO - Filling up the DagBag from /home/airflow/.local/lib/python3.12/site-packages/airflow/example_dags/example_external_task_marker_dag.py
[2025-05-02T20:04:05.125+0000] {processor.py:840} INFO - DAG(s) 'example_external_task_marker_parent', 'example_external_task_marker_child' retrieved from /home/airflow/.local/lib/python3.12/site-packages/airflow/example_dags/example_external_task_marker_dag.py
[2025-05-02T20:04:05.145+0000] {logging_mixin.py:188} INFO - [2025-05-02T20:04:05.145+0000] {dag.py:3096} INFO - Sync 2 DAGs
[2025-05-02T20:04:05.157+0000] {logging_mixin.py:188} INFO - [2025-05-02T20:04:05.157+0000] {dag.py:3954} INFO - Setting next_dagrun for example_external_task_marker_child to None, run_after=None
[2025-05-02T20:04:05.160+0000] {logging_mixin.py:188} INFO - [2025-05-02T20:04:05.160+0000] {dag.py:3954} INFO - Setting next_dagrun for example_external_task_marker_parent to None, run_after=None
[2025-05-02T20:04:05.175+0000] {processor.py:183} INFO - Processing /home/airflow/.local/lib/python3.12/site-packages/airflow/example_dags/example_external_task_marker_dag.py took 0.062 seconds
[2025-05-02T20:04:37.541+0000] {processor.py:161} INFO - Started process (PID=2572) to work on /home/airflow/.local/lib/python3.12/site-packages/airflow/example_dags/example_external_task_marker_dag.py
[2025-05-02T20:04:37.542+0000] {processor.py:830} INFO - Processing file /home/airflow/.local/lib/python3.12/site-packages/airflow/example_dags/example_external_task_marker_dag.py for tasks to queue
[2025-05-02T20:04:37.544+0000] {logging_mixin.py:188} INFO - [2025-05-02T20:04:37.544+0000] {dagbag.py:545} INFO - Filling up the DagBag from /home/airflow/.local/lib/python3.12/site-packages/airflow/example_dags/example_external_task_marker_dag.py
[2025-05-02T20:04:37.550+0000] {processor.py:840} INFO - DAG(s) 'example_external_task_marker_parent', 'example_external_task_marker_child' retrieved from /home/airflow/.local/lib/python3.12/site-packages/airflow/example_dags/example_external_task_marker_dag.py
[2025-05-02T20:04:37.573+0000] {logging_mixin.py:188} INFO - [2025-05-02T20:04:37.573+0000] {dag.py:3096} INFO - Sync 2 DAGs
[2025-05-02T20:04:37.584+0000] {logging_mixin.py:188} INFO - [2025-05-02T20:04:37.583+0000] {dag.py:3954} INFO - Setting next_dagrun for example_external_task_marker_child to None, run_after=None
[2025-05-02T20:04:37.587+0000] {logging_mixin.py:188} INFO - [2025-05-02T20:04:37.586+0000] {dag.py:3954} INFO - Setting next_dagrun for example_external_task_marker_parent to None, run_after=None
[2025-05-02T20:04:37.603+0000] {processor.py:183} INFO - Processing /home/airflow/.local/lib/python3.12/site-packages/airflow/example_dags/example_external_task_marker_dag.py took 0.067 seconds
[2025-05-02T20:05:09.840+0000] {processor.py:161} INFO - Started process (PID=2632) to work on /home/airflow/.local/lib/python3.12/site-packages/airflow/example_dags/example_external_task_marker_dag.py
[2025-05-02T20:05:09.841+0000] {processor.py:830} INFO - Processing file /home/airflow/.local/lib/python3.12/site-packages/airflow/example_dags/example_external_task_marker_dag.py for tasks to queue
[2025-05-02T20:05:09.842+0000] {logging_mixin.py:188} INFO - [2025-05-02T20:05:09.842+0000] {dagbag.py:545} INFO - Filling up the DagBag from /home/airflow/.local/lib/python3.12/site-packages/airflow/example_dags/example_external_task_marker_dag.py
[2025-05-02T20:05:09.847+0000] {processor.py:840} INFO - DAG(s) 'example_external_task_marker_parent', 'example_external_task_marker_child' retrieved from /home/airflow/.local/lib/python3.12/site-packages/airflow/example_dags/example_external_task_marker_dag.py
[2025-05-02T20:05:09.867+0000] {logging_mixin.py:188} INFO - [2025-05-02T20:05:09.867+0000] {dag.py:3096} INFO - Sync 2 DAGs
[2025-05-02T20:05:09.877+0000] {logging_mixin.py:188} INFO - [2025-05-02T20:05:09.877+0000] {dag.py:3954} INFO - Setting next_dagrun for example_external_task_marker_child to None, run_after=None
[2025-05-02T20:05:09.880+0000] {logging_mixin.py:188} INFO - [2025-05-02T20:05:09.880+0000] {dag.py:3954} INFO - Setting next_dagrun for example_external_task_marker_parent to None, run_after=None
[2025-05-02T20:05:09.894+0000] {processor.py:183} INFO - Processing /home/airflow/.local/lib/python3.12/site-packages/airflow/example_dags/example_external_task_marker_dag.py took 0.059 seconds
[2025-05-02T20:05:42.130+0000] {processor.py:161} INFO - Started process (PID=2692) to work on /home/airflow/.local/lib/python3.12/site-packages/airflow/example_dags/example_external_task_marker_dag.py
[2025-05-02T20:05:42.131+0000] {processor.py:830} INFO - Processing file /home/airflow/.local/lib/python3.12/site-packages/airflow/example_dags/example_external_task_marker_dag.py for tasks to queue
[2025-05-02T20:05:42.133+0000] {logging_mixin.py:188} INFO - [2025-05-02T20:05:42.133+0000] {dagbag.py:545} INFO - Filling up the DagBag from /home/airflow/.local/lib/python3.12/site-packages/airflow/example_dags/example_external_task_marker_dag.py
[2025-05-02T20:05:42.137+0000] {processor.py:840} INFO - DAG(s) 'example_external_task_marker_parent', 'example_external_task_marker_child' retrieved from /home/airflow/.local/lib/python3.12/site-packages/airflow/example_dags/example_external_task_marker_dag.py
[2025-05-02T20:05:42.157+0000] {logging_mixin.py:188} INFO - [2025-05-02T20:05:42.157+0000] {dag.py:3096} INFO - Sync 2 DAGs
[2025-05-02T20:05:42.168+0000] {logging_mixin.py:188} INFO - [2025-05-02T20:05:42.167+0000] {dag.py:3954} INFO - Setting next_dagrun for example_external_task_marker_child to None, run_after=None
[2025-05-02T20:05:42.171+0000] {logging_mixin.py:188} INFO - [2025-05-02T20:05:42.171+0000] {dag.py:3954} INFO - Setting next_dagrun for example_external_task_marker_parent to None, run_after=None
[2025-05-02T20:05:42.184+0000] {processor.py:183} INFO - Processing /home/airflow/.local/lib/python3.12/site-packages/airflow/example_dags/example_external_task_marker_dag.py took 0.058 seconds
[2025-05-02T20:06:15.208+0000] {processor.py:161} INFO - Started process (PID=2752) to work on /home/airflow/.local/lib/python3.12/site-packages/airflow/example_dags/example_external_task_marker_dag.py
[2025-05-02T20:06:15.208+0000] {processor.py:830} INFO - Processing file /home/airflow/.local/lib/python3.12/site-packages/airflow/example_dags/example_external_task_marker_dag.py for tasks to queue
[2025-05-02T20:06:15.210+0000] {logging_mixin.py:188} INFO - [2025-05-02T20:06:15.209+0000] {dagbag.py:545} INFO - Filling up the DagBag from /home/airflow/.local/lib/python3.12/site-packages/airflow/example_dags/example_external_task_marker_dag.py
[2025-05-02T20:06:15.214+0000] {processor.py:840} INFO - DAG(s) 'example_external_task_marker_child', 'example_external_task_marker_parent' retrieved from /home/airflow/.local/lib/python3.12/site-packages/airflow/example_dags/example_external_task_marker_dag.py
[2025-05-02T20:06:15.232+0000] {logging_mixin.py:188} INFO - [2025-05-02T20:06:15.232+0000] {dag.py:3096} INFO - Sync 2 DAGs
[2025-05-02T20:06:15.243+0000] {logging_mixin.py:188} INFO - [2025-05-02T20:06:15.243+0000] {dag.py:3954} INFO - Setting next_dagrun for example_external_task_marker_child to None, run_after=None
[2025-05-02T20:06:15.246+0000] {logging_mixin.py:188} INFO - [2025-05-02T20:06:15.246+0000] {dag.py:3954} INFO - Setting next_dagrun for example_external_task_marker_parent to None, run_after=None
[2025-05-02T20:06:15.257+0000] {processor.py:183} INFO - Processing /home/airflow/.local/lib/python3.12/site-packages/airflow/example_dags/example_external_task_marker_dag.py took 0.053 seconds
[2025-05-02T20:06:47.116+0000] {processor.py:161} INFO - Started process (PID=2812) to work on /home/airflow/.local/lib/python3.12/site-packages/airflow/example_dags/example_external_task_marker_dag.py
[2025-05-02T20:06:47.117+0000] {processor.py:830} INFO - Processing file /home/airflow/.local/lib/python3.12/site-packages/airflow/example_dags/example_external_task_marker_dag.py for tasks to queue
[2025-05-02T20:06:47.118+0000] {logging_mixin.py:188} INFO - [2025-05-02T20:06:47.118+0000] {dagbag.py:545} INFO - Filling up the DagBag from /home/airflow/.local/lib/python3.12/site-packages/airflow/example_dags/example_external_task_marker_dag.py
[2025-05-02T20:06:47.123+0000] {processor.py:840} INFO - DAG(s) 'example_external_task_marker_parent', 'example_external_task_marker_child' retrieved from /home/airflow/.local/lib/python3.12/site-packages/airflow/example_dags/example_external_task_marker_dag.py
[2025-05-02T20:06:47.142+0000] {logging_mixin.py:188} INFO - [2025-05-02T20:06:47.141+0000] {dag.py:3096} INFO - Sync 2 DAGs
[2025-05-02T20:06:47.151+0000] {logging_mixin.py:188} INFO - [2025-05-02T20:06:47.151+0000] {dag.py:3954} INFO - Setting next_dagrun for example_external_task_marker_child to None, run_after=None
[2025-05-02T20:06:47.155+0000] {logging_mixin.py:188} INFO - [2025-05-02T20:06:47.154+0000] {dag.py:3954} INFO - Setting next_dagrun for example_external_task_marker_parent to None, run_after=None
[2025-05-02T20:06:47.170+0000] {processor.py:183} INFO - Processing /home/airflow/.local/lib/python3.12/site-packages/airflow/example_dags/example_external_task_marker_dag.py took 0.058 seconds
[2025-05-02T20:07:20.440+0000] {processor.py:161} INFO - Started process (PID=2872) to work on /home/airflow/.local/lib/python3.12/site-packages/airflow/example_dags/example_external_task_marker_dag.py
[2025-05-02T20:07:20.442+0000] {processor.py:830} INFO - Processing file /home/airflow/.local/lib/python3.12/site-packages/airflow/example_dags/example_external_task_marker_dag.py for tasks to queue
[2025-05-02T20:07:20.443+0000] {logging_mixin.py:188} INFO - [2025-05-02T20:07:20.443+0000] {dagbag.py:545} INFO - Filling up the DagBag from /home/airflow/.local/lib/python3.12/site-packages/airflow/example_dags/example_external_task_marker_dag.py
[2025-05-02T20:07:20.448+0000] {processor.py:840} INFO - DAG(s) 'example_external_task_marker_child', 'example_external_task_marker_parent' retrieved from /home/airflow/.local/lib/python3.12/site-packages/airflow/example_dags/example_external_task_marker_dag.py
[2025-05-02T20:07:20.466+0000] {logging_mixin.py:188} INFO - [2025-05-02T20:07:20.466+0000] {dag.py:3096} INFO - Sync 2 DAGs
[2025-05-02T20:07:20.476+0000] {logging_mixin.py:188} INFO - [2025-05-02T20:07:20.476+0000] {dag.py:3954} INFO - Setting next_dagrun for example_external_task_marker_child to None, run_after=None
[2025-05-02T20:07:20.479+0000] {logging_mixin.py:188} INFO - [2025-05-02T20:07:20.479+0000] {dag.py:3954} INFO - Setting next_dagrun for example_external_task_marker_parent to None, run_after=None
[2025-05-02T20:07:20.493+0000] {processor.py:183} INFO - Processing /home/airflow/.local/lib/python3.12/site-packages/airflow/example_dags/example_external_task_marker_dag.py took 0.057 seconds
[2025-05-02T20:07:52.877+0000] {processor.py:161} INFO - Started process (PID=2933) to work on /home/airflow/.local/lib/python3.12/site-packages/airflow/example_dags/example_external_task_marker_dag.py
[2025-05-02T20:07:52.878+0000] {processor.py:830} INFO - Processing file /home/airflow/.local/lib/python3.12/site-packages/airflow/example_dags/example_external_task_marker_dag.py for tasks to queue
[2025-05-02T20:07:52.880+0000] {logging_mixin.py:188} INFO - [2025-05-02T20:07:52.880+0000] {dagbag.py:545} INFO - Filling up the DagBag from /home/airflow/.local/lib/python3.12/site-packages/airflow/example_dags/example_external_task_marker_dag.py
[2025-05-02T20:07:52.885+0000] {processor.py:840} INFO - DAG(s) 'example_external_task_marker_child', 'example_external_task_marker_parent' retrieved from /home/airflow/.local/lib/python3.12/site-packages/airflow/example_dags/example_external_task_marker_dag.py
[2025-05-02T20:07:52.903+0000] {logging_mixin.py:188} INFO - [2025-05-02T20:07:52.902+0000] {dag.py:3096} INFO - Sync 2 DAGs
[2025-05-02T20:07:52.912+0000] {logging_mixin.py:188} INFO - [2025-05-02T20:07:52.912+0000] {dag.py:3954} INFO - Setting next_dagrun for example_external_task_marker_child to None, run_after=None
[2025-05-02T20:07:52.916+0000] {logging_mixin.py:188} INFO - [2025-05-02T20:07:52.916+0000] {dag.py:3954} INFO - Setting next_dagrun for example_external_task_marker_parent to None, run_after=None
[2025-05-02T20:07:52.929+0000] {processor.py:183} INFO - Processing /home/airflow/.local/lib/python3.12/site-packages/airflow/example_dags/example_external_task_marker_dag.py took 0.056 seconds
[2025-05-02T20:08:25.138+0000] {processor.py:161} INFO - Started process (PID=2993) to work on /home/airflow/.local/lib/python3.12/site-packages/airflow/example_dags/example_external_task_marker_dag.py
[2025-05-02T20:08:25.138+0000] {processor.py:830} INFO - Processing file /home/airflow/.local/lib/python3.12/site-packages/airflow/example_dags/example_external_task_marker_dag.py for tasks to queue
[2025-05-02T20:08:25.140+0000] {logging_mixin.py:188} INFO - [2025-05-02T20:08:25.139+0000] {dagbag.py:545} INFO - Filling up the DagBag from /home/airflow/.local/lib/python3.12/site-packages/airflow/example_dags/example_external_task_marker_dag.py
[2025-05-02T20:08:25.144+0000] {processor.py:840} INFO - DAG(s) 'example_external_task_marker_parent', 'example_external_task_marker_child' retrieved from /home/airflow/.local/lib/python3.12/site-packages/airflow/example_dags/example_external_task_marker_dag.py
[2025-05-02T20:08:25.164+0000] {logging_mixin.py:188} INFO - [2025-05-02T20:08:25.164+0000] {dag.py:3096} INFO - Sync 2 DAGs
[2025-05-02T20:08:25.177+0000] {logging_mixin.py:188} INFO - [2025-05-02T20:08:25.177+0000] {dag.py:3954} INFO - Setting next_dagrun for example_external_task_marker_child to None, run_after=None
[2025-05-02T20:08:25.180+0000] {logging_mixin.py:188} INFO - [2025-05-02T20:08:25.180+0000] {dag.py:3954} INFO - Setting next_dagrun for example_external_task_marker_parent to None, run_after=None
[2025-05-02T20:08:25.194+0000] {processor.py:183} INFO - Processing /home/airflow/.local/lib/python3.12/site-packages/airflow/example_dags/example_external_task_marker_dag.py took 0.061 seconds
[2025-05-02T20:08:58.365+0000] {processor.py:161} INFO - Started process (PID=3053) to work on /home/airflow/.local/lib/python3.12/site-packages/airflow/example_dags/example_external_task_marker_dag.py
[2025-05-02T20:08:58.366+0000] {processor.py:830} INFO - Processing file /home/airflow/.local/lib/python3.12/site-packages/airflow/example_dags/example_external_task_marker_dag.py for tasks to queue
[2025-05-02T20:08:58.368+0000] {logging_mixin.py:188} INFO - [2025-05-02T20:08:58.367+0000] {dagbag.py:545} INFO - Filling up the DagBag from /home/airflow/.local/lib/python3.12/site-packages/airflow/example_dags/example_external_task_marker_dag.py
[2025-05-02T20:08:58.372+0000] {processor.py:840} INFO - DAG(s) 'example_external_task_marker_parent', 'example_external_task_marker_child' retrieved from /home/airflow/.local/lib/python3.12/site-packages/airflow/example_dags/example_external_task_marker_dag.py
[2025-05-02T20:08:58.390+0000] {logging_mixin.py:188} INFO - [2025-05-02T20:08:58.390+0000] {dag.py:3096} INFO - Sync 2 DAGs
[2025-05-02T20:08:58.400+0000] {logging_mixin.py:188} INFO - [2025-05-02T20:08:58.400+0000] {dag.py:3954} INFO - Setting next_dagrun for example_external_task_marker_child to None, run_after=None
[2025-05-02T20:08:58.404+0000] {logging_mixin.py:188} INFO - [2025-05-02T20:08:58.404+0000] {dag.py:3954} INFO - Setting next_dagrun for example_external_task_marker_parent to None, run_after=None
[2025-05-02T20:08:58.419+0000] {processor.py:183} INFO - Processing /home/airflow/.local/lib/python3.12/site-packages/airflow/example_dags/example_external_task_marker_dag.py took 0.058 seconds
[2025-05-02T20:09:31.018+0000] {processor.py:161} INFO - Started process (PID=3113) to work on /home/airflow/.local/lib/python3.12/site-packages/airflow/example_dags/example_external_task_marker_dag.py
[2025-05-02T20:09:31.019+0000] {processor.py:830} INFO - Processing file /home/airflow/.local/lib/python3.12/site-packages/airflow/example_dags/example_external_task_marker_dag.py for tasks to queue
[2025-05-02T20:09:31.020+0000] {logging_mixin.py:188} INFO - [2025-05-02T20:09:31.020+0000] {dagbag.py:545} INFO - Filling up the DagBag from /home/airflow/.local/lib/python3.12/site-packages/airflow/example_dags/example_external_task_marker_dag.py
[2025-05-02T20:09:31.025+0000] {processor.py:840} INFO - DAG(s) 'example_external_task_marker_child', 'example_external_task_marker_parent' retrieved from /home/airflow/.local/lib/python3.12/site-packages/airflow/example_dags/example_external_task_marker_dag.py
[2025-05-02T20:09:31.050+0000] {logging_mixin.py:188} INFO - [2025-05-02T20:09:31.050+0000] {dag.py:3096} INFO - Sync 2 DAGs
[2025-05-02T20:09:31.062+0000] {logging_mixin.py:188} INFO - [2025-05-02T20:09:31.061+0000] {dag.py:3954} INFO - Setting next_dagrun for example_external_task_marker_child to None, run_after=None
[2025-05-02T20:09:31.065+0000] {logging_mixin.py:188} INFO - [2025-05-02T20:09:31.065+0000] {dag.py:3954} INFO - Setting next_dagrun for example_external_task_marker_parent to None, run_after=None
[2025-05-02T20:09:31.077+0000] {processor.py:183} INFO - Processing /home/airflow/.local/lib/python3.12/site-packages/airflow/example_dags/example_external_task_marker_dag.py took 0.064 seconds
[2025-05-02T20:10:03.336+0000] {processor.py:161} INFO - Started process (PID=3173) to work on /home/airflow/.local/lib/python3.12/site-packages/airflow/example_dags/example_external_task_marker_dag.py
[2025-05-02T20:10:03.336+0000] {processor.py:830} INFO - Processing file /home/airflow/.local/lib/python3.12/site-packages/airflow/example_dags/example_external_task_marker_dag.py for tasks to queue
[2025-05-02T20:10:03.338+0000] {logging_mixin.py:188} INFO - [2025-05-02T20:10:03.337+0000] {dagbag.py:545} INFO - Filling up the DagBag from /home/airflow/.local/lib/python3.12/site-packages/airflow/example_dags/example_external_task_marker_dag.py
[2025-05-02T20:10:03.342+0000] {processor.py:840} INFO - DAG(s) 'example_external_task_marker_parent', 'example_external_task_marker_child' retrieved from /home/airflow/.local/lib/python3.12/site-packages/airflow/example_dags/example_external_task_marker_dag.py
[2025-05-02T20:10:03.359+0000] {logging_mixin.py:188} INFO - [2025-05-02T20:10:03.359+0000] {dag.py:3096} INFO - Sync 2 DAGs
[2025-05-02T20:10:03.369+0000] {logging_mixin.py:188} INFO - [2025-05-02T20:10:03.369+0000] {dag.py:3954} INFO - Setting next_dagrun for example_external_task_marker_child to None, run_after=None
[2025-05-02T20:10:03.372+0000] {logging_mixin.py:188} INFO - [2025-05-02T20:10:03.372+0000] {dag.py:3954} INFO - Setting next_dagrun for example_external_task_marker_parent to None, run_after=None
[2025-05-02T20:10:03.384+0000] {processor.py:183} INFO - Processing /home/airflow/.local/lib/python3.12/site-packages/airflow/example_dags/example_external_task_marker_dag.py took 0.054 seconds
[2025-05-02T20:10:35.258+0000] {processor.py:161} INFO - Started process (PID=3233) to work on /home/airflow/.local/lib/python3.12/site-packages/airflow/example_dags/example_external_task_marker_dag.py
[2025-05-02T20:10:35.259+0000] {processor.py:830} INFO - Processing file /home/airflow/.local/lib/python3.12/site-packages/airflow/example_dags/example_external_task_marker_dag.py for tasks to queue
[2025-05-02T20:10:35.261+0000] {logging_mixin.py:188} INFO - [2025-05-02T20:10:35.261+0000] {dagbag.py:545} INFO - Filling up the DagBag from /home/airflow/.local/lib/python3.12/site-packages/airflow/example_dags/example_external_task_marker_dag.py
[2025-05-02T20:10:35.266+0000] {processor.py:840} INFO - DAG(s) 'example_external_task_marker_parent', 'example_external_task_marker_child' retrieved from /home/airflow/.local/lib/python3.12/site-packages/airflow/example_dags/example_external_task_marker_dag.py
[2025-05-02T20:10:35.286+0000] {logging_mixin.py:188} INFO - [2025-05-02T20:10:35.285+0000] {dag.py:3096} INFO - Sync 2 DAGs
[2025-05-02T20:10:35.298+0000] {logging_mixin.py:188} INFO - [2025-05-02T20:10:35.298+0000] {dag.py:3954} INFO - Setting next_dagrun for example_external_task_marker_child to None, run_after=None
[2025-05-02T20:10:35.301+0000] {logging_mixin.py:188} INFO - [2025-05-02T20:10:35.301+0000] {dag.py:3954} INFO - Setting next_dagrun for example_external_task_marker_parent to None, run_after=None
[2025-05-02T20:10:35.314+0000] {processor.py:183} INFO - Processing /home/airflow/.local/lib/python3.12/site-packages/airflow/example_dags/example_external_task_marker_dag.py took 0.060 seconds
[2025-05-02T20:11:08.528+0000] {processor.py:161} INFO - Started process (PID=3293) to work on /home/airflow/.local/lib/python3.12/site-packages/airflow/example_dags/example_external_task_marker_dag.py
[2025-05-02T20:11:08.529+0000] {processor.py:830} INFO - Processing file /home/airflow/.local/lib/python3.12/site-packages/airflow/example_dags/example_external_task_marker_dag.py for tasks to queue
[2025-05-02T20:11:08.530+0000] {logging_mixin.py:188} INFO - [2025-05-02T20:11:08.530+0000] {dagbag.py:545} INFO - Filling up the DagBag from /home/airflow/.local/lib/python3.12/site-packages/airflow/example_dags/example_external_task_marker_dag.py
[2025-05-02T20:11:08.535+0000] {processor.py:840} INFO - DAG(s) 'example_external_task_marker_parent', 'example_external_task_marker_child' retrieved from /home/airflow/.local/lib/python3.12/site-packages/airflow/example_dags/example_external_task_marker_dag.py
[2025-05-02T20:11:08.552+0000] {logging_mixin.py:188} INFO - [2025-05-02T20:11:08.552+0000] {dag.py:3096} INFO - Sync 2 DAGs
[2025-05-02T20:11:08.562+0000] {logging_mixin.py:188} INFO - [2025-05-02T20:11:08.562+0000] {dag.py:3954} INFO - Setting next_dagrun for example_external_task_marker_child to None, run_after=None
[2025-05-02T20:11:08.565+0000] {logging_mixin.py:188} INFO - [2025-05-02T20:11:08.565+0000] {dag.py:3954} INFO - Setting next_dagrun for example_external_task_marker_parent to None, run_after=None
[2025-05-02T20:11:08.577+0000] {processor.py:183} INFO - Processing /home/airflow/.local/lib/python3.12/site-packages/airflow/example_dags/example_external_task_marker_dag.py took 0.053 seconds
[2025-05-02T20:11:40.500+0000] {processor.py:161} INFO - Started process (PID=3353) to work on /home/airflow/.local/lib/python3.12/site-packages/airflow/example_dags/example_external_task_marker_dag.py
[2025-05-02T20:11:40.500+0000] {processor.py:830} INFO - Processing file /home/airflow/.local/lib/python3.12/site-packages/airflow/example_dags/example_external_task_marker_dag.py for tasks to queue
[2025-05-02T20:11:40.502+0000] {logging_mixin.py:188} INFO - [2025-05-02T20:11:40.502+0000] {dagbag.py:545} INFO - Filling up the DagBag from /home/airflow/.local/lib/python3.12/site-packages/airflow/example_dags/example_external_task_marker_dag.py
[2025-05-02T20:11:40.507+0000] {processor.py:840} INFO - DAG(s) 'example_external_task_marker_parent', 'example_external_task_marker_child' retrieved from /home/airflow/.local/lib/python3.12/site-packages/airflow/example_dags/example_external_task_marker_dag.py
[2025-05-02T20:11:40.524+0000] {logging_mixin.py:188} INFO - [2025-05-02T20:11:40.524+0000] {dag.py:3096} INFO - Sync 2 DAGs
[2025-05-02T20:11:40.533+0000] {logging_mixin.py:188} INFO - [2025-05-02T20:11:40.533+0000] {dag.py:3954} INFO - Setting next_dagrun for example_external_task_marker_child to None, run_after=None
[2025-05-02T20:11:40.535+0000] {logging_mixin.py:188} INFO - [2025-05-02T20:11:40.535+0000] {dag.py:3954} INFO - Setting next_dagrun for example_external_task_marker_parent to None, run_after=None
[2025-05-02T20:11:40.549+0000] {processor.py:183} INFO - Processing /home/airflow/.local/lib/python3.12/site-packages/airflow/example_dags/example_external_task_marker_dag.py took 0.054 seconds
[2025-05-02T20:12:13.664+0000] {processor.py:161} INFO - Started process (PID=3413) to work on /home/airflow/.local/lib/python3.12/site-packages/airflow/example_dags/example_external_task_marker_dag.py
[2025-05-02T20:12:13.664+0000] {processor.py:830} INFO - Processing file /home/airflow/.local/lib/python3.12/site-packages/airflow/example_dags/example_external_task_marker_dag.py for tasks to queue
[2025-05-02T20:12:13.666+0000] {logging_mixin.py:188} INFO - [2025-05-02T20:12:13.666+0000] {dagbag.py:545} INFO - Filling up the DagBag from /home/airflow/.local/lib/python3.12/site-packages/airflow/example_dags/example_external_task_marker_dag.py
[2025-05-02T20:12:13.671+0000] {processor.py:840} INFO - DAG(s) 'example_external_task_marker_parent', 'example_external_task_marker_child' retrieved from /home/airflow/.local/lib/python3.12/site-packages/airflow/example_dags/example_external_task_marker_dag.py
[2025-05-02T20:12:13.688+0000] {logging_mixin.py:188} INFO - [2025-05-02T20:12:13.688+0000] {dag.py:3096} INFO - Sync 2 DAGs
[2025-05-02T20:12:13.698+0000] {logging_mixin.py:188} INFO - [2025-05-02T20:12:13.698+0000] {dag.py:3954} INFO - Setting next_dagrun for example_external_task_marker_child to None, run_after=None
[2025-05-02T20:12:13.700+0000] {logging_mixin.py:188} INFO - [2025-05-02T20:12:13.700+0000] {dag.py:3954} INFO - Setting next_dagrun for example_external_task_marker_parent to None, run_after=None
[2025-05-02T20:12:13.712+0000] {processor.py:183} INFO - Processing /home/airflow/.local/lib/python3.12/site-packages/airflow/example_dags/example_external_task_marker_dag.py took 0.053 seconds
[2025-05-02T20:12:45.893+0000] {processor.py:161} INFO - Started process (PID=3473) to work on /home/airflow/.local/lib/python3.12/site-packages/airflow/example_dags/example_external_task_marker_dag.py
[2025-05-02T20:12:45.894+0000] {processor.py:830} INFO - Processing file /home/airflow/.local/lib/python3.12/site-packages/airflow/example_dags/example_external_task_marker_dag.py for tasks to queue
[2025-05-02T20:12:45.895+0000] {logging_mixin.py:188} INFO - [2025-05-02T20:12:45.895+0000] {dagbag.py:545} INFO - Filling up the DagBag from /home/airflow/.local/lib/python3.12/site-packages/airflow/example_dags/example_external_task_marker_dag.py
[2025-05-02T20:12:45.900+0000] {processor.py:840} INFO - DAG(s) 'example_external_task_marker_parent', 'example_external_task_marker_child' retrieved from /home/airflow/.local/lib/python3.12/site-packages/airflow/example_dags/example_external_task_marker_dag.py
[2025-05-02T20:12:45.915+0000] {logging_mixin.py:188} INFO - [2025-05-02T20:12:45.915+0000] {dag.py:3096} INFO - Sync 2 DAGs
[2025-05-02T20:12:45.924+0000] {logging_mixin.py:188} INFO - [2025-05-02T20:12:45.923+0000] {dag.py:3954} INFO - Setting next_dagrun for example_external_task_marker_child to None, run_after=None
[2025-05-02T20:12:45.926+0000] {logging_mixin.py:188} INFO - [2025-05-02T20:12:45.926+0000] {dag.py:3954} INFO - Setting next_dagrun for example_external_task_marker_parent to None, run_after=None
[2025-05-02T20:12:45.938+0000] {processor.py:183} INFO - Processing /home/airflow/.local/lib/python3.12/site-packages/airflow/example_dags/example_external_task_marker_dag.py took 0.048 seconds
