[2025-05-02T19:42:18.908+0000] {processor.py:161} INFO - Started process (PID=42) to work on /home/airflow/.local/lib/python3.12/site-packages/airflow/example_dags/example_task_group_decorator.py
[2025-05-02T19:42:18.909+0000] {processor.py:830} INFO - Processing file /home/airflow/.local/lib/python3.12/site-packages/airflow/example_dags/example_task_group_decorator.py for tasks to queue
[2025-05-02T19:42:18.911+0000] {logging_mixin.py:188} INFO - [2025-05-02T19:42:18.911+0000] {dagbag.py:545} INFO - Filling up the DagBag from /home/airflow/.local/lib/python3.12/site-packages/airflow/example_dags/example_task_group_decorator.py
[2025-05-02T19:42:18.932+0000] {processor.py:840} INFO - DAG(s) 'example_task_group_decorator' retrieved from /home/airflow/.local/lib/python3.12/site-packages/airflow/example_dags/example_task_group_decorator.py
[2025-05-02T19:42:19.063+0000] {logging_mixin.py:188} INFO - [2025-05-02T19:42:19.062+0000] {override.py:1829} INFO - Created Permission View: can edit on DAG:example_task_group_decorator
[2025-05-02T19:42:19.074+0000] {logging_mixin.py:188} INFO - [2025-05-02T19:42:19.073+0000] {override.py:1829} INFO - Created Permission View: can read on DAG:example_task_group_decorator
[2025-05-02T19:42:19.080+0000] {logging_mixin.py:188} INFO - [2025-05-02T19:42:19.080+0000] {override.py:1829} INFO - Created Permission View: can delete on DAG:example_task_group_decorator
[2025-05-02T19:42:19.081+0000] {logging_mixin.py:188} INFO - [2025-05-02T19:42:19.081+0000] {dag.py:3096} INFO - Sync 1 DAGs
[2025-05-02T19:42:19.092+0000] {logging_mixin.py:188} INFO - [2025-05-02T19:42:19.092+0000] {dag.py:3118} INFO - Creating ORM DAG for example_task_group_decorator
[2025-05-02T19:42:19.102+0000] {logging_mixin.py:188} INFO - [2025-05-02T19:42:19.102+0000] {dag.py:3954} INFO - Setting next_dagrun for example_task_group_decorator to 2025-05-01 00:00:00+00:00, run_after=2025-05-02 00:00:00+00:00
[2025-05-02T19:42:19.118+0000] {processor.py:183} INFO - Processing /home/airflow/.local/lib/python3.12/site-packages/airflow/example_dags/example_task_group_decorator.py took 0.215 seconds
[2025-05-02T19:42:49.611+0000] {processor.py:161} INFO - Started process (PID=102) to work on /home/airflow/.local/lib/python3.12/site-packages/airflow/example_dags/example_task_group_decorator.py
[2025-05-02T19:42:49.629+0000] {processor.py:830} INFO - Processing file /home/airflow/.local/lib/python3.12/site-packages/airflow/example_dags/example_task_group_decorator.py for tasks to queue
[2025-05-02T19:42:49.631+0000] {logging_mixin.py:188} INFO - [2025-05-02T19:42:49.630+0000] {dagbag.py:545} INFO - Filling up the DagBag from /home/airflow/.local/lib/python3.12/site-packages/airflow/example_dags/example_task_group_decorator.py
[2025-05-02T19:42:49.648+0000] {processor.py:840} INFO - DAG(s) 'example_task_group_decorator' retrieved from /home/airflow/.local/lib/python3.12/site-packages/airflow/example_dags/example_task_group_decorator.py
[2025-05-02T19:42:49.669+0000] {logging_mixin.py:188} INFO - [2025-05-02T19:42:49.669+0000] {dag.py:3096} INFO - Sync 1 DAGs
[2025-05-02T19:42:49.698+0000] {logging_mixin.py:188} INFO - [2025-05-02T19:42:49.698+0000] {dag.py:3954} INFO - Setting next_dagrun for example_task_group_decorator to 2025-05-01 00:00:00+00:00, run_after=2025-05-02 00:00:00+00:00
[2025-05-02T19:42:49.720+0000] {processor.py:183} INFO - Processing /home/airflow/.local/lib/python3.12/site-packages/airflow/example_dags/example_task_group_decorator.py took 0.115 seconds
[2025-05-02T19:43:19.989+0000] {processor.py:161} INFO - Started process (PID=160) to work on /home/airflow/.local/lib/python3.12/site-packages/airflow/example_dags/example_task_group_decorator.py
[2025-05-02T19:43:19.990+0000] {processor.py:830} INFO - Processing file /home/airflow/.local/lib/python3.12/site-packages/airflow/example_dags/example_task_group_decorator.py for tasks to queue
[2025-05-02T19:43:19.992+0000] {logging_mixin.py:188} INFO - [2025-05-02T19:43:19.991+0000] {dagbag.py:545} INFO - Filling up the DagBag from /home/airflow/.local/lib/python3.12/site-packages/airflow/example_dags/example_task_group_decorator.py
[2025-05-02T19:43:20.003+0000] {processor.py:840} INFO - DAG(s) 'example_task_group_decorator' retrieved from /home/airflow/.local/lib/python3.12/site-packages/airflow/example_dags/example_task_group_decorator.py
[2025-05-02T19:43:20.022+0000] {logging_mixin.py:188} INFO - [2025-05-02T19:43:20.022+0000] {dag.py:3096} INFO - Sync 1 DAGs
[2025-05-02T19:43:20.040+0000] {logging_mixin.py:188} INFO - [2025-05-02T19:43:20.040+0000] {dag.py:3954} INFO - Setting next_dagrun for example_task_group_decorator to 2025-05-01 00:00:00+00:00, run_after=2025-05-02 00:00:00+00:00
[2025-05-02T19:43:20.057+0000] {processor.py:183} INFO - Processing /home/airflow/.local/lib/python3.12/site-packages/airflow/example_dags/example_task_group_decorator.py took 0.072 seconds
[2025-05-02T19:43:50.309+0000] {processor.py:161} INFO - Started process (PID=220) to work on /home/airflow/.local/lib/python3.12/site-packages/airflow/example_dags/example_task_group_decorator.py
[2025-05-02T19:43:50.318+0000] {processor.py:830} INFO - Processing file /home/airflow/.local/lib/python3.12/site-packages/airflow/example_dags/example_task_group_decorator.py for tasks to queue
[2025-05-02T19:43:50.319+0000] {logging_mixin.py:188} INFO - [2025-05-02T19:43:50.319+0000] {dagbag.py:545} INFO - Filling up the DagBag from /home/airflow/.local/lib/python3.12/site-packages/airflow/example_dags/example_task_group_decorator.py
[2025-05-02T19:43:50.328+0000] {processor.py:840} INFO - DAG(s) 'example_task_group_decorator' retrieved from /home/airflow/.local/lib/python3.12/site-packages/airflow/example_dags/example_task_group_decorator.py
[2025-05-02T19:43:50.345+0000] {logging_mixin.py:188} INFO - [2025-05-02T19:43:50.345+0000] {dag.py:3096} INFO - Sync 1 DAGs
[2025-05-02T19:43:50.362+0000] {logging_mixin.py:188} INFO - [2025-05-02T19:43:50.361+0000] {dag.py:3954} INFO - Setting next_dagrun for example_task_group_decorator to 2025-05-01 00:00:00+00:00, run_after=2025-05-02 00:00:00+00:00
[2025-05-02T19:43:50.382+0000] {processor.py:183} INFO - Processing /home/airflow/.local/lib/python3.12/site-packages/airflow/example_dags/example_task_group_decorator.py took 0.078 seconds
[2025-05-02T19:44:20.601+0000] {processor.py:161} INFO - Started process (PID=280) to work on /home/airflow/.local/lib/python3.12/site-packages/airflow/example_dags/example_task_group_decorator.py
[2025-05-02T19:44:20.602+0000] {processor.py:830} INFO - Processing file /home/airflow/.local/lib/python3.12/site-packages/airflow/example_dags/example_task_group_decorator.py for tasks to queue
[2025-05-02T19:44:20.604+0000] {logging_mixin.py:188} INFO - [2025-05-02T19:44:20.604+0000] {dagbag.py:545} INFO - Filling up the DagBag from /home/airflow/.local/lib/python3.12/site-packages/airflow/example_dags/example_task_group_decorator.py
[2025-05-02T19:44:20.616+0000] {processor.py:840} INFO - DAG(s) 'example_task_group_decorator' retrieved from /home/airflow/.local/lib/python3.12/site-packages/airflow/example_dags/example_task_group_decorator.py
[2025-05-02T19:44:20.642+0000] {logging_mixin.py:188} INFO - [2025-05-02T19:44:20.642+0000] {dag.py:3096} INFO - Sync 1 DAGs
[2025-05-02T19:44:20.664+0000] {logging_mixin.py:188} INFO - [2025-05-02T19:44:20.664+0000] {dag.py:3954} INFO - Setting next_dagrun for example_task_group_decorator to 2025-05-01 00:00:00+00:00, run_after=2025-05-02 00:00:00+00:00
[2025-05-02T19:44:20.684+0000] {processor.py:183} INFO - Processing /home/airflow/.local/lib/python3.12/site-packages/airflow/example_dags/example_task_group_decorator.py took 0.089 seconds
[2025-05-02T19:44:50.955+0000] {processor.py:161} INFO - Started process (PID=340) to work on /home/airflow/.local/lib/python3.12/site-packages/airflow/example_dags/example_task_group_decorator.py
[2025-05-02T19:44:50.956+0000] {processor.py:830} INFO - Processing file /home/airflow/.local/lib/python3.12/site-packages/airflow/example_dags/example_task_group_decorator.py for tasks to queue
[2025-05-02T19:44:50.958+0000] {logging_mixin.py:188} INFO - [2025-05-02T19:44:50.957+0000] {dagbag.py:545} INFO - Filling up the DagBag from /home/airflow/.local/lib/python3.12/site-packages/airflow/example_dags/example_task_group_decorator.py
[2025-05-02T19:44:50.970+0000] {processor.py:840} INFO - DAG(s) 'example_task_group_decorator' retrieved from /home/airflow/.local/lib/python3.12/site-packages/airflow/example_dags/example_task_group_decorator.py
[2025-05-02T19:44:50.989+0000] {logging_mixin.py:188} INFO - [2025-05-02T19:44:50.989+0000] {dag.py:3096} INFO - Sync 1 DAGs
[2025-05-02T19:44:51.006+0000] {logging_mixin.py:188} INFO - [2025-05-02T19:44:51.006+0000] {dag.py:3954} INFO - Setting next_dagrun for example_task_group_decorator to 2025-05-01 00:00:00+00:00, run_after=2025-05-02 00:00:00+00:00
[2025-05-02T19:44:51.021+0000] {processor.py:183} INFO - Processing /home/airflow/.local/lib/python3.12/site-packages/airflow/example_dags/example_task_group_decorator.py took 0.070 seconds
[2025-05-02T19:45:21.261+0000] {processor.py:161} INFO - Started process (PID=400) to work on /home/airflow/.local/lib/python3.12/site-packages/airflow/example_dags/example_task_group_decorator.py
[2025-05-02T19:45:21.262+0000] {processor.py:830} INFO - Processing file /home/airflow/.local/lib/python3.12/site-packages/airflow/example_dags/example_task_group_decorator.py for tasks to queue
[2025-05-02T19:45:21.264+0000] {logging_mixin.py:188} INFO - [2025-05-02T19:45:21.264+0000] {dagbag.py:545} INFO - Filling up the DagBag from /home/airflow/.local/lib/python3.12/site-packages/airflow/example_dags/example_task_group_decorator.py
[2025-05-02T19:45:21.274+0000] {processor.py:840} INFO - DAG(s) 'example_task_group_decorator' retrieved from /home/airflow/.local/lib/python3.12/site-packages/airflow/example_dags/example_task_group_decorator.py
[2025-05-02T19:45:21.294+0000] {logging_mixin.py:188} INFO - [2025-05-02T19:45:21.294+0000] {dag.py:3096} INFO - Sync 1 DAGs
[2025-05-02T19:45:21.314+0000] {logging_mixin.py:188} INFO - [2025-05-02T19:45:21.314+0000] {dag.py:3954} INFO - Setting next_dagrun for example_task_group_decorator to 2025-05-01 00:00:00+00:00, run_after=2025-05-02 00:00:00+00:00
[2025-05-02T19:45:21.330+0000] {processor.py:183} INFO - Processing /home/airflow/.local/lib/python3.12/site-packages/airflow/example_dags/example_task_group_decorator.py took 0.073 seconds
[2025-05-02T19:45:51.531+0000] {processor.py:161} INFO - Started process (PID=460) to work on /home/airflow/.local/lib/python3.12/site-packages/airflow/example_dags/example_task_group_decorator.py
[2025-05-02T19:45:51.532+0000] {processor.py:830} INFO - Processing file /home/airflow/.local/lib/python3.12/site-packages/airflow/example_dags/example_task_group_decorator.py for tasks to queue
[2025-05-02T19:45:51.534+0000] {logging_mixin.py:188} INFO - [2025-05-02T19:45:51.533+0000] {dagbag.py:545} INFO - Filling up the DagBag from /home/airflow/.local/lib/python3.12/site-packages/airflow/example_dags/example_task_group_decorator.py
[2025-05-02T19:45:51.543+0000] {processor.py:840} INFO - DAG(s) 'example_task_group_decorator' retrieved from /home/airflow/.local/lib/python3.12/site-packages/airflow/example_dags/example_task_group_decorator.py
[2025-05-02T19:45:51.562+0000] {logging_mixin.py:188} INFO - [2025-05-02T19:45:51.562+0000] {dag.py:3096} INFO - Sync 1 DAGs
[2025-05-02T19:45:51.578+0000] {logging_mixin.py:188} INFO - [2025-05-02T19:45:51.578+0000] {dag.py:3954} INFO - Setting next_dagrun for example_task_group_decorator to 2025-05-01 00:00:00+00:00, run_after=2025-05-02 00:00:00+00:00
[2025-05-02T19:45:51.593+0000] {processor.py:183} INFO - Processing /home/airflow/.local/lib/python3.12/site-packages/airflow/example_dags/example_task_group_decorator.py took 0.066 seconds
[2025-05-02T19:46:21.857+0000] {processor.py:161} INFO - Started process (PID=520) to work on /home/airflow/.local/lib/python3.12/site-packages/airflow/example_dags/example_task_group_decorator.py
[2025-05-02T19:46:21.859+0000] {processor.py:830} INFO - Processing file /home/airflow/.local/lib/python3.12/site-packages/airflow/example_dags/example_task_group_decorator.py for tasks to queue
[2025-05-02T19:46:21.861+0000] {logging_mixin.py:188} INFO - [2025-05-02T19:46:21.861+0000] {dagbag.py:545} INFO - Filling up the DagBag from /home/airflow/.local/lib/python3.12/site-packages/airflow/example_dags/example_task_group_decorator.py
[2025-05-02T19:46:21.874+0000] {processor.py:840} INFO - DAG(s) 'example_task_group_decorator' retrieved from /home/airflow/.local/lib/python3.12/site-packages/airflow/example_dags/example_task_group_decorator.py
[2025-05-02T19:46:21.893+0000] {logging_mixin.py:188} INFO - [2025-05-02T19:46:21.893+0000] {dag.py:3096} INFO - Sync 1 DAGs
[2025-05-02T19:46:21.919+0000] {logging_mixin.py:188} INFO - [2025-05-02T19:46:21.919+0000] {dag.py:3954} INFO - Setting next_dagrun for example_task_group_decorator to 2025-05-01 00:00:00+00:00, run_after=2025-05-02 00:00:00+00:00
[2025-05-02T19:46:21.934+0000] {processor.py:183} INFO - Processing /home/airflow/.local/lib/python3.12/site-packages/airflow/example_dags/example_task_group_decorator.py took 0.084 seconds
[2025-05-02T19:46:52.183+0000] {processor.py:161} INFO - Started process (PID=574) to work on /home/airflow/.local/lib/python3.12/site-packages/airflow/example_dags/example_task_group_decorator.py
[2025-05-02T19:46:52.184+0000] {processor.py:830} INFO - Processing file /home/airflow/.local/lib/python3.12/site-packages/airflow/example_dags/example_task_group_decorator.py for tasks to queue
[2025-05-02T19:46:52.185+0000] {logging_mixin.py:188} INFO - [2025-05-02T19:46:52.185+0000] {dagbag.py:545} INFO - Filling up the DagBag from /home/airflow/.local/lib/python3.12/site-packages/airflow/example_dags/example_task_group_decorator.py
[2025-05-02T19:46:52.195+0000] {processor.py:840} INFO - DAG(s) 'example_task_group_decorator' retrieved from /home/airflow/.local/lib/python3.12/site-packages/airflow/example_dags/example_task_group_decorator.py
[2025-05-02T19:46:52.214+0000] {logging_mixin.py:188} INFO - [2025-05-02T19:46:52.214+0000] {dag.py:3096} INFO - Sync 1 DAGs
[2025-05-02T19:46:52.229+0000] {logging_mixin.py:188} INFO - [2025-05-02T19:46:52.229+0000] {dag.py:3954} INFO - Setting next_dagrun for example_task_group_decorator to 2025-05-01 00:00:00+00:00, run_after=2025-05-02 00:00:00+00:00
[2025-05-02T19:46:52.244+0000] {processor.py:183} INFO - Processing /home/airflow/.local/lib/python3.12/site-packages/airflow/example_dags/example_task_group_decorator.py took 0.066 seconds
[2025-05-02T19:47:22.533+0000] {processor.py:161} INFO - Started process (PID=634) to work on /home/airflow/.local/lib/python3.12/site-packages/airflow/example_dags/example_task_group_decorator.py
[2025-05-02T19:47:22.534+0000] {processor.py:830} INFO - Processing file /home/airflow/.local/lib/python3.12/site-packages/airflow/example_dags/example_task_group_decorator.py for tasks to queue
[2025-05-02T19:47:22.536+0000] {logging_mixin.py:188} INFO - [2025-05-02T19:47:22.535+0000] {dagbag.py:545} INFO - Filling up the DagBag from /home/airflow/.local/lib/python3.12/site-packages/airflow/example_dags/example_task_group_decorator.py
[2025-05-02T19:47:22.548+0000] {processor.py:840} INFO - DAG(s) 'example_task_group_decorator' retrieved from /home/airflow/.local/lib/python3.12/site-packages/airflow/example_dags/example_task_group_decorator.py
[2025-05-02T19:47:22.570+0000] {logging_mixin.py:188} INFO - [2025-05-02T19:47:22.570+0000] {dag.py:3096} INFO - Sync 1 DAGs
[2025-05-02T19:47:22.589+0000] {logging_mixin.py:188} INFO - [2025-05-02T19:47:22.588+0000] {dag.py:3954} INFO - Setting next_dagrun for example_task_group_decorator to 2025-05-01 00:00:00+00:00, run_after=2025-05-02 00:00:00+00:00
[2025-05-02T19:47:22.606+0000] {processor.py:183} INFO - Processing /home/airflow/.local/lib/python3.12/site-packages/airflow/example_dags/example_task_group_decorator.py took 0.078 seconds
[2025-05-02T19:47:52.957+0000] {processor.py:161} INFO - Started process (PID=694) to work on /home/airflow/.local/lib/python3.12/site-packages/airflow/example_dags/example_task_group_decorator.py
[2025-05-02T19:47:52.958+0000] {processor.py:830} INFO - Processing file /home/airflow/.local/lib/python3.12/site-packages/airflow/example_dags/example_task_group_decorator.py for tasks to queue
[2025-05-02T19:47:52.960+0000] {logging_mixin.py:188} INFO - [2025-05-02T19:47:52.959+0000] {dagbag.py:545} INFO - Filling up the DagBag from /home/airflow/.local/lib/python3.12/site-packages/airflow/example_dags/example_task_group_decorator.py
[2025-05-02T19:47:52.974+0000] {processor.py:840} INFO - DAG(s) 'example_task_group_decorator' retrieved from /home/airflow/.local/lib/python3.12/site-packages/airflow/example_dags/example_task_group_decorator.py
[2025-05-02T19:47:52.994+0000] {logging_mixin.py:188} INFO - [2025-05-02T19:47:52.994+0000] {dag.py:3096} INFO - Sync 1 DAGs
[2025-05-02T19:47:53.018+0000] {logging_mixin.py:188} INFO - [2025-05-02T19:47:53.018+0000] {dag.py:3954} INFO - Setting next_dagrun for example_task_group_decorator to 2025-05-01 00:00:00+00:00, run_after=2025-05-02 00:00:00+00:00
[2025-05-02T19:47:53.039+0000] {processor.py:183} INFO - Processing /home/airflow/.local/lib/python3.12/site-packages/airflow/example_dags/example_task_group_decorator.py took 0.087 seconds
[2025-05-02T19:48:23.172+0000] {processor.py:161} INFO - Started process (PID=754) to work on /home/airflow/.local/lib/python3.12/site-packages/airflow/example_dags/example_task_group_decorator.py
[2025-05-02T19:48:23.173+0000] {processor.py:830} INFO - Processing file /home/airflow/.local/lib/python3.12/site-packages/airflow/example_dags/example_task_group_decorator.py for tasks to queue
[2025-05-02T19:48:23.174+0000] {logging_mixin.py:188} INFO - [2025-05-02T19:48:23.174+0000] {dagbag.py:545} INFO - Filling up the DagBag from /home/airflow/.local/lib/python3.12/site-packages/airflow/example_dags/example_task_group_decorator.py
[2025-05-02T19:48:23.185+0000] {processor.py:840} INFO - DAG(s) 'example_task_group_decorator' retrieved from /home/airflow/.local/lib/python3.12/site-packages/airflow/example_dags/example_task_group_decorator.py
[2025-05-02T19:48:23.205+0000] {logging_mixin.py:188} INFO - [2025-05-02T19:48:23.204+0000] {dag.py:3096} INFO - Sync 1 DAGs
[2025-05-02T19:48:23.225+0000] {logging_mixin.py:188} INFO - [2025-05-02T19:48:23.225+0000] {dag.py:3954} INFO - Setting next_dagrun for example_task_group_decorator to 2025-05-01 00:00:00+00:00, run_after=2025-05-02 00:00:00+00:00
[2025-05-02T19:48:23.242+0000] {processor.py:183} INFO - Processing /home/airflow/.local/lib/python3.12/site-packages/airflow/example_dags/example_task_group_decorator.py took 0.075 seconds
[2025-05-02T19:48:55.391+0000] {processor.py:161} INFO - Started process (PID=814) to work on /home/airflow/.local/lib/python3.12/site-packages/airflow/example_dags/example_task_group_decorator.py
[2025-05-02T19:48:55.392+0000] {processor.py:830} INFO - Processing file /home/airflow/.local/lib/python3.12/site-packages/airflow/example_dags/example_task_group_decorator.py for tasks to queue
[2025-05-02T19:48:55.393+0000] {logging_mixin.py:188} INFO - [2025-05-02T19:48:55.393+0000] {dagbag.py:545} INFO - Filling up the DagBag from /home/airflow/.local/lib/python3.12/site-packages/airflow/example_dags/example_task_group_decorator.py
[2025-05-02T19:48:55.413+0000] {processor.py:840} INFO - DAG(s) 'example_task_group_decorator' retrieved from /home/airflow/.local/lib/python3.12/site-packages/airflow/example_dags/example_task_group_decorator.py
[2025-05-02T19:48:55.436+0000] {logging_mixin.py:188} INFO - [2025-05-02T19:48:55.436+0000] {dag.py:3096} INFO - Sync 1 DAGs
[2025-05-02T19:48:55.454+0000] {logging_mixin.py:188} INFO - [2025-05-02T19:48:55.454+0000] {dag.py:3954} INFO - Setting next_dagrun for example_task_group_decorator to 2025-05-01 00:00:00+00:00, run_after=2025-05-02 00:00:00+00:00
[2025-05-02T19:48:55.469+0000] {processor.py:183} INFO - Processing /home/airflow/.local/lib/python3.12/site-packages/airflow/example_dags/example_task_group_decorator.py took 0.084 seconds
[2025-05-02T19:49:28.022+0000] {processor.py:161} INFO - Started process (PID=875) to work on /home/airflow/.local/lib/python3.12/site-packages/airflow/example_dags/example_task_group_decorator.py
[2025-05-02T19:49:28.022+0000] {processor.py:830} INFO - Processing file /home/airflow/.local/lib/python3.12/site-packages/airflow/example_dags/example_task_group_decorator.py for tasks to queue
[2025-05-02T19:49:28.024+0000] {logging_mixin.py:188} INFO - [2025-05-02T19:49:28.024+0000] {dagbag.py:545} INFO - Filling up the DagBag from /home/airflow/.local/lib/python3.12/site-packages/airflow/example_dags/example_task_group_decorator.py
[2025-05-02T19:49:28.037+0000] {processor.py:840} INFO - DAG(s) 'example_task_group_decorator' retrieved from /home/airflow/.local/lib/python3.12/site-packages/airflow/example_dags/example_task_group_decorator.py
[2025-05-02T19:49:28.060+0000] {logging_mixin.py:188} INFO - [2025-05-02T19:49:28.060+0000] {dag.py:3096} INFO - Sync 1 DAGs
[2025-05-02T19:49:28.078+0000] {logging_mixin.py:188} INFO - [2025-05-02T19:49:28.078+0000] {dag.py:3954} INFO - Setting next_dagrun for example_task_group_decorator to 2025-05-01 00:00:00+00:00, run_after=2025-05-02 00:00:00+00:00
[2025-05-02T19:49:28.092+0000] {processor.py:183} INFO - Processing /home/airflow/.local/lib/python3.12/site-packages/airflow/example_dags/example_task_group_decorator.py took 0.075 seconds
[2025-05-02T19:50:00.020+0000] {processor.py:161} INFO - Started process (PID=935) to work on /home/airflow/.local/lib/python3.12/site-packages/airflow/example_dags/example_task_group_decorator.py
[2025-05-02T19:50:00.020+0000] {processor.py:830} INFO - Processing file /home/airflow/.local/lib/python3.12/site-packages/airflow/example_dags/example_task_group_decorator.py for tasks to queue
[2025-05-02T19:50:00.022+0000] {logging_mixin.py:188} INFO - [2025-05-02T19:50:00.022+0000] {dagbag.py:545} INFO - Filling up the DagBag from /home/airflow/.local/lib/python3.12/site-packages/airflow/example_dags/example_task_group_decorator.py
[2025-05-02T19:50:00.033+0000] {processor.py:840} INFO - DAG(s) 'example_task_group_decorator' retrieved from /home/airflow/.local/lib/python3.12/site-packages/airflow/example_dags/example_task_group_decorator.py
[2025-05-02T19:50:00.050+0000] {logging_mixin.py:188} INFO - [2025-05-02T19:50:00.050+0000] {dag.py:3096} INFO - Sync 1 DAGs
[2025-05-02T19:50:00.072+0000] {logging_mixin.py:188} INFO - [2025-05-02T19:50:00.072+0000] {dag.py:3954} INFO - Setting next_dagrun for example_task_group_decorator to 2025-05-01 00:00:00+00:00, run_after=2025-05-02 00:00:00+00:00
[2025-05-02T19:50:00.087+0000] {processor.py:183} INFO - Processing /home/airflow/.local/lib/python3.12/site-packages/airflow/example_dags/example_task_group_decorator.py took 0.072 seconds
[2025-05-02T19:50:32.956+0000] {processor.py:161} INFO - Started process (PID=997) to work on /home/airflow/.local/lib/python3.12/site-packages/airflow/example_dags/example_task_group_decorator.py
[2025-05-02T19:50:32.957+0000] {processor.py:830} INFO - Processing file /home/airflow/.local/lib/python3.12/site-packages/airflow/example_dags/example_task_group_decorator.py for tasks to queue
[2025-05-02T19:50:32.959+0000] {logging_mixin.py:188} INFO - [2025-05-02T19:50:32.958+0000] {dagbag.py:545} INFO - Filling up the DagBag from /home/airflow/.local/lib/python3.12/site-packages/airflow/example_dags/example_task_group_decorator.py
[2025-05-02T19:50:32.969+0000] {processor.py:840} INFO - DAG(s) 'example_task_group_decorator' retrieved from /home/airflow/.local/lib/python3.12/site-packages/airflow/example_dags/example_task_group_decorator.py
[2025-05-02T19:50:32.987+0000] {logging_mixin.py:188} INFO - [2025-05-02T19:50:32.987+0000] {dag.py:3096} INFO - Sync 1 DAGs
[2025-05-02T19:50:33.008+0000] {logging_mixin.py:188} INFO - [2025-05-02T19:50:33.008+0000] {dag.py:3954} INFO - Setting next_dagrun for example_task_group_decorator to 2025-05-01 00:00:00+00:00, run_after=2025-05-02 00:00:00+00:00
[2025-05-02T19:50:33.028+0000] {processor.py:183} INFO - Processing /home/airflow/.local/lib/python3.12/site-packages/airflow/example_dags/example_task_group_decorator.py took 0.076 seconds
[2025-05-02T19:51:05.197+0000] {processor.py:161} INFO - Started process (PID=1057) to work on /home/airflow/.local/lib/python3.12/site-packages/airflow/example_dags/example_task_group_decorator.py
[2025-05-02T19:51:05.198+0000] {processor.py:830} INFO - Processing file /home/airflow/.local/lib/python3.12/site-packages/airflow/example_dags/example_task_group_decorator.py for tasks to queue
[2025-05-02T19:51:05.200+0000] {logging_mixin.py:188} INFO - [2025-05-02T19:51:05.199+0000] {dagbag.py:545} INFO - Filling up the DagBag from /home/airflow/.local/lib/python3.12/site-packages/airflow/example_dags/example_task_group_decorator.py
[2025-05-02T19:51:05.219+0000] {processor.py:840} INFO - DAG(s) 'example_task_group_decorator' retrieved from /home/airflow/.local/lib/python3.12/site-packages/airflow/example_dags/example_task_group_decorator.py
[2025-05-02T19:51:05.244+0000] {logging_mixin.py:188} INFO - [2025-05-02T19:51:05.244+0000] {dag.py:3096} INFO - Sync 1 DAGs
[2025-05-02T19:51:05.262+0000] {logging_mixin.py:188} INFO - [2025-05-02T19:51:05.262+0000] {dag.py:3954} INFO - Setting next_dagrun for example_task_group_decorator to 2025-05-01 00:00:00+00:00, run_after=2025-05-02 00:00:00+00:00
[2025-05-02T19:51:05.278+0000] {processor.py:183} INFO - Processing /home/airflow/.local/lib/python3.12/site-packages/airflow/example_dags/example_task_group_decorator.py took 0.085 seconds
[2025-05-02T19:51:37.478+0000] {processor.py:161} INFO - Started process (PID=1117) to work on /home/airflow/.local/lib/python3.12/site-packages/airflow/example_dags/example_task_group_decorator.py
[2025-05-02T19:51:37.479+0000] {processor.py:830} INFO - Processing file /home/airflow/.local/lib/python3.12/site-packages/airflow/example_dags/example_task_group_decorator.py for tasks to queue
[2025-05-02T19:51:37.480+0000] {logging_mixin.py:188} INFO - [2025-05-02T19:51:37.480+0000] {dagbag.py:545} INFO - Filling up the DagBag from /home/airflow/.local/lib/python3.12/site-packages/airflow/example_dags/example_task_group_decorator.py
[2025-05-02T19:51:37.493+0000] {processor.py:840} INFO - DAG(s) 'example_task_group_decorator' retrieved from /home/airflow/.local/lib/python3.12/site-packages/airflow/example_dags/example_task_group_decorator.py
[2025-05-02T19:51:37.516+0000] {logging_mixin.py:188} INFO - [2025-05-02T19:51:37.515+0000] {dag.py:3096} INFO - Sync 1 DAGs
[2025-05-02T19:51:37.538+0000] {logging_mixin.py:188} INFO - [2025-05-02T19:51:37.537+0000] {dag.py:3954} INFO - Setting next_dagrun for example_task_group_decorator to 2025-05-01 00:00:00+00:00, run_after=2025-05-02 00:00:00+00:00
[2025-05-02T19:51:37.554+0000] {processor.py:183} INFO - Processing /home/airflow/.local/lib/python3.12/site-packages/airflow/example_dags/example_task_group_decorator.py took 0.082 seconds
[2025-05-02T19:52:09.668+0000] {processor.py:161} INFO - Started process (PID=1177) to work on /home/airflow/.local/lib/python3.12/site-packages/airflow/example_dags/example_task_group_decorator.py
[2025-05-02T19:52:09.669+0000] {processor.py:830} INFO - Processing file /home/airflow/.local/lib/python3.12/site-packages/airflow/example_dags/example_task_group_decorator.py for tasks to queue
[2025-05-02T19:52:09.671+0000] {logging_mixin.py:188} INFO - [2025-05-02T19:52:09.671+0000] {dagbag.py:545} INFO - Filling up the DagBag from /home/airflow/.local/lib/python3.12/site-packages/airflow/example_dags/example_task_group_decorator.py
[2025-05-02T19:52:09.686+0000] {processor.py:840} INFO - DAG(s) 'example_task_group_decorator' retrieved from /home/airflow/.local/lib/python3.12/site-packages/airflow/example_dags/example_task_group_decorator.py
[2025-05-02T19:52:09.706+0000] {logging_mixin.py:188} INFO - [2025-05-02T19:52:09.706+0000] {dag.py:3096} INFO - Sync 1 DAGs
[2025-05-02T19:52:09.730+0000] {logging_mixin.py:188} INFO - [2025-05-02T19:52:09.730+0000] {dag.py:3954} INFO - Setting next_dagrun for example_task_group_decorator to 2025-05-01 00:00:00+00:00, run_after=2025-05-02 00:00:00+00:00
[2025-05-02T19:52:09.751+0000] {processor.py:183} INFO - Processing /home/airflow/.local/lib/python3.12/site-packages/airflow/example_dags/example_task_group_decorator.py took 0.088 seconds
[2025-05-02T19:52:42.315+0000] {processor.py:161} INFO - Started process (PID=1237) to work on /home/airflow/.local/lib/python3.12/site-packages/airflow/example_dags/example_task_group_decorator.py
[2025-05-02T19:52:42.316+0000] {processor.py:830} INFO - Processing file /home/airflow/.local/lib/python3.12/site-packages/airflow/example_dags/example_task_group_decorator.py for tasks to queue
[2025-05-02T19:52:42.317+0000] {logging_mixin.py:188} INFO - [2025-05-02T19:52:42.317+0000] {dagbag.py:545} INFO - Filling up the DagBag from /home/airflow/.local/lib/python3.12/site-packages/airflow/example_dags/example_task_group_decorator.py
[2025-05-02T19:52:42.329+0000] {processor.py:840} INFO - DAG(s) 'example_task_group_decorator' retrieved from /home/airflow/.local/lib/python3.12/site-packages/airflow/example_dags/example_task_group_decorator.py
[2025-05-02T19:52:42.348+0000] {logging_mixin.py:188} INFO - [2025-05-02T19:52:42.348+0000] {dag.py:3096} INFO - Sync 1 DAGs
[2025-05-02T19:52:42.367+0000] {logging_mixin.py:188} INFO - [2025-05-02T19:52:42.367+0000] {dag.py:3954} INFO - Setting next_dagrun for example_task_group_decorator to 2025-05-01 00:00:00+00:00, run_after=2025-05-02 00:00:00+00:00
[2025-05-02T19:52:42.381+0000] {processor.py:183} INFO - Processing /home/airflow/.local/lib/python3.12/site-packages/airflow/example_dags/example_task_group_decorator.py took 0.070 seconds
[2025-05-02T19:53:14.732+0000] {processor.py:161} INFO - Started process (PID=1297) to work on /home/airflow/.local/lib/python3.12/site-packages/airflow/example_dags/example_task_group_decorator.py
[2025-05-02T19:53:14.733+0000] {processor.py:830} INFO - Processing file /home/airflow/.local/lib/python3.12/site-packages/airflow/example_dags/example_task_group_decorator.py for tasks to queue
[2025-05-02T19:53:14.734+0000] {logging_mixin.py:188} INFO - [2025-05-02T19:53:14.734+0000] {dagbag.py:545} INFO - Filling up the DagBag from /home/airflow/.local/lib/python3.12/site-packages/airflow/example_dags/example_task_group_decorator.py
[2025-05-02T19:53:14.747+0000] {processor.py:840} INFO - DAG(s) 'example_task_group_decorator' retrieved from /home/airflow/.local/lib/python3.12/site-packages/airflow/example_dags/example_task_group_decorator.py
[2025-05-02T19:53:14.766+0000] {logging_mixin.py:188} INFO - [2025-05-02T19:53:14.766+0000] {dag.py:3096} INFO - Sync 1 DAGs
[2025-05-02T19:53:14.784+0000] {logging_mixin.py:188} INFO - [2025-05-02T19:53:14.784+0000] {dag.py:3954} INFO - Setting next_dagrun for example_task_group_decorator to 2025-05-01 00:00:00+00:00, run_after=2025-05-02 00:00:00+00:00
[2025-05-02T19:53:14.801+0000] {processor.py:183} INFO - Processing /home/airflow/.local/lib/python3.12/site-packages/airflow/example_dags/example_task_group_decorator.py took 0.073 seconds
[2025-05-02T19:53:47.354+0000] {processor.py:161} INFO - Started process (PID=1357) to work on /home/airflow/.local/lib/python3.12/site-packages/airflow/example_dags/example_task_group_decorator.py
[2025-05-02T19:53:47.354+0000] {processor.py:830} INFO - Processing file /home/airflow/.local/lib/python3.12/site-packages/airflow/example_dags/example_task_group_decorator.py for tasks to queue
[2025-05-02T19:53:47.356+0000] {logging_mixin.py:188} INFO - [2025-05-02T19:53:47.356+0000] {dagbag.py:545} INFO - Filling up the DagBag from /home/airflow/.local/lib/python3.12/site-packages/airflow/example_dags/example_task_group_decorator.py
[2025-05-02T19:53:47.365+0000] {processor.py:840} INFO - DAG(s) 'example_task_group_decorator' retrieved from /home/airflow/.local/lib/python3.12/site-packages/airflow/example_dags/example_task_group_decorator.py
[2025-05-02T19:53:47.383+0000] {logging_mixin.py:188} INFO - [2025-05-02T19:53:47.383+0000] {dag.py:3096} INFO - Sync 1 DAGs
[2025-05-02T19:53:47.398+0000] {logging_mixin.py:188} INFO - [2025-05-02T19:53:47.398+0000] {dag.py:3954} INFO - Setting next_dagrun for example_task_group_decorator to 2025-05-01 00:00:00+00:00, run_after=2025-05-02 00:00:00+00:00
[2025-05-02T19:53:47.415+0000] {processor.py:183} INFO - Processing /home/airflow/.local/lib/python3.12/site-packages/airflow/example_dags/example_task_group_decorator.py took 0.065 seconds
[2025-05-02T19:54:19.891+0000] {processor.py:161} INFO - Started process (PID=1417) to work on /home/airflow/.local/lib/python3.12/site-packages/airflow/example_dags/example_task_group_decorator.py
[2025-05-02T19:54:19.892+0000] {processor.py:830} INFO - Processing file /home/airflow/.local/lib/python3.12/site-packages/airflow/example_dags/example_task_group_decorator.py for tasks to queue
[2025-05-02T19:54:19.894+0000] {logging_mixin.py:188} INFO - [2025-05-02T19:54:19.894+0000] {dagbag.py:545} INFO - Filling up the DagBag from /home/airflow/.local/lib/python3.12/site-packages/airflow/example_dags/example_task_group_decorator.py
[2025-05-02T19:54:19.905+0000] {processor.py:840} INFO - DAG(s) 'example_task_group_decorator' retrieved from /home/airflow/.local/lib/python3.12/site-packages/airflow/example_dags/example_task_group_decorator.py
[2025-05-02T19:54:19.926+0000] {logging_mixin.py:188} INFO - [2025-05-02T19:54:19.926+0000] {dag.py:3096} INFO - Sync 1 DAGs
[2025-05-02T19:54:19.946+0000] {logging_mixin.py:188} INFO - [2025-05-02T19:54:19.946+0000] {dag.py:3954} INFO - Setting next_dagrun for example_task_group_decorator to 2025-05-01 00:00:00+00:00, run_after=2025-05-02 00:00:00+00:00
[2025-05-02T19:54:19.963+0000] {processor.py:183} INFO - Processing /home/airflow/.local/lib/python3.12/site-packages/airflow/example_dags/example_task_group_decorator.py took 0.076 seconds
[2025-05-02T19:54:52.346+0000] {processor.py:161} INFO - Started process (PID=1477) to work on /home/airflow/.local/lib/python3.12/site-packages/airflow/example_dags/example_task_group_decorator.py
[2025-05-02T19:54:52.346+0000] {processor.py:830} INFO - Processing file /home/airflow/.local/lib/python3.12/site-packages/airflow/example_dags/example_task_group_decorator.py for tasks to queue
[2025-05-02T19:54:52.348+0000] {logging_mixin.py:188} INFO - [2025-05-02T19:54:52.348+0000] {dagbag.py:545} INFO - Filling up the DagBag from /home/airflow/.local/lib/python3.12/site-packages/airflow/example_dags/example_task_group_decorator.py
[2025-05-02T19:54:52.361+0000] {processor.py:840} INFO - DAG(s) 'example_task_group_decorator' retrieved from /home/airflow/.local/lib/python3.12/site-packages/airflow/example_dags/example_task_group_decorator.py
[2025-05-02T19:54:52.383+0000] {logging_mixin.py:188} INFO - [2025-05-02T19:54:52.383+0000] {dag.py:3096} INFO - Sync 1 DAGs
[2025-05-02T19:54:52.404+0000] {logging_mixin.py:188} INFO - [2025-05-02T19:54:52.403+0000] {dag.py:3954} INFO - Setting next_dagrun for example_task_group_decorator to 2025-05-01 00:00:00+00:00, run_after=2025-05-02 00:00:00+00:00
[2025-05-02T19:54:52.418+0000] {processor.py:183} INFO - Processing /home/airflow/.local/lib/python3.12/site-packages/airflow/example_dags/example_task_group_decorator.py took 0.077 seconds
[2025-05-02T19:55:24.284+0000] {processor.py:161} INFO - Started process (PID=1537) to work on /home/airflow/.local/lib/python3.12/site-packages/airflow/example_dags/example_task_group_decorator.py
[2025-05-02T19:55:24.285+0000] {processor.py:830} INFO - Processing file /home/airflow/.local/lib/python3.12/site-packages/airflow/example_dags/example_task_group_decorator.py for tasks to queue
[2025-05-02T19:55:24.287+0000] {logging_mixin.py:188} INFO - [2025-05-02T19:55:24.287+0000] {dagbag.py:545} INFO - Filling up the DagBag from /home/airflow/.local/lib/python3.12/site-packages/airflow/example_dags/example_task_group_decorator.py
[2025-05-02T19:55:24.300+0000] {processor.py:840} INFO - DAG(s) 'example_task_group_decorator' retrieved from /home/airflow/.local/lib/python3.12/site-packages/airflow/example_dags/example_task_group_decorator.py
[2025-05-02T19:55:24.321+0000] {logging_mixin.py:188} INFO - [2025-05-02T19:55:24.321+0000] {dag.py:3096} INFO - Sync 1 DAGs
[2025-05-02T19:55:24.337+0000] {logging_mixin.py:188} INFO - [2025-05-02T19:55:24.337+0000] {dag.py:3954} INFO - Setting next_dagrun for example_task_group_decorator to 2025-05-01 00:00:00+00:00, run_after=2025-05-02 00:00:00+00:00
[2025-05-02T19:55:24.350+0000] {processor.py:183} INFO - Processing /home/airflow/.local/lib/python3.12/site-packages/airflow/example_dags/example_task_group_decorator.py took 0.071 seconds
[2025-05-02T19:55:57.138+0000] {processor.py:161} INFO - Started process (PID=1597) to work on /home/airflow/.local/lib/python3.12/site-packages/airflow/example_dags/example_task_group_decorator.py
[2025-05-02T19:55:57.139+0000] {processor.py:830} INFO - Processing file /home/airflow/.local/lib/python3.12/site-packages/airflow/example_dags/example_task_group_decorator.py for tasks to queue
[2025-05-02T19:55:57.140+0000] {logging_mixin.py:188} INFO - [2025-05-02T19:55:57.140+0000] {dagbag.py:545} INFO - Filling up the DagBag from /home/airflow/.local/lib/python3.12/site-packages/airflow/example_dags/example_task_group_decorator.py
[2025-05-02T19:55:57.152+0000] {processor.py:840} INFO - DAG(s) 'example_task_group_decorator' retrieved from /home/airflow/.local/lib/python3.12/site-packages/airflow/example_dags/example_task_group_decorator.py
[2025-05-02T19:55:57.172+0000] {logging_mixin.py:188} INFO - [2025-05-02T19:55:57.172+0000] {dag.py:3096} INFO - Sync 1 DAGs
[2025-05-02T19:55:57.188+0000] {logging_mixin.py:188} INFO - [2025-05-02T19:55:57.188+0000] {dag.py:3954} INFO - Setting next_dagrun for example_task_group_decorator to 2025-05-01 00:00:00+00:00, run_after=2025-05-02 00:00:00+00:00
[2025-05-02T19:55:57.203+0000] {processor.py:183} INFO - Processing /home/airflow/.local/lib/python3.12/site-packages/airflow/example_dags/example_task_group_decorator.py took 0.071 seconds
[2025-05-02T19:56:29.083+0000] {processor.py:161} INFO - Started process (PID=1657) to work on /home/airflow/.local/lib/python3.12/site-packages/airflow/example_dags/example_task_group_decorator.py
[2025-05-02T19:56:29.084+0000] {processor.py:830} INFO - Processing file /home/airflow/.local/lib/python3.12/site-packages/airflow/example_dags/example_task_group_decorator.py for tasks to queue
[2025-05-02T19:56:29.086+0000] {logging_mixin.py:188} INFO - [2025-05-02T19:56:29.085+0000] {dagbag.py:545} INFO - Filling up the DagBag from /home/airflow/.local/lib/python3.12/site-packages/airflow/example_dags/example_task_group_decorator.py
[2025-05-02T19:56:29.096+0000] {processor.py:840} INFO - DAG(s) 'example_task_group_decorator' retrieved from /home/airflow/.local/lib/python3.12/site-packages/airflow/example_dags/example_task_group_decorator.py
[2025-05-02T19:56:29.116+0000] {logging_mixin.py:188} INFO - [2025-05-02T19:56:29.116+0000] {dag.py:3096} INFO - Sync 1 DAGs
[2025-05-02T19:56:29.135+0000] {logging_mixin.py:188} INFO - [2025-05-02T19:56:29.135+0000] {dag.py:3954} INFO - Setting next_dagrun for example_task_group_decorator to 2025-05-01 00:00:00+00:00, run_after=2025-05-02 00:00:00+00:00
[2025-05-02T19:56:29.148+0000] {processor.py:183} INFO - Processing /home/airflow/.local/lib/python3.12/site-packages/airflow/example_dags/example_task_group_decorator.py took 0.069 seconds
[2025-05-02T19:57:02.006+0000] {processor.py:161} INFO - Started process (PID=1717) to work on /home/airflow/.local/lib/python3.12/site-packages/airflow/example_dags/example_task_group_decorator.py
[2025-05-02T19:57:02.007+0000] {processor.py:830} INFO - Processing file /home/airflow/.local/lib/python3.12/site-packages/airflow/example_dags/example_task_group_decorator.py for tasks to queue
[2025-05-02T19:57:02.008+0000] {logging_mixin.py:188} INFO - [2025-05-02T19:57:02.008+0000] {dagbag.py:545} INFO - Filling up the DagBag from /home/airflow/.local/lib/python3.12/site-packages/airflow/example_dags/example_task_group_decorator.py
[2025-05-02T19:57:02.018+0000] {processor.py:840} INFO - DAG(s) 'example_task_group_decorator' retrieved from /home/airflow/.local/lib/python3.12/site-packages/airflow/example_dags/example_task_group_decorator.py
[2025-05-02T19:57:02.040+0000] {logging_mixin.py:188} INFO - [2025-05-02T19:57:02.040+0000] {dag.py:3096} INFO - Sync 1 DAGs
[2025-05-02T19:57:02.058+0000] {logging_mixin.py:188} INFO - [2025-05-02T19:57:02.057+0000] {dag.py:3954} INFO - Setting next_dagrun for example_task_group_decorator to 2025-05-01 00:00:00+00:00, run_after=2025-05-02 00:00:00+00:00
[2025-05-02T19:57:02.074+0000] {processor.py:183} INFO - Processing /home/airflow/.local/lib/python3.12/site-packages/airflow/example_dags/example_task_group_decorator.py took 0.074 seconds
[2025-05-02T19:57:34.055+0000] {processor.py:161} INFO - Started process (PID=1777) to work on /home/airflow/.local/lib/python3.12/site-packages/airflow/example_dags/example_task_group_decorator.py
[2025-05-02T19:57:34.056+0000] {processor.py:830} INFO - Processing file /home/airflow/.local/lib/python3.12/site-packages/airflow/example_dags/example_task_group_decorator.py for tasks to queue
[2025-05-02T19:57:34.058+0000] {logging_mixin.py:188} INFO - [2025-05-02T19:57:34.057+0000] {dagbag.py:545} INFO - Filling up the DagBag from /home/airflow/.local/lib/python3.12/site-packages/airflow/example_dags/example_task_group_decorator.py
[2025-05-02T19:57:34.070+0000] {processor.py:840} INFO - DAG(s) 'example_task_group_decorator' retrieved from /home/airflow/.local/lib/python3.12/site-packages/airflow/example_dags/example_task_group_decorator.py
[2025-05-02T19:57:34.088+0000] {logging_mixin.py:188} INFO - [2025-05-02T19:57:34.088+0000] {dag.py:3096} INFO - Sync 1 DAGs
[2025-05-02T19:57:34.104+0000] {logging_mixin.py:188} INFO - [2025-05-02T19:57:34.104+0000] {dag.py:3954} INFO - Setting next_dagrun for example_task_group_decorator to 2025-05-01 00:00:00+00:00, run_after=2025-05-02 00:00:00+00:00
[2025-05-02T19:57:34.118+0000] {processor.py:183} INFO - Processing /home/airflow/.local/lib/python3.12/site-packages/airflow/example_dags/example_task_group_decorator.py took 0.068 seconds
[2025-05-02T19:58:06.405+0000] {processor.py:161} INFO - Started process (PID=1837) to work on /home/airflow/.local/lib/python3.12/site-packages/airflow/example_dags/example_task_group_decorator.py
[2025-05-02T19:58:06.406+0000] {processor.py:830} INFO - Processing file /home/airflow/.local/lib/python3.12/site-packages/airflow/example_dags/example_task_group_decorator.py for tasks to queue
[2025-05-02T19:58:06.408+0000] {logging_mixin.py:188} INFO - [2025-05-02T19:58:06.408+0000] {dagbag.py:545} INFO - Filling up the DagBag from /home/airflow/.local/lib/python3.12/site-packages/airflow/example_dags/example_task_group_decorator.py
[2025-05-02T19:58:06.421+0000] {processor.py:840} INFO - DAG(s) 'example_task_group_decorator' retrieved from /home/airflow/.local/lib/python3.12/site-packages/airflow/example_dags/example_task_group_decorator.py
[2025-05-02T19:58:06.447+0000] {logging_mixin.py:188} INFO - [2025-05-02T19:58:06.447+0000] {dag.py:3096} INFO - Sync 1 DAGs
[2025-05-02T19:58:06.463+0000] {logging_mixin.py:188} INFO - [2025-05-02T19:58:06.463+0000] {dag.py:3954} INFO - Setting next_dagrun for example_task_group_decorator to 2025-05-01 00:00:00+00:00, run_after=2025-05-02 00:00:00+00:00
[2025-05-02T19:58:06.477+0000] {processor.py:183} INFO - Processing /home/airflow/.local/lib/python3.12/site-packages/airflow/example_dags/example_task_group_decorator.py took 0.077 seconds
[2025-05-02T19:58:38.978+0000] {processor.py:161} INFO - Started process (PID=1897) to work on /home/airflow/.local/lib/python3.12/site-packages/airflow/example_dags/example_task_group_decorator.py
[2025-05-02T19:58:38.979+0000] {processor.py:830} INFO - Processing file /home/airflow/.local/lib/python3.12/site-packages/airflow/example_dags/example_task_group_decorator.py for tasks to queue
[2025-05-02T19:58:38.981+0000] {logging_mixin.py:188} INFO - [2025-05-02T19:58:38.980+0000] {dagbag.py:545} INFO - Filling up the DagBag from /home/airflow/.local/lib/python3.12/site-packages/airflow/example_dags/example_task_group_decorator.py
[2025-05-02T19:58:38.991+0000] {processor.py:840} INFO - DAG(s) 'example_task_group_decorator' retrieved from /home/airflow/.local/lib/python3.12/site-packages/airflow/example_dags/example_task_group_decorator.py
[2025-05-02T19:58:39.010+0000] {logging_mixin.py:188} INFO - [2025-05-02T19:58:39.010+0000] {dag.py:3096} INFO - Sync 1 DAGs
[2025-05-02T19:58:39.027+0000] {logging_mixin.py:188} INFO - [2025-05-02T19:58:39.027+0000] {dag.py:3954} INFO - Setting next_dagrun for example_task_group_decorator to 2025-05-01 00:00:00+00:00, run_after=2025-05-02 00:00:00+00:00
[2025-05-02T19:58:39.041+0000] {processor.py:183} INFO - Processing /home/airflow/.local/lib/python3.12/site-packages/airflow/example_dags/example_task_group_decorator.py took 0.068 seconds
[2025-05-02T19:59:11.151+0000] {processor.py:161} INFO - Started process (PID=1957) to work on /home/airflow/.local/lib/python3.12/site-packages/airflow/example_dags/example_task_group_decorator.py
[2025-05-02T19:59:11.152+0000] {processor.py:830} INFO - Processing file /home/airflow/.local/lib/python3.12/site-packages/airflow/example_dags/example_task_group_decorator.py for tasks to queue
[2025-05-02T19:59:11.153+0000] {logging_mixin.py:188} INFO - [2025-05-02T19:59:11.153+0000] {dagbag.py:545} INFO - Filling up the DagBag from /home/airflow/.local/lib/python3.12/site-packages/airflow/example_dags/example_task_group_decorator.py
[2025-05-02T19:59:11.165+0000] {processor.py:840} INFO - DAG(s) 'example_task_group_decorator' retrieved from /home/airflow/.local/lib/python3.12/site-packages/airflow/example_dags/example_task_group_decorator.py
[2025-05-02T19:59:11.189+0000] {logging_mixin.py:188} INFO - [2025-05-02T19:59:11.188+0000] {dag.py:3096} INFO - Sync 1 DAGs
[2025-05-02T19:59:11.205+0000] {logging_mixin.py:188} INFO - [2025-05-02T19:59:11.205+0000] {dag.py:3954} INFO - Setting next_dagrun for example_task_group_decorator to 2025-05-01 00:00:00+00:00, run_after=2025-05-02 00:00:00+00:00
[2025-05-02T19:59:11.219+0000] {processor.py:183} INFO - Processing /home/airflow/.local/lib/python3.12/site-packages/airflow/example_dags/example_task_group_decorator.py took 0.072 seconds
[2025-05-02T19:59:43.604+0000] {processor.py:161} INFO - Started process (PID=2017) to work on /home/airflow/.local/lib/python3.12/site-packages/airflow/example_dags/example_task_group_decorator.py
[2025-05-02T19:59:43.605+0000] {processor.py:830} INFO - Processing file /home/airflow/.local/lib/python3.12/site-packages/airflow/example_dags/example_task_group_decorator.py for tasks to queue
[2025-05-02T19:59:43.606+0000] {logging_mixin.py:188} INFO - [2025-05-02T19:59:43.606+0000] {dagbag.py:545} INFO - Filling up the DagBag from /home/airflow/.local/lib/python3.12/site-packages/airflow/example_dags/example_task_group_decorator.py
[2025-05-02T19:59:43.618+0000] {processor.py:840} INFO - DAG(s) 'example_task_group_decorator' retrieved from /home/airflow/.local/lib/python3.12/site-packages/airflow/example_dags/example_task_group_decorator.py
[2025-05-02T19:59:43.640+0000] {logging_mixin.py:188} INFO - [2025-05-02T19:59:43.640+0000] {dag.py:3096} INFO - Sync 1 DAGs
[2025-05-02T19:59:43.659+0000] {logging_mixin.py:188} INFO - [2025-05-02T19:59:43.659+0000] {dag.py:3954} INFO - Setting next_dagrun for example_task_group_decorator to 2025-05-01 00:00:00+00:00, run_after=2025-05-02 00:00:00+00:00
[2025-05-02T19:59:43.676+0000] {processor.py:183} INFO - Processing /home/airflow/.local/lib/python3.12/site-packages/airflow/example_dags/example_task_group_decorator.py took 0.076 seconds
[2025-05-02T20:00:16.414+0000] {processor.py:161} INFO - Started process (PID=2077) to work on /home/airflow/.local/lib/python3.12/site-packages/airflow/example_dags/example_task_group_decorator.py
[2025-05-02T20:00:16.415+0000] {processor.py:830} INFO - Processing file /home/airflow/.local/lib/python3.12/site-packages/airflow/example_dags/example_task_group_decorator.py for tasks to queue
[2025-05-02T20:00:16.416+0000] {logging_mixin.py:188} INFO - [2025-05-02T20:00:16.416+0000] {dagbag.py:545} INFO - Filling up the DagBag from /home/airflow/.local/lib/python3.12/site-packages/airflow/example_dags/example_task_group_decorator.py
[2025-05-02T20:00:16.428+0000] {processor.py:840} INFO - DAG(s) 'example_task_group_decorator' retrieved from /home/airflow/.local/lib/python3.12/site-packages/airflow/example_dags/example_task_group_decorator.py
[2025-05-02T20:00:16.446+0000] {logging_mixin.py:188} INFO - [2025-05-02T20:00:16.446+0000] {dag.py:3096} INFO - Sync 1 DAGs
[2025-05-02T20:00:16.463+0000] {logging_mixin.py:188} INFO - [2025-05-02T20:00:16.463+0000] {dag.py:3954} INFO - Setting next_dagrun for example_task_group_decorator to 2025-05-01 00:00:00+00:00, run_after=2025-05-02 00:00:00+00:00
[2025-05-02T20:00:16.479+0000] {processor.py:183} INFO - Processing /home/airflow/.local/lib/python3.12/site-packages/airflow/example_dags/example_task_group_decorator.py took 0.069 seconds
[2025-05-02T20:00:49.176+0000] {processor.py:161} INFO - Started process (PID=2137) to work on /home/airflow/.local/lib/python3.12/site-packages/airflow/example_dags/example_task_group_decorator.py
[2025-05-02T20:00:49.177+0000] {processor.py:830} INFO - Processing file /home/airflow/.local/lib/python3.12/site-packages/airflow/example_dags/example_task_group_decorator.py for tasks to queue
[2025-05-02T20:00:49.178+0000] {logging_mixin.py:188} INFO - [2025-05-02T20:00:49.178+0000] {dagbag.py:545} INFO - Filling up the DagBag from /home/airflow/.local/lib/python3.12/site-packages/airflow/example_dags/example_task_group_decorator.py
[2025-05-02T20:00:49.190+0000] {processor.py:840} INFO - DAG(s) 'example_task_group_decorator' retrieved from /home/airflow/.local/lib/python3.12/site-packages/airflow/example_dags/example_task_group_decorator.py
[2025-05-02T20:00:49.207+0000] {logging_mixin.py:188} INFO - [2025-05-02T20:00:49.207+0000] {dag.py:3096} INFO - Sync 1 DAGs
[2025-05-02T20:00:49.223+0000] {logging_mixin.py:188} INFO - [2025-05-02T20:00:49.223+0000] {dag.py:3954} INFO - Setting next_dagrun for example_task_group_decorator to 2025-05-01 00:00:00+00:00, run_after=2025-05-02 00:00:00+00:00
[2025-05-02T20:00:49.236+0000] {processor.py:183} INFO - Processing /home/airflow/.local/lib/python3.12/site-packages/airflow/example_dags/example_task_group_decorator.py took 0.065 seconds
[2025-05-02T20:01:21.803+0000] {processor.py:161} INFO - Started process (PID=2197) to work on /home/airflow/.local/lib/python3.12/site-packages/airflow/example_dags/example_task_group_decorator.py
[2025-05-02T20:01:21.804+0000] {processor.py:830} INFO - Processing file /home/airflow/.local/lib/python3.12/site-packages/airflow/example_dags/example_task_group_decorator.py for tasks to queue
[2025-05-02T20:01:21.806+0000] {logging_mixin.py:188} INFO - [2025-05-02T20:01:21.806+0000] {dagbag.py:545} INFO - Filling up the DagBag from /home/airflow/.local/lib/python3.12/site-packages/airflow/example_dags/example_task_group_decorator.py
[2025-05-02T20:01:21.817+0000] {processor.py:840} INFO - DAG(s) 'example_task_group_decorator' retrieved from /home/airflow/.local/lib/python3.12/site-packages/airflow/example_dags/example_task_group_decorator.py
[2025-05-02T20:01:21.835+0000] {logging_mixin.py:188} INFO - [2025-05-02T20:01:21.835+0000] {dag.py:3096} INFO - Sync 1 DAGs
[2025-05-02T20:01:21.961+0000] {logging_mixin.py:188} INFO - [2025-05-02T20:01:21.961+0000] {dag.py:3954} INFO - Setting next_dagrun for example_task_group_decorator to 2025-05-01 00:00:00+00:00, run_after=2025-05-02 00:00:00+00:00
[2025-05-02T20:01:21.985+0000] {processor.py:183} INFO - Processing /home/airflow/.local/lib/python3.12/site-packages/airflow/example_dags/example_task_group_decorator.py took 0.187 seconds
[2025-05-02T20:01:53.368+0000] {processor.py:161} INFO - Started process (PID=2257) to work on /home/airflow/.local/lib/python3.12/site-packages/airflow/example_dags/example_task_group_decorator.py
[2025-05-02T20:01:53.369+0000] {processor.py:830} INFO - Processing file /home/airflow/.local/lib/python3.12/site-packages/airflow/example_dags/example_task_group_decorator.py for tasks to queue
[2025-05-02T20:01:53.371+0000] {logging_mixin.py:188} INFO - [2025-05-02T20:01:53.371+0000] {dagbag.py:545} INFO - Filling up the DagBag from /home/airflow/.local/lib/python3.12/site-packages/airflow/example_dags/example_task_group_decorator.py
[2025-05-02T20:01:53.384+0000] {processor.py:840} INFO - DAG(s) 'example_task_group_decorator' retrieved from /home/airflow/.local/lib/python3.12/site-packages/airflow/example_dags/example_task_group_decorator.py
[2025-05-02T20:01:53.403+0000] {logging_mixin.py:188} INFO - [2025-05-02T20:01:53.403+0000] {dag.py:3096} INFO - Sync 1 DAGs
[2025-05-02T20:01:53.421+0000] {logging_mixin.py:188} INFO - [2025-05-02T20:01:53.421+0000] {dag.py:3954} INFO - Setting next_dagrun for example_task_group_decorator to 2025-05-01 00:00:00+00:00, run_after=2025-05-02 00:00:00+00:00
[2025-05-02T20:01:53.435+0000] {processor.py:183} INFO - Processing /home/airflow/.local/lib/python3.12/site-packages/airflow/example_dags/example_task_group_decorator.py took 0.073 seconds
[2025-05-02T20:02:25.874+0000] {processor.py:161} INFO - Started process (PID=2317) to work on /home/airflow/.local/lib/python3.12/site-packages/airflow/example_dags/example_task_group_decorator.py
[2025-05-02T20:02:25.875+0000] {processor.py:830} INFO - Processing file /home/airflow/.local/lib/python3.12/site-packages/airflow/example_dags/example_task_group_decorator.py for tasks to queue
[2025-05-02T20:02:25.876+0000] {logging_mixin.py:188} INFO - [2025-05-02T20:02:25.876+0000] {dagbag.py:545} INFO - Filling up the DagBag from /home/airflow/.local/lib/python3.12/site-packages/airflow/example_dags/example_task_group_decorator.py
[2025-05-02T20:02:25.889+0000] {processor.py:840} INFO - DAG(s) 'example_task_group_decorator' retrieved from /home/airflow/.local/lib/python3.12/site-packages/airflow/example_dags/example_task_group_decorator.py
[2025-05-02T20:02:25.908+0000] {logging_mixin.py:188} INFO - [2025-05-02T20:02:25.908+0000] {dag.py:3096} INFO - Sync 1 DAGs
[2025-05-02T20:02:25.925+0000] {logging_mixin.py:188} INFO - [2025-05-02T20:02:25.925+0000] {dag.py:3954} INFO - Setting next_dagrun for example_task_group_decorator to 2025-05-01 00:00:00+00:00, run_after=2025-05-02 00:00:00+00:00
[2025-05-02T20:02:25.940+0000] {processor.py:183} INFO - Processing /home/airflow/.local/lib/python3.12/site-packages/airflow/example_dags/example_task_group_decorator.py took 0.071 seconds
[2025-05-02T20:02:58.715+0000] {processor.py:161} INFO - Started process (PID=2378) to work on /home/airflow/.local/lib/python3.12/site-packages/airflow/example_dags/example_task_group_decorator.py
[2025-05-02T20:02:58.715+0000] {processor.py:830} INFO - Processing file /home/airflow/.local/lib/python3.12/site-packages/airflow/example_dags/example_task_group_decorator.py for tasks to queue
[2025-05-02T20:02:58.717+0000] {logging_mixin.py:188} INFO - [2025-05-02T20:02:58.717+0000] {dagbag.py:545} INFO - Filling up the DagBag from /home/airflow/.local/lib/python3.12/site-packages/airflow/example_dags/example_task_group_decorator.py
[2025-05-02T20:02:58.727+0000] {processor.py:840} INFO - DAG(s) 'example_task_group_decorator' retrieved from /home/airflow/.local/lib/python3.12/site-packages/airflow/example_dags/example_task_group_decorator.py
[2025-05-02T20:02:58.747+0000] {logging_mixin.py:188} INFO - [2025-05-02T20:02:58.747+0000] {dag.py:3096} INFO - Sync 1 DAGs
[2025-05-02T20:02:58.866+0000] {logging_mixin.py:188} INFO - [2025-05-02T20:02:58.866+0000] {dag.py:3954} INFO - Setting next_dagrun for example_task_group_decorator to 2025-05-01 00:00:00+00:00, run_after=2025-05-02 00:00:00+00:00
[2025-05-02T20:02:58.880+0000] {processor.py:183} INFO - Processing /home/airflow/.local/lib/python3.12/site-packages/airflow/example_dags/example_task_group_decorator.py took 0.169 seconds
[2025-05-02T20:03:31.776+0000] {processor.py:161} INFO - Started process (PID=2438) to work on /home/airflow/.local/lib/python3.12/site-packages/airflow/example_dags/example_task_group_decorator.py
[2025-05-02T20:03:31.777+0000] {processor.py:830} INFO - Processing file /home/airflow/.local/lib/python3.12/site-packages/airflow/example_dags/example_task_group_decorator.py for tasks to queue
[2025-05-02T20:03:31.778+0000] {logging_mixin.py:188} INFO - [2025-05-02T20:03:31.778+0000] {dagbag.py:545} INFO - Filling up the DagBag from /home/airflow/.local/lib/python3.12/site-packages/airflow/example_dags/example_task_group_decorator.py
[2025-05-02T20:03:31.789+0000] {processor.py:840} INFO - DAG(s) 'example_task_group_decorator' retrieved from /home/airflow/.local/lib/python3.12/site-packages/airflow/example_dags/example_task_group_decorator.py
[2025-05-02T20:03:31.809+0000] {logging_mixin.py:188} INFO - [2025-05-02T20:03:31.809+0000] {dag.py:3096} INFO - Sync 1 DAGs
[2025-05-02T20:03:31.826+0000] {logging_mixin.py:188} INFO - [2025-05-02T20:03:31.826+0000] {dag.py:3954} INFO - Setting next_dagrun for example_task_group_decorator to 2025-05-01 00:00:00+00:00, run_after=2025-05-02 00:00:00+00:00
[2025-05-02T20:03:31.951+0000] {processor.py:183} INFO - Processing /home/airflow/.local/lib/python3.12/site-packages/airflow/example_dags/example_task_group_decorator.py took 0.179 seconds
[2025-05-02T20:04:04.321+0000] {processor.py:161} INFO - Started process (PID=2498) to work on /home/airflow/.local/lib/python3.12/site-packages/airflow/example_dags/example_task_group_decorator.py
[2025-05-02T20:04:04.321+0000] {processor.py:830} INFO - Processing file /home/airflow/.local/lib/python3.12/site-packages/airflow/example_dags/example_task_group_decorator.py for tasks to queue
[2025-05-02T20:04:04.324+0000] {logging_mixin.py:188} INFO - [2025-05-02T20:04:04.323+0000] {dagbag.py:545} INFO - Filling up the DagBag from /home/airflow/.local/lib/python3.12/site-packages/airflow/example_dags/example_task_group_decorator.py
[2025-05-02T20:04:04.337+0000] {processor.py:840} INFO - DAG(s) 'example_task_group_decorator' retrieved from /home/airflow/.local/lib/python3.12/site-packages/airflow/example_dags/example_task_group_decorator.py
[2025-05-02T20:04:04.361+0000] {logging_mixin.py:188} INFO - [2025-05-02T20:04:04.361+0000] {dag.py:3096} INFO - Sync 1 DAGs
[2025-05-02T20:04:04.380+0000] {logging_mixin.py:188} INFO - [2025-05-02T20:04:04.380+0000] {dag.py:3954} INFO - Setting next_dagrun for example_task_group_decorator to 2025-05-01 00:00:00+00:00, run_after=2025-05-02 00:00:00+00:00
[2025-05-02T20:04:04.399+0000] {processor.py:183} INFO - Processing /home/airflow/.local/lib/python3.12/site-packages/airflow/example_dags/example_task_group_decorator.py took 0.083 seconds
[2025-05-02T20:04:36.762+0000] {processor.py:161} INFO - Started process (PID=2558) to work on /home/airflow/.local/lib/python3.12/site-packages/airflow/example_dags/example_task_group_decorator.py
[2025-05-02T20:04:36.763+0000] {processor.py:830} INFO - Processing file /home/airflow/.local/lib/python3.12/site-packages/airflow/example_dags/example_task_group_decorator.py for tasks to queue
[2025-05-02T20:04:36.764+0000] {logging_mixin.py:188} INFO - [2025-05-02T20:04:36.764+0000] {dagbag.py:545} INFO - Filling up the DagBag from /home/airflow/.local/lib/python3.12/site-packages/airflow/example_dags/example_task_group_decorator.py
[2025-05-02T20:04:36.776+0000] {processor.py:840} INFO - DAG(s) 'example_task_group_decorator' retrieved from /home/airflow/.local/lib/python3.12/site-packages/airflow/example_dags/example_task_group_decorator.py
[2025-05-02T20:04:36.794+0000] {logging_mixin.py:188} INFO - [2025-05-02T20:04:36.794+0000] {dag.py:3096} INFO - Sync 1 DAGs
[2025-05-02T20:04:36.812+0000] {logging_mixin.py:188} INFO - [2025-05-02T20:04:36.812+0000] {dag.py:3954} INFO - Setting next_dagrun for example_task_group_decorator to 2025-05-01 00:00:00+00:00, run_after=2025-05-02 00:00:00+00:00
[2025-05-02T20:04:36.827+0000] {processor.py:183} INFO - Processing /home/airflow/.local/lib/python3.12/site-packages/airflow/example_dags/example_task_group_decorator.py took 0.069 seconds
[2025-05-02T20:05:09.165+0000] {processor.py:161} INFO - Started process (PID=2618) to work on /home/airflow/.local/lib/python3.12/site-packages/airflow/example_dags/example_task_group_decorator.py
[2025-05-02T20:05:09.166+0000] {processor.py:830} INFO - Processing file /home/airflow/.local/lib/python3.12/site-packages/airflow/example_dags/example_task_group_decorator.py for tasks to queue
[2025-05-02T20:05:09.168+0000] {logging_mixin.py:188} INFO - [2025-05-02T20:05:09.168+0000] {dagbag.py:545} INFO - Filling up the DagBag from /home/airflow/.local/lib/python3.12/site-packages/airflow/example_dags/example_task_group_decorator.py
[2025-05-02T20:05:09.179+0000] {processor.py:840} INFO - DAG(s) 'example_task_group_decorator' retrieved from /home/airflow/.local/lib/python3.12/site-packages/airflow/example_dags/example_task_group_decorator.py
[2025-05-02T20:05:09.197+0000] {logging_mixin.py:188} INFO - [2025-05-02T20:05:09.196+0000] {dag.py:3096} INFO - Sync 1 DAGs
[2025-05-02T20:05:09.212+0000] {logging_mixin.py:188} INFO - [2025-05-02T20:05:09.212+0000] {dag.py:3954} INFO - Setting next_dagrun for example_task_group_decorator to 2025-05-01 00:00:00+00:00, run_after=2025-05-02 00:00:00+00:00
[2025-05-02T20:05:09.225+0000] {processor.py:183} INFO - Processing /home/airflow/.local/lib/python3.12/site-packages/airflow/example_dags/example_task_group_decorator.py took 0.064 seconds
[2025-05-02T20:05:41.459+0000] {processor.py:161} INFO - Started process (PID=2678) to work on /home/airflow/.local/lib/python3.12/site-packages/airflow/example_dags/example_task_group_decorator.py
[2025-05-02T20:05:41.460+0000] {processor.py:830} INFO - Processing file /home/airflow/.local/lib/python3.12/site-packages/airflow/example_dags/example_task_group_decorator.py for tasks to queue
[2025-05-02T20:05:41.462+0000] {logging_mixin.py:188} INFO - [2025-05-02T20:05:41.461+0000] {dagbag.py:545} INFO - Filling up the DagBag from /home/airflow/.local/lib/python3.12/site-packages/airflow/example_dags/example_task_group_decorator.py
[2025-05-02T20:05:41.471+0000] {processor.py:840} INFO - DAG(s) 'example_task_group_decorator' retrieved from /home/airflow/.local/lib/python3.12/site-packages/airflow/example_dags/example_task_group_decorator.py
[2025-05-02T20:05:41.487+0000] {logging_mixin.py:188} INFO - [2025-05-02T20:05:41.487+0000] {dag.py:3096} INFO - Sync 1 DAGs
[2025-05-02T20:05:41.501+0000] {logging_mixin.py:188} INFO - [2025-05-02T20:05:41.501+0000] {dag.py:3954} INFO - Setting next_dagrun for example_task_group_decorator to 2025-05-01 00:00:00+00:00, run_after=2025-05-02 00:00:00+00:00
[2025-05-02T20:05:41.515+0000] {processor.py:183} INFO - Processing /home/airflow/.local/lib/python3.12/site-packages/airflow/example_dags/example_task_group_decorator.py took 0.060 seconds
[2025-05-02T20:06:14.558+0000] {processor.py:161} INFO - Started process (PID=2738) to work on /home/airflow/.local/lib/python3.12/site-packages/airflow/example_dags/example_task_group_decorator.py
[2025-05-02T20:06:14.559+0000] {processor.py:830} INFO - Processing file /home/airflow/.local/lib/python3.12/site-packages/airflow/example_dags/example_task_group_decorator.py for tasks to queue
[2025-05-02T20:06:14.560+0000] {logging_mixin.py:188} INFO - [2025-05-02T20:06:14.560+0000] {dagbag.py:545} INFO - Filling up the DagBag from /home/airflow/.local/lib/python3.12/site-packages/airflow/example_dags/example_task_group_decorator.py
[2025-05-02T20:06:14.571+0000] {processor.py:840} INFO - DAG(s) 'example_task_group_decorator' retrieved from /home/airflow/.local/lib/python3.12/site-packages/airflow/example_dags/example_task_group_decorator.py
[2025-05-02T20:06:14.591+0000] {logging_mixin.py:188} INFO - [2025-05-02T20:06:14.590+0000] {dag.py:3096} INFO - Sync 1 DAGs
[2025-05-02T20:06:14.606+0000] {logging_mixin.py:188} INFO - [2025-05-02T20:06:14.606+0000] {dag.py:3954} INFO - Setting next_dagrun for example_task_group_decorator to 2025-05-01 00:00:00+00:00, run_after=2025-05-02 00:00:00+00:00
[2025-05-02T20:06:14.620+0000] {processor.py:183} INFO - Processing /home/airflow/.local/lib/python3.12/site-packages/airflow/example_dags/example_task_group_decorator.py took 0.067 seconds
[2025-05-02T20:06:46.447+0000] {processor.py:161} INFO - Started process (PID=2798) to work on /home/airflow/.local/lib/python3.12/site-packages/airflow/example_dags/example_task_group_decorator.py
[2025-05-02T20:06:46.448+0000] {processor.py:830} INFO - Processing file /home/airflow/.local/lib/python3.12/site-packages/airflow/example_dags/example_task_group_decorator.py for tasks to queue
[2025-05-02T20:06:46.449+0000] {logging_mixin.py:188} INFO - [2025-05-02T20:06:46.449+0000] {dagbag.py:545} INFO - Filling up the DagBag from /home/airflow/.local/lib/python3.12/site-packages/airflow/example_dags/example_task_group_decorator.py
[2025-05-02T20:06:46.459+0000] {processor.py:840} INFO - DAG(s) 'example_task_group_decorator' retrieved from /home/airflow/.local/lib/python3.12/site-packages/airflow/example_dags/example_task_group_decorator.py
[2025-05-02T20:06:46.477+0000] {logging_mixin.py:188} INFO - [2025-05-02T20:06:46.477+0000] {dag.py:3096} INFO - Sync 1 DAGs
[2025-05-02T20:06:46.493+0000] {logging_mixin.py:188} INFO - [2025-05-02T20:06:46.493+0000] {dag.py:3954} INFO - Setting next_dagrun for example_task_group_decorator to 2025-05-01 00:00:00+00:00, run_after=2025-05-02 00:00:00+00:00
[2025-05-02T20:06:46.511+0000] {processor.py:183} INFO - Processing /home/airflow/.local/lib/python3.12/site-packages/airflow/example_dags/example_task_group_decorator.py took 0.069 seconds
[2025-05-02T20:07:19.696+0000] {processor.py:161} INFO - Started process (PID=2858) to work on /home/airflow/.local/lib/python3.12/site-packages/airflow/example_dags/example_task_group_decorator.py
[2025-05-02T20:07:19.697+0000] {processor.py:830} INFO - Processing file /home/airflow/.local/lib/python3.12/site-packages/airflow/example_dags/example_task_group_decorator.py for tasks to queue
[2025-05-02T20:07:19.698+0000] {logging_mixin.py:188} INFO - [2025-05-02T20:07:19.698+0000] {dagbag.py:545} INFO - Filling up the DagBag from /home/airflow/.local/lib/python3.12/site-packages/airflow/example_dags/example_task_group_decorator.py
[2025-05-02T20:07:19.709+0000] {processor.py:840} INFO - DAG(s) 'example_task_group_decorator' retrieved from /home/airflow/.local/lib/python3.12/site-packages/airflow/example_dags/example_task_group_decorator.py
[2025-05-02T20:07:19.729+0000] {logging_mixin.py:188} INFO - [2025-05-02T20:07:19.729+0000] {dag.py:3096} INFO - Sync 1 DAGs
[2025-05-02T20:07:19.752+0000] {logging_mixin.py:188} INFO - [2025-05-02T20:07:19.752+0000] {dag.py:3954} INFO - Setting next_dagrun for example_task_group_decorator to 2025-05-01 00:00:00+00:00, run_after=2025-05-02 00:00:00+00:00
[2025-05-02T20:07:19.771+0000] {processor.py:183} INFO - Processing /home/airflow/.local/lib/python3.12/site-packages/airflow/example_dags/example_task_group_decorator.py took 0.079 seconds
[2025-05-02T20:07:52.160+0000] {processor.py:161} INFO - Started process (PID=2919) to work on /home/airflow/.local/lib/python3.12/site-packages/airflow/example_dags/example_task_group_decorator.py
[2025-05-02T20:07:52.161+0000] {processor.py:830} INFO - Processing file /home/airflow/.local/lib/python3.12/site-packages/airflow/example_dags/example_task_group_decorator.py for tasks to queue
[2025-05-02T20:07:52.162+0000] {logging_mixin.py:188} INFO - [2025-05-02T20:07:52.162+0000] {dagbag.py:545} INFO - Filling up the DagBag from /home/airflow/.local/lib/python3.12/site-packages/airflow/example_dags/example_task_group_decorator.py
[2025-05-02T20:07:52.175+0000] {processor.py:840} INFO - DAG(s) 'example_task_group_decorator' retrieved from /home/airflow/.local/lib/python3.12/site-packages/airflow/example_dags/example_task_group_decorator.py
[2025-05-02T20:07:52.194+0000] {logging_mixin.py:188} INFO - [2025-05-02T20:07:52.194+0000] {dag.py:3096} INFO - Sync 1 DAGs
[2025-05-02T20:07:52.213+0000] {logging_mixin.py:188} INFO - [2025-05-02T20:07:52.213+0000] {dag.py:3954} INFO - Setting next_dagrun for example_task_group_decorator to 2025-05-01 00:00:00+00:00, run_after=2025-05-02 00:00:00+00:00
[2025-05-02T20:07:52.229+0000] {processor.py:183} INFO - Processing /home/airflow/.local/lib/python3.12/site-packages/airflow/example_dags/example_task_group_decorator.py took 0.073 seconds
[2025-05-02T20:08:24.485+0000] {processor.py:161} INFO - Started process (PID=2979) to work on /home/airflow/.local/lib/python3.12/site-packages/airflow/example_dags/example_task_group_decorator.py
[2025-05-02T20:08:24.486+0000] {processor.py:830} INFO - Processing file /home/airflow/.local/lib/python3.12/site-packages/airflow/example_dags/example_task_group_decorator.py for tasks to queue
[2025-05-02T20:08:24.487+0000] {logging_mixin.py:188} INFO - [2025-05-02T20:08:24.487+0000] {dagbag.py:545} INFO - Filling up the DagBag from /home/airflow/.local/lib/python3.12/site-packages/airflow/example_dags/example_task_group_decorator.py
[2025-05-02T20:08:24.497+0000] {processor.py:840} INFO - DAG(s) 'example_task_group_decorator' retrieved from /home/airflow/.local/lib/python3.12/site-packages/airflow/example_dags/example_task_group_decorator.py
[2025-05-02T20:08:24.513+0000] {logging_mixin.py:188} INFO - [2025-05-02T20:08:24.512+0000] {dag.py:3096} INFO - Sync 1 DAGs
[2025-05-02T20:08:24.526+0000] {logging_mixin.py:188} INFO - [2025-05-02T20:08:24.526+0000] {dag.py:3954} INFO - Setting next_dagrun for example_task_group_decorator to 2025-05-01 00:00:00+00:00, run_after=2025-05-02 00:00:00+00:00
[2025-05-02T20:08:24.541+0000] {processor.py:183} INFO - Processing /home/airflow/.local/lib/python3.12/site-packages/airflow/example_dags/example_task_group_decorator.py took 0.060 seconds
[2025-05-02T20:08:57.690+0000] {processor.py:161} INFO - Started process (PID=3039) to work on /home/airflow/.local/lib/python3.12/site-packages/airflow/example_dags/example_task_group_decorator.py
[2025-05-02T20:08:57.691+0000] {processor.py:830} INFO - Processing file /home/airflow/.local/lib/python3.12/site-packages/airflow/example_dags/example_task_group_decorator.py for tasks to queue
[2025-05-02T20:08:57.693+0000] {logging_mixin.py:188} INFO - [2025-05-02T20:08:57.692+0000] {dagbag.py:545} INFO - Filling up the DagBag from /home/airflow/.local/lib/python3.12/site-packages/airflow/example_dags/example_task_group_decorator.py
[2025-05-02T20:08:57.707+0000] {processor.py:840} INFO - DAG(s) 'example_task_group_decorator' retrieved from /home/airflow/.local/lib/python3.12/site-packages/airflow/example_dags/example_task_group_decorator.py
[2025-05-02T20:08:57.727+0000] {logging_mixin.py:188} INFO - [2025-05-02T20:08:57.726+0000] {dag.py:3096} INFO - Sync 1 DAGs
[2025-05-02T20:08:57.746+0000] {logging_mixin.py:188} INFO - [2025-05-02T20:08:57.746+0000] {dag.py:3954} INFO - Setting next_dagrun for example_task_group_decorator to 2025-05-01 00:00:00+00:00, run_after=2025-05-02 00:00:00+00:00
[2025-05-02T20:08:57.763+0000] {processor.py:183} INFO - Processing /home/airflow/.local/lib/python3.12/site-packages/airflow/example_dags/example_task_group_decorator.py took 0.077 seconds
[2025-05-02T20:09:30.234+0000] {processor.py:161} INFO - Started process (PID=3099) to work on /home/airflow/.local/lib/python3.12/site-packages/airflow/example_dags/example_task_group_decorator.py
[2025-05-02T20:09:30.235+0000] {processor.py:830} INFO - Processing file /home/airflow/.local/lib/python3.12/site-packages/airflow/example_dags/example_task_group_decorator.py for tasks to queue
[2025-05-02T20:09:30.237+0000] {logging_mixin.py:188} INFO - [2025-05-02T20:09:30.237+0000] {dagbag.py:545} INFO - Filling up the DagBag from /home/airflow/.local/lib/python3.12/site-packages/airflow/example_dags/example_task_group_decorator.py
[2025-05-02T20:09:30.249+0000] {processor.py:840} INFO - DAG(s) 'example_task_group_decorator' retrieved from /home/airflow/.local/lib/python3.12/site-packages/airflow/example_dags/example_task_group_decorator.py
[2025-05-02T20:09:30.268+0000] {logging_mixin.py:188} INFO - [2025-05-02T20:09:30.268+0000] {dag.py:3096} INFO - Sync 1 DAGs
[2025-05-02T20:09:30.285+0000] {logging_mixin.py:188} INFO - [2025-05-02T20:09:30.284+0000] {dag.py:3954} INFO - Setting next_dagrun for example_task_group_decorator to 2025-05-01 00:00:00+00:00, run_after=2025-05-02 00:00:00+00:00
[2025-05-02T20:09:30.300+0000] {processor.py:183} INFO - Processing /home/airflow/.local/lib/python3.12/site-packages/airflow/example_dags/example_task_group_decorator.py took 0.070 seconds
[2025-05-02T20:10:02.693+0000] {processor.py:161} INFO - Started process (PID=3159) to work on /home/airflow/.local/lib/python3.12/site-packages/airflow/example_dags/example_task_group_decorator.py
[2025-05-02T20:10:02.694+0000] {processor.py:830} INFO - Processing file /home/airflow/.local/lib/python3.12/site-packages/airflow/example_dags/example_task_group_decorator.py for tasks to queue
[2025-05-02T20:10:02.695+0000] {logging_mixin.py:188} INFO - [2025-05-02T20:10:02.695+0000] {dagbag.py:545} INFO - Filling up the DagBag from /home/airflow/.local/lib/python3.12/site-packages/airflow/example_dags/example_task_group_decorator.py
[2025-05-02T20:10:02.708+0000] {processor.py:840} INFO - DAG(s) 'example_task_group_decorator' retrieved from /home/airflow/.local/lib/python3.12/site-packages/airflow/example_dags/example_task_group_decorator.py
[2025-05-02T20:10:02.731+0000] {logging_mixin.py:188} INFO - [2025-05-02T20:10:02.731+0000] {dag.py:3096} INFO - Sync 1 DAGs
[2025-05-02T20:10:02.751+0000] {logging_mixin.py:188} INFO - [2025-05-02T20:10:02.751+0000] {dag.py:3954} INFO - Setting next_dagrun for example_task_group_decorator to 2025-05-01 00:00:00+00:00, run_after=2025-05-02 00:00:00+00:00
[2025-05-02T20:10:02.769+0000] {processor.py:183} INFO - Processing /home/airflow/.local/lib/python3.12/site-packages/airflow/example_dags/example_task_group_decorator.py took 0.082 seconds
[2025-05-02T20:10:34.641+0000] {processor.py:161} INFO - Started process (PID=3219) to work on /home/airflow/.local/lib/python3.12/site-packages/airflow/example_dags/example_task_group_decorator.py
[2025-05-02T20:10:34.642+0000] {processor.py:830} INFO - Processing file /home/airflow/.local/lib/python3.12/site-packages/airflow/example_dags/example_task_group_decorator.py for tasks to queue
[2025-05-02T20:10:34.643+0000] {logging_mixin.py:188} INFO - [2025-05-02T20:10:34.643+0000] {dagbag.py:545} INFO - Filling up the DagBag from /home/airflow/.local/lib/python3.12/site-packages/airflow/example_dags/example_task_group_decorator.py
[2025-05-02T20:10:34.653+0000] {processor.py:840} INFO - DAG(s) 'example_task_group_decorator' retrieved from /home/airflow/.local/lib/python3.12/site-packages/airflow/example_dags/example_task_group_decorator.py
[2025-05-02T20:10:34.669+0000] {logging_mixin.py:188} INFO - [2025-05-02T20:10:34.669+0000] {dag.py:3096} INFO - Sync 1 DAGs
[2025-05-02T20:10:34.686+0000] {logging_mixin.py:188} INFO - [2025-05-02T20:10:34.685+0000] {dag.py:3954} INFO - Setting next_dagrun for example_task_group_decorator to 2025-05-01 00:00:00+00:00, run_after=2025-05-02 00:00:00+00:00
[2025-05-02T20:10:34.697+0000] {processor.py:183} INFO - Processing /home/airflow/.local/lib/python3.12/site-packages/airflow/example_dags/example_task_group_decorator.py took 0.061 seconds
[2025-05-02T20:11:07.790+0000] {processor.py:161} INFO - Started process (PID=3279) to work on /home/airflow/.local/lib/python3.12/site-packages/airflow/example_dags/example_task_group_decorator.py
[2025-05-02T20:11:07.790+0000] {processor.py:830} INFO - Processing file /home/airflow/.local/lib/python3.12/site-packages/airflow/example_dags/example_task_group_decorator.py for tasks to queue
[2025-05-02T20:11:07.791+0000] {logging_mixin.py:188} INFO - [2025-05-02T20:11:07.791+0000] {dagbag.py:545} INFO - Filling up the DagBag from /home/airflow/.local/lib/python3.12/site-packages/airflow/example_dags/example_task_group_decorator.py
[2025-05-02T20:11:07.801+0000] {processor.py:840} INFO - DAG(s) 'example_task_group_decorator' retrieved from /home/airflow/.local/lib/python3.12/site-packages/airflow/example_dags/example_task_group_decorator.py
[2025-05-02T20:11:07.817+0000] {logging_mixin.py:188} INFO - [2025-05-02T20:11:07.817+0000] {dag.py:3096} INFO - Sync 1 DAGs
[2025-05-02T20:11:07.831+0000] {logging_mixin.py:188} INFO - [2025-05-02T20:11:07.831+0000] {dag.py:3954} INFO - Setting next_dagrun for example_task_group_decorator to 2025-05-01 00:00:00+00:00, run_after=2025-05-02 00:00:00+00:00
[2025-05-02T20:11:07.845+0000] {processor.py:183} INFO - Processing /home/airflow/.local/lib/python3.12/site-packages/airflow/example_dags/example_task_group_decorator.py took 0.059 seconds
[2025-05-02T20:11:39.832+0000] {processor.py:161} INFO - Started process (PID=3339) to work on /home/airflow/.local/lib/python3.12/site-packages/airflow/example_dags/example_task_group_decorator.py
[2025-05-02T20:11:39.833+0000] {processor.py:830} INFO - Processing file /home/airflow/.local/lib/python3.12/site-packages/airflow/example_dags/example_task_group_decorator.py for tasks to queue
[2025-05-02T20:11:39.834+0000] {logging_mixin.py:188} INFO - [2025-05-02T20:11:39.834+0000] {dagbag.py:545} INFO - Filling up the DagBag from /home/airflow/.local/lib/python3.12/site-packages/airflow/example_dags/example_task_group_decorator.py
[2025-05-02T20:11:39.843+0000] {processor.py:840} INFO - DAG(s) 'example_task_group_decorator' retrieved from /home/airflow/.local/lib/python3.12/site-packages/airflow/example_dags/example_task_group_decorator.py
[2025-05-02T20:11:39.859+0000] {logging_mixin.py:188} INFO - [2025-05-02T20:11:39.859+0000] {dag.py:3096} INFO - Sync 1 DAGs
[2025-05-02T20:11:39.872+0000] {logging_mixin.py:188} INFO - [2025-05-02T20:11:39.872+0000] {dag.py:3954} INFO - Setting next_dagrun for example_task_group_decorator to 2025-05-01 00:00:00+00:00, run_after=2025-05-02 00:00:00+00:00
[2025-05-02T20:11:39.885+0000] {processor.py:183} INFO - Processing /home/airflow/.local/lib/python3.12/site-packages/airflow/example_dags/example_task_group_decorator.py took 0.056 seconds
[2025-05-02T20:12:13.014+0000] {processor.py:161} INFO - Started process (PID=3399) to work on /home/airflow/.local/lib/python3.12/site-packages/airflow/example_dags/example_task_group_decorator.py
[2025-05-02T20:12:13.015+0000] {processor.py:830} INFO - Processing file /home/airflow/.local/lib/python3.12/site-packages/airflow/example_dags/example_task_group_decorator.py for tasks to queue
[2025-05-02T20:12:13.016+0000] {logging_mixin.py:188} INFO - [2025-05-02T20:12:13.016+0000] {dagbag.py:545} INFO - Filling up the DagBag from /home/airflow/.local/lib/python3.12/site-packages/airflow/example_dags/example_task_group_decorator.py
[2025-05-02T20:12:13.025+0000] {processor.py:840} INFO - DAG(s) 'example_task_group_decorator' retrieved from /home/airflow/.local/lib/python3.12/site-packages/airflow/example_dags/example_task_group_decorator.py
[2025-05-02T20:12:13.044+0000] {logging_mixin.py:188} INFO - [2025-05-02T20:12:13.044+0000] {dag.py:3096} INFO - Sync 1 DAGs
[2025-05-02T20:12:13.059+0000] {logging_mixin.py:188} INFO - [2025-05-02T20:12:13.059+0000] {dag.py:3954} INFO - Setting next_dagrun for example_task_group_decorator to 2025-05-01 00:00:00+00:00, run_after=2025-05-02 00:00:00+00:00
[2025-05-02T20:12:13.072+0000] {processor.py:183} INFO - Processing /home/airflow/.local/lib/python3.12/site-packages/airflow/example_dags/example_task_group_decorator.py took 0.061 seconds
[2025-05-02T20:12:45.220+0000] {processor.py:161} INFO - Started process (PID=3459) to work on /home/airflow/.local/lib/python3.12/site-packages/airflow/example_dags/example_task_group_decorator.py
[2025-05-02T20:12:45.222+0000] {processor.py:830} INFO - Processing file /home/airflow/.local/lib/python3.12/site-packages/airflow/example_dags/example_task_group_decorator.py for tasks to queue
[2025-05-02T20:12:45.223+0000] {logging_mixin.py:188} INFO - [2025-05-02T20:12:45.223+0000] {dagbag.py:545} INFO - Filling up the DagBag from /home/airflow/.local/lib/python3.12/site-packages/airflow/example_dags/example_task_group_decorator.py
[2025-05-02T20:12:45.234+0000] {processor.py:840} INFO - DAG(s) 'example_task_group_decorator' retrieved from /home/airflow/.local/lib/python3.12/site-packages/airflow/example_dags/example_task_group_decorator.py
[2025-05-02T20:12:45.257+0000] {logging_mixin.py:188} INFO - [2025-05-02T20:12:45.257+0000] {dag.py:3096} INFO - Sync 1 DAGs
[2025-05-02T20:12:45.275+0000] {logging_mixin.py:188} INFO - [2025-05-02T20:12:45.275+0000] {dag.py:3954} INFO - Setting next_dagrun for example_task_group_decorator to 2025-05-01 00:00:00+00:00, run_after=2025-05-02 00:00:00+00:00
[2025-05-02T20:12:45.290+0000] {processor.py:183} INFO - Processing /home/airflow/.local/lib/python3.12/site-packages/airflow/example_dags/example_task_group_decorator.py took 0.074 seconds
