[2025-05-02T19:42:22.526+0000] {processor.py:161} INFO - Started process (PID=72) to work on /home/airflow/.local/lib/python3.12/site-packages/airflow/example_dags/example_params_trigger_ui.py
[2025-05-02T19:42:22.527+0000] {processor.py:830} INFO - Processing file /home/airflow/.local/lib/python3.12/site-packages/airflow/example_dags/example_params_trigger_ui.py for tasks to queue
[2025-05-02T19:42:22.528+0000] {logging_mixin.py:188} INFO - [2025-05-02T19:42:22.528+0000] {dagbag.py:545} INFO - Filling up the DagBag from /home/airflow/.local/lib/python3.12/site-packages/airflow/example_dags/example_params_trigger_ui.py
[2025-05-02T19:42:22.544+0000] {processor.py:840} INFO - DAG(s) 'example_params_trigger_ui' retrieved from /home/airflow/.local/lib/python3.12/site-packages/airflow/example_dags/example_params_trigger_ui.py
[2025-05-02T19:42:22.656+0000] {logging_mixin.py:188} INFO - [2025-05-02T19:42:22.655+0000] {override.py:1829} INFO - Created Permission View: can edit on DAG:example_params_trigger_ui
[2025-05-02T19:42:22.664+0000] {logging_mixin.py:188} INFO - [2025-05-02T19:42:22.663+0000] {override.py:1829} INFO - Created Permission View: can read on DAG:example_params_trigger_ui
[2025-05-02T19:42:22.670+0000] {logging_mixin.py:188} INFO - [2025-05-02T19:42:22.669+0000] {override.py:1829} INFO - Created Permission View: can delete on DAG:example_params_trigger_ui
[2025-05-02T19:42:22.670+0000] {logging_mixin.py:188} INFO - [2025-05-02T19:42:22.670+0000] {dag.py:3096} INFO - Sync 1 DAGs
[2025-05-02T19:42:22.681+0000] {logging_mixin.py:188} INFO - [2025-05-02T19:42:22.680+0000] {dag.py:3118} INFO - Creating ORM DAG for example_params_trigger_ui
[2025-05-02T19:42:22.681+0000] {logging_mixin.py:188} INFO - [2025-05-02T19:42:22.681+0000] {dag.py:3954} INFO - Setting next_dagrun for example_params_trigger_ui to None, run_after=None
[2025-05-02T19:42:22.696+0000] {processor.py:183} INFO - Processing /home/airflow/.local/lib/python3.12/site-packages/airflow/example_dags/example_params_trigger_ui.py took 0.175 seconds
[2025-05-02T19:42:52.730+0000] {processor.py:161} INFO - Started process (PID=132) to work on /home/airflow/.local/lib/python3.12/site-packages/airflow/example_dags/example_params_trigger_ui.py
[2025-05-02T19:42:52.731+0000] {processor.py:830} INFO - Processing file /home/airflow/.local/lib/python3.12/site-packages/airflow/example_dags/example_params_trigger_ui.py for tasks to queue
[2025-05-02T19:42:52.733+0000] {logging_mixin.py:188} INFO - [2025-05-02T19:42:52.732+0000] {dagbag.py:545} INFO - Filling up the DagBag from /home/airflow/.local/lib/python3.12/site-packages/airflow/example_dags/example_params_trigger_ui.py
[2025-05-02T19:42:52.744+0000] {processor.py:840} INFO - DAG(s) 'example_params_trigger_ui' retrieved from /home/airflow/.local/lib/python3.12/site-packages/airflow/example_dags/example_params_trigger_ui.py
[2025-05-02T19:42:52.781+0000] {logging_mixin.py:188} INFO - [2025-05-02T19:42:52.781+0000] {dag.py:3096} INFO - Sync 1 DAGs
[2025-05-02T19:42:52.792+0000] {logging_mixin.py:188} INFO - [2025-05-02T19:42:52.792+0000] {dag.py:3954} INFO - Setting next_dagrun for example_params_trigger_ui to None, run_after=None
[2025-05-02T19:42:52.806+0000] {processor.py:183} INFO - Processing /home/airflow/.local/lib/python3.12/site-packages/airflow/example_dags/example_params_trigger_ui.py took 0.081 seconds
[2025-05-02T19:43:23.006+0000] {processor.py:161} INFO - Started process (PID=192) to work on /home/airflow/.local/lib/python3.12/site-packages/airflow/example_dags/example_params_trigger_ui.py
[2025-05-02T19:43:23.007+0000] {processor.py:830} INFO - Processing file /home/airflow/.local/lib/python3.12/site-packages/airflow/example_dags/example_params_trigger_ui.py for tasks to queue
[2025-05-02T19:43:23.009+0000] {logging_mixin.py:188} INFO - [2025-05-02T19:43:23.009+0000] {dagbag.py:545} INFO - Filling up the DagBag from /home/airflow/.local/lib/python3.12/site-packages/airflow/example_dags/example_params_trigger_ui.py
[2025-05-02T19:43:23.036+0000] {processor.py:840} INFO - DAG(s) 'example_params_trigger_ui' retrieved from /home/airflow/.local/lib/python3.12/site-packages/airflow/example_dags/example_params_trigger_ui.py
[2025-05-02T19:43:23.093+0000] {logging_mixin.py:188} INFO - [2025-05-02T19:43:23.093+0000] {dag.py:3096} INFO - Sync 1 DAGs
[2025-05-02T19:43:23.108+0000] {logging_mixin.py:188} INFO - [2025-05-02T19:43:23.107+0000] {dag.py:3954} INFO - Setting next_dagrun for example_params_trigger_ui to None, run_after=None
[2025-05-02T19:43:23.125+0000] {processor.py:183} INFO - Processing /home/airflow/.local/lib/python3.12/site-packages/airflow/example_dags/example_params_trigger_ui.py took 0.126 seconds
[2025-05-02T19:43:53.796+0000] {processor.py:161} INFO - Started process (PID=252) to work on /home/airflow/.local/lib/python3.12/site-packages/airflow/example_dags/example_params_trigger_ui.py
[2025-05-02T19:43:53.797+0000] {processor.py:830} INFO - Processing file /home/airflow/.local/lib/python3.12/site-packages/airflow/example_dags/example_params_trigger_ui.py for tasks to queue
[2025-05-02T19:43:53.799+0000] {logging_mixin.py:188} INFO - [2025-05-02T19:43:53.798+0000] {dagbag.py:545} INFO - Filling up the DagBag from /home/airflow/.local/lib/python3.12/site-packages/airflow/example_dags/example_params_trigger_ui.py
[2025-05-02T19:43:53.811+0000] {processor.py:840} INFO - DAG(s) 'example_params_trigger_ui' retrieved from /home/airflow/.local/lib/python3.12/site-packages/airflow/example_dags/example_params_trigger_ui.py
[2025-05-02T19:43:53.854+0000] {logging_mixin.py:188} INFO - [2025-05-02T19:43:53.854+0000] {dag.py:3096} INFO - Sync 1 DAGs
[2025-05-02T19:43:53.868+0000] {logging_mixin.py:188} INFO - [2025-05-02T19:43:53.868+0000] {dag.py:3954} INFO - Setting next_dagrun for example_params_trigger_ui to None, run_after=None
[2025-05-02T19:43:53.889+0000] {processor.py:183} INFO - Processing /home/airflow/.local/lib/python3.12/site-packages/airflow/example_dags/example_params_trigger_ui.py took 0.098 seconds
[2025-05-02T19:44:24.688+0000] {processor.py:161} INFO - Started process (PID=312) to work on /home/airflow/.local/lib/python3.12/site-packages/airflow/example_dags/example_params_trigger_ui.py
[2025-05-02T19:44:24.689+0000] {processor.py:830} INFO - Processing file /home/airflow/.local/lib/python3.12/site-packages/airflow/example_dags/example_params_trigger_ui.py for tasks to queue
[2025-05-02T19:44:24.691+0000] {logging_mixin.py:188} INFO - [2025-05-02T19:44:24.690+0000] {dagbag.py:545} INFO - Filling up the DagBag from /home/airflow/.local/lib/python3.12/site-packages/airflow/example_dags/example_params_trigger_ui.py
[2025-05-02T19:44:24.702+0000] {processor.py:840} INFO - DAG(s) 'example_params_trigger_ui' retrieved from /home/airflow/.local/lib/python3.12/site-packages/airflow/example_dags/example_params_trigger_ui.py
[2025-05-02T19:44:24.739+0000] {logging_mixin.py:188} INFO - [2025-05-02T19:44:24.739+0000] {dag.py:3096} INFO - Sync 1 DAGs
[2025-05-02T19:44:24.753+0000] {logging_mixin.py:188} INFO - [2025-05-02T19:44:24.753+0000] {dag.py:3954} INFO - Setting next_dagrun for example_params_trigger_ui to None, run_after=None
[2025-05-02T19:44:24.771+0000] {processor.py:183} INFO - Processing /home/airflow/.local/lib/python3.12/site-packages/airflow/example_dags/example_params_trigger_ui.py took 0.087 seconds
[2025-05-02T19:44:54.835+0000] {processor.py:161} INFO - Started process (PID=373) to work on /home/airflow/.local/lib/python3.12/site-packages/airflow/example_dags/example_params_trigger_ui.py
[2025-05-02T19:44:54.836+0000] {processor.py:830} INFO - Processing file /home/airflow/.local/lib/python3.12/site-packages/airflow/example_dags/example_params_trigger_ui.py for tasks to queue
[2025-05-02T19:44:54.837+0000] {logging_mixin.py:188} INFO - [2025-05-02T19:44:54.837+0000] {dagbag.py:545} INFO - Filling up the DagBag from /home/airflow/.local/lib/python3.12/site-packages/airflow/example_dags/example_params_trigger_ui.py
[2025-05-02T19:44:54.849+0000] {processor.py:840} INFO - DAG(s) 'example_params_trigger_ui' retrieved from /home/airflow/.local/lib/python3.12/site-packages/airflow/example_dags/example_params_trigger_ui.py
[2025-05-02T19:44:54.888+0000] {logging_mixin.py:188} INFO - [2025-05-02T19:44:54.887+0000] {dag.py:3096} INFO - Sync 1 DAGs
[2025-05-02T19:44:54.900+0000] {logging_mixin.py:188} INFO - [2025-05-02T19:44:54.900+0000] {dag.py:3954} INFO - Setting next_dagrun for example_params_trigger_ui to None, run_after=None
[2025-05-02T19:44:54.921+0000] {processor.py:183} INFO - Processing /home/airflow/.local/lib/python3.12/site-packages/airflow/example_dags/example_params_trigger_ui.py took 0.091 seconds
[2025-05-02T19:45:24.981+0000] {processor.py:161} INFO - Started process (PID=433) to work on /home/airflow/.local/lib/python3.12/site-packages/airflow/example_dags/example_params_trigger_ui.py
[2025-05-02T19:45:24.982+0000] {processor.py:830} INFO - Processing file /home/airflow/.local/lib/python3.12/site-packages/airflow/example_dags/example_params_trigger_ui.py for tasks to queue
[2025-05-02T19:45:24.984+0000] {logging_mixin.py:188} INFO - [2025-05-02T19:45:24.983+0000] {dagbag.py:545} INFO - Filling up the DagBag from /home/airflow/.local/lib/python3.12/site-packages/airflow/example_dags/example_params_trigger_ui.py
[2025-05-02T19:45:24.994+0000] {processor.py:840} INFO - DAG(s) 'example_params_trigger_ui' retrieved from /home/airflow/.local/lib/python3.12/site-packages/airflow/example_dags/example_params_trigger_ui.py
[2025-05-02T19:45:25.035+0000] {logging_mixin.py:188} INFO - [2025-05-02T19:45:25.035+0000] {dag.py:3096} INFO - Sync 1 DAGs
[2025-05-02T19:45:25.049+0000] {logging_mixin.py:188} INFO - [2025-05-02T19:45:25.048+0000] {dag.py:3954} INFO - Setting next_dagrun for example_params_trigger_ui to None, run_after=None
[2025-05-02T19:45:25.064+0000] {processor.py:183} INFO - Processing /home/airflow/.local/lib/python3.12/site-packages/airflow/example_dags/example_params_trigger_ui.py took 0.087 seconds
[2025-05-02T19:45:55.603+0000] {processor.py:161} INFO - Started process (PID=492) to work on /home/airflow/.local/lib/python3.12/site-packages/airflow/example_dags/example_params_trigger_ui.py
[2025-05-02T19:45:55.604+0000] {processor.py:830} INFO - Processing file /home/airflow/.local/lib/python3.12/site-packages/airflow/example_dags/example_params_trigger_ui.py for tasks to queue
[2025-05-02T19:45:55.606+0000] {logging_mixin.py:188} INFO - [2025-05-02T19:45:55.605+0000] {dagbag.py:545} INFO - Filling up the DagBag from /home/airflow/.local/lib/python3.12/site-packages/airflow/example_dags/example_params_trigger_ui.py
[2025-05-02T19:45:55.617+0000] {processor.py:840} INFO - DAG(s) 'example_params_trigger_ui' retrieved from /home/airflow/.local/lib/python3.12/site-packages/airflow/example_dags/example_params_trigger_ui.py
[2025-05-02T19:45:55.657+0000] {logging_mixin.py:188} INFO - [2025-05-02T19:45:55.657+0000] {dag.py:3096} INFO - Sync 1 DAGs
[2025-05-02T19:45:55.667+0000] {logging_mixin.py:188} INFO - [2025-05-02T19:45:55.667+0000] {dag.py:3954} INFO - Setting next_dagrun for example_params_trigger_ui to None, run_after=None
[2025-05-02T19:45:55.684+0000] {processor.py:183} INFO - Processing /home/airflow/.local/lib/python3.12/site-packages/airflow/example_dags/example_params_trigger_ui.py took 0.086 seconds
[2025-05-02T19:46:26.583+0000] {processor.py:161} INFO - Started process (PID=552) to work on /home/airflow/.local/lib/python3.12/site-packages/airflow/example_dags/example_params_trigger_ui.py
[2025-05-02T19:46:26.583+0000] {processor.py:830} INFO - Processing file /home/airflow/.local/lib/python3.12/site-packages/airflow/example_dags/example_params_trigger_ui.py for tasks to queue
[2025-05-02T19:46:26.585+0000] {logging_mixin.py:188} INFO - [2025-05-02T19:46:26.585+0000] {dagbag.py:545} INFO - Filling up the DagBag from /home/airflow/.local/lib/python3.12/site-packages/airflow/example_dags/example_params_trigger_ui.py
[2025-05-02T19:46:26.594+0000] {processor.py:840} INFO - DAG(s) 'example_params_trigger_ui' retrieved from /home/airflow/.local/lib/python3.12/site-packages/airflow/example_dags/example_params_trigger_ui.py
[2025-05-02T19:46:26.626+0000] {logging_mixin.py:188} INFO - [2025-05-02T19:46:26.626+0000] {dag.py:3096} INFO - Sync 1 DAGs
[2025-05-02T19:46:26.636+0000] {logging_mixin.py:188} INFO - [2025-05-02T19:46:26.636+0000] {dag.py:3954} INFO - Setting next_dagrun for example_params_trigger_ui to None, run_after=None
[2025-05-02T19:46:26.656+0000] {processor.py:183} INFO - Processing /home/airflow/.local/lib/python3.12/site-packages/airflow/example_dags/example_params_trigger_ui.py took 0.077 seconds
[2025-05-02T19:46:56.965+0000] {processor.py:161} INFO - Started process (PID=612) to work on /home/airflow/.local/lib/python3.12/site-packages/airflow/example_dags/example_params_trigger_ui.py
[2025-05-02T19:46:56.965+0000] {processor.py:830} INFO - Processing file /home/airflow/.local/lib/python3.12/site-packages/airflow/example_dags/example_params_trigger_ui.py for tasks to queue
[2025-05-02T19:46:56.966+0000] {logging_mixin.py:188} INFO - [2025-05-02T19:46:56.966+0000] {dagbag.py:545} INFO - Filling up the DagBag from /home/airflow/.local/lib/python3.12/site-packages/airflow/example_dags/example_params_trigger_ui.py
[2025-05-02T19:46:56.975+0000] {processor.py:840} INFO - DAG(s) 'example_params_trigger_ui' retrieved from /home/airflow/.local/lib/python3.12/site-packages/airflow/example_dags/example_params_trigger_ui.py
[2025-05-02T19:46:57.005+0000] {logging_mixin.py:188} INFO - [2025-05-02T19:46:57.005+0000] {dag.py:3096} INFO - Sync 1 DAGs
[2025-05-02T19:46:57.014+0000] {logging_mixin.py:188} INFO - [2025-05-02T19:46:57.013+0000] {dag.py:3954} INFO - Setting next_dagrun for example_params_trigger_ui to None, run_after=None
[2025-05-02T19:46:57.030+0000] {processor.py:183} INFO - Processing /home/airflow/.local/lib/python3.12/site-packages/airflow/example_dags/example_params_trigger_ui.py took 0.070 seconds
[2025-05-02T19:47:27.348+0000] {processor.py:161} INFO - Started process (PID=672) to work on /home/airflow/.local/lib/python3.12/site-packages/airflow/example_dags/example_params_trigger_ui.py
[2025-05-02T19:47:27.349+0000] {processor.py:830} INFO - Processing file /home/airflow/.local/lib/python3.12/site-packages/airflow/example_dags/example_params_trigger_ui.py for tasks to queue
[2025-05-02T19:47:27.351+0000] {logging_mixin.py:188} INFO - [2025-05-02T19:47:27.350+0000] {dagbag.py:545} INFO - Filling up the DagBag from /home/airflow/.local/lib/python3.12/site-packages/airflow/example_dags/example_params_trigger_ui.py
[2025-05-02T19:47:27.360+0000] {processor.py:840} INFO - DAG(s) 'example_params_trigger_ui' retrieved from /home/airflow/.local/lib/python3.12/site-packages/airflow/example_dags/example_params_trigger_ui.py
[2025-05-02T19:47:27.391+0000] {logging_mixin.py:188} INFO - [2025-05-02T19:47:27.391+0000] {dag.py:3096} INFO - Sync 1 DAGs
[2025-05-02T19:47:27.401+0000] {logging_mixin.py:188} INFO - [2025-05-02T19:47:27.401+0000] {dag.py:3954} INFO - Setting next_dagrun for example_params_trigger_ui to None, run_after=None
[2025-05-02T19:47:27.416+0000] {processor.py:183} INFO - Processing /home/airflow/.local/lib/python3.12/site-packages/airflow/example_dags/example_params_trigger_ui.py took 0.071 seconds
[2025-05-02T19:47:57.832+0000] {processor.py:161} INFO - Started process (PID=732) to work on /home/airflow/.local/lib/python3.12/site-packages/airflow/example_dags/example_params_trigger_ui.py
[2025-05-02T19:47:57.833+0000] {processor.py:830} INFO - Processing file /home/airflow/.local/lib/python3.12/site-packages/airflow/example_dags/example_params_trigger_ui.py for tasks to queue
[2025-05-02T19:47:57.834+0000] {logging_mixin.py:188} INFO - [2025-05-02T19:47:57.834+0000] {dagbag.py:545} INFO - Filling up the DagBag from /home/airflow/.local/lib/python3.12/site-packages/airflow/example_dags/example_params_trigger_ui.py
[2025-05-02T19:47:57.845+0000] {processor.py:840} INFO - DAG(s) 'example_params_trigger_ui' retrieved from /home/airflow/.local/lib/python3.12/site-packages/airflow/example_dags/example_params_trigger_ui.py
[2025-05-02T19:47:57.885+0000] {logging_mixin.py:188} INFO - [2025-05-02T19:47:57.884+0000] {dag.py:3096} INFO - Sync 1 DAGs
[2025-05-02T19:47:57.894+0000] {logging_mixin.py:188} INFO - [2025-05-02T19:47:57.894+0000] {dag.py:3954} INFO - Setting next_dagrun for example_params_trigger_ui to None, run_after=None
[2025-05-02T19:47:57.910+0000] {processor.py:183} INFO - Processing /home/airflow/.local/lib/python3.12/site-packages/airflow/example_dags/example_params_trigger_ui.py took 0.083 seconds
[2025-05-02T19:48:29.116+0000] {processor.py:161} INFO - Started process (PID=786) to work on /home/airflow/.local/lib/python3.12/site-packages/airflow/example_dags/example_params_trigger_ui.py
[2025-05-02T19:48:29.117+0000] {processor.py:830} INFO - Processing file /home/airflow/.local/lib/python3.12/site-packages/airflow/example_dags/example_params_trigger_ui.py for tasks to queue
[2025-05-02T19:48:29.118+0000] {logging_mixin.py:188} INFO - [2025-05-02T19:48:29.118+0000] {dagbag.py:545} INFO - Filling up the DagBag from /home/airflow/.local/lib/python3.12/site-packages/airflow/example_dags/example_params_trigger_ui.py
[2025-05-02T19:48:29.131+0000] {processor.py:840} INFO - DAG(s) 'example_params_trigger_ui' retrieved from /home/airflow/.local/lib/python3.12/site-packages/airflow/example_dags/example_params_trigger_ui.py
[2025-05-02T19:48:29.169+0000] {logging_mixin.py:188} INFO - [2025-05-02T19:48:29.169+0000] {dag.py:3096} INFO - Sync 1 DAGs
[2025-05-02T19:48:29.180+0000] {logging_mixin.py:188} INFO - [2025-05-02T19:48:29.180+0000] {dag.py:3954} INFO - Setting next_dagrun for example_params_trigger_ui to None, run_after=None
[2025-05-02T19:48:29.195+0000] {processor.py:183} INFO - Processing /home/airflow/.local/lib/python3.12/site-packages/airflow/example_dags/example_params_trigger_ui.py took 0.085 seconds
[2025-05-02T19:48:59.545+0000] {processor.py:161} INFO - Started process (PID=847) to work on /home/airflow/.local/lib/python3.12/site-packages/airflow/example_dags/example_params_trigger_ui.py
[2025-05-02T19:48:59.546+0000] {processor.py:830} INFO - Processing file /home/airflow/.local/lib/python3.12/site-packages/airflow/example_dags/example_params_trigger_ui.py for tasks to queue
[2025-05-02T19:48:59.548+0000] {logging_mixin.py:188} INFO - [2025-05-02T19:48:59.547+0000] {dagbag.py:545} INFO - Filling up the DagBag from /home/airflow/.local/lib/python3.12/site-packages/airflow/example_dags/example_params_trigger_ui.py
[2025-05-02T19:48:59.560+0000] {processor.py:840} INFO - DAG(s) 'example_params_trigger_ui' retrieved from /home/airflow/.local/lib/python3.12/site-packages/airflow/example_dags/example_params_trigger_ui.py
[2025-05-02T19:48:59.600+0000] {logging_mixin.py:188} INFO - [2025-05-02T19:48:59.600+0000] {dag.py:3096} INFO - Sync 1 DAGs
[2025-05-02T19:48:59.612+0000] {logging_mixin.py:188} INFO - [2025-05-02T19:48:59.612+0000] {dag.py:3954} INFO - Setting next_dagrun for example_params_trigger_ui to None, run_after=None
[2025-05-02T19:48:59.629+0000] {processor.py:183} INFO - Processing /home/airflow/.local/lib/python3.12/site-packages/airflow/example_dags/example_params_trigger_ui.py took 0.090 seconds
[2025-05-02T19:49:30.306+0000] {processor.py:161} INFO - Started process (PID=907) to work on /home/airflow/.local/lib/python3.12/site-packages/airflow/example_dags/example_params_trigger_ui.py
[2025-05-02T19:49:30.306+0000] {processor.py:830} INFO - Processing file /home/airflow/.local/lib/python3.12/site-packages/airflow/example_dags/example_params_trigger_ui.py for tasks to queue
[2025-05-02T19:49:30.308+0000] {logging_mixin.py:188} INFO - [2025-05-02T19:49:30.308+0000] {dagbag.py:545} INFO - Filling up the DagBag from /home/airflow/.local/lib/python3.12/site-packages/airflow/example_dags/example_params_trigger_ui.py
[2025-05-02T19:49:30.319+0000] {processor.py:840} INFO - DAG(s) 'example_params_trigger_ui' retrieved from /home/airflow/.local/lib/python3.12/site-packages/airflow/example_dags/example_params_trigger_ui.py
[2025-05-02T19:49:30.361+0000] {logging_mixin.py:188} INFO - [2025-05-02T19:49:30.360+0000] {dag.py:3096} INFO - Sync 1 DAGs
[2025-05-02T19:49:30.378+0000] {logging_mixin.py:188} INFO - [2025-05-02T19:49:30.378+0000] {dag.py:3954} INFO - Setting next_dagrun for example_params_trigger_ui to None, run_after=None
[2025-05-02T19:49:30.398+0000] {processor.py:183} INFO - Processing /home/airflow/.local/lib/python3.12/site-packages/airflow/example_dags/example_params_trigger_ui.py took 0.097 seconds
[2025-05-02T19:50:02.066+0000] {processor.py:161} INFO - Started process (PID=967) to work on /home/airflow/.local/lib/python3.12/site-packages/airflow/example_dags/example_params_trigger_ui.py
[2025-05-02T19:50:02.067+0000] {processor.py:830} INFO - Processing file /home/airflow/.local/lib/python3.12/site-packages/airflow/example_dags/example_params_trigger_ui.py for tasks to queue
[2025-05-02T19:50:02.068+0000] {logging_mixin.py:188} INFO - [2025-05-02T19:50:02.068+0000] {dagbag.py:545} INFO - Filling up the DagBag from /home/airflow/.local/lib/python3.12/site-packages/airflow/example_dags/example_params_trigger_ui.py
[2025-05-02T19:50:02.078+0000] {processor.py:840} INFO - DAG(s) 'example_params_trigger_ui' retrieved from /home/airflow/.local/lib/python3.12/site-packages/airflow/example_dags/example_params_trigger_ui.py
[2025-05-02T19:50:02.117+0000] {logging_mixin.py:188} INFO - [2025-05-02T19:50:02.117+0000] {dag.py:3096} INFO - Sync 1 DAGs
[2025-05-02T19:50:02.126+0000] {logging_mixin.py:188} INFO - [2025-05-02T19:50:02.126+0000] {dag.py:3954} INFO - Setting next_dagrun for example_params_trigger_ui to None, run_after=None
[2025-05-02T19:50:02.141+0000] {processor.py:183} INFO - Processing /home/airflow/.local/lib/python3.12/site-packages/airflow/example_dags/example_params_trigger_ui.py took 0.080 seconds
[2025-05-02T19:50:34.475+0000] {processor.py:161} INFO - Started process (PID=1027) to work on /home/airflow/.local/lib/python3.12/site-packages/airflow/example_dags/example_params_trigger_ui.py
[2025-05-02T19:50:34.476+0000] {processor.py:830} INFO - Processing file /home/airflow/.local/lib/python3.12/site-packages/airflow/example_dags/example_params_trigger_ui.py for tasks to queue
[2025-05-02T19:50:34.479+0000] {logging_mixin.py:188} INFO - [2025-05-02T19:50:34.478+0000] {dagbag.py:545} INFO - Filling up the DagBag from /home/airflow/.local/lib/python3.12/site-packages/airflow/example_dags/example_params_trigger_ui.py
[2025-05-02T19:50:34.499+0000] {processor.py:840} INFO - DAG(s) 'example_params_trigger_ui' retrieved from /home/airflow/.local/lib/python3.12/site-packages/airflow/example_dags/example_params_trigger_ui.py
[2025-05-02T19:50:34.545+0000] {logging_mixin.py:188} INFO - [2025-05-02T19:50:34.544+0000] {dag.py:3096} INFO - Sync 1 DAGs
[2025-05-02T19:50:34.556+0000] {logging_mixin.py:188} INFO - [2025-05-02T19:50:34.555+0000] {dag.py:3954} INFO - Setting next_dagrun for example_params_trigger_ui to None, run_after=None
[2025-05-02T19:50:34.572+0000] {processor.py:183} INFO - Processing /home/airflow/.local/lib/python3.12/site-packages/airflow/example_dags/example_params_trigger_ui.py took 0.106 seconds
[2025-05-02T19:51:06.666+0000] {processor.py:161} INFO - Started process (PID=1087) to work on /home/airflow/.local/lib/python3.12/site-packages/airflow/example_dags/example_params_trigger_ui.py
[2025-05-02T19:51:06.667+0000] {processor.py:830} INFO - Processing file /home/airflow/.local/lib/python3.12/site-packages/airflow/example_dags/example_params_trigger_ui.py for tasks to queue
[2025-05-02T19:51:06.669+0000] {logging_mixin.py:188} INFO - [2025-05-02T19:51:06.669+0000] {dagbag.py:545} INFO - Filling up the DagBag from /home/airflow/.local/lib/python3.12/site-packages/airflow/example_dags/example_params_trigger_ui.py
[2025-05-02T19:51:06.682+0000] {processor.py:840} INFO - DAG(s) 'example_params_trigger_ui' retrieved from /home/airflow/.local/lib/python3.12/site-packages/airflow/example_dags/example_params_trigger_ui.py
[2025-05-02T19:51:06.720+0000] {logging_mixin.py:188} INFO - [2025-05-02T19:51:06.720+0000] {dag.py:3096} INFO - Sync 1 DAGs
[2025-05-02T19:51:06.729+0000] {logging_mixin.py:188} INFO - [2025-05-02T19:51:06.729+0000] {dag.py:3954} INFO - Setting next_dagrun for example_params_trigger_ui to None, run_after=None
[2025-05-02T19:51:06.743+0000] {processor.py:183} INFO - Processing /home/airflow/.local/lib/python3.12/site-packages/airflow/example_dags/example_params_trigger_ui.py took 0.084 seconds
[2025-05-02T19:51:39.025+0000] {processor.py:161} INFO - Started process (PID=1147) to work on /home/airflow/.local/lib/python3.12/site-packages/airflow/example_dags/example_params_trigger_ui.py
[2025-05-02T19:51:39.026+0000] {processor.py:830} INFO - Processing file /home/airflow/.local/lib/python3.12/site-packages/airflow/example_dags/example_params_trigger_ui.py for tasks to queue
[2025-05-02T19:51:39.028+0000] {logging_mixin.py:188} INFO - [2025-05-02T19:51:39.028+0000] {dagbag.py:545} INFO - Filling up the DagBag from /home/airflow/.local/lib/python3.12/site-packages/airflow/example_dags/example_params_trigger_ui.py
[2025-05-02T19:51:39.046+0000] {processor.py:840} INFO - DAG(s) 'example_params_trigger_ui' retrieved from /home/airflow/.local/lib/python3.12/site-packages/airflow/example_dags/example_params_trigger_ui.py
[2025-05-02T19:51:39.087+0000] {logging_mixin.py:188} INFO - [2025-05-02T19:51:39.087+0000] {dag.py:3096} INFO - Sync 1 DAGs
[2025-05-02T19:51:39.108+0000] {logging_mixin.py:188} INFO - [2025-05-02T19:51:39.108+0000] {dag.py:3954} INFO - Setting next_dagrun for example_params_trigger_ui to None, run_after=None
[2025-05-02T19:51:39.127+0000] {processor.py:183} INFO - Processing /home/airflow/.local/lib/python3.12/site-packages/airflow/example_dags/example_params_trigger_ui.py took 0.107 seconds
[2025-05-02T19:52:11.282+0000] {processor.py:161} INFO - Started process (PID=1207) to work on /home/airflow/.local/lib/python3.12/site-packages/airflow/example_dags/example_params_trigger_ui.py
[2025-05-02T19:52:11.283+0000] {processor.py:830} INFO - Processing file /home/airflow/.local/lib/python3.12/site-packages/airflow/example_dags/example_params_trigger_ui.py for tasks to queue
[2025-05-02T19:52:11.284+0000] {logging_mixin.py:188} INFO - [2025-05-02T19:52:11.284+0000] {dagbag.py:545} INFO - Filling up the DagBag from /home/airflow/.local/lib/python3.12/site-packages/airflow/example_dags/example_params_trigger_ui.py
[2025-05-02T19:52:11.299+0000] {processor.py:840} INFO - DAG(s) 'example_params_trigger_ui' retrieved from /home/airflow/.local/lib/python3.12/site-packages/airflow/example_dags/example_params_trigger_ui.py
[2025-05-02T19:52:11.342+0000] {logging_mixin.py:188} INFO - [2025-05-02T19:52:11.342+0000] {dag.py:3096} INFO - Sync 1 DAGs
[2025-05-02T19:52:11.352+0000] {logging_mixin.py:188} INFO - [2025-05-02T19:52:11.352+0000] {dag.py:3954} INFO - Setting next_dagrun for example_params_trigger_ui to None, run_after=None
[2025-05-02T19:52:11.367+0000] {processor.py:183} INFO - Processing /home/airflow/.local/lib/python3.12/site-packages/airflow/example_dags/example_params_trigger_ui.py took 0.090 seconds
[2025-05-02T19:52:43.982+0000] {processor.py:161} INFO - Started process (PID=1267) to work on /home/airflow/.local/lib/python3.12/site-packages/airflow/example_dags/example_params_trigger_ui.py
[2025-05-02T19:52:43.983+0000] {processor.py:830} INFO - Processing file /home/airflow/.local/lib/python3.12/site-packages/airflow/example_dags/example_params_trigger_ui.py for tasks to queue
[2025-05-02T19:52:43.985+0000] {logging_mixin.py:188} INFO - [2025-05-02T19:52:43.985+0000] {dagbag.py:545} INFO - Filling up the DagBag from /home/airflow/.local/lib/python3.12/site-packages/airflow/example_dags/example_params_trigger_ui.py
[2025-05-02T19:52:43.998+0000] {processor.py:840} INFO - DAG(s) 'example_params_trigger_ui' retrieved from /home/airflow/.local/lib/python3.12/site-packages/airflow/example_dags/example_params_trigger_ui.py
[2025-05-02T19:52:44.056+0000] {logging_mixin.py:188} INFO - [2025-05-02T19:52:44.055+0000] {dag.py:3096} INFO - Sync 1 DAGs
[2025-05-02T19:52:44.071+0000] {logging_mixin.py:188} INFO - [2025-05-02T19:52:44.071+0000] {dag.py:3954} INFO - Setting next_dagrun for example_params_trigger_ui to None, run_after=None
[2025-05-02T19:52:44.102+0000] {processor.py:183} INFO - Processing /home/airflow/.local/lib/python3.12/site-packages/airflow/example_dags/example_params_trigger_ui.py took 0.124 seconds
[2025-05-02T19:53:16.545+0000] {processor.py:161} INFO - Started process (PID=1327) to work on /home/airflow/.local/lib/python3.12/site-packages/airflow/example_dags/example_params_trigger_ui.py
[2025-05-02T19:53:16.545+0000] {processor.py:830} INFO - Processing file /home/airflow/.local/lib/python3.12/site-packages/airflow/example_dags/example_params_trigger_ui.py for tasks to queue
[2025-05-02T19:53:16.547+0000] {logging_mixin.py:188} INFO - [2025-05-02T19:53:16.546+0000] {dagbag.py:545} INFO - Filling up the DagBag from /home/airflow/.local/lib/python3.12/site-packages/airflow/example_dags/example_params_trigger_ui.py
[2025-05-02T19:53:16.559+0000] {processor.py:840} INFO - DAG(s) 'example_params_trigger_ui' retrieved from /home/airflow/.local/lib/python3.12/site-packages/airflow/example_dags/example_params_trigger_ui.py
[2025-05-02T19:53:16.592+0000] {logging_mixin.py:188} INFO - [2025-05-02T19:53:16.592+0000] {dag.py:3096} INFO - Sync 1 DAGs
[2025-05-02T19:53:16.604+0000] {logging_mixin.py:188} INFO - [2025-05-02T19:53:16.604+0000] {dag.py:3954} INFO - Setting next_dagrun for example_params_trigger_ui to None, run_after=None
[2025-05-02T19:53:16.619+0000] {processor.py:183} INFO - Processing /home/airflow/.local/lib/python3.12/site-packages/airflow/example_dags/example_params_trigger_ui.py took 0.080 seconds
[2025-05-02T19:53:48.958+0000] {processor.py:161} INFO - Started process (PID=1387) to work on /home/airflow/.local/lib/python3.12/site-packages/airflow/example_dags/example_params_trigger_ui.py
[2025-05-02T19:53:48.959+0000] {processor.py:830} INFO - Processing file /home/airflow/.local/lib/python3.12/site-packages/airflow/example_dags/example_params_trigger_ui.py for tasks to queue
[2025-05-02T19:53:48.961+0000] {logging_mixin.py:188} INFO - [2025-05-02T19:53:48.960+0000] {dagbag.py:545} INFO - Filling up the DagBag from /home/airflow/.local/lib/python3.12/site-packages/airflow/example_dags/example_params_trigger_ui.py
[2025-05-02T19:53:48.970+0000] {processor.py:840} INFO - DAG(s) 'example_params_trigger_ui' retrieved from /home/airflow/.local/lib/python3.12/site-packages/airflow/example_dags/example_params_trigger_ui.py
[2025-05-02T19:53:49.001+0000] {logging_mixin.py:188} INFO - [2025-05-02T19:53:49.001+0000] {dag.py:3096} INFO - Sync 1 DAGs
[2025-05-02T19:53:49.010+0000] {logging_mixin.py:188} INFO - [2025-05-02T19:53:49.010+0000] {dag.py:3954} INFO - Setting next_dagrun for example_params_trigger_ui to None, run_after=None
[2025-05-02T19:53:49.023+0000] {processor.py:183} INFO - Processing /home/airflow/.local/lib/python3.12/site-packages/airflow/example_dags/example_params_trigger_ui.py took 0.071 seconds
[2025-05-02T19:54:21.448+0000] {processor.py:161} INFO - Started process (PID=1447) to work on /home/airflow/.local/lib/python3.12/site-packages/airflow/example_dags/example_params_trigger_ui.py
[2025-05-02T19:54:21.450+0000] {processor.py:830} INFO - Processing file /home/airflow/.local/lib/python3.12/site-packages/airflow/example_dags/example_params_trigger_ui.py for tasks to queue
[2025-05-02T19:54:21.451+0000] {logging_mixin.py:188} INFO - [2025-05-02T19:54:21.451+0000] {dagbag.py:545} INFO - Filling up the DagBag from /home/airflow/.local/lib/python3.12/site-packages/airflow/example_dags/example_params_trigger_ui.py
[2025-05-02T19:54:21.463+0000] {processor.py:840} INFO - DAG(s) 'example_params_trigger_ui' retrieved from /home/airflow/.local/lib/python3.12/site-packages/airflow/example_dags/example_params_trigger_ui.py
[2025-05-02T19:54:21.499+0000] {logging_mixin.py:188} INFO - [2025-05-02T19:54:21.499+0000] {dag.py:3096} INFO - Sync 1 DAGs
[2025-05-02T19:54:21.510+0000] {logging_mixin.py:188} INFO - [2025-05-02T19:54:21.510+0000] {dag.py:3954} INFO - Setting next_dagrun for example_params_trigger_ui to None, run_after=None
[2025-05-02T19:54:21.538+0000] {processor.py:183} INFO - Processing /home/airflow/.local/lib/python3.12/site-packages/airflow/example_dags/example_params_trigger_ui.py took 0.095 seconds
[2025-05-02T19:54:53.661+0000] {processor.py:161} INFO - Started process (PID=1507) to work on /home/airflow/.local/lib/python3.12/site-packages/airflow/example_dags/example_params_trigger_ui.py
[2025-05-02T19:54:53.662+0000] {processor.py:830} INFO - Processing file /home/airflow/.local/lib/python3.12/site-packages/airflow/example_dags/example_params_trigger_ui.py for tasks to queue
[2025-05-02T19:54:53.664+0000] {logging_mixin.py:188} INFO - [2025-05-02T19:54:53.663+0000] {dagbag.py:545} INFO - Filling up the DagBag from /home/airflow/.local/lib/python3.12/site-packages/airflow/example_dags/example_params_trigger_ui.py
[2025-05-02T19:54:53.675+0000] {processor.py:840} INFO - DAG(s) 'example_params_trigger_ui' retrieved from /home/airflow/.local/lib/python3.12/site-packages/airflow/example_dags/example_params_trigger_ui.py
[2025-05-02T19:54:53.709+0000] {logging_mixin.py:188} INFO - [2025-05-02T19:54:53.709+0000] {dag.py:3096} INFO - Sync 1 DAGs
[2025-05-02T19:54:53.720+0000] {logging_mixin.py:188} INFO - [2025-05-02T19:54:53.719+0000] {dag.py:3954} INFO - Setting next_dagrun for example_params_trigger_ui to None, run_after=None
[2025-05-02T19:54:53.735+0000] {processor.py:183} INFO - Processing /home/airflow/.local/lib/python3.12/site-packages/airflow/example_dags/example_params_trigger_ui.py took 0.078 seconds
[2025-05-02T19:55:25.546+0000] {processor.py:161} INFO - Started process (PID=1567) to work on /home/airflow/.local/lib/python3.12/site-packages/airflow/example_dags/example_params_trigger_ui.py
[2025-05-02T19:55:25.547+0000] {processor.py:830} INFO - Processing file /home/airflow/.local/lib/python3.12/site-packages/airflow/example_dags/example_params_trigger_ui.py for tasks to queue
[2025-05-02T19:55:25.548+0000] {logging_mixin.py:188} INFO - [2025-05-02T19:55:25.548+0000] {dagbag.py:545} INFO - Filling up the DagBag from /home/airflow/.local/lib/python3.12/site-packages/airflow/example_dags/example_params_trigger_ui.py
[2025-05-02T19:55:25.557+0000] {processor.py:840} INFO - DAG(s) 'example_params_trigger_ui' retrieved from /home/airflow/.local/lib/python3.12/site-packages/airflow/example_dags/example_params_trigger_ui.py
[2025-05-02T19:55:25.588+0000] {logging_mixin.py:188} INFO - [2025-05-02T19:55:25.588+0000] {dag.py:3096} INFO - Sync 1 DAGs
[2025-05-02T19:55:25.597+0000] {logging_mixin.py:188} INFO - [2025-05-02T19:55:25.597+0000] {dag.py:3954} INFO - Setting next_dagrun for example_params_trigger_ui to None, run_after=None
[2025-05-02T19:55:25.612+0000] {processor.py:183} INFO - Processing /home/airflow/.local/lib/python3.12/site-packages/airflow/example_dags/example_params_trigger_ui.py took 0.070 seconds
[2025-05-02T19:55:58.584+0000] {processor.py:161} INFO - Started process (PID=1627) to work on /home/airflow/.local/lib/python3.12/site-packages/airflow/example_dags/example_params_trigger_ui.py
[2025-05-02T19:55:58.585+0000] {processor.py:830} INFO - Processing file /home/airflow/.local/lib/python3.12/site-packages/airflow/example_dags/example_params_trigger_ui.py for tasks to queue
[2025-05-02T19:55:58.587+0000] {logging_mixin.py:188} INFO - [2025-05-02T19:55:58.587+0000] {dagbag.py:545} INFO - Filling up the DagBag from /home/airflow/.local/lib/python3.12/site-packages/airflow/example_dags/example_params_trigger_ui.py
[2025-05-02T19:55:58.601+0000] {processor.py:840} INFO - DAG(s) 'example_params_trigger_ui' retrieved from /home/airflow/.local/lib/python3.12/site-packages/airflow/example_dags/example_params_trigger_ui.py
[2025-05-02T19:55:58.630+0000] {logging_mixin.py:188} INFO - [2025-05-02T19:55:58.630+0000] {dag.py:3096} INFO - Sync 1 DAGs
[2025-05-02T19:55:58.641+0000] {logging_mixin.py:188} INFO - [2025-05-02T19:55:58.641+0000] {dag.py:3954} INFO - Setting next_dagrun for example_params_trigger_ui to None, run_after=None
[2025-05-02T19:55:58.654+0000] {processor.py:183} INFO - Processing /home/airflow/.local/lib/python3.12/site-packages/airflow/example_dags/example_params_trigger_ui.py took 0.075 seconds
[2025-05-02T19:56:30.386+0000] {processor.py:161} INFO - Started process (PID=1687) to work on /home/airflow/.local/lib/python3.12/site-packages/airflow/example_dags/example_params_trigger_ui.py
[2025-05-02T19:56:30.387+0000] {processor.py:830} INFO - Processing file /home/airflow/.local/lib/python3.12/site-packages/airflow/example_dags/example_params_trigger_ui.py for tasks to queue
[2025-05-02T19:56:30.388+0000] {logging_mixin.py:188} INFO - [2025-05-02T19:56:30.388+0000] {dagbag.py:545} INFO - Filling up the DagBag from /home/airflow/.local/lib/python3.12/site-packages/airflow/example_dags/example_params_trigger_ui.py
[2025-05-02T19:56:30.397+0000] {processor.py:840} INFO - DAG(s) 'example_params_trigger_ui' retrieved from /home/airflow/.local/lib/python3.12/site-packages/airflow/example_dags/example_params_trigger_ui.py
[2025-05-02T19:56:30.433+0000] {logging_mixin.py:188} INFO - [2025-05-02T19:56:30.433+0000] {dag.py:3096} INFO - Sync 1 DAGs
[2025-05-02T19:56:30.443+0000] {logging_mixin.py:188} INFO - [2025-05-02T19:56:30.443+0000] {dag.py:3954} INFO - Setting next_dagrun for example_params_trigger_ui to None, run_after=None
[2025-05-02T19:56:30.457+0000] {processor.py:183} INFO - Processing /home/airflow/.local/lib/python3.12/site-packages/airflow/example_dags/example_params_trigger_ui.py took 0.075 seconds
[2025-05-02T19:57:03.428+0000] {processor.py:161} INFO - Started process (PID=1747) to work on /home/airflow/.local/lib/python3.12/site-packages/airflow/example_dags/example_params_trigger_ui.py
[2025-05-02T19:57:03.428+0000] {processor.py:830} INFO - Processing file /home/airflow/.local/lib/python3.12/site-packages/airflow/example_dags/example_params_trigger_ui.py for tasks to queue
[2025-05-02T19:57:03.430+0000] {logging_mixin.py:188} INFO - [2025-05-02T19:57:03.430+0000] {dagbag.py:545} INFO - Filling up the DagBag from /home/airflow/.local/lib/python3.12/site-packages/airflow/example_dags/example_params_trigger_ui.py
[2025-05-02T19:57:03.440+0000] {processor.py:840} INFO - DAG(s) 'example_params_trigger_ui' retrieved from /home/airflow/.local/lib/python3.12/site-packages/airflow/example_dags/example_params_trigger_ui.py
[2025-05-02T19:57:03.473+0000] {logging_mixin.py:188} INFO - [2025-05-02T19:57:03.472+0000] {dag.py:3096} INFO - Sync 1 DAGs
[2025-05-02T19:57:03.483+0000] {logging_mixin.py:188} INFO - [2025-05-02T19:57:03.483+0000] {dag.py:3954} INFO - Setting next_dagrun for example_params_trigger_ui to None, run_after=None
[2025-05-02T19:57:03.498+0000] {processor.py:183} INFO - Processing /home/airflow/.local/lib/python3.12/site-packages/airflow/example_dags/example_params_trigger_ui.py took 0.074 seconds
[2025-05-02T19:57:35.452+0000] {processor.py:161} INFO - Started process (PID=1807) to work on /home/airflow/.local/lib/python3.12/site-packages/airflow/example_dags/example_params_trigger_ui.py
[2025-05-02T19:57:35.452+0000] {processor.py:830} INFO - Processing file /home/airflow/.local/lib/python3.12/site-packages/airflow/example_dags/example_params_trigger_ui.py for tasks to queue
[2025-05-02T19:57:35.454+0000] {logging_mixin.py:188} INFO - [2025-05-02T19:57:35.454+0000] {dagbag.py:545} INFO - Filling up the DagBag from /home/airflow/.local/lib/python3.12/site-packages/airflow/example_dags/example_params_trigger_ui.py
[2025-05-02T19:57:35.465+0000] {processor.py:840} INFO - DAG(s) 'example_params_trigger_ui' retrieved from /home/airflow/.local/lib/python3.12/site-packages/airflow/example_dags/example_params_trigger_ui.py
[2025-05-02T19:57:35.498+0000] {logging_mixin.py:188} INFO - [2025-05-02T19:57:35.498+0000] {dag.py:3096} INFO - Sync 1 DAGs
[2025-05-02T19:57:35.508+0000] {logging_mixin.py:188} INFO - [2025-05-02T19:57:35.508+0000] {dag.py:3954} INFO - Setting next_dagrun for example_params_trigger_ui to None, run_after=None
[2025-05-02T19:57:35.522+0000] {processor.py:183} INFO - Processing /home/airflow/.local/lib/python3.12/site-packages/airflow/example_dags/example_params_trigger_ui.py took 0.075 seconds
[2025-05-02T19:58:07.971+0000] {processor.py:161} INFO - Started process (PID=1867) to work on /home/airflow/.local/lib/python3.12/site-packages/airflow/example_dags/example_params_trigger_ui.py
[2025-05-02T19:58:07.972+0000] {processor.py:830} INFO - Processing file /home/airflow/.local/lib/python3.12/site-packages/airflow/example_dags/example_params_trigger_ui.py for tasks to queue
[2025-05-02T19:58:07.973+0000] {logging_mixin.py:188} INFO - [2025-05-02T19:58:07.973+0000] {dagbag.py:545} INFO - Filling up the DagBag from /home/airflow/.local/lib/python3.12/site-packages/airflow/example_dags/example_params_trigger_ui.py
[2025-05-02T19:58:07.984+0000] {processor.py:840} INFO - DAG(s) 'example_params_trigger_ui' retrieved from /home/airflow/.local/lib/python3.12/site-packages/airflow/example_dags/example_params_trigger_ui.py
[2025-05-02T19:58:08.018+0000] {logging_mixin.py:188} INFO - [2025-05-02T19:58:08.018+0000] {dag.py:3096} INFO - Sync 1 DAGs
[2025-05-02T19:58:08.034+0000] {logging_mixin.py:188} INFO - [2025-05-02T19:58:08.033+0000] {dag.py:3954} INFO - Setting next_dagrun for example_params_trigger_ui to None, run_after=None
[2025-05-02T19:58:08.049+0000] {processor.py:183} INFO - Processing /home/airflow/.local/lib/python3.12/site-packages/airflow/example_dags/example_params_trigger_ui.py took 0.082 seconds
[2025-05-02T19:58:40.566+0000] {processor.py:161} INFO - Started process (PID=1927) to work on /home/airflow/.local/lib/python3.12/site-packages/airflow/example_dags/example_params_trigger_ui.py
[2025-05-02T19:58:40.567+0000] {processor.py:830} INFO - Processing file /home/airflow/.local/lib/python3.12/site-packages/airflow/example_dags/example_params_trigger_ui.py for tasks to queue
[2025-05-02T19:58:40.569+0000] {logging_mixin.py:188} INFO - [2025-05-02T19:58:40.569+0000] {dagbag.py:545} INFO - Filling up the DagBag from /home/airflow/.local/lib/python3.12/site-packages/airflow/example_dags/example_params_trigger_ui.py
[2025-05-02T19:58:40.581+0000] {processor.py:840} INFO - DAG(s) 'example_params_trigger_ui' retrieved from /home/airflow/.local/lib/python3.12/site-packages/airflow/example_dags/example_params_trigger_ui.py
[2025-05-02T19:58:40.617+0000] {logging_mixin.py:188} INFO - [2025-05-02T19:58:40.617+0000] {dag.py:3096} INFO - Sync 1 DAGs
[2025-05-02T19:58:40.627+0000] {logging_mixin.py:188} INFO - [2025-05-02T19:58:40.627+0000] {dag.py:3954} INFO - Setting next_dagrun for example_params_trigger_ui to None, run_after=None
[2025-05-02T19:58:40.643+0000] {processor.py:183} INFO - Processing /home/airflow/.local/lib/python3.12/site-packages/airflow/example_dags/example_params_trigger_ui.py took 0.082 seconds
[2025-05-02T19:59:12.718+0000] {processor.py:161} INFO - Started process (PID=1987) to work on /home/airflow/.local/lib/python3.12/site-packages/airflow/example_dags/example_params_trigger_ui.py
[2025-05-02T19:59:12.719+0000] {processor.py:830} INFO - Processing file /home/airflow/.local/lib/python3.12/site-packages/airflow/example_dags/example_params_trigger_ui.py for tasks to queue
[2025-05-02T19:59:12.720+0000] {logging_mixin.py:188} INFO - [2025-05-02T19:59:12.720+0000] {dagbag.py:545} INFO - Filling up the DagBag from /home/airflow/.local/lib/python3.12/site-packages/airflow/example_dags/example_params_trigger_ui.py
[2025-05-02T19:59:12.731+0000] {processor.py:840} INFO - DAG(s) 'example_params_trigger_ui' retrieved from /home/airflow/.local/lib/python3.12/site-packages/airflow/example_dags/example_params_trigger_ui.py
[2025-05-02T19:59:12.767+0000] {logging_mixin.py:188} INFO - [2025-05-02T19:59:12.767+0000] {dag.py:3096} INFO - Sync 1 DAGs
[2025-05-02T19:59:12.780+0000] {logging_mixin.py:188} INFO - [2025-05-02T19:59:12.780+0000] {dag.py:3954} INFO - Setting next_dagrun for example_params_trigger_ui to None, run_after=None
[2025-05-02T19:59:12.796+0000] {processor.py:183} INFO - Processing /home/airflow/.local/lib/python3.12/site-packages/airflow/example_dags/example_params_trigger_ui.py took 0.083 seconds
[2025-05-02T19:59:45.724+0000] {processor.py:161} INFO - Started process (PID=2047) to work on /home/airflow/.local/lib/python3.12/site-packages/airflow/example_dags/example_params_trigger_ui.py
[2025-05-02T19:59:45.724+0000] {processor.py:830} INFO - Processing file /home/airflow/.local/lib/python3.12/site-packages/airflow/example_dags/example_params_trigger_ui.py for tasks to queue
[2025-05-02T19:59:45.726+0000] {logging_mixin.py:188} INFO - [2025-05-02T19:59:45.725+0000] {dagbag.py:545} INFO - Filling up the DagBag from /home/airflow/.local/lib/python3.12/site-packages/airflow/example_dags/example_params_trigger_ui.py
[2025-05-02T19:59:45.736+0000] {processor.py:840} INFO - DAG(s) 'example_params_trigger_ui' retrieved from /home/airflow/.local/lib/python3.12/site-packages/airflow/example_dags/example_params_trigger_ui.py
[2025-05-02T19:59:45.765+0000] {logging_mixin.py:188} INFO - [2025-05-02T19:59:45.765+0000] {dag.py:3096} INFO - Sync 1 DAGs
[2025-05-02T19:59:45.775+0000] {logging_mixin.py:188} INFO - [2025-05-02T19:59:45.775+0000] {dag.py:3954} INFO - Setting next_dagrun for example_params_trigger_ui to None, run_after=None
[2025-05-02T19:59:45.789+0000] {processor.py:183} INFO - Processing /home/airflow/.local/lib/python3.12/site-packages/airflow/example_dags/example_params_trigger_ui.py took 0.070 seconds
[2025-05-02T20:00:18.197+0000] {processor.py:161} INFO - Started process (PID=2107) to work on /home/airflow/.local/lib/python3.12/site-packages/airflow/example_dags/example_params_trigger_ui.py
[2025-05-02T20:00:18.198+0000] {processor.py:830} INFO - Processing file /home/airflow/.local/lib/python3.12/site-packages/airflow/example_dags/example_params_trigger_ui.py for tasks to queue
[2025-05-02T20:00:18.199+0000] {logging_mixin.py:188} INFO - [2025-05-02T20:00:18.199+0000] {dagbag.py:545} INFO - Filling up the DagBag from /home/airflow/.local/lib/python3.12/site-packages/airflow/example_dags/example_params_trigger_ui.py
[2025-05-02T20:00:18.208+0000] {processor.py:840} INFO - DAG(s) 'example_params_trigger_ui' retrieved from /home/airflow/.local/lib/python3.12/site-packages/airflow/example_dags/example_params_trigger_ui.py
[2025-05-02T20:00:18.243+0000] {logging_mixin.py:188} INFO - [2025-05-02T20:00:18.243+0000] {dag.py:3096} INFO - Sync 1 DAGs
[2025-05-02T20:00:18.356+0000] {logging_mixin.py:188} INFO - [2025-05-02T20:00:18.355+0000] {dag.py:3954} INFO - Setting next_dagrun for example_params_trigger_ui to None, run_after=None
[2025-05-02T20:00:18.370+0000] {processor.py:183} INFO - Processing /home/airflow/.local/lib/python3.12/site-packages/airflow/example_dags/example_params_trigger_ui.py took 0.178 seconds
[2025-05-02T20:00:50.670+0000] {processor.py:161} INFO - Started process (PID=2167) to work on /home/airflow/.local/lib/python3.12/site-packages/airflow/example_dags/example_params_trigger_ui.py
[2025-05-02T20:00:50.671+0000] {processor.py:830} INFO - Processing file /home/airflow/.local/lib/python3.12/site-packages/airflow/example_dags/example_params_trigger_ui.py for tasks to queue
[2025-05-02T20:00:50.672+0000] {logging_mixin.py:188} INFO - [2025-05-02T20:00:50.672+0000] {dagbag.py:545} INFO - Filling up the DagBag from /home/airflow/.local/lib/python3.12/site-packages/airflow/example_dags/example_params_trigger_ui.py
[2025-05-02T20:00:50.681+0000] {processor.py:840} INFO - DAG(s) 'example_params_trigger_ui' retrieved from /home/airflow/.local/lib/python3.12/site-packages/airflow/example_dags/example_params_trigger_ui.py
[2025-05-02T20:00:50.718+0000] {logging_mixin.py:188} INFO - [2025-05-02T20:00:50.718+0000] {dag.py:3096} INFO - Sync 1 DAGs
[2025-05-02T20:00:50.729+0000] {logging_mixin.py:188} INFO - [2025-05-02T20:00:50.729+0000] {dag.py:3954} INFO - Setting next_dagrun for example_params_trigger_ui to None, run_after=None
[2025-05-02T20:00:50.747+0000] {processor.py:183} INFO - Processing /home/airflow/.local/lib/python3.12/site-packages/airflow/example_dags/example_params_trigger_ui.py took 0.080 seconds
[2025-05-02T20:01:23.731+0000] {processor.py:161} INFO - Started process (PID=2227) to work on /home/airflow/.local/lib/python3.12/site-packages/airflow/example_dags/example_params_trigger_ui.py
[2025-05-02T20:01:23.732+0000] {processor.py:830} INFO - Processing file /home/airflow/.local/lib/python3.12/site-packages/airflow/example_dags/example_params_trigger_ui.py for tasks to queue
[2025-05-02T20:01:23.734+0000] {logging_mixin.py:188} INFO - [2025-05-02T20:01:23.733+0000] {dagbag.py:545} INFO - Filling up the DagBag from /home/airflow/.local/lib/python3.12/site-packages/airflow/example_dags/example_params_trigger_ui.py
[2025-05-02T20:01:23.743+0000] {processor.py:840} INFO - DAG(s) 'example_params_trigger_ui' retrieved from /home/airflow/.local/lib/python3.12/site-packages/airflow/example_dags/example_params_trigger_ui.py
[2025-05-02T20:01:23.774+0000] {logging_mixin.py:188} INFO - [2025-05-02T20:01:23.774+0000] {dag.py:3096} INFO - Sync 1 DAGs
[2025-05-02T20:01:23.783+0000] {logging_mixin.py:188} INFO - [2025-05-02T20:01:23.783+0000] {dag.py:3954} INFO - Setting next_dagrun for example_params_trigger_ui to None, run_after=None
[2025-05-02T20:01:23.804+0000] {processor.py:183} INFO - Processing /home/airflow/.local/lib/python3.12/site-packages/airflow/example_dags/example_params_trigger_ui.py took 0.077 seconds
[2025-05-02T20:01:55.517+0000] {processor.py:161} INFO - Started process (PID=2287) to work on /home/airflow/.local/lib/python3.12/site-packages/airflow/example_dags/example_params_trigger_ui.py
[2025-05-02T20:01:55.518+0000] {processor.py:830} INFO - Processing file /home/airflow/.local/lib/python3.12/site-packages/airflow/example_dags/example_params_trigger_ui.py for tasks to queue
[2025-05-02T20:01:55.519+0000] {logging_mixin.py:188} INFO - [2025-05-02T20:01:55.519+0000] {dagbag.py:545} INFO - Filling up the DagBag from /home/airflow/.local/lib/python3.12/site-packages/airflow/example_dags/example_params_trigger_ui.py
[2025-05-02T20:01:55.530+0000] {processor.py:840} INFO - DAG(s) 'example_params_trigger_ui' retrieved from /home/airflow/.local/lib/python3.12/site-packages/airflow/example_dags/example_params_trigger_ui.py
[2025-05-02T20:01:55.671+0000] {logging_mixin.py:188} INFO - [2025-05-02T20:01:55.671+0000] {dag.py:3096} INFO - Sync 1 DAGs
[2025-05-02T20:01:55.679+0000] {logging_mixin.py:188} INFO - [2025-05-02T20:01:55.679+0000] {dag.py:3954} INFO - Setting next_dagrun for example_params_trigger_ui to None, run_after=None
[2025-05-02T20:01:55.690+0000] {processor.py:183} INFO - Processing /home/airflow/.local/lib/python3.12/site-packages/airflow/example_dags/example_params_trigger_ui.py took 0.179 seconds
[2025-05-02T20:02:27.351+0000] {processor.py:161} INFO - Started process (PID=2347) to work on /home/airflow/.local/lib/python3.12/site-packages/airflow/example_dags/example_params_trigger_ui.py
[2025-05-02T20:02:27.352+0000] {processor.py:830} INFO - Processing file /home/airflow/.local/lib/python3.12/site-packages/airflow/example_dags/example_params_trigger_ui.py for tasks to queue
[2025-05-02T20:02:27.353+0000] {logging_mixin.py:188} INFO - [2025-05-02T20:02:27.353+0000] {dagbag.py:545} INFO - Filling up the DagBag from /home/airflow/.local/lib/python3.12/site-packages/airflow/example_dags/example_params_trigger_ui.py
[2025-05-02T20:02:27.363+0000] {processor.py:840} INFO - DAG(s) 'example_params_trigger_ui' retrieved from /home/airflow/.local/lib/python3.12/site-packages/airflow/example_dags/example_params_trigger_ui.py
[2025-05-02T20:02:27.394+0000] {logging_mixin.py:188} INFO - [2025-05-02T20:02:27.394+0000] {dag.py:3096} INFO - Sync 1 DAGs
[2025-05-02T20:02:27.404+0000] {logging_mixin.py:188} INFO - [2025-05-02T20:02:27.404+0000] {dag.py:3954} INFO - Setting next_dagrun for example_params_trigger_ui to None, run_after=None
[2025-05-02T20:02:27.509+0000] {processor.py:183} INFO - Processing /home/airflow/.local/lib/python3.12/site-packages/airflow/example_dags/example_params_trigger_ui.py took 0.162 seconds
[2025-05-02T20:03:00.548+0000] {processor.py:161} INFO - Started process (PID=2408) to work on /home/airflow/.local/lib/python3.12/site-packages/airflow/example_dags/example_params_trigger_ui.py
[2025-05-02T20:03:00.548+0000] {processor.py:830} INFO - Processing file /home/airflow/.local/lib/python3.12/site-packages/airflow/example_dags/example_params_trigger_ui.py for tasks to queue
[2025-05-02T20:03:00.550+0000] {logging_mixin.py:188} INFO - [2025-05-02T20:03:00.550+0000] {dagbag.py:545} INFO - Filling up the DagBag from /home/airflow/.local/lib/python3.12/site-packages/airflow/example_dags/example_params_trigger_ui.py
[2025-05-02T20:03:00.560+0000] {processor.py:840} INFO - DAG(s) 'example_params_trigger_ui' retrieved from /home/airflow/.local/lib/python3.12/site-packages/airflow/example_dags/example_params_trigger_ui.py
[2025-05-02T20:03:00.592+0000] {logging_mixin.py:188} INFO - [2025-05-02T20:03:00.592+0000] {dag.py:3096} INFO - Sync 1 DAGs
[2025-05-02T20:03:00.602+0000] {logging_mixin.py:188} INFO - [2025-05-02T20:03:00.602+0000] {dag.py:3954} INFO - Setting next_dagrun for example_params_trigger_ui to None, run_after=None
[2025-05-02T20:03:00.617+0000] {processor.py:183} INFO - Processing /home/airflow/.local/lib/python3.12/site-packages/airflow/example_dags/example_params_trigger_ui.py took 0.073 seconds
[2025-05-02T20:03:34.875+0000] {processor.py:161} INFO - Started process (PID=2468) to work on /home/airflow/.local/lib/python3.12/site-packages/airflow/example_dags/example_params_trigger_ui.py
[2025-05-02T20:03:34.875+0000] {processor.py:830} INFO - Processing file /home/airflow/.local/lib/python3.12/site-packages/airflow/example_dags/example_params_trigger_ui.py for tasks to queue
[2025-05-02T20:03:34.877+0000] {logging_mixin.py:188} INFO - [2025-05-02T20:03:34.877+0000] {dagbag.py:545} INFO - Filling up the DagBag from /home/airflow/.local/lib/python3.12/site-packages/airflow/example_dags/example_params_trigger_ui.py
[2025-05-02T20:03:35.006+0000] {processor.py:840} INFO - DAG(s) 'example_params_trigger_ui' retrieved from /home/airflow/.local/lib/python3.12/site-packages/airflow/example_dags/example_params_trigger_ui.py
[2025-05-02T20:03:35.038+0000] {logging_mixin.py:188} INFO - [2025-05-02T20:03:35.038+0000] {dag.py:3096} INFO - Sync 1 DAGs
[2025-05-02T20:03:35.046+0000] {logging_mixin.py:188} INFO - [2025-05-02T20:03:35.046+0000] {dag.py:3954} INFO - Setting next_dagrun for example_params_trigger_ui to None, run_after=None
[2025-05-02T20:03:35.061+0000] {processor.py:183} INFO - Processing /home/airflow/.local/lib/python3.12/site-packages/airflow/example_dags/example_params_trigger_ui.py took 0.192 seconds
[2025-05-02T20:04:05.897+0000] {processor.py:161} INFO - Started process (PID=2528) to work on /home/airflow/.local/lib/python3.12/site-packages/airflow/example_dags/example_params_trigger_ui.py
[2025-05-02T20:04:05.898+0000] {processor.py:830} INFO - Processing file /home/airflow/.local/lib/python3.12/site-packages/airflow/example_dags/example_params_trigger_ui.py for tasks to queue
[2025-05-02T20:04:05.900+0000] {logging_mixin.py:188} INFO - [2025-05-02T20:04:05.899+0000] {dagbag.py:545} INFO - Filling up the DagBag from /home/airflow/.local/lib/python3.12/site-packages/airflow/example_dags/example_params_trigger_ui.py
[2025-05-02T20:04:05.909+0000] {processor.py:840} INFO - DAG(s) 'example_params_trigger_ui' retrieved from /home/airflow/.local/lib/python3.12/site-packages/airflow/example_dags/example_params_trigger_ui.py
[2025-05-02T20:04:05.955+0000] {logging_mixin.py:188} INFO - [2025-05-02T20:04:05.955+0000] {dag.py:3096} INFO - Sync 1 DAGs
[2025-05-02T20:04:05.968+0000] {logging_mixin.py:188} INFO - [2025-05-02T20:04:05.967+0000] {dag.py:3954} INFO - Setting next_dagrun for example_params_trigger_ui to None, run_after=None
[2025-05-02T20:04:05.990+0000] {processor.py:183} INFO - Processing /home/airflow/.local/lib/python3.12/site-packages/airflow/example_dags/example_params_trigger_ui.py took 0.097 seconds
[2025-05-02T20:04:38.272+0000] {processor.py:161} INFO - Started process (PID=2588) to work on /home/airflow/.local/lib/python3.12/site-packages/airflow/example_dags/example_params_trigger_ui.py
[2025-05-02T20:04:38.273+0000] {processor.py:830} INFO - Processing file /home/airflow/.local/lib/python3.12/site-packages/airflow/example_dags/example_params_trigger_ui.py for tasks to queue
[2025-05-02T20:04:38.274+0000] {logging_mixin.py:188} INFO - [2025-05-02T20:04:38.274+0000] {dagbag.py:545} INFO - Filling up the DagBag from /home/airflow/.local/lib/python3.12/site-packages/airflow/example_dags/example_params_trigger_ui.py
[2025-05-02T20:04:38.288+0000] {processor.py:840} INFO - DAG(s) 'example_params_trigger_ui' retrieved from /home/airflow/.local/lib/python3.12/site-packages/airflow/example_dags/example_params_trigger_ui.py
[2025-05-02T20:04:38.328+0000] {logging_mixin.py:188} INFO - [2025-05-02T20:04:38.328+0000] {dag.py:3096} INFO - Sync 1 DAGs
[2025-05-02T20:04:38.338+0000] {logging_mixin.py:188} INFO - [2025-05-02T20:04:38.338+0000] {dag.py:3954} INFO - Setting next_dagrun for example_params_trigger_ui to None, run_after=None
[2025-05-02T20:04:38.352+0000] {processor.py:183} INFO - Processing /home/airflow/.local/lib/python3.12/site-packages/airflow/example_dags/example_params_trigger_ui.py took 0.085 seconds
[2025-05-02T20:05:10.516+0000] {processor.py:161} INFO - Started process (PID=2648) to work on /home/airflow/.local/lib/python3.12/site-packages/airflow/example_dags/example_params_trigger_ui.py
[2025-05-02T20:05:10.517+0000] {processor.py:830} INFO - Processing file /home/airflow/.local/lib/python3.12/site-packages/airflow/example_dags/example_params_trigger_ui.py for tasks to queue
[2025-05-02T20:05:10.519+0000] {logging_mixin.py:188} INFO - [2025-05-02T20:05:10.519+0000] {dagbag.py:545} INFO - Filling up the DagBag from /home/airflow/.local/lib/python3.12/site-packages/airflow/example_dags/example_params_trigger_ui.py
[2025-05-02T20:05:10.529+0000] {processor.py:840} INFO - DAG(s) 'example_params_trigger_ui' retrieved from /home/airflow/.local/lib/python3.12/site-packages/airflow/example_dags/example_params_trigger_ui.py
[2025-05-02T20:05:10.560+0000] {logging_mixin.py:188} INFO - [2025-05-02T20:05:10.559+0000] {dag.py:3096} INFO - Sync 1 DAGs
[2025-05-02T20:05:10.569+0000] {logging_mixin.py:188} INFO - [2025-05-02T20:05:10.569+0000] {dag.py:3954} INFO - Setting next_dagrun for example_params_trigger_ui to None, run_after=None
[2025-05-02T20:05:10.584+0000] {processor.py:183} INFO - Processing /home/airflow/.local/lib/python3.12/site-packages/airflow/example_dags/example_params_trigger_ui.py took 0.073 seconds
[2025-05-02T20:05:42.833+0000] {processor.py:161} INFO - Started process (PID=2708) to work on /home/airflow/.local/lib/python3.12/site-packages/airflow/example_dags/example_params_trigger_ui.py
[2025-05-02T20:05:42.834+0000] {processor.py:830} INFO - Processing file /home/airflow/.local/lib/python3.12/site-packages/airflow/example_dags/example_params_trigger_ui.py for tasks to queue
[2025-05-02T20:05:42.836+0000] {logging_mixin.py:188} INFO - [2025-05-02T20:05:42.836+0000] {dagbag.py:545} INFO - Filling up the DagBag from /home/airflow/.local/lib/python3.12/site-packages/airflow/example_dags/example_params_trigger_ui.py
[2025-05-02T20:05:42.846+0000] {processor.py:840} INFO - DAG(s) 'example_params_trigger_ui' retrieved from /home/airflow/.local/lib/python3.12/site-packages/airflow/example_dags/example_params_trigger_ui.py
[2025-05-02T20:05:42.879+0000] {logging_mixin.py:188} INFO - [2025-05-02T20:05:42.879+0000] {dag.py:3096} INFO - Sync 1 DAGs
[2025-05-02T20:05:42.890+0000] {logging_mixin.py:188} INFO - [2025-05-02T20:05:42.890+0000] {dag.py:3954} INFO - Setting next_dagrun for example_params_trigger_ui to None, run_after=None
[2025-05-02T20:05:42.910+0000] {processor.py:183} INFO - Processing /home/airflow/.local/lib/python3.12/site-packages/airflow/example_dags/example_params_trigger_ui.py took 0.081 seconds
[2025-05-02T20:06:15.870+0000] {processor.py:161} INFO - Started process (PID=2768) to work on /home/airflow/.local/lib/python3.12/site-packages/airflow/example_dags/example_params_trigger_ui.py
[2025-05-02T20:06:15.871+0000] {processor.py:830} INFO - Processing file /home/airflow/.local/lib/python3.12/site-packages/airflow/example_dags/example_params_trigger_ui.py for tasks to queue
[2025-05-02T20:06:15.873+0000] {logging_mixin.py:188} INFO - [2025-05-02T20:06:15.872+0000] {dagbag.py:545} INFO - Filling up the DagBag from /home/airflow/.local/lib/python3.12/site-packages/airflow/example_dags/example_params_trigger_ui.py
[2025-05-02T20:06:15.883+0000] {processor.py:840} INFO - DAG(s) 'example_params_trigger_ui' retrieved from /home/airflow/.local/lib/python3.12/site-packages/airflow/example_dags/example_params_trigger_ui.py
[2025-05-02T20:06:15.917+0000] {logging_mixin.py:188} INFO - [2025-05-02T20:06:15.916+0000] {dag.py:3096} INFO - Sync 1 DAGs
[2025-05-02T20:06:15.927+0000] {logging_mixin.py:188} INFO - [2025-05-02T20:06:15.926+0000] {dag.py:3954} INFO - Setting next_dagrun for example_params_trigger_ui to None, run_after=None
[2025-05-02T20:06:15.942+0000] {processor.py:183} INFO - Processing /home/airflow/.local/lib/python3.12/site-packages/airflow/example_dags/example_params_trigger_ui.py took 0.076 seconds
[2025-05-02T20:06:47.881+0000] {processor.py:161} INFO - Started process (PID=2828) to work on /home/airflow/.local/lib/python3.12/site-packages/airflow/example_dags/example_params_trigger_ui.py
[2025-05-02T20:06:47.882+0000] {processor.py:830} INFO - Processing file /home/airflow/.local/lib/python3.12/site-packages/airflow/example_dags/example_params_trigger_ui.py for tasks to queue
[2025-05-02T20:06:47.884+0000] {logging_mixin.py:188} INFO - [2025-05-02T20:06:47.884+0000] {dagbag.py:545} INFO - Filling up the DagBag from /home/airflow/.local/lib/python3.12/site-packages/airflow/example_dags/example_params_trigger_ui.py
[2025-05-02T20:06:47.894+0000] {processor.py:840} INFO - DAG(s) 'example_params_trigger_ui' retrieved from /home/airflow/.local/lib/python3.12/site-packages/airflow/example_dags/example_params_trigger_ui.py
[2025-05-02T20:06:47.924+0000] {logging_mixin.py:188} INFO - [2025-05-02T20:06:47.924+0000] {dag.py:3096} INFO - Sync 1 DAGs
[2025-05-02T20:06:47.935+0000] {logging_mixin.py:188} INFO - [2025-05-02T20:06:47.934+0000] {dag.py:3954} INFO - Setting next_dagrun for example_params_trigger_ui to None, run_after=None
[2025-05-02T20:06:47.952+0000] {processor.py:183} INFO - Processing /home/airflow/.local/lib/python3.12/site-packages/airflow/example_dags/example_params_trigger_ui.py took 0.076 seconds
[2025-05-02T20:07:21.277+0000] {processor.py:161} INFO - Started process (PID=2888) to work on /home/airflow/.local/lib/python3.12/site-packages/airflow/example_dags/example_params_trigger_ui.py
[2025-05-02T20:07:21.277+0000] {processor.py:830} INFO - Processing file /home/airflow/.local/lib/python3.12/site-packages/airflow/example_dags/example_params_trigger_ui.py for tasks to queue
[2025-05-02T20:07:21.279+0000] {logging_mixin.py:188} INFO - [2025-05-02T20:07:21.279+0000] {dagbag.py:545} INFO - Filling up the DagBag from /home/airflow/.local/lib/python3.12/site-packages/airflow/example_dags/example_params_trigger_ui.py
[2025-05-02T20:07:21.289+0000] {processor.py:840} INFO - DAG(s) 'example_params_trigger_ui' retrieved from /home/airflow/.local/lib/python3.12/site-packages/airflow/example_dags/example_params_trigger_ui.py
[2025-05-02T20:07:21.320+0000] {logging_mixin.py:188} INFO - [2025-05-02T20:07:21.320+0000] {dag.py:3096} INFO - Sync 1 DAGs
[2025-05-02T20:07:21.330+0000] {logging_mixin.py:188} INFO - [2025-05-02T20:07:21.330+0000] {dag.py:3954} INFO - Setting next_dagrun for example_params_trigger_ui to None, run_after=None
[2025-05-02T20:07:21.346+0000] {processor.py:183} INFO - Processing /home/airflow/.local/lib/python3.12/site-packages/airflow/example_dags/example_params_trigger_ui.py took 0.074 seconds
[2025-05-02T20:07:53.599+0000] {processor.py:161} INFO - Started process (PID=2949) to work on /home/airflow/.local/lib/python3.12/site-packages/airflow/example_dags/example_params_trigger_ui.py
[2025-05-02T20:07:53.600+0000] {processor.py:830} INFO - Processing file /home/airflow/.local/lib/python3.12/site-packages/airflow/example_dags/example_params_trigger_ui.py for tasks to queue
[2025-05-02T20:07:53.601+0000] {logging_mixin.py:188} INFO - [2025-05-02T20:07:53.601+0000] {dagbag.py:545} INFO - Filling up the DagBag from /home/airflow/.local/lib/python3.12/site-packages/airflow/example_dags/example_params_trigger_ui.py
[2025-05-02T20:07:53.613+0000] {processor.py:840} INFO - DAG(s) 'example_params_trigger_ui' retrieved from /home/airflow/.local/lib/python3.12/site-packages/airflow/example_dags/example_params_trigger_ui.py
[2025-05-02T20:07:53.649+0000] {logging_mixin.py:188} INFO - [2025-05-02T20:07:53.648+0000] {dag.py:3096} INFO - Sync 1 DAGs
[2025-05-02T20:07:53.660+0000] {logging_mixin.py:188} INFO - [2025-05-02T20:07:53.660+0000] {dag.py:3954} INFO - Setting next_dagrun for example_params_trigger_ui to None, run_after=None
[2025-05-02T20:07:53.675+0000] {processor.py:183} INFO - Processing /home/airflow/.local/lib/python3.12/site-packages/airflow/example_dags/example_params_trigger_ui.py took 0.081 seconds
[2025-05-02T20:08:25.754+0000] {processor.py:161} INFO - Started process (PID=3009) to work on /home/airflow/.local/lib/python3.12/site-packages/airflow/example_dags/example_params_trigger_ui.py
[2025-05-02T20:08:25.755+0000] {processor.py:830} INFO - Processing file /home/airflow/.local/lib/python3.12/site-packages/airflow/example_dags/example_params_trigger_ui.py for tasks to queue
[2025-05-02T20:08:25.756+0000] {logging_mixin.py:188} INFO - [2025-05-02T20:08:25.756+0000] {dagbag.py:545} INFO - Filling up the DagBag from /home/airflow/.local/lib/python3.12/site-packages/airflow/example_dags/example_params_trigger_ui.py
[2025-05-02T20:08:25.766+0000] {processor.py:840} INFO - DAG(s) 'example_params_trigger_ui' retrieved from /home/airflow/.local/lib/python3.12/site-packages/airflow/example_dags/example_params_trigger_ui.py
[2025-05-02T20:08:25.803+0000] {logging_mixin.py:188} INFO - [2025-05-02T20:08:25.803+0000] {dag.py:3096} INFO - Sync 1 DAGs
[2025-05-02T20:08:25.812+0000] {logging_mixin.py:188} INFO - [2025-05-02T20:08:25.811+0000] {dag.py:3954} INFO - Setting next_dagrun for example_params_trigger_ui to None, run_after=None
[2025-05-02T20:08:25.824+0000] {processor.py:183} INFO - Processing /home/airflow/.local/lib/python3.12/site-packages/airflow/example_dags/example_params_trigger_ui.py took 0.074 seconds
[2025-05-02T20:08:59.213+0000] {processor.py:161} INFO - Started process (PID=3069) to work on /home/airflow/.local/lib/python3.12/site-packages/airflow/example_dags/example_params_trigger_ui.py
[2025-05-02T20:08:59.213+0000] {processor.py:830} INFO - Processing file /home/airflow/.local/lib/python3.12/site-packages/airflow/example_dags/example_params_trigger_ui.py for tasks to queue
[2025-05-02T20:08:59.215+0000] {logging_mixin.py:188} INFO - [2025-05-02T20:08:59.214+0000] {dagbag.py:545} INFO - Filling up the DagBag from /home/airflow/.local/lib/python3.12/site-packages/airflow/example_dags/example_params_trigger_ui.py
[2025-05-02T20:08:59.226+0000] {processor.py:840} INFO - DAG(s) 'example_params_trigger_ui' retrieved from /home/airflow/.local/lib/python3.12/site-packages/airflow/example_dags/example_params_trigger_ui.py
[2025-05-02T20:08:59.259+0000] {logging_mixin.py:188} INFO - [2025-05-02T20:08:59.258+0000] {dag.py:3096} INFO - Sync 1 DAGs
[2025-05-02T20:08:59.270+0000] {logging_mixin.py:188} INFO - [2025-05-02T20:08:59.269+0000] {dag.py:3954} INFO - Setting next_dagrun for example_params_trigger_ui to None, run_after=None
[2025-05-02T20:08:59.289+0000] {processor.py:183} INFO - Processing /home/airflow/.local/lib/python3.12/site-packages/airflow/example_dags/example_params_trigger_ui.py took 0.081 seconds
[2025-05-02T20:09:31.962+0000] {processor.py:161} INFO - Started process (PID=3129) to work on /home/airflow/.local/lib/python3.12/site-packages/airflow/example_dags/example_params_trigger_ui.py
[2025-05-02T20:09:31.963+0000] {processor.py:830} INFO - Processing file /home/airflow/.local/lib/python3.12/site-packages/airflow/example_dags/example_params_trigger_ui.py for tasks to queue
[2025-05-02T20:09:31.964+0000] {logging_mixin.py:188} INFO - [2025-05-02T20:09:31.964+0000] {dagbag.py:545} INFO - Filling up the DagBag from /home/airflow/.local/lib/python3.12/site-packages/airflow/example_dags/example_params_trigger_ui.py
[2025-05-02T20:09:31.976+0000] {processor.py:840} INFO - DAG(s) 'example_params_trigger_ui' retrieved from /home/airflow/.local/lib/python3.12/site-packages/airflow/example_dags/example_params_trigger_ui.py
[2025-05-02T20:09:32.012+0000] {logging_mixin.py:188} INFO - [2025-05-02T20:09:32.012+0000] {dag.py:3096} INFO - Sync 1 DAGs
[2025-05-02T20:09:32.022+0000] {logging_mixin.py:188} INFO - [2025-05-02T20:09:32.022+0000] {dag.py:3954} INFO - Setting next_dagrun for example_params_trigger_ui to None, run_after=None
[2025-05-02T20:09:32.045+0000] {processor.py:183} INFO - Processing /home/airflow/.local/lib/python3.12/site-packages/airflow/example_dags/example_params_trigger_ui.py took 0.088 seconds
[2025-05-02T20:10:04.007+0000] {processor.py:161} INFO - Started process (PID=3189) to work on /home/airflow/.local/lib/python3.12/site-packages/airflow/example_dags/example_params_trigger_ui.py
[2025-05-02T20:10:04.008+0000] {processor.py:830} INFO - Processing file /home/airflow/.local/lib/python3.12/site-packages/airflow/example_dags/example_params_trigger_ui.py for tasks to queue
[2025-05-02T20:10:04.009+0000] {logging_mixin.py:188} INFO - [2025-05-02T20:10:04.009+0000] {dagbag.py:545} INFO - Filling up the DagBag from /home/airflow/.local/lib/python3.12/site-packages/airflow/example_dags/example_params_trigger_ui.py
[2025-05-02T20:10:04.019+0000] {processor.py:840} INFO - DAG(s) 'example_params_trigger_ui' retrieved from /home/airflow/.local/lib/python3.12/site-packages/airflow/example_dags/example_params_trigger_ui.py
[2025-05-02T20:10:04.050+0000] {logging_mixin.py:188} INFO - [2025-05-02T20:10:04.050+0000] {dag.py:3096} INFO - Sync 1 DAGs
[2025-05-02T20:10:04.059+0000] {logging_mixin.py:188} INFO - [2025-05-02T20:10:04.058+0000] {dag.py:3954} INFO - Setting next_dagrun for example_params_trigger_ui to None, run_after=None
[2025-05-02T20:10:04.074+0000] {processor.py:183} INFO - Processing /home/airflow/.local/lib/python3.12/site-packages/airflow/example_dags/example_params_trigger_ui.py took 0.071 seconds
[2025-05-02T20:10:35.949+0000] {processor.py:161} INFO - Started process (PID=3249) to work on /home/airflow/.local/lib/python3.12/site-packages/airflow/example_dags/example_params_trigger_ui.py
[2025-05-02T20:10:35.950+0000] {processor.py:830} INFO - Processing file /home/airflow/.local/lib/python3.12/site-packages/airflow/example_dags/example_params_trigger_ui.py for tasks to queue
[2025-05-02T20:10:35.951+0000] {logging_mixin.py:188} INFO - [2025-05-02T20:10:35.951+0000] {dagbag.py:545} INFO - Filling up the DagBag from /home/airflow/.local/lib/python3.12/site-packages/airflow/example_dags/example_params_trigger_ui.py
[2025-05-02T20:10:35.962+0000] {processor.py:840} INFO - DAG(s) 'example_params_trigger_ui' retrieved from /home/airflow/.local/lib/python3.12/site-packages/airflow/example_dags/example_params_trigger_ui.py
[2025-05-02T20:10:35.996+0000] {logging_mixin.py:188} INFO - [2025-05-02T20:10:35.996+0000] {dag.py:3096} INFO - Sync 1 DAGs
[2025-05-02T20:10:36.006+0000] {logging_mixin.py:188} INFO - [2025-05-02T20:10:36.006+0000] {dag.py:3954} INFO - Setting next_dagrun for example_params_trigger_ui to None, run_after=None
[2025-05-02T20:10:36.019+0000] {processor.py:183} INFO - Processing /home/airflow/.local/lib/python3.12/site-packages/airflow/example_dags/example_params_trigger_ui.py took 0.075 seconds
[2025-05-02T20:11:09.176+0000] {processor.py:161} INFO - Started process (PID=3309) to work on /home/airflow/.local/lib/python3.12/site-packages/airflow/example_dags/example_params_trigger_ui.py
[2025-05-02T20:11:09.176+0000] {processor.py:830} INFO - Processing file /home/airflow/.local/lib/python3.12/site-packages/airflow/example_dags/example_params_trigger_ui.py for tasks to queue
[2025-05-02T20:11:09.178+0000] {logging_mixin.py:188} INFO - [2025-05-02T20:11:09.177+0000] {dagbag.py:545} INFO - Filling up the DagBag from /home/airflow/.local/lib/python3.12/site-packages/airflow/example_dags/example_params_trigger_ui.py
[2025-05-02T20:11:09.188+0000] {processor.py:840} INFO - DAG(s) 'example_params_trigger_ui' retrieved from /home/airflow/.local/lib/python3.12/site-packages/airflow/example_dags/example_params_trigger_ui.py
[2025-05-02T20:11:09.217+0000] {logging_mixin.py:188} INFO - [2025-05-02T20:11:09.216+0000] {dag.py:3096} INFO - Sync 1 DAGs
[2025-05-02T20:11:09.225+0000] {logging_mixin.py:188} INFO - [2025-05-02T20:11:09.225+0000] {dag.py:3954} INFO - Setting next_dagrun for example_params_trigger_ui to None, run_after=None
[2025-05-02T20:11:09.239+0000] {processor.py:183} INFO - Processing /home/airflow/.local/lib/python3.12/site-packages/airflow/example_dags/example_params_trigger_ui.py took 0.067 seconds
[2025-05-02T20:11:41.263+0000] {processor.py:161} INFO - Started process (PID=3369) to work on /home/airflow/.local/lib/python3.12/site-packages/airflow/example_dags/example_params_trigger_ui.py
[2025-05-02T20:11:41.264+0000] {processor.py:830} INFO - Processing file /home/airflow/.local/lib/python3.12/site-packages/airflow/example_dags/example_params_trigger_ui.py for tasks to queue
[2025-05-02T20:11:41.266+0000] {logging_mixin.py:188} INFO - [2025-05-02T20:11:41.265+0000] {dagbag.py:545} INFO - Filling up the DagBag from /home/airflow/.local/lib/python3.12/site-packages/airflow/example_dags/example_params_trigger_ui.py
[2025-05-02T20:11:41.276+0000] {processor.py:840} INFO - DAG(s) 'example_params_trigger_ui' retrieved from /home/airflow/.local/lib/python3.12/site-packages/airflow/example_dags/example_params_trigger_ui.py
[2025-05-02T20:11:41.308+0000] {logging_mixin.py:188} INFO - [2025-05-02T20:11:41.308+0000] {dag.py:3096} INFO - Sync 1 DAGs
[2025-05-02T20:11:41.317+0000] {logging_mixin.py:188} INFO - [2025-05-02T20:11:41.317+0000] {dag.py:3954} INFO - Setting next_dagrun for example_params_trigger_ui to None, run_after=None
[2025-05-02T20:11:41.332+0000] {processor.py:183} INFO - Processing /home/airflow/.local/lib/python3.12/site-packages/airflow/example_dags/example_params_trigger_ui.py took 0.074 seconds
[2025-05-02T20:12:14.453+0000] {processor.py:161} INFO - Started process (PID=3429) to work on /home/airflow/.local/lib/python3.12/site-packages/airflow/example_dags/example_params_trigger_ui.py
[2025-05-02T20:12:14.454+0000] {processor.py:830} INFO - Processing file /home/airflow/.local/lib/python3.12/site-packages/airflow/example_dags/example_params_trigger_ui.py for tasks to queue
[2025-05-02T20:12:14.455+0000] {logging_mixin.py:188} INFO - [2025-05-02T20:12:14.455+0000] {dagbag.py:545} INFO - Filling up the DagBag from /home/airflow/.local/lib/python3.12/site-packages/airflow/example_dags/example_params_trigger_ui.py
[2025-05-02T20:12:14.463+0000] {processor.py:840} INFO - DAG(s) 'example_params_trigger_ui' retrieved from /home/airflow/.local/lib/python3.12/site-packages/airflow/example_dags/example_params_trigger_ui.py
[2025-05-02T20:12:14.494+0000] {logging_mixin.py:188} INFO - [2025-05-02T20:12:14.494+0000] {dag.py:3096} INFO - Sync 1 DAGs
[2025-05-02T20:12:14.503+0000] {logging_mixin.py:188} INFO - [2025-05-02T20:12:14.503+0000] {dag.py:3954} INFO - Setting next_dagrun for example_params_trigger_ui to None, run_after=None
[2025-05-02T20:12:14.516+0000] {processor.py:183} INFO - Processing /home/airflow/.local/lib/python3.12/site-packages/airflow/example_dags/example_params_trigger_ui.py took 0.067 seconds
[2025-05-02T20:12:46.584+0000] {processor.py:161} INFO - Started process (PID=3489) to work on /home/airflow/.local/lib/python3.12/site-packages/airflow/example_dags/example_params_trigger_ui.py
[2025-05-02T20:12:46.585+0000] {processor.py:830} INFO - Processing file /home/airflow/.local/lib/python3.12/site-packages/airflow/example_dags/example_params_trigger_ui.py for tasks to queue
[2025-05-02T20:12:46.587+0000] {logging_mixin.py:188} INFO - [2025-05-02T20:12:46.586+0000] {dagbag.py:545} INFO - Filling up the DagBag from /home/airflow/.local/lib/python3.12/site-packages/airflow/example_dags/example_params_trigger_ui.py
[2025-05-02T20:12:46.596+0000] {processor.py:840} INFO - DAG(s) 'example_params_trigger_ui' retrieved from /home/airflow/.local/lib/python3.12/site-packages/airflow/example_dags/example_params_trigger_ui.py
[2025-05-02T20:12:46.630+0000] {logging_mixin.py:188} INFO - [2025-05-02T20:12:46.629+0000] {dag.py:3096} INFO - Sync 1 DAGs
[2025-05-02T20:12:46.638+0000] {logging_mixin.py:188} INFO - [2025-05-02T20:12:46.638+0000] {dag.py:3954} INFO - Setting next_dagrun for example_params_trigger_ui to None, run_after=None
[2025-05-02T20:12:46.652+0000] {processor.py:183} INFO - Processing /home/airflow/.local/lib/python3.12/site-packages/airflow/example_dags/example_params_trigger_ui.py took 0.072 seconds
