[2025-05-02T19:42:23.096+0000] {processor.py:161} INFO - Started process (PID=79) to work on /home/airflow/.local/lib/python3.12/site-packages/airflow/example_dags/example_xcomargs.py
[2025-05-02T19:42:23.097+0000] {processor.py:830} INFO - Processing file /home/airflow/.local/lib/python3.12/site-packages/airflow/example_dags/example_xcomargs.py for tasks to queue
[2025-05-02T19:42:23.099+0000] {logging_mixin.py:188} INFO - [2025-05-02T19:42:23.099+0000] {dagbag.py:545} INFO - Filling up the DagBag from /home/airflow/.local/lib/python3.12/site-packages/airflow/example_dags/example_xcomargs.py
[2025-05-02T19:42:23.108+0000] {processor.py:840} INFO - DAG(s) 'example_xcom_args_with_operators', 'example_xcom_args' retrieved from /home/airflow/.local/lib/python3.12/site-packages/airflow/example_dags/example_xcomargs.py
[2025-05-02T19:42:23.199+0000] {logging_mixin.py:188} INFO - [2025-05-02T19:42:23.199+0000] {override.py:1829} INFO - Created Permission View: can edit on DAG:example_xcom_args_with_operators
[2025-05-02T19:42:23.209+0000] {logging_mixin.py:188} INFO - [2025-05-02T19:42:23.208+0000] {override.py:1829} INFO - Created Permission View: can read on DAG:example_xcom_args_with_operators
[2025-05-02T19:42:23.215+0000] {logging_mixin.py:188} INFO - [2025-05-02T19:42:23.215+0000] {override.py:1829} INFO - Created Permission View: can delete on DAG:example_xcom_args_with_operators
[2025-05-02T19:42:23.226+0000] {logging_mixin.py:188} INFO - [2025-05-02T19:42:23.226+0000] {override.py:1829} INFO - Created Permission View: can edit on DAG:example_xcom_args
[2025-05-02T19:42:23.232+0000] {logging_mixin.py:188} INFO - [2025-05-02T19:42:23.231+0000] {override.py:1829} INFO - Created Permission View: can read on DAG:example_xcom_args
[2025-05-02T19:42:23.238+0000] {logging_mixin.py:188} INFO - [2025-05-02T19:42:23.237+0000] {override.py:1829} INFO - Created Permission View: can delete on DAG:example_xcom_args
[2025-05-02T19:42:23.238+0000] {logging_mixin.py:188} INFO - [2025-05-02T19:42:23.238+0000] {dag.py:3096} INFO - Sync 2 DAGs
[2025-05-02T19:42:23.248+0000] {logging_mixin.py:188} INFO - [2025-05-02T19:42:23.248+0000] {dag.py:3118} INFO - Creating ORM DAG for example_xcom_args
[2025-05-02T19:42:23.249+0000] {logging_mixin.py:188} INFO - [2025-05-02T19:42:23.249+0000] {dag.py:3118} INFO - Creating ORM DAG for example_xcom_args_with_operators
[2025-05-02T19:42:23.250+0000] {logging_mixin.py:188} INFO - [2025-05-02T19:42:23.250+0000] {dag.py:3954} INFO - Setting next_dagrun for example_xcom_args to None, run_after=None
[2025-05-02T19:42:23.250+0000] {logging_mixin.py:188} INFO - [2025-05-02T19:42:23.250+0000] {dag.py:3954} INFO - Setting next_dagrun for example_xcom_args_with_operators to None, run_after=None
[2025-05-02T19:42:23.267+0000] {processor.py:183} INFO - Processing /home/airflow/.local/lib/python3.12/site-packages/airflow/example_dags/example_xcomargs.py took 0.179 seconds
[2025-05-02T19:42:54.125+0000] {processor.py:161} INFO - Started process (PID=139) to work on /home/airflow/.local/lib/python3.12/site-packages/airflow/example_dags/example_xcomargs.py
[2025-05-02T19:42:54.126+0000] {processor.py:830} INFO - Processing file /home/airflow/.local/lib/python3.12/site-packages/airflow/example_dags/example_xcomargs.py for tasks to queue
[2025-05-02T19:42:54.128+0000] {logging_mixin.py:188} INFO - [2025-05-02T19:42:54.128+0000] {dagbag.py:545} INFO - Filling up the DagBag from /home/airflow/.local/lib/python3.12/site-packages/airflow/example_dags/example_xcomargs.py
[2025-05-02T19:42:54.134+0000] {processor.py:840} INFO - DAG(s) 'example_xcom_args_with_operators', 'example_xcom_args' retrieved from /home/airflow/.local/lib/python3.12/site-packages/airflow/example_dags/example_xcomargs.py
[2025-05-02T19:42:54.156+0000] {logging_mixin.py:188} INFO - [2025-05-02T19:42:54.156+0000] {dag.py:3096} INFO - Sync 2 DAGs
[2025-05-02T19:42:54.172+0000] {logging_mixin.py:188} INFO - [2025-05-02T19:42:54.171+0000] {dag.py:3954} INFO - Setting next_dagrun for example_xcom_args to None, run_after=None
[2025-05-02T19:42:54.175+0000] {logging_mixin.py:188} INFO - [2025-05-02T19:42:54.175+0000] {dag.py:3954} INFO - Setting next_dagrun for example_xcom_args_with_operators to None, run_after=None
[2025-05-02T19:42:54.188+0000] {processor.py:183} INFO - Processing /home/airflow/.local/lib/python3.12/site-packages/airflow/example_dags/example_xcomargs.py took 0.067 seconds
[2025-05-02T19:43:24.423+0000] {processor.py:161} INFO - Started process (PID=199) to work on /home/airflow/.local/lib/python3.12/site-packages/airflow/example_dags/example_xcomargs.py
[2025-05-02T19:43:24.424+0000] {processor.py:830} INFO - Processing file /home/airflow/.local/lib/python3.12/site-packages/airflow/example_dags/example_xcomargs.py for tasks to queue
[2025-05-02T19:43:24.426+0000] {logging_mixin.py:188} INFO - [2025-05-02T19:43:24.426+0000] {dagbag.py:545} INFO - Filling up the DagBag from /home/airflow/.local/lib/python3.12/site-packages/airflow/example_dags/example_xcomargs.py
[2025-05-02T19:43:24.432+0000] {processor.py:840} INFO - DAG(s) 'example_xcom_args_with_operators', 'example_xcom_args' retrieved from /home/airflow/.local/lib/python3.12/site-packages/airflow/example_dags/example_xcomargs.py
[2025-05-02T19:43:24.453+0000] {logging_mixin.py:188} INFO - [2025-05-02T19:43:24.452+0000] {dag.py:3096} INFO - Sync 2 DAGs
[2025-05-02T19:43:24.464+0000] {logging_mixin.py:188} INFO - [2025-05-02T19:43:24.463+0000] {dag.py:3954} INFO - Setting next_dagrun for example_xcom_args to None, run_after=None
[2025-05-02T19:43:24.467+0000] {logging_mixin.py:188} INFO - [2025-05-02T19:43:24.467+0000] {dag.py:3954} INFO - Setting next_dagrun for example_xcom_args_with_operators to None, run_after=None
[2025-05-02T19:43:24.484+0000] {processor.py:183} INFO - Processing /home/airflow/.local/lib/python3.12/site-packages/airflow/example_dags/example_xcomargs.py took 0.065 seconds
[2025-05-02T19:43:55.156+0000] {processor.py:161} INFO - Started process (PID=259) to work on /home/airflow/.local/lib/python3.12/site-packages/airflow/example_dags/example_xcomargs.py
[2025-05-02T19:43:55.157+0000] {processor.py:830} INFO - Processing file /home/airflow/.local/lib/python3.12/site-packages/airflow/example_dags/example_xcomargs.py for tasks to queue
[2025-05-02T19:43:55.158+0000] {logging_mixin.py:188} INFO - [2025-05-02T19:43:55.158+0000] {dagbag.py:545} INFO - Filling up the DagBag from /home/airflow/.local/lib/python3.12/site-packages/airflow/example_dags/example_xcomargs.py
[2025-05-02T19:43:55.165+0000] {processor.py:840} INFO - DAG(s) 'example_xcom_args', 'example_xcom_args_with_operators' retrieved from /home/airflow/.local/lib/python3.12/site-packages/airflow/example_dags/example_xcomargs.py
[2025-05-02T19:43:55.181+0000] {logging_mixin.py:188} INFO - [2025-05-02T19:43:55.180+0000] {dag.py:3096} INFO - Sync 2 DAGs
[2025-05-02T19:43:55.190+0000] {logging_mixin.py:188} INFO - [2025-05-02T19:43:55.190+0000] {dag.py:3954} INFO - Setting next_dagrun for example_xcom_args to None, run_after=None
[2025-05-02T19:43:55.193+0000] {logging_mixin.py:188} INFO - [2025-05-02T19:43:55.193+0000] {dag.py:3954} INFO - Setting next_dagrun for example_xcom_args_with_operators to None, run_after=None
[2025-05-02T19:43:55.204+0000] {processor.py:183} INFO - Processing /home/airflow/.local/lib/python3.12/site-packages/airflow/example_dags/example_xcomargs.py took 0.053 seconds
[2025-05-02T19:44:26.124+0000] {processor.py:161} INFO - Started process (PID=319) to work on /home/airflow/.local/lib/python3.12/site-packages/airflow/example_dags/example_xcomargs.py
[2025-05-02T19:44:26.125+0000] {processor.py:830} INFO - Processing file /home/airflow/.local/lib/python3.12/site-packages/airflow/example_dags/example_xcomargs.py for tasks to queue
[2025-05-02T19:44:26.126+0000] {logging_mixin.py:188} INFO - [2025-05-02T19:44:26.126+0000] {dagbag.py:545} INFO - Filling up the DagBag from /home/airflow/.local/lib/python3.12/site-packages/airflow/example_dags/example_xcomargs.py
[2025-05-02T19:44:26.134+0000] {processor.py:840} INFO - DAG(s) 'example_xcom_args_with_operators', 'example_xcom_args' retrieved from /home/airflow/.local/lib/python3.12/site-packages/airflow/example_dags/example_xcomargs.py
[2025-05-02T19:44:26.153+0000] {logging_mixin.py:188} INFO - [2025-05-02T19:44:26.153+0000] {dag.py:3096} INFO - Sync 2 DAGs
[2025-05-02T19:44:26.166+0000] {logging_mixin.py:188} INFO - [2025-05-02T19:44:26.165+0000] {dag.py:3954} INFO - Setting next_dagrun for example_xcom_args to None, run_after=None
[2025-05-02T19:44:26.169+0000] {logging_mixin.py:188} INFO - [2025-05-02T19:44:26.169+0000] {dag.py:3954} INFO - Setting next_dagrun for example_xcom_args_with_operators to None, run_after=None
[2025-05-02T19:44:26.183+0000] {processor.py:183} INFO - Processing /home/airflow/.local/lib/python3.12/site-packages/airflow/example_dags/example_xcomargs.py took 0.063 seconds
[2025-05-02T19:44:56.304+0000] {processor.py:161} INFO - Started process (PID=379) to work on /home/airflow/.local/lib/python3.12/site-packages/airflow/example_dags/example_xcomargs.py
[2025-05-02T19:44:56.305+0000] {processor.py:830} INFO - Processing file /home/airflow/.local/lib/python3.12/site-packages/airflow/example_dags/example_xcomargs.py for tasks to queue
[2025-05-02T19:44:56.307+0000] {logging_mixin.py:188} INFO - [2025-05-02T19:44:56.306+0000] {dagbag.py:545} INFO - Filling up the DagBag from /home/airflow/.local/lib/python3.12/site-packages/airflow/example_dags/example_xcomargs.py
[2025-05-02T19:44:56.313+0000] {processor.py:840} INFO - DAG(s) 'example_xcom_args', 'example_xcom_args_with_operators' retrieved from /home/airflow/.local/lib/python3.12/site-packages/airflow/example_dags/example_xcomargs.py
[2025-05-02T19:44:56.332+0000] {logging_mixin.py:188} INFO - [2025-05-02T19:44:56.332+0000] {dag.py:3096} INFO - Sync 2 DAGs
[2025-05-02T19:44:56.346+0000] {logging_mixin.py:188} INFO - [2025-05-02T19:44:56.345+0000] {dag.py:3954} INFO - Setting next_dagrun for example_xcom_args to None, run_after=None
[2025-05-02T19:44:56.350+0000] {logging_mixin.py:188} INFO - [2025-05-02T19:44:56.349+0000] {dag.py:3954} INFO - Setting next_dagrun for example_xcom_args_with_operators to None, run_after=None
[2025-05-02T19:44:56.366+0000] {processor.py:183} INFO - Processing /home/airflow/.local/lib/python3.12/site-packages/airflow/example_dags/example_xcomargs.py took 0.067 seconds
[2025-05-02T19:45:27.261+0000] {processor.py:161} INFO - Started process (PID=439) to work on /home/airflow/.local/lib/python3.12/site-packages/airflow/example_dags/example_xcomargs.py
[2025-05-02T19:45:27.262+0000] {processor.py:830} INFO - Processing file /home/airflow/.local/lib/python3.12/site-packages/airflow/example_dags/example_xcomargs.py for tasks to queue
[2025-05-02T19:45:27.263+0000] {logging_mixin.py:188} INFO - [2025-05-02T19:45:27.263+0000] {dagbag.py:545} INFO - Filling up the DagBag from /home/airflow/.local/lib/python3.12/site-packages/airflow/example_dags/example_xcomargs.py
[2025-05-02T19:45:27.269+0000] {processor.py:840} INFO - DAG(s) 'example_xcom_args', 'example_xcom_args_with_operators' retrieved from /home/airflow/.local/lib/python3.12/site-packages/airflow/example_dags/example_xcomargs.py
[2025-05-02T19:45:27.288+0000] {logging_mixin.py:188} INFO - [2025-05-02T19:45:27.288+0000] {dag.py:3096} INFO - Sync 2 DAGs
[2025-05-02T19:45:27.297+0000] {logging_mixin.py:188} INFO - [2025-05-02T19:45:27.297+0000] {dag.py:3954} INFO - Setting next_dagrun for example_xcom_args to None, run_after=None
[2025-05-02T19:45:27.300+0000] {logging_mixin.py:188} INFO - [2025-05-02T19:45:27.300+0000] {dag.py:3954} INFO - Setting next_dagrun for example_xcom_args_with_operators to None, run_after=None
[2025-05-02T19:45:27.318+0000] {processor.py:183} INFO - Processing /home/airflow/.local/lib/python3.12/site-packages/airflow/example_dags/example_xcomargs.py took 0.063 seconds
[2025-05-02T19:45:57.882+0000] {processor.py:161} INFO - Started process (PID=499) to work on /home/airflow/.local/lib/python3.12/site-packages/airflow/example_dags/example_xcomargs.py
[2025-05-02T19:45:57.883+0000] {processor.py:830} INFO - Processing file /home/airflow/.local/lib/python3.12/site-packages/airflow/example_dags/example_xcomargs.py for tasks to queue
[2025-05-02T19:45:57.884+0000] {logging_mixin.py:188} INFO - [2025-05-02T19:45:57.884+0000] {dagbag.py:545} INFO - Filling up the DagBag from /home/airflow/.local/lib/python3.12/site-packages/airflow/example_dags/example_xcomargs.py
[2025-05-02T19:45:57.890+0000] {processor.py:840} INFO - DAG(s) 'example_xcom_args_with_operators', 'example_xcom_args' retrieved from /home/airflow/.local/lib/python3.12/site-packages/airflow/example_dags/example_xcomargs.py
[2025-05-02T19:45:57.908+0000] {logging_mixin.py:188} INFO - [2025-05-02T19:45:57.908+0000] {dag.py:3096} INFO - Sync 2 DAGs
[2025-05-02T19:45:57.917+0000] {logging_mixin.py:188} INFO - [2025-05-02T19:45:57.917+0000] {dag.py:3954} INFO - Setting next_dagrun for example_xcom_args to None, run_after=None
[2025-05-02T19:45:57.920+0000] {logging_mixin.py:188} INFO - [2025-05-02T19:45:57.920+0000] {dag.py:3954} INFO - Setting next_dagrun for example_xcom_args_with_operators to None, run_after=None
[2025-05-02T19:45:57.963+0000] {processor.py:183} INFO - Processing /home/airflow/.local/lib/python3.12/site-packages/airflow/example_dags/example_xcomargs.py took 0.085 seconds
[2025-05-02T19:46:28.884+0000] {processor.py:161} INFO - Started process (PID=559) to work on /home/airflow/.local/lib/python3.12/site-packages/airflow/example_dags/example_xcomargs.py
[2025-05-02T19:46:28.885+0000] {processor.py:830} INFO - Processing file /home/airflow/.local/lib/python3.12/site-packages/airflow/example_dags/example_xcomargs.py for tasks to queue
[2025-05-02T19:46:28.887+0000] {logging_mixin.py:188} INFO - [2025-05-02T19:46:28.886+0000] {dagbag.py:545} INFO - Filling up the DagBag from /home/airflow/.local/lib/python3.12/site-packages/airflow/example_dags/example_xcomargs.py
[2025-05-02T19:46:28.895+0000] {processor.py:840} INFO - DAG(s) 'example_xcom_args_with_operators', 'example_xcom_args' retrieved from /home/airflow/.local/lib/python3.12/site-packages/airflow/example_dags/example_xcomargs.py
[2025-05-02T19:46:28.926+0000] {logging_mixin.py:188} INFO - [2025-05-02T19:46:28.926+0000] {dag.py:3096} INFO - Sync 2 DAGs
[2025-05-02T19:46:28.948+0000] {logging_mixin.py:188} INFO - [2025-05-02T19:46:28.948+0000] {dag.py:3954} INFO - Setting next_dagrun for example_xcom_args to None, run_after=None
[2025-05-02T19:46:28.955+0000] {logging_mixin.py:188} INFO - [2025-05-02T19:46:28.955+0000] {dag.py:3954} INFO - Setting next_dagrun for example_xcom_args_with_operators to None, run_after=None
[2025-05-02T19:46:28.986+0000] {processor.py:183} INFO - Processing /home/airflow/.local/lib/python3.12/site-packages/airflow/example_dags/example_xcomargs.py took 0.108 seconds
[2025-05-02T19:46:59.253+0000] {processor.py:161} INFO - Started process (PID=619) to work on /home/airflow/.local/lib/python3.12/site-packages/airflow/example_dags/example_xcomargs.py
[2025-05-02T19:46:59.254+0000] {processor.py:830} INFO - Processing file /home/airflow/.local/lib/python3.12/site-packages/airflow/example_dags/example_xcomargs.py for tasks to queue
[2025-05-02T19:46:59.255+0000] {logging_mixin.py:188} INFO - [2025-05-02T19:46:59.255+0000] {dagbag.py:545} INFO - Filling up the DagBag from /home/airflow/.local/lib/python3.12/site-packages/airflow/example_dags/example_xcomargs.py
[2025-05-02T19:46:59.261+0000] {processor.py:840} INFO - DAG(s) 'example_xcom_args', 'example_xcom_args_with_operators' retrieved from /home/airflow/.local/lib/python3.12/site-packages/airflow/example_dags/example_xcomargs.py
[2025-05-02T19:46:59.279+0000] {logging_mixin.py:188} INFO - [2025-05-02T19:46:59.279+0000] {dag.py:3096} INFO - Sync 2 DAGs
[2025-05-02T19:46:59.289+0000] {logging_mixin.py:188} INFO - [2025-05-02T19:46:59.289+0000] {dag.py:3954} INFO - Setting next_dagrun for example_xcom_args to None, run_after=None
[2025-05-02T19:46:59.293+0000] {logging_mixin.py:188} INFO - [2025-05-02T19:46:59.293+0000] {dag.py:3954} INFO - Setting next_dagrun for example_xcom_args_with_operators to None, run_after=None
[2025-05-02T19:46:59.307+0000] {processor.py:183} INFO - Processing /home/airflow/.local/lib/python3.12/site-packages/airflow/example_dags/example_xcomargs.py took 0.060 seconds
[2025-05-02T19:47:29.657+0000] {processor.py:161} INFO - Started process (PID=679) to work on /home/airflow/.local/lib/python3.12/site-packages/airflow/example_dags/example_xcomargs.py
[2025-05-02T19:47:29.658+0000] {processor.py:830} INFO - Processing file /home/airflow/.local/lib/python3.12/site-packages/airflow/example_dags/example_xcomargs.py for tasks to queue
[2025-05-02T19:47:29.660+0000] {logging_mixin.py:188} INFO - [2025-05-02T19:47:29.660+0000] {dagbag.py:545} INFO - Filling up the DagBag from /home/airflow/.local/lib/python3.12/site-packages/airflow/example_dags/example_xcomargs.py
[2025-05-02T19:47:29.666+0000] {processor.py:840} INFO - DAG(s) 'example_xcom_args_with_operators', 'example_xcom_args' retrieved from /home/airflow/.local/lib/python3.12/site-packages/airflow/example_dags/example_xcomargs.py
[2025-05-02T19:47:29.685+0000] {logging_mixin.py:188} INFO - [2025-05-02T19:47:29.685+0000] {dag.py:3096} INFO - Sync 2 DAGs
[2025-05-02T19:47:29.696+0000] {logging_mixin.py:188} INFO - [2025-05-02T19:47:29.696+0000] {dag.py:3954} INFO - Setting next_dagrun for example_xcom_args to None, run_after=None
[2025-05-02T19:47:29.699+0000] {logging_mixin.py:188} INFO - [2025-05-02T19:47:29.699+0000] {dag.py:3954} INFO - Setting next_dagrun for example_xcom_args_with_operators to None, run_after=None
[2025-05-02T19:47:29.713+0000] {processor.py:183} INFO - Processing /home/airflow/.local/lib/python3.12/site-packages/airflow/example_dags/example_xcomargs.py took 0.060 seconds
[2025-05-02T19:48:00.119+0000] {processor.py:161} INFO - Started process (PID=739) to work on /home/airflow/.local/lib/python3.12/site-packages/airflow/example_dags/example_xcomargs.py
[2025-05-02T19:48:00.120+0000] {processor.py:830} INFO - Processing file /home/airflow/.local/lib/python3.12/site-packages/airflow/example_dags/example_xcomargs.py for tasks to queue
[2025-05-02T19:48:00.122+0000] {logging_mixin.py:188} INFO - [2025-05-02T19:48:00.122+0000] {dagbag.py:545} INFO - Filling up the DagBag from /home/airflow/.local/lib/python3.12/site-packages/airflow/example_dags/example_xcomargs.py
[2025-05-02T19:48:00.128+0000] {processor.py:840} INFO - DAG(s) 'example_xcom_args_with_operators', 'example_xcom_args' retrieved from /home/airflow/.local/lib/python3.12/site-packages/airflow/example_dags/example_xcomargs.py
[2025-05-02T19:48:00.149+0000] {logging_mixin.py:188} INFO - [2025-05-02T19:48:00.149+0000] {dag.py:3096} INFO - Sync 2 DAGs
[2025-05-02T19:48:00.161+0000] {logging_mixin.py:188} INFO - [2025-05-02T19:48:00.161+0000] {dag.py:3954} INFO - Setting next_dagrun for example_xcom_args to None, run_after=None
[2025-05-02T19:48:00.165+0000] {logging_mixin.py:188} INFO - [2025-05-02T19:48:00.165+0000] {dag.py:3954} INFO - Setting next_dagrun for example_xcom_args_with_operators to None, run_after=None
[2025-05-02T19:48:00.182+0000] {processor.py:183} INFO - Processing /home/airflow/.local/lib/python3.12/site-packages/airflow/example_dags/example_xcomargs.py took 0.067 seconds
[2025-05-02T19:48:30.394+0000] {processor.py:161} INFO - Started process (PID=799) to work on /home/airflow/.local/lib/python3.12/site-packages/airflow/example_dags/example_xcomargs.py
[2025-05-02T19:48:30.395+0000] {processor.py:830} INFO - Processing file /home/airflow/.local/lib/python3.12/site-packages/airflow/example_dags/example_xcomargs.py for tasks to queue
[2025-05-02T19:48:30.397+0000] {logging_mixin.py:188} INFO - [2025-05-02T19:48:30.397+0000] {dagbag.py:545} INFO - Filling up the DagBag from /home/airflow/.local/lib/python3.12/site-packages/airflow/example_dags/example_xcomargs.py
[2025-05-02T19:48:30.404+0000] {processor.py:840} INFO - DAG(s) 'example_xcom_args_with_operators', 'example_xcom_args' retrieved from /home/airflow/.local/lib/python3.12/site-packages/airflow/example_dags/example_xcomargs.py
[2025-05-02T19:48:30.425+0000] {logging_mixin.py:188} INFO - [2025-05-02T19:48:30.425+0000] {dag.py:3096} INFO - Sync 2 DAGs
[2025-05-02T19:48:30.438+0000] {logging_mixin.py:188} INFO - [2025-05-02T19:48:30.437+0000] {dag.py:3954} INFO - Setting next_dagrun for example_xcom_args to None, run_after=None
[2025-05-02T19:48:30.442+0000] {logging_mixin.py:188} INFO - [2025-05-02T19:48:30.442+0000] {dag.py:3954} INFO - Setting next_dagrun for example_xcom_args_with_operators to None, run_after=None
[2025-05-02T19:48:30.458+0000] {processor.py:183} INFO - Processing /home/airflow/.local/lib/python3.12/site-packages/airflow/example_dags/example_xcomargs.py took 0.068 seconds
[2025-05-02T19:49:00.880+0000] {processor.py:161} INFO - Started process (PID=853) to work on /home/airflow/.local/lib/python3.12/site-packages/airflow/example_dags/example_xcomargs.py
[2025-05-02T19:49:00.881+0000] {processor.py:830} INFO - Processing file /home/airflow/.local/lib/python3.12/site-packages/airflow/example_dags/example_xcomargs.py for tasks to queue
[2025-05-02T19:49:00.883+0000] {logging_mixin.py:188} INFO - [2025-05-02T19:49:00.882+0000] {dagbag.py:545} INFO - Filling up the DagBag from /home/airflow/.local/lib/python3.12/site-packages/airflow/example_dags/example_xcomargs.py
[2025-05-02T19:49:00.890+0000] {processor.py:840} INFO - DAG(s) 'example_xcom_args_with_operators', 'example_xcom_args' retrieved from /home/airflow/.local/lib/python3.12/site-packages/airflow/example_dags/example_xcomargs.py
[2025-05-02T19:49:00.910+0000] {logging_mixin.py:188} INFO - [2025-05-02T19:49:00.910+0000] {dag.py:3096} INFO - Sync 2 DAGs
[2025-05-02T19:49:00.921+0000] {logging_mixin.py:188} INFO - [2025-05-02T19:49:00.921+0000] {dag.py:3954} INFO - Setting next_dagrun for example_xcom_args to None, run_after=None
[2025-05-02T19:49:00.924+0000] {logging_mixin.py:188} INFO - [2025-05-02T19:49:00.924+0000] {dag.py:3954} INFO - Setting next_dagrun for example_xcom_args_with_operators to None, run_after=None
[2025-05-02T19:49:00.939+0000] {processor.py:183} INFO - Processing /home/airflow/.local/lib/python3.12/site-packages/airflow/example_dags/example_xcomargs.py took 0.062 seconds
[2025-05-02T19:49:31.604+0000] {processor.py:161} INFO - Started process (PID=914) to work on /home/airflow/.local/lib/python3.12/site-packages/airflow/example_dags/example_xcomargs.py
[2025-05-02T19:49:31.605+0000] {processor.py:830} INFO - Processing file /home/airflow/.local/lib/python3.12/site-packages/airflow/example_dags/example_xcomargs.py for tasks to queue
[2025-05-02T19:49:31.607+0000] {logging_mixin.py:188} INFO - [2025-05-02T19:49:31.606+0000] {dagbag.py:545} INFO - Filling up the DagBag from /home/airflow/.local/lib/python3.12/site-packages/airflow/example_dags/example_xcomargs.py
[2025-05-02T19:49:31.613+0000] {processor.py:840} INFO - DAG(s) 'example_xcom_args', 'example_xcom_args_with_operators' retrieved from /home/airflow/.local/lib/python3.12/site-packages/airflow/example_dags/example_xcomargs.py
[2025-05-02T19:49:31.630+0000] {logging_mixin.py:188} INFO - [2025-05-02T19:49:31.630+0000] {dag.py:3096} INFO - Sync 2 DAGs
[2025-05-02T19:49:31.643+0000] {logging_mixin.py:188} INFO - [2025-05-02T19:49:31.643+0000] {dag.py:3954} INFO - Setting next_dagrun for example_xcom_args to None, run_after=None
[2025-05-02T19:49:31.647+0000] {logging_mixin.py:188} INFO - [2025-05-02T19:49:31.647+0000] {dag.py:3954} INFO - Setting next_dagrun for example_xcom_args_with_operators to None, run_after=None
[2025-05-02T19:49:31.664+0000] {processor.py:183} INFO - Processing /home/airflow/.local/lib/python3.12/site-packages/airflow/example_dags/example_xcomargs.py took 0.065 seconds
[2025-05-02T19:50:02.451+0000] {processor.py:161} INFO - Started process (PID=974) to work on /home/airflow/.local/lib/python3.12/site-packages/airflow/example_dags/example_xcomargs.py
[2025-05-02T19:50:02.452+0000] {processor.py:830} INFO - Processing file /home/airflow/.local/lib/python3.12/site-packages/airflow/example_dags/example_xcomargs.py for tasks to queue
[2025-05-02T19:50:02.453+0000] {logging_mixin.py:188} INFO - [2025-05-02T19:50:02.453+0000] {dagbag.py:545} INFO - Filling up the DagBag from /home/airflow/.local/lib/python3.12/site-packages/airflow/example_dags/example_xcomargs.py
[2025-05-02T19:50:02.460+0000] {processor.py:840} INFO - DAG(s) 'example_xcom_args_with_operators', 'example_xcom_args' retrieved from /home/airflow/.local/lib/python3.12/site-packages/airflow/example_dags/example_xcomargs.py
[2025-05-02T19:50:02.481+0000] {logging_mixin.py:188} INFO - [2025-05-02T19:50:02.481+0000] {dag.py:3096} INFO - Sync 2 DAGs
[2025-05-02T19:50:02.495+0000] {logging_mixin.py:188} INFO - [2025-05-02T19:50:02.494+0000] {dag.py:3954} INFO - Setting next_dagrun for example_xcom_args to None, run_after=None
[2025-05-02T19:50:02.499+0000] {logging_mixin.py:188} INFO - [2025-05-02T19:50:02.499+0000] {dag.py:3954} INFO - Setting next_dagrun for example_xcom_args_with_operators to None, run_after=None
[2025-05-02T19:50:02.516+0000] {processor.py:183} INFO - Processing /home/airflow/.local/lib/python3.12/site-packages/airflow/example_dags/example_xcomargs.py took 0.070 seconds
[2025-05-02T19:50:34.958+0000] {processor.py:161} INFO - Started process (PID=1034) to work on /home/airflow/.local/lib/python3.12/site-packages/airflow/example_dags/example_xcomargs.py
[2025-05-02T19:50:34.959+0000] {processor.py:830} INFO - Processing file /home/airflow/.local/lib/python3.12/site-packages/airflow/example_dags/example_xcomargs.py for tasks to queue
[2025-05-02T19:50:34.960+0000] {logging_mixin.py:188} INFO - [2025-05-02T19:50:34.960+0000] {dagbag.py:545} INFO - Filling up the DagBag from /home/airflow/.local/lib/python3.12/site-packages/airflow/example_dags/example_xcomargs.py
[2025-05-02T19:50:34.966+0000] {processor.py:840} INFO - DAG(s) 'example_xcom_args', 'example_xcom_args_with_operators' retrieved from /home/airflow/.local/lib/python3.12/site-packages/airflow/example_dags/example_xcomargs.py
[2025-05-02T19:50:34.986+0000] {logging_mixin.py:188} INFO - [2025-05-02T19:50:34.986+0000] {dag.py:3096} INFO - Sync 2 DAGs
[2025-05-02T19:50:34.997+0000] {logging_mixin.py:188} INFO - [2025-05-02T19:50:34.997+0000] {dag.py:3954} INFO - Setting next_dagrun for example_xcom_args to None, run_after=None
[2025-05-02T19:50:35.000+0000] {logging_mixin.py:188} INFO - [2025-05-02T19:50:35.000+0000] {dag.py:3954} INFO - Setting next_dagrun for example_xcom_args_with_operators to None, run_after=None
[2025-05-02T19:50:35.016+0000] {processor.py:183} INFO - Processing /home/airflow/.local/lib/python3.12/site-packages/airflow/example_dags/example_xcomargs.py took 0.063 seconds
[2025-05-02T19:51:07.041+0000] {processor.py:161} INFO - Started process (PID=1094) to work on /home/airflow/.local/lib/python3.12/site-packages/airflow/example_dags/example_xcomargs.py
[2025-05-02T19:51:07.041+0000] {processor.py:830} INFO - Processing file /home/airflow/.local/lib/python3.12/site-packages/airflow/example_dags/example_xcomargs.py for tasks to queue
[2025-05-02T19:51:07.043+0000] {logging_mixin.py:188} INFO - [2025-05-02T19:51:07.043+0000] {dagbag.py:545} INFO - Filling up the DagBag from /home/airflow/.local/lib/python3.12/site-packages/airflow/example_dags/example_xcomargs.py
[2025-05-02T19:51:07.049+0000] {processor.py:840} INFO - DAG(s) 'example_xcom_args', 'example_xcom_args_with_operators' retrieved from /home/airflow/.local/lib/python3.12/site-packages/airflow/example_dags/example_xcomargs.py
[2025-05-02T19:51:07.067+0000] {logging_mixin.py:188} INFO - [2025-05-02T19:51:07.067+0000] {dag.py:3096} INFO - Sync 2 DAGs
[2025-05-02T19:51:07.079+0000] {logging_mixin.py:188} INFO - [2025-05-02T19:51:07.079+0000] {dag.py:3954} INFO - Setting next_dagrun for example_xcom_args to None, run_after=None
[2025-05-02T19:51:07.082+0000] {logging_mixin.py:188} INFO - [2025-05-02T19:51:07.082+0000] {dag.py:3954} INFO - Setting next_dagrun for example_xcom_args_with_operators to None, run_after=None
[2025-05-02T19:51:07.096+0000] {processor.py:183} INFO - Processing /home/airflow/.local/lib/python3.12/site-packages/airflow/example_dags/example_xcomargs.py took 0.060 seconds
[2025-05-02T19:51:39.427+0000] {processor.py:161} INFO - Started process (PID=1154) to work on /home/airflow/.local/lib/python3.12/site-packages/airflow/example_dags/example_xcomargs.py
[2025-05-02T19:51:39.429+0000] {processor.py:830} INFO - Processing file /home/airflow/.local/lib/python3.12/site-packages/airflow/example_dags/example_xcomargs.py for tasks to queue
[2025-05-02T19:51:39.433+0000] {logging_mixin.py:188} INFO - [2025-05-02T19:51:39.432+0000] {dagbag.py:545} INFO - Filling up the DagBag from /home/airflow/.local/lib/python3.12/site-packages/airflow/example_dags/example_xcomargs.py
[2025-05-02T19:51:39.448+0000] {processor.py:840} INFO - DAG(s) 'example_xcom_args_with_operators', 'example_xcom_args' retrieved from /home/airflow/.local/lib/python3.12/site-packages/airflow/example_dags/example_xcomargs.py
[2025-05-02T19:51:39.479+0000] {logging_mixin.py:188} INFO - [2025-05-02T19:51:39.479+0000] {dag.py:3096} INFO - Sync 2 DAGs
[2025-05-02T19:51:39.503+0000] {logging_mixin.py:188} INFO - [2025-05-02T19:51:39.503+0000] {dag.py:3954} INFO - Setting next_dagrun for example_xcom_args to None, run_after=None
[2025-05-02T19:51:39.508+0000] {logging_mixin.py:188} INFO - [2025-05-02T19:51:39.508+0000] {dag.py:3954} INFO - Setting next_dagrun for example_xcom_args_with_operators to None, run_after=None
[2025-05-02T19:51:39.530+0000] {processor.py:183} INFO - Processing /home/airflow/.local/lib/python3.12/site-packages/airflow/example_dags/example_xcomargs.py took 0.110 seconds
[2025-05-02T19:52:11.725+0000] {processor.py:161} INFO - Started process (PID=1214) to work on /home/airflow/.local/lib/python3.12/site-packages/airflow/example_dags/example_xcomargs.py
[2025-05-02T19:52:11.726+0000] {processor.py:830} INFO - Processing file /home/airflow/.local/lib/python3.12/site-packages/airflow/example_dags/example_xcomargs.py for tasks to queue
[2025-05-02T19:52:11.728+0000] {logging_mixin.py:188} INFO - [2025-05-02T19:52:11.727+0000] {dagbag.py:545} INFO - Filling up the DagBag from /home/airflow/.local/lib/python3.12/site-packages/airflow/example_dags/example_xcomargs.py
[2025-05-02T19:52:11.737+0000] {processor.py:840} INFO - DAG(s) 'example_xcom_args_with_operators', 'example_xcom_args' retrieved from /home/airflow/.local/lib/python3.12/site-packages/airflow/example_dags/example_xcomargs.py
[2025-05-02T19:52:11.759+0000] {logging_mixin.py:188} INFO - [2025-05-02T19:52:11.758+0000] {dag.py:3096} INFO - Sync 2 DAGs
[2025-05-02T19:52:11.771+0000] {logging_mixin.py:188} INFO - [2025-05-02T19:52:11.771+0000] {dag.py:3954} INFO - Setting next_dagrun for example_xcom_args to None, run_after=None
[2025-05-02T19:52:11.774+0000] {logging_mixin.py:188} INFO - [2025-05-02T19:52:11.774+0000] {dag.py:3954} INFO - Setting next_dagrun for example_xcom_args_with_operators to None, run_after=None
[2025-05-02T19:52:11.788+0000] {processor.py:183} INFO - Processing /home/airflow/.local/lib/python3.12/site-packages/airflow/example_dags/example_xcomargs.py took 0.068 seconds
[2025-05-02T19:52:44.396+0000] {processor.py:161} INFO - Started process (PID=1274) to work on /home/airflow/.local/lib/python3.12/site-packages/airflow/example_dags/example_xcomargs.py
[2025-05-02T19:52:44.397+0000] {processor.py:830} INFO - Processing file /home/airflow/.local/lib/python3.12/site-packages/airflow/example_dags/example_xcomargs.py for tasks to queue
[2025-05-02T19:52:44.398+0000] {logging_mixin.py:188} INFO - [2025-05-02T19:52:44.398+0000] {dagbag.py:545} INFO - Filling up the DagBag from /home/airflow/.local/lib/python3.12/site-packages/airflow/example_dags/example_xcomargs.py
[2025-05-02T19:52:44.405+0000] {processor.py:840} INFO - DAG(s) 'example_xcom_args_with_operators', 'example_xcom_args' retrieved from /home/airflow/.local/lib/python3.12/site-packages/airflow/example_dags/example_xcomargs.py
[2025-05-02T19:52:44.423+0000] {logging_mixin.py:188} INFO - [2025-05-02T19:52:44.422+0000] {dag.py:3096} INFO - Sync 2 DAGs
[2025-05-02T19:52:44.434+0000] {logging_mixin.py:188} INFO - [2025-05-02T19:52:44.434+0000] {dag.py:3954} INFO - Setting next_dagrun for example_xcom_args to None, run_after=None
[2025-05-02T19:52:44.438+0000] {logging_mixin.py:188} INFO - [2025-05-02T19:52:44.438+0000] {dag.py:3954} INFO - Setting next_dagrun for example_xcom_args_with_operators to None, run_after=None
[2025-05-02T19:52:44.452+0000] {processor.py:183} INFO - Processing /home/airflow/.local/lib/python3.12/site-packages/airflow/example_dags/example_xcomargs.py took 0.060 seconds
[2025-05-02T19:53:17.001+0000] {processor.py:161} INFO - Started process (PID=1334) to work on /home/airflow/.local/lib/python3.12/site-packages/airflow/example_dags/example_xcomargs.py
[2025-05-02T19:53:17.001+0000] {processor.py:830} INFO - Processing file /home/airflow/.local/lib/python3.12/site-packages/airflow/example_dags/example_xcomargs.py for tasks to queue
[2025-05-02T19:53:17.003+0000] {logging_mixin.py:188} INFO - [2025-05-02T19:53:17.002+0000] {dagbag.py:545} INFO - Filling up the DagBag from /home/airflow/.local/lib/python3.12/site-packages/airflow/example_dags/example_xcomargs.py
[2025-05-02T19:53:17.009+0000] {processor.py:840} INFO - DAG(s) 'example_xcom_args', 'example_xcom_args_with_operators' retrieved from /home/airflow/.local/lib/python3.12/site-packages/airflow/example_dags/example_xcomargs.py
[2025-05-02T19:53:17.030+0000] {logging_mixin.py:188} INFO - [2025-05-02T19:53:17.030+0000] {dag.py:3096} INFO - Sync 2 DAGs
[2025-05-02T19:53:17.043+0000] {logging_mixin.py:188} INFO - [2025-05-02T19:53:17.043+0000] {dag.py:3954} INFO - Setting next_dagrun for example_xcom_args to None, run_after=None
[2025-05-02T19:53:17.047+0000] {logging_mixin.py:188} INFO - [2025-05-02T19:53:17.047+0000] {dag.py:3954} INFO - Setting next_dagrun for example_xcom_args_with_operators to None, run_after=None
[2025-05-02T19:53:17.064+0000] {processor.py:183} INFO - Processing /home/airflow/.local/lib/python3.12/site-packages/airflow/example_dags/example_xcomargs.py took 0.068 seconds
[2025-05-02T19:53:49.293+0000] {processor.py:161} INFO - Started process (PID=1394) to work on /home/airflow/.local/lib/python3.12/site-packages/airflow/example_dags/example_xcomargs.py
[2025-05-02T19:53:49.295+0000] {processor.py:830} INFO - Processing file /home/airflow/.local/lib/python3.12/site-packages/airflow/example_dags/example_xcomargs.py for tasks to queue
[2025-05-02T19:53:49.296+0000] {logging_mixin.py:188} INFO - [2025-05-02T19:53:49.296+0000] {dagbag.py:545} INFO - Filling up the DagBag from /home/airflow/.local/lib/python3.12/site-packages/airflow/example_dags/example_xcomargs.py
[2025-05-02T19:53:49.304+0000] {processor.py:840} INFO - DAG(s) 'example_xcom_args_with_operators', 'example_xcom_args' retrieved from /home/airflow/.local/lib/python3.12/site-packages/airflow/example_dags/example_xcomargs.py
[2025-05-02T19:53:49.328+0000] {logging_mixin.py:188} INFO - [2025-05-02T19:53:49.328+0000] {dag.py:3096} INFO - Sync 2 DAGs
[2025-05-02T19:53:49.339+0000] {logging_mixin.py:188} INFO - [2025-05-02T19:53:49.339+0000] {dag.py:3954} INFO - Setting next_dagrun for example_xcom_args to None, run_after=None
[2025-05-02T19:53:49.342+0000] {logging_mixin.py:188} INFO - [2025-05-02T19:53:49.342+0000] {dag.py:3954} INFO - Setting next_dagrun for example_xcom_args_with_operators to None, run_after=None
[2025-05-02T19:53:49.356+0000] {processor.py:183} INFO - Processing /home/airflow/.local/lib/python3.12/site-packages/airflow/example_dags/example_xcomargs.py took 0.070 seconds
[2025-05-02T19:54:21.717+0000] {processor.py:161} INFO - Started process (PID=1454) to work on /home/airflow/.local/lib/python3.12/site-packages/airflow/example_dags/example_xcomargs.py
[2025-05-02T19:54:21.718+0000] {processor.py:830} INFO - Processing file /home/airflow/.local/lib/python3.12/site-packages/airflow/example_dags/example_xcomargs.py for tasks to queue
[2025-05-02T19:54:21.719+0000] {logging_mixin.py:188} INFO - [2025-05-02T19:54:21.719+0000] {dagbag.py:545} INFO - Filling up the DagBag from /home/airflow/.local/lib/python3.12/site-packages/airflow/example_dags/example_xcomargs.py
[2025-05-02T19:54:21.726+0000] {processor.py:840} INFO - DAG(s) 'example_xcom_args', 'example_xcom_args_with_operators' retrieved from /home/airflow/.local/lib/python3.12/site-packages/airflow/example_dags/example_xcomargs.py
[2025-05-02T19:54:21.744+0000] {logging_mixin.py:188} INFO - [2025-05-02T19:54:21.744+0000] {dag.py:3096} INFO - Sync 2 DAGs
[2025-05-02T19:54:21.755+0000] {logging_mixin.py:188} INFO - [2025-05-02T19:54:21.755+0000] {dag.py:3954} INFO - Setting next_dagrun for example_xcom_args to None, run_after=None
[2025-05-02T19:54:21.758+0000] {logging_mixin.py:188} INFO - [2025-05-02T19:54:21.758+0000] {dag.py:3954} INFO - Setting next_dagrun for example_xcom_args_with_operators to None, run_after=None
[2025-05-02T19:54:21.770+0000] {processor.py:183} INFO - Processing /home/airflow/.local/lib/python3.12/site-packages/airflow/example_dags/example_xcomargs.py took 0.057 seconds
[2025-05-02T19:54:54.005+0000] {processor.py:161} INFO - Started process (PID=1514) to work on /home/airflow/.local/lib/python3.12/site-packages/airflow/example_dags/example_xcomargs.py
[2025-05-02T19:54:54.006+0000] {processor.py:830} INFO - Processing file /home/airflow/.local/lib/python3.12/site-packages/airflow/example_dags/example_xcomargs.py for tasks to queue
[2025-05-02T19:54:54.007+0000] {logging_mixin.py:188} INFO - [2025-05-02T19:54:54.007+0000] {dagbag.py:545} INFO - Filling up the DagBag from /home/airflow/.local/lib/python3.12/site-packages/airflow/example_dags/example_xcomargs.py
[2025-05-02T19:54:54.012+0000] {processor.py:840} INFO - DAG(s) 'example_xcom_args', 'example_xcom_args_with_operators' retrieved from /home/airflow/.local/lib/python3.12/site-packages/airflow/example_dags/example_xcomargs.py
[2025-05-02T19:54:54.029+0000] {logging_mixin.py:188} INFO - [2025-05-02T19:54:54.028+0000] {dag.py:3096} INFO - Sync 2 DAGs
[2025-05-02T19:54:54.038+0000] {logging_mixin.py:188} INFO - [2025-05-02T19:54:54.037+0000] {dag.py:3954} INFO - Setting next_dagrun for example_xcom_args to None, run_after=None
[2025-05-02T19:54:54.040+0000] {logging_mixin.py:188} INFO - [2025-05-02T19:54:54.040+0000] {dag.py:3954} INFO - Setting next_dagrun for example_xcom_args_with_operators to None, run_after=None
[2025-05-02T19:54:54.051+0000] {processor.py:183} INFO - Processing /home/airflow/.local/lib/python3.12/site-packages/airflow/example_dags/example_xcomargs.py took 0.050 seconds
[2025-05-02T19:55:25.808+0000] {processor.py:161} INFO - Started process (PID=1574) to work on /home/airflow/.local/lib/python3.12/site-packages/airflow/example_dags/example_xcomargs.py
[2025-05-02T19:55:25.809+0000] {processor.py:830} INFO - Processing file /home/airflow/.local/lib/python3.12/site-packages/airflow/example_dags/example_xcomargs.py for tasks to queue
[2025-05-02T19:55:25.811+0000] {logging_mixin.py:188} INFO - [2025-05-02T19:55:25.810+0000] {dagbag.py:545} INFO - Filling up the DagBag from /home/airflow/.local/lib/python3.12/site-packages/airflow/example_dags/example_xcomargs.py
[2025-05-02T19:55:25.817+0000] {processor.py:840} INFO - DAG(s) 'example_xcom_args', 'example_xcom_args_with_operators' retrieved from /home/airflow/.local/lib/python3.12/site-packages/airflow/example_dags/example_xcomargs.py
[2025-05-02T19:55:25.834+0000] {logging_mixin.py:188} INFO - [2025-05-02T19:55:25.834+0000] {dag.py:3096} INFO - Sync 2 DAGs
[2025-05-02T19:55:25.844+0000] {logging_mixin.py:188} INFO - [2025-05-02T19:55:25.844+0000] {dag.py:3954} INFO - Setting next_dagrun for example_xcom_args to None, run_after=None
[2025-05-02T19:55:25.846+0000] {logging_mixin.py:188} INFO - [2025-05-02T19:55:25.846+0000] {dag.py:3954} INFO - Setting next_dagrun for example_xcom_args_with_operators to None, run_after=None
[2025-05-02T19:55:25.860+0000] {processor.py:183} INFO - Processing /home/airflow/.local/lib/python3.12/site-packages/airflow/example_dags/example_xcomargs.py took 0.056 seconds
[2025-05-02T19:55:58.821+0000] {processor.py:161} INFO - Started process (PID=1634) to work on /home/airflow/.local/lib/python3.12/site-packages/airflow/example_dags/example_xcomargs.py
[2025-05-02T19:55:58.822+0000] {processor.py:830} INFO - Processing file /home/airflow/.local/lib/python3.12/site-packages/airflow/example_dags/example_xcomargs.py for tasks to queue
[2025-05-02T19:55:58.823+0000] {logging_mixin.py:188} INFO - [2025-05-02T19:55:58.823+0000] {dagbag.py:545} INFO - Filling up the DagBag from /home/airflow/.local/lib/python3.12/site-packages/airflow/example_dags/example_xcomargs.py
[2025-05-02T19:55:58.829+0000] {processor.py:840} INFO - DAG(s) 'example_xcom_args_with_operators', 'example_xcom_args' retrieved from /home/airflow/.local/lib/python3.12/site-packages/airflow/example_dags/example_xcomargs.py
[2025-05-02T19:55:58.845+0000] {logging_mixin.py:188} INFO - [2025-05-02T19:55:58.844+0000] {dag.py:3096} INFO - Sync 2 DAGs
[2025-05-02T19:55:58.854+0000] {logging_mixin.py:188} INFO - [2025-05-02T19:55:58.854+0000] {dag.py:3954} INFO - Setting next_dagrun for example_xcom_args to None, run_after=None
[2025-05-02T19:55:58.857+0000] {logging_mixin.py:188} INFO - [2025-05-02T19:55:58.857+0000] {dag.py:3954} INFO - Setting next_dagrun for example_xcom_args_with_operators to None, run_after=None
[2025-05-02T19:55:58.869+0000] {processor.py:183} INFO - Processing /home/airflow/.local/lib/python3.12/site-packages/airflow/example_dags/example_xcomargs.py took 0.053 seconds
[2025-05-02T19:56:30.655+0000] {processor.py:161} INFO - Started process (PID=1694) to work on /home/airflow/.local/lib/python3.12/site-packages/airflow/example_dags/example_xcomargs.py
[2025-05-02T19:56:30.656+0000] {processor.py:830} INFO - Processing file /home/airflow/.local/lib/python3.12/site-packages/airflow/example_dags/example_xcomargs.py for tasks to queue
[2025-05-02T19:56:30.658+0000] {logging_mixin.py:188} INFO - [2025-05-02T19:56:30.657+0000] {dagbag.py:545} INFO - Filling up the DagBag from /home/airflow/.local/lib/python3.12/site-packages/airflow/example_dags/example_xcomargs.py
[2025-05-02T19:56:30.663+0000] {processor.py:840} INFO - DAG(s) 'example_xcom_args_with_operators', 'example_xcom_args' retrieved from /home/airflow/.local/lib/python3.12/site-packages/airflow/example_dags/example_xcomargs.py
[2025-05-02T19:56:30.679+0000] {logging_mixin.py:188} INFO - [2025-05-02T19:56:30.678+0000] {dag.py:3096} INFO - Sync 2 DAGs
[2025-05-02T19:56:30.688+0000] {logging_mixin.py:188} INFO - [2025-05-02T19:56:30.688+0000] {dag.py:3954} INFO - Setting next_dagrun for example_xcom_args to None, run_after=None
[2025-05-02T19:56:30.691+0000] {logging_mixin.py:188} INFO - [2025-05-02T19:56:30.691+0000] {dag.py:3954} INFO - Setting next_dagrun for example_xcom_args_with_operators to None, run_after=None
[2025-05-02T19:56:30.705+0000] {processor.py:183} INFO - Processing /home/airflow/.local/lib/python3.12/site-packages/airflow/example_dags/example_xcomargs.py took 0.054 seconds
[2025-05-02T19:57:03.748+0000] {processor.py:161} INFO - Started process (PID=1754) to work on /home/airflow/.local/lib/python3.12/site-packages/airflow/example_dags/example_xcomargs.py
[2025-05-02T19:57:03.749+0000] {processor.py:830} INFO - Processing file /home/airflow/.local/lib/python3.12/site-packages/airflow/example_dags/example_xcomargs.py for tasks to queue
[2025-05-02T19:57:03.751+0000] {logging_mixin.py:188} INFO - [2025-05-02T19:57:03.751+0000] {dagbag.py:545} INFO - Filling up the DagBag from /home/airflow/.local/lib/python3.12/site-packages/airflow/example_dags/example_xcomargs.py
[2025-05-02T19:57:03.757+0000] {processor.py:840} INFO - DAG(s) 'example_xcom_args_with_operators', 'example_xcom_args' retrieved from /home/airflow/.local/lib/python3.12/site-packages/airflow/example_dags/example_xcomargs.py
[2025-05-02T19:57:03.777+0000] {logging_mixin.py:188} INFO - [2025-05-02T19:57:03.776+0000] {dag.py:3096} INFO - Sync 2 DAGs
[2025-05-02T19:57:03.788+0000] {logging_mixin.py:188} INFO - [2025-05-02T19:57:03.788+0000] {dag.py:3954} INFO - Setting next_dagrun for example_xcom_args to None, run_after=None
[2025-05-02T19:57:03.791+0000] {logging_mixin.py:188} INFO - [2025-05-02T19:57:03.791+0000] {dag.py:3954} INFO - Setting next_dagrun for example_xcom_args_with_operators to None, run_after=None
[2025-05-02T19:57:03.804+0000] {processor.py:183} INFO - Processing /home/airflow/.local/lib/python3.12/site-packages/airflow/example_dags/example_xcomargs.py took 0.060 seconds
[2025-05-02T19:57:35.734+0000] {processor.py:161} INFO - Started process (PID=1814) to work on /home/airflow/.local/lib/python3.12/site-packages/airflow/example_dags/example_xcomargs.py
[2025-05-02T19:57:35.735+0000] {processor.py:830} INFO - Processing file /home/airflow/.local/lib/python3.12/site-packages/airflow/example_dags/example_xcomargs.py for tasks to queue
[2025-05-02T19:57:35.737+0000] {logging_mixin.py:188} INFO - [2025-05-02T19:57:35.736+0000] {dagbag.py:545} INFO - Filling up the DagBag from /home/airflow/.local/lib/python3.12/site-packages/airflow/example_dags/example_xcomargs.py
[2025-05-02T19:57:35.744+0000] {processor.py:840} INFO - DAG(s) 'example_xcom_args', 'example_xcom_args_with_operators' retrieved from /home/airflow/.local/lib/python3.12/site-packages/airflow/example_dags/example_xcomargs.py
[2025-05-02T19:57:35.763+0000] {logging_mixin.py:188} INFO - [2025-05-02T19:57:35.763+0000] {dag.py:3096} INFO - Sync 2 DAGs
[2025-05-02T19:57:35.774+0000] {logging_mixin.py:188} INFO - [2025-05-02T19:57:35.774+0000] {dag.py:3954} INFO - Setting next_dagrun for example_xcom_args to None, run_after=None
[2025-05-02T19:57:35.778+0000] {logging_mixin.py:188} INFO - [2025-05-02T19:57:35.778+0000] {dag.py:3954} INFO - Setting next_dagrun for example_xcom_args_with_operators to None, run_after=None
[2025-05-02T19:57:35.792+0000] {processor.py:183} INFO - Processing /home/airflow/.local/lib/python3.12/site-packages/airflow/example_dags/example_xcomargs.py took 0.062 seconds
[2025-05-02T19:58:08.315+0000] {processor.py:161} INFO - Started process (PID=1874) to work on /home/airflow/.local/lib/python3.12/site-packages/airflow/example_dags/example_xcomargs.py
[2025-05-02T19:58:08.316+0000] {processor.py:830} INFO - Processing file /home/airflow/.local/lib/python3.12/site-packages/airflow/example_dags/example_xcomargs.py for tasks to queue
[2025-05-02T19:58:08.318+0000] {logging_mixin.py:188} INFO - [2025-05-02T19:58:08.317+0000] {dagbag.py:545} INFO - Filling up the DagBag from /home/airflow/.local/lib/python3.12/site-packages/airflow/example_dags/example_xcomargs.py
[2025-05-02T19:58:08.326+0000] {processor.py:840} INFO - DAG(s) 'example_xcom_args_with_operators', 'example_xcom_args' retrieved from /home/airflow/.local/lib/python3.12/site-packages/airflow/example_dags/example_xcomargs.py
[2025-05-02T19:58:08.346+0000] {logging_mixin.py:188} INFO - [2025-05-02T19:58:08.346+0000] {dag.py:3096} INFO - Sync 2 DAGs
[2025-05-02T19:58:08.357+0000] {logging_mixin.py:188} INFO - [2025-05-02T19:58:08.357+0000] {dag.py:3954} INFO - Setting next_dagrun for example_xcom_args to None, run_after=None
[2025-05-02T19:58:08.361+0000] {logging_mixin.py:188} INFO - [2025-05-02T19:58:08.360+0000] {dag.py:3954} INFO - Setting next_dagrun for example_xcom_args_with_operators to None, run_after=None
[2025-05-02T19:58:08.375+0000] {processor.py:183} INFO - Processing /home/airflow/.local/lib/python3.12/site-packages/airflow/example_dags/example_xcomargs.py took 0.064 seconds
[2025-05-02T19:58:40.833+0000] {processor.py:161} INFO - Started process (PID=1934) to work on /home/airflow/.local/lib/python3.12/site-packages/airflow/example_dags/example_xcomargs.py
[2025-05-02T19:58:40.833+0000] {processor.py:830} INFO - Processing file /home/airflow/.local/lib/python3.12/site-packages/airflow/example_dags/example_xcomargs.py for tasks to queue
[2025-05-02T19:58:40.835+0000] {logging_mixin.py:188} INFO - [2025-05-02T19:58:40.834+0000] {dagbag.py:545} INFO - Filling up the DagBag from /home/airflow/.local/lib/python3.12/site-packages/airflow/example_dags/example_xcomargs.py
[2025-05-02T19:58:40.841+0000] {processor.py:840} INFO - DAG(s) 'example_xcom_args_with_operators', 'example_xcom_args' retrieved from /home/airflow/.local/lib/python3.12/site-packages/airflow/example_dags/example_xcomargs.py
[2025-05-02T19:58:40.857+0000] {logging_mixin.py:188} INFO - [2025-05-02T19:58:40.857+0000] {dag.py:3096} INFO - Sync 2 DAGs
[2025-05-02T19:58:40.867+0000] {logging_mixin.py:188} INFO - [2025-05-02T19:58:40.867+0000] {dag.py:3954} INFO - Setting next_dagrun for example_xcom_args to None, run_after=None
[2025-05-02T19:58:40.871+0000] {logging_mixin.py:188} INFO - [2025-05-02T19:58:40.870+0000] {dag.py:3954} INFO - Setting next_dagrun for example_xcom_args_with_operators to None, run_after=None
[2025-05-02T19:58:40.884+0000] {processor.py:183} INFO - Processing /home/airflow/.local/lib/python3.12/site-packages/airflow/example_dags/example_xcomargs.py took 0.056 seconds
[2025-05-02T19:59:13.054+0000] {processor.py:161} INFO - Started process (PID=1994) to work on /home/airflow/.local/lib/python3.12/site-packages/airflow/example_dags/example_xcomargs.py
[2025-05-02T19:59:13.056+0000] {processor.py:830} INFO - Processing file /home/airflow/.local/lib/python3.12/site-packages/airflow/example_dags/example_xcomargs.py for tasks to queue
[2025-05-02T19:59:13.057+0000] {logging_mixin.py:188} INFO - [2025-05-02T19:59:13.057+0000] {dagbag.py:545} INFO - Filling up the DagBag from /home/airflow/.local/lib/python3.12/site-packages/airflow/example_dags/example_xcomargs.py
[2025-05-02T19:59:13.065+0000] {processor.py:840} INFO - DAG(s) 'example_xcom_args_with_operators', 'example_xcom_args' retrieved from /home/airflow/.local/lib/python3.12/site-packages/airflow/example_dags/example_xcomargs.py
[2025-05-02T19:59:13.081+0000] {logging_mixin.py:188} INFO - [2025-05-02T19:59:13.081+0000] {dag.py:3096} INFO - Sync 2 DAGs
[2025-05-02T19:59:13.092+0000] {logging_mixin.py:188} INFO - [2025-05-02T19:59:13.092+0000] {dag.py:3954} INFO - Setting next_dagrun for example_xcom_args to None, run_after=None
[2025-05-02T19:59:13.096+0000] {logging_mixin.py:188} INFO - [2025-05-02T19:59:13.095+0000] {dag.py:3954} INFO - Setting next_dagrun for example_xcom_args_with_operators to None, run_after=None
[2025-05-02T19:59:13.108+0000] {processor.py:183} INFO - Processing /home/airflow/.local/lib/python3.12/site-packages/airflow/example_dags/example_xcomargs.py took 0.059 seconds
[2025-05-02T19:59:46.128+0000] {processor.py:161} INFO - Started process (PID=2054) to work on /home/airflow/.local/lib/python3.12/site-packages/airflow/example_dags/example_xcomargs.py
[2025-05-02T19:59:46.129+0000] {processor.py:830} INFO - Processing file /home/airflow/.local/lib/python3.12/site-packages/airflow/example_dags/example_xcomargs.py for tasks to queue
[2025-05-02T19:59:46.131+0000] {logging_mixin.py:188} INFO - [2025-05-02T19:59:46.131+0000] {dagbag.py:545} INFO - Filling up the DagBag from /home/airflow/.local/lib/python3.12/site-packages/airflow/example_dags/example_xcomargs.py
[2025-05-02T19:59:46.137+0000] {processor.py:840} INFO - DAG(s) 'example_xcom_args', 'example_xcom_args_with_operators' retrieved from /home/airflow/.local/lib/python3.12/site-packages/airflow/example_dags/example_xcomargs.py
[2025-05-02T19:59:46.156+0000] {logging_mixin.py:188} INFO - [2025-05-02T19:59:46.156+0000] {dag.py:3096} INFO - Sync 2 DAGs
[2025-05-02T19:59:46.169+0000] {logging_mixin.py:188} INFO - [2025-05-02T19:59:46.168+0000] {dag.py:3954} INFO - Setting next_dagrun for example_xcom_args to None, run_after=None
[2025-05-02T19:59:46.172+0000] {logging_mixin.py:188} INFO - [2025-05-02T19:59:46.172+0000] {dag.py:3954} INFO - Setting next_dagrun for example_xcom_args_with_operators to None, run_after=None
[2025-05-02T19:59:46.186+0000] {processor.py:183} INFO - Processing /home/airflow/.local/lib/python3.12/site-packages/airflow/example_dags/example_xcomargs.py took 0.063 seconds
[2025-05-02T20:00:18.780+0000] {processor.py:161} INFO - Started process (PID=2114) to work on /home/airflow/.local/lib/python3.12/site-packages/airflow/example_dags/example_xcomargs.py
[2025-05-02T20:00:18.781+0000] {processor.py:830} INFO - Processing file /home/airflow/.local/lib/python3.12/site-packages/airflow/example_dags/example_xcomargs.py for tasks to queue
[2025-05-02T20:00:18.782+0000] {logging_mixin.py:188} INFO - [2025-05-02T20:00:18.782+0000] {dagbag.py:545} INFO - Filling up the DagBag from /home/airflow/.local/lib/python3.12/site-packages/airflow/example_dags/example_xcomargs.py
[2025-05-02T20:00:18.788+0000] {processor.py:840} INFO - DAG(s) 'example_xcom_args_with_operators', 'example_xcom_args' retrieved from /home/airflow/.local/lib/python3.12/site-packages/airflow/example_dags/example_xcomargs.py
[2025-05-02T20:00:18.804+0000] {logging_mixin.py:188} INFO - [2025-05-02T20:00:18.804+0000] {dag.py:3096} INFO - Sync 2 DAGs
[2025-05-02T20:00:18.815+0000] {logging_mixin.py:188} INFO - [2025-05-02T20:00:18.815+0000] {dag.py:3954} INFO - Setting next_dagrun for example_xcom_args to None, run_after=None
[2025-05-02T20:00:18.818+0000] {logging_mixin.py:188} INFO - [2025-05-02T20:00:18.818+0000] {dag.py:3954} INFO - Setting next_dagrun for example_xcom_args_with_operators to None, run_after=None
[2025-05-02T20:00:18.931+0000] {processor.py:183} INFO - Processing /home/airflow/.local/lib/python3.12/site-packages/airflow/example_dags/example_xcomargs.py took 0.155 seconds
[2025-05-02T20:00:51.005+0000] {processor.py:161} INFO - Started process (PID=2174) to work on /home/airflow/.local/lib/python3.12/site-packages/airflow/example_dags/example_xcomargs.py
[2025-05-02T20:00:51.005+0000] {processor.py:830} INFO - Processing file /home/airflow/.local/lib/python3.12/site-packages/airflow/example_dags/example_xcomargs.py for tasks to queue
[2025-05-02T20:00:51.006+0000] {logging_mixin.py:188} INFO - [2025-05-02T20:00:51.006+0000] {dagbag.py:545} INFO - Filling up the DagBag from /home/airflow/.local/lib/python3.12/site-packages/airflow/example_dags/example_xcomargs.py
[2025-05-02T20:00:51.012+0000] {processor.py:840} INFO - DAG(s) 'example_xcom_args_with_operators', 'example_xcom_args' retrieved from /home/airflow/.local/lib/python3.12/site-packages/airflow/example_dags/example_xcomargs.py
[2025-05-02T20:00:51.029+0000] {logging_mixin.py:188} INFO - [2025-05-02T20:00:51.029+0000] {dag.py:3096} INFO - Sync 2 DAGs
[2025-05-02T20:00:51.039+0000] {logging_mixin.py:188} INFO - [2025-05-02T20:00:51.038+0000] {dag.py:3954} INFO - Setting next_dagrun for example_xcom_args to None, run_after=None
[2025-05-02T20:00:51.041+0000] {logging_mixin.py:188} INFO - [2025-05-02T20:00:51.041+0000] {dag.py:3954} INFO - Setting next_dagrun for example_xcom_args_with_operators to None, run_after=None
[2025-05-02T20:00:51.055+0000] {processor.py:183} INFO - Processing /home/airflow/.local/lib/python3.12/site-packages/airflow/example_dags/example_xcomargs.py took 0.054 seconds
[2025-05-02T20:01:24.054+0000] {processor.py:161} INFO - Started process (PID=2234) to work on /home/airflow/.local/lib/python3.12/site-packages/airflow/example_dags/example_xcomargs.py
[2025-05-02T20:01:24.054+0000] {processor.py:830} INFO - Processing file /home/airflow/.local/lib/python3.12/site-packages/airflow/example_dags/example_xcomargs.py for tasks to queue
[2025-05-02T20:01:24.056+0000] {logging_mixin.py:188} INFO - [2025-05-02T20:01:24.055+0000] {dagbag.py:545} INFO - Filling up the DagBag from /home/airflow/.local/lib/python3.12/site-packages/airflow/example_dags/example_xcomargs.py
[2025-05-02T20:01:24.061+0000] {processor.py:840} INFO - DAG(s) 'example_xcom_args', 'example_xcom_args_with_operators' retrieved from /home/airflow/.local/lib/python3.12/site-packages/airflow/example_dags/example_xcomargs.py
[2025-05-02T20:01:24.078+0000] {logging_mixin.py:188} INFO - [2025-05-02T20:01:24.078+0000] {dag.py:3096} INFO - Sync 2 DAGs
[2025-05-02T20:01:24.087+0000] {logging_mixin.py:188} INFO - [2025-05-02T20:01:24.087+0000] {dag.py:3954} INFO - Setting next_dagrun for example_xcom_args to None, run_after=None
[2025-05-02T20:01:24.089+0000] {logging_mixin.py:188} INFO - [2025-05-02T20:01:24.089+0000] {dag.py:3954} INFO - Setting next_dagrun for example_xcom_args_with_operators to None, run_after=None
[2025-05-02T20:01:24.101+0000] {processor.py:183} INFO - Processing /home/airflow/.local/lib/python3.12/site-packages/airflow/example_dags/example_xcomargs.py took 0.051 seconds
[2025-05-02T20:01:56.219+0000] {processor.py:161} INFO - Started process (PID=2294) to work on /home/airflow/.local/lib/python3.12/site-packages/airflow/example_dags/example_xcomargs.py
[2025-05-02T20:01:56.220+0000] {processor.py:830} INFO - Processing file /home/airflow/.local/lib/python3.12/site-packages/airflow/example_dags/example_xcomargs.py for tasks to queue
[2025-05-02T20:01:56.221+0000] {logging_mixin.py:188} INFO - [2025-05-02T20:01:56.221+0000] {dagbag.py:545} INFO - Filling up the DagBag from /home/airflow/.local/lib/python3.12/site-packages/airflow/example_dags/example_xcomargs.py
[2025-05-02T20:01:56.228+0000] {processor.py:840} INFO - DAG(s) 'example_xcom_args', 'example_xcom_args_with_operators' retrieved from /home/airflow/.local/lib/python3.12/site-packages/airflow/example_dags/example_xcomargs.py
[2025-05-02T20:01:56.245+0000] {logging_mixin.py:188} INFO - [2025-05-02T20:01:56.244+0000] {dag.py:3096} INFO - Sync 2 DAGs
[2025-05-02T20:01:56.345+0000] {logging_mixin.py:188} INFO - [2025-05-02T20:01:56.345+0000] {dag.py:3954} INFO - Setting next_dagrun for example_xcom_args to None, run_after=None
[2025-05-02T20:01:56.348+0000] {logging_mixin.py:188} INFO - [2025-05-02T20:01:56.348+0000] {dag.py:3954} INFO - Setting next_dagrun for example_xcom_args_with_operators to None, run_after=None
[2025-05-02T20:01:56.360+0000] {processor.py:183} INFO - Processing /home/airflow/.local/lib/python3.12/site-packages/airflow/example_dags/example_xcomargs.py took 0.147 seconds
[2025-05-02T20:02:27.836+0000] {processor.py:161} INFO - Started process (PID=2354) to work on /home/airflow/.local/lib/python3.12/site-packages/airflow/example_dags/example_xcomargs.py
[2025-05-02T20:02:27.837+0000] {processor.py:830} INFO - Processing file /home/airflow/.local/lib/python3.12/site-packages/airflow/example_dags/example_xcomargs.py for tasks to queue
[2025-05-02T20:02:27.839+0000] {logging_mixin.py:188} INFO - [2025-05-02T20:02:27.838+0000] {dagbag.py:545} INFO - Filling up the DagBag from /home/airflow/.local/lib/python3.12/site-packages/airflow/example_dags/example_xcomargs.py
[2025-05-02T20:02:27.846+0000] {processor.py:840} INFO - DAG(s) 'example_xcom_args', 'example_xcom_args_with_operators' retrieved from /home/airflow/.local/lib/python3.12/site-packages/airflow/example_dags/example_xcomargs.py
[2025-05-02T20:02:27.864+0000] {logging_mixin.py:188} INFO - [2025-05-02T20:02:27.864+0000] {dag.py:3096} INFO - Sync 2 DAGs
[2025-05-02T20:02:27.875+0000] {logging_mixin.py:188} INFO - [2025-05-02T20:02:27.875+0000] {dag.py:3954} INFO - Setting next_dagrun for example_xcom_args to None, run_after=None
[2025-05-02T20:02:27.878+0000] {logging_mixin.py:188} INFO - [2025-05-02T20:02:27.878+0000] {dag.py:3954} INFO - Setting next_dagrun for example_xcom_args_with_operators to None, run_after=None
[2025-05-02T20:02:27.891+0000] {processor.py:183} INFO - Processing /home/airflow/.local/lib/python3.12/site-packages/airflow/example_dags/example_xcomargs.py took 0.061 seconds
[2025-05-02T20:03:00.943+0000] {processor.py:161} INFO - Started process (PID=2415) to work on /home/airflow/.local/lib/python3.12/site-packages/airflow/example_dags/example_xcomargs.py
[2025-05-02T20:03:00.944+0000] {processor.py:830} INFO - Processing file /home/airflow/.local/lib/python3.12/site-packages/airflow/example_dags/example_xcomargs.py for tasks to queue
[2025-05-02T20:03:00.946+0000] {logging_mixin.py:188} INFO - [2025-05-02T20:03:00.946+0000] {dagbag.py:545} INFO - Filling up the DagBag from /home/airflow/.local/lib/python3.12/site-packages/airflow/example_dags/example_xcomargs.py
[2025-05-02T20:03:00.951+0000] {processor.py:840} INFO - DAG(s) 'example_xcom_args_with_operators', 'example_xcom_args' retrieved from /home/airflow/.local/lib/python3.12/site-packages/airflow/example_dags/example_xcomargs.py
[2025-05-02T20:03:00.970+0000] {logging_mixin.py:188} INFO - [2025-05-02T20:03:00.970+0000] {dag.py:3096} INFO - Sync 2 DAGs
[2025-05-02T20:03:00.980+0000] {logging_mixin.py:188} INFO - [2025-05-02T20:03:00.980+0000] {dag.py:3954} INFO - Setting next_dagrun for example_xcom_args to None, run_after=None
[2025-05-02T20:03:00.983+0000] {logging_mixin.py:188} INFO - [2025-05-02T20:03:00.983+0000] {dag.py:3954} INFO - Setting next_dagrun for example_xcom_args_with_operators to None, run_after=None
[2025-05-02T20:03:00.996+0000] {processor.py:183} INFO - Processing /home/airflow/.local/lib/python3.12/site-packages/airflow/example_dags/example_xcomargs.py took 0.057 seconds
[2025-05-02T20:03:35.731+0000] {processor.py:161} INFO - Started process (PID=2475) to work on /home/airflow/.local/lib/python3.12/site-packages/airflow/example_dags/example_xcomargs.py
[2025-05-02T20:03:35.732+0000] {processor.py:830} INFO - Processing file /home/airflow/.local/lib/python3.12/site-packages/airflow/example_dags/example_xcomargs.py for tasks to queue
[2025-05-02T20:03:35.734+0000] {logging_mixin.py:188} INFO - [2025-05-02T20:03:35.734+0000] {dagbag.py:545} INFO - Filling up the DagBag from /home/airflow/.local/lib/python3.12/site-packages/airflow/example_dags/example_xcomargs.py
[2025-05-02T20:03:35.853+0000] {processor.py:840} INFO - DAG(s) 'example_xcom_args', 'example_xcom_args_with_operators' retrieved from /home/airflow/.local/lib/python3.12/site-packages/airflow/example_dags/example_xcomargs.py
[2025-05-02T20:03:35.869+0000] {logging_mixin.py:188} INFO - [2025-05-02T20:03:35.869+0000] {dag.py:3096} INFO - Sync 2 DAGs
[2025-05-02T20:03:35.878+0000] {logging_mixin.py:188} INFO - [2025-05-02T20:03:35.878+0000] {dag.py:3954} INFO - Setting next_dagrun for example_xcom_args to None, run_after=None
[2025-05-02T20:03:35.881+0000] {logging_mixin.py:188} INFO - [2025-05-02T20:03:35.881+0000] {dag.py:3954} INFO - Setting next_dagrun for example_xcom_args_with_operators to None, run_after=None
[2025-05-02T20:03:35.893+0000] {processor.py:183} INFO - Processing /home/airflow/.local/lib/python3.12/site-packages/airflow/example_dags/example_xcomargs.py took 0.167 seconds
[2025-05-02T20:04:06.340+0000] {processor.py:161} INFO - Started process (PID=2535) to work on /home/airflow/.local/lib/python3.12/site-packages/airflow/example_dags/example_xcomargs.py
[2025-05-02T20:04:06.341+0000] {processor.py:830} INFO - Processing file /home/airflow/.local/lib/python3.12/site-packages/airflow/example_dags/example_xcomargs.py for tasks to queue
[2025-05-02T20:04:06.342+0000] {logging_mixin.py:188} INFO - [2025-05-02T20:04:06.342+0000] {dagbag.py:545} INFO - Filling up the DagBag from /home/airflow/.local/lib/python3.12/site-packages/airflow/example_dags/example_xcomargs.py
[2025-05-02T20:04:06.348+0000] {processor.py:840} INFO - DAG(s) 'example_xcom_args', 'example_xcom_args_with_operators' retrieved from /home/airflow/.local/lib/python3.12/site-packages/airflow/example_dags/example_xcomargs.py
[2025-05-02T20:04:06.365+0000] {logging_mixin.py:188} INFO - [2025-05-02T20:04:06.365+0000] {dag.py:3096} INFO - Sync 2 DAGs
[2025-05-02T20:04:06.375+0000] {logging_mixin.py:188} INFO - [2025-05-02T20:04:06.374+0000] {dag.py:3954} INFO - Setting next_dagrun for example_xcom_args to None, run_after=None
[2025-05-02T20:04:06.377+0000] {logging_mixin.py:188} INFO - [2025-05-02T20:04:06.377+0000] {dag.py:3954} INFO - Setting next_dagrun for example_xcom_args_with_operators to None, run_after=None
[2025-05-02T20:04:06.391+0000] {processor.py:183} INFO - Processing /home/airflow/.local/lib/python3.12/site-packages/airflow/example_dags/example_xcomargs.py took 0.056 seconds
[2025-05-02T20:04:38.576+0000] {processor.py:161} INFO - Started process (PID=2595) to work on /home/airflow/.local/lib/python3.12/site-packages/airflow/example_dags/example_xcomargs.py
[2025-05-02T20:04:38.577+0000] {processor.py:830} INFO - Processing file /home/airflow/.local/lib/python3.12/site-packages/airflow/example_dags/example_xcomargs.py for tasks to queue
[2025-05-02T20:04:38.578+0000] {logging_mixin.py:188} INFO - [2025-05-02T20:04:38.578+0000] {dagbag.py:545} INFO - Filling up the DagBag from /home/airflow/.local/lib/python3.12/site-packages/airflow/example_dags/example_xcomargs.py
[2025-05-02T20:04:38.585+0000] {processor.py:840} INFO - DAG(s) 'example_xcom_args_with_operators', 'example_xcom_args' retrieved from /home/airflow/.local/lib/python3.12/site-packages/airflow/example_dags/example_xcomargs.py
[2025-05-02T20:04:38.604+0000] {logging_mixin.py:188} INFO - [2025-05-02T20:04:38.604+0000] {dag.py:3096} INFO - Sync 2 DAGs
[2025-05-02T20:04:38.615+0000] {logging_mixin.py:188} INFO - [2025-05-02T20:04:38.614+0000] {dag.py:3954} INFO - Setting next_dagrun for example_xcom_args to None, run_after=None
[2025-05-02T20:04:38.618+0000] {logging_mixin.py:188} INFO - [2025-05-02T20:04:38.617+0000] {dag.py:3954} INFO - Setting next_dagrun for example_xcom_args_with_operators to None, run_after=None
[2025-05-02T20:04:38.629+0000] {processor.py:183} INFO - Processing /home/airflow/.local/lib/python3.12/site-packages/airflow/example_dags/example_xcomargs.py took 0.059 seconds
[2025-05-02T20:05:10.850+0000] {processor.py:161} INFO - Started process (PID=2655) to work on /home/airflow/.local/lib/python3.12/site-packages/airflow/example_dags/example_xcomargs.py
[2025-05-02T20:05:10.851+0000] {processor.py:830} INFO - Processing file /home/airflow/.local/lib/python3.12/site-packages/airflow/example_dags/example_xcomargs.py for tasks to queue
[2025-05-02T20:05:10.853+0000] {logging_mixin.py:188} INFO - [2025-05-02T20:05:10.853+0000] {dagbag.py:545} INFO - Filling up the DagBag from /home/airflow/.local/lib/python3.12/site-packages/airflow/example_dags/example_xcomargs.py
[2025-05-02T20:05:10.861+0000] {processor.py:840} INFO - DAG(s) 'example_xcom_args', 'example_xcom_args_with_operators' retrieved from /home/airflow/.local/lib/python3.12/site-packages/airflow/example_dags/example_xcomargs.py
[2025-05-02T20:05:10.890+0000] {logging_mixin.py:188} INFO - [2025-05-02T20:05:10.889+0000] {dag.py:3096} INFO - Sync 2 DAGs
[2025-05-02T20:05:10.902+0000] {logging_mixin.py:188} INFO - [2025-05-02T20:05:10.902+0000] {dag.py:3954} INFO - Setting next_dagrun for example_xcom_args to None, run_after=None
[2025-05-02T20:05:10.907+0000] {logging_mixin.py:188} INFO - [2025-05-02T20:05:10.907+0000] {dag.py:3954} INFO - Setting next_dagrun for example_xcom_args_with_operators to None, run_after=None
[2025-05-02T20:05:10.921+0000] {processor.py:183} INFO - Processing /home/airflow/.local/lib/python3.12/site-packages/airflow/example_dags/example_xcomargs.py took 0.077 seconds
[2025-05-02T20:05:43.164+0000] {processor.py:161} INFO - Started process (PID=2715) to work on /home/airflow/.local/lib/python3.12/site-packages/airflow/example_dags/example_xcomargs.py
[2025-05-02T20:05:43.165+0000] {processor.py:830} INFO - Processing file /home/airflow/.local/lib/python3.12/site-packages/airflow/example_dags/example_xcomargs.py for tasks to queue
[2025-05-02T20:05:43.167+0000] {logging_mixin.py:188} INFO - [2025-05-02T20:05:43.167+0000] {dagbag.py:545} INFO - Filling up the DagBag from /home/airflow/.local/lib/python3.12/site-packages/airflow/example_dags/example_xcomargs.py
[2025-05-02T20:05:43.174+0000] {processor.py:840} INFO - DAG(s) 'example_xcom_args_with_operators', 'example_xcom_args' retrieved from /home/airflow/.local/lib/python3.12/site-packages/airflow/example_dags/example_xcomargs.py
[2025-05-02T20:05:43.191+0000] {logging_mixin.py:188} INFO - [2025-05-02T20:05:43.191+0000] {dag.py:3096} INFO - Sync 2 DAGs
[2025-05-02T20:05:43.200+0000] {logging_mixin.py:188} INFO - [2025-05-02T20:05:43.200+0000] {dag.py:3954} INFO - Setting next_dagrun for example_xcom_args to None, run_after=None
[2025-05-02T20:05:43.203+0000] {logging_mixin.py:188} INFO - [2025-05-02T20:05:43.203+0000] {dag.py:3954} INFO - Setting next_dagrun for example_xcom_args_with_operators to None, run_after=None
[2025-05-02T20:05:43.214+0000] {processor.py:183} INFO - Processing /home/airflow/.local/lib/python3.12/site-packages/airflow/example_dags/example_xcomargs.py took 0.055 seconds
[2025-05-02T20:06:16.174+0000] {processor.py:161} INFO - Started process (PID=2775) to work on /home/airflow/.local/lib/python3.12/site-packages/airflow/example_dags/example_xcomargs.py
[2025-05-02T20:06:16.174+0000] {processor.py:830} INFO - Processing file /home/airflow/.local/lib/python3.12/site-packages/airflow/example_dags/example_xcomargs.py for tasks to queue
[2025-05-02T20:06:16.176+0000] {logging_mixin.py:188} INFO - [2025-05-02T20:06:16.175+0000] {dagbag.py:545} INFO - Filling up the DagBag from /home/airflow/.local/lib/python3.12/site-packages/airflow/example_dags/example_xcomargs.py
[2025-05-02T20:06:16.181+0000] {processor.py:840} INFO - DAG(s) 'example_xcom_args', 'example_xcom_args_with_operators' retrieved from /home/airflow/.local/lib/python3.12/site-packages/airflow/example_dags/example_xcomargs.py
[2025-05-02T20:06:16.197+0000] {logging_mixin.py:188} INFO - [2025-05-02T20:06:16.197+0000] {dag.py:3096} INFO - Sync 2 DAGs
[2025-05-02T20:06:16.207+0000] {logging_mixin.py:188} INFO - [2025-05-02T20:06:16.206+0000] {dag.py:3954} INFO - Setting next_dagrun for example_xcom_args to None, run_after=None
[2025-05-02T20:06:16.209+0000] {logging_mixin.py:188} INFO - [2025-05-02T20:06:16.209+0000] {dag.py:3954} INFO - Setting next_dagrun for example_xcom_args_with_operators to None, run_after=None
[2025-05-02T20:06:16.222+0000] {processor.py:183} INFO - Processing /home/airflow/.local/lib/python3.12/site-packages/airflow/example_dags/example_xcomargs.py took 0.052 seconds
[2025-05-02T20:06:48.231+0000] {processor.py:161} INFO - Started process (PID=2835) to work on /home/airflow/.local/lib/python3.12/site-packages/airflow/example_dags/example_xcomargs.py
[2025-05-02T20:06:48.232+0000] {processor.py:830} INFO - Processing file /home/airflow/.local/lib/python3.12/site-packages/airflow/example_dags/example_xcomargs.py for tasks to queue
[2025-05-02T20:06:48.234+0000] {logging_mixin.py:188} INFO - [2025-05-02T20:06:48.233+0000] {dagbag.py:545} INFO - Filling up the DagBag from /home/airflow/.local/lib/python3.12/site-packages/airflow/example_dags/example_xcomargs.py
[2025-05-02T20:06:48.240+0000] {processor.py:840} INFO - DAG(s) 'example_xcom_args', 'example_xcom_args_with_operators' retrieved from /home/airflow/.local/lib/python3.12/site-packages/airflow/example_dags/example_xcomargs.py
[2025-05-02T20:06:48.256+0000] {logging_mixin.py:188} INFO - [2025-05-02T20:06:48.256+0000] {dag.py:3096} INFO - Sync 2 DAGs
[2025-05-02T20:06:48.267+0000] {logging_mixin.py:188} INFO - [2025-05-02T20:06:48.267+0000] {dag.py:3954} INFO - Setting next_dagrun for example_xcom_args to None, run_after=None
[2025-05-02T20:06:48.270+0000] {logging_mixin.py:188} INFO - [2025-05-02T20:06:48.270+0000] {dag.py:3954} INFO - Setting next_dagrun for example_xcom_args_with_operators to None, run_after=None
[2025-05-02T20:06:48.282+0000] {processor.py:183} INFO - Processing /home/airflow/.local/lib/python3.12/site-packages/airflow/example_dags/example_xcomargs.py took 0.055 seconds
[2025-05-02T20:07:21.631+0000] {processor.py:161} INFO - Started process (PID=2895) to work on /home/airflow/.local/lib/python3.12/site-packages/airflow/example_dags/example_xcomargs.py
[2025-05-02T20:07:21.631+0000] {processor.py:830} INFO - Processing file /home/airflow/.local/lib/python3.12/site-packages/airflow/example_dags/example_xcomargs.py for tasks to queue
[2025-05-02T20:07:21.632+0000] {logging_mixin.py:188} INFO - [2025-05-02T20:07:21.632+0000] {dagbag.py:545} INFO - Filling up the DagBag from /home/airflow/.local/lib/python3.12/site-packages/airflow/example_dags/example_xcomargs.py
[2025-05-02T20:07:21.638+0000] {processor.py:840} INFO - DAG(s) 'example_xcom_args', 'example_xcom_args_with_operators' retrieved from /home/airflow/.local/lib/python3.12/site-packages/airflow/example_dags/example_xcomargs.py
[2025-05-02T20:07:21.657+0000] {logging_mixin.py:188} INFO - [2025-05-02T20:07:21.657+0000] {dag.py:3096} INFO - Sync 2 DAGs
[2025-05-02T20:07:21.668+0000] {logging_mixin.py:188} INFO - [2025-05-02T20:07:21.668+0000] {dag.py:3954} INFO - Setting next_dagrun for example_xcom_args to None, run_after=None
[2025-05-02T20:07:21.672+0000] {logging_mixin.py:188} INFO - [2025-05-02T20:07:21.671+0000] {dag.py:3954} INFO - Setting next_dagrun for example_xcom_args_with_operators to None, run_after=None
[2025-05-02T20:07:21.687+0000] {processor.py:183} INFO - Processing /home/airflow/.local/lib/python3.12/site-packages/airflow/example_dags/example_xcomargs.py took 0.060 seconds
[2025-05-02T20:07:53.936+0000] {processor.py:161} INFO - Started process (PID=2956) to work on /home/airflow/.local/lib/python3.12/site-packages/airflow/example_dags/example_xcomargs.py
[2025-05-02T20:07:53.937+0000] {processor.py:830} INFO - Processing file /home/airflow/.local/lib/python3.12/site-packages/airflow/example_dags/example_xcomargs.py for tasks to queue
[2025-05-02T20:07:53.938+0000] {logging_mixin.py:188} INFO - [2025-05-02T20:07:53.938+0000] {dagbag.py:545} INFO - Filling up the DagBag from /home/airflow/.local/lib/python3.12/site-packages/airflow/example_dags/example_xcomargs.py
[2025-05-02T20:07:53.945+0000] {processor.py:840} INFO - DAG(s) 'example_xcom_args', 'example_xcom_args_with_operators' retrieved from /home/airflow/.local/lib/python3.12/site-packages/airflow/example_dags/example_xcomargs.py
[2025-05-02T20:07:53.964+0000] {logging_mixin.py:188} INFO - [2025-05-02T20:07:53.964+0000] {dag.py:3096} INFO - Sync 2 DAGs
[2025-05-02T20:07:53.974+0000] {logging_mixin.py:188} INFO - [2025-05-02T20:07:53.974+0000] {dag.py:3954} INFO - Setting next_dagrun for example_xcom_args to None, run_after=None
[2025-05-02T20:07:53.977+0000] {logging_mixin.py:188} INFO - [2025-05-02T20:07:53.977+0000] {dag.py:3954} INFO - Setting next_dagrun for example_xcom_args_with_operators to None, run_after=None
[2025-05-02T20:07:53.991+0000] {processor.py:183} INFO - Processing /home/airflow/.local/lib/python3.12/site-packages/airflow/example_dags/example_xcomargs.py took 0.059 seconds
[2025-05-02T20:08:26.071+0000] {processor.py:161} INFO - Started process (PID=3016) to work on /home/airflow/.local/lib/python3.12/site-packages/airflow/example_dags/example_xcomargs.py
[2025-05-02T20:08:26.072+0000] {processor.py:830} INFO - Processing file /home/airflow/.local/lib/python3.12/site-packages/airflow/example_dags/example_xcomargs.py for tasks to queue
[2025-05-02T20:08:26.073+0000] {logging_mixin.py:188} INFO - [2025-05-02T20:08:26.073+0000] {dagbag.py:545} INFO - Filling up the DagBag from /home/airflow/.local/lib/python3.12/site-packages/airflow/example_dags/example_xcomargs.py
[2025-05-02T20:08:26.078+0000] {processor.py:840} INFO - DAG(s) 'example_xcom_args_with_operators', 'example_xcom_args' retrieved from /home/airflow/.local/lib/python3.12/site-packages/airflow/example_dags/example_xcomargs.py
[2025-05-02T20:08:26.093+0000] {logging_mixin.py:188} INFO - [2025-05-02T20:08:26.093+0000] {dag.py:3096} INFO - Sync 2 DAGs
[2025-05-02T20:08:26.101+0000] {logging_mixin.py:188} INFO - [2025-05-02T20:08:26.101+0000] {dag.py:3954} INFO - Setting next_dagrun for example_xcom_args to None, run_after=None
[2025-05-02T20:08:26.104+0000] {logging_mixin.py:188} INFO - [2025-05-02T20:08:26.104+0000] {dag.py:3954} INFO - Setting next_dagrun for example_xcom_args_with_operators to None, run_after=None
[2025-05-02T20:08:26.115+0000] {processor.py:183} INFO - Processing /home/airflow/.local/lib/python3.12/site-packages/airflow/example_dags/example_xcomargs.py took 0.048 seconds
[2025-05-02T20:08:59.551+0000] {processor.py:161} INFO - Started process (PID=3076) to work on /home/airflow/.local/lib/python3.12/site-packages/airflow/example_dags/example_xcomargs.py
[2025-05-02T20:08:59.552+0000] {processor.py:830} INFO - Processing file /home/airflow/.local/lib/python3.12/site-packages/airflow/example_dags/example_xcomargs.py for tasks to queue
[2025-05-02T20:08:59.554+0000] {logging_mixin.py:188} INFO - [2025-05-02T20:08:59.553+0000] {dagbag.py:545} INFO - Filling up the DagBag from /home/airflow/.local/lib/python3.12/site-packages/airflow/example_dags/example_xcomargs.py
[2025-05-02T20:08:59.559+0000] {processor.py:840} INFO - DAG(s) 'example_xcom_args_with_operators', 'example_xcom_args' retrieved from /home/airflow/.local/lib/python3.12/site-packages/airflow/example_dags/example_xcomargs.py
[2025-05-02T20:08:59.576+0000] {logging_mixin.py:188} INFO - [2025-05-02T20:08:59.576+0000] {dag.py:3096} INFO - Sync 2 DAGs
[2025-05-02T20:08:59.585+0000] {logging_mixin.py:188} INFO - [2025-05-02T20:08:59.585+0000] {dag.py:3954} INFO - Setting next_dagrun for example_xcom_args to None, run_after=None
[2025-05-02T20:08:59.588+0000] {logging_mixin.py:188} INFO - [2025-05-02T20:08:59.588+0000] {dag.py:3954} INFO - Setting next_dagrun for example_xcom_args_with_operators to None, run_after=None
[2025-05-02T20:08:59.601+0000] {processor.py:183} INFO - Processing /home/airflow/.local/lib/python3.12/site-packages/airflow/example_dags/example_xcomargs.py took 0.054 seconds
[2025-05-02T20:09:32.250+0000] {processor.py:161} INFO - Started process (PID=3136) to work on /home/airflow/.local/lib/python3.12/site-packages/airflow/example_dags/example_xcomargs.py
[2025-05-02T20:09:32.252+0000] {processor.py:830} INFO - Processing file /home/airflow/.local/lib/python3.12/site-packages/airflow/example_dags/example_xcomargs.py for tasks to queue
[2025-05-02T20:09:32.254+0000] {logging_mixin.py:188} INFO - [2025-05-02T20:09:32.254+0000] {dagbag.py:545} INFO - Filling up the DagBag from /home/airflow/.local/lib/python3.12/site-packages/airflow/example_dags/example_xcomargs.py
[2025-05-02T20:09:32.261+0000] {processor.py:840} INFO - DAG(s) 'example_xcom_args', 'example_xcom_args_with_operators' retrieved from /home/airflow/.local/lib/python3.12/site-packages/airflow/example_dags/example_xcomargs.py
[2025-05-02T20:09:32.278+0000] {logging_mixin.py:188} INFO - [2025-05-02T20:09:32.278+0000] {dag.py:3096} INFO - Sync 2 DAGs
[2025-05-02T20:09:32.289+0000] {logging_mixin.py:188} INFO - [2025-05-02T20:09:32.288+0000] {dag.py:3954} INFO - Setting next_dagrun for example_xcom_args to None, run_after=None
[2025-05-02T20:09:32.291+0000] {logging_mixin.py:188} INFO - [2025-05-02T20:09:32.291+0000] {dag.py:3954} INFO - Setting next_dagrun for example_xcom_args_with_operators to None, run_after=None
[2025-05-02T20:09:32.305+0000] {processor.py:183} INFO - Processing /home/airflow/.local/lib/python3.12/site-packages/airflow/example_dags/example_xcomargs.py took 0.065 seconds
[2025-05-02T20:10:04.350+0000] {processor.py:161} INFO - Started process (PID=3196) to work on /home/airflow/.local/lib/python3.12/site-packages/airflow/example_dags/example_xcomargs.py
[2025-05-02T20:10:04.351+0000] {processor.py:830} INFO - Processing file /home/airflow/.local/lib/python3.12/site-packages/airflow/example_dags/example_xcomargs.py for tasks to queue
[2025-05-02T20:10:04.352+0000] {logging_mixin.py:188} INFO - [2025-05-02T20:10:04.352+0000] {dagbag.py:545} INFO - Filling up the DagBag from /home/airflow/.local/lib/python3.12/site-packages/airflow/example_dags/example_xcomargs.py
[2025-05-02T20:10:04.359+0000] {processor.py:840} INFO - DAG(s) 'example_xcom_args', 'example_xcom_args_with_operators' retrieved from /home/airflow/.local/lib/python3.12/site-packages/airflow/example_dags/example_xcomargs.py
[2025-05-02T20:10:04.376+0000] {logging_mixin.py:188} INFO - [2025-05-02T20:10:04.376+0000] {dag.py:3096} INFO - Sync 2 DAGs
[2025-05-02T20:10:04.385+0000] {logging_mixin.py:188} INFO - [2025-05-02T20:10:04.385+0000] {dag.py:3954} INFO - Setting next_dagrun for example_xcom_args to None, run_after=None
[2025-05-02T20:10:04.388+0000] {logging_mixin.py:188} INFO - [2025-05-02T20:10:04.388+0000] {dag.py:3954} INFO - Setting next_dagrun for example_xcom_args_with_operators to None, run_after=None
[2025-05-02T20:10:04.400+0000] {processor.py:183} INFO - Processing /home/airflow/.local/lib/python3.12/site-packages/airflow/example_dags/example_xcomargs.py took 0.054 seconds
[2025-05-02T20:10:36.262+0000] {processor.py:161} INFO - Started process (PID=3256) to work on /home/airflow/.local/lib/python3.12/site-packages/airflow/example_dags/example_xcomargs.py
[2025-05-02T20:10:36.263+0000] {processor.py:830} INFO - Processing file /home/airflow/.local/lib/python3.12/site-packages/airflow/example_dags/example_xcomargs.py for tasks to queue
[2025-05-02T20:10:36.265+0000] {logging_mixin.py:188} INFO - [2025-05-02T20:10:36.264+0000] {dagbag.py:545} INFO - Filling up the DagBag from /home/airflow/.local/lib/python3.12/site-packages/airflow/example_dags/example_xcomargs.py
[2025-05-02T20:10:36.271+0000] {processor.py:840} INFO - DAG(s) 'example_xcom_args_with_operators', 'example_xcom_args' retrieved from /home/airflow/.local/lib/python3.12/site-packages/airflow/example_dags/example_xcomargs.py
[2025-05-02T20:10:36.287+0000] {logging_mixin.py:188} INFO - [2025-05-02T20:10:36.287+0000] {dag.py:3096} INFO - Sync 2 DAGs
[2025-05-02T20:10:36.297+0000] {logging_mixin.py:188} INFO - [2025-05-02T20:10:36.297+0000] {dag.py:3954} INFO - Setting next_dagrun for example_xcom_args to None, run_after=None
[2025-05-02T20:10:36.300+0000] {logging_mixin.py:188} INFO - [2025-05-02T20:10:36.300+0000] {dag.py:3954} INFO - Setting next_dagrun for example_xcom_args_with_operators to None, run_after=None
[2025-05-02T20:10:36.311+0000] {processor.py:183} INFO - Processing /home/airflow/.local/lib/python3.12/site-packages/airflow/example_dags/example_xcomargs.py took 0.053 seconds
[2025-05-02T20:11:09.471+0000] {processor.py:161} INFO - Started process (PID=3316) to work on /home/airflow/.local/lib/python3.12/site-packages/airflow/example_dags/example_xcomargs.py
[2025-05-02T20:11:09.472+0000] {processor.py:830} INFO - Processing file /home/airflow/.local/lib/python3.12/site-packages/airflow/example_dags/example_xcomargs.py for tasks to queue
[2025-05-02T20:11:09.473+0000] {logging_mixin.py:188} INFO - [2025-05-02T20:11:09.473+0000] {dagbag.py:545} INFO - Filling up the DagBag from /home/airflow/.local/lib/python3.12/site-packages/airflow/example_dags/example_xcomargs.py
[2025-05-02T20:11:09.479+0000] {processor.py:840} INFO - DAG(s) 'example_xcom_args_with_operators', 'example_xcom_args' retrieved from /home/airflow/.local/lib/python3.12/site-packages/airflow/example_dags/example_xcomargs.py
[2025-05-02T20:11:09.496+0000] {logging_mixin.py:188} INFO - [2025-05-02T20:11:09.496+0000] {dag.py:3096} INFO - Sync 2 DAGs
[2025-05-02T20:11:09.506+0000] {logging_mixin.py:188} INFO - [2025-05-02T20:11:09.506+0000] {dag.py:3954} INFO - Setting next_dagrun for example_xcom_args to None, run_after=None
[2025-05-02T20:11:09.508+0000] {logging_mixin.py:188} INFO - [2025-05-02T20:11:09.508+0000] {dag.py:3954} INFO - Setting next_dagrun for example_xcom_args_with_operators to None, run_after=None
[2025-05-02T20:11:09.520+0000] {processor.py:183} INFO - Processing /home/airflow/.local/lib/python3.12/site-packages/airflow/example_dags/example_xcomargs.py took 0.053 seconds
[2025-05-02T20:11:41.599+0000] {processor.py:161} INFO - Started process (PID=3376) to work on /home/airflow/.local/lib/python3.12/site-packages/airflow/example_dags/example_xcomargs.py
[2025-05-02T20:11:41.600+0000] {processor.py:830} INFO - Processing file /home/airflow/.local/lib/python3.12/site-packages/airflow/example_dags/example_xcomargs.py for tasks to queue
[2025-05-02T20:11:41.601+0000] {logging_mixin.py:188} INFO - [2025-05-02T20:11:41.601+0000] {dagbag.py:545} INFO - Filling up the DagBag from /home/airflow/.local/lib/python3.12/site-packages/airflow/example_dags/example_xcomargs.py
[2025-05-02T20:11:41.609+0000] {processor.py:840} INFO - DAG(s) 'example_xcom_args_with_operators', 'example_xcom_args' retrieved from /home/airflow/.local/lib/python3.12/site-packages/airflow/example_dags/example_xcomargs.py
[2025-05-02T20:11:41.630+0000] {logging_mixin.py:188} INFO - [2025-05-02T20:11:41.630+0000] {dag.py:3096} INFO - Sync 2 DAGs
[2025-05-02T20:11:41.640+0000] {logging_mixin.py:188} INFO - [2025-05-02T20:11:41.640+0000] {dag.py:3954} INFO - Setting next_dagrun for example_xcom_args to None, run_after=None
[2025-05-02T20:11:41.644+0000] {logging_mixin.py:188} INFO - [2025-05-02T20:11:41.644+0000] {dag.py:3954} INFO - Setting next_dagrun for example_xcom_args_with_operators to None, run_after=None
[2025-05-02T20:11:41.660+0000] {processor.py:183} INFO - Processing /home/airflow/.local/lib/python3.12/site-packages/airflow/example_dags/example_xcomargs.py took 0.067 seconds
[2025-05-02T20:12:14.831+0000] {processor.py:161} INFO - Started process (PID=3436) to work on /home/airflow/.local/lib/python3.12/site-packages/airflow/example_dags/example_xcomargs.py
[2025-05-02T20:12:14.832+0000] {processor.py:830} INFO - Processing file /home/airflow/.local/lib/python3.12/site-packages/airflow/example_dags/example_xcomargs.py for tasks to queue
[2025-05-02T20:12:14.833+0000] {logging_mixin.py:188} INFO - [2025-05-02T20:12:14.833+0000] {dagbag.py:545} INFO - Filling up the DagBag from /home/airflow/.local/lib/python3.12/site-packages/airflow/example_dags/example_xcomargs.py
[2025-05-02T20:12:14.839+0000] {processor.py:840} INFO - DAG(s) 'example_xcom_args_with_operators', 'example_xcom_args' retrieved from /home/airflow/.local/lib/python3.12/site-packages/airflow/example_dags/example_xcomargs.py
[2025-05-02T20:12:14.856+0000] {logging_mixin.py:188} INFO - [2025-05-02T20:12:14.856+0000] {dag.py:3096} INFO - Sync 2 DAGs
[2025-05-02T20:12:14.866+0000] {logging_mixin.py:188} INFO - [2025-05-02T20:12:14.865+0000] {dag.py:3954} INFO - Setting next_dagrun for example_xcom_args to None, run_after=None
[2025-05-02T20:12:14.869+0000] {logging_mixin.py:188} INFO - [2025-05-02T20:12:14.869+0000] {dag.py:3954} INFO - Setting next_dagrun for example_xcom_args_with_operators to None, run_after=None
[2025-05-02T20:12:14.881+0000] {processor.py:183} INFO - Processing /home/airflow/.local/lib/python3.12/site-packages/airflow/example_dags/example_xcomargs.py took 0.054 seconds
[2025-05-02T20:12:46.903+0000] {processor.py:161} INFO - Started process (PID=3496) to work on /home/airflow/.local/lib/python3.12/site-packages/airflow/example_dags/example_xcomargs.py
[2025-05-02T20:12:46.903+0000] {processor.py:830} INFO - Processing file /home/airflow/.local/lib/python3.12/site-packages/airflow/example_dags/example_xcomargs.py for tasks to queue
[2025-05-02T20:12:46.905+0000] {logging_mixin.py:188} INFO - [2025-05-02T20:12:46.905+0000] {dagbag.py:545} INFO - Filling up the DagBag from /home/airflow/.local/lib/python3.12/site-packages/airflow/example_dags/example_xcomargs.py
[2025-05-02T20:12:46.912+0000] {processor.py:840} INFO - DAG(s) 'example_xcom_args', 'example_xcom_args_with_operators' retrieved from /home/airflow/.local/lib/python3.12/site-packages/airflow/example_dags/example_xcomargs.py
[2025-05-02T20:12:46.931+0000] {logging_mixin.py:188} INFO - [2025-05-02T20:12:46.931+0000] {dag.py:3096} INFO - Sync 2 DAGs
[2025-05-02T20:12:46.942+0000] {logging_mixin.py:188} INFO - [2025-05-02T20:12:46.942+0000] {dag.py:3954} INFO - Setting next_dagrun for example_xcom_args to None, run_after=None
[2025-05-02T20:12:46.945+0000] {logging_mixin.py:188} INFO - [2025-05-02T20:12:46.945+0000] {dag.py:3954} INFO - Setting next_dagrun for example_xcom_args_with_operators to None, run_after=None
[2025-05-02T20:12:46.958+0000] {processor.py:183} INFO - Processing /home/airflow/.local/lib/python3.12/site-packages/airflow/example_dags/example_xcomargs.py took 0.060 seconds
