[2025-05-02T19:42:22.380+0000] {processor.py:161} INFO - Started process (PID=71) to work on /home/airflow/.local/lib/python3.12/site-packages/airflow/example_dags/example_short_circuit_operator.py
[2025-05-02T19:42:22.381+0000] {processor.py:830} INFO - Processing file /home/airflow/.local/lib/python3.12/site-packages/airflow/example_dags/example_short_circuit_operator.py for tasks to queue
[2025-05-02T19:42:22.383+0000] {logging_mixin.py:188} INFO - [2025-05-02T19:42:22.383+0000] {dagbag.py:545} INFO - Filling up the DagBag from /home/airflow/.local/lib/python3.12/site-packages/airflow/example_dags/example_short_circuit_operator.py
[2025-05-02T19:42:22.390+0000] {processor.py:840} INFO - DAG(s) 'example_short_circuit_operator' retrieved from /home/airflow/.local/lib/python3.12/site-packages/airflow/example_dags/example_short_circuit_operator.py
[2025-05-02T19:42:22.481+0000] {logging_mixin.py:188} INFO - [2025-05-02T19:42:22.481+0000] {override.py:1829} INFO - Created Permission View: can edit on DAG:example_short_circuit_operator
[2025-05-02T19:42:22.490+0000] {logging_mixin.py:188} INFO - [2025-05-02T19:42:22.490+0000] {override.py:1829} INFO - Created Permission View: can read on DAG:example_short_circuit_operator
[2025-05-02T19:42:22.495+0000] {logging_mixin.py:188} INFO - [2025-05-02T19:42:22.495+0000] {override.py:1829} INFO - Created Permission View: can delete on DAG:example_short_circuit_operator
[2025-05-02T19:42:22.495+0000] {logging_mixin.py:188} INFO - [2025-05-02T19:42:22.495+0000] {dag.py:3096} INFO - Sync 1 DAGs
[2025-05-02T19:42:22.505+0000] {logging_mixin.py:188} INFO - [2025-05-02T19:42:22.505+0000] {dag.py:3118} INFO - Creating ORM DAG for example_short_circuit_operator
[2025-05-02T19:42:22.515+0000] {logging_mixin.py:188} INFO - [2025-05-02T19:42:22.515+0000] {dag.py:3954} INFO - Setting next_dagrun for example_short_circuit_operator to 2025-05-01 00:00:00+00:00, run_after=2025-05-02 00:00:00+00:00
[2025-05-02T19:42:22.532+0000] {processor.py:183} INFO - Processing /home/airflow/.local/lib/python3.12/site-packages/airflow/example_dags/example_short_circuit_operator.py took 0.157 seconds
[2025-05-02T19:42:52.686+0000] {processor.py:161} INFO - Started process (PID=131) to work on /home/airflow/.local/lib/python3.12/site-packages/airflow/example_dags/example_short_circuit_operator.py
[2025-05-02T19:42:52.687+0000] {processor.py:830} INFO - Processing file /home/airflow/.local/lib/python3.12/site-packages/airflow/example_dags/example_short_circuit_operator.py for tasks to queue
[2025-05-02T19:42:52.688+0000] {logging_mixin.py:188} INFO - [2025-05-02T19:42:52.688+0000] {dagbag.py:545} INFO - Filling up the DagBag from /home/airflow/.local/lib/python3.12/site-packages/airflow/example_dags/example_short_circuit_operator.py
[2025-05-02T19:42:52.693+0000] {processor.py:840} INFO - DAG(s) 'example_short_circuit_operator' retrieved from /home/airflow/.local/lib/python3.12/site-packages/airflow/example_dags/example_short_circuit_operator.py
[2025-05-02T19:42:52.712+0000] {logging_mixin.py:188} INFO - [2025-05-02T19:42:52.712+0000] {dag.py:3096} INFO - Sync 1 DAGs
[2025-05-02T19:42:52.733+0000] {logging_mixin.py:188} INFO - [2025-05-02T19:42:52.733+0000] {dag.py:3954} INFO - Setting next_dagrun for example_short_circuit_operator to 2025-05-01 00:00:00+00:00, run_after=2025-05-02 00:00:00+00:00
[2025-05-02T19:42:52.748+0000] {processor.py:183} INFO - Processing /home/airflow/.local/lib/python3.12/site-packages/airflow/example_dags/example_short_circuit_operator.py took 0.066 seconds
[2025-05-02T19:43:22.950+0000] {processor.py:161} INFO - Started process (PID=191) to work on /home/airflow/.local/lib/python3.12/site-packages/airflow/example_dags/example_short_circuit_operator.py
[2025-05-02T19:43:22.951+0000] {processor.py:830} INFO - Processing file /home/airflow/.local/lib/python3.12/site-packages/airflow/example_dags/example_short_circuit_operator.py for tasks to queue
[2025-05-02T19:43:22.953+0000] {logging_mixin.py:188} INFO - [2025-05-02T19:43:22.953+0000] {dagbag.py:545} INFO - Filling up the DagBag from /home/airflow/.local/lib/python3.12/site-packages/airflow/example_dags/example_short_circuit_operator.py
[2025-05-02T19:43:22.967+0000] {processor.py:840} INFO - DAG(s) 'example_short_circuit_operator' retrieved from /home/airflow/.local/lib/python3.12/site-packages/airflow/example_dags/example_short_circuit_operator.py
[2025-05-02T19:43:23.004+0000] {logging_mixin.py:188} INFO - [2025-05-02T19:43:23.004+0000] {dag.py:3096} INFO - Sync 1 DAGs
[2025-05-02T19:43:23.045+0000] {logging_mixin.py:188} INFO - [2025-05-02T19:43:23.045+0000] {dag.py:3954} INFO - Setting next_dagrun for example_short_circuit_operator to 2025-05-01 00:00:00+00:00, run_after=2025-05-02 00:00:00+00:00
[2025-05-02T19:43:23.070+0000] {processor.py:183} INFO - Processing /home/airflow/.local/lib/python3.12/site-packages/airflow/example_dags/example_short_circuit_operator.py took 0.127 seconds
[2025-05-02T19:43:53.795+0000] {processor.py:161} INFO - Started process (PID=251) to work on /home/airflow/.local/lib/python3.12/site-packages/airflow/example_dags/example_short_circuit_operator.py
[2025-05-02T19:43:53.796+0000] {processor.py:830} INFO - Processing file /home/airflow/.local/lib/python3.12/site-packages/airflow/example_dags/example_short_circuit_operator.py for tasks to queue
[2025-05-02T19:43:53.798+0000] {logging_mixin.py:188} INFO - [2025-05-02T19:43:53.798+0000] {dagbag.py:545} INFO - Filling up the DagBag from /home/airflow/.local/lib/python3.12/site-packages/airflow/example_dags/example_short_circuit_operator.py
[2025-05-02T19:43:53.804+0000] {processor.py:840} INFO - DAG(s) 'example_short_circuit_operator' retrieved from /home/airflow/.local/lib/python3.12/site-packages/airflow/example_dags/example_short_circuit_operator.py
[2025-05-02T19:43:53.824+0000] {logging_mixin.py:188} INFO - [2025-05-02T19:43:53.824+0000] {dag.py:3096} INFO - Sync 1 DAGs
[2025-05-02T19:43:53.845+0000] {logging_mixin.py:188} INFO - [2025-05-02T19:43:53.844+0000] {dag.py:3954} INFO - Setting next_dagrun for example_short_circuit_operator to 2025-05-01 00:00:00+00:00, run_after=2025-05-02 00:00:00+00:00
[2025-05-02T19:43:53.869+0000] {processor.py:183} INFO - Processing /home/airflow/.local/lib/python3.12/site-packages/airflow/example_dags/example_short_circuit_operator.py took 0.079 seconds
[2025-05-02T19:44:24.594+0000] {processor.py:161} INFO - Started process (PID=311) to work on /home/airflow/.local/lib/python3.12/site-packages/airflow/example_dags/example_short_circuit_operator.py
[2025-05-02T19:44:24.595+0000] {processor.py:830} INFO - Processing file /home/airflow/.local/lib/python3.12/site-packages/airflow/example_dags/example_short_circuit_operator.py for tasks to queue
[2025-05-02T19:44:24.597+0000] {logging_mixin.py:188} INFO - [2025-05-02T19:44:24.597+0000] {dagbag.py:545} INFO - Filling up the DagBag from /home/airflow/.local/lib/python3.12/site-packages/airflow/example_dags/example_short_circuit_operator.py
[2025-05-02T19:44:24.602+0000] {processor.py:840} INFO - DAG(s) 'example_short_circuit_operator' retrieved from /home/airflow/.local/lib/python3.12/site-packages/airflow/example_dags/example_short_circuit_operator.py
[2025-05-02T19:44:24.627+0000] {logging_mixin.py:188} INFO - [2025-05-02T19:44:24.627+0000] {dag.py:3096} INFO - Sync 1 DAGs
[2025-05-02T19:44:24.645+0000] {logging_mixin.py:188} INFO - [2025-05-02T19:44:24.645+0000] {dag.py:3954} INFO - Setting next_dagrun for example_short_circuit_operator to 2025-05-01 00:00:00+00:00, run_after=2025-05-02 00:00:00+00:00
[2025-05-02T19:44:24.661+0000] {processor.py:183} INFO - Processing /home/airflow/.local/lib/python3.12/site-packages/airflow/example_dags/example_short_circuit_operator.py took 0.072 seconds
[2025-05-02T19:44:54.740+0000] {processor.py:161} INFO - Started process (PID=371) to work on /home/airflow/.local/lib/python3.12/site-packages/airflow/example_dags/example_short_circuit_operator.py
[2025-05-02T19:44:54.741+0000] {processor.py:830} INFO - Processing file /home/airflow/.local/lib/python3.12/site-packages/airflow/example_dags/example_short_circuit_operator.py for tasks to queue
[2025-05-02T19:44:54.742+0000] {logging_mixin.py:188} INFO - [2025-05-02T19:44:54.742+0000] {dagbag.py:545} INFO - Filling up the DagBag from /home/airflow/.local/lib/python3.12/site-packages/airflow/example_dags/example_short_circuit_operator.py
[2025-05-02T19:44:54.748+0000] {processor.py:840} INFO - DAG(s) 'example_short_circuit_operator' retrieved from /home/airflow/.local/lib/python3.12/site-packages/airflow/example_dags/example_short_circuit_operator.py
[2025-05-02T19:44:54.768+0000] {logging_mixin.py:188} INFO - [2025-05-02T19:44:54.768+0000] {dag.py:3096} INFO - Sync 1 DAGs
[2025-05-02T19:44:54.787+0000] {logging_mixin.py:188} INFO - [2025-05-02T19:44:54.787+0000] {dag.py:3954} INFO - Setting next_dagrun for example_short_circuit_operator to 2025-05-01 00:00:00+00:00, run_after=2025-05-02 00:00:00+00:00
[2025-05-02T19:44:54.805+0000] {processor.py:183} INFO - Processing /home/airflow/.local/lib/python3.12/site-packages/airflow/example_dags/example_short_circuit_operator.py took 0.071 seconds
[2025-05-02T19:45:24.895+0000] {processor.py:161} INFO - Started process (PID=431) to work on /home/airflow/.local/lib/python3.12/site-packages/airflow/example_dags/example_short_circuit_operator.py
[2025-05-02T19:45:24.896+0000] {processor.py:830} INFO - Processing file /home/airflow/.local/lib/python3.12/site-packages/airflow/example_dags/example_short_circuit_operator.py for tasks to queue
[2025-05-02T19:45:24.898+0000] {logging_mixin.py:188} INFO - [2025-05-02T19:45:24.897+0000] {dagbag.py:545} INFO - Filling up the DagBag from /home/airflow/.local/lib/python3.12/site-packages/airflow/example_dags/example_short_circuit_operator.py
[2025-05-02T19:45:24.903+0000] {processor.py:840} INFO - DAG(s) 'example_short_circuit_operator' retrieved from /home/airflow/.local/lib/python3.12/site-packages/airflow/example_dags/example_short_circuit_operator.py
[2025-05-02T19:45:24.923+0000] {logging_mixin.py:188} INFO - [2025-05-02T19:45:24.923+0000] {dag.py:3096} INFO - Sync 1 DAGs
[2025-05-02T19:45:24.940+0000] {logging_mixin.py:188} INFO - [2025-05-02T19:45:24.940+0000] {dag.py:3954} INFO - Setting next_dagrun for example_short_circuit_operator to 2025-05-01 00:00:00+00:00, run_after=2025-05-02 00:00:00+00:00
[2025-05-02T19:45:24.957+0000] {processor.py:183} INFO - Processing /home/airflow/.local/lib/python3.12/site-packages/airflow/example_dags/example_short_circuit_operator.py took 0.066 seconds
[2025-05-02T19:45:55.511+0000] {processor.py:161} INFO - Started process (PID=491) to work on /home/airflow/.local/lib/python3.12/site-packages/airflow/example_dags/example_short_circuit_operator.py
[2025-05-02T19:45:55.512+0000] {processor.py:830} INFO - Processing file /home/airflow/.local/lib/python3.12/site-packages/airflow/example_dags/example_short_circuit_operator.py for tasks to queue
[2025-05-02T19:45:55.513+0000] {logging_mixin.py:188} INFO - [2025-05-02T19:45:55.513+0000] {dagbag.py:545} INFO - Filling up the DagBag from /home/airflow/.local/lib/python3.12/site-packages/airflow/example_dags/example_short_circuit_operator.py
[2025-05-02T19:45:55.518+0000] {processor.py:840} INFO - DAG(s) 'example_short_circuit_operator' retrieved from /home/airflow/.local/lib/python3.12/site-packages/airflow/example_dags/example_short_circuit_operator.py
[2025-05-02T19:45:55.538+0000] {logging_mixin.py:188} INFO - [2025-05-02T19:45:55.538+0000] {dag.py:3096} INFO - Sync 1 DAGs
[2025-05-02T19:45:55.554+0000] {logging_mixin.py:188} INFO - [2025-05-02T19:45:55.554+0000] {dag.py:3954} INFO - Setting next_dagrun for example_short_circuit_operator to 2025-05-01 00:00:00+00:00, run_after=2025-05-02 00:00:00+00:00
[2025-05-02T19:45:55.571+0000] {processor.py:183} INFO - Processing /home/airflow/.local/lib/python3.12/site-packages/airflow/example_dags/example_short_circuit_operator.py took 0.064 seconds
[2025-05-02T19:46:26.512+0000] {processor.py:161} INFO - Started process (PID=551) to work on /home/airflow/.local/lib/python3.12/site-packages/airflow/example_dags/example_short_circuit_operator.py
[2025-05-02T19:46:26.513+0000] {processor.py:830} INFO - Processing file /home/airflow/.local/lib/python3.12/site-packages/airflow/example_dags/example_short_circuit_operator.py for tasks to queue
[2025-05-02T19:46:26.514+0000] {logging_mixin.py:188} INFO - [2025-05-02T19:46:26.514+0000] {dagbag.py:545} INFO - Filling up the DagBag from /home/airflow/.local/lib/python3.12/site-packages/airflow/example_dags/example_short_circuit_operator.py
[2025-05-02T19:46:26.519+0000] {processor.py:840} INFO - DAG(s) 'example_short_circuit_operator' retrieved from /home/airflow/.local/lib/python3.12/site-packages/airflow/example_dags/example_short_circuit_operator.py
[2025-05-02T19:46:26.534+0000] {logging_mixin.py:188} INFO - [2025-05-02T19:46:26.534+0000] {dag.py:3096} INFO - Sync 1 DAGs
[2025-05-02T19:46:26.549+0000] {logging_mixin.py:188} INFO - [2025-05-02T19:46:26.549+0000] {dag.py:3954} INFO - Setting next_dagrun for example_short_circuit_operator to 2025-05-01 00:00:00+00:00, run_after=2025-05-02 00:00:00+00:00
[2025-05-02T19:46:26.563+0000] {processor.py:183} INFO - Processing /home/airflow/.local/lib/python3.12/site-packages/airflow/example_dags/example_short_circuit_operator.py took 0.055 seconds
[2025-05-02T19:46:56.894+0000] {processor.py:161} INFO - Started process (PID=611) to work on /home/airflow/.local/lib/python3.12/site-packages/airflow/example_dags/example_short_circuit_operator.py
[2025-05-02T19:46:56.895+0000] {processor.py:830} INFO - Processing file /home/airflow/.local/lib/python3.12/site-packages/airflow/example_dags/example_short_circuit_operator.py for tasks to queue
[2025-05-02T19:46:56.896+0000] {logging_mixin.py:188} INFO - [2025-05-02T19:46:56.896+0000] {dagbag.py:545} INFO - Filling up the DagBag from /home/airflow/.local/lib/python3.12/site-packages/airflow/example_dags/example_short_circuit_operator.py
[2025-05-02T19:46:56.901+0000] {processor.py:840} INFO - DAG(s) 'example_short_circuit_operator' retrieved from /home/airflow/.local/lib/python3.12/site-packages/airflow/example_dags/example_short_circuit_operator.py
[2025-05-02T19:46:56.917+0000] {logging_mixin.py:188} INFO - [2025-05-02T19:46:56.916+0000] {dag.py:3096} INFO - Sync 1 DAGs
[2025-05-02T19:46:56.932+0000] {logging_mixin.py:188} INFO - [2025-05-02T19:46:56.932+0000] {dag.py:3954} INFO - Setting next_dagrun for example_short_circuit_operator to 2025-05-01 00:00:00+00:00, run_after=2025-05-02 00:00:00+00:00
[2025-05-02T19:46:56.946+0000] {processor.py:183} INFO - Processing /home/airflow/.local/lib/python3.12/site-packages/airflow/example_dags/example_short_circuit_operator.py took 0.056 seconds
[2025-05-02T19:47:27.315+0000] {processor.py:161} INFO - Started process (PID=671) to work on /home/airflow/.local/lib/python3.12/site-packages/airflow/example_dags/example_short_circuit_operator.py
[2025-05-02T19:47:27.316+0000] {processor.py:830} INFO - Processing file /home/airflow/.local/lib/python3.12/site-packages/airflow/example_dags/example_short_circuit_operator.py for tasks to queue
[2025-05-02T19:47:27.317+0000] {logging_mixin.py:188} INFO - [2025-05-02T19:47:27.317+0000] {dagbag.py:545} INFO - Filling up the DagBag from /home/airflow/.local/lib/python3.12/site-packages/airflow/example_dags/example_short_circuit_operator.py
[2025-05-02T19:47:27.323+0000] {processor.py:840} INFO - DAG(s) 'example_short_circuit_operator' retrieved from /home/airflow/.local/lib/python3.12/site-packages/airflow/example_dags/example_short_circuit_operator.py
[2025-05-02T19:47:27.339+0000] {logging_mixin.py:188} INFO - [2025-05-02T19:47:27.339+0000] {dag.py:3096} INFO - Sync 1 DAGs
[2025-05-02T19:47:27.355+0000] {logging_mixin.py:188} INFO - [2025-05-02T19:47:27.354+0000] {dag.py:3954} INFO - Setting next_dagrun for example_short_circuit_operator to 2025-05-01 00:00:00+00:00, run_after=2025-05-02 00:00:00+00:00
[2025-05-02T19:47:27.369+0000] {processor.py:183} INFO - Processing /home/airflow/.local/lib/python3.12/site-packages/airflow/example_dags/example_short_circuit_operator.py took 0.059 seconds
[2025-05-02T19:47:57.796+0000] {processor.py:161} INFO - Started process (PID=731) to work on /home/airflow/.local/lib/python3.12/site-packages/airflow/example_dags/example_short_circuit_operator.py
[2025-05-02T19:47:57.797+0000] {processor.py:830} INFO - Processing file /home/airflow/.local/lib/python3.12/site-packages/airflow/example_dags/example_short_circuit_operator.py for tasks to queue
[2025-05-02T19:47:57.799+0000] {logging_mixin.py:188} INFO - [2025-05-02T19:47:57.798+0000] {dagbag.py:545} INFO - Filling up the DagBag from /home/airflow/.local/lib/python3.12/site-packages/airflow/example_dags/example_short_circuit_operator.py
[2025-05-02T19:47:57.805+0000] {processor.py:840} INFO - DAG(s) 'example_short_circuit_operator' retrieved from /home/airflow/.local/lib/python3.12/site-packages/airflow/example_dags/example_short_circuit_operator.py
[2025-05-02T19:47:57.823+0000] {logging_mixin.py:188} INFO - [2025-05-02T19:47:57.823+0000] {dag.py:3096} INFO - Sync 1 DAGs
[2025-05-02T19:47:57.841+0000] {logging_mixin.py:188} INFO - [2025-05-02T19:47:57.841+0000] {dag.py:3954} INFO - Setting next_dagrun for example_short_circuit_operator to 2025-05-01 00:00:00+00:00, run_after=2025-05-02 00:00:00+00:00
[2025-05-02T19:47:57.859+0000] {processor.py:183} INFO - Processing /home/airflow/.local/lib/python3.12/site-packages/airflow/example_dags/example_short_circuit_operator.py took 0.068 seconds
[2025-05-02T19:48:29.018+0000] {processor.py:161} INFO - Started process (PID=785) to work on /home/airflow/.local/lib/python3.12/site-packages/airflow/example_dags/example_short_circuit_operator.py
[2025-05-02T19:48:29.019+0000] {processor.py:830} INFO - Processing file /home/airflow/.local/lib/python3.12/site-packages/airflow/example_dags/example_short_circuit_operator.py for tasks to queue
[2025-05-02T19:48:29.021+0000] {logging_mixin.py:188} INFO - [2025-05-02T19:48:29.021+0000] {dagbag.py:545} INFO - Filling up the DagBag from /home/airflow/.local/lib/python3.12/site-packages/airflow/example_dags/example_short_circuit_operator.py
[2025-05-02T19:48:29.030+0000] {processor.py:840} INFO - DAG(s) 'example_short_circuit_operator' retrieved from /home/airflow/.local/lib/python3.12/site-packages/airflow/example_dags/example_short_circuit_operator.py
[2025-05-02T19:48:29.051+0000] {logging_mixin.py:188} INFO - [2025-05-02T19:48:29.051+0000] {dag.py:3096} INFO - Sync 1 DAGs
[2025-05-02T19:48:29.071+0000] {logging_mixin.py:188} INFO - [2025-05-02T19:48:29.071+0000] {dag.py:3954} INFO - Setting next_dagrun for example_short_circuit_operator to 2025-05-01 00:00:00+00:00, run_after=2025-05-02 00:00:00+00:00
[2025-05-02T19:48:29.087+0000] {processor.py:183} INFO - Processing /home/airflow/.local/lib/python3.12/site-packages/airflow/example_dags/example_short_circuit_operator.py took 0.073 seconds
[2025-05-02T19:48:59.432+0000] {processor.py:161} INFO - Started process (PID=845) to work on /home/airflow/.local/lib/python3.12/site-packages/airflow/example_dags/example_short_circuit_operator.py
[2025-05-02T19:48:59.433+0000] {processor.py:830} INFO - Processing file /home/airflow/.local/lib/python3.12/site-packages/airflow/example_dags/example_short_circuit_operator.py for tasks to queue
[2025-05-02T19:48:59.435+0000] {logging_mixin.py:188} INFO - [2025-05-02T19:48:59.434+0000] {dagbag.py:545} INFO - Filling up the DagBag from /home/airflow/.local/lib/python3.12/site-packages/airflow/example_dags/example_short_circuit_operator.py
[2025-05-02T19:48:59.449+0000] {processor.py:840} INFO - DAG(s) 'example_short_circuit_operator' retrieved from /home/airflow/.local/lib/python3.12/site-packages/airflow/example_dags/example_short_circuit_operator.py
[2025-05-02T19:48:59.474+0000] {logging_mixin.py:188} INFO - [2025-05-02T19:48:59.473+0000] {dag.py:3096} INFO - Sync 1 DAGs
[2025-05-02T19:48:59.495+0000] {logging_mixin.py:188} INFO - [2025-05-02T19:48:59.494+0000] {dag.py:3954} INFO - Setting next_dagrun for example_short_circuit_operator to 2025-05-01 00:00:00+00:00, run_after=2025-05-02 00:00:00+00:00
[2025-05-02T19:48:59.515+0000] {processor.py:183} INFO - Processing /home/airflow/.local/lib/python3.12/site-packages/airflow/example_dags/example_short_circuit_operator.py took 0.089 seconds
[2025-05-02T19:49:30.305+0000] {processor.py:161} INFO - Started process (PID=906) to work on /home/airflow/.local/lib/python3.12/site-packages/airflow/example_dags/example_short_circuit_operator.py
[2025-05-02T19:49:30.306+0000] {processor.py:830} INFO - Processing file /home/airflow/.local/lib/python3.12/site-packages/airflow/example_dags/example_short_circuit_operator.py for tasks to queue
[2025-05-02T19:49:30.308+0000] {logging_mixin.py:188} INFO - [2025-05-02T19:49:30.308+0000] {dagbag.py:545} INFO - Filling up the DagBag from /home/airflow/.local/lib/python3.12/site-packages/airflow/example_dags/example_short_circuit_operator.py
[2025-05-02T19:49:30.314+0000] {processor.py:840} INFO - DAG(s) 'example_short_circuit_operator' retrieved from /home/airflow/.local/lib/python3.12/site-packages/airflow/example_dags/example_short_circuit_operator.py
[2025-05-02T19:49:30.340+0000] {logging_mixin.py:188} INFO - [2025-05-02T19:49:30.340+0000] {dag.py:3096} INFO - Sync 1 DAGs
[2025-05-02T19:49:30.366+0000] {logging_mixin.py:188} INFO - [2025-05-02T19:49:30.366+0000] {dag.py:3954} INFO - Setting next_dagrun for example_short_circuit_operator to 2025-05-01 00:00:00+00:00, run_after=2025-05-02 00:00:00+00:00
[2025-05-02T19:49:30.390+0000] {processor.py:183} INFO - Processing /home/airflow/.local/lib/python3.12/site-packages/airflow/example_dags/example_short_circuit_operator.py took 0.089 seconds
[2025-05-02T19:50:02.065+0000] {processor.py:161} INFO - Started process (PID=966) to work on /home/airflow/.local/lib/python3.12/site-packages/airflow/example_dags/example_short_circuit_operator.py
[2025-05-02T19:50:02.065+0000] {processor.py:830} INFO - Processing file /home/airflow/.local/lib/python3.12/site-packages/airflow/example_dags/example_short_circuit_operator.py for tasks to queue
[2025-05-02T19:50:02.067+0000] {logging_mixin.py:188} INFO - [2025-05-02T19:50:02.067+0000] {dagbag.py:545} INFO - Filling up the DagBag from /home/airflow/.local/lib/python3.12/site-packages/airflow/example_dags/example_short_circuit_operator.py
[2025-05-02T19:50:02.072+0000] {processor.py:840} INFO - DAG(s) 'example_short_circuit_operator' retrieved from /home/airflow/.local/lib/python3.12/site-packages/airflow/example_dags/example_short_circuit_operator.py
[2025-05-02T19:50:02.088+0000] {logging_mixin.py:188} INFO - [2025-05-02T19:50:02.088+0000] {dag.py:3096} INFO - Sync 1 DAGs
[2025-05-02T19:50:02.105+0000] {logging_mixin.py:188} INFO - [2025-05-02T19:50:02.105+0000] {dag.py:3954} INFO - Setting next_dagrun for example_short_circuit_operator to 2025-05-01 00:00:00+00:00, run_after=2025-05-02 00:00:00+00:00
[2025-05-02T19:50:02.127+0000] {processor.py:183} INFO - Processing /home/airflow/.local/lib/python3.12/site-packages/airflow/example_dags/example_short_circuit_operator.py took 0.067 seconds
[2025-05-02T19:50:34.362+0000] {processor.py:161} INFO - Started process (PID=1026) to work on /home/airflow/.local/lib/python3.12/site-packages/airflow/example_dags/example_short_circuit_operator.py
[2025-05-02T19:50:34.362+0000] {processor.py:830} INFO - Processing file /home/airflow/.local/lib/python3.12/site-packages/airflow/example_dags/example_short_circuit_operator.py for tasks to queue
[2025-05-02T19:50:34.364+0000] {logging_mixin.py:188} INFO - [2025-05-02T19:50:34.364+0000] {dagbag.py:545} INFO - Filling up the DagBag from /home/airflow/.local/lib/python3.12/site-packages/airflow/example_dags/example_short_circuit_operator.py
[2025-05-02T19:50:34.375+0000] {processor.py:840} INFO - DAG(s) 'example_short_circuit_operator' retrieved from /home/airflow/.local/lib/python3.12/site-packages/airflow/example_dags/example_short_circuit_operator.py
[2025-05-02T19:50:34.403+0000] {logging_mixin.py:188} INFO - [2025-05-02T19:50:34.403+0000] {dag.py:3096} INFO - Sync 1 DAGs
[2025-05-02T19:50:34.421+0000] {logging_mixin.py:188} INFO - [2025-05-02T19:50:34.420+0000] {dag.py:3954} INFO - Setting next_dagrun for example_short_circuit_operator to 2025-05-01 00:00:00+00:00, run_after=2025-05-02 00:00:00+00:00
[2025-05-02T19:50:34.438+0000] {processor.py:183} INFO - Processing /home/airflow/.local/lib/python3.12/site-packages/airflow/example_dags/example_short_circuit_operator.py took 0.082 seconds
[2025-05-02T19:51:06.595+0000] {processor.py:161} INFO - Started process (PID=1086) to work on /home/airflow/.local/lib/python3.12/site-packages/airflow/example_dags/example_short_circuit_operator.py
[2025-05-02T19:51:06.596+0000] {processor.py:830} INFO - Processing file /home/airflow/.local/lib/python3.12/site-packages/airflow/example_dags/example_short_circuit_operator.py for tasks to queue
[2025-05-02T19:51:06.597+0000] {logging_mixin.py:188} INFO - [2025-05-02T19:51:06.597+0000] {dagbag.py:545} INFO - Filling up the DagBag from /home/airflow/.local/lib/python3.12/site-packages/airflow/example_dags/example_short_circuit_operator.py
[2025-05-02T19:51:06.602+0000] {processor.py:840} INFO - DAG(s) 'example_short_circuit_operator' retrieved from /home/airflow/.local/lib/python3.12/site-packages/airflow/example_dags/example_short_circuit_operator.py
[2025-05-02T19:51:06.623+0000] {logging_mixin.py:188} INFO - [2025-05-02T19:51:06.623+0000] {dag.py:3096} INFO - Sync 1 DAGs
[2025-05-02T19:51:06.643+0000] {logging_mixin.py:188} INFO - [2025-05-02T19:51:06.643+0000] {dag.py:3954} INFO - Setting next_dagrun for example_short_circuit_operator to 2025-05-01 00:00:00+00:00, run_after=2025-05-02 00:00:00+00:00
[2025-05-02T19:51:06.659+0000] {processor.py:183} INFO - Processing /home/airflow/.local/lib/python3.12/site-packages/airflow/example_dags/example_short_circuit_operator.py took 0.069 seconds
[2025-05-02T19:51:38.965+0000] {processor.py:161} INFO - Started process (PID=1146) to work on /home/airflow/.local/lib/python3.12/site-packages/airflow/example_dags/example_short_circuit_operator.py
[2025-05-02T19:51:38.966+0000] {processor.py:830} INFO - Processing file /home/airflow/.local/lib/python3.12/site-packages/airflow/example_dags/example_short_circuit_operator.py for tasks to queue
[2025-05-02T19:51:38.967+0000] {logging_mixin.py:188} INFO - [2025-05-02T19:51:38.967+0000] {dagbag.py:545} INFO - Filling up the DagBag from /home/airflow/.local/lib/python3.12/site-packages/airflow/example_dags/example_short_circuit_operator.py
[2025-05-02T19:51:38.973+0000] {processor.py:840} INFO - DAG(s) 'example_short_circuit_operator' retrieved from /home/airflow/.local/lib/python3.12/site-packages/airflow/example_dags/example_short_circuit_operator.py
[2025-05-02T19:51:38.991+0000] {logging_mixin.py:188} INFO - [2025-05-02T19:51:38.991+0000] {dag.py:3096} INFO - Sync 1 DAGs
[2025-05-02T19:51:39.019+0000] {logging_mixin.py:188} INFO - [2025-05-02T19:51:39.019+0000] {dag.py:3954} INFO - Setting next_dagrun for example_short_circuit_operator to 2025-05-01 00:00:00+00:00, run_after=2025-05-02 00:00:00+00:00
[2025-05-02T19:51:39.043+0000] {processor.py:183} INFO - Processing /home/airflow/.local/lib/python3.12/site-packages/airflow/example_dags/example_short_circuit_operator.py took 0.082 seconds
[2025-05-02T19:52:11.223+0000] {processor.py:161} INFO - Started process (PID=1206) to work on /home/airflow/.local/lib/python3.12/site-packages/airflow/example_dags/example_short_circuit_operator.py
[2025-05-02T19:52:11.224+0000] {processor.py:830} INFO - Processing file /home/airflow/.local/lib/python3.12/site-packages/airflow/example_dags/example_short_circuit_operator.py for tasks to queue
[2025-05-02T19:52:11.226+0000] {logging_mixin.py:188} INFO - [2025-05-02T19:52:11.225+0000] {dagbag.py:545} INFO - Filling up the DagBag from /home/airflow/.local/lib/python3.12/site-packages/airflow/example_dags/example_short_circuit_operator.py
[2025-05-02T19:52:11.231+0000] {processor.py:840} INFO - DAG(s) 'example_short_circuit_operator' retrieved from /home/airflow/.local/lib/python3.12/site-packages/airflow/example_dags/example_short_circuit_operator.py
[2025-05-02T19:52:11.249+0000] {logging_mixin.py:188} INFO - [2025-05-02T19:52:11.249+0000] {dag.py:3096} INFO - Sync 1 DAGs
[2025-05-02T19:52:11.265+0000] {logging_mixin.py:188} INFO - [2025-05-02T19:52:11.265+0000] {dag.py:3954} INFO - Setting next_dagrun for example_short_circuit_operator to 2025-05-01 00:00:00+00:00, run_after=2025-05-02 00:00:00+00:00
[2025-05-02T19:52:11.278+0000] {processor.py:183} INFO - Processing /home/airflow/.local/lib/python3.12/site-packages/airflow/example_dags/example_short_circuit_operator.py took 0.060 seconds
[2025-05-02T19:52:43.911+0000] {processor.py:161} INFO - Started process (PID=1266) to work on /home/airflow/.local/lib/python3.12/site-packages/airflow/example_dags/example_short_circuit_operator.py
[2025-05-02T19:52:43.912+0000] {processor.py:830} INFO - Processing file /home/airflow/.local/lib/python3.12/site-packages/airflow/example_dags/example_short_circuit_operator.py for tasks to queue
[2025-05-02T19:52:43.914+0000] {logging_mixin.py:188} INFO - [2025-05-02T19:52:43.913+0000] {dagbag.py:545} INFO - Filling up the DagBag from /home/airflow/.local/lib/python3.12/site-packages/airflow/example_dags/example_short_circuit_operator.py
[2025-05-02T19:52:43.919+0000] {processor.py:840} INFO - DAG(s) 'example_short_circuit_operator' retrieved from /home/airflow/.local/lib/python3.12/site-packages/airflow/example_dags/example_short_circuit_operator.py
[2025-05-02T19:52:43.938+0000] {logging_mixin.py:188} INFO - [2025-05-02T19:52:43.938+0000] {dag.py:3096} INFO - Sync 1 DAGs
[2025-05-02T19:52:43.961+0000] {logging_mixin.py:188} INFO - [2025-05-02T19:52:43.961+0000] {dag.py:3954} INFO - Setting next_dagrun for example_short_circuit_operator to 2025-05-01 00:00:00+00:00, run_after=2025-05-02 00:00:00+00:00
[2025-05-02T19:52:43.978+0000] {processor.py:183} INFO - Processing /home/airflow/.local/lib/python3.12/site-packages/airflow/example_dags/example_short_circuit_operator.py took 0.071 seconds
[2025-05-02T19:53:16.472+0000] {processor.py:161} INFO - Started process (PID=1326) to work on /home/airflow/.local/lib/python3.12/site-packages/airflow/example_dags/example_short_circuit_operator.py
[2025-05-02T19:53:16.473+0000] {processor.py:830} INFO - Processing file /home/airflow/.local/lib/python3.12/site-packages/airflow/example_dags/example_short_circuit_operator.py for tasks to queue
[2025-05-02T19:53:16.475+0000] {logging_mixin.py:188} INFO - [2025-05-02T19:53:16.474+0000] {dagbag.py:545} INFO - Filling up the DagBag from /home/airflow/.local/lib/python3.12/site-packages/airflow/example_dags/example_short_circuit_operator.py
[2025-05-02T19:53:16.482+0000] {processor.py:840} INFO - DAG(s) 'example_short_circuit_operator' retrieved from /home/airflow/.local/lib/python3.12/site-packages/airflow/example_dags/example_short_circuit_operator.py
[2025-05-02T19:53:16.502+0000] {logging_mixin.py:188} INFO - [2025-05-02T19:53:16.502+0000] {dag.py:3096} INFO - Sync 1 DAGs
[2025-05-02T19:53:16.520+0000] {logging_mixin.py:188} INFO - [2025-05-02T19:53:16.519+0000] {dag.py:3954} INFO - Setting next_dagrun for example_short_circuit_operator to 2025-05-01 00:00:00+00:00, run_after=2025-05-02 00:00:00+00:00
[2025-05-02T19:53:16.536+0000] {processor.py:183} INFO - Processing /home/airflow/.local/lib/python3.12/site-packages/airflow/example_dags/example_short_circuit_operator.py took 0.069 seconds
[2025-05-02T19:53:48.887+0000] {processor.py:161} INFO - Started process (PID=1386) to work on /home/airflow/.local/lib/python3.12/site-packages/airflow/example_dags/example_short_circuit_operator.py
[2025-05-02T19:53:48.887+0000] {processor.py:830} INFO - Processing file /home/airflow/.local/lib/python3.12/site-packages/airflow/example_dags/example_short_circuit_operator.py for tasks to queue
[2025-05-02T19:53:48.889+0000] {logging_mixin.py:188} INFO - [2025-05-02T19:53:48.888+0000] {dagbag.py:545} INFO - Filling up the DagBag from /home/airflow/.local/lib/python3.12/site-packages/airflow/example_dags/example_short_circuit_operator.py
[2025-05-02T19:53:48.894+0000] {processor.py:840} INFO - DAG(s) 'example_short_circuit_operator' retrieved from /home/airflow/.local/lib/python3.12/site-packages/airflow/example_dags/example_short_circuit_operator.py
[2025-05-02T19:53:48.912+0000] {logging_mixin.py:188} INFO - [2025-05-02T19:53:48.912+0000] {dag.py:3096} INFO - Sync 1 DAGs
[2025-05-02T19:53:48.929+0000] {logging_mixin.py:188} INFO - [2025-05-02T19:53:48.928+0000] {dag.py:3954} INFO - Setting next_dagrun for example_short_circuit_operator to 2025-05-01 00:00:00+00:00, run_after=2025-05-02 00:00:00+00:00
[2025-05-02T19:53:48.945+0000] {processor.py:183} INFO - Processing /home/airflow/.local/lib/python3.12/site-packages/airflow/example_dags/example_short_circuit_operator.py took 0.063 seconds
[2025-05-02T19:54:21.369+0000] {processor.py:161} INFO - Started process (PID=1446) to work on /home/airflow/.local/lib/python3.12/site-packages/airflow/example_dags/example_short_circuit_operator.py
[2025-05-02T19:54:21.370+0000] {processor.py:830} INFO - Processing file /home/airflow/.local/lib/python3.12/site-packages/airflow/example_dags/example_short_circuit_operator.py for tasks to queue
[2025-05-02T19:54:21.371+0000] {logging_mixin.py:188} INFO - [2025-05-02T19:54:21.371+0000] {dagbag.py:545} INFO - Filling up the DagBag from /home/airflow/.local/lib/python3.12/site-packages/airflow/example_dags/example_short_circuit_operator.py
[2025-05-02T19:54:21.377+0000] {processor.py:840} INFO - DAG(s) 'example_short_circuit_operator' retrieved from /home/airflow/.local/lib/python3.12/site-packages/airflow/example_dags/example_short_circuit_operator.py
[2025-05-02T19:54:21.396+0000] {logging_mixin.py:188} INFO - [2025-05-02T19:54:21.395+0000] {dag.py:3096} INFO - Sync 1 DAGs
[2025-05-02T19:54:21.412+0000] {logging_mixin.py:188} INFO - [2025-05-02T19:54:21.412+0000] {dag.py:3954} INFO - Setting next_dagrun for example_short_circuit_operator to 2025-05-01 00:00:00+00:00, run_after=2025-05-02 00:00:00+00:00
[2025-05-02T19:54:21.427+0000] {processor.py:183} INFO - Processing /home/airflow/.local/lib/python3.12/site-packages/airflow/example_dags/example_short_circuit_operator.py took 0.062 seconds
[2025-05-02T19:54:53.605+0000] {processor.py:161} INFO - Started process (PID=1506) to work on /home/airflow/.local/lib/python3.12/site-packages/airflow/example_dags/example_short_circuit_operator.py
[2025-05-02T19:54:53.606+0000] {processor.py:830} INFO - Processing file /home/airflow/.local/lib/python3.12/site-packages/airflow/example_dags/example_short_circuit_operator.py for tasks to queue
[2025-05-02T19:54:53.608+0000] {logging_mixin.py:188} INFO - [2025-05-02T19:54:53.607+0000] {dagbag.py:545} INFO - Filling up the DagBag from /home/airflow/.local/lib/python3.12/site-packages/airflow/example_dags/example_short_circuit_operator.py
[2025-05-02T19:54:53.614+0000] {processor.py:840} INFO - DAG(s) 'example_short_circuit_operator' retrieved from /home/airflow/.local/lib/python3.12/site-packages/airflow/example_dags/example_short_circuit_operator.py
[2025-05-02T19:54:53.631+0000] {logging_mixin.py:188} INFO - [2025-05-02T19:54:53.630+0000] {dag.py:3096} INFO - Sync 1 DAGs
[2025-05-02T19:54:53.648+0000] {logging_mixin.py:188} INFO - [2025-05-02T19:54:53.648+0000] {dag.py:3954} INFO - Setting next_dagrun for example_short_circuit_operator to 2025-05-01 00:00:00+00:00, run_after=2025-05-02 00:00:00+00:00
[2025-05-02T19:54:53.661+0000] {processor.py:183} INFO - Processing /home/airflow/.local/lib/python3.12/site-packages/airflow/example_dags/example_short_circuit_operator.py took 0.061 seconds
[2025-05-02T19:55:25.501+0000] {processor.py:161} INFO - Started process (PID=1566) to work on /home/airflow/.local/lib/python3.12/site-packages/airflow/example_dags/example_short_circuit_operator.py
[2025-05-02T19:55:25.502+0000] {processor.py:830} INFO - Processing file /home/airflow/.local/lib/python3.12/site-packages/airflow/example_dags/example_short_circuit_operator.py for tasks to queue
[2025-05-02T19:55:25.503+0000] {logging_mixin.py:188} INFO - [2025-05-02T19:55:25.503+0000] {dagbag.py:545} INFO - Filling up the DagBag from /home/airflow/.local/lib/python3.12/site-packages/airflow/example_dags/example_short_circuit_operator.py
[2025-05-02T19:55:25.508+0000] {processor.py:840} INFO - DAG(s) 'example_short_circuit_operator' retrieved from /home/airflow/.local/lib/python3.12/site-packages/airflow/example_dags/example_short_circuit_operator.py
[2025-05-02T19:55:25.523+0000] {logging_mixin.py:188} INFO - [2025-05-02T19:55:25.523+0000] {dag.py:3096} INFO - Sync 1 DAGs
[2025-05-02T19:55:25.540+0000] {logging_mixin.py:188} INFO - [2025-05-02T19:55:25.540+0000] {dag.py:3954} INFO - Setting next_dagrun for example_short_circuit_operator to 2025-05-01 00:00:00+00:00, run_after=2025-05-02 00:00:00+00:00
[2025-05-02T19:55:25.554+0000] {processor.py:183} INFO - Processing /home/airflow/.local/lib/python3.12/site-packages/airflow/example_dags/example_short_circuit_operator.py took 0.057 seconds
[2025-05-02T19:55:58.518+0000] {processor.py:161} INFO - Started process (PID=1626) to work on /home/airflow/.local/lib/python3.12/site-packages/airflow/example_dags/example_short_circuit_operator.py
[2025-05-02T19:55:58.519+0000] {processor.py:830} INFO - Processing file /home/airflow/.local/lib/python3.12/site-packages/airflow/example_dags/example_short_circuit_operator.py for tasks to queue
[2025-05-02T19:55:58.520+0000] {logging_mixin.py:188} INFO - [2025-05-02T19:55:58.520+0000] {dagbag.py:545} INFO - Filling up the DagBag from /home/airflow/.local/lib/python3.12/site-packages/airflow/example_dags/example_short_circuit_operator.py
[2025-05-02T19:55:58.525+0000] {processor.py:840} INFO - DAG(s) 'example_short_circuit_operator' retrieved from /home/airflow/.local/lib/python3.12/site-packages/airflow/example_dags/example_short_circuit_operator.py
[2025-05-02T19:55:58.541+0000] {logging_mixin.py:188} INFO - [2025-05-02T19:55:58.541+0000] {dag.py:3096} INFO - Sync 1 DAGs
[2025-05-02T19:55:58.556+0000] {logging_mixin.py:188} INFO - [2025-05-02T19:55:58.555+0000] {dag.py:3954} INFO - Setting next_dagrun for example_short_circuit_operator to 2025-05-01 00:00:00+00:00, run_after=2025-05-02 00:00:00+00:00
[2025-05-02T19:55:58.570+0000] {processor.py:183} INFO - Processing /home/airflow/.local/lib/python3.12/site-packages/airflow/example_dags/example_short_circuit_operator.py took 0.057 seconds
[2025-05-02T19:56:30.340+0000] {processor.py:161} INFO - Started process (PID=1686) to work on /home/airflow/.local/lib/python3.12/site-packages/airflow/example_dags/example_short_circuit_operator.py
[2025-05-02T19:56:30.342+0000] {processor.py:830} INFO - Processing file /home/airflow/.local/lib/python3.12/site-packages/airflow/example_dags/example_short_circuit_operator.py for tasks to queue
[2025-05-02T19:56:30.344+0000] {logging_mixin.py:188} INFO - [2025-05-02T19:56:30.344+0000] {dagbag.py:545} INFO - Filling up the DagBag from /home/airflow/.local/lib/python3.12/site-packages/airflow/example_dags/example_short_circuit_operator.py
[2025-05-02T19:56:30.351+0000] {processor.py:840} INFO - DAG(s) 'example_short_circuit_operator' retrieved from /home/airflow/.local/lib/python3.12/site-packages/airflow/example_dags/example_short_circuit_operator.py
[2025-05-02T19:56:30.368+0000] {logging_mixin.py:188} INFO - [2025-05-02T19:56:30.367+0000] {dag.py:3096} INFO - Sync 1 DAGs
[2025-05-02T19:56:30.384+0000] {logging_mixin.py:188} INFO - [2025-05-02T19:56:30.384+0000] {dag.py:3954} INFO - Setting next_dagrun for example_short_circuit_operator to 2025-05-01 00:00:00+00:00, run_after=2025-05-02 00:00:00+00:00
[2025-05-02T19:56:30.397+0000] {processor.py:183} INFO - Processing /home/airflow/.local/lib/python3.12/site-packages/airflow/example_dags/example_short_circuit_operator.py took 0.063 seconds
[2025-05-02T19:57:03.361+0000] {processor.py:161} INFO - Started process (PID=1746) to work on /home/airflow/.local/lib/python3.12/site-packages/airflow/example_dags/example_short_circuit_operator.py
[2025-05-02T19:57:03.361+0000] {processor.py:830} INFO - Processing file /home/airflow/.local/lib/python3.12/site-packages/airflow/example_dags/example_short_circuit_operator.py for tasks to queue
[2025-05-02T19:57:03.363+0000] {logging_mixin.py:188} INFO - [2025-05-02T19:57:03.363+0000] {dagbag.py:545} INFO - Filling up the DagBag from /home/airflow/.local/lib/python3.12/site-packages/airflow/example_dags/example_short_circuit_operator.py
[2025-05-02T19:57:03.369+0000] {processor.py:840} INFO - DAG(s) 'example_short_circuit_operator' retrieved from /home/airflow/.local/lib/python3.12/site-packages/airflow/example_dags/example_short_circuit_operator.py
[2025-05-02T19:57:03.386+0000] {logging_mixin.py:188} INFO - [2025-05-02T19:57:03.386+0000] {dag.py:3096} INFO - Sync 1 DAGs
[2025-05-02T19:57:03.402+0000] {logging_mixin.py:188} INFO - [2025-05-02T19:57:03.402+0000] {dag.py:3954} INFO - Setting next_dagrun for example_short_circuit_operator to 2025-05-01 00:00:00+00:00, run_after=2025-05-02 00:00:00+00:00
[2025-05-02T19:57:03.417+0000] {processor.py:183} INFO - Processing /home/airflow/.local/lib/python3.12/site-packages/airflow/example_dags/example_short_circuit_operator.py took 0.061 seconds
[2025-05-02T19:57:35.391+0000] {processor.py:161} INFO - Started process (PID=1806) to work on /home/airflow/.local/lib/python3.12/site-packages/airflow/example_dags/example_short_circuit_operator.py
[2025-05-02T19:57:35.392+0000] {processor.py:830} INFO - Processing file /home/airflow/.local/lib/python3.12/site-packages/airflow/example_dags/example_short_circuit_operator.py for tasks to queue
[2025-05-02T19:57:35.394+0000] {logging_mixin.py:188} INFO - [2025-05-02T19:57:35.393+0000] {dagbag.py:545} INFO - Filling up the DagBag from /home/airflow/.local/lib/python3.12/site-packages/airflow/example_dags/example_short_circuit_operator.py
[2025-05-02T19:57:35.402+0000] {processor.py:840} INFO - DAG(s) 'example_short_circuit_operator' retrieved from /home/airflow/.local/lib/python3.12/site-packages/airflow/example_dags/example_short_circuit_operator.py
[2025-05-02T19:57:35.422+0000] {logging_mixin.py:188} INFO - [2025-05-02T19:57:35.422+0000] {dag.py:3096} INFO - Sync 1 DAGs
[2025-05-02T19:57:35.446+0000] {logging_mixin.py:188} INFO - [2025-05-02T19:57:35.446+0000] {dag.py:3954} INFO - Setting next_dagrun for example_short_circuit_operator to 2025-05-01 00:00:00+00:00, run_after=2025-05-02 00:00:00+00:00
[2025-05-02T19:57:35.462+0000] {processor.py:183} INFO - Processing /home/airflow/.local/lib/python3.12/site-packages/airflow/example_dags/example_short_circuit_operator.py took 0.078 seconds
[2025-05-02T19:58:07.970+0000] {processor.py:161} INFO - Started process (PID=1866) to work on /home/airflow/.local/lib/python3.12/site-packages/airflow/example_dags/example_short_circuit_operator.py
[2025-05-02T19:58:07.971+0000] {processor.py:830} INFO - Processing file /home/airflow/.local/lib/python3.12/site-packages/airflow/example_dags/example_short_circuit_operator.py for tasks to queue
[2025-05-02T19:58:07.972+0000] {logging_mixin.py:188} INFO - [2025-05-02T19:58:07.972+0000] {dagbag.py:545} INFO - Filling up the DagBag from /home/airflow/.local/lib/python3.12/site-packages/airflow/example_dags/example_short_circuit_operator.py
[2025-05-02T19:58:07.978+0000] {processor.py:840} INFO - DAG(s) 'example_short_circuit_operator' retrieved from /home/airflow/.local/lib/python3.12/site-packages/airflow/example_dags/example_short_circuit_operator.py
[2025-05-02T19:58:07.998+0000] {logging_mixin.py:188} INFO - [2025-05-02T19:58:07.998+0000] {dag.py:3096} INFO - Sync 1 DAGs
[2025-05-02T19:58:08.015+0000] {logging_mixin.py:188} INFO - [2025-05-02T19:58:08.014+0000] {dag.py:3954} INFO - Setting next_dagrun for example_short_circuit_operator to 2025-05-01 00:00:00+00:00, run_after=2025-05-02 00:00:00+00:00
[2025-05-02T19:58:08.035+0000] {processor.py:183} INFO - Processing /home/airflow/.local/lib/python3.12/site-packages/airflow/example_dags/example_short_circuit_operator.py took 0.069 seconds
[2025-05-02T19:58:40.481+0000] {processor.py:161} INFO - Started process (PID=1926) to work on /home/airflow/.local/lib/python3.12/site-packages/airflow/example_dags/example_short_circuit_operator.py
[2025-05-02T19:58:40.482+0000] {processor.py:830} INFO - Processing file /home/airflow/.local/lib/python3.12/site-packages/airflow/example_dags/example_short_circuit_operator.py for tasks to queue
[2025-05-02T19:58:40.484+0000] {logging_mixin.py:188} INFO - [2025-05-02T19:58:40.483+0000] {dagbag.py:545} INFO - Filling up the DagBag from /home/airflow/.local/lib/python3.12/site-packages/airflow/example_dags/example_short_circuit_operator.py
[2025-05-02T19:58:40.490+0000] {processor.py:840} INFO - DAG(s) 'example_short_circuit_operator' retrieved from /home/airflow/.local/lib/python3.12/site-packages/airflow/example_dags/example_short_circuit_operator.py
[2025-05-02T19:58:40.508+0000] {logging_mixin.py:188} INFO - [2025-05-02T19:58:40.508+0000] {dag.py:3096} INFO - Sync 1 DAGs
[2025-05-02T19:58:40.525+0000] {logging_mixin.py:188} INFO - [2025-05-02T19:58:40.525+0000] {dag.py:3954} INFO - Setting next_dagrun for example_short_circuit_operator to 2025-05-01 00:00:00+00:00, run_after=2025-05-02 00:00:00+00:00
[2025-05-02T19:58:40.539+0000] {processor.py:183} INFO - Processing /home/airflow/.local/lib/python3.12/site-packages/airflow/example_dags/example_short_circuit_operator.py took 0.062 seconds
[2025-05-02T19:59:12.638+0000] {processor.py:161} INFO - Started process (PID=1986) to work on /home/airflow/.local/lib/python3.12/site-packages/airflow/example_dags/example_short_circuit_operator.py
[2025-05-02T19:59:12.639+0000] {processor.py:830} INFO - Processing file /home/airflow/.local/lib/python3.12/site-packages/airflow/example_dags/example_short_circuit_operator.py for tasks to queue
[2025-05-02T19:59:12.640+0000] {logging_mixin.py:188} INFO - [2025-05-02T19:59:12.640+0000] {dagbag.py:545} INFO - Filling up the DagBag from /home/airflow/.local/lib/python3.12/site-packages/airflow/example_dags/example_short_circuit_operator.py
[2025-05-02T19:59:12.644+0000] {processor.py:840} INFO - DAG(s) 'example_short_circuit_operator' retrieved from /home/airflow/.local/lib/python3.12/site-packages/airflow/example_dags/example_short_circuit_operator.py
[2025-05-02T19:59:12.660+0000] {logging_mixin.py:188} INFO - [2025-05-02T19:59:12.659+0000] {dag.py:3096} INFO - Sync 1 DAGs
[2025-05-02T19:59:12.676+0000] {logging_mixin.py:188} INFO - [2025-05-02T19:59:12.676+0000] {dag.py:3954} INFO - Setting next_dagrun for example_short_circuit_operator to 2025-05-01 00:00:00+00:00, run_after=2025-05-02 00:00:00+00:00
[2025-05-02T19:59:12.691+0000] {processor.py:183} INFO - Processing /home/airflow/.local/lib/python3.12/site-packages/airflow/example_dags/example_short_circuit_operator.py took 0.057 seconds
[2025-05-02T19:59:45.644+0000] {processor.py:161} INFO - Started process (PID=2046) to work on /home/airflow/.local/lib/python3.12/site-packages/airflow/example_dags/example_short_circuit_operator.py
[2025-05-02T19:59:45.645+0000] {processor.py:830} INFO - Processing file /home/airflow/.local/lib/python3.12/site-packages/airflow/example_dags/example_short_circuit_operator.py for tasks to queue
[2025-05-02T19:59:45.647+0000] {logging_mixin.py:188} INFO - [2025-05-02T19:59:45.646+0000] {dagbag.py:545} INFO - Filling up the DagBag from /home/airflow/.local/lib/python3.12/site-packages/airflow/example_dags/example_short_circuit_operator.py
[2025-05-02T19:59:45.652+0000] {processor.py:840} INFO - DAG(s) 'example_short_circuit_operator' retrieved from /home/airflow/.local/lib/python3.12/site-packages/airflow/example_dags/example_short_circuit_operator.py
[2025-05-02T19:59:45.669+0000] {logging_mixin.py:188} INFO - [2025-05-02T19:59:45.669+0000] {dag.py:3096} INFO - Sync 1 DAGs
[2025-05-02T19:59:45.686+0000] {logging_mixin.py:188} INFO - [2025-05-02T19:59:45.686+0000] {dag.py:3954} INFO - Setting next_dagrun for example_short_circuit_operator to 2025-05-01 00:00:00+00:00, run_after=2025-05-02 00:00:00+00:00
[2025-05-02T19:59:45.701+0000] {processor.py:183} INFO - Processing /home/airflow/.local/lib/python3.12/site-packages/airflow/example_dags/example_short_circuit_operator.py took 0.061 seconds
[2025-05-02T20:00:18.077+0000] {processor.py:161} INFO - Started process (PID=2106) to work on /home/airflow/.local/lib/python3.12/site-packages/airflow/example_dags/example_short_circuit_operator.py
[2025-05-02T20:00:18.077+0000] {processor.py:830} INFO - Processing file /home/airflow/.local/lib/python3.12/site-packages/airflow/example_dags/example_short_circuit_operator.py for tasks to queue
[2025-05-02T20:00:18.079+0000] {logging_mixin.py:188} INFO - [2025-05-02T20:00:18.078+0000] {dagbag.py:545} INFO - Filling up the DagBag from /home/airflow/.local/lib/python3.12/site-packages/airflow/example_dags/example_short_circuit_operator.py
[2025-05-02T20:00:18.084+0000] {processor.py:840} INFO - DAG(s) 'example_short_circuit_operator' retrieved from /home/airflow/.local/lib/python3.12/site-packages/airflow/example_dags/example_short_circuit_operator.py
[2025-05-02T20:00:18.101+0000] {logging_mixin.py:188} INFO - [2025-05-02T20:00:18.100+0000] {dag.py:3096} INFO - Sync 1 DAGs
[2025-05-02T20:00:18.117+0000] {logging_mixin.py:188} INFO - [2025-05-02T20:00:18.117+0000] {dag.py:3954} INFO - Setting next_dagrun for example_short_circuit_operator to 2025-05-01 00:00:00+00:00, run_after=2025-05-02 00:00:00+00:00
[2025-05-02T20:00:18.223+0000] {processor.py:183} INFO - Processing /home/airflow/.local/lib/python3.12/site-packages/airflow/example_dags/example_short_circuit_operator.py took 0.150 seconds
[2025-05-02T20:00:50.592+0000] {processor.py:161} INFO - Started process (PID=2166) to work on /home/airflow/.local/lib/python3.12/site-packages/airflow/example_dags/example_short_circuit_operator.py
[2025-05-02T20:00:50.593+0000] {processor.py:830} INFO - Processing file /home/airflow/.local/lib/python3.12/site-packages/airflow/example_dags/example_short_circuit_operator.py for tasks to queue
[2025-05-02T20:00:50.594+0000] {logging_mixin.py:188} INFO - [2025-05-02T20:00:50.594+0000] {dagbag.py:545} INFO - Filling up the DagBag from /home/airflow/.local/lib/python3.12/site-packages/airflow/example_dags/example_short_circuit_operator.py
[2025-05-02T20:00:50.601+0000] {processor.py:840} INFO - DAG(s) 'example_short_circuit_operator' retrieved from /home/airflow/.local/lib/python3.12/site-packages/airflow/example_dags/example_short_circuit_operator.py
[2025-05-02T20:00:50.617+0000] {logging_mixin.py:188} INFO - [2025-05-02T20:00:50.617+0000] {dag.py:3096} INFO - Sync 1 DAGs
[2025-05-02T20:00:50.632+0000] {logging_mixin.py:188} INFO - [2025-05-02T20:00:50.632+0000] {dag.py:3954} INFO - Setting next_dagrun for example_short_circuit_operator to 2025-05-01 00:00:00+00:00, run_after=2025-05-02 00:00:00+00:00
[2025-05-02T20:00:50.646+0000] {processor.py:183} INFO - Processing /home/airflow/.local/lib/python3.12/site-packages/airflow/example_dags/example_short_circuit_operator.py took 0.058 seconds
[2025-05-02T20:01:23.687+0000] {processor.py:161} INFO - Started process (PID=2226) to work on /home/airflow/.local/lib/python3.12/site-packages/airflow/example_dags/example_short_circuit_operator.py
[2025-05-02T20:01:23.688+0000] {processor.py:830} INFO - Processing file /home/airflow/.local/lib/python3.12/site-packages/airflow/example_dags/example_short_circuit_operator.py for tasks to queue
[2025-05-02T20:01:23.689+0000] {logging_mixin.py:188} INFO - [2025-05-02T20:01:23.689+0000] {dagbag.py:545} INFO - Filling up the DagBag from /home/airflow/.local/lib/python3.12/site-packages/airflow/example_dags/example_short_circuit_operator.py
[2025-05-02T20:01:23.694+0000] {processor.py:840} INFO - DAG(s) 'example_short_circuit_operator' retrieved from /home/airflow/.local/lib/python3.12/site-packages/airflow/example_dags/example_short_circuit_operator.py
[2025-05-02T20:01:23.711+0000] {logging_mixin.py:188} INFO - [2025-05-02T20:01:23.711+0000] {dag.py:3096} INFO - Sync 1 DAGs
[2025-05-02T20:01:23.729+0000] {logging_mixin.py:188} INFO - [2025-05-02T20:01:23.729+0000] {dag.py:3954} INFO - Setting next_dagrun for example_short_circuit_operator to 2025-05-01 00:00:00+00:00, run_after=2025-05-02 00:00:00+00:00
[2025-05-02T20:01:23.743+0000] {processor.py:183} INFO - Processing /home/airflow/.local/lib/python3.12/site-packages/airflow/example_dags/example_short_circuit_operator.py took 0.061 seconds
[2025-05-02T20:01:55.488+0000] {processor.py:161} INFO - Started process (PID=2286) to work on /home/airflow/.local/lib/python3.12/site-packages/airflow/example_dags/example_short_circuit_operator.py
[2025-05-02T20:01:55.488+0000] {processor.py:830} INFO - Processing file /home/airflow/.local/lib/python3.12/site-packages/airflow/example_dags/example_short_circuit_operator.py for tasks to queue
[2025-05-02T20:01:55.490+0000] {logging_mixin.py:188} INFO - [2025-05-02T20:01:55.490+0000] {dagbag.py:545} INFO - Filling up the DagBag from /home/airflow/.local/lib/python3.12/site-packages/airflow/example_dags/example_short_circuit_operator.py
[2025-05-02T20:01:55.496+0000] {processor.py:840} INFO - DAG(s) 'example_short_circuit_operator' retrieved from /home/airflow/.local/lib/python3.12/site-packages/airflow/example_dags/example_short_circuit_operator.py
[2025-05-02T20:01:55.515+0000] {logging_mixin.py:188} INFO - [2025-05-02T20:01:55.515+0000] {dag.py:3096} INFO - Sync 1 DAGs
[2025-05-02T20:01:55.640+0000] {logging_mixin.py:188} INFO - [2025-05-02T20:01:55.640+0000] {dag.py:3954} INFO - Setting next_dagrun for example_short_circuit_operator to 2025-05-01 00:00:00+00:00, run_after=2025-05-02 00:00:00+00:00
[2025-05-02T20:01:55.653+0000] {processor.py:183} INFO - Processing /home/airflow/.local/lib/python3.12/site-packages/airflow/example_dags/example_short_circuit_operator.py took 0.170 seconds
[2025-05-02T20:02:27.311+0000] {processor.py:161} INFO - Started process (PID=2346) to work on /home/airflow/.local/lib/python3.12/site-packages/airflow/example_dags/example_short_circuit_operator.py
[2025-05-02T20:02:27.311+0000] {processor.py:830} INFO - Processing file /home/airflow/.local/lib/python3.12/site-packages/airflow/example_dags/example_short_circuit_operator.py for tasks to queue
[2025-05-02T20:02:27.313+0000] {logging_mixin.py:188} INFO - [2025-05-02T20:02:27.313+0000] {dagbag.py:545} INFO - Filling up the DagBag from /home/airflow/.local/lib/python3.12/site-packages/airflow/example_dags/example_short_circuit_operator.py
[2025-05-02T20:02:27.320+0000] {processor.py:840} INFO - DAG(s) 'example_short_circuit_operator' retrieved from /home/airflow/.local/lib/python3.12/site-packages/airflow/example_dags/example_short_circuit_operator.py
[2025-05-02T20:02:27.337+0000] {logging_mixin.py:188} INFO - [2025-05-02T20:02:27.337+0000] {dag.py:3096} INFO - Sync 1 DAGs
[2025-05-02T20:02:27.352+0000] {logging_mixin.py:188} INFO - [2025-05-02T20:02:27.352+0000] {dag.py:3954} INFO - Setting next_dagrun for example_short_circuit_operator to 2025-05-01 00:00:00+00:00, run_after=2025-05-02 00:00:00+00:00
[2025-05-02T20:02:27.367+0000] {processor.py:183} INFO - Processing /home/airflow/.local/lib/python3.12/site-packages/airflow/example_dags/example_short_circuit_operator.py took 0.062 seconds
[2025-05-02T20:03:00.469+0000] {processor.py:161} INFO - Started process (PID=2407) to work on /home/airflow/.local/lib/python3.12/site-packages/airflow/example_dags/example_short_circuit_operator.py
[2025-05-02T20:03:00.469+0000] {processor.py:830} INFO - Processing file /home/airflow/.local/lib/python3.12/site-packages/airflow/example_dags/example_short_circuit_operator.py for tasks to queue
[2025-05-02T20:03:00.471+0000] {logging_mixin.py:188} INFO - [2025-05-02T20:03:00.471+0000] {dagbag.py:545} INFO - Filling up the DagBag from /home/airflow/.local/lib/python3.12/site-packages/airflow/example_dags/example_short_circuit_operator.py
[2025-05-02T20:03:00.476+0000] {processor.py:840} INFO - DAG(s) 'example_short_circuit_operator' retrieved from /home/airflow/.local/lib/python3.12/site-packages/airflow/example_dags/example_short_circuit_operator.py
[2025-05-02T20:03:00.494+0000] {logging_mixin.py:188} INFO - [2025-05-02T20:03:00.494+0000] {dag.py:3096} INFO - Sync 1 DAGs
[2025-05-02T20:03:00.511+0000] {logging_mixin.py:188} INFO - [2025-05-02T20:03:00.510+0000] {dag.py:3954} INFO - Setting next_dagrun for example_short_circuit_operator to 2025-05-01 00:00:00+00:00, run_after=2025-05-02 00:00:00+00:00
[2025-05-02T20:03:00.525+0000] {processor.py:183} INFO - Processing /home/airflow/.local/lib/python3.12/site-packages/airflow/example_dags/example_short_circuit_operator.py took 0.060 seconds
[2025-05-02T20:03:34.689+0000] {processor.py:161} INFO - Started process (PID=2467) to work on /home/airflow/.local/lib/python3.12/site-packages/airflow/example_dags/example_short_circuit_operator.py
[2025-05-02T20:03:34.690+0000] {processor.py:830} INFO - Processing file /home/airflow/.local/lib/python3.12/site-packages/airflow/example_dags/example_short_circuit_operator.py for tasks to queue
[2025-05-02T20:03:34.692+0000] {logging_mixin.py:188} INFO - [2025-05-02T20:03:34.691+0000] {dagbag.py:545} INFO - Filling up the DagBag from /home/airflow/.local/lib/python3.12/site-packages/airflow/example_dags/example_short_circuit_operator.py
[2025-05-02T20:03:34.697+0000] {processor.py:840} INFO - DAG(s) 'example_short_circuit_operator' retrieved from /home/airflow/.local/lib/python3.12/site-packages/airflow/example_dags/example_short_circuit_operator.py
[2025-05-02T20:03:34.817+0000] {logging_mixin.py:188} INFO - [2025-05-02T20:03:34.817+0000] {dag.py:3096} INFO - Sync 1 DAGs
[2025-05-02T20:03:34.834+0000] {logging_mixin.py:188} INFO - [2025-05-02T20:03:34.833+0000] {dag.py:3954} INFO - Setting next_dagrun for example_short_circuit_operator to 2025-05-01 00:00:00+00:00, run_after=2025-05-02 00:00:00+00:00
[2025-05-02T20:03:34.849+0000] {processor.py:183} INFO - Processing /home/airflow/.local/lib/python3.12/site-packages/airflow/example_dags/example_short_circuit_operator.py took 0.163 seconds
[2025-05-02T20:04:05.815+0000] {processor.py:161} INFO - Started process (PID=2527) to work on /home/airflow/.local/lib/python3.12/site-packages/airflow/example_dags/example_short_circuit_operator.py
[2025-05-02T20:04:05.816+0000] {processor.py:830} INFO - Processing file /home/airflow/.local/lib/python3.12/site-packages/airflow/example_dags/example_short_circuit_operator.py for tasks to queue
[2025-05-02T20:04:05.818+0000] {logging_mixin.py:188} INFO - [2025-05-02T20:04:05.817+0000] {dagbag.py:545} INFO - Filling up the DagBag from /home/airflow/.local/lib/python3.12/site-packages/airflow/example_dags/example_short_circuit_operator.py
[2025-05-02T20:04:05.823+0000] {processor.py:840} INFO - DAG(s) 'example_short_circuit_operator' retrieved from /home/airflow/.local/lib/python3.12/site-packages/airflow/example_dags/example_short_circuit_operator.py
[2025-05-02T20:04:05.841+0000] {logging_mixin.py:188} INFO - [2025-05-02T20:04:05.841+0000] {dag.py:3096} INFO - Sync 1 DAGs
[2025-05-02T20:04:05.859+0000] {logging_mixin.py:188} INFO - [2025-05-02T20:04:05.859+0000] {dag.py:3954} INFO - Setting next_dagrun for example_short_circuit_operator to 2025-05-01 00:00:00+00:00, run_after=2025-05-02 00:00:00+00:00
[2025-05-02T20:04:05.873+0000] {processor.py:183} INFO - Processing /home/airflow/.local/lib/python3.12/site-packages/airflow/example_dags/example_short_circuit_operator.py took 0.062 seconds
[2025-05-02T20:04:38.211+0000] {processor.py:161} INFO - Started process (PID=2587) to work on /home/airflow/.local/lib/python3.12/site-packages/airflow/example_dags/example_short_circuit_operator.py
[2025-05-02T20:04:38.212+0000] {processor.py:830} INFO - Processing file /home/airflow/.local/lib/python3.12/site-packages/airflow/example_dags/example_short_circuit_operator.py for tasks to queue
[2025-05-02T20:04:38.213+0000] {logging_mixin.py:188} INFO - [2025-05-02T20:04:38.213+0000] {dagbag.py:545} INFO - Filling up the DagBag from /home/airflow/.local/lib/python3.12/site-packages/airflow/example_dags/example_short_circuit_operator.py
[2025-05-02T20:04:38.221+0000] {processor.py:840} INFO - DAG(s) 'example_short_circuit_operator' retrieved from /home/airflow/.local/lib/python3.12/site-packages/airflow/example_dags/example_short_circuit_operator.py
[2025-05-02T20:04:38.239+0000] {logging_mixin.py:188} INFO - [2025-05-02T20:04:38.239+0000] {dag.py:3096} INFO - Sync 1 DAGs
[2025-05-02T20:04:38.260+0000] {logging_mixin.py:188} INFO - [2025-05-02T20:04:38.260+0000] {dag.py:3954} INFO - Setting next_dagrun for example_short_circuit_operator to 2025-05-01 00:00:00+00:00, run_after=2025-05-02 00:00:00+00:00
[2025-05-02T20:04:38.279+0000] {processor.py:183} INFO - Processing /home/airflow/.local/lib/python3.12/site-packages/airflow/example_dags/example_short_circuit_operator.py took 0.072 seconds
[2025-05-02T20:05:10.458+0000] {processor.py:161} INFO - Started process (PID=2647) to work on /home/airflow/.local/lib/python3.12/site-packages/airflow/example_dags/example_short_circuit_operator.py
[2025-05-02T20:05:10.459+0000] {processor.py:830} INFO - Processing file /home/airflow/.local/lib/python3.12/site-packages/airflow/example_dags/example_short_circuit_operator.py for tasks to queue
[2025-05-02T20:05:10.460+0000] {logging_mixin.py:188} INFO - [2025-05-02T20:05:10.460+0000] {dagbag.py:545} INFO - Filling up the DagBag from /home/airflow/.local/lib/python3.12/site-packages/airflow/example_dags/example_short_circuit_operator.py
[2025-05-02T20:05:10.465+0000] {processor.py:840} INFO - DAG(s) 'example_short_circuit_operator' retrieved from /home/airflow/.local/lib/python3.12/site-packages/airflow/example_dags/example_short_circuit_operator.py
[2025-05-02T20:05:10.483+0000] {logging_mixin.py:188} INFO - [2025-05-02T20:05:10.483+0000] {dag.py:3096} INFO - Sync 1 DAGs
[2025-05-02T20:05:10.505+0000] {logging_mixin.py:188} INFO - [2025-05-02T20:05:10.505+0000] {dag.py:3954} INFO - Setting next_dagrun for example_short_circuit_operator to 2025-05-01 00:00:00+00:00, run_after=2025-05-02 00:00:00+00:00
[2025-05-02T20:05:10.518+0000] {processor.py:183} INFO - Processing /home/airflow/.local/lib/python3.12/site-packages/airflow/example_dags/example_short_circuit_operator.py took 0.064 seconds
[2025-05-02T20:05:42.783+0000] {processor.py:161} INFO - Started process (PID=2707) to work on /home/airflow/.local/lib/python3.12/site-packages/airflow/example_dags/example_short_circuit_operator.py
[2025-05-02T20:05:42.784+0000] {processor.py:830} INFO - Processing file /home/airflow/.local/lib/python3.12/site-packages/airflow/example_dags/example_short_circuit_operator.py for tasks to queue
[2025-05-02T20:05:42.785+0000] {logging_mixin.py:188} INFO - [2025-05-02T20:05:42.785+0000] {dagbag.py:545} INFO - Filling up the DagBag from /home/airflow/.local/lib/python3.12/site-packages/airflow/example_dags/example_short_circuit_operator.py
[2025-05-02T20:05:42.791+0000] {processor.py:840} INFO - DAG(s) 'example_short_circuit_operator' retrieved from /home/airflow/.local/lib/python3.12/site-packages/airflow/example_dags/example_short_circuit_operator.py
[2025-05-02T20:05:42.807+0000] {logging_mixin.py:188} INFO - [2025-05-02T20:05:42.807+0000] {dag.py:3096} INFO - Sync 1 DAGs
[2025-05-02T20:05:42.822+0000] {logging_mixin.py:188} INFO - [2025-05-02T20:05:42.822+0000] {dag.py:3954} INFO - Setting next_dagrun for example_short_circuit_operator to 2025-05-01 00:00:00+00:00, run_after=2025-05-02 00:00:00+00:00
[2025-05-02T20:05:42.835+0000] {processor.py:183} INFO - Processing /home/airflow/.local/lib/python3.12/site-packages/airflow/example_dags/example_short_circuit_operator.py took 0.057 seconds
[2025-05-02T20:06:15.813+0000] {processor.py:161} INFO - Started process (PID=2767) to work on /home/airflow/.local/lib/python3.12/site-packages/airflow/example_dags/example_short_circuit_operator.py
[2025-05-02T20:06:15.814+0000] {processor.py:830} INFO - Processing file /home/airflow/.local/lib/python3.12/site-packages/airflow/example_dags/example_short_circuit_operator.py for tasks to queue
[2025-05-02T20:06:15.816+0000] {logging_mixin.py:188} INFO - [2025-05-02T20:06:15.815+0000] {dagbag.py:545} INFO - Filling up the DagBag from /home/airflow/.local/lib/python3.12/site-packages/airflow/example_dags/example_short_circuit_operator.py
[2025-05-02T20:06:15.821+0000] {processor.py:840} INFO - DAG(s) 'example_short_circuit_operator' retrieved from /home/airflow/.local/lib/python3.12/site-packages/airflow/example_dags/example_short_circuit_operator.py
[2025-05-02T20:06:15.840+0000] {logging_mixin.py:188} INFO - [2025-05-02T20:06:15.840+0000] {dag.py:3096} INFO - Sync 1 DAGs
[2025-05-02T20:06:15.859+0000] {logging_mixin.py:188} INFO - [2025-05-02T20:06:15.858+0000] {dag.py:3954} INFO - Setting next_dagrun for example_short_circuit_operator to 2025-05-01 00:00:00+00:00, run_after=2025-05-02 00:00:00+00:00
[2025-05-02T20:06:15.875+0000] {processor.py:183} INFO - Processing /home/airflow/.local/lib/python3.12/site-packages/airflow/example_dags/example_short_circuit_operator.py took 0.065 seconds
[2025-05-02T20:06:47.823+0000] {processor.py:161} INFO - Started process (PID=2827) to work on /home/airflow/.local/lib/python3.12/site-packages/airflow/example_dags/example_short_circuit_operator.py
[2025-05-02T20:06:47.824+0000] {processor.py:830} INFO - Processing file /home/airflow/.local/lib/python3.12/site-packages/airflow/example_dags/example_short_circuit_operator.py for tasks to queue
[2025-05-02T20:06:47.825+0000] {logging_mixin.py:188} INFO - [2025-05-02T20:06:47.825+0000] {dagbag.py:545} INFO - Filling up the DagBag from /home/airflow/.local/lib/python3.12/site-packages/airflow/example_dags/example_short_circuit_operator.py
[2025-05-02T20:06:47.830+0000] {processor.py:840} INFO - DAG(s) 'example_short_circuit_operator' retrieved from /home/airflow/.local/lib/python3.12/site-packages/airflow/example_dags/example_short_circuit_operator.py
[2025-05-02T20:06:47.846+0000] {logging_mixin.py:188} INFO - [2025-05-02T20:06:47.846+0000] {dag.py:3096} INFO - Sync 1 DAGs
[2025-05-02T20:06:47.863+0000] {logging_mixin.py:188} INFO - [2025-05-02T20:06:47.863+0000] {dag.py:3954} INFO - Setting next_dagrun for example_short_circuit_operator to 2025-05-01 00:00:00+00:00, run_after=2025-05-02 00:00:00+00:00
[2025-05-02T20:06:47.878+0000] {processor.py:183} INFO - Processing /home/airflow/.local/lib/python3.12/site-packages/airflow/example_dags/example_short_circuit_operator.py took 0.059 seconds
[2025-05-02T20:07:21.275+0000] {processor.py:161} INFO - Started process (PID=2887) to work on /home/airflow/.local/lib/python3.12/site-packages/airflow/example_dags/example_short_circuit_operator.py
[2025-05-02T20:07:21.276+0000] {processor.py:830} INFO - Processing file /home/airflow/.local/lib/python3.12/site-packages/airflow/example_dags/example_short_circuit_operator.py for tasks to queue
[2025-05-02T20:07:21.277+0000] {logging_mixin.py:188} INFO - [2025-05-02T20:07:21.277+0000] {dagbag.py:545} INFO - Filling up the DagBag from /home/airflow/.local/lib/python3.12/site-packages/airflow/example_dags/example_short_circuit_operator.py
[2025-05-02T20:07:21.283+0000] {processor.py:840} INFO - DAG(s) 'example_short_circuit_operator' retrieved from /home/airflow/.local/lib/python3.12/site-packages/airflow/example_dags/example_short_circuit_operator.py
[2025-05-02T20:07:21.301+0000] {logging_mixin.py:188} INFO - [2025-05-02T20:07:21.300+0000] {dag.py:3096} INFO - Sync 1 DAGs
[2025-05-02T20:07:21.318+0000] {logging_mixin.py:188} INFO - [2025-05-02T20:07:21.318+0000] {dag.py:3954} INFO - Setting next_dagrun for example_short_circuit_operator to 2025-05-01 00:00:00+00:00, run_after=2025-05-02 00:00:00+00:00
[2025-05-02T20:07:21.333+0000] {processor.py:183} INFO - Processing /home/airflow/.local/lib/python3.12/site-packages/airflow/example_dags/example_short_circuit_operator.py took 0.063 seconds
[2025-05-02T20:07:53.538+0000] {processor.py:161} INFO - Started process (PID=2948) to work on /home/airflow/.local/lib/python3.12/site-packages/airflow/example_dags/example_short_circuit_operator.py
[2025-05-02T20:07:53.538+0000] {processor.py:830} INFO - Processing file /home/airflow/.local/lib/python3.12/site-packages/airflow/example_dags/example_short_circuit_operator.py for tasks to queue
[2025-05-02T20:07:53.540+0000] {logging_mixin.py:188} INFO - [2025-05-02T20:07:53.540+0000] {dagbag.py:545} INFO - Filling up the DagBag from /home/airflow/.local/lib/python3.12/site-packages/airflow/example_dags/example_short_circuit_operator.py
[2025-05-02T20:07:53.545+0000] {processor.py:840} INFO - DAG(s) 'example_short_circuit_operator' retrieved from /home/airflow/.local/lib/python3.12/site-packages/airflow/example_dags/example_short_circuit_operator.py
[2025-05-02T20:07:53.562+0000] {logging_mixin.py:188} INFO - [2025-05-02T20:07:53.562+0000] {dag.py:3096} INFO - Sync 1 DAGs
[2025-05-02T20:07:53.578+0000] {logging_mixin.py:188} INFO - [2025-05-02T20:07:53.578+0000] {dag.py:3954} INFO - Setting next_dagrun for example_short_circuit_operator to 2025-05-01 00:00:00+00:00, run_after=2025-05-02 00:00:00+00:00
[2025-05-02T20:07:53.592+0000] {processor.py:183} INFO - Processing /home/airflow/.local/lib/python3.12/site-packages/airflow/example_dags/example_short_circuit_operator.py took 0.059 seconds
[2025-05-02T20:08:25.709+0000] {processor.py:161} INFO - Started process (PID=3008) to work on /home/airflow/.local/lib/python3.12/site-packages/airflow/example_dags/example_short_circuit_operator.py
[2025-05-02T20:08:25.710+0000] {processor.py:830} INFO - Processing file /home/airflow/.local/lib/python3.12/site-packages/airflow/example_dags/example_short_circuit_operator.py for tasks to queue
[2025-05-02T20:08:25.712+0000] {logging_mixin.py:188} INFO - [2025-05-02T20:08:25.712+0000] {dagbag.py:545} INFO - Filling up the DagBag from /home/airflow/.local/lib/python3.12/site-packages/airflow/example_dags/example_short_circuit_operator.py
[2025-05-02T20:08:25.717+0000] {processor.py:840} INFO - DAG(s) 'example_short_circuit_operator' retrieved from /home/airflow/.local/lib/python3.12/site-packages/airflow/example_dags/example_short_circuit_operator.py
[2025-05-02T20:08:25.732+0000] {logging_mixin.py:188} INFO - [2025-05-02T20:08:25.732+0000] {dag.py:3096} INFO - Sync 1 DAGs
[2025-05-02T20:08:25.748+0000] {logging_mixin.py:188} INFO - [2025-05-02T20:08:25.748+0000] {dag.py:3954} INFO - Setting next_dagrun for example_short_circuit_operator to 2025-05-01 00:00:00+00:00, run_after=2025-05-02 00:00:00+00:00
[2025-05-02T20:08:25.760+0000] {processor.py:183} INFO - Processing /home/airflow/.local/lib/python3.12/site-packages/airflow/example_dags/example_short_circuit_operator.py took 0.057 seconds
[2025-05-02T20:08:59.211+0000] {processor.py:161} INFO - Started process (PID=3068) to work on /home/airflow/.local/lib/python3.12/site-packages/airflow/example_dags/example_short_circuit_operator.py
[2025-05-02T20:08:59.212+0000] {processor.py:830} INFO - Processing file /home/airflow/.local/lib/python3.12/site-packages/airflow/example_dags/example_short_circuit_operator.py for tasks to queue
[2025-05-02T20:08:59.214+0000] {logging_mixin.py:188} INFO - [2025-05-02T20:08:59.213+0000] {dagbag.py:545} INFO - Filling up the DagBag from /home/airflow/.local/lib/python3.12/site-packages/airflow/example_dags/example_short_circuit_operator.py
[2025-05-02T20:08:59.220+0000] {processor.py:840} INFO - DAG(s) 'example_short_circuit_operator' retrieved from /home/airflow/.local/lib/python3.12/site-packages/airflow/example_dags/example_short_circuit_operator.py
[2025-05-02T20:08:59.237+0000] {logging_mixin.py:188} INFO - [2025-05-02T20:08:59.237+0000] {dag.py:3096} INFO - Sync 1 DAGs
[2025-05-02T20:08:59.254+0000] {logging_mixin.py:188} INFO - [2025-05-02T20:08:59.254+0000] {dag.py:3954} INFO - Setting next_dagrun for example_short_circuit_operator to 2025-05-01 00:00:00+00:00, run_after=2025-05-02 00:00:00+00:00
[2025-05-02T20:08:59.272+0000] {processor.py:183} INFO - Processing /home/airflow/.local/lib/python3.12/site-packages/airflow/example_dags/example_short_circuit_operator.py took 0.065 seconds
[2025-05-02T20:09:31.880+0000] {processor.py:161} INFO - Started process (PID=3128) to work on /home/airflow/.local/lib/python3.12/site-packages/airflow/example_dags/example_short_circuit_operator.py
[2025-05-02T20:09:31.881+0000] {processor.py:830} INFO - Processing file /home/airflow/.local/lib/python3.12/site-packages/airflow/example_dags/example_short_circuit_operator.py for tasks to queue
[2025-05-02T20:09:31.882+0000] {logging_mixin.py:188} INFO - [2025-05-02T20:09:31.882+0000] {dagbag.py:545} INFO - Filling up the DagBag from /home/airflow/.local/lib/python3.12/site-packages/airflow/example_dags/example_short_circuit_operator.py
[2025-05-02T20:09:31.888+0000] {processor.py:840} INFO - DAG(s) 'example_short_circuit_operator' retrieved from /home/airflow/.local/lib/python3.12/site-packages/airflow/example_dags/example_short_circuit_operator.py
[2025-05-02T20:09:31.905+0000] {logging_mixin.py:188} INFO - [2025-05-02T20:09:31.904+0000] {dag.py:3096} INFO - Sync 1 DAGs
[2025-05-02T20:09:31.922+0000] {logging_mixin.py:188} INFO - [2025-05-02T20:09:31.922+0000] {dag.py:3954} INFO - Setting next_dagrun for example_short_circuit_operator to 2025-05-01 00:00:00+00:00, run_after=2025-05-02 00:00:00+00:00
[2025-05-02T20:09:31.936+0000] {processor.py:183} INFO - Processing /home/airflow/.local/lib/python3.12/site-packages/airflow/example_dags/example_short_circuit_operator.py took 0.060 seconds
[2025-05-02T20:10:03.959+0000] {processor.py:161} INFO - Started process (PID=3188) to work on /home/airflow/.local/lib/python3.12/site-packages/airflow/example_dags/example_short_circuit_operator.py
[2025-05-02T20:10:03.960+0000] {processor.py:830} INFO - Processing file /home/airflow/.local/lib/python3.12/site-packages/airflow/example_dags/example_short_circuit_operator.py for tasks to queue
[2025-05-02T20:10:03.961+0000] {logging_mixin.py:188} INFO - [2025-05-02T20:10:03.961+0000] {dagbag.py:545} INFO - Filling up the DagBag from /home/airflow/.local/lib/python3.12/site-packages/airflow/example_dags/example_short_circuit_operator.py
[2025-05-02T20:10:03.966+0000] {processor.py:840} INFO - DAG(s) 'example_short_circuit_operator' retrieved from /home/airflow/.local/lib/python3.12/site-packages/airflow/example_dags/example_short_circuit_operator.py
[2025-05-02T20:10:03.981+0000] {logging_mixin.py:188} INFO - [2025-05-02T20:10:03.980+0000] {dag.py:3096} INFO - Sync 1 DAGs
[2025-05-02T20:10:03.995+0000] {logging_mixin.py:188} INFO - [2025-05-02T20:10:03.995+0000] {dag.py:3954} INFO - Setting next_dagrun for example_short_circuit_operator to 2025-05-01 00:00:00+00:00, run_after=2025-05-02 00:00:00+00:00
[2025-05-02T20:10:04.008+0000] {processor.py:183} INFO - Processing /home/airflow/.local/lib/python3.12/site-packages/airflow/example_dags/example_short_circuit_operator.py took 0.052 seconds
[2025-05-02T20:10:35.885+0000] {processor.py:161} INFO - Started process (PID=3248) to work on /home/airflow/.local/lib/python3.12/site-packages/airflow/example_dags/example_short_circuit_operator.py
[2025-05-02T20:10:35.885+0000] {processor.py:830} INFO - Processing file /home/airflow/.local/lib/python3.12/site-packages/airflow/example_dags/example_short_circuit_operator.py for tasks to queue
[2025-05-02T20:10:35.887+0000] {logging_mixin.py:188} INFO - [2025-05-02T20:10:35.887+0000] {dagbag.py:545} INFO - Filling up the DagBag from /home/airflow/.local/lib/python3.12/site-packages/airflow/example_dags/example_short_circuit_operator.py
[2025-05-02T20:10:35.892+0000] {processor.py:840} INFO - DAG(s) 'example_short_circuit_operator' retrieved from /home/airflow/.local/lib/python3.12/site-packages/airflow/example_dags/example_short_circuit_operator.py
[2025-05-02T20:10:35.909+0000] {logging_mixin.py:188} INFO - [2025-05-02T20:10:35.909+0000] {dag.py:3096} INFO - Sync 1 DAGs
[2025-05-02T20:10:35.924+0000] {logging_mixin.py:188} INFO - [2025-05-02T20:10:35.924+0000] {dag.py:3954} INFO - Setting next_dagrun for example_short_circuit_operator to 2025-05-01 00:00:00+00:00, run_after=2025-05-02 00:00:00+00:00
[2025-05-02T20:10:35.937+0000] {processor.py:183} INFO - Processing /home/airflow/.local/lib/python3.12/site-packages/airflow/example_dags/example_short_circuit_operator.py took 0.057 seconds
[2025-05-02T20:11:09.130+0000] {processor.py:161} INFO - Started process (PID=3308) to work on /home/airflow/.local/lib/python3.12/site-packages/airflow/example_dags/example_short_circuit_operator.py
[2025-05-02T20:11:09.130+0000] {processor.py:830} INFO - Processing file /home/airflow/.local/lib/python3.12/site-packages/airflow/example_dags/example_short_circuit_operator.py for tasks to queue
[2025-05-02T20:11:09.131+0000] {logging_mixin.py:188} INFO - [2025-05-02T20:11:09.131+0000] {dagbag.py:545} INFO - Filling up the DagBag from /home/airflow/.local/lib/python3.12/site-packages/airflow/example_dags/example_short_circuit_operator.py
[2025-05-02T20:11:09.136+0000] {processor.py:840} INFO - DAG(s) 'example_short_circuit_operator' retrieved from /home/airflow/.local/lib/python3.12/site-packages/airflow/example_dags/example_short_circuit_operator.py
[2025-05-02T20:11:09.151+0000] {logging_mixin.py:188} INFO - [2025-05-02T20:11:09.151+0000] {dag.py:3096} INFO - Sync 1 DAGs
[2025-05-02T20:11:09.166+0000] {logging_mixin.py:188} INFO - [2025-05-02T20:11:09.165+0000] {dag.py:3954} INFO - Setting next_dagrun for example_short_circuit_operator to 2025-05-01 00:00:00+00:00, run_after=2025-05-02 00:00:00+00:00
[2025-05-02T20:11:09.177+0000] {processor.py:183} INFO - Processing /home/airflow/.local/lib/python3.12/site-packages/airflow/example_dags/example_short_circuit_operator.py took 0.052 seconds
[2025-05-02T20:11:41.205+0000] {processor.py:161} INFO - Started process (PID=3368) to work on /home/airflow/.local/lib/python3.12/site-packages/airflow/example_dags/example_short_circuit_operator.py
[2025-05-02T20:11:41.205+0000] {processor.py:830} INFO - Processing file /home/airflow/.local/lib/python3.12/site-packages/airflow/example_dags/example_short_circuit_operator.py for tasks to queue
[2025-05-02T20:11:41.207+0000] {logging_mixin.py:188} INFO - [2025-05-02T20:11:41.207+0000] {dagbag.py:545} INFO - Filling up the DagBag from /home/airflow/.local/lib/python3.12/site-packages/airflow/example_dags/example_short_circuit_operator.py
[2025-05-02T20:11:41.212+0000] {processor.py:840} INFO - DAG(s) 'example_short_circuit_operator' retrieved from /home/airflow/.local/lib/python3.12/site-packages/airflow/example_dags/example_short_circuit_operator.py
[2025-05-02T20:11:41.228+0000] {logging_mixin.py:188} INFO - [2025-05-02T20:11:41.228+0000] {dag.py:3096} INFO - Sync 1 DAGs
[2025-05-02T20:11:41.244+0000] {logging_mixin.py:188} INFO - [2025-05-02T20:11:41.244+0000] {dag.py:3954} INFO - Setting next_dagrun for example_short_circuit_operator to 2025-05-01 00:00:00+00:00, run_after=2025-05-02 00:00:00+00:00
[2025-05-02T20:11:41.258+0000] {processor.py:183} INFO - Processing /home/airflow/.local/lib/python3.12/site-packages/airflow/example_dags/example_short_circuit_operator.py took 0.058 seconds
[2025-05-02T20:12:14.385+0000] {processor.py:161} INFO - Started process (PID=3428) to work on /home/airflow/.local/lib/python3.12/site-packages/airflow/example_dags/example_short_circuit_operator.py
[2025-05-02T20:12:14.386+0000] {processor.py:830} INFO - Processing file /home/airflow/.local/lib/python3.12/site-packages/airflow/example_dags/example_short_circuit_operator.py for tasks to queue
[2025-05-02T20:12:14.387+0000] {logging_mixin.py:188} INFO - [2025-05-02T20:12:14.387+0000] {dagbag.py:545} INFO - Filling up the DagBag from /home/airflow/.local/lib/python3.12/site-packages/airflow/example_dags/example_short_circuit_operator.py
[2025-05-02T20:12:14.393+0000] {processor.py:840} INFO - DAG(s) 'example_short_circuit_operator' retrieved from /home/airflow/.local/lib/python3.12/site-packages/airflow/example_dags/example_short_circuit_operator.py
[2025-05-02T20:12:14.409+0000] {logging_mixin.py:188} INFO - [2025-05-02T20:12:14.409+0000] {dag.py:3096} INFO - Sync 1 DAGs
[2025-05-02T20:12:14.423+0000] {logging_mixin.py:188} INFO - [2025-05-02T20:12:14.423+0000] {dag.py:3954} INFO - Setting next_dagrun for example_short_circuit_operator to 2025-05-01 00:00:00+00:00, run_after=2025-05-02 00:00:00+00:00
[2025-05-02T20:12:14.435+0000] {processor.py:183} INFO - Processing /home/airflow/.local/lib/python3.12/site-packages/airflow/example_dags/example_short_circuit_operator.py took 0.054 seconds
[2025-05-02T20:12:46.507+0000] {processor.py:161} INFO - Started process (PID=3488) to work on /home/airflow/.local/lib/python3.12/site-packages/airflow/example_dags/example_short_circuit_operator.py
[2025-05-02T20:12:46.508+0000] {processor.py:830} INFO - Processing file /home/airflow/.local/lib/python3.12/site-packages/airflow/example_dags/example_short_circuit_operator.py for tasks to queue
[2025-05-02T20:12:46.510+0000] {logging_mixin.py:188} INFO - [2025-05-02T20:12:46.510+0000] {dagbag.py:545} INFO - Filling up the DagBag from /home/airflow/.local/lib/python3.12/site-packages/airflow/example_dags/example_short_circuit_operator.py
[2025-05-02T20:12:46.515+0000] {processor.py:840} INFO - DAG(s) 'example_short_circuit_operator' retrieved from /home/airflow/.local/lib/python3.12/site-packages/airflow/example_dags/example_short_circuit_operator.py
[2025-05-02T20:12:46.531+0000] {logging_mixin.py:188} INFO - [2025-05-02T20:12:46.531+0000] {dag.py:3096} INFO - Sync 1 DAGs
[2025-05-02T20:12:46.545+0000] {logging_mixin.py:188} INFO - [2025-05-02T20:12:46.545+0000] {dag.py:3954} INFO - Setting next_dagrun for example_short_circuit_operator to 2025-05-01 00:00:00+00:00, run_after=2025-05-02 00:00:00+00:00
[2025-05-02T20:12:46.557+0000] {processor.py:183} INFO - Processing /home/airflow/.local/lib/python3.12/site-packages/airflow/example_dags/example_short_circuit_operator.py took 0.055 seconds
