[2025-05-02T19:42:19.151+0000] {processor.py:161} INFO - Started process (PID=44) to work on /home/airflow/.local/lib/python3.12/site-packages/airflow/example_dags/example_complex.py
[2025-05-02T19:42:19.152+0000] {processor.py:830} INFO - Processing file /home/airflow/.local/lib/python3.12/site-packages/airflow/example_dags/example_complex.py for tasks to queue
[2025-05-02T19:42:19.154+0000] {logging_mixin.py:188} INFO - [2025-05-02T19:42:19.153+0000] {dagbag.py:545} INFO - Filling up the DagBag from /home/airflow/.local/lib/python3.12/site-packages/airflow/example_dags/example_complex.py
[2025-05-02T19:42:19.169+0000] {processor.py:840} INFO - DAG(s) 'example_complex' retrieved from /home/airflow/.local/lib/python3.12/site-packages/airflow/example_dags/example_complex.py
[2025-05-02T19:42:19.298+0000] {logging_mixin.py:188} INFO - [2025-05-02T19:42:19.297+0000] {override.py:1829} INFO - Created Permission View: can edit on DAG:example_complex
[2025-05-02T19:42:19.312+0000] {logging_mixin.py:188} INFO - [2025-05-02T19:42:19.312+0000] {override.py:1829} INFO - Created Permission View: can read on DAG:example_complex
[2025-05-02T19:42:19.319+0000] {logging_mixin.py:188} INFO - [2025-05-02T19:42:19.318+0000] {override.py:1829} INFO - Created Permission View: can delete on DAG:example_complex
[2025-05-02T19:42:19.319+0000] {logging_mixin.py:188} INFO - [2025-05-02T19:42:19.319+0000] {dag.py:3096} INFO - Sync 1 DAGs
[2025-05-02T19:42:19.330+0000] {logging_mixin.py:188} INFO - [2025-05-02T19:42:19.330+0000] {dag.py:3118} INFO - Creating ORM DAG for example_complex
[2025-05-02T19:42:19.331+0000] {logging_mixin.py:188} INFO - [2025-05-02T19:42:19.331+0000] {dag.py:3954} INFO - Setting next_dagrun for example_complex to None, run_after=None
[2025-05-02T19:42:19.352+0000] {processor.py:183} INFO - Processing /home/airflow/.local/lib/python3.12/site-packages/airflow/example_dags/example_complex.py took 0.208 seconds
[2025-05-02T19:42:49.839+0000] {processor.py:161} INFO - Started process (PID=104) to work on /home/airflow/.local/lib/python3.12/site-packages/airflow/example_dags/example_complex.py
[2025-05-02T19:42:49.840+0000] {processor.py:830} INFO - Processing file /home/airflow/.local/lib/python3.12/site-packages/airflow/example_dags/example_complex.py for tasks to queue
[2025-05-02T19:42:49.842+0000] {logging_mixin.py:188} INFO - [2025-05-02T19:42:49.842+0000] {dagbag.py:545} INFO - Filling up the DagBag from /home/airflow/.local/lib/python3.12/site-packages/airflow/example_dags/example_complex.py
[2025-05-02T19:42:49.851+0000] {processor.py:840} INFO - DAG(s) 'example_complex' retrieved from /home/airflow/.local/lib/python3.12/site-packages/airflow/example_dags/example_complex.py
[2025-05-02T19:42:49.875+0000] {logging_mixin.py:188} INFO - [2025-05-02T19:42:49.875+0000] {dag.py:3096} INFO - Sync 1 DAGs
[2025-05-02T19:42:49.888+0000] {logging_mixin.py:188} INFO - [2025-05-02T19:42:49.887+0000] {dag.py:3954} INFO - Setting next_dagrun for example_complex to None, run_after=None
[2025-05-02T19:42:49.914+0000] {processor.py:183} INFO - Processing /home/airflow/.local/lib/python3.12/site-packages/airflow/example_dags/example_complex.py took 0.080 seconds
[2025-05-02T19:43:20.140+0000] {processor.py:161} INFO - Started process (PID=164) to work on /home/airflow/.local/lib/python3.12/site-packages/airflow/example_dags/example_complex.py
[2025-05-02T19:43:20.141+0000] {processor.py:830} INFO - Processing file /home/airflow/.local/lib/python3.12/site-packages/airflow/example_dags/example_complex.py for tasks to queue
[2025-05-02T19:43:20.143+0000] {logging_mixin.py:188} INFO - [2025-05-02T19:43:20.143+0000] {dagbag.py:545} INFO - Filling up the DagBag from /home/airflow/.local/lib/python3.12/site-packages/airflow/example_dags/example_complex.py
[2025-05-02T19:43:20.155+0000] {processor.py:840} INFO - DAG(s) 'example_complex' retrieved from /home/airflow/.local/lib/python3.12/site-packages/airflow/example_dags/example_complex.py
[2025-05-02T19:43:20.179+0000] {logging_mixin.py:188} INFO - [2025-05-02T19:43:20.179+0000] {dag.py:3096} INFO - Sync 1 DAGs
[2025-05-02T19:43:20.191+0000] {logging_mixin.py:188} INFO - [2025-05-02T19:43:20.190+0000] {dag.py:3954} INFO - Setting next_dagrun for example_complex to None, run_after=None
[2025-05-02T19:43:20.207+0000] {processor.py:183} INFO - Processing /home/airflow/.local/lib/python3.12/site-packages/airflow/example_dags/example_complex.py took 0.073 seconds
[2025-05-02T19:43:50.413+0000] {processor.py:161} INFO - Started process (PID=222) to work on /home/airflow/.local/lib/python3.12/site-packages/airflow/example_dags/example_complex.py
[2025-05-02T19:43:50.414+0000] {processor.py:830} INFO - Processing file /home/airflow/.local/lib/python3.12/site-packages/airflow/example_dags/example_complex.py for tasks to queue
[2025-05-02T19:43:50.415+0000] {logging_mixin.py:188} INFO - [2025-05-02T19:43:50.415+0000] {dagbag.py:545} INFO - Filling up the DagBag from /home/airflow/.local/lib/python3.12/site-packages/airflow/example_dags/example_complex.py
[2025-05-02T19:43:50.424+0000] {processor.py:840} INFO - DAG(s) 'example_complex' retrieved from /home/airflow/.local/lib/python3.12/site-packages/airflow/example_dags/example_complex.py
[2025-05-02T19:43:50.448+0000] {logging_mixin.py:188} INFO - [2025-05-02T19:43:50.448+0000] {dag.py:3096} INFO - Sync 1 DAGs
[2025-05-02T19:43:50.458+0000] {logging_mixin.py:188} INFO - [2025-05-02T19:43:50.458+0000] {dag.py:3954} INFO - Setting next_dagrun for example_complex to None, run_after=None
[2025-05-02T19:43:50.480+0000] {processor.py:183} INFO - Processing /home/airflow/.local/lib/python3.12/site-packages/airflow/example_dags/example_complex.py took 0.073 seconds
[2025-05-02T19:44:20.715+0000] {processor.py:161} INFO - Started process (PID=282) to work on /home/airflow/.local/lib/python3.12/site-packages/airflow/example_dags/example_complex.py
[2025-05-02T19:44:20.716+0000] {processor.py:830} INFO - Processing file /home/airflow/.local/lib/python3.12/site-packages/airflow/example_dags/example_complex.py for tasks to queue
[2025-05-02T19:44:20.717+0000] {logging_mixin.py:188} INFO - [2025-05-02T19:44:20.717+0000] {dagbag.py:545} INFO - Filling up the DagBag from /home/airflow/.local/lib/python3.12/site-packages/airflow/example_dags/example_complex.py
[2025-05-02T19:44:20.734+0000] {processor.py:840} INFO - DAG(s) 'example_complex' retrieved from /home/airflow/.local/lib/python3.12/site-packages/airflow/example_dags/example_complex.py
[2025-05-02T19:44:20.765+0000] {logging_mixin.py:188} INFO - [2025-05-02T19:44:20.765+0000] {dag.py:3096} INFO - Sync 1 DAGs
[2025-05-02T19:44:20.777+0000] {logging_mixin.py:188} INFO - [2025-05-02T19:44:20.777+0000] {dag.py:3954} INFO - Setting next_dagrun for example_complex to None, run_after=None
[2025-05-02T19:44:20.793+0000] {processor.py:183} INFO - Processing /home/airflow/.local/lib/python3.12/site-packages/airflow/example_dags/example_complex.py took 0.084 seconds
[2025-05-02T19:44:51.044+0000] {processor.py:161} INFO - Started process (PID=342) to work on /home/airflow/.local/lib/python3.12/site-packages/airflow/example_dags/example_complex.py
[2025-05-02T19:44:51.045+0000] {processor.py:830} INFO - Processing file /home/airflow/.local/lib/python3.12/site-packages/airflow/example_dags/example_complex.py for tasks to queue
[2025-05-02T19:44:51.047+0000] {logging_mixin.py:188} INFO - [2025-05-02T19:44:51.046+0000] {dagbag.py:545} INFO - Filling up the DagBag from /home/airflow/.local/lib/python3.12/site-packages/airflow/example_dags/example_complex.py
[2025-05-02T19:44:51.054+0000] {processor.py:840} INFO - DAG(s) 'example_complex' retrieved from /home/airflow/.local/lib/python3.12/site-packages/airflow/example_dags/example_complex.py
[2025-05-02T19:44:51.077+0000] {logging_mixin.py:188} INFO - [2025-05-02T19:44:51.077+0000] {dag.py:3096} INFO - Sync 1 DAGs
[2025-05-02T19:44:51.088+0000] {logging_mixin.py:188} INFO - [2025-05-02T19:44:51.087+0000] {dag.py:3954} INFO - Setting next_dagrun for example_complex to None, run_after=None
[2025-05-02T19:44:51.103+0000] {processor.py:183} INFO - Processing /home/airflow/.local/lib/python3.12/site-packages/airflow/example_dags/example_complex.py took 0.063 seconds
[2025-05-02T19:45:21.358+0000] {processor.py:161} INFO - Started process (PID=402) to work on /home/airflow/.local/lib/python3.12/site-packages/airflow/example_dags/example_complex.py
[2025-05-02T19:45:21.359+0000] {processor.py:830} INFO - Processing file /home/airflow/.local/lib/python3.12/site-packages/airflow/example_dags/example_complex.py for tasks to queue
[2025-05-02T19:45:21.361+0000] {logging_mixin.py:188} INFO - [2025-05-02T19:45:21.361+0000] {dagbag.py:545} INFO - Filling up the DagBag from /home/airflow/.local/lib/python3.12/site-packages/airflow/example_dags/example_complex.py
[2025-05-02T19:45:21.371+0000] {processor.py:840} INFO - DAG(s) 'example_complex' retrieved from /home/airflow/.local/lib/python3.12/site-packages/airflow/example_dags/example_complex.py
[2025-05-02T19:45:21.397+0000] {logging_mixin.py:188} INFO - [2025-05-02T19:45:21.397+0000] {dag.py:3096} INFO - Sync 1 DAGs
[2025-05-02T19:45:21.408+0000] {logging_mixin.py:188} INFO - [2025-05-02T19:45:21.407+0000] {dag.py:3954} INFO - Setting next_dagrun for example_complex to None, run_after=None
[2025-05-02T19:45:21.423+0000] {processor.py:183} INFO - Processing /home/airflow/.local/lib/python3.12/site-packages/airflow/example_dags/example_complex.py took 0.070 seconds
[2025-05-02T19:45:51.618+0000] {processor.py:161} INFO - Started process (PID=462) to work on /home/airflow/.local/lib/python3.12/site-packages/airflow/example_dags/example_complex.py
[2025-05-02T19:45:51.619+0000] {processor.py:830} INFO - Processing file /home/airflow/.local/lib/python3.12/site-packages/airflow/example_dags/example_complex.py for tasks to queue
[2025-05-02T19:45:51.621+0000] {logging_mixin.py:188} INFO - [2025-05-02T19:45:51.620+0000] {dagbag.py:545} INFO - Filling up the DagBag from /home/airflow/.local/lib/python3.12/site-packages/airflow/example_dags/example_complex.py
[2025-05-02T19:45:51.628+0000] {processor.py:840} INFO - DAG(s) 'example_complex' retrieved from /home/airflow/.local/lib/python3.12/site-packages/airflow/example_dags/example_complex.py
[2025-05-02T19:45:51.653+0000] {logging_mixin.py:188} INFO - [2025-05-02T19:45:51.653+0000] {dag.py:3096} INFO - Sync 1 DAGs
[2025-05-02T19:45:51.665+0000] {logging_mixin.py:188} INFO - [2025-05-02T19:45:51.665+0000] {dag.py:3954} INFO - Setting next_dagrun for example_complex to None, run_after=None
[2025-05-02T19:45:51.679+0000] {processor.py:183} INFO - Processing /home/airflow/.local/lib/python3.12/site-packages/airflow/example_dags/example_complex.py took 0.066 seconds
[2025-05-02T19:46:21.956+0000] {processor.py:161} INFO - Started process (PID=522) to work on /home/airflow/.local/lib/python3.12/site-packages/airflow/example_dags/example_complex.py
[2025-05-02T19:46:21.957+0000] {processor.py:830} INFO - Processing file /home/airflow/.local/lib/python3.12/site-packages/airflow/example_dags/example_complex.py for tasks to queue
[2025-05-02T19:46:21.959+0000] {logging_mixin.py:188} INFO - [2025-05-02T19:46:21.958+0000] {dagbag.py:545} INFO - Filling up the DagBag from /home/airflow/.local/lib/python3.12/site-packages/airflow/example_dags/example_complex.py
[2025-05-02T19:46:21.966+0000] {processor.py:840} INFO - DAG(s) 'example_complex' retrieved from /home/airflow/.local/lib/python3.12/site-packages/airflow/example_dags/example_complex.py
[2025-05-02T19:46:21.988+0000] {logging_mixin.py:188} INFO - [2025-05-02T19:46:21.988+0000] {dag.py:3096} INFO - Sync 1 DAGs
[2025-05-02T19:46:21.997+0000] {logging_mixin.py:188} INFO - [2025-05-02T19:46:21.997+0000] {dag.py:3954} INFO - Setting next_dagrun for example_complex to None, run_after=None
[2025-05-02T19:46:22.030+0000] {processor.py:183} INFO - Processing /home/airflow/.local/lib/python3.12/site-packages/airflow/example_dags/example_complex.py took 0.078 seconds
[2025-05-02T19:46:52.274+0000] {processor.py:161} INFO - Started process (PID=576) to work on /home/airflow/.local/lib/python3.12/site-packages/airflow/example_dags/example_complex.py
[2025-05-02T19:46:52.274+0000] {processor.py:830} INFO - Processing file /home/airflow/.local/lib/python3.12/site-packages/airflow/example_dags/example_complex.py for tasks to queue
[2025-05-02T19:46:52.276+0000] {logging_mixin.py:188} INFO - [2025-05-02T19:46:52.275+0000] {dagbag.py:545} INFO - Filling up the DagBag from /home/airflow/.local/lib/python3.12/site-packages/airflow/example_dags/example_complex.py
[2025-05-02T19:46:52.284+0000] {processor.py:840} INFO - DAG(s) 'example_complex' retrieved from /home/airflow/.local/lib/python3.12/site-packages/airflow/example_dags/example_complex.py
[2025-05-02T19:46:52.314+0000] {logging_mixin.py:188} INFO - [2025-05-02T19:46:52.314+0000] {dag.py:3096} INFO - Sync 1 DAGs
[2025-05-02T19:46:52.325+0000] {logging_mixin.py:188} INFO - [2025-05-02T19:46:52.325+0000] {dag.py:3954} INFO - Setting next_dagrun for example_complex to None, run_after=None
[2025-05-02T19:46:52.342+0000] {processor.py:183} INFO - Processing /home/airflow/.local/lib/python3.12/site-packages/airflow/example_dags/example_complex.py took 0.073 seconds
[2025-05-02T19:47:22.632+0000] {processor.py:161} INFO - Started process (PID=636) to work on /home/airflow/.local/lib/python3.12/site-packages/airflow/example_dags/example_complex.py
[2025-05-02T19:47:22.633+0000] {processor.py:830} INFO - Processing file /home/airflow/.local/lib/python3.12/site-packages/airflow/example_dags/example_complex.py for tasks to queue
[2025-05-02T19:47:22.635+0000] {logging_mixin.py:188} INFO - [2025-05-02T19:47:22.634+0000] {dagbag.py:545} INFO - Filling up the DagBag from /home/airflow/.local/lib/python3.12/site-packages/airflow/example_dags/example_complex.py
[2025-05-02T19:47:22.643+0000] {processor.py:840} INFO - DAG(s) 'example_complex' retrieved from /home/airflow/.local/lib/python3.12/site-packages/airflow/example_dags/example_complex.py
[2025-05-02T19:47:22.670+0000] {logging_mixin.py:188} INFO - [2025-05-02T19:47:22.670+0000] {dag.py:3096} INFO - Sync 1 DAGs
[2025-05-02T19:47:22.679+0000] {logging_mixin.py:188} INFO - [2025-05-02T19:47:22.679+0000] {dag.py:3954} INFO - Setting next_dagrun for example_complex to None, run_after=None
[2025-05-02T19:47:22.693+0000] {processor.py:183} INFO - Processing /home/airflow/.local/lib/python3.12/site-packages/airflow/example_dags/example_complex.py took 0.065 seconds
[2025-05-02T19:47:53.068+0000] {processor.py:161} INFO - Started process (PID=696) to work on /home/airflow/.local/lib/python3.12/site-packages/airflow/example_dags/example_complex.py
[2025-05-02T19:47:53.069+0000] {processor.py:830} INFO - Processing file /home/airflow/.local/lib/python3.12/site-packages/airflow/example_dags/example_complex.py for tasks to queue
[2025-05-02T19:47:53.070+0000] {logging_mixin.py:188} INFO - [2025-05-02T19:47:53.070+0000] {dagbag.py:545} INFO - Filling up the DagBag from /home/airflow/.local/lib/python3.12/site-packages/airflow/example_dags/example_complex.py
[2025-05-02T19:47:53.080+0000] {processor.py:840} INFO - DAG(s) 'example_complex' retrieved from /home/airflow/.local/lib/python3.12/site-packages/airflow/example_dags/example_complex.py
[2025-05-02T19:47:53.113+0000] {logging_mixin.py:188} INFO - [2025-05-02T19:47:53.113+0000] {dag.py:3096} INFO - Sync 1 DAGs
[2025-05-02T19:47:53.127+0000] {logging_mixin.py:188} INFO - [2025-05-02T19:47:53.127+0000] {dag.py:3954} INFO - Setting next_dagrun for example_complex to None, run_after=None
[2025-05-02T19:47:53.152+0000] {processor.py:183} INFO - Processing /home/airflow/.local/lib/python3.12/site-packages/airflow/example_dags/example_complex.py took 0.090 seconds
[2025-05-02T19:48:23.275+0000] {processor.py:161} INFO - Started process (PID=756) to work on /home/airflow/.local/lib/python3.12/site-packages/airflow/example_dags/example_complex.py
[2025-05-02T19:48:23.276+0000] {processor.py:830} INFO - Processing file /home/airflow/.local/lib/python3.12/site-packages/airflow/example_dags/example_complex.py for tasks to queue
[2025-05-02T19:48:23.278+0000] {logging_mixin.py:188} INFO - [2025-05-02T19:48:23.277+0000] {dagbag.py:545} INFO - Filling up the DagBag from /home/airflow/.local/lib/python3.12/site-packages/airflow/example_dags/example_complex.py
[2025-05-02T19:48:23.287+0000] {processor.py:840} INFO - DAG(s) 'example_complex' retrieved from /home/airflow/.local/lib/python3.12/site-packages/airflow/example_dags/example_complex.py
[2025-05-02T19:48:23.318+0000] {logging_mixin.py:188} INFO - [2025-05-02T19:48:23.318+0000] {dag.py:3096} INFO - Sync 1 DAGs
[2025-05-02T19:48:23.329+0000] {logging_mixin.py:188} INFO - [2025-05-02T19:48:23.329+0000] {dag.py:3954} INFO - Setting next_dagrun for example_complex to None, run_after=None
[2025-05-02T19:48:23.347+0000] {processor.py:183} INFO - Processing /home/airflow/.local/lib/python3.12/site-packages/airflow/example_dags/example_complex.py took 0.076 seconds
[2025-05-02T19:48:55.494+0000] {processor.py:161} INFO - Started process (PID=816) to work on /home/airflow/.local/lib/python3.12/site-packages/airflow/example_dags/example_complex.py
[2025-05-02T19:48:55.495+0000] {processor.py:830} INFO - Processing file /home/airflow/.local/lib/python3.12/site-packages/airflow/example_dags/example_complex.py for tasks to queue
[2025-05-02T19:48:55.496+0000] {logging_mixin.py:188} INFO - [2025-05-02T19:48:55.496+0000] {dagbag.py:545} INFO - Filling up the DagBag from /home/airflow/.local/lib/python3.12/site-packages/airflow/example_dags/example_complex.py
[2025-05-02T19:48:55.504+0000] {processor.py:840} INFO - DAG(s) 'example_complex' retrieved from /home/airflow/.local/lib/python3.12/site-packages/airflow/example_dags/example_complex.py
[2025-05-02T19:48:55.529+0000] {logging_mixin.py:188} INFO - [2025-05-02T19:48:55.529+0000] {dag.py:3096} INFO - Sync 1 DAGs
[2025-05-02T19:48:55.540+0000] {logging_mixin.py:188} INFO - [2025-05-02T19:48:55.540+0000] {dag.py:3954} INFO - Setting next_dagrun for example_complex to None, run_after=None
[2025-05-02T19:48:55.558+0000] {processor.py:183} INFO - Processing /home/airflow/.local/lib/python3.12/site-packages/airflow/example_dags/example_complex.py took 0.069 seconds
[2025-05-02T19:49:28.101+0000] {processor.py:161} INFO - Started process (PID=877) to work on /home/airflow/.local/lib/python3.12/site-packages/airflow/example_dags/example_complex.py
[2025-05-02T19:49:28.102+0000] {processor.py:830} INFO - Processing file /home/airflow/.local/lib/python3.12/site-packages/airflow/example_dags/example_complex.py for tasks to queue
[2025-05-02T19:49:28.104+0000] {logging_mixin.py:188} INFO - [2025-05-02T19:49:28.103+0000] {dagbag.py:545} INFO - Filling up the DagBag from /home/airflow/.local/lib/python3.12/site-packages/airflow/example_dags/example_complex.py
[2025-05-02T19:49:28.111+0000] {processor.py:840} INFO - DAG(s) 'example_complex' retrieved from /home/airflow/.local/lib/python3.12/site-packages/airflow/example_dags/example_complex.py
[2025-05-02T19:49:28.141+0000] {logging_mixin.py:188} INFO - [2025-05-02T19:49:28.141+0000] {dag.py:3096} INFO - Sync 1 DAGs
[2025-05-02T19:49:28.152+0000] {logging_mixin.py:188} INFO - [2025-05-02T19:49:28.151+0000] {dag.py:3954} INFO - Setting next_dagrun for example_complex to None, run_after=None
[2025-05-02T19:49:28.165+0000] {processor.py:183} INFO - Processing /home/airflow/.local/lib/python3.12/site-packages/airflow/example_dags/example_complex.py took 0.068 seconds
[2025-05-02T19:50:00.110+0000] {processor.py:161} INFO - Started process (PID=937) to work on /home/airflow/.local/lib/python3.12/site-packages/airflow/example_dags/example_complex.py
[2025-05-02T19:50:00.111+0000] {processor.py:830} INFO - Processing file /home/airflow/.local/lib/python3.12/site-packages/airflow/example_dags/example_complex.py for tasks to queue
[2025-05-02T19:50:00.113+0000] {logging_mixin.py:188} INFO - [2025-05-02T19:50:00.112+0000] {dagbag.py:545} INFO - Filling up the DagBag from /home/airflow/.local/lib/python3.12/site-packages/airflow/example_dags/example_complex.py
[2025-05-02T19:50:00.119+0000] {processor.py:840} INFO - DAG(s) 'example_complex' retrieved from /home/airflow/.local/lib/python3.12/site-packages/airflow/example_dags/example_complex.py
[2025-05-02T19:50:00.141+0000] {logging_mixin.py:188} INFO - [2025-05-02T19:50:00.141+0000] {dag.py:3096} INFO - Sync 1 DAGs
[2025-05-02T19:50:00.150+0000] {logging_mixin.py:188} INFO - [2025-05-02T19:50:00.150+0000] {dag.py:3954} INFO - Setting next_dagrun for example_complex to None, run_after=None
[2025-05-02T19:50:00.163+0000] {processor.py:183} INFO - Processing /home/airflow/.local/lib/python3.12/site-packages/airflow/example_dags/example_complex.py took 0.057 seconds
[2025-05-02T19:50:33.042+0000] {processor.py:161} INFO - Started process (PID=999) to work on /home/airflow/.local/lib/python3.12/site-packages/airflow/example_dags/example_complex.py
[2025-05-02T19:50:33.042+0000] {processor.py:830} INFO - Processing file /home/airflow/.local/lib/python3.12/site-packages/airflow/example_dags/example_complex.py for tasks to queue
[2025-05-02T19:50:33.044+0000] {logging_mixin.py:188} INFO - [2025-05-02T19:50:33.044+0000] {dagbag.py:545} INFO - Filling up the DagBag from /home/airflow/.local/lib/python3.12/site-packages/airflow/example_dags/example_complex.py
[2025-05-02T19:50:33.052+0000] {processor.py:840} INFO - DAG(s) 'example_complex' retrieved from /home/airflow/.local/lib/python3.12/site-packages/airflow/example_dags/example_complex.py
[2025-05-02T19:50:33.077+0000] {logging_mixin.py:188} INFO - [2025-05-02T19:50:33.077+0000] {dag.py:3096} INFO - Sync 1 DAGs
[2025-05-02T19:50:33.087+0000] {logging_mixin.py:188} INFO - [2025-05-02T19:50:33.087+0000] {dag.py:3954} INFO - Setting next_dagrun for example_complex to None, run_after=None
[2025-05-02T19:50:33.106+0000] {processor.py:183} INFO - Processing /home/airflow/.local/lib/python3.12/site-packages/airflow/example_dags/example_complex.py took 0.068 seconds
[2025-05-02T19:51:05.284+0000] {processor.py:161} INFO - Started process (PID=1059) to work on /home/airflow/.local/lib/python3.12/site-packages/airflow/example_dags/example_complex.py
[2025-05-02T19:51:05.285+0000] {processor.py:830} INFO - Processing file /home/airflow/.local/lib/python3.12/site-packages/airflow/example_dags/example_complex.py for tasks to queue
[2025-05-02T19:51:05.287+0000] {logging_mixin.py:188} INFO - [2025-05-02T19:51:05.287+0000] {dagbag.py:545} INFO - Filling up the DagBag from /home/airflow/.local/lib/python3.12/site-packages/airflow/example_dags/example_complex.py
[2025-05-02T19:51:05.297+0000] {processor.py:840} INFO - DAG(s) 'example_complex' retrieved from /home/airflow/.local/lib/python3.12/site-packages/airflow/example_dags/example_complex.py
[2025-05-02T19:51:05.330+0000] {logging_mixin.py:188} INFO - [2025-05-02T19:51:05.330+0000] {dag.py:3096} INFO - Sync 1 DAGs
[2025-05-02T19:51:05.341+0000] {logging_mixin.py:188} INFO - [2025-05-02T19:51:05.341+0000] {dag.py:3954} INFO - Setting next_dagrun for example_complex to None, run_after=None
[2025-05-02T19:51:05.356+0000] {processor.py:183} INFO - Processing /home/airflow/.local/lib/python3.12/site-packages/airflow/example_dags/example_complex.py took 0.077 seconds
[2025-05-02T19:51:37.565+0000] {processor.py:161} INFO - Started process (PID=1119) to work on /home/airflow/.local/lib/python3.12/site-packages/airflow/example_dags/example_complex.py
[2025-05-02T19:51:37.565+0000] {processor.py:830} INFO - Processing file /home/airflow/.local/lib/python3.12/site-packages/airflow/example_dags/example_complex.py for tasks to queue
[2025-05-02T19:51:37.567+0000] {logging_mixin.py:188} INFO - [2025-05-02T19:51:37.566+0000] {dagbag.py:545} INFO - Filling up the DagBag from /home/airflow/.local/lib/python3.12/site-packages/airflow/example_dags/example_complex.py
[2025-05-02T19:51:37.574+0000] {processor.py:840} INFO - DAG(s) 'example_complex' retrieved from /home/airflow/.local/lib/python3.12/site-packages/airflow/example_dags/example_complex.py
[2025-05-02T19:51:37.602+0000] {logging_mixin.py:188} INFO - [2025-05-02T19:51:37.601+0000] {dag.py:3096} INFO - Sync 1 DAGs
[2025-05-02T19:51:37.613+0000] {logging_mixin.py:188} INFO - [2025-05-02T19:51:37.613+0000] {dag.py:3954} INFO - Setting next_dagrun for example_complex to None, run_after=None
[2025-05-02T19:51:37.630+0000] {processor.py:183} INFO - Processing /home/airflow/.local/lib/python3.12/site-packages/airflow/example_dags/example_complex.py took 0.070 seconds
[2025-05-02T19:52:09.780+0000] {processor.py:161} INFO - Started process (PID=1179) to work on /home/airflow/.local/lib/python3.12/site-packages/airflow/example_dags/example_complex.py
[2025-05-02T19:52:09.781+0000] {processor.py:830} INFO - Processing file /home/airflow/.local/lib/python3.12/site-packages/airflow/example_dags/example_complex.py for tasks to queue
[2025-05-02T19:52:09.782+0000] {logging_mixin.py:188} INFO - [2025-05-02T19:52:09.782+0000] {dagbag.py:545} INFO - Filling up the DagBag from /home/airflow/.local/lib/python3.12/site-packages/airflow/example_dags/example_complex.py
[2025-05-02T19:52:09.792+0000] {processor.py:840} INFO - DAG(s) 'example_complex' retrieved from /home/airflow/.local/lib/python3.12/site-packages/airflow/example_dags/example_complex.py
[2025-05-02T19:52:09.817+0000] {logging_mixin.py:188} INFO - [2025-05-02T19:52:09.816+0000] {dag.py:3096} INFO - Sync 1 DAGs
[2025-05-02T19:52:09.830+0000] {logging_mixin.py:188} INFO - [2025-05-02T19:52:09.830+0000] {dag.py:3954} INFO - Setting next_dagrun for example_complex to None, run_after=None
[2025-05-02T19:52:09.845+0000] {processor.py:183} INFO - Processing /home/airflow/.local/lib/python3.12/site-packages/airflow/example_dags/example_complex.py took 0.071 seconds
[2025-05-02T19:52:42.404+0000] {processor.py:161} INFO - Started process (PID=1239) to work on /home/airflow/.local/lib/python3.12/site-packages/airflow/example_dags/example_complex.py
[2025-05-02T19:52:42.405+0000] {processor.py:830} INFO - Processing file /home/airflow/.local/lib/python3.12/site-packages/airflow/example_dags/example_complex.py for tasks to queue
[2025-05-02T19:52:42.406+0000] {logging_mixin.py:188} INFO - [2025-05-02T19:52:42.406+0000] {dagbag.py:545} INFO - Filling up the DagBag from /home/airflow/.local/lib/python3.12/site-packages/airflow/example_dags/example_complex.py
[2025-05-02T19:52:42.414+0000] {processor.py:840} INFO - DAG(s) 'example_complex' retrieved from /home/airflow/.local/lib/python3.12/site-packages/airflow/example_dags/example_complex.py
[2025-05-02T19:52:42.442+0000] {logging_mixin.py:188} INFO - [2025-05-02T19:52:42.442+0000] {dag.py:3096} INFO - Sync 1 DAGs
[2025-05-02T19:52:42.452+0000] {logging_mixin.py:188} INFO - [2025-05-02T19:52:42.452+0000] {dag.py:3954} INFO - Setting next_dagrun for example_complex to None, run_after=None
[2025-05-02T19:52:42.468+0000] {processor.py:183} INFO - Processing /home/airflow/.local/lib/python3.12/site-packages/airflow/example_dags/example_complex.py took 0.068 seconds
[2025-05-02T19:53:14.830+0000] {processor.py:161} INFO - Started process (PID=1299) to work on /home/airflow/.local/lib/python3.12/site-packages/airflow/example_dags/example_complex.py
[2025-05-02T19:53:14.831+0000] {processor.py:830} INFO - Processing file /home/airflow/.local/lib/python3.12/site-packages/airflow/example_dags/example_complex.py for tasks to queue
[2025-05-02T19:53:14.834+0000] {logging_mixin.py:188} INFO - [2025-05-02T19:53:14.833+0000] {dagbag.py:545} INFO - Filling up the DagBag from /home/airflow/.local/lib/python3.12/site-packages/airflow/example_dags/example_complex.py
[2025-05-02T19:53:14.847+0000] {processor.py:840} INFO - DAG(s) 'example_complex' retrieved from /home/airflow/.local/lib/python3.12/site-packages/airflow/example_dags/example_complex.py
[2025-05-02T19:53:14.876+0000] {logging_mixin.py:188} INFO - [2025-05-02T19:53:14.876+0000] {dag.py:3096} INFO - Sync 1 DAGs
[2025-05-02T19:53:14.888+0000] {logging_mixin.py:188} INFO - [2025-05-02T19:53:14.888+0000] {dag.py:3954} INFO - Setting next_dagrun for example_complex to None, run_after=None
[2025-05-02T19:53:14.902+0000] {processor.py:183} INFO - Processing /home/airflow/.local/lib/python3.12/site-packages/airflow/example_dags/example_complex.py took 0.077 seconds
[2025-05-02T19:53:47.445+0000] {processor.py:161} INFO - Started process (PID=1359) to work on /home/airflow/.local/lib/python3.12/site-packages/airflow/example_dags/example_complex.py
[2025-05-02T19:53:47.446+0000] {processor.py:830} INFO - Processing file /home/airflow/.local/lib/python3.12/site-packages/airflow/example_dags/example_complex.py for tasks to queue
[2025-05-02T19:53:47.448+0000] {logging_mixin.py:188} INFO - [2025-05-02T19:53:47.448+0000] {dagbag.py:545} INFO - Filling up the DagBag from /home/airflow/.local/lib/python3.12/site-packages/airflow/example_dags/example_complex.py
[2025-05-02T19:53:47.455+0000] {processor.py:840} INFO - DAG(s) 'example_complex' retrieved from /home/airflow/.local/lib/python3.12/site-packages/airflow/example_dags/example_complex.py
[2025-05-02T19:53:47.484+0000] {logging_mixin.py:188} INFO - [2025-05-02T19:53:47.483+0000] {dag.py:3096} INFO - Sync 1 DAGs
[2025-05-02T19:53:47.499+0000] {logging_mixin.py:188} INFO - [2025-05-02T19:53:47.499+0000] {dag.py:3954} INFO - Setting next_dagrun for example_complex to None, run_after=None
[2025-05-02T19:53:47.517+0000] {processor.py:183} INFO - Processing /home/airflow/.local/lib/python3.12/site-packages/airflow/example_dags/example_complex.py took 0.077 seconds
[2025-05-02T19:54:19.991+0000] {processor.py:161} INFO - Started process (PID=1419) to work on /home/airflow/.local/lib/python3.12/site-packages/airflow/example_dags/example_complex.py
[2025-05-02T19:54:19.991+0000] {processor.py:830} INFO - Processing file /home/airflow/.local/lib/python3.12/site-packages/airflow/example_dags/example_complex.py for tasks to queue
[2025-05-02T19:54:19.993+0000] {logging_mixin.py:188} INFO - [2025-05-02T19:54:19.993+0000] {dagbag.py:545} INFO - Filling up the DagBag from /home/airflow/.local/lib/python3.12/site-packages/airflow/example_dags/example_complex.py
[2025-05-02T19:54:20.001+0000] {processor.py:840} INFO - DAG(s) 'example_complex' retrieved from /home/airflow/.local/lib/python3.12/site-packages/airflow/example_dags/example_complex.py
[2025-05-02T19:54:20.035+0000] {logging_mixin.py:188} INFO - [2025-05-02T19:54:20.035+0000] {dag.py:3096} INFO - Sync 1 DAGs
[2025-05-02T19:54:20.047+0000] {logging_mixin.py:188} INFO - [2025-05-02T19:54:20.047+0000] {dag.py:3954} INFO - Setting next_dagrun for example_complex to None, run_after=None
[2025-05-02T19:54:20.062+0000] {processor.py:183} INFO - Processing /home/airflow/.local/lib/python3.12/site-packages/airflow/example_dags/example_complex.py took 0.076 seconds
[2025-05-02T19:54:52.424+0000] {processor.py:161} INFO - Started process (PID=1479) to work on /home/airflow/.local/lib/python3.12/site-packages/airflow/example_dags/example_complex.py
[2025-05-02T19:54:52.425+0000] {processor.py:830} INFO - Processing file /home/airflow/.local/lib/python3.12/site-packages/airflow/example_dags/example_complex.py for tasks to queue
[2025-05-02T19:54:52.426+0000] {logging_mixin.py:188} INFO - [2025-05-02T19:54:52.426+0000] {dagbag.py:545} INFO - Filling up the DagBag from /home/airflow/.local/lib/python3.12/site-packages/airflow/example_dags/example_complex.py
[2025-05-02T19:54:52.434+0000] {processor.py:840} INFO - DAG(s) 'example_complex' retrieved from /home/airflow/.local/lib/python3.12/site-packages/airflow/example_dags/example_complex.py
[2025-05-02T19:54:52.462+0000] {logging_mixin.py:188} INFO - [2025-05-02T19:54:52.462+0000] {dag.py:3096} INFO - Sync 1 DAGs
[2025-05-02T19:54:52.472+0000] {logging_mixin.py:188} INFO - [2025-05-02T19:54:52.472+0000] {dag.py:3954} INFO - Setting next_dagrun for example_complex to None, run_after=None
[2025-05-02T19:54:52.488+0000] {processor.py:183} INFO - Processing /home/airflow/.local/lib/python3.12/site-packages/airflow/example_dags/example_complex.py took 0.068 seconds
[2025-05-02T19:55:24.375+0000] {processor.py:161} INFO - Started process (PID=1539) to work on /home/airflow/.local/lib/python3.12/site-packages/airflow/example_dags/example_complex.py
[2025-05-02T19:55:24.375+0000] {processor.py:830} INFO - Processing file /home/airflow/.local/lib/python3.12/site-packages/airflow/example_dags/example_complex.py for tasks to queue
[2025-05-02T19:55:24.377+0000] {logging_mixin.py:188} INFO - [2025-05-02T19:55:24.377+0000] {dagbag.py:545} INFO - Filling up the DagBag from /home/airflow/.local/lib/python3.12/site-packages/airflow/example_dags/example_complex.py
[2025-05-02T19:55:24.384+0000] {processor.py:840} INFO - DAG(s) 'example_complex' retrieved from /home/airflow/.local/lib/python3.12/site-packages/airflow/example_dags/example_complex.py
[2025-05-02T19:55:24.410+0000] {logging_mixin.py:188} INFO - [2025-05-02T19:55:24.409+0000] {dag.py:3096} INFO - Sync 1 DAGs
[2025-05-02T19:55:24.420+0000] {logging_mixin.py:188} INFO - [2025-05-02T19:55:24.420+0000] {dag.py:3954} INFO - Setting next_dagrun for example_complex to None, run_after=None
[2025-05-02T19:55:24.432+0000] {processor.py:183} INFO - Processing /home/airflow/.local/lib/python3.12/site-packages/airflow/example_dags/example_complex.py took 0.062 seconds
[2025-05-02T19:55:57.223+0000] {processor.py:161} INFO - Started process (PID=1599) to work on /home/airflow/.local/lib/python3.12/site-packages/airflow/example_dags/example_complex.py
[2025-05-02T19:55:57.224+0000] {processor.py:830} INFO - Processing file /home/airflow/.local/lib/python3.12/site-packages/airflow/example_dags/example_complex.py for tasks to queue
[2025-05-02T19:55:57.225+0000] {logging_mixin.py:188} INFO - [2025-05-02T19:55:57.225+0000] {dagbag.py:545} INFO - Filling up the DagBag from /home/airflow/.local/lib/python3.12/site-packages/airflow/example_dags/example_complex.py
[2025-05-02T19:55:57.233+0000] {processor.py:840} INFO - DAG(s) 'example_complex' retrieved from /home/airflow/.local/lib/python3.12/site-packages/airflow/example_dags/example_complex.py
[2025-05-02T19:55:57.260+0000] {logging_mixin.py:188} INFO - [2025-05-02T19:55:57.260+0000] {dag.py:3096} INFO - Sync 1 DAGs
[2025-05-02T19:55:57.272+0000] {logging_mixin.py:188} INFO - [2025-05-02T19:55:57.272+0000] {dag.py:3954} INFO - Setting next_dagrun for example_complex to None, run_after=None
[2025-05-02T19:55:57.289+0000] {processor.py:183} INFO - Processing /home/airflow/.local/lib/python3.12/site-packages/airflow/example_dags/example_complex.py took 0.070 seconds
[2025-05-02T19:56:29.171+0000] {processor.py:161} INFO - Started process (PID=1659) to work on /home/airflow/.local/lib/python3.12/site-packages/airflow/example_dags/example_complex.py
[2025-05-02T19:56:29.171+0000] {processor.py:830} INFO - Processing file /home/airflow/.local/lib/python3.12/site-packages/airflow/example_dags/example_complex.py for tasks to queue
[2025-05-02T19:56:29.173+0000] {logging_mixin.py:188} INFO - [2025-05-02T19:56:29.173+0000] {dagbag.py:545} INFO - Filling up the DagBag from /home/airflow/.local/lib/python3.12/site-packages/airflow/example_dags/example_complex.py
[2025-05-02T19:56:29.179+0000] {processor.py:840} INFO - DAG(s) 'example_complex' retrieved from /home/airflow/.local/lib/python3.12/site-packages/airflow/example_dags/example_complex.py
[2025-05-02T19:56:29.202+0000] {logging_mixin.py:188} INFO - [2025-05-02T19:56:29.202+0000] {dag.py:3096} INFO - Sync 1 DAGs
[2025-05-02T19:56:29.210+0000] {logging_mixin.py:188} INFO - [2025-05-02T19:56:29.210+0000] {dag.py:3954} INFO - Setting next_dagrun for example_complex to None, run_after=None
[2025-05-02T19:56:29.223+0000] {processor.py:183} INFO - Processing /home/airflow/.local/lib/python3.12/site-packages/airflow/example_dags/example_complex.py took 0.056 seconds
[2025-05-02T19:57:02.090+0000] {processor.py:161} INFO - Started process (PID=1719) to work on /home/airflow/.local/lib/python3.12/site-packages/airflow/example_dags/example_complex.py
[2025-05-02T19:57:02.091+0000] {processor.py:830} INFO - Processing file /home/airflow/.local/lib/python3.12/site-packages/airflow/example_dags/example_complex.py for tasks to queue
[2025-05-02T19:57:02.092+0000] {logging_mixin.py:188} INFO - [2025-05-02T19:57:02.092+0000] {dagbag.py:545} INFO - Filling up the DagBag from /home/airflow/.local/lib/python3.12/site-packages/airflow/example_dags/example_complex.py
[2025-05-02T19:57:02.101+0000] {processor.py:840} INFO - DAG(s) 'example_complex' retrieved from /home/airflow/.local/lib/python3.12/site-packages/airflow/example_dags/example_complex.py
[2025-05-02T19:57:02.129+0000] {logging_mixin.py:188} INFO - [2025-05-02T19:57:02.129+0000] {dag.py:3096} INFO - Sync 1 DAGs
[2025-05-02T19:57:02.143+0000] {logging_mixin.py:188} INFO - [2025-05-02T19:57:02.143+0000] {dag.py:3954} INFO - Setting next_dagrun for example_complex to None, run_after=None
[2025-05-02T19:57:02.159+0000] {processor.py:183} INFO - Processing /home/airflow/.local/lib/python3.12/site-packages/airflow/example_dags/example_complex.py took 0.074 seconds
[2025-05-02T19:57:34.133+0000] {processor.py:161} INFO - Started process (PID=1779) to work on /home/airflow/.local/lib/python3.12/site-packages/airflow/example_dags/example_complex.py
[2025-05-02T19:57:34.134+0000] {processor.py:830} INFO - Processing file /home/airflow/.local/lib/python3.12/site-packages/airflow/example_dags/example_complex.py for tasks to queue
[2025-05-02T19:57:34.135+0000] {logging_mixin.py:188} INFO - [2025-05-02T19:57:34.135+0000] {dagbag.py:545} INFO - Filling up the DagBag from /home/airflow/.local/lib/python3.12/site-packages/airflow/example_dags/example_complex.py
[2025-05-02T19:57:34.143+0000] {processor.py:840} INFO - DAG(s) 'example_complex' retrieved from /home/airflow/.local/lib/python3.12/site-packages/airflow/example_dags/example_complex.py
[2025-05-02T19:57:34.168+0000] {logging_mixin.py:188} INFO - [2025-05-02T19:57:34.168+0000] {dag.py:3096} INFO - Sync 1 DAGs
[2025-05-02T19:57:34.180+0000] {logging_mixin.py:188} INFO - [2025-05-02T19:57:34.180+0000] {dag.py:3954} INFO - Setting next_dagrun for example_complex to None, run_after=None
[2025-05-02T19:57:34.195+0000] {processor.py:183} INFO - Processing /home/airflow/.local/lib/python3.12/site-packages/airflow/example_dags/example_complex.py took 0.067 seconds
[2025-05-02T19:58:06.486+0000] {processor.py:161} INFO - Started process (PID=1839) to work on /home/airflow/.local/lib/python3.12/site-packages/airflow/example_dags/example_complex.py
[2025-05-02T19:58:06.487+0000] {processor.py:830} INFO - Processing file /home/airflow/.local/lib/python3.12/site-packages/airflow/example_dags/example_complex.py for tasks to queue
[2025-05-02T19:58:06.488+0000] {logging_mixin.py:188} INFO - [2025-05-02T19:58:06.488+0000] {dagbag.py:545} INFO - Filling up the DagBag from /home/airflow/.local/lib/python3.12/site-packages/airflow/example_dags/example_complex.py
[2025-05-02T19:58:06.496+0000] {processor.py:840} INFO - DAG(s) 'example_complex' retrieved from /home/airflow/.local/lib/python3.12/site-packages/airflow/example_dags/example_complex.py
[2025-05-02T19:58:06.523+0000] {logging_mixin.py:188} INFO - [2025-05-02T19:58:06.523+0000] {dag.py:3096} INFO - Sync 1 DAGs
[2025-05-02T19:58:06.534+0000] {logging_mixin.py:188} INFO - [2025-05-02T19:58:06.534+0000] {dag.py:3954} INFO - Setting next_dagrun for example_complex to None, run_after=None
[2025-05-02T19:58:06.549+0000] {processor.py:183} INFO - Processing /home/airflow/.local/lib/python3.12/site-packages/airflow/example_dags/example_complex.py took 0.067 seconds
[2025-05-02T19:58:39.053+0000] {processor.py:161} INFO - Started process (PID=1899) to work on /home/airflow/.local/lib/python3.12/site-packages/airflow/example_dags/example_complex.py
[2025-05-02T19:58:39.054+0000] {processor.py:830} INFO - Processing file /home/airflow/.local/lib/python3.12/site-packages/airflow/example_dags/example_complex.py for tasks to queue
[2025-05-02T19:58:39.055+0000] {logging_mixin.py:188} INFO - [2025-05-02T19:58:39.055+0000] {dagbag.py:545} INFO - Filling up the DagBag from /home/airflow/.local/lib/python3.12/site-packages/airflow/example_dags/example_complex.py
[2025-05-02T19:58:39.063+0000] {processor.py:840} INFO - DAG(s) 'example_complex' retrieved from /home/airflow/.local/lib/python3.12/site-packages/airflow/example_dags/example_complex.py
[2025-05-02T19:58:39.089+0000] {logging_mixin.py:188} INFO - [2025-05-02T19:58:39.089+0000] {dag.py:3096} INFO - Sync 1 DAGs
[2025-05-02T19:58:39.100+0000] {logging_mixin.py:188} INFO - [2025-05-02T19:58:39.099+0000] {dag.py:3954} INFO - Setting next_dagrun for example_complex to None, run_after=None
[2025-05-02T19:58:39.112+0000] {processor.py:183} INFO - Processing /home/airflow/.local/lib/python3.12/site-packages/airflow/example_dags/example_complex.py took 0.064 seconds
[2025-05-02T19:59:11.229+0000] {processor.py:161} INFO - Started process (PID=1959) to work on /home/airflow/.local/lib/python3.12/site-packages/airflow/example_dags/example_complex.py
[2025-05-02T19:59:11.230+0000] {processor.py:830} INFO - Processing file /home/airflow/.local/lib/python3.12/site-packages/airflow/example_dags/example_complex.py for tasks to queue
[2025-05-02T19:59:11.232+0000] {logging_mixin.py:188} INFO - [2025-05-02T19:59:11.231+0000] {dagbag.py:545} INFO - Filling up the DagBag from /home/airflow/.local/lib/python3.12/site-packages/airflow/example_dags/example_complex.py
[2025-05-02T19:59:11.240+0000] {processor.py:840} INFO - DAG(s) 'example_complex' retrieved from /home/airflow/.local/lib/python3.12/site-packages/airflow/example_dags/example_complex.py
[2025-05-02T19:59:11.266+0000] {logging_mixin.py:188} INFO - [2025-05-02T19:59:11.265+0000] {dag.py:3096} INFO - Sync 1 DAGs
[2025-05-02T19:59:11.276+0000] {logging_mixin.py:188} INFO - [2025-05-02T19:59:11.276+0000] {dag.py:3954} INFO - Setting next_dagrun for example_complex to None, run_after=None
[2025-05-02T19:59:11.291+0000] {processor.py:183} INFO - Processing /home/airflow/.local/lib/python3.12/site-packages/airflow/example_dags/example_complex.py took 0.066 seconds
[2025-05-02T19:59:43.700+0000] {processor.py:161} INFO - Started process (PID=2019) to work on /home/airflow/.local/lib/python3.12/site-packages/airflow/example_dags/example_complex.py
[2025-05-02T19:59:43.700+0000] {processor.py:830} INFO - Processing file /home/airflow/.local/lib/python3.12/site-packages/airflow/example_dags/example_complex.py for tasks to queue
[2025-05-02T19:59:43.702+0000] {logging_mixin.py:188} INFO - [2025-05-02T19:59:43.702+0000] {dagbag.py:545} INFO - Filling up the DagBag from /home/airflow/.local/lib/python3.12/site-packages/airflow/example_dags/example_complex.py
[2025-05-02T19:59:43.709+0000] {processor.py:840} INFO - DAG(s) 'example_complex' retrieved from /home/airflow/.local/lib/python3.12/site-packages/airflow/example_dags/example_complex.py
[2025-05-02T19:59:43.733+0000] {logging_mixin.py:188} INFO - [2025-05-02T19:59:43.733+0000] {dag.py:3096} INFO - Sync 1 DAGs
[2025-05-02T19:59:43.743+0000] {logging_mixin.py:188} INFO - [2025-05-02T19:59:43.743+0000] {dag.py:3954} INFO - Setting next_dagrun for example_complex to None, run_after=None
[2025-05-02T19:59:43.756+0000] {processor.py:183} INFO - Processing /home/airflow/.local/lib/python3.12/site-packages/airflow/example_dags/example_complex.py took 0.062 seconds
[2025-05-02T20:00:16.487+0000] {processor.py:161} INFO - Started process (PID=2079) to work on /home/airflow/.local/lib/python3.12/site-packages/airflow/example_dags/example_complex.py
[2025-05-02T20:00:16.488+0000] {processor.py:830} INFO - Processing file /home/airflow/.local/lib/python3.12/site-packages/airflow/example_dags/example_complex.py for tasks to queue
[2025-05-02T20:00:16.489+0000] {logging_mixin.py:188} INFO - [2025-05-02T20:00:16.489+0000] {dagbag.py:545} INFO - Filling up the DagBag from /home/airflow/.local/lib/python3.12/site-packages/airflow/example_dags/example_complex.py
[2025-05-02T20:00:16.497+0000] {processor.py:840} INFO - DAG(s) 'example_complex' retrieved from /home/airflow/.local/lib/python3.12/site-packages/airflow/example_dags/example_complex.py
[2025-05-02T20:00:16.522+0000] {logging_mixin.py:188} INFO - [2025-05-02T20:00:16.522+0000] {dag.py:3096} INFO - Sync 1 DAGs
[2025-05-02T20:00:16.532+0000] {logging_mixin.py:188} INFO - [2025-05-02T20:00:16.531+0000] {dag.py:3954} INFO - Setting next_dagrun for example_complex to None, run_after=None
[2025-05-02T20:00:16.545+0000] {processor.py:183} INFO - Processing /home/airflow/.local/lib/python3.12/site-packages/airflow/example_dags/example_complex.py took 0.063 seconds
[2025-05-02T20:00:49.248+0000] {processor.py:161} INFO - Started process (PID=2139) to work on /home/airflow/.local/lib/python3.12/site-packages/airflow/example_dags/example_complex.py
[2025-05-02T20:00:49.249+0000] {processor.py:830} INFO - Processing file /home/airflow/.local/lib/python3.12/site-packages/airflow/example_dags/example_complex.py for tasks to queue
[2025-05-02T20:00:49.250+0000] {logging_mixin.py:188} INFO - [2025-05-02T20:00:49.250+0000] {dagbag.py:545} INFO - Filling up the DagBag from /home/airflow/.local/lib/python3.12/site-packages/airflow/example_dags/example_complex.py
[2025-05-02T20:00:49.259+0000] {processor.py:840} INFO - DAG(s) 'example_complex' retrieved from /home/airflow/.local/lib/python3.12/site-packages/airflow/example_dags/example_complex.py
[2025-05-02T20:00:49.280+0000] {logging_mixin.py:188} INFO - [2025-05-02T20:00:49.280+0000] {dag.py:3096} INFO - Sync 1 DAGs
[2025-05-02T20:00:49.288+0000] {logging_mixin.py:188} INFO - [2025-05-02T20:00:49.288+0000] {dag.py:3954} INFO - Setting next_dagrun for example_complex to None, run_after=None
[2025-05-02T20:00:49.302+0000] {processor.py:183} INFO - Processing /home/airflow/.local/lib/python3.12/site-packages/airflow/example_dags/example_complex.py took 0.058 seconds
[2025-05-02T20:01:22.013+0000] {processor.py:161} INFO - Started process (PID=2199) to work on /home/airflow/.local/lib/python3.12/site-packages/airflow/example_dags/example_complex.py
[2025-05-02T20:01:22.013+0000] {processor.py:830} INFO - Processing file /home/airflow/.local/lib/python3.12/site-packages/airflow/example_dags/example_complex.py for tasks to queue
[2025-05-02T20:01:22.015+0000] {logging_mixin.py:188} INFO - [2025-05-02T20:01:22.014+0000] {dagbag.py:545} INFO - Filling up the DagBag from /home/airflow/.local/lib/python3.12/site-packages/airflow/example_dags/example_complex.py
[2025-05-02T20:01:22.022+0000] {processor.py:840} INFO - DAG(s) 'example_complex' retrieved from /home/airflow/.local/lib/python3.12/site-packages/airflow/example_dags/example_complex.py
[2025-05-02T20:01:22.043+0000] {logging_mixin.py:188} INFO - [2025-05-02T20:01:22.043+0000] {dag.py:3096} INFO - Sync 1 DAGs
[2025-05-02T20:01:22.160+0000] {logging_mixin.py:188} INFO - [2025-05-02T20:01:22.160+0000] {dag.py:3954} INFO - Setting next_dagrun for example_complex to None, run_after=None
[2025-05-02T20:01:22.174+0000] {processor.py:183} INFO - Processing /home/airflow/.local/lib/python3.12/site-packages/airflow/example_dags/example_complex.py took 0.166 seconds
[2025-05-02T20:01:53.458+0000] {processor.py:161} INFO - Started process (PID=2259) to work on /home/airflow/.local/lib/python3.12/site-packages/airflow/example_dags/example_complex.py
[2025-05-02T20:01:53.459+0000] {processor.py:830} INFO - Processing file /home/airflow/.local/lib/python3.12/site-packages/airflow/example_dags/example_complex.py for tasks to queue
[2025-05-02T20:01:53.461+0000] {logging_mixin.py:188} INFO - [2025-05-02T20:01:53.460+0000] {dagbag.py:545} INFO - Filling up the DagBag from /home/airflow/.local/lib/python3.12/site-packages/airflow/example_dags/example_complex.py
[2025-05-02T20:01:53.468+0000] {processor.py:840} INFO - DAG(s) 'example_complex' retrieved from /home/airflow/.local/lib/python3.12/site-packages/airflow/example_dags/example_complex.py
[2025-05-02T20:01:53.493+0000] {logging_mixin.py:188} INFO - [2025-05-02T20:01:53.493+0000] {dag.py:3096} INFO - Sync 1 DAGs
[2025-05-02T20:01:53.504+0000] {logging_mixin.py:188} INFO - [2025-05-02T20:01:53.503+0000] {dag.py:3954} INFO - Setting next_dagrun for example_complex to None, run_after=None
[2025-05-02T20:01:53.518+0000] {processor.py:183} INFO - Processing /home/airflow/.local/lib/python3.12/site-packages/airflow/example_dags/example_complex.py took 0.064 seconds
[2025-05-02T20:02:25.964+0000] {processor.py:161} INFO - Started process (PID=2319) to work on /home/airflow/.local/lib/python3.12/site-packages/airflow/example_dags/example_complex.py
[2025-05-02T20:02:25.964+0000] {processor.py:830} INFO - Processing file /home/airflow/.local/lib/python3.12/site-packages/airflow/example_dags/example_complex.py for tasks to queue
[2025-05-02T20:02:25.966+0000] {logging_mixin.py:188} INFO - [2025-05-02T20:02:25.965+0000] {dagbag.py:545} INFO - Filling up the DagBag from /home/airflow/.local/lib/python3.12/site-packages/airflow/example_dags/example_complex.py
[2025-05-02T20:02:25.974+0000] {processor.py:840} INFO - DAG(s) 'example_complex' retrieved from /home/airflow/.local/lib/python3.12/site-packages/airflow/example_dags/example_complex.py
[2025-05-02T20:02:25.997+0000] {logging_mixin.py:188} INFO - [2025-05-02T20:02:25.997+0000] {dag.py:3096} INFO - Sync 1 DAGs
[2025-05-02T20:02:26.008+0000] {logging_mixin.py:188} INFO - [2025-05-02T20:02:26.008+0000] {dag.py:3954} INFO - Setting next_dagrun for example_complex to None, run_after=None
[2025-05-02T20:02:26.023+0000] {processor.py:183} INFO - Processing /home/airflow/.local/lib/python3.12/site-packages/airflow/example_dags/example_complex.py took 0.064 seconds
[2025-05-02T20:02:58.908+0000] {processor.py:161} INFO - Started process (PID=2380) to work on /home/airflow/.local/lib/python3.12/site-packages/airflow/example_dags/example_complex.py
[2025-05-02T20:02:58.909+0000] {processor.py:830} INFO - Processing file /home/airflow/.local/lib/python3.12/site-packages/airflow/example_dags/example_complex.py for tasks to queue
[2025-05-02T20:02:58.910+0000] {logging_mixin.py:188} INFO - [2025-05-02T20:02:58.910+0000] {dagbag.py:545} INFO - Filling up the DagBag from /home/airflow/.local/lib/python3.12/site-packages/airflow/example_dags/example_complex.py
[2025-05-02T20:02:58.918+0000] {processor.py:840} INFO - DAG(s) 'example_complex' retrieved from /home/airflow/.local/lib/python3.12/site-packages/airflow/example_dags/example_complex.py
[2025-05-02T20:02:59.031+0000] {logging_mixin.py:188} INFO - [2025-05-02T20:02:59.030+0000] {dag.py:3096} INFO - Sync 1 DAGs
[2025-05-02T20:02:59.038+0000] {logging_mixin.py:188} INFO - [2025-05-02T20:02:59.038+0000] {dag.py:3954} INFO - Setting next_dagrun for example_complex to None, run_after=None
[2025-05-02T20:02:59.049+0000] {processor.py:183} INFO - Processing /home/airflow/.local/lib/python3.12/site-packages/airflow/example_dags/example_complex.py took 0.145 seconds
[2025-05-02T20:03:31.975+0000] {processor.py:161} INFO - Started process (PID=2440) to work on /home/airflow/.local/lib/python3.12/site-packages/airflow/example_dags/example_complex.py
[2025-05-02T20:03:31.976+0000] {processor.py:830} INFO - Processing file /home/airflow/.local/lib/python3.12/site-packages/airflow/example_dags/example_complex.py for tasks to queue
[2025-05-02T20:03:31.977+0000] {logging_mixin.py:188} INFO - [2025-05-02T20:03:31.977+0000] {dagbag.py:545} INFO - Filling up the DagBag from /home/airflow/.local/lib/python3.12/site-packages/airflow/example_dags/example_complex.py
[2025-05-02T20:03:31.985+0000] {processor.py:840} INFO - DAG(s) 'example_complex' retrieved from /home/airflow/.local/lib/python3.12/site-packages/airflow/example_dags/example_complex.py
[2025-05-02T20:03:32.007+0000] {logging_mixin.py:188} INFO - [2025-05-02T20:03:32.006+0000] {dag.py:3096} INFO - Sync 1 DAGs
[2025-05-02T20:03:32.017+0000] {logging_mixin.py:188} INFO - [2025-05-02T20:03:32.017+0000] {dag.py:3954} INFO - Setting next_dagrun for example_complex to None, run_after=None
[2025-05-02T20:03:32.143+0000] {processor.py:183} INFO - Processing /home/airflow/.local/lib/python3.12/site-packages/airflow/example_dags/example_complex.py took 0.172 seconds
[2025-05-02T20:04:04.424+0000] {processor.py:161} INFO - Started process (PID=2500) to work on /home/airflow/.local/lib/python3.12/site-packages/airflow/example_dags/example_complex.py
[2025-05-02T20:04:04.425+0000] {processor.py:830} INFO - Processing file /home/airflow/.local/lib/python3.12/site-packages/airflow/example_dags/example_complex.py for tasks to queue
[2025-05-02T20:04:04.426+0000] {logging_mixin.py:188} INFO - [2025-05-02T20:04:04.426+0000] {dagbag.py:545} INFO - Filling up the DagBag from /home/airflow/.local/lib/python3.12/site-packages/airflow/example_dags/example_complex.py
[2025-05-02T20:04:04.438+0000] {processor.py:840} INFO - DAG(s) 'example_complex' retrieved from /home/airflow/.local/lib/python3.12/site-packages/airflow/example_dags/example_complex.py
[2025-05-02T20:04:04.462+0000] {logging_mixin.py:188} INFO - [2025-05-02T20:04:04.462+0000] {dag.py:3096} INFO - Sync 1 DAGs
[2025-05-02T20:04:04.472+0000] {logging_mixin.py:188} INFO - [2025-05-02T20:04:04.472+0000] {dag.py:3954} INFO - Setting next_dagrun for example_complex to None, run_after=None
[2025-05-02T20:04:04.486+0000] {processor.py:183} INFO - Processing /home/airflow/.local/lib/python3.12/site-packages/airflow/example_dags/example_complex.py took 0.067 seconds
[2025-05-02T20:04:36.855+0000] {processor.py:161} INFO - Started process (PID=2560) to work on /home/airflow/.local/lib/python3.12/site-packages/airflow/example_dags/example_complex.py
[2025-05-02T20:04:36.856+0000] {processor.py:830} INFO - Processing file /home/airflow/.local/lib/python3.12/site-packages/airflow/example_dags/example_complex.py for tasks to queue
[2025-05-02T20:04:36.857+0000] {logging_mixin.py:188} INFO - [2025-05-02T20:04:36.857+0000] {dagbag.py:545} INFO - Filling up the DagBag from /home/airflow/.local/lib/python3.12/site-packages/airflow/example_dags/example_complex.py
[2025-05-02T20:04:36.865+0000] {processor.py:840} INFO - DAG(s) 'example_complex' retrieved from /home/airflow/.local/lib/python3.12/site-packages/airflow/example_dags/example_complex.py
[2025-05-02T20:04:36.889+0000] {logging_mixin.py:188} INFO - [2025-05-02T20:04:36.889+0000] {dag.py:3096} INFO - Sync 1 DAGs
[2025-05-02T20:04:36.904+0000] {logging_mixin.py:188} INFO - [2025-05-02T20:04:36.903+0000] {dag.py:3954} INFO - Setting next_dagrun for example_complex to None, run_after=None
[2025-05-02T20:04:36.920+0000] {processor.py:183} INFO - Processing /home/airflow/.local/lib/python3.12/site-packages/airflow/example_dags/example_complex.py took 0.070 seconds
[2025-05-02T20:05:09.247+0000] {processor.py:161} INFO - Started process (PID=2620) to work on /home/airflow/.local/lib/python3.12/site-packages/airflow/example_dags/example_complex.py
[2025-05-02T20:05:09.248+0000] {processor.py:830} INFO - Processing file /home/airflow/.local/lib/python3.12/site-packages/airflow/example_dags/example_complex.py for tasks to queue
[2025-05-02T20:05:09.249+0000] {logging_mixin.py:188} INFO - [2025-05-02T20:05:09.249+0000] {dagbag.py:545} INFO - Filling up the DagBag from /home/airflow/.local/lib/python3.12/site-packages/airflow/example_dags/example_complex.py
[2025-05-02T20:05:09.257+0000] {processor.py:840} INFO - DAG(s) 'example_complex' retrieved from /home/airflow/.local/lib/python3.12/site-packages/airflow/example_dags/example_complex.py
[2025-05-02T20:05:09.279+0000] {logging_mixin.py:188} INFO - [2025-05-02T20:05:09.279+0000] {dag.py:3096} INFO - Sync 1 DAGs
[2025-05-02T20:05:09.290+0000] {logging_mixin.py:188} INFO - [2025-05-02T20:05:09.290+0000] {dag.py:3954} INFO - Setting next_dagrun for example_complex to None, run_after=None
[2025-05-02T20:05:09.307+0000] {processor.py:183} INFO - Processing /home/airflow/.local/lib/python3.12/site-packages/airflow/example_dags/example_complex.py took 0.064 seconds
[2025-05-02T20:05:41.541+0000] {processor.py:161} INFO - Started process (PID=2680) to work on /home/airflow/.local/lib/python3.12/site-packages/airflow/example_dags/example_complex.py
[2025-05-02T20:05:41.542+0000] {processor.py:830} INFO - Processing file /home/airflow/.local/lib/python3.12/site-packages/airflow/example_dags/example_complex.py for tasks to queue
[2025-05-02T20:05:41.543+0000] {logging_mixin.py:188} INFO - [2025-05-02T20:05:41.543+0000] {dagbag.py:545} INFO - Filling up the DagBag from /home/airflow/.local/lib/python3.12/site-packages/airflow/example_dags/example_complex.py
[2025-05-02T20:05:41.551+0000] {processor.py:840} INFO - DAG(s) 'example_complex' retrieved from /home/airflow/.local/lib/python3.12/site-packages/airflow/example_dags/example_complex.py
[2025-05-02T20:05:41.573+0000] {logging_mixin.py:188} INFO - [2025-05-02T20:05:41.573+0000] {dag.py:3096} INFO - Sync 1 DAGs
[2025-05-02T20:05:41.583+0000] {logging_mixin.py:188} INFO - [2025-05-02T20:05:41.583+0000] {dag.py:3954} INFO - Setting next_dagrun for example_complex to None, run_after=None
[2025-05-02T20:05:41.598+0000] {processor.py:183} INFO - Processing /home/airflow/.local/lib/python3.12/site-packages/airflow/example_dags/example_complex.py took 0.062 seconds
[2025-05-02T20:06:14.645+0000] {processor.py:161} INFO - Started process (PID=2740) to work on /home/airflow/.local/lib/python3.12/site-packages/airflow/example_dags/example_complex.py
[2025-05-02T20:06:14.646+0000] {processor.py:830} INFO - Processing file /home/airflow/.local/lib/python3.12/site-packages/airflow/example_dags/example_complex.py for tasks to queue
[2025-05-02T20:06:14.647+0000] {logging_mixin.py:188} INFO - [2025-05-02T20:06:14.647+0000] {dagbag.py:545} INFO - Filling up the DagBag from /home/airflow/.local/lib/python3.12/site-packages/airflow/example_dags/example_complex.py
[2025-05-02T20:06:14.656+0000] {processor.py:840} INFO - DAG(s) 'example_complex' retrieved from /home/airflow/.local/lib/python3.12/site-packages/airflow/example_dags/example_complex.py
[2025-05-02T20:06:14.677+0000] {logging_mixin.py:188} INFO - [2025-05-02T20:06:14.677+0000] {dag.py:3096} INFO - Sync 1 DAGs
[2025-05-02T20:06:14.688+0000] {logging_mixin.py:188} INFO - [2025-05-02T20:06:14.687+0000] {dag.py:3954} INFO - Setting next_dagrun for example_complex to None, run_after=None
[2025-05-02T20:06:14.703+0000] {processor.py:183} INFO - Processing /home/airflow/.local/lib/python3.12/site-packages/airflow/example_dags/example_complex.py took 0.062 seconds
[2025-05-02T20:06:46.525+0000] {processor.py:161} INFO - Started process (PID=2800) to work on /home/airflow/.local/lib/python3.12/site-packages/airflow/example_dags/example_complex.py
[2025-05-02T20:06:46.526+0000] {processor.py:830} INFO - Processing file /home/airflow/.local/lib/python3.12/site-packages/airflow/example_dags/example_complex.py for tasks to queue
[2025-05-02T20:06:46.528+0000] {logging_mixin.py:188} INFO - [2025-05-02T20:06:46.528+0000] {dagbag.py:545} INFO - Filling up the DagBag from /home/airflow/.local/lib/python3.12/site-packages/airflow/example_dags/example_complex.py
[2025-05-02T20:06:46.537+0000] {processor.py:840} INFO - DAG(s) 'example_complex' retrieved from /home/airflow/.local/lib/python3.12/site-packages/airflow/example_dags/example_complex.py
[2025-05-02T20:06:46.561+0000] {logging_mixin.py:188} INFO - [2025-05-02T20:06:46.560+0000] {dag.py:3096} INFO - Sync 1 DAGs
[2025-05-02T20:06:46.570+0000] {logging_mixin.py:188} INFO - [2025-05-02T20:06:46.570+0000] {dag.py:3954} INFO - Setting next_dagrun for example_complex to None, run_after=None
[2025-05-02T20:06:46.583+0000] {processor.py:183} INFO - Processing /home/airflow/.local/lib/python3.12/site-packages/airflow/example_dags/example_complex.py took 0.063 seconds
[2025-05-02T20:07:19.803+0000] {processor.py:161} INFO - Started process (PID=2860) to work on /home/airflow/.local/lib/python3.12/site-packages/airflow/example_dags/example_complex.py
[2025-05-02T20:07:19.804+0000] {processor.py:830} INFO - Processing file /home/airflow/.local/lib/python3.12/site-packages/airflow/example_dags/example_complex.py for tasks to queue
[2025-05-02T20:07:19.806+0000] {logging_mixin.py:188} INFO - [2025-05-02T20:07:19.805+0000] {dagbag.py:545} INFO - Filling up the DagBag from /home/airflow/.local/lib/python3.12/site-packages/airflow/example_dags/example_complex.py
[2025-05-02T20:07:19.815+0000] {processor.py:840} INFO - DAG(s) 'example_complex' retrieved from /home/airflow/.local/lib/python3.12/site-packages/airflow/example_dags/example_complex.py
[2025-05-02T20:07:19.860+0000] {logging_mixin.py:188} INFO - [2025-05-02T20:07:19.860+0000] {dag.py:3096} INFO - Sync 1 DAGs
[2025-05-02T20:07:19.872+0000] {logging_mixin.py:188} INFO - [2025-05-02T20:07:19.872+0000] {dag.py:3954} INFO - Setting next_dagrun for example_complex to None, run_after=None
[2025-05-02T20:07:19.891+0000] {processor.py:183} INFO - Processing /home/airflow/.local/lib/python3.12/site-packages/airflow/example_dags/example_complex.py took 0.096 seconds
[2025-05-02T20:07:52.254+0000] {processor.py:161} INFO - Started process (PID=2921) to work on /home/airflow/.local/lib/python3.12/site-packages/airflow/example_dags/example_complex.py
[2025-05-02T20:07:52.254+0000] {processor.py:830} INFO - Processing file /home/airflow/.local/lib/python3.12/site-packages/airflow/example_dags/example_complex.py for tasks to queue
[2025-05-02T20:07:52.256+0000] {logging_mixin.py:188} INFO - [2025-05-02T20:07:52.256+0000] {dagbag.py:545} INFO - Filling up the DagBag from /home/airflow/.local/lib/python3.12/site-packages/airflow/example_dags/example_complex.py
[2025-05-02T20:07:52.265+0000] {processor.py:840} INFO - DAG(s) 'example_complex' retrieved from /home/airflow/.local/lib/python3.12/site-packages/airflow/example_dags/example_complex.py
[2025-05-02T20:07:52.291+0000] {logging_mixin.py:188} INFO - [2025-05-02T20:07:52.291+0000] {dag.py:3096} INFO - Sync 1 DAGs
[2025-05-02T20:07:52.301+0000] {logging_mixin.py:188} INFO - [2025-05-02T20:07:52.301+0000] {dag.py:3954} INFO - Setting next_dagrun for example_complex to None, run_after=None
[2025-05-02T20:07:52.316+0000] {processor.py:183} INFO - Processing /home/airflow/.local/lib/python3.12/site-packages/airflow/example_dags/example_complex.py took 0.067 seconds
[2025-05-02T20:08:24.564+0000] {processor.py:161} INFO - Started process (PID=2981) to work on /home/airflow/.local/lib/python3.12/site-packages/airflow/example_dags/example_complex.py
[2025-05-02T20:08:24.565+0000] {processor.py:830} INFO - Processing file /home/airflow/.local/lib/python3.12/site-packages/airflow/example_dags/example_complex.py for tasks to queue
[2025-05-02T20:08:24.566+0000] {logging_mixin.py:188} INFO - [2025-05-02T20:08:24.566+0000] {dagbag.py:545} INFO - Filling up the DagBag from /home/airflow/.local/lib/python3.12/site-packages/airflow/example_dags/example_complex.py
[2025-05-02T20:08:24.574+0000] {processor.py:840} INFO - DAG(s) 'example_complex' retrieved from /home/airflow/.local/lib/python3.12/site-packages/airflow/example_dags/example_complex.py
[2025-05-02T20:08:24.595+0000] {logging_mixin.py:188} INFO - [2025-05-02T20:08:24.595+0000] {dag.py:3096} INFO - Sync 1 DAGs
[2025-05-02T20:08:24.606+0000] {logging_mixin.py:188} INFO - [2025-05-02T20:08:24.605+0000] {dag.py:3954} INFO - Setting next_dagrun for example_complex to None, run_after=None
[2025-05-02T20:08:24.619+0000] {processor.py:183} INFO - Processing /home/airflow/.local/lib/python3.12/site-packages/airflow/example_dags/example_complex.py took 0.059 seconds
[2025-05-02T20:08:57.780+0000] {processor.py:161} INFO - Started process (PID=3041) to work on /home/airflow/.local/lib/python3.12/site-packages/airflow/example_dags/example_complex.py
[2025-05-02T20:08:57.781+0000] {processor.py:830} INFO - Processing file /home/airflow/.local/lib/python3.12/site-packages/airflow/example_dags/example_complex.py for tasks to queue
[2025-05-02T20:08:57.782+0000] {logging_mixin.py:188} INFO - [2025-05-02T20:08:57.782+0000] {dagbag.py:545} INFO - Filling up the DagBag from /home/airflow/.local/lib/python3.12/site-packages/airflow/example_dags/example_complex.py
[2025-05-02T20:08:57.790+0000] {processor.py:840} INFO - DAG(s) 'example_complex' retrieved from /home/airflow/.local/lib/python3.12/site-packages/airflow/example_dags/example_complex.py
[2025-05-02T20:08:57.816+0000] {logging_mixin.py:188} INFO - [2025-05-02T20:08:57.816+0000] {dag.py:3096} INFO - Sync 1 DAGs
[2025-05-02T20:08:57.827+0000] {logging_mixin.py:188} INFO - [2025-05-02T20:08:57.827+0000] {dag.py:3954} INFO - Setting next_dagrun for example_complex to None, run_after=None
[2025-05-02T20:08:57.844+0000] {processor.py:183} INFO - Processing /home/airflow/.local/lib/python3.12/site-packages/airflow/example_dags/example_complex.py took 0.068 seconds
[2025-05-02T20:09:30.328+0000] {processor.py:161} INFO - Started process (PID=3101) to work on /home/airflow/.local/lib/python3.12/site-packages/airflow/example_dags/example_complex.py
[2025-05-02T20:09:30.329+0000] {processor.py:830} INFO - Processing file /home/airflow/.local/lib/python3.12/site-packages/airflow/example_dags/example_complex.py for tasks to queue
[2025-05-02T20:09:30.331+0000] {logging_mixin.py:188} INFO - [2025-05-02T20:09:30.330+0000] {dagbag.py:545} INFO - Filling up the DagBag from /home/airflow/.local/lib/python3.12/site-packages/airflow/example_dags/example_complex.py
[2025-05-02T20:09:30.339+0000] {processor.py:840} INFO - DAG(s) 'example_complex' retrieved from /home/airflow/.local/lib/python3.12/site-packages/airflow/example_dags/example_complex.py
[2025-05-02T20:09:30.372+0000] {logging_mixin.py:188} INFO - [2025-05-02T20:09:30.372+0000] {dag.py:3096} INFO - Sync 1 DAGs
[2025-05-02T20:09:30.385+0000] {logging_mixin.py:188} INFO - [2025-05-02T20:09:30.385+0000] {dag.py:3954} INFO - Setting next_dagrun for example_complex to None, run_after=None
[2025-05-02T20:09:30.402+0000] {processor.py:183} INFO - Processing /home/airflow/.local/lib/python3.12/site-packages/airflow/example_dags/example_complex.py took 0.078 seconds
[2025-05-02T20:10:02.781+0000] {processor.py:161} INFO - Started process (PID=3161) to work on /home/airflow/.local/lib/python3.12/site-packages/airflow/example_dags/example_complex.py
[2025-05-02T20:10:02.782+0000] {processor.py:830} INFO - Processing file /home/airflow/.local/lib/python3.12/site-packages/airflow/example_dags/example_complex.py for tasks to queue
[2025-05-02T20:10:02.785+0000] {logging_mixin.py:188} INFO - [2025-05-02T20:10:02.784+0000] {dagbag.py:545} INFO - Filling up the DagBag from /home/airflow/.local/lib/python3.12/site-packages/airflow/example_dags/example_complex.py
[2025-05-02T20:10:02.796+0000] {processor.py:840} INFO - DAG(s) 'example_complex' retrieved from /home/airflow/.local/lib/python3.12/site-packages/airflow/example_dags/example_complex.py
[2025-05-02T20:10:02.823+0000] {logging_mixin.py:188} INFO - [2025-05-02T20:10:02.823+0000] {dag.py:3096} INFO - Sync 1 DAGs
[2025-05-02T20:10:02.834+0000] {logging_mixin.py:188} INFO - [2025-05-02T20:10:02.834+0000] {dag.py:3954} INFO - Setting next_dagrun for example_complex to None, run_after=None
[2025-05-02T20:10:02.848+0000] {processor.py:183} INFO - Processing /home/airflow/.local/lib/python3.12/site-packages/airflow/example_dags/example_complex.py took 0.072 seconds
[2025-05-02T20:10:34.715+0000] {processor.py:161} INFO - Started process (PID=3221) to work on /home/airflow/.local/lib/python3.12/site-packages/airflow/example_dags/example_complex.py
[2025-05-02T20:10:34.716+0000] {processor.py:830} INFO - Processing file /home/airflow/.local/lib/python3.12/site-packages/airflow/example_dags/example_complex.py for tasks to queue
[2025-05-02T20:10:34.717+0000] {logging_mixin.py:188} INFO - [2025-05-02T20:10:34.717+0000] {dagbag.py:545} INFO - Filling up the DagBag from /home/airflow/.local/lib/python3.12/site-packages/airflow/example_dags/example_complex.py
[2025-05-02T20:10:34.723+0000] {processor.py:840} INFO - DAG(s) 'example_complex' retrieved from /home/airflow/.local/lib/python3.12/site-packages/airflow/example_dags/example_complex.py
[2025-05-02T20:10:34.743+0000] {logging_mixin.py:188} INFO - [2025-05-02T20:10:34.743+0000] {dag.py:3096} INFO - Sync 1 DAGs
[2025-05-02T20:10:34.752+0000] {logging_mixin.py:188} INFO - [2025-05-02T20:10:34.752+0000] {dag.py:3954} INFO - Setting next_dagrun for example_complex to None, run_after=None
[2025-05-02T20:10:34.766+0000] {processor.py:183} INFO - Processing /home/airflow/.local/lib/python3.12/site-packages/airflow/example_dags/example_complex.py took 0.054 seconds
[2025-05-02T20:11:07.871+0000] {processor.py:161} INFO - Started process (PID=3281) to work on /home/airflow/.local/lib/python3.12/site-packages/airflow/example_dags/example_complex.py
[2025-05-02T20:11:07.871+0000] {processor.py:830} INFO - Processing file /home/airflow/.local/lib/python3.12/site-packages/airflow/example_dags/example_complex.py for tasks to queue
[2025-05-02T20:11:07.872+0000] {logging_mixin.py:188} INFO - [2025-05-02T20:11:07.872+0000] {dagbag.py:545} INFO - Filling up the DagBag from /home/airflow/.local/lib/python3.12/site-packages/airflow/example_dags/example_complex.py
[2025-05-02T20:11:07.879+0000] {processor.py:840} INFO - DAG(s) 'example_complex' retrieved from /home/airflow/.local/lib/python3.12/site-packages/airflow/example_dags/example_complex.py
[2025-05-02T20:11:07.901+0000] {logging_mixin.py:188} INFO - [2025-05-02T20:11:07.901+0000] {dag.py:3096} INFO - Sync 1 DAGs
[2025-05-02T20:11:07.914+0000] {logging_mixin.py:188} INFO - [2025-05-02T20:11:07.913+0000] {dag.py:3954} INFO - Setting next_dagrun for example_complex to None, run_after=None
[2025-05-02T20:11:07.928+0000] {processor.py:183} INFO - Processing /home/airflow/.local/lib/python3.12/site-packages/airflow/example_dags/example_complex.py took 0.061 seconds
[2025-05-02T20:11:39.914+0000] {processor.py:161} INFO - Started process (PID=3341) to work on /home/airflow/.local/lib/python3.12/site-packages/airflow/example_dags/example_complex.py
[2025-05-02T20:11:39.915+0000] {processor.py:830} INFO - Processing file /home/airflow/.local/lib/python3.12/site-packages/airflow/example_dags/example_complex.py for tasks to queue
[2025-05-02T20:11:39.916+0000] {logging_mixin.py:188} INFO - [2025-05-02T20:11:39.916+0000] {dagbag.py:545} INFO - Filling up the DagBag from /home/airflow/.local/lib/python3.12/site-packages/airflow/example_dags/example_complex.py
[2025-05-02T20:11:39.926+0000] {processor.py:840} INFO - DAG(s) 'example_complex' retrieved from /home/airflow/.local/lib/python3.12/site-packages/airflow/example_dags/example_complex.py
[2025-05-02T20:11:39.954+0000] {logging_mixin.py:188} INFO - [2025-05-02T20:11:39.954+0000] {dag.py:3096} INFO - Sync 1 DAGs
[2025-05-02T20:11:39.965+0000] {logging_mixin.py:188} INFO - [2025-05-02T20:11:39.965+0000] {dag.py:3954} INFO - Setting next_dagrun for example_complex to None, run_after=None
[2025-05-02T20:11:39.984+0000] {processor.py:183} INFO - Processing /home/airflow/.local/lib/python3.12/site-packages/airflow/example_dags/example_complex.py took 0.075 seconds
[2025-05-02T20:12:13.091+0000] {processor.py:161} INFO - Started process (PID=3401) to work on /home/airflow/.local/lib/python3.12/site-packages/airflow/example_dags/example_complex.py
[2025-05-02T20:12:13.092+0000] {processor.py:830} INFO - Processing file /home/airflow/.local/lib/python3.12/site-packages/airflow/example_dags/example_complex.py for tasks to queue
[2025-05-02T20:12:13.094+0000] {logging_mixin.py:188} INFO - [2025-05-02T20:12:13.093+0000] {dagbag.py:545} INFO - Filling up the DagBag from /home/airflow/.local/lib/python3.12/site-packages/airflow/example_dags/example_complex.py
[2025-05-02T20:12:13.100+0000] {processor.py:840} INFO - DAG(s) 'example_complex' retrieved from /home/airflow/.local/lib/python3.12/site-packages/airflow/example_dags/example_complex.py
[2025-05-02T20:12:13.120+0000] {logging_mixin.py:188} INFO - [2025-05-02T20:12:13.120+0000] {dag.py:3096} INFO - Sync 1 DAGs
[2025-05-02T20:12:13.129+0000] {logging_mixin.py:188} INFO - [2025-05-02T20:12:13.129+0000] {dag.py:3954} INFO - Setting next_dagrun for example_complex to None, run_after=None
[2025-05-02T20:12:13.142+0000] {processor.py:183} INFO - Processing /home/airflow/.local/lib/python3.12/site-packages/airflow/example_dags/example_complex.py took 0.055 seconds
[2025-05-02T20:12:45.310+0000] {processor.py:161} INFO - Started process (PID=3461) to work on /home/airflow/.local/lib/python3.12/site-packages/airflow/example_dags/example_complex.py
[2025-05-02T20:12:45.311+0000] {processor.py:830} INFO - Processing file /home/airflow/.local/lib/python3.12/site-packages/airflow/example_dags/example_complex.py for tasks to queue
[2025-05-02T20:12:45.313+0000] {logging_mixin.py:188} INFO - [2025-05-02T20:12:45.312+0000] {dagbag.py:545} INFO - Filling up the DagBag from /home/airflow/.local/lib/python3.12/site-packages/airflow/example_dags/example_complex.py
[2025-05-02T20:12:45.320+0000] {processor.py:840} INFO - DAG(s) 'example_complex' retrieved from /home/airflow/.local/lib/python3.12/site-packages/airflow/example_dags/example_complex.py
[2025-05-02T20:12:45.340+0000] {logging_mixin.py:188} INFO - [2025-05-02T20:12:45.340+0000] {dag.py:3096} INFO - Sync 1 DAGs
[2025-05-02T20:12:45.348+0000] {logging_mixin.py:188} INFO - [2025-05-02T20:12:45.348+0000] {dag.py:3954} INFO - Setting next_dagrun for example_complex to None, run_after=None
[2025-05-02T20:12:45.361+0000] {processor.py:183} INFO - Processing /home/airflow/.local/lib/python3.12/site-packages/airflow/example_dags/example_complex.py took 0.055 seconds
