[2025-05-02T19:42:22.366+0000] {processor.py:161} INFO - Started process (PID=70) to work on /home/airflow/.local/lib/python3.12/site-packages/airflow/example_dags/example_task_group.py
[2025-05-02T19:42:22.366+0000] {processor.py:830} INFO - Processing file /home/airflow/.local/lib/python3.12/site-packages/airflow/example_dags/example_task_group.py for tasks to queue
[2025-05-02T19:42:22.368+0000] {logging_mixin.py:188} INFO - [2025-05-02T19:42:22.368+0000] {dagbag.py:545} INFO - Filling up the DagBag from /home/airflow/.local/lib/python3.12/site-packages/airflow/example_dags/example_task_group.py
[2025-05-02T19:42:22.375+0000] {processor.py:840} INFO - DAG(s) 'example_task_group' retrieved from /home/airflow/.local/lib/python3.12/site-packages/airflow/example_dags/example_task_group.py
[2025-05-02T19:42:22.451+0000] {logging_mixin.py:188} INFO - [2025-05-02T19:42:22.450+0000] {override.py:1829} INFO - Created Permission View: can edit on DAG:example_task_group
[2025-05-02T19:42:22.460+0000] {logging_mixin.py:188} INFO - [2025-05-02T19:42:22.460+0000] {override.py:1829} INFO - Created Permission View: can read on DAG:example_task_group
[2025-05-02T19:42:22.467+0000] {logging_mixin.py:188} INFO - [2025-05-02T19:42:22.466+0000] {override.py:1829} INFO - Created Permission View: can delete on DAG:example_task_group
[2025-05-02T19:42:22.467+0000] {logging_mixin.py:188} INFO - [2025-05-02T19:42:22.467+0000] {dag.py:3096} INFO - Sync 1 DAGs
[2025-05-02T19:42:22.477+0000] {logging_mixin.py:188} INFO - [2025-05-02T19:42:22.476+0000] {dag.py:3118} INFO - Creating ORM DAG for example_task_group
[2025-05-02T19:42:22.486+0000] {logging_mixin.py:188} INFO - [2025-05-02T19:42:22.485+0000] {dag.py:3954} INFO - Setting next_dagrun for example_task_group to 2025-05-01 00:00:00+00:00, run_after=2025-05-02 00:00:00+00:00
[2025-05-02T19:42:22.500+0000] {processor.py:183} INFO - Processing /home/airflow/.local/lib/python3.12/site-packages/airflow/example_dags/example_task_group.py took 0.138 seconds
[2025-05-02T19:42:52.641+0000] {processor.py:161} INFO - Started process (PID=130) to work on /home/airflow/.local/lib/python3.12/site-packages/airflow/example_dags/example_task_group.py
[2025-05-02T19:42:52.642+0000] {processor.py:830} INFO - Processing file /home/airflow/.local/lib/python3.12/site-packages/airflow/example_dags/example_task_group.py for tasks to queue
[2025-05-02T19:42:52.644+0000] {logging_mixin.py:188} INFO - [2025-05-02T19:42:52.644+0000] {dagbag.py:545} INFO - Filling up the DagBag from /home/airflow/.local/lib/python3.12/site-packages/airflow/example_dags/example_task_group.py
[2025-05-02T19:42:52.651+0000] {processor.py:840} INFO - DAG(s) 'example_task_group' retrieved from /home/airflow/.local/lib/python3.12/site-packages/airflow/example_dags/example_task_group.py
[2025-05-02T19:42:52.670+0000] {logging_mixin.py:188} INFO - [2025-05-02T19:42:52.670+0000] {dag.py:3096} INFO - Sync 1 DAGs
[2025-05-02T19:42:52.689+0000] {logging_mixin.py:188} INFO - [2025-05-02T19:42:52.689+0000] {dag.py:3954} INFO - Setting next_dagrun for example_task_group to 2025-05-01 00:00:00+00:00, run_after=2025-05-02 00:00:00+00:00
[2025-05-02T19:42:52.704+0000] {processor.py:183} INFO - Processing /home/airflow/.local/lib/python3.12/site-packages/airflow/example_dags/example_task_group.py took 0.067 seconds
[2025-05-02T19:43:22.871+0000] {processor.py:161} INFO - Started process (PID=190) to work on /home/airflow/.local/lib/python3.12/site-packages/airflow/example_dags/example_task_group.py
[2025-05-02T19:43:22.871+0000] {processor.py:830} INFO - Processing file /home/airflow/.local/lib/python3.12/site-packages/airflow/example_dags/example_task_group.py for tasks to queue
[2025-05-02T19:43:22.873+0000] {logging_mixin.py:188} INFO - [2025-05-02T19:43:22.873+0000] {dagbag.py:545} INFO - Filling up the DagBag from /home/airflow/.local/lib/python3.12/site-packages/airflow/example_dags/example_task_group.py
[2025-05-02T19:43:22.887+0000] {processor.py:840} INFO - DAG(s) 'example_task_group' retrieved from /home/airflow/.local/lib/python3.12/site-packages/airflow/example_dags/example_task_group.py
[2025-05-02T19:43:22.906+0000] {logging_mixin.py:188} INFO - [2025-05-02T19:43:22.906+0000] {dag.py:3096} INFO - Sync 1 DAGs
[2025-05-02T19:43:22.926+0000] {logging_mixin.py:188} INFO - [2025-05-02T19:43:22.925+0000] {dag.py:3954} INFO - Setting next_dagrun for example_task_group to 2025-05-01 00:00:00+00:00, run_after=2025-05-02 00:00:00+00:00
[2025-05-02T19:43:22.952+0000] {processor.py:183} INFO - Processing /home/airflow/.local/lib/python3.12/site-packages/airflow/example_dags/example_task_group.py took 0.087 seconds
[2025-05-02T19:43:53.695+0000] {processor.py:161} INFO - Started process (PID=250) to work on /home/airflow/.local/lib/python3.12/site-packages/airflow/example_dags/example_task_group.py
[2025-05-02T19:43:53.696+0000] {processor.py:830} INFO - Processing file /home/airflow/.local/lib/python3.12/site-packages/airflow/example_dags/example_task_group.py for tasks to queue
[2025-05-02T19:43:53.697+0000] {logging_mixin.py:188} INFO - [2025-05-02T19:43:53.697+0000] {dagbag.py:545} INFO - Filling up the DagBag from /home/airflow/.local/lib/python3.12/site-packages/airflow/example_dags/example_task_group.py
[2025-05-02T19:43:53.706+0000] {processor.py:840} INFO - DAG(s) 'example_task_group' retrieved from /home/airflow/.local/lib/python3.12/site-packages/airflow/example_dags/example_task_group.py
[2025-05-02T19:43:53.725+0000] {logging_mixin.py:188} INFO - [2025-05-02T19:43:53.724+0000] {dag.py:3096} INFO - Sync 1 DAGs
[2025-05-02T19:43:53.745+0000] {logging_mixin.py:188} INFO - [2025-05-02T19:43:53.745+0000] {dag.py:3954} INFO - Setting next_dagrun for example_task_group to 2025-05-01 00:00:00+00:00, run_after=2025-05-02 00:00:00+00:00
[2025-05-02T19:43:53.763+0000] {processor.py:183} INFO - Processing /home/airflow/.local/lib/python3.12/site-packages/airflow/example_dags/example_task_group.py took 0.072 seconds
[2025-05-02T19:44:24.503+0000] {processor.py:161} INFO - Started process (PID=310) to work on /home/airflow/.local/lib/python3.12/site-packages/airflow/example_dags/example_task_group.py
[2025-05-02T19:44:24.504+0000] {processor.py:830} INFO - Processing file /home/airflow/.local/lib/python3.12/site-packages/airflow/example_dags/example_task_group.py for tasks to queue
[2025-05-02T19:44:24.506+0000] {logging_mixin.py:188} INFO - [2025-05-02T19:44:24.505+0000] {dagbag.py:545} INFO - Filling up the DagBag from /home/airflow/.local/lib/python3.12/site-packages/airflow/example_dags/example_task_group.py
[2025-05-02T19:44:24.512+0000] {processor.py:840} INFO - DAG(s) 'example_task_group' retrieved from /home/airflow/.local/lib/python3.12/site-packages/airflow/example_dags/example_task_group.py
[2025-05-02T19:44:24.530+0000] {logging_mixin.py:188} INFO - [2025-05-02T19:44:24.529+0000] {dag.py:3096} INFO - Sync 1 DAGs
[2025-05-02T19:44:24.548+0000] {logging_mixin.py:188} INFO - [2025-05-02T19:44:24.548+0000] {dag.py:3954} INFO - Setting next_dagrun for example_task_group to 2025-05-01 00:00:00+00:00, run_after=2025-05-02 00:00:00+00:00
[2025-05-02T19:44:24.563+0000] {processor.py:183} INFO - Processing /home/airflow/.local/lib/python3.12/site-packages/airflow/example_dags/example_task_group.py took 0.065 seconds
[2025-05-02T19:44:54.690+0000] {processor.py:161} INFO - Started process (PID=370) to work on /home/airflow/.local/lib/python3.12/site-packages/airflow/example_dags/example_task_group.py
[2025-05-02T19:44:54.691+0000] {processor.py:830} INFO - Processing file /home/airflow/.local/lib/python3.12/site-packages/airflow/example_dags/example_task_group.py for tasks to queue
[2025-05-02T19:44:54.693+0000] {logging_mixin.py:188} INFO - [2025-05-02T19:44:54.692+0000] {dagbag.py:545} INFO - Filling up the DagBag from /home/airflow/.local/lib/python3.12/site-packages/airflow/example_dags/example_task_group.py
[2025-05-02T19:44:54.699+0000] {processor.py:840} INFO - DAG(s) 'example_task_group' retrieved from /home/airflow/.local/lib/python3.12/site-packages/airflow/example_dags/example_task_group.py
[2025-05-02T19:44:54.716+0000] {logging_mixin.py:188} INFO - [2025-05-02T19:44:54.716+0000] {dag.py:3096} INFO - Sync 1 DAGs
[2025-05-02T19:44:54.738+0000] {logging_mixin.py:188} INFO - [2025-05-02T19:44:54.738+0000] {dag.py:3954} INFO - Setting next_dagrun for example_task_group to 2025-05-01 00:00:00+00:00, run_after=2025-05-02 00:00:00+00:00
[2025-05-02T19:44:54.756+0000] {processor.py:183} INFO - Processing /home/airflow/.local/lib/python3.12/site-packages/airflow/example_dags/example_task_group.py took 0.071 seconds
[2025-05-02T19:45:24.881+0000] {processor.py:161} INFO - Started process (PID=430) to work on /home/airflow/.local/lib/python3.12/site-packages/airflow/example_dags/example_task_group.py
[2025-05-02T19:45:24.882+0000] {processor.py:830} INFO - Processing file /home/airflow/.local/lib/python3.12/site-packages/airflow/example_dags/example_task_group.py for tasks to queue
[2025-05-02T19:45:24.884+0000] {logging_mixin.py:188} INFO - [2025-05-02T19:45:24.884+0000] {dagbag.py:545} INFO - Filling up the DagBag from /home/airflow/.local/lib/python3.12/site-packages/airflow/example_dags/example_task_group.py
[2025-05-02T19:45:24.892+0000] {processor.py:840} INFO - DAG(s) 'example_task_group' retrieved from /home/airflow/.local/lib/python3.12/site-packages/airflow/example_dags/example_task_group.py
[2025-05-02T19:45:24.909+0000] {logging_mixin.py:188} INFO - [2025-05-02T19:45:24.909+0000] {dag.py:3096} INFO - Sync 1 DAGs
[2025-05-02T19:45:24.926+0000] {logging_mixin.py:188} INFO - [2025-05-02T19:45:24.926+0000] {dag.py:3954} INFO - Setting next_dagrun for example_task_group to 2025-05-01 00:00:00+00:00, run_after=2025-05-02 00:00:00+00:00
[2025-05-02T19:45:24.943+0000] {processor.py:183} INFO - Processing /home/airflow/.local/lib/python3.12/site-packages/airflow/example_dags/example_task_group.py took 0.067 seconds
[2025-05-02T19:45:55.413+0000] {processor.py:161} INFO - Started process (PID=490) to work on /home/airflow/.local/lib/python3.12/site-packages/airflow/example_dags/example_task_group.py
[2025-05-02T19:45:55.414+0000] {processor.py:830} INFO - Processing file /home/airflow/.local/lib/python3.12/site-packages/airflow/example_dags/example_task_group.py for tasks to queue
[2025-05-02T19:45:55.416+0000] {logging_mixin.py:188} INFO - [2025-05-02T19:45:55.416+0000] {dagbag.py:545} INFO - Filling up the DagBag from /home/airflow/.local/lib/python3.12/site-packages/airflow/example_dags/example_task_group.py
[2025-05-02T19:45:55.422+0000] {processor.py:840} INFO - DAG(s) 'example_task_group' retrieved from /home/airflow/.local/lib/python3.12/site-packages/airflow/example_dags/example_task_group.py
[2025-05-02T19:45:55.443+0000] {logging_mixin.py:188} INFO - [2025-05-02T19:45:55.442+0000] {dag.py:3096} INFO - Sync 1 DAGs
[2025-05-02T19:45:55.462+0000] {logging_mixin.py:188} INFO - [2025-05-02T19:45:55.461+0000] {dag.py:3954} INFO - Setting next_dagrun for example_task_group to 2025-05-01 00:00:00+00:00, run_after=2025-05-02 00:00:00+00:00
[2025-05-02T19:45:55.480+0000] {processor.py:183} INFO - Processing /home/airflow/.local/lib/python3.12/site-packages/airflow/example_dags/example_task_group.py took 0.071 seconds
[2025-05-02T19:46:26.502+0000] {processor.py:161} INFO - Started process (PID=550) to work on /home/airflow/.local/lib/python3.12/site-packages/airflow/example_dags/example_task_group.py
[2025-05-02T19:46:26.502+0000] {processor.py:830} INFO - Processing file /home/airflow/.local/lib/python3.12/site-packages/airflow/example_dags/example_task_group.py for tasks to queue
[2025-05-02T19:46:26.504+0000] {logging_mixin.py:188} INFO - [2025-05-02T19:46:26.503+0000] {dagbag.py:545} INFO - Filling up the DagBag from /home/airflow/.local/lib/python3.12/site-packages/airflow/example_dags/example_task_group.py
[2025-05-02T19:46:26.508+0000] {processor.py:840} INFO - DAG(s) 'example_task_group' retrieved from /home/airflow/.local/lib/python3.12/site-packages/airflow/example_dags/example_task_group.py
[2025-05-02T19:46:26.524+0000] {logging_mixin.py:188} INFO - [2025-05-02T19:46:26.524+0000] {dag.py:3096} INFO - Sync 1 DAGs
[2025-05-02T19:46:26.542+0000] {logging_mixin.py:188} INFO - [2025-05-02T19:46:26.542+0000] {dag.py:3954} INFO - Setting next_dagrun for example_task_group to 2025-05-01 00:00:00+00:00, run_after=2025-05-02 00:00:00+00:00
[2025-05-02T19:46:26.559+0000] {processor.py:183} INFO - Processing /home/airflow/.local/lib/python3.12/site-packages/airflow/example_dags/example_task_group.py took 0.061 seconds
[2025-05-02T19:46:56.882+0000] {processor.py:161} INFO - Started process (PID=610) to work on /home/airflow/.local/lib/python3.12/site-packages/airflow/example_dags/example_task_group.py
[2025-05-02T19:46:56.882+0000] {processor.py:830} INFO - Processing file /home/airflow/.local/lib/python3.12/site-packages/airflow/example_dags/example_task_group.py for tasks to queue
[2025-05-02T19:46:56.884+0000] {logging_mixin.py:188} INFO - [2025-05-02T19:46:56.884+0000] {dagbag.py:545} INFO - Filling up the DagBag from /home/airflow/.local/lib/python3.12/site-packages/airflow/example_dags/example_task_group.py
[2025-05-02T19:46:56.890+0000] {processor.py:840} INFO - DAG(s) 'example_task_group' retrieved from /home/airflow/.local/lib/python3.12/site-packages/airflow/example_dags/example_task_group.py
[2025-05-02T19:46:56.908+0000] {logging_mixin.py:188} INFO - [2025-05-02T19:46:56.908+0000] {dag.py:3096} INFO - Sync 1 DAGs
[2025-05-02T19:46:56.925+0000] {logging_mixin.py:188} INFO - [2025-05-02T19:46:56.925+0000] {dag.py:3954} INFO - Setting next_dagrun for example_task_group to 2025-05-01 00:00:00+00:00, run_after=2025-05-02 00:00:00+00:00
[2025-05-02T19:46:56.940+0000] {processor.py:183} INFO - Processing /home/airflow/.local/lib/python3.12/site-packages/airflow/example_dags/example_task_group.py took 0.064 seconds
[2025-05-02T19:47:27.272+0000] {processor.py:161} INFO - Started process (PID=670) to work on /home/airflow/.local/lib/python3.12/site-packages/airflow/example_dags/example_task_group.py
[2025-05-02T19:47:27.273+0000] {processor.py:830} INFO - Processing file /home/airflow/.local/lib/python3.12/site-packages/airflow/example_dags/example_task_group.py for tasks to queue
[2025-05-02T19:47:27.275+0000] {logging_mixin.py:188} INFO - [2025-05-02T19:47:27.274+0000] {dagbag.py:545} INFO - Filling up the DagBag from /home/airflow/.local/lib/python3.12/site-packages/airflow/example_dags/example_task_group.py
[2025-05-02T19:47:27.280+0000] {processor.py:840} INFO - DAG(s) 'example_task_group' retrieved from /home/airflow/.local/lib/python3.12/site-packages/airflow/example_dags/example_task_group.py
[2025-05-02T19:47:27.296+0000] {logging_mixin.py:188} INFO - [2025-05-02T19:47:27.296+0000] {dag.py:3096} INFO - Sync 1 DAGs
[2025-05-02T19:47:27.311+0000] {logging_mixin.py:188} INFO - [2025-05-02T19:47:27.311+0000] {dag.py:3954} INFO - Setting next_dagrun for example_task_group to 2025-05-01 00:00:00+00:00, run_after=2025-05-02 00:00:00+00:00
[2025-05-02T19:47:27.325+0000] {processor.py:183} INFO - Processing /home/airflow/.local/lib/python3.12/site-packages/airflow/example_dags/example_task_group.py took 0.057 seconds
[2025-05-02T19:47:57.750+0000] {processor.py:161} INFO - Started process (PID=730) to work on /home/airflow/.local/lib/python3.12/site-packages/airflow/example_dags/example_task_group.py
[2025-05-02T19:47:57.750+0000] {processor.py:830} INFO - Processing file /home/airflow/.local/lib/python3.12/site-packages/airflow/example_dags/example_task_group.py for tasks to queue
[2025-05-02T19:47:57.752+0000] {logging_mixin.py:188} INFO - [2025-05-02T19:47:57.751+0000] {dagbag.py:545} INFO - Filling up the DagBag from /home/airflow/.local/lib/python3.12/site-packages/airflow/example_dags/example_task_group.py
[2025-05-02T19:47:57.757+0000] {processor.py:840} INFO - DAG(s) 'example_task_group' retrieved from /home/airflow/.local/lib/python3.12/site-packages/airflow/example_dags/example_task_group.py
[2025-05-02T19:47:57.774+0000] {logging_mixin.py:188} INFO - [2025-05-02T19:47:57.774+0000] {dag.py:3096} INFO - Sync 1 DAGs
[2025-05-02T19:47:57.791+0000] {logging_mixin.py:188} INFO - [2025-05-02T19:47:57.791+0000] {dag.py:3954} INFO - Setting next_dagrun for example_task_group to 2025-05-01 00:00:00+00:00, run_after=2025-05-02 00:00:00+00:00
[2025-05-02T19:47:57.806+0000] {processor.py:183} INFO - Processing /home/airflow/.local/lib/python3.12/site-packages/airflow/example_dags/example_task_group.py took 0.061 seconds
[2025-05-02T19:48:28.929+0000] {processor.py:161} INFO - Started process (PID=784) to work on /home/airflow/.local/lib/python3.12/site-packages/airflow/example_dags/example_task_group.py
[2025-05-02T19:48:28.930+0000] {processor.py:830} INFO - Processing file /home/airflow/.local/lib/python3.12/site-packages/airflow/example_dags/example_task_group.py for tasks to queue
[2025-05-02T19:48:28.931+0000] {logging_mixin.py:188} INFO - [2025-05-02T19:48:28.931+0000] {dagbag.py:545} INFO - Filling up the DagBag from /home/airflow/.local/lib/python3.12/site-packages/airflow/example_dags/example_task_group.py
[2025-05-02T19:48:28.939+0000] {processor.py:840} INFO - DAG(s) 'example_task_group' retrieved from /home/airflow/.local/lib/python3.12/site-packages/airflow/example_dags/example_task_group.py
[2025-05-02T19:48:28.955+0000] {logging_mixin.py:188} INFO - [2025-05-02T19:48:28.955+0000] {dag.py:3096} INFO - Sync 1 DAGs
[2025-05-02T19:48:28.972+0000] {logging_mixin.py:188} INFO - [2025-05-02T19:48:28.972+0000] {dag.py:3954} INFO - Setting next_dagrun for example_task_group to 2025-05-01 00:00:00+00:00, run_after=2025-05-02 00:00:00+00:00
[2025-05-02T19:48:28.990+0000] {processor.py:183} INFO - Processing /home/airflow/.local/lib/python3.12/site-packages/airflow/example_dags/example_task_group.py took 0.066 seconds
[2025-05-02T19:48:59.319+0000] {processor.py:161} INFO - Started process (PID=844) to work on /home/airflow/.local/lib/python3.12/site-packages/airflow/example_dags/example_task_group.py
[2025-05-02T19:48:59.320+0000] {processor.py:830} INFO - Processing file /home/airflow/.local/lib/python3.12/site-packages/airflow/example_dags/example_task_group.py for tasks to queue
[2025-05-02T19:48:59.322+0000] {logging_mixin.py:188} INFO - [2025-05-02T19:48:59.322+0000] {dagbag.py:545} INFO - Filling up the DagBag from /home/airflow/.local/lib/python3.12/site-packages/airflow/example_dags/example_task_group.py
[2025-05-02T19:48:59.328+0000] {processor.py:840} INFO - DAG(s) 'example_task_group' retrieved from /home/airflow/.local/lib/python3.12/site-packages/airflow/example_dags/example_task_group.py
[2025-05-02T19:48:59.348+0000] {logging_mixin.py:188} INFO - [2025-05-02T19:48:59.348+0000] {dag.py:3096} INFO - Sync 1 DAGs
[2025-05-02T19:48:59.373+0000] {logging_mixin.py:188} INFO - [2025-05-02T19:48:59.373+0000] {dag.py:3954} INFO - Setting next_dagrun for example_task_group to 2025-05-01 00:00:00+00:00, run_after=2025-05-02 00:00:00+00:00
[2025-05-02T19:48:59.392+0000] {processor.py:183} INFO - Processing /home/airflow/.local/lib/python3.12/site-packages/airflow/example_dags/example_task_group.py took 0.079 seconds
[2025-05-02T19:49:30.218+0000] {processor.py:161} INFO - Started process (PID=905) to work on /home/airflow/.local/lib/python3.12/site-packages/airflow/example_dags/example_task_group.py
[2025-05-02T19:49:30.219+0000] {processor.py:830} INFO - Processing file /home/airflow/.local/lib/python3.12/site-packages/airflow/example_dags/example_task_group.py for tasks to queue
[2025-05-02T19:49:30.220+0000] {logging_mixin.py:188} INFO - [2025-05-02T19:49:30.220+0000] {dagbag.py:545} INFO - Filling up the DagBag from /home/airflow/.local/lib/python3.12/site-packages/airflow/example_dags/example_task_group.py
[2025-05-02T19:49:30.226+0000] {processor.py:840} INFO - DAG(s) 'example_task_group' retrieved from /home/airflow/.local/lib/python3.12/site-packages/airflow/example_dags/example_task_group.py
[2025-05-02T19:49:30.242+0000] {logging_mixin.py:188} INFO - [2025-05-02T19:49:30.241+0000] {dag.py:3096} INFO - Sync 1 DAGs
[2025-05-02T19:49:30.259+0000] {logging_mixin.py:188} INFO - [2025-05-02T19:49:30.258+0000] {dag.py:3954} INFO - Setting next_dagrun for example_task_group to 2025-05-01 00:00:00+00:00, run_after=2025-05-02 00:00:00+00:00
[2025-05-02T19:49:30.276+0000] {processor.py:183} INFO - Processing /home/airflow/.local/lib/python3.12/site-packages/airflow/example_dags/example_task_group.py took 0.064 seconds
[2025-05-02T19:50:01.983+0000] {processor.py:161} INFO - Started process (PID=965) to work on /home/airflow/.local/lib/python3.12/site-packages/airflow/example_dags/example_task_group.py
[2025-05-02T19:50:01.984+0000] {processor.py:830} INFO - Processing file /home/airflow/.local/lib/python3.12/site-packages/airflow/example_dags/example_task_group.py for tasks to queue
[2025-05-02T19:50:01.985+0000] {logging_mixin.py:188} INFO - [2025-05-02T19:50:01.985+0000] {dagbag.py:545} INFO - Filling up the DagBag from /home/airflow/.local/lib/python3.12/site-packages/airflow/example_dags/example_task_group.py
[2025-05-02T19:50:01.991+0000] {processor.py:840} INFO - DAG(s) 'example_task_group' retrieved from /home/airflow/.local/lib/python3.12/site-packages/airflow/example_dags/example_task_group.py
[2025-05-02T19:50:02.006+0000] {logging_mixin.py:188} INFO - [2025-05-02T19:50:02.006+0000] {dag.py:3096} INFO - Sync 1 DAGs
[2025-05-02T19:50:02.024+0000] {logging_mixin.py:188} INFO - [2025-05-02T19:50:02.024+0000] {dag.py:3954} INFO - Setting next_dagrun for example_task_group to 2025-05-01 00:00:00+00:00, run_after=2025-05-02 00:00:00+00:00
[2025-05-02T19:50:02.038+0000] {processor.py:183} INFO - Processing /home/airflow/.local/lib/python3.12/site-packages/airflow/example_dags/example_task_group.py took 0.060 seconds
[2025-05-02T19:50:34.355+0000] {processor.py:161} INFO - Started process (PID=1025) to work on /home/airflow/.local/lib/python3.12/site-packages/airflow/example_dags/example_task_group.py
[2025-05-02T19:50:34.355+0000] {processor.py:830} INFO - Processing file /home/airflow/.local/lib/python3.12/site-packages/airflow/example_dags/example_task_group.py for tasks to queue
[2025-05-02T19:50:34.357+0000] {logging_mixin.py:188} INFO - [2025-05-02T19:50:34.357+0000] {dagbag.py:545} INFO - Filling up the DagBag from /home/airflow/.local/lib/python3.12/site-packages/airflow/example_dags/example_task_group.py
[2025-05-02T19:50:34.363+0000] {processor.py:840} INFO - DAG(s) 'example_task_group' retrieved from /home/airflow/.local/lib/python3.12/site-packages/airflow/example_dags/example_task_group.py
[2025-05-02T19:50:34.395+0000] {logging_mixin.py:188} INFO - [2025-05-02T19:50:34.395+0000] {dag.py:3096} INFO - Sync 1 DAGs
[2025-05-02T19:50:34.418+0000] {logging_mixin.py:188} INFO - [2025-05-02T19:50:34.418+0000] {dag.py:3954} INFO - Setting next_dagrun for example_task_group to 2025-05-01 00:00:00+00:00, run_after=2025-05-02 00:00:00+00:00
[2025-05-02T19:50:34.435+0000] {processor.py:183} INFO - Processing /home/airflow/.local/lib/python3.12/site-packages/airflow/example_dags/example_task_group.py took 0.085 seconds
[2025-05-02T19:51:06.583+0000] {processor.py:161} INFO - Started process (PID=1085) to work on /home/airflow/.local/lib/python3.12/site-packages/airflow/example_dags/example_task_group.py
[2025-05-02T19:51:06.583+0000] {processor.py:830} INFO - Processing file /home/airflow/.local/lib/python3.12/site-packages/airflow/example_dags/example_task_group.py for tasks to queue
[2025-05-02T19:51:06.585+0000] {logging_mixin.py:188} INFO - [2025-05-02T19:51:06.585+0000] {dagbag.py:545} INFO - Filling up the DagBag from /home/airflow/.local/lib/python3.12/site-packages/airflow/example_dags/example_task_group.py
[2025-05-02T19:51:06.590+0000] {processor.py:840} INFO - DAG(s) 'example_task_group' retrieved from /home/airflow/.local/lib/python3.12/site-packages/airflow/example_dags/example_task_group.py
[2025-05-02T19:51:06.608+0000] {logging_mixin.py:188} INFO - [2025-05-02T19:51:06.607+0000] {dag.py:3096} INFO - Sync 1 DAGs
[2025-05-02T19:51:06.624+0000] {logging_mixin.py:188} INFO - [2025-05-02T19:51:06.624+0000] {dag.py:3954} INFO - Setting next_dagrun for example_task_group to 2025-05-01 00:00:00+00:00, run_after=2025-05-02 00:00:00+00:00
[2025-05-02T19:51:06.639+0000] {processor.py:183} INFO - Processing /home/airflow/.local/lib/python3.12/site-packages/airflow/example_dags/example_task_group.py took 0.061 seconds
[2025-05-02T19:51:38.936+0000] {processor.py:161} INFO - Started process (PID=1145) to work on /home/airflow/.local/lib/python3.12/site-packages/airflow/example_dags/example_task_group.py
[2025-05-02T19:51:38.937+0000] {processor.py:830} INFO - Processing file /home/airflow/.local/lib/python3.12/site-packages/airflow/example_dags/example_task_group.py for tasks to queue
[2025-05-02T19:51:38.938+0000] {logging_mixin.py:188} INFO - [2025-05-02T19:51:38.938+0000] {dagbag.py:545} INFO - Filling up the DagBag from /home/airflow/.local/lib/python3.12/site-packages/airflow/example_dags/example_task_group.py
[2025-05-02T19:51:38.945+0000] {processor.py:840} INFO - DAG(s) 'example_task_group' retrieved from /home/airflow/.local/lib/python3.12/site-packages/airflow/example_dags/example_task_group.py
[2025-05-02T19:51:38.960+0000] {logging_mixin.py:188} INFO - [2025-05-02T19:51:38.960+0000] {dag.py:3096} INFO - Sync 1 DAGs
[2025-05-02T19:51:38.978+0000] {logging_mixin.py:188} INFO - [2025-05-02T19:51:38.978+0000] {dag.py:3954} INFO - Setting next_dagrun for example_task_group to 2025-05-01 00:00:00+00:00, run_after=2025-05-02 00:00:00+00:00
[2025-05-02T19:51:38.994+0000] {processor.py:183} INFO - Processing /home/airflow/.local/lib/python3.12/site-packages/airflow/example_dags/example_task_group.py took 0.062 seconds
[2025-05-02T19:52:11.197+0000] {processor.py:161} INFO - Started process (PID=1205) to work on /home/airflow/.local/lib/python3.12/site-packages/airflow/example_dags/example_task_group.py
[2025-05-02T19:52:11.199+0000] {processor.py:830} INFO - Processing file /home/airflow/.local/lib/python3.12/site-packages/airflow/example_dags/example_task_group.py for tasks to queue
[2025-05-02T19:52:11.201+0000] {logging_mixin.py:188} INFO - [2025-05-02T19:52:11.201+0000] {dagbag.py:545} INFO - Filling up the DagBag from /home/airflow/.local/lib/python3.12/site-packages/airflow/example_dags/example_task_group.py
[2025-05-02T19:52:11.209+0000] {processor.py:840} INFO - DAG(s) 'example_task_group' retrieved from /home/airflow/.local/lib/python3.12/site-packages/airflow/example_dags/example_task_group.py
[2025-05-02T19:52:11.228+0000] {logging_mixin.py:188} INFO - [2025-05-02T19:52:11.228+0000] {dag.py:3096} INFO - Sync 1 DAGs
[2025-05-02T19:52:11.247+0000] {logging_mixin.py:188} INFO - [2025-05-02T19:52:11.246+0000] {dag.py:3954} INFO - Setting next_dagrun for example_task_group to 2025-05-01 00:00:00+00:00, run_after=2025-05-02 00:00:00+00:00
[2025-05-02T19:52:11.260+0000] {processor.py:183} INFO - Processing /home/airflow/.local/lib/python3.12/site-packages/airflow/example_dags/example_task_group.py took 0.072 seconds
[2025-05-02T19:52:43.896+0000] {processor.py:161} INFO - Started process (PID=1265) to work on /home/airflow/.local/lib/python3.12/site-packages/airflow/example_dags/example_task_group.py
[2025-05-02T19:52:43.897+0000] {processor.py:830} INFO - Processing file /home/airflow/.local/lib/python3.12/site-packages/airflow/example_dags/example_task_group.py for tasks to queue
[2025-05-02T19:52:43.899+0000] {logging_mixin.py:188} INFO - [2025-05-02T19:52:43.899+0000] {dagbag.py:545} INFO - Filling up the DagBag from /home/airflow/.local/lib/python3.12/site-packages/airflow/example_dags/example_task_group.py
[2025-05-02T19:52:43.905+0000] {processor.py:840} INFO - DAG(s) 'example_task_group' retrieved from /home/airflow/.local/lib/python3.12/site-packages/airflow/example_dags/example_task_group.py
[2025-05-02T19:52:43.922+0000] {logging_mixin.py:188} INFO - [2025-05-02T19:52:43.921+0000] {dag.py:3096} INFO - Sync 1 DAGs
[2025-05-02T19:52:43.942+0000] {logging_mixin.py:188} INFO - [2025-05-02T19:52:43.942+0000] {dag.py:3954} INFO - Setting next_dagrun for example_task_group to 2025-05-01 00:00:00+00:00, run_after=2025-05-02 00:00:00+00:00
[2025-05-02T19:52:43.956+0000] {processor.py:183} INFO - Processing /home/airflow/.local/lib/python3.12/site-packages/airflow/example_dags/example_task_group.py took 0.065 seconds
[2025-05-02T19:53:16.454+0000] {processor.py:161} INFO - Started process (PID=1325) to work on /home/airflow/.local/lib/python3.12/site-packages/airflow/example_dags/example_task_group.py
[2025-05-02T19:53:16.455+0000] {processor.py:830} INFO - Processing file /home/airflow/.local/lib/python3.12/site-packages/airflow/example_dags/example_task_group.py for tasks to queue
[2025-05-02T19:53:16.456+0000] {logging_mixin.py:188} INFO - [2025-05-02T19:53:16.456+0000] {dagbag.py:545} INFO - Filling up the DagBag from /home/airflow/.local/lib/python3.12/site-packages/airflow/example_dags/example_task_group.py
[2025-05-02T19:53:16.462+0000] {processor.py:840} INFO - DAG(s) 'example_task_group' retrieved from /home/airflow/.local/lib/python3.12/site-packages/airflow/example_dags/example_task_group.py
[2025-05-02T19:53:16.483+0000] {logging_mixin.py:188} INFO - [2025-05-02T19:53:16.483+0000] {dag.py:3096} INFO - Sync 1 DAGs
[2025-05-02T19:53:16.505+0000] {logging_mixin.py:188} INFO - [2025-05-02T19:53:16.505+0000] {dag.py:3954} INFO - Setting next_dagrun for example_task_group to 2025-05-01 00:00:00+00:00, run_after=2025-05-02 00:00:00+00:00
[2025-05-02T19:53:16.520+0000] {processor.py:183} INFO - Processing /home/airflow/.local/lib/python3.12/site-packages/airflow/example_dags/example_task_group.py took 0.071 seconds
[2025-05-02T19:53:48.874+0000] {processor.py:161} INFO - Started process (PID=1385) to work on /home/airflow/.local/lib/python3.12/site-packages/airflow/example_dags/example_task_group.py
[2025-05-02T19:53:48.875+0000] {processor.py:830} INFO - Processing file /home/airflow/.local/lib/python3.12/site-packages/airflow/example_dags/example_task_group.py for tasks to queue
[2025-05-02T19:53:48.876+0000] {logging_mixin.py:188} INFO - [2025-05-02T19:53:48.876+0000] {dagbag.py:545} INFO - Filling up the DagBag from /home/airflow/.local/lib/python3.12/site-packages/airflow/example_dags/example_task_group.py
[2025-05-02T19:53:48.882+0000] {processor.py:840} INFO - DAG(s) 'example_task_group' retrieved from /home/airflow/.local/lib/python3.12/site-packages/airflow/example_dags/example_task_group.py
[2025-05-02T19:53:48.899+0000] {logging_mixin.py:188} INFO - [2025-05-02T19:53:48.899+0000] {dag.py:3096} INFO - Sync 1 DAGs
[2025-05-02T19:53:48.915+0000] {logging_mixin.py:188} INFO - [2025-05-02T19:53:48.915+0000] {dag.py:3954} INFO - Setting next_dagrun for example_task_group to 2025-05-01 00:00:00+00:00, run_after=2025-05-02 00:00:00+00:00
[2025-05-02T19:53:48.930+0000] {processor.py:183} INFO - Processing /home/airflow/.local/lib/python3.12/site-packages/airflow/example_dags/example_task_group.py took 0.060 seconds
[2025-05-02T19:54:21.362+0000] {processor.py:161} INFO - Started process (PID=1445) to work on /home/airflow/.local/lib/python3.12/site-packages/airflow/example_dags/example_task_group.py
[2025-05-02T19:54:21.363+0000] {processor.py:830} INFO - Processing file /home/airflow/.local/lib/python3.12/site-packages/airflow/example_dags/example_task_group.py for tasks to queue
[2025-05-02T19:54:21.365+0000] {logging_mixin.py:188} INFO - [2025-05-02T19:54:21.364+0000] {dagbag.py:545} INFO - Filling up the DagBag from /home/airflow/.local/lib/python3.12/site-packages/airflow/example_dags/example_task_group.py
[2025-05-02T19:54:21.371+0000] {processor.py:840} INFO - DAG(s) 'example_task_group' retrieved from /home/airflow/.local/lib/python3.12/site-packages/airflow/example_dags/example_task_group.py
[2025-05-02T19:54:21.388+0000] {logging_mixin.py:188} INFO - [2025-05-02T19:54:21.387+0000] {dag.py:3096} INFO - Sync 1 DAGs
[2025-05-02T19:54:21.405+0000] {logging_mixin.py:188} INFO - [2025-05-02T19:54:21.405+0000] {dag.py:3954} INFO - Setting next_dagrun for example_task_group to 2025-05-01 00:00:00+00:00, run_after=2025-05-02 00:00:00+00:00
[2025-05-02T19:54:21.419+0000] {processor.py:183} INFO - Processing /home/airflow/.local/lib/python3.12/site-packages/airflow/example_dags/example_task_group.py took 0.060 seconds
[2025-05-02T19:54:53.585+0000] {processor.py:161} INFO - Started process (PID=1505) to work on /home/airflow/.local/lib/python3.12/site-packages/airflow/example_dags/example_task_group.py
[2025-05-02T19:54:53.586+0000] {processor.py:830} INFO - Processing file /home/airflow/.local/lib/python3.12/site-packages/airflow/example_dags/example_task_group.py for tasks to queue
[2025-05-02T19:54:53.588+0000] {logging_mixin.py:188} INFO - [2025-05-02T19:54:53.588+0000] {dagbag.py:545} INFO - Filling up the DagBag from /home/airflow/.local/lib/python3.12/site-packages/airflow/example_dags/example_task_group.py
[2025-05-02T19:54:53.593+0000] {processor.py:840} INFO - DAG(s) 'example_task_group' retrieved from /home/airflow/.local/lib/python3.12/site-packages/airflow/example_dags/example_task_group.py
[2025-05-02T19:54:53.609+0000] {logging_mixin.py:188} INFO - [2025-05-02T19:54:53.609+0000] {dag.py:3096} INFO - Sync 1 DAGs
[2025-05-02T19:54:53.625+0000] {logging_mixin.py:188} INFO - [2025-05-02T19:54:53.625+0000] {dag.py:3954} INFO - Setting next_dagrun for example_task_group to 2025-05-01 00:00:00+00:00, run_after=2025-05-02 00:00:00+00:00
[2025-05-02T19:54:53.638+0000] {processor.py:183} INFO - Processing /home/airflow/.local/lib/python3.12/site-packages/airflow/example_dags/example_task_group.py took 0.058 seconds
[2025-05-02T19:55:25.474+0000] {processor.py:161} INFO - Started process (PID=1565) to work on /home/airflow/.local/lib/python3.12/site-packages/airflow/example_dags/example_task_group.py
[2025-05-02T19:55:25.475+0000] {processor.py:830} INFO - Processing file /home/airflow/.local/lib/python3.12/site-packages/airflow/example_dags/example_task_group.py for tasks to queue
[2025-05-02T19:55:25.476+0000] {logging_mixin.py:188} INFO - [2025-05-02T19:55:25.476+0000] {dagbag.py:545} INFO - Filling up the DagBag from /home/airflow/.local/lib/python3.12/site-packages/airflow/example_dags/example_task_group.py
[2025-05-02T19:55:25.482+0000] {processor.py:840} INFO - DAG(s) 'example_task_group' retrieved from /home/airflow/.local/lib/python3.12/site-packages/airflow/example_dags/example_task_group.py
[2025-05-02T19:55:25.496+0000] {logging_mixin.py:188} INFO - [2025-05-02T19:55:25.496+0000] {dag.py:3096} INFO - Sync 1 DAGs
[2025-05-02T19:55:25.511+0000] {logging_mixin.py:188} INFO - [2025-05-02T19:55:25.511+0000] {dag.py:3954} INFO - Setting next_dagrun for example_task_group to 2025-05-01 00:00:00+00:00, run_after=2025-05-02 00:00:00+00:00
[2025-05-02T19:55:25.523+0000] {processor.py:183} INFO - Processing /home/airflow/.local/lib/python3.12/site-packages/airflow/example_dags/example_task_group.py took 0.053 seconds
[2025-05-02T19:55:58.507+0000] {processor.py:161} INFO - Started process (PID=1625) to work on /home/airflow/.local/lib/python3.12/site-packages/airflow/example_dags/example_task_group.py
[2025-05-02T19:55:58.508+0000] {processor.py:830} INFO - Processing file /home/airflow/.local/lib/python3.12/site-packages/airflow/example_dags/example_task_group.py for tasks to queue
[2025-05-02T19:55:58.510+0000] {logging_mixin.py:188} INFO - [2025-05-02T19:55:58.509+0000] {dagbag.py:545} INFO - Filling up the DagBag from /home/airflow/.local/lib/python3.12/site-packages/airflow/example_dags/example_task_group.py
[2025-05-02T19:55:58.516+0000] {processor.py:840} INFO - DAG(s) 'example_task_group' retrieved from /home/airflow/.local/lib/python3.12/site-packages/airflow/example_dags/example_task_group.py
[2025-05-02T19:55:58.531+0000] {logging_mixin.py:188} INFO - [2025-05-02T19:55:58.531+0000] {dag.py:3096} INFO - Sync 1 DAGs
[2025-05-02T19:55:58.546+0000] {logging_mixin.py:188} INFO - [2025-05-02T19:55:58.546+0000] {dag.py:3954} INFO - Setting next_dagrun for example_task_group to 2025-05-01 00:00:00+00:00, run_after=2025-05-02 00:00:00+00:00
[2025-05-02T19:55:58.561+0000] {processor.py:183} INFO - Processing /home/airflow/.local/lib/python3.12/site-packages/airflow/example_dags/example_task_group.py took 0.058 seconds
[2025-05-02T19:56:30.301+0000] {processor.py:161} INFO - Started process (PID=1685) to work on /home/airflow/.local/lib/python3.12/site-packages/airflow/example_dags/example_task_group.py
[2025-05-02T19:56:30.302+0000] {processor.py:830} INFO - Processing file /home/airflow/.local/lib/python3.12/site-packages/airflow/example_dags/example_task_group.py for tasks to queue
[2025-05-02T19:56:30.303+0000] {logging_mixin.py:188} INFO - [2025-05-02T19:56:30.303+0000] {dagbag.py:545} INFO - Filling up the DagBag from /home/airflow/.local/lib/python3.12/site-packages/airflow/example_dags/example_task_group.py
[2025-05-02T19:56:30.308+0000] {processor.py:840} INFO - DAG(s) 'example_task_group' retrieved from /home/airflow/.local/lib/python3.12/site-packages/airflow/example_dags/example_task_group.py
[2025-05-02T19:56:30.326+0000] {logging_mixin.py:188} INFO - [2025-05-02T19:56:30.326+0000] {dag.py:3096} INFO - Sync 1 DAGs
[2025-05-02T19:56:30.350+0000] {logging_mixin.py:188} INFO - [2025-05-02T19:56:30.350+0000] {dag.py:3954} INFO - Setting next_dagrun for example_task_group to 2025-05-01 00:00:00+00:00, run_after=2025-05-02 00:00:00+00:00
[2025-05-02T19:56:30.363+0000] {processor.py:183} INFO - Processing /home/airflow/.local/lib/python3.12/site-packages/airflow/example_dags/example_task_group.py took 0.067 seconds
[2025-05-02T19:57:03.348+0000] {processor.py:161} INFO - Started process (PID=1745) to work on /home/airflow/.local/lib/python3.12/site-packages/airflow/example_dags/example_task_group.py
[2025-05-02T19:57:03.348+0000] {processor.py:830} INFO - Processing file /home/airflow/.local/lib/python3.12/site-packages/airflow/example_dags/example_task_group.py for tasks to queue
[2025-05-02T19:57:03.350+0000] {logging_mixin.py:188} INFO - [2025-05-02T19:57:03.350+0000] {dagbag.py:545} INFO - Filling up the DagBag from /home/airflow/.local/lib/python3.12/site-packages/airflow/example_dags/example_task_group.py
[2025-05-02T19:57:03.356+0000] {processor.py:840} INFO - DAG(s) 'example_task_group' retrieved from /home/airflow/.local/lib/python3.12/site-packages/airflow/example_dags/example_task_group.py
[2025-05-02T19:57:03.375+0000] {logging_mixin.py:188} INFO - [2025-05-02T19:57:03.374+0000] {dag.py:3096} INFO - Sync 1 DAGs
[2025-05-02T19:57:03.392+0000] {logging_mixin.py:188} INFO - [2025-05-02T19:57:03.392+0000] {dag.py:3954} INFO - Setting next_dagrun for example_task_group to 2025-05-01 00:00:00+00:00, run_after=2025-05-02 00:00:00+00:00
[2025-05-02T19:57:03.406+0000] {processor.py:183} INFO - Processing /home/airflow/.local/lib/python3.12/site-packages/airflow/example_dags/example_task_group.py took 0.063 seconds
[2025-05-02T19:57:35.369+0000] {processor.py:161} INFO - Started process (PID=1805) to work on /home/airflow/.local/lib/python3.12/site-packages/airflow/example_dags/example_task_group.py
[2025-05-02T19:57:35.369+0000] {processor.py:830} INFO - Processing file /home/airflow/.local/lib/python3.12/site-packages/airflow/example_dags/example_task_group.py for tasks to queue
[2025-05-02T19:57:35.371+0000] {logging_mixin.py:188} INFO - [2025-05-02T19:57:35.371+0000] {dagbag.py:545} INFO - Filling up the DagBag from /home/airflow/.local/lib/python3.12/site-packages/airflow/example_dags/example_task_group.py
[2025-05-02T19:57:35.377+0000] {processor.py:840} INFO - DAG(s) 'example_task_group' retrieved from /home/airflow/.local/lib/python3.12/site-packages/airflow/example_dags/example_task_group.py
[2025-05-02T19:57:35.395+0000] {logging_mixin.py:188} INFO - [2025-05-02T19:57:35.395+0000] {dag.py:3096} INFO - Sync 1 DAGs
[2025-05-02T19:57:35.415+0000] {logging_mixin.py:188} INFO - [2025-05-02T19:57:35.415+0000] {dag.py:3954} INFO - Setting next_dagrun for example_task_group to 2025-05-01 00:00:00+00:00, run_after=2025-05-02 00:00:00+00:00
[2025-05-02T19:57:35.429+0000] {processor.py:183} INFO - Processing /home/airflow/.local/lib/python3.12/site-packages/airflow/example_dags/example_task_group.py took 0.065 seconds
[2025-05-02T19:58:07.884+0000] {processor.py:161} INFO - Started process (PID=1865) to work on /home/airflow/.local/lib/python3.12/site-packages/airflow/example_dags/example_task_group.py
[2025-05-02T19:58:07.885+0000] {processor.py:830} INFO - Processing file /home/airflow/.local/lib/python3.12/site-packages/airflow/example_dags/example_task_group.py for tasks to queue
[2025-05-02T19:58:07.887+0000] {logging_mixin.py:188} INFO - [2025-05-02T19:58:07.886+0000] {dagbag.py:545} INFO - Filling up the DagBag from /home/airflow/.local/lib/python3.12/site-packages/airflow/example_dags/example_task_group.py
[2025-05-02T19:58:07.892+0000] {processor.py:840} INFO - DAG(s) 'example_task_group' retrieved from /home/airflow/.local/lib/python3.12/site-packages/airflow/example_dags/example_task_group.py
[2025-05-02T19:58:07.909+0000] {logging_mixin.py:188} INFO - [2025-05-02T19:58:07.909+0000] {dag.py:3096} INFO - Sync 1 DAGs
[2025-05-02T19:58:07.926+0000] {logging_mixin.py:188} INFO - [2025-05-02T19:58:07.926+0000] {dag.py:3954} INFO - Setting next_dagrun for example_task_group to 2025-05-01 00:00:00+00:00, run_after=2025-05-02 00:00:00+00:00
[2025-05-02T19:58:07.941+0000] {processor.py:183} INFO - Processing /home/airflow/.local/lib/python3.12/site-packages/airflow/example_dags/example_task_group.py took 0.062 seconds
[2025-05-02T19:58:40.398+0000] {processor.py:161} INFO - Started process (PID=1925) to work on /home/airflow/.local/lib/python3.12/site-packages/airflow/example_dags/example_task_group.py
[2025-05-02T19:58:40.399+0000] {processor.py:830} INFO - Processing file /home/airflow/.local/lib/python3.12/site-packages/airflow/example_dags/example_task_group.py for tasks to queue
[2025-05-02T19:58:40.401+0000] {logging_mixin.py:188} INFO - [2025-05-02T19:58:40.400+0000] {dagbag.py:545} INFO - Filling up the DagBag from /home/airflow/.local/lib/python3.12/site-packages/airflow/example_dags/example_task_group.py
[2025-05-02T19:58:40.406+0000] {processor.py:840} INFO - DAG(s) 'example_task_group' retrieved from /home/airflow/.local/lib/python3.12/site-packages/airflow/example_dags/example_task_group.py
[2025-05-02T19:58:40.424+0000] {logging_mixin.py:188} INFO - [2025-05-02T19:58:40.424+0000] {dag.py:3096} INFO - Sync 1 DAGs
[2025-05-02T19:58:40.441+0000] {logging_mixin.py:188} INFO - [2025-05-02T19:58:40.441+0000] {dag.py:3954} INFO - Setting next_dagrun for example_task_group to 2025-05-01 00:00:00+00:00, run_after=2025-05-02 00:00:00+00:00
[2025-05-02T19:58:40.458+0000] {processor.py:183} INFO - Processing /home/airflow/.local/lib/python3.12/site-packages/airflow/example_dags/example_task_group.py took 0.064 seconds
[2025-05-02T19:59:12.552+0000] {processor.py:161} INFO - Started process (PID=1985) to work on /home/airflow/.local/lib/python3.12/site-packages/airflow/example_dags/example_task_group.py
[2025-05-02T19:59:12.553+0000] {processor.py:830} INFO - Processing file /home/airflow/.local/lib/python3.12/site-packages/airflow/example_dags/example_task_group.py for tasks to queue
[2025-05-02T19:59:12.554+0000] {logging_mixin.py:188} INFO - [2025-05-02T19:59:12.554+0000] {dagbag.py:545} INFO - Filling up the DagBag from /home/airflow/.local/lib/python3.12/site-packages/airflow/example_dags/example_task_group.py
[2025-05-02T19:59:12.560+0000] {processor.py:840} INFO - DAG(s) 'example_task_group' retrieved from /home/airflow/.local/lib/python3.12/site-packages/airflow/example_dags/example_task_group.py
[2025-05-02T19:59:12.578+0000] {logging_mixin.py:188} INFO - [2025-05-02T19:59:12.578+0000] {dag.py:3096} INFO - Sync 1 DAGs
[2025-05-02T19:59:12.597+0000] {logging_mixin.py:188} INFO - [2025-05-02T19:59:12.597+0000] {dag.py:3954} INFO - Setting next_dagrun for example_task_group to 2025-05-01 00:00:00+00:00, run_after=2025-05-02 00:00:00+00:00
[2025-05-02T19:59:12.612+0000] {processor.py:183} INFO - Processing /home/airflow/.local/lib/python3.12/site-packages/airflow/example_dags/example_task_group.py took 0.064 seconds
[2025-05-02T19:59:45.639+0000] {processor.py:161} INFO - Started process (PID=2045) to work on /home/airflow/.local/lib/python3.12/site-packages/airflow/example_dags/example_task_group.py
[2025-05-02T19:59:45.640+0000] {processor.py:830} INFO - Processing file /home/airflow/.local/lib/python3.12/site-packages/airflow/example_dags/example_task_group.py for tasks to queue
[2025-05-02T19:59:45.642+0000] {logging_mixin.py:188} INFO - [2025-05-02T19:59:45.642+0000] {dagbag.py:545} INFO - Filling up the DagBag from /home/airflow/.local/lib/python3.12/site-packages/airflow/example_dags/example_task_group.py
[2025-05-02T19:59:45.649+0000] {processor.py:840} INFO - DAG(s) 'example_task_group' retrieved from /home/airflow/.local/lib/python3.12/site-packages/airflow/example_dags/example_task_group.py
[2025-05-02T19:59:45.665+0000] {logging_mixin.py:188} INFO - [2025-05-02T19:59:45.664+0000] {dag.py:3096} INFO - Sync 1 DAGs
[2025-05-02T19:59:45.684+0000] {logging_mixin.py:188} INFO - [2025-05-02T19:59:45.683+0000] {dag.py:3954} INFO - Setting next_dagrun for example_task_group to 2025-05-01 00:00:00+00:00, run_after=2025-05-02 00:00:00+00:00
[2025-05-02T19:59:45.698+0000] {processor.py:183} INFO - Processing /home/airflow/.local/lib/python3.12/site-packages/airflow/example_dags/example_task_group.py took 0.064 seconds
[2025-05-02T20:00:18.022+0000] {processor.py:161} INFO - Started process (PID=2105) to work on /home/airflow/.local/lib/python3.12/site-packages/airflow/example_dags/example_task_group.py
[2025-05-02T20:00:18.023+0000] {processor.py:830} INFO - Processing file /home/airflow/.local/lib/python3.12/site-packages/airflow/example_dags/example_task_group.py for tasks to queue
[2025-05-02T20:00:18.025+0000] {logging_mixin.py:188} INFO - [2025-05-02T20:00:18.025+0000] {dagbag.py:545} INFO - Filling up the DagBag from /home/airflow/.local/lib/python3.12/site-packages/airflow/example_dags/example_task_group.py
[2025-05-02T20:00:18.030+0000] {processor.py:840} INFO - DAG(s) 'example_task_group' retrieved from /home/airflow/.local/lib/python3.12/site-packages/airflow/example_dags/example_task_group.py
[2025-05-02T20:00:18.046+0000] {logging_mixin.py:188} INFO - [2025-05-02T20:00:18.045+0000] {dag.py:3096} INFO - Sync 1 DAGs
[2025-05-02T20:00:18.064+0000] {logging_mixin.py:188} INFO - [2025-05-02T20:00:18.064+0000] {dag.py:3954} INFO - Setting next_dagrun for example_task_group to 2025-05-01 00:00:00+00:00, run_after=2025-05-02 00:00:00+00:00
[2025-05-02T20:00:18.173+0000] {processor.py:183} INFO - Processing /home/airflow/.local/lib/python3.12/site-packages/airflow/example_dags/example_task_group.py took 0.155 seconds
[2025-05-02T20:00:50.593+0000] {processor.py:161} INFO - Started process (PID=2165) to work on /home/airflow/.local/lib/python3.12/site-packages/airflow/example_dags/example_task_group.py
[2025-05-02T20:00:50.593+0000] {processor.py:830} INFO - Processing file /home/airflow/.local/lib/python3.12/site-packages/airflow/example_dags/example_task_group.py for tasks to queue
[2025-05-02T20:00:50.595+0000] {logging_mixin.py:188} INFO - [2025-05-02T20:00:50.595+0000] {dagbag.py:545} INFO - Filling up the DagBag from /home/airflow/.local/lib/python3.12/site-packages/airflow/example_dags/example_task_group.py
[2025-05-02T20:00:50.602+0000] {processor.py:840} INFO - DAG(s) 'example_task_group' retrieved from /home/airflow/.local/lib/python3.12/site-packages/airflow/example_dags/example_task_group.py
[2025-05-02T20:00:50.616+0000] {logging_mixin.py:188} INFO - [2025-05-02T20:00:50.616+0000] {dag.py:3096} INFO - Sync 1 DAGs
[2025-05-02T20:00:50.632+0000] {logging_mixin.py:188} INFO - [2025-05-02T20:00:50.632+0000] {dag.py:3954} INFO - Setting next_dagrun for example_task_group to 2025-05-01 00:00:00+00:00, run_after=2025-05-02 00:00:00+00:00
[2025-05-02T20:00:50.648+0000] {processor.py:183} INFO - Processing /home/airflow/.local/lib/python3.12/site-packages/airflow/example_dags/example_task_group.py took 0.060 seconds
[2025-05-02T20:01:23.653+0000] {processor.py:161} INFO - Started process (PID=2225) to work on /home/airflow/.local/lib/python3.12/site-packages/airflow/example_dags/example_task_group.py
[2025-05-02T20:01:23.654+0000] {processor.py:830} INFO - Processing file /home/airflow/.local/lib/python3.12/site-packages/airflow/example_dags/example_task_group.py for tasks to queue
[2025-05-02T20:01:23.655+0000] {logging_mixin.py:188} INFO - [2025-05-02T20:01:23.655+0000] {dagbag.py:545} INFO - Filling up the DagBag from /home/airflow/.local/lib/python3.12/site-packages/airflow/example_dags/example_task_group.py
[2025-05-02T20:01:23.661+0000] {processor.py:840} INFO - DAG(s) 'example_task_group' retrieved from /home/airflow/.local/lib/python3.12/site-packages/airflow/example_dags/example_task_group.py
[2025-05-02T20:01:23.676+0000] {logging_mixin.py:188} INFO - [2025-05-02T20:01:23.675+0000] {dag.py:3096} INFO - Sync 1 DAGs
[2025-05-02T20:01:23.693+0000] {logging_mixin.py:188} INFO - [2025-05-02T20:01:23.693+0000] {dag.py:3954} INFO - Setting next_dagrun for example_task_group to 2025-05-01 00:00:00+00:00, run_after=2025-05-02 00:00:00+00:00
[2025-05-02T20:01:23.708+0000] {processor.py:183} INFO - Processing /home/airflow/.local/lib/python3.12/site-packages/airflow/example_dags/example_task_group.py took 0.059 seconds
[2025-05-02T20:01:55.338+0000] {processor.py:161} INFO - Started process (PID=2285) to work on /home/airflow/.local/lib/python3.12/site-packages/airflow/example_dags/example_task_group.py
[2025-05-02T20:01:55.339+0000] {processor.py:830} INFO - Processing file /home/airflow/.local/lib/python3.12/site-packages/airflow/example_dags/example_task_group.py for tasks to queue
[2025-05-02T20:01:55.340+0000] {logging_mixin.py:188} INFO - [2025-05-02T20:01:55.340+0000] {dagbag.py:545} INFO - Filling up the DagBag from /home/airflow/.local/lib/python3.12/site-packages/airflow/example_dags/example_task_group.py
[2025-05-02T20:01:55.346+0000] {processor.py:840} INFO - DAG(s) 'example_task_group' retrieved from /home/airflow/.local/lib/python3.12/site-packages/airflow/example_dags/example_task_group.py
[2025-05-02T20:01:55.361+0000] {logging_mixin.py:188} INFO - [2025-05-02T20:01:55.361+0000] {dag.py:3096} INFO - Sync 1 DAGs
[2025-05-02T20:01:55.476+0000] {logging_mixin.py:188} INFO - [2025-05-02T20:01:55.476+0000] {dag.py:3954} INFO - Setting next_dagrun for example_task_group to 2025-05-01 00:00:00+00:00, run_after=2025-05-02 00:00:00+00:00
[2025-05-02T20:01:55.490+0000] {processor.py:183} INFO - Processing /home/airflow/.local/lib/python3.12/site-packages/airflow/example_dags/example_task_group.py took 0.157 seconds
[2025-05-02T20:02:27.264+0000] {processor.py:161} INFO - Started process (PID=2345) to work on /home/airflow/.local/lib/python3.12/site-packages/airflow/example_dags/example_task_group.py
[2025-05-02T20:02:27.264+0000] {processor.py:830} INFO - Processing file /home/airflow/.local/lib/python3.12/site-packages/airflow/example_dags/example_task_group.py for tasks to queue
[2025-05-02T20:02:27.266+0000] {logging_mixin.py:188} INFO - [2025-05-02T20:02:27.266+0000] {dagbag.py:545} INFO - Filling up the DagBag from /home/airflow/.local/lib/python3.12/site-packages/airflow/example_dags/example_task_group.py
[2025-05-02T20:02:27.272+0000] {processor.py:840} INFO - DAG(s) 'example_task_group' retrieved from /home/airflow/.local/lib/python3.12/site-packages/airflow/example_dags/example_task_group.py
[2025-05-02T20:02:27.290+0000] {logging_mixin.py:188} INFO - [2025-05-02T20:02:27.290+0000] {dag.py:3096} INFO - Sync 1 DAGs
[2025-05-02T20:02:27.309+0000] {logging_mixin.py:188} INFO - [2025-05-02T20:02:27.309+0000] {dag.py:3954} INFO - Setting next_dagrun for example_task_group to 2025-05-01 00:00:00+00:00, run_after=2025-05-02 00:00:00+00:00
[2025-05-02T20:02:27.328+0000] {processor.py:183} INFO - Processing /home/airflow/.local/lib/python3.12/site-packages/airflow/example_dags/example_task_group.py took 0.069 seconds
[2025-05-02T20:03:00.465+0000] {processor.py:161} INFO - Started process (PID=2406) to work on /home/airflow/.local/lib/python3.12/site-packages/airflow/example_dags/example_task_group.py
[2025-05-02T20:03:00.466+0000] {processor.py:830} INFO - Processing file /home/airflow/.local/lib/python3.12/site-packages/airflow/example_dags/example_task_group.py for tasks to queue
[2025-05-02T20:03:00.467+0000] {logging_mixin.py:188} INFO - [2025-05-02T20:03:00.467+0000] {dagbag.py:545} INFO - Filling up the DagBag from /home/airflow/.local/lib/python3.12/site-packages/airflow/example_dags/example_task_group.py
[2025-05-02T20:03:00.473+0000] {processor.py:840} INFO - DAG(s) 'example_task_group' retrieved from /home/airflow/.local/lib/python3.12/site-packages/airflow/example_dags/example_task_group.py
[2025-05-02T20:03:00.489+0000] {logging_mixin.py:188} INFO - [2025-05-02T20:03:00.489+0000] {dag.py:3096} INFO - Sync 1 DAGs
[2025-05-02T20:03:00.505+0000] {logging_mixin.py:188} INFO - [2025-05-02T20:03:00.505+0000] {dag.py:3954} INFO - Setting next_dagrun for example_task_group to 2025-05-01 00:00:00+00:00, run_after=2025-05-02 00:00:00+00:00
[2025-05-02T20:03:00.520+0000] {processor.py:183} INFO - Processing /home/airflow/.local/lib/python3.12/site-packages/airflow/example_dags/example_task_group.py took 0.060 seconds
[2025-05-02T20:03:34.680+0000] {processor.py:161} INFO - Started process (PID=2466) to work on /home/airflow/.local/lib/python3.12/site-packages/airflow/example_dags/example_task_group.py
[2025-05-02T20:03:34.681+0000] {processor.py:830} INFO - Processing file /home/airflow/.local/lib/python3.12/site-packages/airflow/example_dags/example_task_group.py for tasks to queue
[2025-05-02T20:03:34.682+0000] {logging_mixin.py:188} INFO - [2025-05-02T20:03:34.682+0000] {dagbag.py:545} INFO - Filling up the DagBag from /home/airflow/.local/lib/python3.12/site-packages/airflow/example_dags/example_task_group.py
[2025-05-02T20:03:34.691+0000] {processor.py:840} INFO - DAG(s) 'example_task_group' retrieved from /home/airflow/.local/lib/python3.12/site-packages/airflow/example_dags/example_task_group.py
[2025-05-02T20:03:34.834+0000] {logging_mixin.py:188} INFO - [2025-05-02T20:03:34.833+0000] {dag.py:3096} INFO - Sync 1 DAGs
[2025-05-02T20:03:34.849+0000] {logging_mixin.py:188} INFO - [2025-05-02T20:03:34.849+0000] {dag.py:3954} INFO - Setting next_dagrun for example_task_group to 2025-05-01 00:00:00+00:00, run_after=2025-05-02 00:00:00+00:00
[2025-05-02T20:03:34.865+0000] {processor.py:183} INFO - Processing /home/airflow/.local/lib/python3.12/site-packages/airflow/example_dags/example_task_group.py took 0.190 seconds
[2025-05-02T20:04:05.815+0000] {processor.py:161} INFO - Started process (PID=2526) to work on /home/airflow/.local/lib/python3.12/site-packages/airflow/example_dags/example_task_group.py
[2025-05-02T20:04:05.815+0000] {processor.py:830} INFO - Processing file /home/airflow/.local/lib/python3.12/site-packages/airflow/example_dags/example_task_group.py for tasks to queue
[2025-05-02T20:04:05.817+0000] {logging_mixin.py:188} INFO - [2025-05-02T20:04:05.817+0000] {dagbag.py:545} INFO - Filling up the DagBag from /home/airflow/.local/lib/python3.12/site-packages/airflow/example_dags/example_task_group.py
[2025-05-02T20:04:05.823+0000] {processor.py:840} INFO - DAG(s) 'example_task_group' retrieved from /home/airflow/.local/lib/python3.12/site-packages/airflow/example_dags/example_task_group.py
[2025-05-02T20:04:05.840+0000] {logging_mixin.py:188} INFO - [2025-05-02T20:04:05.839+0000] {dag.py:3096} INFO - Sync 1 DAGs
[2025-05-02T20:04:05.857+0000] {logging_mixin.py:188} INFO - [2025-05-02T20:04:05.856+0000] {dag.py:3954} INFO - Setting next_dagrun for example_task_group to 2025-05-01 00:00:00+00:00, run_after=2025-05-02 00:00:00+00:00
[2025-05-02T20:04:05.872+0000] {processor.py:183} INFO - Processing /home/airflow/.local/lib/python3.12/site-packages/airflow/example_dags/example_task_group.py took 0.061 seconds
[2025-05-02T20:04:38.182+0000] {processor.py:161} INFO - Started process (PID=2586) to work on /home/airflow/.local/lib/python3.12/site-packages/airflow/example_dags/example_task_group.py
[2025-05-02T20:04:38.183+0000] {processor.py:830} INFO - Processing file /home/airflow/.local/lib/python3.12/site-packages/airflow/example_dags/example_task_group.py for tasks to queue
[2025-05-02T20:04:38.184+0000] {logging_mixin.py:188} INFO - [2025-05-02T20:04:38.184+0000] {dagbag.py:545} INFO - Filling up the DagBag from /home/airflow/.local/lib/python3.12/site-packages/airflow/example_dags/example_task_group.py
[2025-05-02T20:04:38.192+0000] {processor.py:840} INFO - DAG(s) 'example_task_group' retrieved from /home/airflow/.local/lib/python3.12/site-packages/airflow/example_dags/example_task_group.py
[2025-05-02T20:04:38.211+0000] {logging_mixin.py:188} INFO - [2025-05-02T20:04:38.210+0000] {dag.py:3096} INFO - Sync 1 DAGs
[2025-05-02T20:04:38.230+0000] {logging_mixin.py:188} INFO - [2025-05-02T20:04:38.230+0000] {dag.py:3954} INFO - Setting next_dagrun for example_task_group to 2025-05-01 00:00:00+00:00, run_after=2025-05-02 00:00:00+00:00
[2025-05-02T20:04:38.247+0000] {processor.py:183} INFO - Processing /home/airflow/.local/lib/python3.12/site-packages/airflow/example_dags/example_task_group.py took 0.071 seconds
[2025-05-02T20:05:10.433+0000] {processor.py:161} INFO - Started process (PID=2646) to work on /home/airflow/.local/lib/python3.12/site-packages/airflow/example_dags/example_task_group.py
[2025-05-02T20:05:10.434+0000] {processor.py:830} INFO - Processing file /home/airflow/.local/lib/python3.12/site-packages/airflow/example_dags/example_task_group.py for tasks to queue
[2025-05-02T20:05:10.435+0000] {logging_mixin.py:188} INFO - [2025-05-02T20:05:10.435+0000] {dagbag.py:545} INFO - Filling up the DagBag from /home/airflow/.local/lib/python3.12/site-packages/airflow/example_dags/example_task_group.py
[2025-05-02T20:05:10.441+0000] {processor.py:840} INFO - DAG(s) 'example_task_group' retrieved from /home/airflow/.local/lib/python3.12/site-packages/airflow/example_dags/example_task_group.py
[2025-05-02T20:05:10.455+0000] {logging_mixin.py:188} INFO - [2025-05-02T20:05:10.455+0000] {dag.py:3096} INFO - Sync 1 DAGs
[2025-05-02T20:05:10.473+0000] {logging_mixin.py:188} INFO - [2025-05-02T20:05:10.473+0000] {dag.py:3954} INFO - Setting next_dagrun for example_task_group to 2025-05-01 00:00:00+00:00, run_after=2025-05-02 00:00:00+00:00
[2025-05-02T20:05:10.491+0000] {processor.py:183} INFO - Processing /home/airflow/.local/lib/python3.12/site-packages/airflow/example_dags/example_task_group.py took 0.062 seconds
[2025-05-02T20:05:42.757+0000] {processor.py:161} INFO - Started process (PID=2706) to work on /home/airflow/.local/lib/python3.12/site-packages/airflow/example_dags/example_task_group.py
[2025-05-02T20:05:42.758+0000] {processor.py:830} INFO - Processing file /home/airflow/.local/lib/python3.12/site-packages/airflow/example_dags/example_task_group.py for tasks to queue
[2025-05-02T20:05:42.760+0000] {logging_mixin.py:188} INFO - [2025-05-02T20:05:42.760+0000] {dagbag.py:545} INFO - Filling up the DagBag from /home/airflow/.local/lib/python3.12/site-packages/airflow/example_dags/example_task_group.py
[2025-05-02T20:05:42.765+0000] {processor.py:840} INFO - DAG(s) 'example_task_group' retrieved from /home/airflow/.local/lib/python3.12/site-packages/airflow/example_dags/example_task_group.py
[2025-05-02T20:05:42.783+0000] {logging_mixin.py:188} INFO - [2025-05-02T20:05:42.783+0000] {dag.py:3096} INFO - Sync 1 DAGs
[2025-05-02T20:05:42.800+0000] {logging_mixin.py:188} INFO - [2025-05-02T20:05:42.800+0000] {dag.py:3954} INFO - Setting next_dagrun for example_task_group to 2025-05-01 00:00:00+00:00, run_after=2025-05-02 00:00:00+00:00
[2025-05-02T20:05:42.812+0000] {processor.py:183} INFO - Processing /home/airflow/.local/lib/python3.12/site-packages/airflow/example_dags/example_task_group.py took 0.059 seconds
[2025-05-02T20:06:15.792+0000] {processor.py:161} INFO - Started process (PID=2766) to work on /home/airflow/.local/lib/python3.12/site-packages/airflow/example_dags/example_task_group.py
[2025-05-02T20:06:15.793+0000] {processor.py:830} INFO - Processing file /home/airflow/.local/lib/python3.12/site-packages/airflow/example_dags/example_task_group.py for tasks to queue
[2025-05-02T20:06:15.794+0000] {logging_mixin.py:188} INFO - [2025-05-02T20:06:15.794+0000] {dagbag.py:545} INFO - Filling up the DagBag from /home/airflow/.local/lib/python3.12/site-packages/airflow/example_dags/example_task_group.py
[2025-05-02T20:06:15.799+0000] {processor.py:840} INFO - DAG(s) 'example_task_group' retrieved from /home/airflow/.local/lib/python3.12/site-packages/airflow/example_dags/example_task_group.py
[2025-05-02T20:06:15.813+0000] {logging_mixin.py:188} INFO - [2025-05-02T20:06:15.813+0000] {dag.py:3096} INFO - Sync 1 DAGs
[2025-05-02T20:06:15.830+0000] {logging_mixin.py:188} INFO - [2025-05-02T20:06:15.830+0000] {dag.py:3954} INFO - Setting next_dagrun for example_task_group to 2025-05-01 00:00:00+00:00, run_after=2025-05-02 00:00:00+00:00
[2025-05-02T20:06:15.845+0000] {processor.py:183} INFO - Processing /home/airflow/.local/lib/python3.12/site-packages/airflow/example_dags/example_task_group.py took 0.057 seconds
[2025-05-02T20:06:47.802+0000] {processor.py:161} INFO - Started process (PID=2826) to work on /home/airflow/.local/lib/python3.12/site-packages/airflow/example_dags/example_task_group.py
[2025-05-02T20:06:47.802+0000] {processor.py:830} INFO - Processing file /home/airflow/.local/lib/python3.12/site-packages/airflow/example_dags/example_task_group.py for tasks to queue
[2025-05-02T20:06:47.804+0000] {logging_mixin.py:188} INFO - [2025-05-02T20:06:47.804+0000] {dagbag.py:545} INFO - Filling up the DagBag from /home/airflow/.local/lib/python3.12/site-packages/airflow/example_dags/example_task_group.py
[2025-05-02T20:06:47.809+0000] {processor.py:840} INFO - DAG(s) 'example_task_group' retrieved from /home/airflow/.local/lib/python3.12/site-packages/airflow/example_dags/example_task_group.py
[2025-05-02T20:06:47.824+0000] {logging_mixin.py:188} INFO - [2025-05-02T20:06:47.824+0000] {dag.py:3096} INFO - Sync 1 DAGs
[2025-05-02T20:06:47.842+0000] {logging_mixin.py:188} INFO - [2025-05-02T20:06:47.842+0000] {dag.py:3954} INFO - Setting next_dagrun for example_task_group to 2025-05-01 00:00:00+00:00, run_after=2025-05-02 00:00:00+00:00
[2025-05-02T20:06:47.856+0000] {processor.py:183} INFO - Processing /home/airflow/.local/lib/python3.12/site-packages/airflow/example_dags/example_task_group.py took 0.058 seconds
[2025-05-02T20:07:21.183+0000] {processor.py:161} INFO - Started process (PID=2886) to work on /home/airflow/.local/lib/python3.12/site-packages/airflow/example_dags/example_task_group.py
[2025-05-02T20:07:21.184+0000] {processor.py:830} INFO - Processing file /home/airflow/.local/lib/python3.12/site-packages/airflow/example_dags/example_task_group.py for tasks to queue
[2025-05-02T20:07:21.186+0000] {logging_mixin.py:188} INFO - [2025-05-02T20:07:21.186+0000] {dagbag.py:545} INFO - Filling up the DagBag from /home/airflow/.local/lib/python3.12/site-packages/airflow/example_dags/example_task_group.py
[2025-05-02T20:07:21.192+0000] {processor.py:840} INFO - DAG(s) 'example_task_group' retrieved from /home/airflow/.local/lib/python3.12/site-packages/airflow/example_dags/example_task_group.py
[2025-05-02T20:07:21.215+0000] {logging_mixin.py:188} INFO - [2025-05-02T20:07:21.215+0000] {dag.py:3096} INFO - Sync 1 DAGs
[2025-05-02T20:07:21.232+0000] {logging_mixin.py:188} INFO - [2025-05-02T20:07:21.232+0000] {dag.py:3954} INFO - Setting next_dagrun for example_task_group to 2025-05-01 00:00:00+00:00, run_after=2025-05-02 00:00:00+00:00
[2025-05-02T20:07:21.248+0000] {processor.py:183} INFO - Processing /home/airflow/.local/lib/python3.12/site-packages/airflow/example_dags/example_task_group.py took 0.069 seconds
[2025-05-02T20:07:53.519+0000] {processor.py:161} INFO - Started process (PID=2947) to work on /home/airflow/.local/lib/python3.12/site-packages/airflow/example_dags/example_task_group.py
[2025-05-02T20:07:53.520+0000] {processor.py:830} INFO - Processing file /home/airflow/.local/lib/python3.12/site-packages/airflow/example_dags/example_task_group.py for tasks to queue
[2025-05-02T20:07:53.522+0000] {logging_mixin.py:188} INFO - [2025-05-02T20:07:53.521+0000] {dagbag.py:545} INFO - Filling up the DagBag from /home/airflow/.local/lib/python3.12/site-packages/airflow/example_dags/example_task_group.py
[2025-05-02T20:07:53.527+0000] {processor.py:840} INFO - DAG(s) 'example_task_group' retrieved from /home/airflow/.local/lib/python3.12/site-packages/airflow/example_dags/example_task_group.py
[2025-05-02T20:07:53.544+0000] {logging_mixin.py:188} INFO - [2025-05-02T20:07:53.544+0000] {dag.py:3096} INFO - Sync 1 DAGs
[2025-05-02T20:07:53.560+0000] {logging_mixin.py:188} INFO - [2025-05-02T20:07:53.560+0000] {dag.py:3954} INFO - Setting next_dagrun for example_task_group to 2025-05-01 00:00:00+00:00, run_after=2025-05-02 00:00:00+00:00
[2025-05-02T20:07:53.576+0000] {processor.py:183} INFO - Processing /home/airflow/.local/lib/python3.12/site-packages/airflow/example_dags/example_task_group.py took 0.061 seconds
[2025-05-02T20:08:25.679+0000] {processor.py:161} INFO - Started process (PID=3007) to work on /home/airflow/.local/lib/python3.12/site-packages/airflow/example_dags/example_task_group.py
[2025-05-02T20:08:25.681+0000] {processor.py:830} INFO - Processing file /home/airflow/.local/lib/python3.12/site-packages/airflow/example_dags/example_task_group.py for tasks to queue
[2025-05-02T20:08:25.682+0000] {logging_mixin.py:188} INFO - [2025-05-02T20:08:25.682+0000] {dagbag.py:545} INFO - Filling up the DagBag from /home/airflow/.local/lib/python3.12/site-packages/airflow/example_dags/example_task_group.py
[2025-05-02T20:08:25.687+0000] {processor.py:840} INFO - DAG(s) 'example_task_group' retrieved from /home/airflow/.local/lib/python3.12/site-packages/airflow/example_dags/example_task_group.py
[2025-05-02T20:08:25.703+0000] {logging_mixin.py:188} INFO - [2025-05-02T20:08:25.702+0000] {dag.py:3096} INFO - Sync 1 DAGs
[2025-05-02T20:08:25.721+0000] {logging_mixin.py:188} INFO - [2025-05-02T20:08:25.720+0000] {dag.py:3954} INFO - Setting next_dagrun for example_task_group to 2025-05-01 00:00:00+00:00, run_after=2025-05-02 00:00:00+00:00
[2025-05-02T20:08:25.733+0000] {processor.py:183} INFO - Processing /home/airflow/.local/lib/python3.12/site-packages/airflow/example_dags/example_task_group.py took 0.059 seconds
[2025-05-02T20:08:59.131+0000] {processor.py:161} INFO - Started process (PID=3067) to work on /home/airflow/.local/lib/python3.12/site-packages/airflow/example_dags/example_task_group.py
[2025-05-02T20:08:59.131+0000] {processor.py:830} INFO - Processing file /home/airflow/.local/lib/python3.12/site-packages/airflow/example_dags/example_task_group.py for tasks to queue
[2025-05-02T20:08:59.133+0000] {logging_mixin.py:188} INFO - [2025-05-02T20:08:59.133+0000] {dagbag.py:545} INFO - Filling up the DagBag from /home/airflow/.local/lib/python3.12/site-packages/airflow/example_dags/example_task_group.py
[2025-05-02T20:08:59.139+0000] {processor.py:840} INFO - DAG(s) 'example_task_group' retrieved from /home/airflow/.local/lib/python3.12/site-packages/airflow/example_dags/example_task_group.py
[2025-05-02T20:08:59.154+0000] {logging_mixin.py:188} INFO - [2025-05-02T20:08:59.154+0000] {dag.py:3096} INFO - Sync 1 DAGs
[2025-05-02T20:08:59.170+0000] {logging_mixin.py:188} INFO - [2025-05-02T20:08:59.170+0000] {dag.py:3954} INFO - Setting next_dagrun for example_task_group to 2025-05-01 00:00:00+00:00, run_after=2025-05-02 00:00:00+00:00
[2025-05-02T20:08:59.184+0000] {processor.py:183} INFO - Processing /home/airflow/.local/lib/python3.12/site-packages/airflow/example_dags/example_task_group.py took 0.058 seconds
[2025-05-02T20:09:31.789+0000] {processor.py:161} INFO - Started process (PID=3127) to work on /home/airflow/.local/lib/python3.12/site-packages/airflow/example_dags/example_task_group.py
[2025-05-02T20:09:31.790+0000] {processor.py:830} INFO - Processing file /home/airflow/.local/lib/python3.12/site-packages/airflow/example_dags/example_task_group.py for tasks to queue
[2025-05-02T20:09:31.791+0000] {logging_mixin.py:188} INFO - [2025-05-02T20:09:31.791+0000] {dagbag.py:545} INFO - Filling up the DagBag from /home/airflow/.local/lib/python3.12/site-packages/airflow/example_dags/example_task_group.py
[2025-05-02T20:09:31.797+0000] {processor.py:840} INFO - DAG(s) 'example_task_group' retrieved from /home/airflow/.local/lib/python3.12/site-packages/airflow/example_dags/example_task_group.py
[2025-05-02T20:09:31.816+0000] {logging_mixin.py:188} INFO - [2025-05-02T20:09:31.816+0000] {dag.py:3096} INFO - Sync 1 DAGs
[2025-05-02T20:09:31.834+0000] {logging_mixin.py:188} INFO - [2025-05-02T20:09:31.834+0000] {dag.py:3954} INFO - Setting next_dagrun for example_task_group to 2025-05-01 00:00:00+00:00, run_after=2025-05-02 00:00:00+00:00
[2025-05-02T20:09:31.850+0000] {processor.py:183} INFO - Processing /home/airflow/.local/lib/python3.12/site-packages/airflow/example_dags/example_task_group.py took 0.066 seconds
[2025-05-02T20:10:03.938+0000] {processor.py:161} INFO - Started process (PID=3187) to work on /home/airflow/.local/lib/python3.12/site-packages/airflow/example_dags/example_task_group.py
[2025-05-02T20:10:03.939+0000] {processor.py:830} INFO - Processing file /home/airflow/.local/lib/python3.12/site-packages/airflow/example_dags/example_task_group.py for tasks to queue
[2025-05-02T20:10:03.940+0000] {logging_mixin.py:188} INFO - [2025-05-02T20:10:03.940+0000] {dagbag.py:545} INFO - Filling up the DagBag from /home/airflow/.local/lib/python3.12/site-packages/airflow/example_dags/example_task_group.py
[2025-05-02T20:10:03.945+0000] {processor.py:840} INFO - DAG(s) 'example_task_group' retrieved from /home/airflow/.local/lib/python3.12/site-packages/airflow/example_dags/example_task_group.py
[2025-05-02T20:10:03.960+0000] {logging_mixin.py:188} INFO - [2025-05-02T20:10:03.960+0000] {dag.py:3096} INFO - Sync 1 DAGs
[2025-05-02T20:10:03.974+0000] {logging_mixin.py:188} INFO - [2025-05-02T20:10:03.974+0000] {dag.py:3954} INFO - Setting next_dagrun for example_task_group to 2025-05-01 00:00:00+00:00, run_after=2025-05-02 00:00:00+00:00
[2025-05-02T20:10:03.986+0000] {processor.py:183} INFO - Processing /home/airflow/.local/lib/python3.12/site-packages/airflow/example_dags/example_task_group.py took 0.051 seconds
[2025-05-02T20:10:35.872+0000] {processor.py:161} INFO - Started process (PID=3247) to work on /home/airflow/.local/lib/python3.12/site-packages/airflow/example_dags/example_task_group.py
[2025-05-02T20:10:35.872+0000] {processor.py:830} INFO - Processing file /home/airflow/.local/lib/python3.12/site-packages/airflow/example_dags/example_task_group.py for tasks to queue
[2025-05-02T20:10:35.874+0000] {logging_mixin.py:188} INFO - [2025-05-02T20:10:35.873+0000] {dagbag.py:545} INFO - Filling up the DagBag from /home/airflow/.local/lib/python3.12/site-packages/airflow/example_dags/example_task_group.py
[2025-05-02T20:10:35.879+0000] {processor.py:840} INFO - DAG(s) 'example_task_group' retrieved from /home/airflow/.local/lib/python3.12/site-packages/airflow/example_dags/example_task_group.py
[2025-05-02T20:10:35.893+0000] {logging_mixin.py:188} INFO - [2025-05-02T20:10:35.893+0000] {dag.py:3096} INFO - Sync 1 DAGs
[2025-05-02T20:10:35.909+0000] {logging_mixin.py:188} INFO - [2025-05-02T20:10:35.909+0000] {dag.py:3954} INFO - Setting next_dagrun for example_task_group to 2025-05-01 00:00:00+00:00, run_after=2025-05-02 00:00:00+00:00
[2025-05-02T20:10:35.924+0000] {processor.py:183} INFO - Processing /home/airflow/.local/lib/python3.12/site-packages/airflow/example_dags/example_task_group.py took 0.056 seconds
[2025-05-02T20:11:09.105+0000] {processor.py:161} INFO - Started process (PID=3307) to work on /home/airflow/.local/lib/python3.12/site-packages/airflow/example_dags/example_task_group.py
[2025-05-02T20:11:09.105+0000] {processor.py:830} INFO - Processing file /home/airflow/.local/lib/python3.12/site-packages/airflow/example_dags/example_task_group.py for tasks to queue
[2025-05-02T20:11:09.107+0000] {logging_mixin.py:188} INFO - [2025-05-02T20:11:09.107+0000] {dagbag.py:545} INFO - Filling up the DagBag from /home/airflow/.local/lib/python3.12/site-packages/airflow/example_dags/example_task_group.py
[2025-05-02T20:11:09.113+0000] {processor.py:840} INFO - DAG(s) 'example_task_group' retrieved from /home/airflow/.local/lib/python3.12/site-packages/airflow/example_dags/example_task_group.py
[2025-05-02T20:11:09.129+0000] {logging_mixin.py:188} INFO - [2025-05-02T20:11:09.129+0000] {dag.py:3096} INFO - Sync 1 DAGs
[2025-05-02T20:11:09.144+0000] {logging_mixin.py:188} INFO - [2025-05-02T20:11:09.144+0000] {dag.py:3954} INFO - Setting next_dagrun for example_task_group to 2025-05-01 00:00:00+00:00, run_after=2025-05-02 00:00:00+00:00
[2025-05-02T20:11:09.155+0000] {processor.py:183} INFO - Processing /home/airflow/.local/lib/python3.12/site-packages/airflow/example_dags/example_task_group.py took 0.055 seconds
[2025-05-02T20:11:41.182+0000] {processor.py:161} INFO - Started process (PID=3367) to work on /home/airflow/.local/lib/python3.12/site-packages/airflow/example_dags/example_task_group.py
[2025-05-02T20:11:41.183+0000] {processor.py:830} INFO - Processing file /home/airflow/.local/lib/python3.12/site-packages/airflow/example_dags/example_task_group.py for tasks to queue
[2025-05-02T20:11:41.185+0000] {logging_mixin.py:188} INFO - [2025-05-02T20:11:41.185+0000] {dagbag.py:545} INFO - Filling up the DagBag from /home/airflow/.local/lib/python3.12/site-packages/airflow/example_dags/example_task_group.py
[2025-05-02T20:11:41.191+0000] {processor.py:840} INFO - DAG(s) 'example_task_group' retrieved from /home/airflow/.local/lib/python3.12/site-packages/airflow/example_dags/example_task_group.py
[2025-05-02T20:11:41.208+0000] {logging_mixin.py:188} INFO - [2025-05-02T20:11:41.208+0000] {dag.py:3096} INFO - Sync 1 DAGs
[2025-05-02T20:11:41.224+0000] {logging_mixin.py:188} INFO - [2025-05-02T20:11:41.223+0000] {dag.py:3954} INFO - Setting next_dagrun for example_task_group to 2025-05-01 00:00:00+00:00, run_after=2025-05-02 00:00:00+00:00
[2025-05-02T20:11:41.239+0000] {processor.py:183} INFO - Processing /home/airflow/.local/lib/python3.12/site-packages/airflow/example_dags/example_task_group.py took 0.063 seconds
[2025-05-02T20:12:14.381+0000] {processor.py:161} INFO - Started process (PID=3427) to work on /home/airflow/.local/lib/python3.12/site-packages/airflow/example_dags/example_task_group.py
[2025-05-02T20:12:14.382+0000] {processor.py:830} INFO - Processing file /home/airflow/.local/lib/python3.12/site-packages/airflow/example_dags/example_task_group.py for tasks to queue
[2025-05-02T20:12:14.383+0000] {logging_mixin.py:188} INFO - [2025-05-02T20:12:14.383+0000] {dagbag.py:545} INFO - Filling up the DagBag from /home/airflow/.local/lib/python3.12/site-packages/airflow/example_dags/example_task_group.py
[2025-05-02T20:12:14.388+0000] {processor.py:840} INFO - DAG(s) 'example_task_group' retrieved from /home/airflow/.local/lib/python3.12/site-packages/airflow/example_dags/example_task_group.py
[2025-05-02T20:12:14.403+0000] {logging_mixin.py:188} INFO - [2025-05-02T20:12:14.403+0000] {dag.py:3096} INFO - Sync 1 DAGs
[2025-05-02T20:12:14.418+0000] {logging_mixin.py:188} INFO - [2025-05-02T20:12:14.418+0000] {dag.py:3954} INFO - Setting next_dagrun for example_task_group to 2025-05-01 00:00:00+00:00, run_after=2025-05-02 00:00:00+00:00
[2025-05-02T20:12:14.431+0000] {processor.py:183} INFO - Processing /home/airflow/.local/lib/python3.12/site-packages/airflow/example_dags/example_task_group.py took 0.054 seconds
[2025-05-02T20:12:46.507+0000] {processor.py:161} INFO - Started process (PID=3487) to work on /home/airflow/.local/lib/python3.12/site-packages/airflow/example_dags/example_task_group.py
[2025-05-02T20:12:46.508+0000] {processor.py:830} INFO - Processing file /home/airflow/.local/lib/python3.12/site-packages/airflow/example_dags/example_task_group.py for tasks to queue
[2025-05-02T20:12:46.510+0000] {logging_mixin.py:188} INFO - [2025-05-02T20:12:46.510+0000] {dagbag.py:545} INFO - Filling up the DagBag from /home/airflow/.local/lib/python3.12/site-packages/airflow/example_dags/example_task_group.py
[2025-05-02T20:12:46.515+0000] {processor.py:840} INFO - DAG(s) 'example_task_group' retrieved from /home/airflow/.local/lib/python3.12/site-packages/airflow/example_dags/example_task_group.py
[2025-05-02T20:12:46.530+0000] {logging_mixin.py:188} INFO - [2025-05-02T20:12:46.530+0000] {dag.py:3096} INFO - Sync 1 DAGs
[2025-05-02T20:12:46.545+0000] {logging_mixin.py:188} INFO - [2025-05-02T20:12:46.545+0000] {dag.py:3954} INFO - Setting next_dagrun for example_task_group to 2025-05-01 00:00:00+00:00, run_after=2025-05-02 00:00:00+00:00
[2025-05-02T20:12:46.558+0000] {processor.py:183} INFO - Processing /home/airflow/.local/lib/python3.12/site-packages/airflow/example_dags/example_task_group.py took 0.056 seconds
