[2025-05-02T19:42:21.264+0000] {processor.py:161} INFO - Started process (PID=62) to work on /home/airflow/.local/lib/python3.12/site-packages/airflow/example_dags/example_branch_operator.py
[2025-05-02T19:42:21.265+0000] {processor.py:830} INFO - Processing file /home/airflow/.local/lib/python3.12/site-packages/airflow/example_dags/example_branch_operator.py for tasks to queue
[2025-05-02T19:42:21.267+0000] {logging_mixin.py:188} INFO - [2025-05-02T19:42:21.267+0000] {dagbag.py:545} INFO - Filling up the DagBag from /home/airflow/.local/lib/python3.12/site-packages/airflow/example_dags/example_branch_operator.py
[2025-05-02T19:42:21.284+0000] {processor.py:840} INFO - DAG(s) 'example_branch_operator' retrieved from /home/airflow/.local/lib/python3.12/site-packages/airflow/example_dags/example_branch_operator.py
[2025-05-02T19:42:21.441+0000] {logging_mixin.py:188} INFO - [2025-05-02T19:42:21.440+0000] {override.py:1829} INFO - Created Permission View: can edit on DAG:example_branch_operator
[2025-05-02T19:42:21.465+0000] {logging_mixin.py:188} INFO - [2025-05-02T19:42:21.464+0000] {override.py:1829} INFO - Created Permission View: can read on DAG:example_branch_operator
[2025-05-02T19:42:21.477+0000] {logging_mixin.py:188} INFO - [2025-05-02T19:42:21.475+0000] {override.py:1829} INFO - Created Permission View: can delete on DAG:example_branch_operator
[2025-05-02T19:42:21.479+0000] {logging_mixin.py:188} INFO - [2025-05-02T19:42:21.479+0000] {dag.py:3096} INFO - Sync 1 DAGs
[2025-05-02T19:42:21.500+0000] {logging_mixin.py:188} INFO - [2025-05-02T19:42:21.499+0000] {dag.py:3118} INFO - Creating ORM DAG for example_branch_operator
[2025-05-02T19:42:21.513+0000] {logging_mixin.py:188} INFO - [2025-05-02T19:42:21.512+0000] {dag.py:3954} INFO - Setting next_dagrun for example_branch_operator to 2025-05-01 00:00:00+00:00, run_after=2025-05-02 00:00:00+00:00
[2025-05-02T19:42:21.533+0000] {processor.py:183} INFO - Processing /home/airflow/.local/lib/python3.12/site-packages/airflow/example_dags/example_branch_operator.py took 0.276 seconds
[2025-05-02T19:42:52.206+0000] {processor.py:161} INFO - Started process (PID=122) to work on /home/airflow/.local/lib/python3.12/site-packages/airflow/example_dags/example_branch_operator.py
[2025-05-02T19:42:52.207+0000] {processor.py:830} INFO - Processing file /home/airflow/.local/lib/python3.12/site-packages/airflow/example_dags/example_branch_operator.py for tasks to queue
[2025-05-02T19:42:52.209+0000] {logging_mixin.py:188} INFO - [2025-05-02T19:42:52.208+0000] {dagbag.py:545} INFO - Filling up the DagBag from /home/airflow/.local/lib/python3.12/site-packages/airflow/example_dags/example_branch_operator.py
[2025-05-02T19:42:52.223+0000] {processor.py:840} INFO - DAG(s) 'example_branch_operator' retrieved from /home/airflow/.local/lib/python3.12/site-packages/airflow/example_dags/example_branch_operator.py
[2025-05-02T19:42:52.246+0000] {logging_mixin.py:188} INFO - [2025-05-02T19:42:52.246+0000] {dag.py:3096} INFO - Sync 1 DAGs
[2025-05-02T19:42:52.266+0000] {logging_mixin.py:188} INFO - [2025-05-02T19:42:52.266+0000] {dag.py:3954} INFO - Setting next_dagrun for example_branch_operator to 2025-05-01 00:00:00+00:00, run_after=2025-05-02 00:00:00+00:00
[2025-05-02T19:42:52.284+0000] {processor.py:183} INFO - Processing /home/airflow/.local/lib/python3.12/site-packages/airflow/example_dags/example_branch_operator.py took 0.082 seconds
[2025-05-02T19:43:22.337+0000] {processor.py:161} INFO - Started process (PID=182) to work on /home/airflow/.local/lib/python3.12/site-packages/airflow/example_dags/example_branch_operator.py
[2025-05-02T19:43:22.338+0000] {processor.py:830} INFO - Processing file /home/airflow/.local/lib/python3.12/site-packages/airflow/example_dags/example_branch_operator.py for tasks to queue
[2025-05-02T19:43:22.341+0000] {logging_mixin.py:188} INFO - [2025-05-02T19:43:22.340+0000] {dagbag.py:545} INFO - Filling up the DagBag from /home/airflow/.local/lib/python3.12/site-packages/airflow/example_dags/example_branch_operator.py
[2025-05-02T19:43:22.357+0000] {processor.py:840} INFO - DAG(s) 'example_branch_operator' retrieved from /home/airflow/.local/lib/python3.12/site-packages/airflow/example_dags/example_branch_operator.py
[2025-05-02T19:43:22.391+0000] {logging_mixin.py:188} INFO - [2025-05-02T19:43:22.390+0000] {dag.py:3096} INFO - Sync 1 DAGs
[2025-05-02T19:43:22.412+0000] {logging_mixin.py:188} INFO - [2025-05-02T19:43:22.412+0000] {dag.py:3954} INFO - Setting next_dagrun for example_branch_operator to 2025-05-01 00:00:00+00:00, run_after=2025-05-02 00:00:00+00:00
[2025-05-02T19:43:22.433+0000] {processor.py:183} INFO - Processing /home/airflow/.local/lib/python3.12/site-packages/airflow/example_dags/example_branch_operator.py took 0.103 seconds
[2025-05-02T19:43:53.220+0000] {processor.py:161} INFO - Started process (PID=242) to work on /home/airflow/.local/lib/python3.12/site-packages/airflow/example_dags/example_branch_operator.py
[2025-05-02T19:43:53.227+0000] {processor.py:830} INFO - Processing file /home/airflow/.local/lib/python3.12/site-packages/airflow/example_dags/example_branch_operator.py for tasks to queue
[2025-05-02T19:43:53.228+0000] {logging_mixin.py:188} INFO - [2025-05-02T19:43:53.228+0000] {dagbag.py:545} INFO - Filling up the DagBag from /home/airflow/.local/lib/python3.12/site-packages/airflow/example_dags/example_branch_operator.py
[2025-05-02T19:43:53.239+0000] {processor.py:840} INFO - DAG(s) 'example_branch_operator' retrieved from /home/airflow/.local/lib/python3.12/site-packages/airflow/example_dags/example_branch_operator.py
[2025-05-02T19:43:53.262+0000] {logging_mixin.py:188} INFO - [2025-05-02T19:43:53.262+0000] {dag.py:3096} INFO - Sync 1 DAGs
[2025-05-02T19:43:53.281+0000] {logging_mixin.py:188} INFO - [2025-05-02T19:43:53.281+0000] {dag.py:3954} INFO - Setting next_dagrun for example_branch_operator to 2025-05-01 00:00:00+00:00, run_after=2025-05-02 00:00:00+00:00
[2025-05-02T19:43:53.297+0000] {processor.py:183} INFO - Processing /home/airflow/.local/lib/python3.12/site-packages/airflow/example_dags/example_branch_operator.py took 0.081 seconds
[2025-05-02T19:44:24.030+0000] {processor.py:161} INFO - Started process (PID=302) to work on /home/airflow/.local/lib/python3.12/site-packages/airflow/example_dags/example_branch_operator.py
[2025-05-02T19:44:24.031+0000] {processor.py:830} INFO - Processing file /home/airflow/.local/lib/python3.12/site-packages/airflow/example_dags/example_branch_operator.py for tasks to queue
[2025-05-02T19:44:24.033+0000] {logging_mixin.py:188} INFO - [2025-05-02T19:44:24.032+0000] {dagbag.py:545} INFO - Filling up the DagBag from /home/airflow/.local/lib/python3.12/site-packages/airflow/example_dags/example_branch_operator.py
[2025-05-02T19:44:24.049+0000] {processor.py:840} INFO - DAG(s) 'example_branch_operator' retrieved from /home/airflow/.local/lib/python3.12/site-packages/airflow/example_dags/example_branch_operator.py
[2025-05-02T19:44:24.073+0000] {logging_mixin.py:188} INFO - [2025-05-02T19:44:24.073+0000] {dag.py:3096} INFO - Sync 1 DAGs
[2025-05-02T19:44:24.094+0000] {logging_mixin.py:188} INFO - [2025-05-02T19:44:24.094+0000] {dag.py:3954} INFO - Setting next_dagrun for example_branch_operator to 2025-05-01 00:00:00+00:00, run_after=2025-05-02 00:00:00+00:00
[2025-05-02T19:44:24.112+0000] {processor.py:183} INFO - Processing /home/airflow/.local/lib/python3.12/site-packages/airflow/example_dags/example_branch_operator.py took 0.088 seconds
[2025-05-02T19:44:54.171+0000] {processor.py:161} INFO - Started process (PID=362) to work on /home/airflow/.local/lib/python3.12/site-packages/airflow/example_dags/example_branch_operator.py
[2025-05-02T19:44:54.172+0000] {processor.py:830} INFO - Processing file /home/airflow/.local/lib/python3.12/site-packages/airflow/example_dags/example_branch_operator.py for tasks to queue
[2025-05-02T19:44:54.174+0000] {logging_mixin.py:188} INFO - [2025-05-02T19:44:54.173+0000] {dagbag.py:545} INFO - Filling up the DagBag from /home/airflow/.local/lib/python3.12/site-packages/airflow/example_dags/example_branch_operator.py
[2025-05-02T19:44:54.187+0000] {processor.py:840} INFO - DAG(s) 'example_branch_operator' retrieved from /home/airflow/.local/lib/python3.12/site-packages/airflow/example_dags/example_branch_operator.py
[2025-05-02T19:44:54.211+0000] {logging_mixin.py:188} INFO - [2025-05-02T19:44:54.211+0000] {dag.py:3096} INFO - Sync 1 DAGs
[2025-05-02T19:44:54.231+0000] {logging_mixin.py:188} INFO - [2025-05-02T19:44:54.230+0000] {dag.py:3954} INFO - Setting next_dagrun for example_branch_operator to 2025-05-01 00:00:00+00:00, run_after=2025-05-02 00:00:00+00:00
[2025-05-02T19:44:54.247+0000] {processor.py:183} INFO - Processing /home/airflow/.local/lib/python3.12/site-packages/airflow/example_dags/example_branch_operator.py took 0.082 seconds
[2025-05-02T19:45:24.471+0000] {processor.py:161} INFO - Started process (PID=422) to work on /home/airflow/.local/lib/python3.12/site-packages/airflow/example_dags/example_branch_operator.py
[2025-05-02T19:45:24.472+0000] {processor.py:830} INFO - Processing file /home/airflow/.local/lib/python3.12/site-packages/airflow/example_dags/example_branch_operator.py for tasks to queue
[2025-05-02T19:45:24.474+0000] {logging_mixin.py:188} INFO - [2025-05-02T19:45:24.473+0000] {dagbag.py:545} INFO - Filling up the DagBag from /home/airflow/.local/lib/python3.12/site-packages/airflow/example_dags/example_branch_operator.py
[2025-05-02T19:45:24.487+0000] {processor.py:840} INFO - DAG(s) 'example_branch_operator' retrieved from /home/airflow/.local/lib/python3.12/site-packages/airflow/example_dags/example_branch_operator.py
[2025-05-02T19:45:24.512+0000] {logging_mixin.py:188} INFO - [2025-05-02T19:45:24.512+0000] {dag.py:3096} INFO - Sync 1 DAGs
[2025-05-02T19:45:24.531+0000] {logging_mixin.py:188} INFO - [2025-05-02T19:45:24.531+0000] {dag.py:3954} INFO - Setting next_dagrun for example_branch_operator to 2025-05-01 00:00:00+00:00, run_after=2025-05-02 00:00:00+00:00
[2025-05-02T19:45:24.547+0000] {processor.py:183} INFO - Processing /home/airflow/.local/lib/python3.12/site-packages/airflow/example_dags/example_branch_operator.py took 0.081 seconds
[2025-05-02T19:45:54.981+0000] {processor.py:161} INFO - Started process (PID=482) to work on /home/airflow/.local/lib/python3.12/site-packages/airflow/example_dags/example_branch_operator.py
[2025-05-02T19:45:54.982+0000] {processor.py:830} INFO - Processing file /home/airflow/.local/lib/python3.12/site-packages/airflow/example_dags/example_branch_operator.py for tasks to queue
[2025-05-02T19:45:54.984+0000] {logging_mixin.py:188} INFO - [2025-05-02T19:45:54.983+0000] {dagbag.py:545} INFO - Filling up the DagBag from /home/airflow/.local/lib/python3.12/site-packages/airflow/example_dags/example_branch_operator.py
[2025-05-02T19:45:54.999+0000] {processor.py:840} INFO - DAG(s) 'example_branch_operator' retrieved from /home/airflow/.local/lib/python3.12/site-packages/airflow/example_dags/example_branch_operator.py
[2025-05-02T19:45:55.022+0000] {logging_mixin.py:188} INFO - [2025-05-02T19:45:55.022+0000] {dag.py:3096} INFO - Sync 1 DAGs
[2025-05-02T19:45:55.038+0000] {logging_mixin.py:188} INFO - [2025-05-02T19:45:55.038+0000] {dag.py:3954} INFO - Setting next_dagrun for example_branch_operator to 2025-05-01 00:00:00+00:00, run_after=2025-05-02 00:00:00+00:00
[2025-05-02T19:45:55.053+0000] {processor.py:183} INFO - Processing /home/airflow/.local/lib/python3.12/site-packages/airflow/example_dags/example_branch_operator.py took 0.078 seconds
[2025-05-02T19:46:26.057+0000] {processor.py:161} INFO - Started process (PID=542) to work on /home/airflow/.local/lib/python3.12/site-packages/airflow/example_dags/example_branch_operator.py
[2025-05-02T19:46:26.057+0000] {processor.py:830} INFO - Processing file /home/airflow/.local/lib/python3.12/site-packages/airflow/example_dags/example_branch_operator.py for tasks to queue
[2025-05-02T19:46:26.059+0000] {logging_mixin.py:188} INFO - [2025-05-02T19:46:26.058+0000] {dagbag.py:545} INFO - Filling up the DagBag from /home/airflow/.local/lib/python3.12/site-packages/airflow/example_dags/example_branch_operator.py
[2025-05-02T19:46:26.071+0000] {processor.py:840} INFO - DAG(s) 'example_branch_operator' retrieved from /home/airflow/.local/lib/python3.12/site-packages/airflow/example_dags/example_branch_operator.py
[2025-05-02T19:46:26.092+0000] {logging_mixin.py:188} INFO - [2025-05-02T19:46:26.092+0000] {dag.py:3096} INFO - Sync 1 DAGs
[2025-05-02T19:46:26.109+0000] {logging_mixin.py:188} INFO - [2025-05-02T19:46:26.109+0000] {dag.py:3954} INFO - Setting next_dagrun for example_branch_operator to 2025-05-01 00:00:00+00:00, run_after=2025-05-02 00:00:00+00:00
[2025-05-02T19:46:26.127+0000] {processor.py:183} INFO - Processing /home/airflow/.local/lib/python3.12/site-packages/airflow/example_dags/example_branch_operator.py took 0.074 seconds
[2025-05-02T19:46:56.270+0000] {processor.py:161} INFO - Started process (PID=602) to work on /home/airflow/.local/lib/python3.12/site-packages/airflow/example_dags/example_branch_operator.py
[2025-05-02T19:46:56.271+0000] {processor.py:830} INFO - Processing file /home/airflow/.local/lib/python3.12/site-packages/airflow/example_dags/example_branch_operator.py for tasks to queue
[2025-05-02T19:46:56.272+0000] {logging_mixin.py:188} INFO - [2025-05-02T19:46:56.272+0000] {dagbag.py:545} INFO - Filling up the DagBag from /home/airflow/.local/lib/python3.12/site-packages/airflow/example_dags/example_branch_operator.py
[2025-05-02T19:46:56.286+0000] {processor.py:840} INFO - DAG(s) 'example_branch_operator' retrieved from /home/airflow/.local/lib/python3.12/site-packages/airflow/example_dags/example_branch_operator.py
[2025-05-02T19:46:56.314+0000] {logging_mixin.py:188} INFO - [2025-05-02T19:46:56.314+0000] {dag.py:3096} INFO - Sync 1 DAGs
[2025-05-02T19:46:56.335+0000] {logging_mixin.py:188} INFO - [2025-05-02T19:46:56.335+0000] {dag.py:3954} INFO - Setting next_dagrun for example_branch_operator to 2025-05-01 00:00:00+00:00, run_after=2025-05-02 00:00:00+00:00
[2025-05-02T19:46:56.351+0000] {processor.py:183} INFO - Processing /home/airflow/.local/lib/python3.12/site-packages/airflow/example_dags/example_branch_operator.py took 0.086 seconds
[2025-05-02T19:47:26.396+0000] {processor.py:161} INFO - Started process (PID=660) to work on /home/airflow/.local/lib/python3.12/site-packages/airflow/example_dags/example_branch_operator.py
[2025-05-02T19:47:26.397+0000] {processor.py:830} INFO - Processing file /home/airflow/.local/lib/python3.12/site-packages/airflow/example_dags/example_branch_operator.py for tasks to queue
[2025-05-02T19:47:26.398+0000] {logging_mixin.py:188} INFO - [2025-05-02T19:47:26.398+0000] {dagbag.py:545} INFO - Filling up the DagBag from /home/airflow/.local/lib/python3.12/site-packages/airflow/example_dags/example_branch_operator.py
[2025-05-02T19:47:26.413+0000] {processor.py:840} INFO - DAG(s) 'example_branch_operator' retrieved from /home/airflow/.local/lib/python3.12/site-packages/airflow/example_dags/example_branch_operator.py
[2025-05-02T19:47:26.438+0000] {logging_mixin.py:188} INFO - [2025-05-02T19:47:26.438+0000] {dag.py:3096} INFO - Sync 1 DAGs
[2025-05-02T19:47:26.458+0000] {logging_mixin.py:188} INFO - [2025-05-02T19:47:26.458+0000] {dag.py:3954} INFO - Setting next_dagrun for example_branch_operator to 2025-05-01 00:00:00+00:00, run_after=2025-05-02 00:00:00+00:00
[2025-05-02T19:47:26.478+0000] {processor.py:183} INFO - Processing /home/airflow/.local/lib/python3.12/site-packages/airflow/example_dags/example_branch_operator.py took 0.086 seconds
[2025-05-02T19:47:56.950+0000] {processor.py:161} INFO - Started process (PID=714) to work on /home/airflow/.local/lib/python3.12/site-packages/airflow/example_dags/example_branch_operator.py
[2025-05-02T19:47:56.951+0000] {processor.py:830} INFO - Processing file /home/airflow/.local/lib/python3.12/site-packages/airflow/example_dags/example_branch_operator.py for tasks to queue
[2025-05-02T19:47:56.953+0000] {logging_mixin.py:188} INFO - [2025-05-02T19:47:56.953+0000] {dagbag.py:545} INFO - Filling up the DagBag from /home/airflow/.local/lib/python3.12/site-packages/airflow/example_dags/example_branch_operator.py
[2025-05-02T19:47:56.966+0000] {processor.py:840} INFO - DAG(s) 'example_branch_operator' retrieved from /home/airflow/.local/lib/python3.12/site-packages/airflow/example_dags/example_branch_operator.py
[2025-05-02T19:47:56.989+0000] {logging_mixin.py:188} INFO - [2025-05-02T19:47:56.989+0000] {dag.py:3096} INFO - Sync 1 DAGs
[2025-05-02T19:47:57.008+0000] {logging_mixin.py:188} INFO - [2025-05-02T19:47:57.008+0000] {dag.py:3954} INFO - Setting next_dagrun for example_branch_operator to 2025-05-01 00:00:00+00:00, run_after=2025-05-02 00:00:00+00:00
[2025-05-02T19:47:57.025+0000] {processor.py:183} INFO - Processing /home/airflow/.local/lib/python3.12/site-packages/airflow/example_dags/example_branch_operator.py took 0.080 seconds
[2025-05-02T19:48:27.269+0000] {processor.py:161} INFO - Started process (PID=774) to work on /home/airflow/.local/lib/python3.12/site-packages/airflow/example_dags/example_branch_operator.py
[2025-05-02T19:48:27.270+0000] {processor.py:830} INFO - Processing file /home/airflow/.local/lib/python3.12/site-packages/airflow/example_dags/example_branch_operator.py for tasks to queue
[2025-05-02T19:48:27.272+0000] {logging_mixin.py:188} INFO - [2025-05-02T19:48:27.271+0000] {dagbag.py:545} INFO - Filling up the DagBag from /home/airflow/.local/lib/python3.12/site-packages/airflow/example_dags/example_branch_operator.py
[2025-05-02T19:48:27.285+0000] {processor.py:840} INFO - DAG(s) 'example_branch_operator' retrieved from /home/airflow/.local/lib/python3.12/site-packages/airflow/example_dags/example_branch_operator.py
[2025-05-02T19:48:27.307+0000] {logging_mixin.py:188} INFO - [2025-05-02T19:48:27.307+0000] {dag.py:3096} INFO - Sync 1 DAGs
[2025-05-02T19:48:27.326+0000] {logging_mixin.py:188} INFO - [2025-05-02T19:48:27.326+0000] {dag.py:3954} INFO - Setting next_dagrun for example_branch_operator to 2025-05-01 00:00:00+00:00, run_after=2025-05-02 00:00:00+00:00
[2025-05-02T19:48:27.341+0000] {processor.py:183} INFO - Processing /home/airflow/.local/lib/python3.12/site-packages/airflow/example_dags/example_branch_operator.py took 0.077 seconds
[2025-05-02T19:48:57.639+0000] {processor.py:161} INFO - Started process (PID=834) to work on /home/airflow/.local/lib/python3.12/site-packages/airflow/example_dags/example_branch_operator.py
[2025-05-02T19:48:57.640+0000] {processor.py:830} INFO - Processing file /home/airflow/.local/lib/python3.12/site-packages/airflow/example_dags/example_branch_operator.py for tasks to queue
[2025-05-02T19:48:57.642+0000] {logging_mixin.py:188} INFO - [2025-05-02T19:48:57.642+0000] {dagbag.py:545} INFO - Filling up the DagBag from /home/airflow/.local/lib/python3.12/site-packages/airflow/example_dags/example_branch_operator.py
[2025-05-02T19:48:57.659+0000] {processor.py:840} INFO - DAG(s) 'example_branch_operator' retrieved from /home/airflow/.local/lib/python3.12/site-packages/airflow/example_dags/example_branch_operator.py
[2025-05-02T19:48:57.685+0000] {logging_mixin.py:188} INFO - [2025-05-02T19:48:57.685+0000] {dag.py:3096} INFO - Sync 1 DAGs
[2025-05-02T19:48:57.707+0000] {logging_mixin.py:188} INFO - [2025-05-02T19:48:57.706+0000] {dag.py:3954} INFO - Setting next_dagrun for example_branch_operator to 2025-05-01 00:00:00+00:00, run_after=2025-05-02 00:00:00+00:00
[2025-05-02T19:48:57.735+0000] {processor.py:183} INFO - Processing /home/airflow/.local/lib/python3.12/site-packages/airflow/example_dags/example_branch_operator.py took 0.100 seconds
[2025-05-02T19:49:29.200+0000] {processor.py:161} INFO - Started process (PID=895) to work on /home/airflow/.local/lib/python3.12/site-packages/airflow/example_dags/example_branch_operator.py
[2025-05-02T19:49:29.201+0000] {processor.py:830} INFO - Processing file /home/airflow/.local/lib/python3.12/site-packages/airflow/example_dags/example_branch_operator.py for tasks to queue
[2025-05-02T19:49:29.203+0000] {logging_mixin.py:188} INFO - [2025-05-02T19:49:29.202+0000] {dagbag.py:545} INFO - Filling up the DagBag from /home/airflow/.local/lib/python3.12/site-packages/airflow/example_dags/example_branch_operator.py
[2025-05-02T19:49:29.216+0000] {processor.py:840} INFO - DAG(s) 'example_branch_operator' retrieved from /home/airflow/.local/lib/python3.12/site-packages/airflow/example_dags/example_branch_operator.py
[2025-05-02T19:49:29.241+0000] {logging_mixin.py:188} INFO - [2025-05-02T19:49:29.241+0000] {dag.py:3096} INFO - Sync 1 DAGs
[2025-05-02T19:49:29.263+0000] {logging_mixin.py:188} INFO - [2025-05-02T19:49:29.262+0000] {dag.py:3954} INFO - Setting next_dagrun for example_branch_operator to 2025-05-01 00:00:00+00:00, run_after=2025-05-02 00:00:00+00:00
[2025-05-02T19:49:29.280+0000] {processor.py:183} INFO - Processing /home/airflow/.local/lib/python3.12/site-packages/airflow/example_dags/example_branch_operator.py took 0.086 seconds
[2025-05-02T19:50:01.126+0000] {processor.py:161} INFO - Started process (PID=955) to work on /home/airflow/.local/lib/python3.12/site-packages/airflow/example_dags/example_branch_operator.py
[2025-05-02T19:50:01.127+0000] {processor.py:830} INFO - Processing file /home/airflow/.local/lib/python3.12/site-packages/airflow/example_dags/example_branch_operator.py for tasks to queue
[2025-05-02T19:50:01.128+0000] {logging_mixin.py:188} INFO - [2025-05-02T19:50:01.128+0000] {dagbag.py:545} INFO - Filling up the DagBag from /home/airflow/.local/lib/python3.12/site-packages/airflow/example_dags/example_branch_operator.py
[2025-05-02T19:50:01.139+0000] {processor.py:840} INFO - DAG(s) 'example_branch_operator' retrieved from /home/airflow/.local/lib/python3.12/site-packages/airflow/example_dags/example_branch_operator.py
[2025-05-02T19:50:01.160+0000] {logging_mixin.py:188} INFO - [2025-05-02T19:50:01.160+0000] {dag.py:3096} INFO - Sync 1 DAGs
[2025-05-02T19:50:01.177+0000] {logging_mixin.py:188} INFO - [2025-05-02T19:50:01.177+0000] {dag.py:3954} INFO - Setting next_dagrun for example_branch_operator to 2025-05-01 00:00:00+00:00, run_after=2025-05-02 00:00:00+00:00
[2025-05-02T19:50:01.193+0000] {processor.py:183} INFO - Processing /home/airflow/.local/lib/python3.12/site-packages/airflow/example_dags/example_branch_operator.py took 0.071 seconds
[2025-05-02T19:50:33.951+0000] {processor.py:161} INFO - Started process (PID=1017) to work on /home/airflow/.local/lib/python3.12/site-packages/airflow/example_dags/example_branch_operator.py
[2025-05-02T19:50:33.952+0000] {processor.py:830} INFO - Processing file /home/airflow/.local/lib/python3.12/site-packages/airflow/example_dags/example_branch_operator.py for tasks to queue
[2025-05-02T19:50:33.954+0000] {logging_mixin.py:188} INFO - [2025-05-02T19:50:33.953+0000] {dagbag.py:545} INFO - Filling up the DagBag from /home/airflow/.local/lib/python3.12/site-packages/airflow/example_dags/example_branch_operator.py
[2025-05-02T19:50:33.966+0000] {processor.py:840} INFO - DAG(s) 'example_branch_operator' retrieved from /home/airflow/.local/lib/python3.12/site-packages/airflow/example_dags/example_branch_operator.py
[2025-05-02T19:50:33.990+0000] {logging_mixin.py:188} INFO - [2025-05-02T19:50:33.990+0000] {dag.py:3096} INFO - Sync 1 DAGs
[2025-05-02T19:50:34.011+0000] {logging_mixin.py:188} INFO - [2025-05-02T19:50:34.011+0000] {dag.py:3954} INFO - Setting next_dagrun for example_branch_operator to 2025-05-01 00:00:00+00:00, run_after=2025-05-02 00:00:00+00:00
[2025-05-02T19:50:34.027+0000] {processor.py:183} INFO - Processing /home/airflow/.local/lib/python3.12/site-packages/airflow/example_dags/example_branch_operator.py took 0.080 seconds
[2025-05-02T19:51:06.159+0000] {processor.py:161} INFO - Started process (PID=1077) to work on /home/airflow/.local/lib/python3.12/site-packages/airflow/example_dags/example_branch_operator.py
[2025-05-02T19:51:06.159+0000] {processor.py:830} INFO - Processing file /home/airflow/.local/lib/python3.12/site-packages/airflow/example_dags/example_branch_operator.py for tasks to queue
[2025-05-02T19:51:06.161+0000] {logging_mixin.py:188} INFO - [2025-05-02T19:51:06.161+0000] {dagbag.py:545} INFO - Filling up the DagBag from /home/airflow/.local/lib/python3.12/site-packages/airflow/example_dags/example_branch_operator.py
[2025-05-02T19:51:06.175+0000] {processor.py:840} INFO - DAG(s) 'example_branch_operator' retrieved from /home/airflow/.local/lib/python3.12/site-packages/airflow/example_dags/example_branch_operator.py
[2025-05-02T19:51:06.200+0000] {logging_mixin.py:188} INFO - [2025-05-02T19:51:06.200+0000] {dag.py:3096} INFO - Sync 1 DAGs
[2025-05-02T19:51:06.222+0000] {logging_mixin.py:188} INFO - [2025-05-02T19:51:06.222+0000] {dag.py:3954} INFO - Setting next_dagrun for example_branch_operator to 2025-05-01 00:00:00+00:00, run_after=2025-05-02 00:00:00+00:00
[2025-05-02T19:51:06.238+0000] {processor.py:183} INFO - Processing /home/airflow/.local/lib/python3.12/site-packages/airflow/example_dags/example_branch_operator.py took 0.084 seconds
[2025-05-02T19:51:38.485+0000] {processor.py:161} INFO - Started process (PID=1137) to work on /home/airflow/.local/lib/python3.12/site-packages/airflow/example_dags/example_branch_operator.py
[2025-05-02T19:51:38.486+0000] {processor.py:830} INFO - Processing file /home/airflow/.local/lib/python3.12/site-packages/airflow/example_dags/example_branch_operator.py for tasks to queue
[2025-05-02T19:51:38.488+0000] {logging_mixin.py:188} INFO - [2025-05-02T19:51:38.488+0000] {dagbag.py:545} INFO - Filling up the DagBag from /home/airflow/.local/lib/python3.12/site-packages/airflow/example_dags/example_branch_operator.py
[2025-05-02T19:51:38.502+0000] {processor.py:840} INFO - DAG(s) 'example_branch_operator' retrieved from /home/airflow/.local/lib/python3.12/site-packages/airflow/example_dags/example_branch_operator.py
[2025-05-02T19:51:38.526+0000] {logging_mixin.py:188} INFO - [2025-05-02T19:51:38.526+0000] {dag.py:3096} INFO - Sync 1 DAGs
[2025-05-02T19:51:38.545+0000] {logging_mixin.py:188} INFO - [2025-05-02T19:51:38.545+0000] {dag.py:3954} INFO - Setting next_dagrun for example_branch_operator to 2025-05-01 00:00:00+00:00, run_after=2025-05-02 00:00:00+00:00
[2025-05-02T19:51:38.560+0000] {processor.py:183} INFO - Processing /home/airflow/.local/lib/python3.12/site-packages/airflow/example_dags/example_branch_operator.py took 0.081 seconds
[2025-05-02T19:52:10.774+0000] {processor.py:161} INFO - Started process (PID=1197) to work on /home/airflow/.local/lib/python3.12/site-packages/airflow/example_dags/example_branch_operator.py
[2025-05-02T19:52:10.774+0000] {processor.py:830} INFO - Processing file /home/airflow/.local/lib/python3.12/site-packages/airflow/example_dags/example_branch_operator.py for tasks to queue
[2025-05-02T19:52:10.776+0000] {logging_mixin.py:188} INFO - [2025-05-02T19:52:10.776+0000] {dagbag.py:545} INFO - Filling up the DagBag from /home/airflow/.local/lib/python3.12/site-packages/airflow/example_dags/example_branch_operator.py
[2025-05-02T19:52:10.789+0000] {processor.py:840} INFO - DAG(s) 'example_branch_operator' retrieved from /home/airflow/.local/lib/python3.12/site-packages/airflow/example_dags/example_branch_operator.py
[2025-05-02T19:52:10.810+0000] {logging_mixin.py:188} INFO - [2025-05-02T19:52:10.810+0000] {dag.py:3096} INFO - Sync 1 DAGs
[2025-05-02T19:52:10.830+0000] {logging_mixin.py:188} INFO - [2025-05-02T19:52:10.829+0000] {dag.py:3954} INFO - Setting next_dagrun for example_branch_operator to 2025-05-01 00:00:00+00:00, run_after=2025-05-02 00:00:00+00:00
[2025-05-02T19:52:10.845+0000] {processor.py:183} INFO - Processing /home/airflow/.local/lib/python3.12/site-packages/airflow/example_dags/example_branch_operator.py took 0.076 seconds
[2025-05-02T19:52:43.403+0000] {processor.py:161} INFO - Started process (PID=1257) to work on /home/airflow/.local/lib/python3.12/site-packages/airflow/example_dags/example_branch_operator.py
[2025-05-02T19:52:43.404+0000] {processor.py:830} INFO - Processing file /home/airflow/.local/lib/python3.12/site-packages/airflow/example_dags/example_branch_operator.py for tasks to queue
[2025-05-02T19:52:43.405+0000] {logging_mixin.py:188} INFO - [2025-05-02T19:52:43.405+0000] {dagbag.py:545} INFO - Filling up the DagBag from /home/airflow/.local/lib/python3.12/site-packages/airflow/example_dags/example_branch_operator.py
[2025-05-02T19:52:43.419+0000] {processor.py:840} INFO - DAG(s) 'example_branch_operator' retrieved from /home/airflow/.local/lib/python3.12/site-packages/airflow/example_dags/example_branch_operator.py
[2025-05-02T19:52:43.446+0000] {logging_mixin.py:188} INFO - [2025-05-02T19:52:43.446+0000] {dag.py:3096} INFO - Sync 1 DAGs
[2025-05-02T19:52:43.468+0000] {logging_mixin.py:188} INFO - [2025-05-02T19:52:43.468+0000] {dag.py:3954} INFO - Setting next_dagrun for example_branch_operator to 2025-05-01 00:00:00+00:00, run_after=2025-05-02 00:00:00+00:00
[2025-05-02T19:52:43.490+0000] {processor.py:183} INFO - Processing /home/airflow/.local/lib/python3.12/site-packages/airflow/example_dags/example_branch_operator.py took 0.092 seconds
[2025-05-02T19:53:16.067+0000] {processor.py:161} INFO - Started process (PID=1317) to work on /home/airflow/.local/lib/python3.12/site-packages/airflow/example_dags/example_branch_operator.py
[2025-05-02T19:53:16.068+0000] {processor.py:830} INFO - Processing file /home/airflow/.local/lib/python3.12/site-packages/airflow/example_dags/example_branch_operator.py for tasks to queue
[2025-05-02T19:53:16.070+0000] {logging_mixin.py:188} INFO - [2025-05-02T19:53:16.070+0000] {dagbag.py:545} INFO - Filling up the DagBag from /home/airflow/.local/lib/python3.12/site-packages/airflow/example_dags/example_branch_operator.py
[2025-05-02T19:53:16.082+0000] {processor.py:840} INFO - DAG(s) 'example_branch_operator' retrieved from /home/airflow/.local/lib/python3.12/site-packages/airflow/example_dags/example_branch_operator.py
[2025-05-02T19:53:16.107+0000] {logging_mixin.py:188} INFO - [2025-05-02T19:53:16.106+0000] {dag.py:3096} INFO - Sync 1 DAGs
[2025-05-02T19:53:16.127+0000] {logging_mixin.py:188} INFO - [2025-05-02T19:53:16.127+0000] {dag.py:3954} INFO - Setting next_dagrun for example_branch_operator to 2025-05-01 00:00:00+00:00, run_after=2025-05-02 00:00:00+00:00
[2025-05-02T19:53:16.142+0000] {processor.py:183} INFO - Processing /home/airflow/.local/lib/python3.12/site-packages/airflow/example_dags/example_branch_operator.py took 0.080 seconds
[2025-05-02T19:53:48.452+0000] {processor.py:161} INFO - Started process (PID=1377) to work on /home/airflow/.local/lib/python3.12/site-packages/airflow/example_dags/example_branch_operator.py
[2025-05-02T19:53:48.453+0000] {processor.py:830} INFO - Processing file /home/airflow/.local/lib/python3.12/site-packages/airflow/example_dags/example_branch_operator.py for tasks to queue
[2025-05-02T19:53:48.454+0000] {logging_mixin.py:188} INFO - [2025-05-02T19:53:48.454+0000] {dagbag.py:545} INFO - Filling up the DagBag from /home/airflow/.local/lib/python3.12/site-packages/airflow/example_dags/example_branch_operator.py
[2025-05-02T19:53:48.467+0000] {processor.py:840} INFO - DAG(s) 'example_branch_operator' retrieved from /home/airflow/.local/lib/python3.12/site-packages/airflow/example_dags/example_branch_operator.py
[2025-05-02T19:53:48.491+0000] {logging_mixin.py:188} INFO - [2025-05-02T19:53:48.491+0000] {dag.py:3096} INFO - Sync 1 DAGs
[2025-05-02T19:53:48.512+0000] {logging_mixin.py:188} INFO - [2025-05-02T19:53:48.511+0000] {dag.py:3954} INFO - Setting next_dagrun for example_branch_operator to 2025-05-01 00:00:00+00:00, run_after=2025-05-02 00:00:00+00:00
[2025-05-02T19:53:48.529+0000] {processor.py:183} INFO - Processing /home/airflow/.local/lib/python3.12/site-packages/airflow/example_dags/example_branch_operator.py took 0.082 seconds
[2025-05-02T19:54:21.011+0000] {processor.py:161} INFO - Started process (PID=1437) to work on /home/airflow/.local/lib/python3.12/site-packages/airflow/example_dags/example_branch_operator.py
[2025-05-02T19:54:21.012+0000] {processor.py:830} INFO - Processing file /home/airflow/.local/lib/python3.12/site-packages/airflow/example_dags/example_branch_operator.py for tasks to queue
[2025-05-02T19:54:21.013+0000] {logging_mixin.py:188} INFO - [2025-05-02T19:54:21.013+0000] {dagbag.py:545} INFO - Filling up the DagBag from /home/airflow/.local/lib/python3.12/site-packages/airflow/example_dags/example_branch_operator.py
[2025-05-02T19:54:21.028+0000] {processor.py:840} INFO - DAG(s) 'example_branch_operator' retrieved from /home/airflow/.local/lib/python3.12/site-packages/airflow/example_dags/example_branch_operator.py
[2025-05-02T19:54:21.049+0000] {logging_mixin.py:188} INFO - [2025-05-02T19:54:21.049+0000] {dag.py:3096} INFO - Sync 1 DAGs
[2025-05-02T19:54:21.067+0000] {logging_mixin.py:188} INFO - [2025-05-02T19:54:21.067+0000] {dag.py:3954} INFO - Setting next_dagrun for example_branch_operator to 2025-05-01 00:00:00+00:00, run_after=2025-05-02 00:00:00+00:00
[2025-05-02T19:54:21.081+0000] {processor.py:183} INFO - Processing /home/airflow/.local/lib/python3.12/site-packages/airflow/example_dags/example_branch_operator.py took 0.075 seconds
[2025-05-02T19:54:53.192+0000] {processor.py:161} INFO - Started process (PID=1497) to work on /home/airflow/.local/lib/python3.12/site-packages/airflow/example_dags/example_branch_operator.py
[2025-05-02T19:54:53.193+0000] {processor.py:830} INFO - Processing file /home/airflow/.local/lib/python3.12/site-packages/airflow/example_dags/example_branch_operator.py for tasks to queue
[2025-05-02T19:54:53.194+0000] {logging_mixin.py:188} INFO - [2025-05-02T19:54:53.194+0000] {dagbag.py:545} INFO - Filling up the DagBag from /home/airflow/.local/lib/python3.12/site-packages/airflow/example_dags/example_branch_operator.py
[2025-05-02T19:54:53.207+0000] {processor.py:840} INFO - DAG(s) 'example_branch_operator' retrieved from /home/airflow/.local/lib/python3.12/site-packages/airflow/example_dags/example_branch_operator.py
[2025-05-02T19:54:53.232+0000] {logging_mixin.py:188} INFO - [2025-05-02T19:54:53.232+0000] {dag.py:3096} INFO - Sync 1 DAGs
[2025-05-02T19:54:53.251+0000] {logging_mixin.py:188} INFO - [2025-05-02T19:54:53.251+0000] {dag.py:3954} INFO - Setting next_dagrun for example_branch_operator to 2025-05-01 00:00:00+00:00, run_after=2025-05-02 00:00:00+00:00
[2025-05-02T19:54:53.265+0000] {processor.py:183} INFO - Processing /home/airflow/.local/lib/python3.12/site-packages/airflow/example_dags/example_branch_operator.py took 0.078 seconds
[2025-05-02T19:55:25.145+0000] {processor.py:161} INFO - Started process (PID=1557) to work on /home/airflow/.local/lib/python3.12/site-packages/airflow/example_dags/example_branch_operator.py
[2025-05-02T19:55:25.146+0000] {processor.py:830} INFO - Processing file /home/airflow/.local/lib/python3.12/site-packages/airflow/example_dags/example_branch_operator.py for tasks to queue
[2025-05-02T19:55:25.147+0000] {logging_mixin.py:188} INFO - [2025-05-02T19:55:25.147+0000] {dagbag.py:545} INFO - Filling up the DagBag from /home/airflow/.local/lib/python3.12/site-packages/airflow/example_dags/example_branch_operator.py
[2025-05-02T19:55:25.161+0000] {processor.py:840} INFO - DAG(s) 'example_branch_operator' retrieved from /home/airflow/.local/lib/python3.12/site-packages/airflow/example_dags/example_branch_operator.py
[2025-05-02T19:55:25.183+0000] {logging_mixin.py:188} INFO - [2025-05-02T19:55:25.183+0000] {dag.py:3096} INFO - Sync 1 DAGs
[2025-05-02T19:55:25.200+0000] {logging_mixin.py:188} INFO - [2025-05-02T19:55:25.200+0000] {dag.py:3954} INFO - Setting next_dagrun for example_branch_operator to 2025-05-01 00:00:00+00:00, run_after=2025-05-02 00:00:00+00:00
[2025-05-02T19:55:25.215+0000] {processor.py:183} INFO - Processing /home/airflow/.local/lib/python3.12/site-packages/airflow/example_dags/example_branch_operator.py took 0.074 seconds
[2025-05-02T19:55:58.126+0000] {processor.py:161} INFO - Started process (PID=1617) to work on /home/airflow/.local/lib/python3.12/site-packages/airflow/example_dags/example_branch_operator.py
[2025-05-02T19:55:58.127+0000] {processor.py:830} INFO - Processing file /home/airflow/.local/lib/python3.12/site-packages/airflow/example_dags/example_branch_operator.py for tasks to queue
[2025-05-02T19:55:58.128+0000] {logging_mixin.py:188} INFO - [2025-05-02T19:55:58.128+0000] {dagbag.py:545} INFO - Filling up the DagBag from /home/airflow/.local/lib/python3.12/site-packages/airflow/example_dags/example_branch_operator.py
[2025-05-02T19:55:58.139+0000] {processor.py:840} INFO - DAG(s) 'example_branch_operator' retrieved from /home/airflow/.local/lib/python3.12/site-packages/airflow/example_dags/example_branch_operator.py
[2025-05-02T19:55:58.158+0000] {logging_mixin.py:188} INFO - [2025-05-02T19:55:58.158+0000] {dag.py:3096} INFO - Sync 1 DAGs
[2025-05-02T19:55:58.175+0000] {logging_mixin.py:188} INFO - [2025-05-02T19:55:58.175+0000] {dag.py:3954} INFO - Setting next_dagrun for example_branch_operator to 2025-05-01 00:00:00+00:00, run_after=2025-05-02 00:00:00+00:00
[2025-05-02T19:55:58.190+0000] {processor.py:183} INFO - Processing /home/airflow/.local/lib/python3.12/site-packages/airflow/example_dags/example_branch_operator.py took 0.068 seconds
[2025-05-02T19:56:29.959+0000] {processor.py:161} INFO - Started process (PID=1677) to work on /home/airflow/.local/lib/python3.12/site-packages/airflow/example_dags/example_branch_operator.py
[2025-05-02T19:56:29.960+0000] {processor.py:830} INFO - Processing file /home/airflow/.local/lib/python3.12/site-packages/airflow/example_dags/example_branch_operator.py for tasks to queue
[2025-05-02T19:56:29.961+0000] {logging_mixin.py:188} INFO - [2025-05-02T19:56:29.961+0000] {dagbag.py:545} INFO - Filling up the DagBag from /home/airflow/.local/lib/python3.12/site-packages/airflow/example_dags/example_branch_operator.py
[2025-05-02T19:56:29.974+0000] {processor.py:840} INFO - DAG(s) 'example_branch_operator' retrieved from /home/airflow/.local/lib/python3.12/site-packages/airflow/example_dags/example_branch_operator.py
[2025-05-02T19:56:29.996+0000] {logging_mixin.py:188} INFO - [2025-05-02T19:56:29.996+0000] {dag.py:3096} INFO - Sync 1 DAGs
[2025-05-02T19:56:30.014+0000] {logging_mixin.py:188} INFO - [2025-05-02T19:56:30.014+0000] {dag.py:3954} INFO - Setting next_dagrun for example_branch_operator to 2025-05-01 00:00:00+00:00, run_after=2025-05-02 00:00:00+00:00
[2025-05-02T19:56:30.029+0000] {processor.py:183} INFO - Processing /home/airflow/.local/lib/python3.12/site-packages/airflow/example_dags/example_branch_operator.py took 0.075 seconds
[2025-05-02T19:57:02.937+0000] {processor.py:161} INFO - Started process (PID=1737) to work on /home/airflow/.local/lib/python3.12/site-packages/airflow/example_dags/example_branch_operator.py
[2025-05-02T19:57:02.938+0000] {processor.py:830} INFO - Processing file /home/airflow/.local/lib/python3.12/site-packages/airflow/example_dags/example_branch_operator.py for tasks to queue
[2025-05-02T19:57:02.940+0000] {logging_mixin.py:188} INFO - [2025-05-02T19:57:02.940+0000] {dagbag.py:545} INFO - Filling up the DagBag from /home/airflow/.local/lib/python3.12/site-packages/airflow/example_dags/example_branch_operator.py
[2025-05-02T19:57:02.955+0000] {processor.py:840} INFO - DAG(s) 'example_branch_operator' retrieved from /home/airflow/.local/lib/python3.12/site-packages/airflow/example_dags/example_branch_operator.py
[2025-05-02T19:57:02.978+0000] {logging_mixin.py:188} INFO - [2025-05-02T19:57:02.978+0000] {dag.py:3096} INFO - Sync 1 DAGs
[2025-05-02T19:57:02.997+0000] {logging_mixin.py:188} INFO - [2025-05-02T19:57:02.997+0000] {dag.py:3954} INFO - Setting next_dagrun for example_branch_operator to 2025-05-01 00:00:00+00:00, run_after=2025-05-02 00:00:00+00:00
[2025-05-02T19:57:03.013+0000] {processor.py:183} INFO - Processing /home/airflow/.local/lib/python3.12/site-packages/airflow/example_dags/example_branch_operator.py took 0.080 seconds
[2025-05-02T19:57:34.962+0000] {processor.py:161} INFO - Started process (PID=1797) to work on /home/airflow/.local/lib/python3.12/site-packages/airflow/example_dags/example_branch_operator.py
[2025-05-02T19:57:34.962+0000] {processor.py:830} INFO - Processing file /home/airflow/.local/lib/python3.12/site-packages/airflow/example_dags/example_branch_operator.py for tasks to queue
[2025-05-02T19:57:34.964+0000] {logging_mixin.py:188} INFO - [2025-05-02T19:57:34.963+0000] {dagbag.py:545} INFO - Filling up the DagBag from /home/airflow/.local/lib/python3.12/site-packages/airflow/example_dags/example_branch_operator.py
[2025-05-02T19:57:34.976+0000] {processor.py:840} INFO - DAG(s) 'example_branch_operator' retrieved from /home/airflow/.local/lib/python3.12/site-packages/airflow/example_dags/example_branch_operator.py
[2025-05-02T19:57:34.997+0000] {logging_mixin.py:188} INFO - [2025-05-02T19:57:34.996+0000] {dag.py:3096} INFO - Sync 1 DAGs
[2025-05-02T19:57:35.012+0000] {logging_mixin.py:188} INFO - [2025-05-02T19:57:35.012+0000] {dag.py:3954} INFO - Setting next_dagrun for example_branch_operator to 2025-05-01 00:00:00+00:00, run_after=2025-05-02 00:00:00+00:00
[2025-05-02T19:57:35.026+0000] {processor.py:183} INFO - Processing /home/airflow/.local/lib/python3.12/site-packages/airflow/example_dags/example_branch_operator.py took 0.070 seconds
[2025-05-02T19:58:07.380+0000] {processor.py:161} INFO - Started process (PID=1857) to work on /home/airflow/.local/lib/python3.12/site-packages/airflow/example_dags/example_branch_operator.py
[2025-05-02T19:58:07.381+0000] {processor.py:830} INFO - Processing file /home/airflow/.local/lib/python3.12/site-packages/airflow/example_dags/example_branch_operator.py for tasks to queue
[2025-05-02T19:58:07.383+0000] {logging_mixin.py:188} INFO - [2025-05-02T19:58:07.382+0000] {dagbag.py:545} INFO - Filling up the DagBag from /home/airflow/.local/lib/python3.12/site-packages/airflow/example_dags/example_branch_operator.py
[2025-05-02T19:58:07.394+0000] {processor.py:840} INFO - DAG(s) 'example_branch_operator' retrieved from /home/airflow/.local/lib/python3.12/site-packages/airflow/example_dags/example_branch_operator.py
[2025-05-02T19:58:07.415+0000] {logging_mixin.py:188} INFO - [2025-05-02T19:58:07.415+0000] {dag.py:3096} INFO - Sync 1 DAGs
[2025-05-02T19:58:07.432+0000] {logging_mixin.py:188} INFO - [2025-05-02T19:58:07.432+0000] {dag.py:3954} INFO - Setting next_dagrun for example_branch_operator to 2025-05-01 00:00:00+00:00, run_after=2025-05-02 00:00:00+00:00
[2025-05-02T19:58:07.558+0000] {processor.py:183} INFO - Processing /home/airflow/.local/lib/python3.12/site-packages/airflow/example_dags/example_branch_operator.py took 0.182 seconds
[2025-05-02T19:58:39.994+0000] {processor.py:161} INFO - Started process (PID=1917) to work on /home/airflow/.local/lib/python3.12/site-packages/airflow/example_dags/example_branch_operator.py
[2025-05-02T19:58:39.995+0000] {processor.py:830} INFO - Processing file /home/airflow/.local/lib/python3.12/site-packages/airflow/example_dags/example_branch_operator.py for tasks to queue
[2025-05-02T19:58:39.997+0000] {logging_mixin.py:188} INFO - [2025-05-02T19:58:39.996+0000] {dagbag.py:545} INFO - Filling up the DagBag from /home/airflow/.local/lib/python3.12/site-packages/airflow/example_dags/example_branch_operator.py
[2025-05-02T19:58:40.010+0000] {processor.py:840} INFO - DAG(s) 'example_branch_operator' retrieved from /home/airflow/.local/lib/python3.12/site-packages/airflow/example_dags/example_branch_operator.py
[2025-05-02T19:58:40.033+0000] {logging_mixin.py:188} INFO - [2025-05-02T19:58:40.033+0000] {dag.py:3096} INFO - Sync 1 DAGs
[2025-05-02T19:58:40.050+0000] {logging_mixin.py:188} INFO - [2025-05-02T19:58:40.050+0000] {dag.py:3954} INFO - Setting next_dagrun for example_branch_operator to 2025-05-01 00:00:00+00:00, run_after=2025-05-02 00:00:00+00:00
[2025-05-02T19:58:40.065+0000] {processor.py:183} INFO - Processing /home/airflow/.local/lib/python3.12/site-packages/airflow/example_dags/example_branch_operator.py took 0.076 seconds
[2025-05-02T19:59:12.148+0000] {processor.py:161} INFO - Started process (PID=1977) to work on /home/airflow/.local/lib/python3.12/site-packages/airflow/example_dags/example_branch_operator.py
[2025-05-02T19:59:12.149+0000] {processor.py:830} INFO - Processing file /home/airflow/.local/lib/python3.12/site-packages/airflow/example_dags/example_branch_operator.py for tasks to queue
[2025-05-02T19:59:12.150+0000] {logging_mixin.py:188} INFO - [2025-05-02T19:59:12.150+0000] {dagbag.py:545} INFO - Filling up the DagBag from /home/airflow/.local/lib/python3.12/site-packages/airflow/example_dags/example_branch_operator.py
[2025-05-02T19:59:12.163+0000] {processor.py:840} INFO - DAG(s) 'example_branch_operator' retrieved from /home/airflow/.local/lib/python3.12/site-packages/airflow/example_dags/example_branch_operator.py
[2025-05-02T19:59:12.185+0000] {logging_mixin.py:188} INFO - [2025-05-02T19:59:12.185+0000] {dag.py:3096} INFO - Sync 1 DAGs
[2025-05-02T19:59:12.201+0000] {logging_mixin.py:188} INFO - [2025-05-02T19:59:12.201+0000] {dag.py:3954} INFO - Setting next_dagrun for example_branch_operator to 2025-05-01 00:00:00+00:00, run_after=2025-05-02 00:00:00+00:00
[2025-05-02T19:59:12.215+0000] {processor.py:183} INFO - Processing /home/airflow/.local/lib/python3.12/site-packages/airflow/example_dags/example_branch_operator.py took 0.072 seconds
[2025-05-02T19:59:45.273+0000] {processor.py:161} INFO - Started process (PID=2037) to work on /home/airflow/.local/lib/python3.12/site-packages/airflow/example_dags/example_branch_operator.py
[2025-05-02T19:59:45.274+0000] {processor.py:830} INFO - Processing file /home/airflow/.local/lib/python3.12/site-packages/airflow/example_dags/example_branch_operator.py for tasks to queue
[2025-05-02T19:59:45.276+0000] {logging_mixin.py:188} INFO - [2025-05-02T19:59:45.275+0000] {dagbag.py:545} INFO - Filling up the DagBag from /home/airflow/.local/lib/python3.12/site-packages/airflow/example_dags/example_branch_operator.py
[2025-05-02T19:59:45.286+0000] {processor.py:840} INFO - DAG(s) 'example_branch_operator' retrieved from /home/airflow/.local/lib/python3.12/site-packages/airflow/example_dags/example_branch_operator.py
[2025-05-02T19:59:45.312+0000] {logging_mixin.py:188} INFO - [2025-05-02T19:59:45.311+0000] {dag.py:3096} INFO - Sync 1 DAGs
[2025-05-02T19:59:45.330+0000] {logging_mixin.py:188} INFO - [2025-05-02T19:59:45.330+0000] {dag.py:3954} INFO - Setting next_dagrun for example_branch_operator to 2025-05-01 00:00:00+00:00, run_after=2025-05-02 00:00:00+00:00
[2025-05-02T19:59:45.347+0000] {processor.py:183} INFO - Processing /home/airflow/.local/lib/python3.12/site-packages/airflow/example_dags/example_branch_operator.py took 0.078 seconds
[2025-05-02T20:00:17.357+0000] {processor.py:161} INFO - Started process (PID=2097) to work on /home/airflow/.local/lib/python3.12/site-packages/airflow/example_dags/example_branch_operator.py
[2025-05-02T20:00:17.357+0000] {processor.py:830} INFO - Processing file /home/airflow/.local/lib/python3.12/site-packages/airflow/example_dags/example_branch_operator.py for tasks to queue
[2025-05-02T20:00:17.359+0000] {logging_mixin.py:188} INFO - [2025-05-02T20:00:17.359+0000] {dagbag.py:545} INFO - Filling up the DagBag from /home/airflow/.local/lib/python3.12/site-packages/airflow/example_dags/example_branch_operator.py
[2025-05-02T20:00:17.370+0000] {processor.py:840} INFO - DAG(s) 'example_branch_operator' retrieved from /home/airflow/.local/lib/python3.12/site-packages/airflow/example_dags/example_branch_operator.py
[2025-05-02T20:00:17.391+0000] {logging_mixin.py:188} INFO - [2025-05-02T20:00:17.390+0000] {dag.py:3096} INFO - Sync 1 DAGs
[2025-05-02T20:00:17.406+0000] {logging_mixin.py:188} INFO - [2025-05-02T20:00:17.406+0000] {dag.py:3954} INFO - Setting next_dagrun for example_branch_operator to 2025-05-01 00:00:00+00:00, run_after=2025-05-02 00:00:00+00:00
[2025-05-02T20:00:17.530+0000] {processor.py:183} INFO - Processing /home/airflow/.local/lib/python3.12/site-packages/airflow/example_dags/example_branch_operator.py took 0.179 seconds
[2025-05-02T20:00:50.120+0000] {processor.py:161} INFO - Started process (PID=2157) to work on /home/airflow/.local/lib/python3.12/site-packages/airflow/example_dags/example_branch_operator.py
[2025-05-02T20:00:50.121+0000] {processor.py:830} INFO - Processing file /home/airflow/.local/lib/python3.12/site-packages/airflow/example_dags/example_branch_operator.py for tasks to queue
[2025-05-02T20:00:50.122+0000] {logging_mixin.py:188} INFO - [2025-05-02T20:00:50.122+0000] {dagbag.py:545} INFO - Filling up the DagBag from /home/airflow/.local/lib/python3.12/site-packages/airflow/example_dags/example_branch_operator.py
[2025-05-02T20:00:50.133+0000] {processor.py:840} INFO - DAG(s) 'example_branch_operator' retrieved from /home/airflow/.local/lib/python3.12/site-packages/airflow/example_dags/example_branch_operator.py
[2025-05-02T20:00:50.152+0000] {logging_mixin.py:188} INFO - [2025-05-02T20:00:50.151+0000] {dag.py:3096} INFO - Sync 1 DAGs
[2025-05-02T20:00:50.167+0000] {logging_mixin.py:188} INFO - [2025-05-02T20:00:50.167+0000] {dag.py:3954} INFO - Setting next_dagrun for example_branch_operator to 2025-05-01 00:00:00+00:00, run_after=2025-05-02 00:00:00+00:00
[2025-05-02T20:00:50.179+0000] {processor.py:183} INFO - Processing /home/airflow/.local/lib/python3.12/site-packages/airflow/example_dags/example_branch_operator.py took 0.062 seconds
[2025-05-02T20:01:23.283+0000] {processor.py:161} INFO - Started process (PID=2217) to work on /home/airflow/.local/lib/python3.12/site-packages/airflow/example_dags/example_branch_operator.py
[2025-05-02T20:01:23.284+0000] {processor.py:830} INFO - Processing file /home/airflow/.local/lib/python3.12/site-packages/airflow/example_dags/example_branch_operator.py for tasks to queue
[2025-05-02T20:01:23.285+0000] {logging_mixin.py:188} INFO - [2025-05-02T20:01:23.285+0000] {dagbag.py:545} INFO - Filling up the DagBag from /home/airflow/.local/lib/python3.12/site-packages/airflow/example_dags/example_branch_operator.py
[2025-05-02T20:01:23.299+0000] {processor.py:840} INFO - DAG(s) 'example_branch_operator' retrieved from /home/airflow/.local/lib/python3.12/site-packages/airflow/example_dags/example_branch_operator.py
[2025-05-02T20:01:23.322+0000] {logging_mixin.py:188} INFO - [2025-05-02T20:01:23.322+0000] {dag.py:3096} INFO - Sync 1 DAGs
[2025-05-02T20:01:23.339+0000] {logging_mixin.py:188} INFO - [2025-05-02T20:01:23.339+0000] {dag.py:3954} INFO - Setting next_dagrun for example_branch_operator to 2025-05-01 00:00:00+00:00, run_after=2025-05-02 00:00:00+00:00
[2025-05-02T20:01:23.354+0000] {processor.py:183} INFO - Processing /home/airflow/.local/lib/python3.12/site-packages/airflow/example_dags/example_branch_operator.py took 0.075 seconds
[2025-05-02T20:01:54.562+0000] {processor.py:161} INFO - Started process (PID=2277) to work on /home/airflow/.local/lib/python3.12/site-packages/airflow/example_dags/example_branch_operator.py
[2025-05-02T20:01:54.563+0000] {processor.py:830} INFO - Processing file /home/airflow/.local/lib/python3.12/site-packages/airflow/example_dags/example_branch_operator.py for tasks to queue
[2025-05-02T20:01:54.565+0000] {logging_mixin.py:188} INFO - [2025-05-02T20:01:54.564+0000] {dagbag.py:545} INFO - Filling up the DagBag from /home/airflow/.local/lib/python3.12/site-packages/airflow/example_dags/example_branch_operator.py
[2025-05-02T20:01:54.576+0000] {processor.py:840} INFO - DAG(s) 'example_branch_operator' retrieved from /home/airflow/.local/lib/python3.12/site-packages/airflow/example_dags/example_branch_operator.py
[2025-05-02T20:01:54.599+0000] {logging_mixin.py:188} INFO - [2025-05-02T20:01:54.599+0000] {dag.py:3096} INFO - Sync 1 DAGs
[2025-05-02T20:01:54.733+0000] {logging_mixin.py:188} INFO - [2025-05-02T20:01:54.732+0000] {dag.py:3954} INFO - Setting next_dagrun for example_branch_operator to 2025-05-01 00:00:00+00:00, run_after=2025-05-02 00:00:00+00:00
[2025-05-02T20:01:54.752+0000] {processor.py:183} INFO - Processing /home/airflow/.local/lib/python3.12/site-packages/airflow/example_dags/example_branch_operator.py took 0.195 seconds
[2025-05-02T20:02:26.833+0000] {processor.py:161} INFO - Started process (PID=2337) to work on /home/airflow/.local/lib/python3.12/site-packages/airflow/example_dags/example_branch_operator.py
[2025-05-02T20:02:26.834+0000] {processor.py:830} INFO - Processing file /home/airflow/.local/lib/python3.12/site-packages/airflow/example_dags/example_branch_operator.py for tasks to queue
[2025-05-02T20:02:26.836+0000] {logging_mixin.py:188} INFO - [2025-05-02T20:02:26.836+0000] {dagbag.py:545} INFO - Filling up the DagBag from /home/airflow/.local/lib/python3.12/site-packages/airflow/example_dags/example_branch_operator.py
[2025-05-02T20:02:26.850+0000] {processor.py:840} INFO - DAG(s) 'example_branch_operator' retrieved from /home/airflow/.local/lib/python3.12/site-packages/airflow/example_dags/example_branch_operator.py
[2025-05-02T20:02:26.872+0000] {logging_mixin.py:188} INFO - [2025-05-02T20:02:26.872+0000] {dag.py:3096} INFO - Sync 1 DAGs
[2025-05-02T20:02:26.888+0000] {logging_mixin.py:188} INFO - [2025-05-02T20:02:26.888+0000] {dag.py:3954} INFO - Setting next_dagrun for example_branch_operator to 2025-05-01 00:00:00+00:00, run_after=2025-05-02 00:00:00+00:00
[2025-05-02T20:02:26.904+0000] {processor.py:183} INFO - Processing /home/airflow/.local/lib/python3.12/site-packages/airflow/example_dags/example_branch_operator.py took 0.075 seconds
[2025-05-02T20:03:00.062+0000] {processor.py:161} INFO - Started process (PID=2398) to work on /home/airflow/.local/lib/python3.12/site-packages/airflow/example_dags/example_branch_operator.py
[2025-05-02T20:03:00.063+0000] {processor.py:830} INFO - Processing file /home/airflow/.local/lib/python3.12/site-packages/airflow/example_dags/example_branch_operator.py for tasks to queue
[2025-05-02T20:03:00.064+0000] {logging_mixin.py:188} INFO - [2025-05-02T20:03:00.064+0000] {dagbag.py:545} INFO - Filling up the DagBag from /home/airflow/.local/lib/python3.12/site-packages/airflow/example_dags/example_branch_operator.py
[2025-05-02T20:03:00.076+0000] {processor.py:840} INFO - DAG(s) 'example_branch_operator' retrieved from /home/airflow/.local/lib/python3.12/site-packages/airflow/example_dags/example_branch_operator.py
[2025-05-02T20:03:00.097+0000] {logging_mixin.py:188} INFO - [2025-05-02T20:03:00.097+0000] {dag.py:3096} INFO - Sync 1 DAGs
[2025-05-02T20:03:00.116+0000] {logging_mixin.py:188} INFO - [2025-05-02T20:03:00.115+0000] {dag.py:3954} INFO - Setting next_dagrun for example_branch_operator to 2025-05-01 00:00:00+00:00, run_after=2025-05-02 00:00:00+00:00
[2025-05-02T20:03:00.129+0000] {processor.py:183} INFO - Processing /home/airflow/.local/lib/python3.12/site-packages/airflow/example_dags/example_branch_operator.py took 0.072 seconds
[2025-05-02T20:03:33.734+0000] {processor.py:161} INFO - Started process (PID=2458) to work on /home/airflow/.local/lib/python3.12/site-packages/airflow/example_dags/example_branch_operator.py
[2025-05-02T20:03:33.735+0000] {processor.py:830} INFO - Processing file /home/airflow/.local/lib/python3.12/site-packages/airflow/example_dags/example_branch_operator.py for tasks to queue
[2025-05-02T20:03:33.736+0000] {logging_mixin.py:188} INFO - [2025-05-02T20:03:33.736+0000] {dagbag.py:545} INFO - Filling up the DagBag from /home/airflow/.local/lib/python3.12/site-packages/airflow/example_dags/example_branch_operator.py
[2025-05-02T20:03:33.749+0000] {processor.py:840} INFO - DAG(s) 'example_branch_operator' retrieved from /home/airflow/.local/lib/python3.12/site-packages/airflow/example_dags/example_branch_operator.py
[2025-05-02T20:03:33.875+0000] {logging_mixin.py:188} INFO - [2025-05-02T20:03:33.875+0000] {dag.py:3096} INFO - Sync 1 DAGs
[2025-05-02T20:03:33.893+0000] {logging_mixin.py:188} INFO - [2025-05-02T20:03:33.892+0000] {dag.py:3954} INFO - Setting next_dagrun for example_branch_operator to 2025-05-01 00:00:00+00:00, run_after=2025-05-02 00:00:00+00:00
[2025-05-02T20:03:33.910+0000] {processor.py:183} INFO - Processing /home/airflow/.local/lib/python3.12/site-packages/airflow/example_dags/example_branch_operator.py took 0.181 seconds
[2025-05-02T20:04:05.441+0000] {processor.py:161} INFO - Started process (PID=2518) to work on /home/airflow/.local/lib/python3.12/site-packages/airflow/example_dags/example_branch_operator.py
[2025-05-02T20:04:05.442+0000] {processor.py:830} INFO - Processing file /home/airflow/.local/lib/python3.12/site-packages/airflow/example_dags/example_branch_operator.py for tasks to queue
[2025-05-02T20:04:05.444+0000] {logging_mixin.py:188} INFO - [2025-05-02T20:04:05.443+0000] {dagbag.py:545} INFO - Filling up the DagBag from /home/airflow/.local/lib/python3.12/site-packages/airflow/example_dags/example_branch_operator.py
[2025-05-02T20:04:05.457+0000] {processor.py:840} INFO - DAG(s) 'example_branch_operator' retrieved from /home/airflow/.local/lib/python3.12/site-packages/airflow/example_dags/example_branch_operator.py
[2025-05-02T20:04:05.481+0000] {logging_mixin.py:188} INFO - [2025-05-02T20:04:05.481+0000] {dag.py:3096} INFO - Sync 1 DAGs
[2025-05-02T20:04:05.498+0000] {logging_mixin.py:188} INFO - [2025-05-02T20:04:05.497+0000] {dag.py:3954} INFO - Setting next_dagrun for example_branch_operator to 2025-05-01 00:00:00+00:00, run_after=2025-05-02 00:00:00+00:00
[2025-05-02T20:04:05.512+0000] {processor.py:183} INFO - Processing /home/airflow/.local/lib/python3.12/site-packages/airflow/example_dags/example_branch_operator.py took 0.077 seconds
[2025-05-02T20:04:37.785+0000] {processor.py:161} INFO - Started process (PID=2578) to work on /home/airflow/.local/lib/python3.12/site-packages/airflow/example_dags/example_branch_operator.py
[2025-05-02T20:04:37.786+0000] {processor.py:830} INFO - Processing file /home/airflow/.local/lib/python3.12/site-packages/airflow/example_dags/example_branch_operator.py for tasks to queue
[2025-05-02T20:04:37.788+0000] {logging_mixin.py:188} INFO - [2025-05-02T20:04:37.788+0000] {dagbag.py:545} INFO - Filling up the DagBag from /home/airflow/.local/lib/python3.12/site-packages/airflow/example_dags/example_branch_operator.py
[2025-05-02T20:04:37.802+0000] {processor.py:840} INFO - DAG(s) 'example_branch_operator' retrieved from /home/airflow/.local/lib/python3.12/site-packages/airflow/example_dags/example_branch_operator.py
[2025-05-02T20:04:37.831+0000] {logging_mixin.py:188} INFO - [2025-05-02T20:04:37.831+0000] {dag.py:3096} INFO - Sync 1 DAGs
[2025-05-02T20:04:37.849+0000] {logging_mixin.py:188} INFO - [2025-05-02T20:04:37.849+0000] {dag.py:3954} INFO - Setting next_dagrun for example_branch_operator to 2025-05-01 00:00:00+00:00, run_after=2025-05-02 00:00:00+00:00
[2025-05-02T20:04:37.863+0000] {processor.py:183} INFO - Processing /home/airflow/.local/lib/python3.12/site-packages/airflow/example_dags/example_branch_operator.py took 0.084 seconds
[2025-05-02T20:05:10.082+0000] {processor.py:161} INFO - Started process (PID=2638) to work on /home/airflow/.local/lib/python3.12/site-packages/airflow/example_dags/example_branch_operator.py
[2025-05-02T20:05:10.083+0000] {processor.py:830} INFO - Processing file /home/airflow/.local/lib/python3.12/site-packages/airflow/example_dags/example_branch_operator.py for tasks to queue
[2025-05-02T20:05:10.085+0000] {logging_mixin.py:188} INFO - [2025-05-02T20:05:10.085+0000] {dagbag.py:545} INFO - Filling up the DagBag from /home/airflow/.local/lib/python3.12/site-packages/airflow/example_dags/example_branch_operator.py
[2025-05-02T20:05:10.101+0000] {processor.py:840} INFO - DAG(s) 'example_branch_operator' retrieved from /home/airflow/.local/lib/python3.12/site-packages/airflow/example_dags/example_branch_operator.py
[2025-05-02T20:05:10.125+0000] {logging_mixin.py:188} INFO - [2025-05-02T20:05:10.124+0000] {dag.py:3096} INFO - Sync 1 DAGs
[2025-05-02T20:05:10.143+0000] {logging_mixin.py:188} INFO - [2025-05-02T20:05:10.142+0000] {dag.py:3954} INFO - Setting next_dagrun for example_branch_operator to 2025-05-01 00:00:00+00:00, run_after=2025-05-02 00:00:00+00:00
[2025-05-02T20:05:10.158+0000] {processor.py:183} INFO - Processing /home/airflow/.local/lib/python3.12/site-packages/airflow/example_dags/example_branch_operator.py took 0.081 seconds
[2025-05-02T20:05:42.415+0000] {processor.py:161} INFO - Started process (PID=2698) to work on /home/airflow/.local/lib/python3.12/site-packages/airflow/example_dags/example_branch_operator.py
[2025-05-02T20:05:42.416+0000] {processor.py:830} INFO - Processing file /home/airflow/.local/lib/python3.12/site-packages/airflow/example_dags/example_branch_operator.py for tasks to queue
[2025-05-02T20:05:42.417+0000] {logging_mixin.py:188} INFO - [2025-05-02T20:05:42.417+0000] {dagbag.py:545} INFO - Filling up the DagBag from /home/airflow/.local/lib/python3.12/site-packages/airflow/example_dags/example_branch_operator.py
[2025-05-02T20:05:42.428+0000] {processor.py:840} INFO - DAG(s) 'example_branch_operator' retrieved from /home/airflow/.local/lib/python3.12/site-packages/airflow/example_dags/example_branch_operator.py
[2025-05-02T20:05:42.449+0000] {logging_mixin.py:188} INFO - [2025-05-02T20:05:42.448+0000] {dag.py:3096} INFO - Sync 1 DAGs
[2025-05-02T20:05:42.466+0000] {logging_mixin.py:188} INFO - [2025-05-02T20:05:42.465+0000] {dag.py:3954} INFO - Setting next_dagrun for example_branch_operator to 2025-05-01 00:00:00+00:00, run_after=2025-05-02 00:00:00+00:00
[2025-05-02T20:05:42.481+0000] {processor.py:183} INFO - Processing /home/airflow/.local/lib/python3.12/site-packages/airflow/example_dags/example_branch_operator.py took 0.070 seconds
[2025-05-02T20:06:15.435+0000] {processor.py:161} INFO - Started process (PID=2758) to work on /home/airflow/.local/lib/python3.12/site-packages/airflow/example_dags/example_branch_operator.py
[2025-05-02T20:06:15.436+0000] {processor.py:830} INFO - Processing file /home/airflow/.local/lib/python3.12/site-packages/airflow/example_dags/example_branch_operator.py for tasks to queue
[2025-05-02T20:06:15.438+0000] {logging_mixin.py:188} INFO - [2025-05-02T20:06:15.438+0000] {dagbag.py:545} INFO - Filling up the DagBag from /home/airflow/.local/lib/python3.12/site-packages/airflow/example_dags/example_branch_operator.py
[2025-05-02T20:06:15.455+0000] {processor.py:840} INFO - DAG(s) 'example_branch_operator' retrieved from /home/airflow/.local/lib/python3.12/site-packages/airflow/example_dags/example_branch_operator.py
[2025-05-02T20:06:15.483+0000] {logging_mixin.py:188} INFO - [2025-05-02T20:06:15.483+0000] {dag.py:3096} INFO - Sync 1 DAGs
[2025-05-02T20:06:15.500+0000] {logging_mixin.py:188} INFO - [2025-05-02T20:06:15.500+0000] {dag.py:3954} INFO - Setting next_dagrun for example_branch_operator to 2025-05-01 00:00:00+00:00, run_after=2025-05-02 00:00:00+00:00
[2025-05-02T20:06:15.515+0000] {processor.py:183} INFO - Processing /home/airflow/.local/lib/python3.12/site-packages/airflow/example_dags/example_branch_operator.py took 0.085 seconds
[2025-05-02T20:06:47.439+0000] {processor.py:161} INFO - Started process (PID=2818) to work on /home/airflow/.local/lib/python3.12/site-packages/airflow/example_dags/example_branch_operator.py
[2025-05-02T20:06:47.440+0000] {processor.py:830} INFO - Processing file /home/airflow/.local/lib/python3.12/site-packages/airflow/example_dags/example_branch_operator.py for tasks to queue
[2025-05-02T20:06:47.442+0000] {logging_mixin.py:188} INFO - [2025-05-02T20:06:47.442+0000] {dagbag.py:545} INFO - Filling up the DagBag from /home/airflow/.local/lib/python3.12/site-packages/airflow/example_dags/example_branch_operator.py
[2025-05-02T20:06:47.457+0000] {processor.py:840} INFO - DAG(s) 'example_branch_operator' retrieved from /home/airflow/.local/lib/python3.12/site-packages/airflow/example_dags/example_branch_operator.py
[2025-05-02T20:06:47.477+0000] {logging_mixin.py:188} INFO - [2025-05-02T20:06:47.477+0000] {dag.py:3096} INFO - Sync 1 DAGs
[2025-05-02T20:06:47.493+0000] {logging_mixin.py:188} INFO - [2025-05-02T20:06:47.492+0000] {dag.py:3954} INFO - Setting next_dagrun for example_branch_operator to 2025-05-01 00:00:00+00:00, run_after=2025-05-02 00:00:00+00:00
[2025-05-02T20:06:47.505+0000] {processor.py:183} INFO - Processing /home/airflow/.local/lib/python3.12/site-packages/airflow/example_dags/example_branch_operator.py took 0.071 seconds
[2025-05-02T20:07:20.774+0000] {processor.py:161} INFO - Started process (PID=2878) to work on /home/airflow/.local/lib/python3.12/site-packages/airflow/example_dags/example_branch_operator.py
[2025-05-02T20:07:20.775+0000] {processor.py:830} INFO - Processing file /home/airflow/.local/lib/python3.12/site-packages/airflow/example_dags/example_branch_operator.py for tasks to queue
[2025-05-02T20:07:20.777+0000] {logging_mixin.py:188} INFO - [2025-05-02T20:07:20.776+0000] {dagbag.py:545} INFO - Filling up the DagBag from /home/airflow/.local/lib/python3.12/site-packages/airflow/example_dags/example_branch_operator.py
[2025-05-02T20:07:20.801+0000] {processor.py:840} INFO - DAG(s) 'example_branch_operator' retrieved from /home/airflow/.local/lib/python3.12/site-packages/airflow/example_dags/example_branch_operator.py
[2025-05-02T20:07:20.831+0000] {logging_mixin.py:188} INFO - [2025-05-02T20:07:20.831+0000] {dag.py:3096} INFO - Sync 1 DAGs
[2025-05-02T20:07:20.850+0000] {logging_mixin.py:188} INFO - [2025-05-02T20:07:20.849+0000] {dag.py:3954} INFO - Setting next_dagrun for example_branch_operator to 2025-05-01 00:00:00+00:00, run_after=2025-05-02 00:00:00+00:00
[2025-05-02T20:07:20.865+0000] {processor.py:183} INFO - Processing /home/airflow/.local/lib/python3.12/site-packages/airflow/example_dags/example_branch_operator.py took 0.097 seconds
[2025-05-02T20:07:53.109+0000] {processor.py:161} INFO - Started process (PID=2939) to work on /home/airflow/.local/lib/python3.12/site-packages/airflow/example_dags/example_branch_operator.py
[2025-05-02T20:07:53.110+0000] {processor.py:830} INFO - Processing file /home/airflow/.local/lib/python3.12/site-packages/airflow/example_dags/example_branch_operator.py for tasks to queue
[2025-05-02T20:07:53.111+0000] {logging_mixin.py:188} INFO - [2025-05-02T20:07:53.111+0000] {dagbag.py:545} INFO - Filling up the DagBag from /home/airflow/.local/lib/python3.12/site-packages/airflow/example_dags/example_branch_operator.py
[2025-05-02T20:07:53.125+0000] {processor.py:840} INFO - DAG(s) 'example_branch_operator' retrieved from /home/airflow/.local/lib/python3.12/site-packages/airflow/example_dags/example_branch_operator.py
[2025-05-02T20:07:53.153+0000] {logging_mixin.py:188} INFO - [2025-05-02T20:07:53.152+0000] {dag.py:3096} INFO - Sync 1 DAGs
[2025-05-02T20:07:53.174+0000] {logging_mixin.py:188} INFO - [2025-05-02T20:07:53.174+0000] {dag.py:3954} INFO - Setting next_dagrun for example_branch_operator to 2025-05-01 00:00:00+00:00, run_after=2025-05-02 00:00:00+00:00
[2025-05-02T20:07:53.190+0000] {processor.py:183} INFO - Processing /home/airflow/.local/lib/python3.12/site-packages/airflow/example_dags/example_branch_operator.py took 0.086 seconds
[2025-05-02T20:08:25.357+0000] {processor.py:161} INFO - Started process (PID=2999) to work on /home/airflow/.local/lib/python3.12/site-packages/airflow/example_dags/example_branch_operator.py
[2025-05-02T20:08:25.358+0000] {processor.py:830} INFO - Processing file /home/airflow/.local/lib/python3.12/site-packages/airflow/example_dags/example_branch_operator.py for tasks to queue
[2025-05-02T20:08:25.359+0000] {logging_mixin.py:188} INFO - [2025-05-02T20:08:25.359+0000] {dagbag.py:545} INFO - Filling up the DagBag from /home/airflow/.local/lib/python3.12/site-packages/airflow/example_dags/example_branch_operator.py
[2025-05-02T20:08:25.370+0000] {processor.py:840} INFO - DAG(s) 'example_branch_operator' retrieved from /home/airflow/.local/lib/python3.12/site-packages/airflow/example_dags/example_branch_operator.py
[2025-05-02T20:08:25.391+0000] {logging_mixin.py:188} INFO - [2025-05-02T20:08:25.390+0000] {dag.py:3096} INFO - Sync 1 DAGs
[2025-05-02T20:08:25.406+0000] {logging_mixin.py:188} INFO - [2025-05-02T20:08:25.406+0000] {dag.py:3954} INFO - Setting next_dagrun for example_branch_operator to 2025-05-01 00:00:00+00:00, run_after=2025-05-02 00:00:00+00:00
[2025-05-02T20:08:25.418+0000] {processor.py:183} INFO - Processing /home/airflow/.local/lib/python3.12/site-packages/airflow/example_dags/example_branch_operator.py took 0.065 seconds
[2025-05-02T20:08:58.663+0000] {processor.py:161} INFO - Started process (PID=3059) to work on /home/airflow/.local/lib/python3.12/site-packages/airflow/example_dags/example_branch_operator.py
[2025-05-02T20:08:58.664+0000] {processor.py:830} INFO - Processing file /home/airflow/.local/lib/python3.12/site-packages/airflow/example_dags/example_branch_operator.py for tasks to queue
[2025-05-02T20:08:58.666+0000] {logging_mixin.py:188} INFO - [2025-05-02T20:08:58.665+0000] {dagbag.py:545} INFO - Filling up the DagBag from /home/airflow/.local/lib/python3.12/site-packages/airflow/example_dags/example_branch_operator.py
[2025-05-02T20:08:58.678+0000] {processor.py:840} INFO - DAG(s) 'example_branch_operator' retrieved from /home/airflow/.local/lib/python3.12/site-packages/airflow/example_dags/example_branch_operator.py
[2025-05-02T20:08:58.699+0000] {logging_mixin.py:188} INFO - [2025-05-02T20:08:58.699+0000] {dag.py:3096} INFO - Sync 1 DAGs
[2025-05-02T20:08:58.716+0000] {logging_mixin.py:188} INFO - [2025-05-02T20:08:58.716+0000] {dag.py:3954} INFO - Setting next_dagrun for example_branch_operator to 2025-05-01 00:00:00+00:00, run_after=2025-05-02 00:00:00+00:00
[2025-05-02T20:08:58.731+0000] {processor.py:183} INFO - Processing /home/airflow/.local/lib/python3.12/site-packages/airflow/example_dags/example_branch_operator.py took 0.073 seconds
[2025-05-02T20:09:31.334+0000] {processor.py:161} INFO - Started process (PID=3119) to work on /home/airflow/.local/lib/python3.12/site-packages/airflow/example_dags/example_branch_operator.py
[2025-05-02T20:09:31.335+0000] {processor.py:830} INFO - Processing file /home/airflow/.local/lib/python3.12/site-packages/airflow/example_dags/example_branch_operator.py for tasks to queue
[2025-05-02T20:09:31.336+0000] {logging_mixin.py:188} INFO - [2025-05-02T20:09:31.336+0000] {dagbag.py:545} INFO - Filling up the DagBag from /home/airflow/.local/lib/python3.12/site-packages/airflow/example_dags/example_branch_operator.py
[2025-05-02T20:09:31.348+0000] {processor.py:840} INFO - DAG(s) 'example_branch_operator' retrieved from /home/airflow/.local/lib/python3.12/site-packages/airflow/example_dags/example_branch_operator.py
[2025-05-02T20:09:31.369+0000] {logging_mixin.py:188} INFO - [2025-05-02T20:09:31.368+0000] {dag.py:3096} INFO - Sync 1 DAGs
[2025-05-02T20:09:31.384+0000] {logging_mixin.py:188} INFO - [2025-05-02T20:09:31.384+0000] {dag.py:3954} INFO - Setting next_dagrun for example_branch_operator to 2025-05-01 00:00:00+00:00, run_after=2025-05-02 00:00:00+00:00
[2025-05-02T20:09:31.399+0000] {processor.py:183} INFO - Processing /home/airflow/.local/lib/python3.12/site-packages/airflow/example_dags/example_branch_operator.py took 0.070 seconds
[2025-05-02T20:10:03.619+0000] {processor.py:161} INFO - Started process (PID=3179) to work on /home/airflow/.local/lib/python3.12/site-packages/airflow/example_dags/example_branch_operator.py
[2025-05-02T20:10:03.620+0000] {processor.py:830} INFO - Processing file /home/airflow/.local/lib/python3.12/site-packages/airflow/example_dags/example_branch_operator.py for tasks to queue
[2025-05-02T20:10:03.622+0000] {logging_mixin.py:188} INFO - [2025-05-02T20:10:03.621+0000] {dagbag.py:545} INFO - Filling up the DagBag from /home/airflow/.local/lib/python3.12/site-packages/airflow/example_dags/example_branch_operator.py
[2025-05-02T20:10:03.633+0000] {processor.py:840} INFO - DAG(s) 'example_branch_operator' retrieved from /home/airflow/.local/lib/python3.12/site-packages/airflow/example_dags/example_branch_operator.py
[2025-05-02T20:10:03.651+0000] {logging_mixin.py:188} INFO - [2025-05-02T20:10:03.651+0000] {dag.py:3096} INFO - Sync 1 DAGs
[2025-05-02T20:10:03.666+0000] {logging_mixin.py:188} INFO - [2025-05-02T20:10:03.666+0000] {dag.py:3954} INFO - Setting next_dagrun for example_branch_operator to 2025-05-01 00:00:00+00:00, run_after=2025-05-02 00:00:00+00:00
[2025-05-02T20:10:03.678+0000] {processor.py:183} INFO - Processing /home/airflow/.local/lib/python3.12/site-packages/airflow/example_dags/example_branch_operator.py took 0.063 seconds
[2025-05-02T20:10:35.483+0000] {processor.py:161} INFO - Started process (PID=3239) to work on /home/airflow/.local/lib/python3.12/site-packages/airflow/example_dags/example_branch_operator.py
[2025-05-02T20:10:35.484+0000] {processor.py:830} INFO - Processing file /home/airflow/.local/lib/python3.12/site-packages/airflow/example_dags/example_branch_operator.py for tasks to queue
[2025-05-02T20:10:35.485+0000] {logging_mixin.py:188} INFO - [2025-05-02T20:10:35.485+0000] {dagbag.py:545} INFO - Filling up the DagBag from /home/airflow/.local/lib/python3.12/site-packages/airflow/example_dags/example_branch_operator.py
[2025-05-02T20:10:35.502+0000] {processor.py:840} INFO - DAG(s) 'example_branch_operator' retrieved from /home/airflow/.local/lib/python3.12/site-packages/airflow/example_dags/example_branch_operator.py
[2025-05-02T20:10:35.534+0000] {logging_mixin.py:188} INFO - [2025-05-02T20:10:35.534+0000] {dag.py:3096} INFO - Sync 1 DAGs
[2025-05-02T20:10:35.564+0000] {logging_mixin.py:188} INFO - [2025-05-02T20:10:35.563+0000] {dag.py:3954} INFO - Setting next_dagrun for example_branch_operator to 2025-05-01 00:00:00+00:00, run_after=2025-05-02 00:00:00+00:00
[2025-05-02T20:10:35.585+0000] {processor.py:183} INFO - Processing /home/airflow/.local/lib/python3.12/site-packages/airflow/example_dags/example_branch_operator.py took 0.105 seconds
[2025-05-02T20:11:08.743+0000] {processor.py:161} INFO - Started process (PID=3299) to work on /home/airflow/.local/lib/python3.12/site-packages/airflow/example_dags/example_branch_operator.py
[2025-05-02T20:11:08.744+0000] {processor.py:830} INFO - Processing file /home/airflow/.local/lib/python3.12/site-packages/airflow/example_dags/example_branch_operator.py for tasks to queue
[2025-05-02T20:11:08.745+0000] {logging_mixin.py:188} INFO - [2025-05-02T20:11:08.745+0000] {dagbag.py:545} INFO - Filling up the DagBag from /home/airflow/.local/lib/python3.12/site-packages/airflow/example_dags/example_branch_operator.py
[2025-05-02T20:11:08.757+0000] {processor.py:840} INFO - DAG(s) 'example_branch_operator' retrieved from /home/airflow/.local/lib/python3.12/site-packages/airflow/example_dags/example_branch_operator.py
[2025-05-02T20:11:08.779+0000] {logging_mixin.py:188} INFO - [2025-05-02T20:11:08.779+0000] {dag.py:3096} INFO - Sync 1 DAGs
[2025-05-02T20:11:08.798+0000] {logging_mixin.py:188} INFO - [2025-05-02T20:11:08.798+0000] {dag.py:3954} INFO - Setting next_dagrun for example_branch_operator to 2025-05-01 00:00:00+00:00, run_after=2025-05-02 00:00:00+00:00
[2025-05-02T20:11:08.813+0000] {processor.py:183} INFO - Processing /home/airflow/.local/lib/python3.12/site-packages/airflow/example_dags/example_branch_operator.py took 0.074 seconds
[2025-05-02T20:11:40.731+0000] {processor.py:161} INFO - Started process (PID=3359) to work on /home/airflow/.local/lib/python3.12/site-packages/airflow/example_dags/example_branch_operator.py
[2025-05-02T20:11:40.733+0000] {processor.py:830} INFO - Processing file /home/airflow/.local/lib/python3.12/site-packages/airflow/example_dags/example_branch_operator.py for tasks to queue
[2025-05-02T20:11:40.735+0000] {logging_mixin.py:188} INFO - [2025-05-02T20:11:40.734+0000] {dagbag.py:545} INFO - Filling up the DagBag from /home/airflow/.local/lib/python3.12/site-packages/airflow/example_dags/example_branch_operator.py
[2025-05-02T20:11:40.750+0000] {processor.py:840} INFO - DAG(s) 'example_branch_operator' retrieved from /home/airflow/.local/lib/python3.12/site-packages/airflow/example_dags/example_branch_operator.py
[2025-05-02T20:11:40.782+0000] {logging_mixin.py:188} INFO - [2025-05-02T20:11:40.781+0000] {dag.py:3096} INFO - Sync 1 DAGs
[2025-05-02T20:11:40.817+0000] {logging_mixin.py:188} INFO - [2025-05-02T20:11:40.816+0000] {dag.py:3954} INFO - Setting next_dagrun for example_branch_operator to 2025-05-01 00:00:00+00:00, run_after=2025-05-02 00:00:00+00:00
[2025-05-02T20:11:40.834+0000] {processor.py:183} INFO - Processing /home/airflow/.local/lib/python3.12/site-packages/airflow/example_dags/example_branch_operator.py took 0.108 seconds
[2025-05-02T20:12:13.991+0000] {processor.py:161} INFO - Started process (PID=3419) to work on /home/airflow/.local/lib/python3.12/site-packages/airflow/example_dags/example_branch_operator.py
[2025-05-02T20:12:13.993+0000] {processor.py:830} INFO - Processing file /home/airflow/.local/lib/python3.12/site-packages/airflow/example_dags/example_branch_operator.py for tasks to queue
[2025-05-02T20:12:13.994+0000] {logging_mixin.py:188} INFO - [2025-05-02T20:12:13.994+0000] {dagbag.py:545} INFO - Filling up the DagBag from /home/airflow/.local/lib/python3.12/site-packages/airflow/example_dags/example_branch_operator.py
[2025-05-02T20:12:14.012+0000] {processor.py:840} INFO - DAG(s) 'example_branch_operator' retrieved from /home/airflow/.local/lib/python3.12/site-packages/airflow/example_dags/example_branch_operator.py
[2025-05-02T20:12:14.034+0000] {logging_mixin.py:188} INFO - [2025-05-02T20:12:14.034+0000] {dag.py:3096} INFO - Sync 1 DAGs
[2025-05-02T20:12:14.053+0000] {logging_mixin.py:188} INFO - [2025-05-02T20:12:14.053+0000] {dag.py:3954} INFO - Setting next_dagrun for example_branch_operator to 2025-05-01 00:00:00+00:00, run_after=2025-05-02 00:00:00+00:00
[2025-05-02T20:12:14.066+0000] {processor.py:183} INFO - Processing /home/airflow/.local/lib/python3.12/site-packages/airflow/example_dags/example_branch_operator.py took 0.083 seconds
[2025-05-02T20:12:46.162+0000] {processor.py:161} INFO - Started process (PID=3479) to work on /home/airflow/.local/lib/python3.12/site-packages/airflow/example_dags/example_branch_operator.py
[2025-05-02T20:12:46.163+0000] {processor.py:830} INFO - Processing file /home/airflow/.local/lib/python3.12/site-packages/airflow/example_dags/example_branch_operator.py for tasks to queue
[2025-05-02T20:12:46.164+0000] {logging_mixin.py:188} INFO - [2025-05-02T20:12:46.164+0000] {dagbag.py:545} INFO - Filling up the DagBag from /home/airflow/.local/lib/python3.12/site-packages/airflow/example_dags/example_branch_operator.py
[2025-05-02T20:12:46.179+0000] {processor.py:840} INFO - DAG(s) 'example_branch_operator' retrieved from /home/airflow/.local/lib/python3.12/site-packages/airflow/example_dags/example_branch_operator.py
[2025-05-02T20:12:46.199+0000] {logging_mixin.py:188} INFO - [2025-05-02T20:12:46.199+0000] {dag.py:3096} INFO - Sync 1 DAGs
[2025-05-02T20:12:46.216+0000] {logging_mixin.py:188} INFO - [2025-05-02T20:12:46.216+0000] {dag.py:3954} INFO - Setting next_dagrun for example_branch_operator to 2025-05-01 00:00:00+00:00, run_after=2025-05-02 00:00:00+00:00
[2025-05-02T20:12:46.230+0000] {processor.py:183} INFO - Processing /home/airflow/.local/lib/python3.12/site-packages/airflow/example_dags/example_branch_operator.py took 0.073 seconds
