[2025-05-02T19:42:19.877+0000] {processor.py:161} INFO - Started process (PID=48) to work on /home/airflow/.local/lib/python3.12/site-packages/airflow/example_dags/example_bash_decorator.py
[2025-05-02T19:42:19.878+0000] {processor.py:830} INFO - Processing file /home/airflow/.local/lib/python3.12/site-packages/airflow/example_dags/example_bash_decorator.py for tasks to queue
[2025-05-02T19:42:19.880+0000] {logging_mixin.py:188} INFO - [2025-05-02T19:42:19.880+0000] {dagbag.py:545} INFO - Filling up the DagBag from /home/airflow/.local/lib/python3.12/site-packages/airflow/example_dags/example_bash_decorator.py
[2025-05-02T19:42:19.902+0000] {processor.py:840} INFO - DAG(s) 'example_bash_decorator' retrieved from /home/airflow/.local/lib/python3.12/site-packages/airflow/example_dags/example_bash_decorator.py
[2025-05-02T19:42:20.004+0000] {logging_mixin.py:188} INFO - [2025-05-02T19:42:20.003+0000] {override.py:1829} INFO - Created Permission View: can edit on DAG:example_bash_decorator
[2025-05-02T19:42:20.014+0000] {logging_mixin.py:188} INFO - [2025-05-02T19:42:20.013+0000] {override.py:1829} INFO - Created Permission View: can read on DAG:example_bash_decorator
[2025-05-02T19:42:20.021+0000] {logging_mixin.py:188} INFO - [2025-05-02T19:42:20.021+0000] {override.py:1829} INFO - Created Permission View: can delete on DAG:example_bash_decorator
[2025-05-02T19:42:20.021+0000] {logging_mixin.py:188} INFO - [2025-05-02T19:42:20.021+0000] {dag.py:3096} INFO - Sync 1 DAGs
[2025-05-02T19:42:20.033+0000] {logging_mixin.py:188} INFO - [2025-05-02T19:42:20.033+0000] {dag.py:3118} INFO - Creating ORM DAG for example_bash_decorator
[2025-05-02T19:42:20.035+0000] {logging_mixin.py:188} INFO - [2025-05-02T19:42:20.034+0000] {dag.py:3954} INFO - Setting next_dagrun for example_bash_decorator to None, run_after=None
[2025-05-02T19:42:20.052+0000] {processor.py:183} INFO - Processing /home/airflow/.local/lib/python3.12/site-packages/airflow/example_dags/example_bash_decorator.py took 0.182 seconds
[2025-05-02T19:42:50.327+0000] {processor.py:161} INFO - Started process (PID=108) to work on /home/airflow/.local/lib/python3.12/site-packages/airflow/example_dags/example_bash_decorator.py
[2025-05-02T19:42:50.328+0000] {processor.py:830} INFO - Processing file /home/airflow/.local/lib/python3.12/site-packages/airflow/example_dags/example_bash_decorator.py for tasks to queue
[2025-05-02T19:42:50.330+0000] {logging_mixin.py:188} INFO - [2025-05-02T19:42:50.330+0000] {dagbag.py:545} INFO - Filling up the DagBag from /home/airflow/.local/lib/python3.12/site-packages/airflow/example_dags/example_bash_decorator.py
[2025-05-02T19:42:50.343+0000] {processor.py:840} INFO - DAG(s) 'example_bash_decorator' retrieved from /home/airflow/.local/lib/python3.12/site-packages/airflow/example_dags/example_bash_decorator.py
[2025-05-02T19:42:50.360+0000] {logging_mixin.py:188} INFO - [2025-05-02T19:42:50.360+0000] {dag.py:3096} INFO - Sync 1 DAGs
[2025-05-02T19:42:50.374+0000] {logging_mixin.py:188} INFO - [2025-05-02T19:42:50.374+0000] {dag.py:3954} INFO - Setting next_dagrun for example_bash_decorator to None, run_after=None
[2025-05-02T19:42:50.394+0000] {processor.py:183} INFO - Processing /home/airflow/.local/lib/python3.12/site-packages/airflow/example_dags/example_bash_decorator.py took 0.073 seconds
[2025-05-02T19:43:20.567+0000] {processor.py:161} INFO - Started process (PID=168) to work on /home/airflow/.local/lib/python3.12/site-packages/airflow/example_dags/example_bash_decorator.py
[2025-05-02T19:43:20.568+0000] {processor.py:830} INFO - Processing file /home/airflow/.local/lib/python3.12/site-packages/airflow/example_dags/example_bash_decorator.py for tasks to queue
[2025-05-02T19:43:20.570+0000] {logging_mixin.py:188} INFO - [2025-05-02T19:43:20.569+0000] {dagbag.py:545} INFO - Filling up the DagBag from /home/airflow/.local/lib/python3.12/site-packages/airflow/example_dags/example_bash_decorator.py
[2025-05-02T19:43:20.581+0000] {processor.py:840} INFO - DAG(s) 'example_bash_decorator' retrieved from /home/airflow/.local/lib/python3.12/site-packages/airflow/example_dags/example_bash_decorator.py
[2025-05-02T19:43:20.599+0000] {logging_mixin.py:188} INFO - [2025-05-02T19:43:20.598+0000] {dag.py:3096} INFO - Sync 1 DAGs
[2025-05-02T19:43:20.610+0000] {logging_mixin.py:188} INFO - [2025-05-02T19:43:20.610+0000] {dag.py:3954} INFO - Setting next_dagrun for example_bash_decorator to None, run_after=None
[2025-05-02T19:43:20.625+0000] {processor.py:183} INFO - Processing /home/airflow/.local/lib/python3.12/site-packages/airflow/example_dags/example_bash_decorator.py took 0.065 seconds
[2025-05-02T19:43:51.510+0000] {processor.py:161} INFO - Started process (PID=228) to work on /home/airflow/.local/lib/python3.12/site-packages/airflow/example_dags/example_bash_decorator.py
[2025-05-02T19:43:51.529+0000] {processor.py:830} INFO - Processing file /home/airflow/.local/lib/python3.12/site-packages/airflow/example_dags/example_bash_decorator.py for tasks to queue
[2025-05-02T19:43:51.531+0000] {logging_mixin.py:188} INFO - [2025-05-02T19:43:51.530+0000] {dagbag.py:545} INFO - Filling up the DagBag from /home/airflow/.local/lib/python3.12/site-packages/airflow/example_dags/example_bash_decorator.py
[2025-05-02T19:43:51.544+0000] {processor.py:840} INFO - DAG(s) 'example_bash_decorator' retrieved from /home/airflow/.local/lib/python3.12/site-packages/airflow/example_dags/example_bash_decorator.py
[2025-05-02T19:43:51.563+0000] {logging_mixin.py:188} INFO - [2025-05-02T19:43:51.563+0000] {dag.py:3096} INFO - Sync 1 DAGs
[2025-05-02T19:43:51.594+0000] {logging_mixin.py:188} INFO - [2025-05-02T19:43:51.594+0000] {dag.py:3954} INFO - Setting next_dagrun for example_bash_decorator to None, run_after=None
[2025-05-02T19:43:51.623+0000] {processor.py:183} INFO - Processing /home/airflow/.local/lib/python3.12/site-packages/airflow/example_dags/example_bash_decorator.py took 0.118 seconds
[2025-05-02T19:44:22.120+0000] {processor.py:161} INFO - Started process (PID=288) to work on /home/airflow/.local/lib/python3.12/site-packages/airflow/example_dags/example_bash_decorator.py
[2025-05-02T19:44:22.121+0000] {processor.py:830} INFO - Processing file /home/airflow/.local/lib/python3.12/site-packages/airflow/example_dags/example_bash_decorator.py for tasks to queue
[2025-05-02T19:44:22.122+0000] {logging_mixin.py:188} INFO - [2025-05-02T19:44:22.122+0000] {dagbag.py:545} INFO - Filling up the DagBag from /home/airflow/.local/lib/python3.12/site-packages/airflow/example_dags/example_bash_decorator.py
[2025-05-02T19:44:22.133+0000] {processor.py:840} INFO - DAG(s) 'example_bash_decorator' retrieved from /home/airflow/.local/lib/python3.12/site-packages/airflow/example_dags/example_bash_decorator.py
[2025-05-02T19:44:22.152+0000] {logging_mixin.py:188} INFO - [2025-05-02T19:44:22.152+0000] {dag.py:3096} INFO - Sync 1 DAGs
[2025-05-02T19:44:22.167+0000] {logging_mixin.py:188} INFO - [2025-05-02T19:44:22.166+0000] {dag.py:3954} INFO - Setting next_dagrun for example_bash_decorator to None, run_after=None
[2025-05-02T19:44:22.186+0000] {processor.py:183} INFO - Processing /home/airflow/.local/lib/python3.12/site-packages/airflow/example_dags/example_bash_decorator.py took 0.070 seconds
[2025-05-02T19:44:52.226+0000] {processor.py:161} INFO - Started process (PID=346) to work on /home/airflow/.local/lib/python3.12/site-packages/airflow/example_dags/example_bash_decorator.py
[2025-05-02T19:44:52.227+0000] {processor.py:830} INFO - Processing file /home/airflow/.local/lib/python3.12/site-packages/airflow/example_dags/example_bash_decorator.py for tasks to queue
[2025-05-02T19:44:52.228+0000] {logging_mixin.py:188} INFO - [2025-05-02T19:44:52.228+0000] {dagbag.py:545} INFO - Filling up the DagBag from /home/airflow/.local/lib/python3.12/site-packages/airflow/example_dags/example_bash_decorator.py
[2025-05-02T19:44:52.238+0000] {processor.py:840} INFO - DAG(s) 'example_bash_decorator' retrieved from /home/airflow/.local/lib/python3.12/site-packages/airflow/example_dags/example_bash_decorator.py
[2025-05-02T19:44:52.254+0000] {logging_mixin.py:188} INFO - [2025-05-02T19:44:52.253+0000] {dag.py:3096} INFO - Sync 1 DAGs
[2025-05-02T19:44:52.263+0000] {logging_mixin.py:188} INFO - [2025-05-02T19:44:52.263+0000] {dag.py:3954} INFO - Setting next_dagrun for example_bash_decorator to None, run_after=None
[2025-05-02T19:44:52.276+0000] {processor.py:183} INFO - Processing /home/airflow/.local/lib/python3.12/site-packages/airflow/example_dags/example_bash_decorator.py took 0.054 seconds
[2025-05-02T19:45:22.585+0000] {processor.py:161} INFO - Started process (PID=406) to work on /home/airflow/.local/lib/python3.12/site-packages/airflow/example_dags/example_bash_decorator.py
[2025-05-02T19:45:22.586+0000] {processor.py:830} INFO - Processing file /home/airflow/.local/lib/python3.12/site-packages/airflow/example_dags/example_bash_decorator.py for tasks to queue
[2025-05-02T19:45:22.588+0000] {logging_mixin.py:188} INFO - [2025-05-02T19:45:22.588+0000] {dagbag.py:545} INFO - Filling up the DagBag from /home/airflow/.local/lib/python3.12/site-packages/airflow/example_dags/example_bash_decorator.py
[2025-05-02T19:45:22.600+0000] {processor.py:840} INFO - DAG(s) 'example_bash_decorator' retrieved from /home/airflow/.local/lib/python3.12/site-packages/airflow/example_dags/example_bash_decorator.py
[2025-05-02T19:45:22.619+0000] {logging_mixin.py:188} INFO - [2025-05-02T19:45:22.618+0000] {dag.py:3096} INFO - Sync 1 DAGs
[2025-05-02T19:45:22.630+0000] {logging_mixin.py:188} INFO - [2025-05-02T19:45:22.630+0000] {dag.py:3954} INFO - Setting next_dagrun for example_bash_decorator to None, run_after=None
[2025-05-02T19:45:22.643+0000] {processor.py:183} INFO - Processing /home/airflow/.local/lib/python3.12/site-packages/airflow/example_dags/example_bash_decorator.py took 0.063 seconds
[2025-05-02T19:45:52.799+0000] {processor.py:161} INFO - Started process (PID=466) to work on /home/airflow/.local/lib/python3.12/site-packages/airflow/example_dags/example_bash_decorator.py
[2025-05-02T19:45:52.799+0000] {processor.py:830} INFO - Processing file /home/airflow/.local/lib/python3.12/site-packages/airflow/example_dags/example_bash_decorator.py for tasks to queue
[2025-05-02T19:45:52.801+0000] {logging_mixin.py:188} INFO - [2025-05-02T19:45:52.801+0000] {dagbag.py:545} INFO - Filling up the DagBag from /home/airflow/.local/lib/python3.12/site-packages/airflow/example_dags/example_bash_decorator.py
[2025-05-02T19:45:52.811+0000] {processor.py:840} INFO - DAG(s) 'example_bash_decorator' retrieved from /home/airflow/.local/lib/python3.12/site-packages/airflow/example_dags/example_bash_decorator.py
[2025-05-02T19:45:52.829+0000] {logging_mixin.py:188} INFO - [2025-05-02T19:45:52.828+0000] {dag.py:3096} INFO - Sync 1 DAGs
[2025-05-02T19:45:52.838+0000] {logging_mixin.py:188} INFO - [2025-05-02T19:45:52.838+0000] {dag.py:3954} INFO - Setting next_dagrun for example_bash_decorator to None, run_after=None
[2025-05-02T19:45:52.851+0000] {processor.py:183} INFO - Processing /home/airflow/.local/lib/python3.12/site-packages/airflow/example_dags/example_bash_decorator.py took 0.058 seconds
[2025-05-02T19:46:23.159+0000] {processor.py:161} INFO - Started process (PID=526) to work on /home/airflow/.local/lib/python3.12/site-packages/airflow/example_dags/example_bash_decorator.py
[2025-05-02T19:46:23.160+0000] {processor.py:830} INFO - Processing file /home/airflow/.local/lib/python3.12/site-packages/airflow/example_dags/example_bash_decorator.py for tasks to queue
[2025-05-02T19:46:23.161+0000] {logging_mixin.py:188} INFO - [2025-05-02T19:46:23.161+0000] {dagbag.py:545} INFO - Filling up the DagBag from /home/airflow/.local/lib/python3.12/site-packages/airflow/example_dags/example_bash_decorator.py
[2025-05-02T19:46:23.176+0000] {processor.py:840} INFO - DAG(s) 'example_bash_decorator' retrieved from /home/airflow/.local/lib/python3.12/site-packages/airflow/example_dags/example_bash_decorator.py
[2025-05-02T19:46:23.193+0000] {logging_mixin.py:188} INFO - [2025-05-02T19:46:23.193+0000] {dag.py:3096} INFO - Sync 1 DAGs
[2025-05-02T19:46:23.203+0000] {logging_mixin.py:188} INFO - [2025-05-02T19:46:23.203+0000] {dag.py:3954} INFO - Setting next_dagrun for example_bash_decorator to None, run_after=None
[2025-05-02T19:46:23.245+0000] {processor.py:183} INFO - Processing /home/airflow/.local/lib/python3.12/site-packages/airflow/example_dags/example_bash_decorator.py took 0.092 seconds
[2025-05-02T19:46:53.477+0000] {processor.py:161} INFO - Started process (PID=586) to work on /home/airflow/.local/lib/python3.12/site-packages/airflow/example_dags/example_bash_decorator.py
[2025-05-02T19:46:53.478+0000] {processor.py:830} INFO - Processing file /home/airflow/.local/lib/python3.12/site-packages/airflow/example_dags/example_bash_decorator.py for tasks to queue
[2025-05-02T19:46:53.479+0000] {logging_mixin.py:188} INFO - [2025-05-02T19:46:53.479+0000] {dagbag.py:545} INFO - Filling up the DagBag from /home/airflow/.local/lib/python3.12/site-packages/airflow/example_dags/example_bash_decorator.py
[2025-05-02T19:46:53.488+0000] {processor.py:840} INFO - DAG(s) 'example_bash_decorator' retrieved from /home/airflow/.local/lib/python3.12/site-packages/airflow/example_dags/example_bash_decorator.py
[2025-05-02T19:46:53.507+0000] {logging_mixin.py:188} INFO - [2025-05-02T19:46:53.507+0000] {dag.py:3096} INFO - Sync 1 DAGs
[2025-05-02T19:46:53.517+0000] {logging_mixin.py:188} INFO - [2025-05-02T19:46:53.517+0000] {dag.py:3954} INFO - Setting next_dagrun for example_bash_decorator to None, run_after=None
[2025-05-02T19:46:53.531+0000] {processor.py:183} INFO - Processing /home/airflow/.local/lib/python3.12/site-packages/airflow/example_dags/example_bash_decorator.py took 0.059 seconds
[2025-05-02T19:47:23.824+0000] {processor.py:161} INFO - Started process (PID=640) to work on /home/airflow/.local/lib/python3.12/site-packages/airflow/example_dags/example_bash_decorator.py
[2025-05-02T19:47:23.824+0000] {processor.py:830} INFO - Processing file /home/airflow/.local/lib/python3.12/site-packages/airflow/example_dags/example_bash_decorator.py for tasks to queue
[2025-05-02T19:47:23.826+0000] {logging_mixin.py:188} INFO - [2025-05-02T19:47:23.825+0000] {dagbag.py:545} INFO - Filling up the DagBag from /home/airflow/.local/lib/python3.12/site-packages/airflow/example_dags/example_bash_decorator.py
[2025-05-02T19:47:23.836+0000] {processor.py:840} INFO - DAG(s) 'example_bash_decorator' retrieved from /home/airflow/.local/lib/python3.12/site-packages/airflow/example_dags/example_bash_decorator.py
[2025-05-02T19:47:23.853+0000] {logging_mixin.py:188} INFO - [2025-05-02T19:47:23.852+0000] {dag.py:3096} INFO - Sync 1 DAGs
[2025-05-02T19:47:23.862+0000] {logging_mixin.py:188} INFO - [2025-05-02T19:47:23.862+0000] {dag.py:3954} INFO - Setting next_dagrun for example_bash_decorator to None, run_after=None
[2025-05-02T19:47:23.875+0000] {processor.py:183} INFO - Processing /home/airflow/.local/lib/python3.12/site-packages/airflow/example_dags/example_bash_decorator.py took 0.056 seconds
[2025-05-02T19:47:54.299+0000] {processor.py:161} INFO - Started process (PID=700) to work on /home/airflow/.local/lib/python3.12/site-packages/airflow/example_dags/example_bash_decorator.py
[2025-05-02T19:47:54.300+0000] {processor.py:830} INFO - Processing file /home/airflow/.local/lib/python3.12/site-packages/airflow/example_dags/example_bash_decorator.py for tasks to queue
[2025-05-02T19:47:54.301+0000] {logging_mixin.py:188} INFO - [2025-05-02T19:47:54.301+0000] {dagbag.py:545} INFO - Filling up the DagBag from /home/airflow/.local/lib/python3.12/site-packages/airflow/example_dags/example_bash_decorator.py
[2025-05-02T19:47:54.312+0000] {processor.py:840} INFO - DAG(s) 'example_bash_decorator' retrieved from /home/airflow/.local/lib/python3.12/site-packages/airflow/example_dags/example_bash_decorator.py
[2025-05-02T19:47:54.330+0000] {logging_mixin.py:188} INFO - [2025-05-02T19:47:54.330+0000] {dag.py:3096} INFO - Sync 1 DAGs
[2025-05-02T19:47:54.340+0000] {logging_mixin.py:188} INFO - [2025-05-02T19:47:54.340+0000] {dag.py:3954} INFO - Setting next_dagrun for example_bash_decorator to None, run_after=None
[2025-05-02T19:47:54.354+0000] {processor.py:183} INFO - Processing /home/airflow/.local/lib/python3.12/site-packages/airflow/example_dags/example_bash_decorator.py took 0.060 seconds
[2025-05-02T19:48:24.645+0000] {processor.py:161} INFO - Started process (PID=760) to work on /home/airflow/.local/lib/python3.12/site-packages/airflow/example_dags/example_bash_decorator.py
[2025-05-02T19:48:24.646+0000] {processor.py:830} INFO - Processing file /home/airflow/.local/lib/python3.12/site-packages/airflow/example_dags/example_bash_decorator.py for tasks to queue
[2025-05-02T19:48:24.650+0000] {logging_mixin.py:188} INFO - [2025-05-02T19:48:24.649+0000] {dagbag.py:545} INFO - Filling up the DagBag from /home/airflow/.local/lib/python3.12/site-packages/airflow/example_dags/example_bash_decorator.py
[2025-05-02T19:48:24.676+0000] {processor.py:840} INFO - DAG(s) 'example_bash_decorator' retrieved from /home/airflow/.local/lib/python3.12/site-packages/airflow/example_dags/example_bash_decorator.py
[2025-05-02T19:48:24.705+0000] {logging_mixin.py:188} INFO - [2025-05-02T19:48:24.705+0000] {dag.py:3096} INFO - Sync 1 DAGs
[2025-05-02T19:48:24.718+0000] {logging_mixin.py:188} INFO - [2025-05-02T19:48:24.718+0000] {dag.py:3954} INFO - Setting next_dagrun for example_bash_decorator to None, run_after=None
[2025-05-02T19:48:24.737+0000] {processor.py:183} INFO - Processing /home/airflow/.local/lib/python3.12/site-packages/airflow/example_dags/example_bash_decorator.py took 0.099 seconds
[2025-05-02T19:48:55.786+0000] {processor.py:161} INFO - Started process (PID=820) to work on /home/airflow/.local/lib/python3.12/site-packages/airflow/example_dags/example_bash_decorator.py
[2025-05-02T19:48:55.786+0000] {processor.py:830} INFO - Processing file /home/airflow/.local/lib/python3.12/site-packages/airflow/example_dags/example_bash_decorator.py for tasks to queue
[2025-05-02T19:48:55.788+0000] {logging_mixin.py:188} INFO - [2025-05-02T19:48:55.788+0000] {dagbag.py:545} INFO - Filling up the DagBag from /home/airflow/.local/lib/python3.12/site-packages/airflow/example_dags/example_bash_decorator.py
[2025-05-02T19:48:55.799+0000] {processor.py:840} INFO - DAG(s) 'example_bash_decorator' retrieved from /home/airflow/.local/lib/python3.12/site-packages/airflow/example_dags/example_bash_decorator.py
[2025-05-02T19:48:55.820+0000] {logging_mixin.py:188} INFO - [2025-05-02T19:48:55.820+0000] {dag.py:3096} INFO - Sync 1 DAGs
[2025-05-02T19:48:55.830+0000] {logging_mixin.py:188} INFO - [2025-05-02T19:48:55.830+0000] {dag.py:3954} INFO - Setting next_dagrun for example_bash_decorator to None, run_after=None
[2025-05-02T19:48:55.845+0000] {processor.py:183} INFO - Processing /home/airflow/.local/lib/python3.12/site-packages/airflow/example_dags/example_bash_decorator.py took 0.065 seconds
[2025-05-02T19:49:28.378+0000] {processor.py:161} INFO - Started process (PID=881) to work on /home/airflow/.local/lib/python3.12/site-packages/airflow/example_dags/example_bash_decorator.py
[2025-05-02T19:49:28.379+0000] {processor.py:830} INFO - Processing file /home/airflow/.local/lib/python3.12/site-packages/airflow/example_dags/example_bash_decorator.py for tasks to queue
[2025-05-02T19:49:28.380+0000] {logging_mixin.py:188} INFO - [2025-05-02T19:49:28.380+0000] {dagbag.py:545} INFO - Filling up the DagBag from /home/airflow/.local/lib/python3.12/site-packages/airflow/example_dags/example_bash_decorator.py
[2025-05-02T19:49:28.390+0000] {processor.py:840} INFO - DAG(s) 'example_bash_decorator' retrieved from /home/airflow/.local/lib/python3.12/site-packages/airflow/example_dags/example_bash_decorator.py
[2025-05-02T19:49:28.408+0000] {logging_mixin.py:188} INFO - [2025-05-02T19:49:28.408+0000] {dag.py:3096} INFO - Sync 1 DAGs
[2025-05-02T19:49:28.419+0000] {logging_mixin.py:188} INFO - [2025-05-02T19:49:28.419+0000] {dag.py:3954} INFO - Setting next_dagrun for example_bash_decorator to None, run_after=None
[2025-05-02T19:49:28.435+0000] {processor.py:183} INFO - Processing /home/airflow/.local/lib/python3.12/site-packages/airflow/example_dags/example_bash_decorator.py took 0.062 seconds
[2025-05-02T19:50:00.358+0000] {processor.py:161} INFO - Started process (PID=941) to work on /home/airflow/.local/lib/python3.12/site-packages/airflow/example_dags/example_bash_decorator.py
[2025-05-02T19:50:00.359+0000] {processor.py:830} INFO - Processing file /home/airflow/.local/lib/python3.12/site-packages/airflow/example_dags/example_bash_decorator.py for tasks to queue
[2025-05-02T19:50:00.361+0000] {logging_mixin.py:188} INFO - [2025-05-02T19:50:00.360+0000] {dagbag.py:545} INFO - Filling up the DagBag from /home/airflow/.local/lib/python3.12/site-packages/airflow/example_dags/example_bash_decorator.py
[2025-05-02T19:50:00.372+0000] {processor.py:840} INFO - DAG(s) 'example_bash_decorator' retrieved from /home/airflow/.local/lib/python3.12/site-packages/airflow/example_dags/example_bash_decorator.py
[2025-05-02T19:50:00.395+0000] {logging_mixin.py:188} INFO - [2025-05-02T19:50:00.395+0000] {dag.py:3096} INFO - Sync 1 DAGs
[2025-05-02T19:50:00.407+0000] {logging_mixin.py:188} INFO - [2025-05-02T19:50:00.406+0000] {dag.py:3954} INFO - Setting next_dagrun for example_bash_decorator to None, run_after=None
[2025-05-02T19:50:00.428+0000] {processor.py:183} INFO - Processing /home/airflow/.local/lib/python3.12/site-packages/airflow/example_dags/example_bash_decorator.py took 0.074 seconds
[2025-05-02T19:50:33.290+0000] {processor.py:161} INFO - Started process (PID=1003) to work on /home/airflow/.local/lib/python3.12/site-packages/airflow/example_dags/example_bash_decorator.py
[2025-05-02T19:50:33.295+0000] {processor.py:830} INFO - Processing file /home/airflow/.local/lib/python3.12/site-packages/airflow/example_dags/example_bash_decorator.py for tasks to queue
[2025-05-02T19:50:33.297+0000] {logging_mixin.py:188} INFO - [2025-05-02T19:50:33.297+0000] {dagbag.py:545} INFO - Filling up the DagBag from /home/airflow/.local/lib/python3.12/site-packages/airflow/example_dags/example_bash_decorator.py
[2025-05-02T19:50:33.319+0000] {processor.py:840} INFO - DAG(s) 'example_bash_decorator' retrieved from /home/airflow/.local/lib/python3.12/site-packages/airflow/example_dags/example_bash_decorator.py
[2025-05-02T19:50:33.352+0000] {logging_mixin.py:188} INFO - [2025-05-02T19:50:33.351+0000] {dag.py:3096} INFO - Sync 1 DAGs
[2025-05-02T19:50:33.368+0000] {logging_mixin.py:188} INFO - [2025-05-02T19:50:33.367+0000] {dag.py:3954} INFO - Setting next_dagrun for example_bash_decorator to None, run_after=None
[2025-05-02T19:50:33.395+0000] {processor.py:183} INFO - Processing /home/airflow/.local/lib/python3.12/site-packages/airflow/example_dags/example_bash_decorator.py took 0.112 seconds
[2025-05-02T19:51:05.520+0000] {processor.py:161} INFO - Started process (PID=1063) to work on /home/airflow/.local/lib/python3.12/site-packages/airflow/example_dags/example_bash_decorator.py
[2025-05-02T19:51:05.521+0000] {processor.py:830} INFO - Processing file /home/airflow/.local/lib/python3.12/site-packages/airflow/example_dags/example_bash_decorator.py for tasks to queue
[2025-05-02T19:51:05.523+0000] {logging_mixin.py:188} INFO - [2025-05-02T19:51:05.522+0000] {dagbag.py:545} INFO - Filling up the DagBag from /home/airflow/.local/lib/python3.12/site-packages/airflow/example_dags/example_bash_decorator.py
[2025-05-02T19:51:05.532+0000] {processor.py:840} INFO - DAG(s) 'example_bash_decorator' retrieved from /home/airflow/.local/lib/python3.12/site-packages/airflow/example_dags/example_bash_decorator.py
[2025-05-02T19:51:05.550+0000] {logging_mixin.py:188} INFO - [2025-05-02T19:51:05.550+0000] {dag.py:3096} INFO - Sync 1 DAGs
[2025-05-02T19:51:05.561+0000] {logging_mixin.py:188} INFO - [2025-05-02T19:51:05.561+0000] {dag.py:3954} INFO - Setting next_dagrun for example_bash_decorator to None, run_after=None
[2025-05-02T19:51:05.578+0000] {processor.py:183} INFO - Processing /home/airflow/.local/lib/python3.12/site-packages/airflow/example_dags/example_bash_decorator.py took 0.062 seconds
[2025-05-02T19:51:37.862+0000] {processor.py:161} INFO - Started process (PID=1123) to work on /home/airflow/.local/lib/python3.12/site-packages/airflow/example_dags/example_bash_decorator.py
[2025-05-02T19:51:37.863+0000] {processor.py:830} INFO - Processing file /home/airflow/.local/lib/python3.12/site-packages/airflow/example_dags/example_bash_decorator.py for tasks to queue
[2025-05-02T19:51:37.865+0000] {logging_mixin.py:188} INFO - [2025-05-02T19:51:37.864+0000] {dagbag.py:545} INFO - Filling up the DagBag from /home/airflow/.local/lib/python3.12/site-packages/airflow/example_dags/example_bash_decorator.py
[2025-05-02T19:51:37.875+0000] {processor.py:840} INFO - DAG(s) 'example_bash_decorator' retrieved from /home/airflow/.local/lib/python3.12/site-packages/airflow/example_dags/example_bash_decorator.py
[2025-05-02T19:51:37.898+0000] {logging_mixin.py:188} INFO - [2025-05-02T19:51:37.898+0000] {dag.py:3096} INFO - Sync 1 DAGs
[2025-05-02T19:51:37.909+0000] {logging_mixin.py:188} INFO - [2025-05-02T19:51:37.909+0000] {dag.py:3954} INFO - Setting next_dagrun for example_bash_decorator to None, run_after=None
[2025-05-02T19:51:37.927+0000] {processor.py:183} INFO - Processing /home/airflow/.local/lib/python3.12/site-packages/airflow/example_dags/example_bash_decorator.py took 0.071 seconds
[2025-05-02T19:52:10.058+0000] {processor.py:161} INFO - Started process (PID=1183) to work on /home/airflow/.local/lib/python3.12/site-packages/airflow/example_dags/example_bash_decorator.py
[2025-05-02T19:52:10.059+0000] {processor.py:830} INFO - Processing file /home/airflow/.local/lib/python3.12/site-packages/airflow/example_dags/example_bash_decorator.py for tasks to queue
[2025-05-02T19:52:10.061+0000] {logging_mixin.py:188} INFO - [2025-05-02T19:52:10.061+0000] {dagbag.py:545} INFO - Filling up the DagBag from /home/airflow/.local/lib/python3.12/site-packages/airflow/example_dags/example_bash_decorator.py
[2025-05-02T19:52:10.071+0000] {processor.py:840} INFO - DAG(s) 'example_bash_decorator' retrieved from /home/airflow/.local/lib/python3.12/site-packages/airflow/example_dags/example_bash_decorator.py
[2025-05-02T19:52:10.091+0000] {logging_mixin.py:188} INFO - [2025-05-02T19:52:10.091+0000] {dag.py:3096} INFO - Sync 1 DAGs
[2025-05-02T19:52:10.100+0000] {logging_mixin.py:188} INFO - [2025-05-02T19:52:10.100+0000] {dag.py:3954} INFO - Setting next_dagrun for example_bash_decorator to None, run_after=None
[2025-05-02T19:52:10.112+0000] {processor.py:183} INFO - Processing /home/airflow/.local/lib/python3.12/site-packages/airflow/example_dags/example_bash_decorator.py took 0.059 seconds
[2025-05-02T19:52:42.674+0000] {processor.py:161} INFO - Started process (PID=1243) to work on /home/airflow/.local/lib/python3.12/site-packages/airflow/example_dags/example_bash_decorator.py
[2025-05-02T19:52:42.674+0000] {processor.py:830} INFO - Processing file /home/airflow/.local/lib/python3.12/site-packages/airflow/example_dags/example_bash_decorator.py for tasks to queue
[2025-05-02T19:52:42.676+0000] {logging_mixin.py:188} INFO - [2025-05-02T19:52:42.676+0000] {dagbag.py:545} INFO - Filling up the DagBag from /home/airflow/.local/lib/python3.12/site-packages/airflow/example_dags/example_bash_decorator.py
[2025-05-02T19:52:42.686+0000] {processor.py:840} INFO - DAG(s) 'example_bash_decorator' retrieved from /home/airflow/.local/lib/python3.12/site-packages/airflow/example_dags/example_bash_decorator.py
[2025-05-02T19:52:42.706+0000] {logging_mixin.py:188} INFO - [2025-05-02T19:52:42.706+0000] {dag.py:3096} INFO - Sync 1 DAGs
[2025-05-02T19:52:42.718+0000] {logging_mixin.py:188} INFO - [2025-05-02T19:52:42.718+0000] {dag.py:3954} INFO - Setting next_dagrun for example_bash_decorator to None, run_after=None
[2025-05-02T19:52:42.735+0000] {processor.py:183} INFO - Processing /home/airflow/.local/lib/python3.12/site-packages/airflow/example_dags/example_bash_decorator.py took 0.067 seconds
[2025-05-02T19:53:15.129+0000] {processor.py:161} INFO - Started process (PID=1303) to work on /home/airflow/.local/lib/python3.12/site-packages/airflow/example_dags/example_bash_decorator.py
[2025-05-02T19:53:15.130+0000] {processor.py:830} INFO - Processing file /home/airflow/.local/lib/python3.12/site-packages/airflow/example_dags/example_bash_decorator.py for tasks to queue
[2025-05-02T19:53:15.131+0000] {logging_mixin.py:188} INFO - [2025-05-02T19:53:15.131+0000] {dagbag.py:545} INFO - Filling up the DagBag from /home/airflow/.local/lib/python3.12/site-packages/airflow/example_dags/example_bash_decorator.py
[2025-05-02T19:53:15.142+0000] {processor.py:840} INFO - DAG(s) 'example_bash_decorator' retrieved from /home/airflow/.local/lib/python3.12/site-packages/airflow/example_dags/example_bash_decorator.py
[2025-05-02T19:53:15.163+0000] {logging_mixin.py:188} INFO - [2025-05-02T19:53:15.163+0000] {dag.py:3096} INFO - Sync 1 DAGs
[2025-05-02T19:53:15.174+0000] {logging_mixin.py:188} INFO - [2025-05-02T19:53:15.174+0000] {dag.py:3954} INFO - Setting next_dagrun for example_bash_decorator to None, run_after=None
[2025-05-02T19:53:15.204+0000] {processor.py:183} INFO - Processing /home/airflow/.local/lib/python3.12/site-packages/airflow/example_dags/example_bash_decorator.py took 0.080 seconds
[2025-05-02T19:53:47.732+0000] {processor.py:161} INFO - Started process (PID=1363) to work on /home/airflow/.local/lib/python3.12/site-packages/airflow/example_dags/example_bash_decorator.py
[2025-05-02T19:53:47.733+0000] {processor.py:830} INFO - Processing file /home/airflow/.local/lib/python3.12/site-packages/airflow/example_dags/example_bash_decorator.py for tasks to queue
[2025-05-02T19:53:47.734+0000] {logging_mixin.py:188} INFO - [2025-05-02T19:53:47.734+0000] {dagbag.py:545} INFO - Filling up the DagBag from /home/airflow/.local/lib/python3.12/site-packages/airflow/example_dags/example_bash_decorator.py
[2025-05-02T19:53:47.746+0000] {processor.py:840} INFO - DAG(s) 'example_bash_decorator' retrieved from /home/airflow/.local/lib/python3.12/site-packages/airflow/example_dags/example_bash_decorator.py
[2025-05-02T19:53:47.767+0000] {logging_mixin.py:188} INFO - [2025-05-02T19:53:47.766+0000] {dag.py:3096} INFO - Sync 1 DAGs
[2025-05-02T19:53:47.779+0000] {logging_mixin.py:188} INFO - [2025-05-02T19:53:47.778+0000] {dag.py:3954} INFO - Setting next_dagrun for example_bash_decorator to None, run_after=None
[2025-05-02T19:53:47.795+0000] {processor.py:183} INFO - Processing /home/airflow/.local/lib/python3.12/site-packages/airflow/example_dags/example_bash_decorator.py took 0.068 seconds
[2025-05-02T19:54:20.261+0000] {processor.py:161} INFO - Started process (PID=1423) to work on /home/airflow/.local/lib/python3.12/site-packages/airflow/example_dags/example_bash_decorator.py
[2025-05-02T19:54:20.262+0000] {processor.py:830} INFO - Processing file /home/airflow/.local/lib/python3.12/site-packages/airflow/example_dags/example_bash_decorator.py for tasks to queue
[2025-05-02T19:54:20.263+0000] {logging_mixin.py:188} INFO - [2025-05-02T19:54:20.263+0000] {dagbag.py:545} INFO - Filling up the DagBag from /home/airflow/.local/lib/python3.12/site-packages/airflow/example_dags/example_bash_decorator.py
[2025-05-02T19:54:20.274+0000] {processor.py:840} INFO - DAG(s) 'example_bash_decorator' retrieved from /home/airflow/.local/lib/python3.12/site-packages/airflow/example_dags/example_bash_decorator.py
[2025-05-02T19:54:20.289+0000] {logging_mixin.py:188} INFO - [2025-05-02T19:54:20.289+0000] {dag.py:3096} INFO - Sync 1 DAGs
[2025-05-02T19:54:20.298+0000] {logging_mixin.py:188} INFO - [2025-05-02T19:54:20.298+0000] {dag.py:3954} INFO - Setting next_dagrun for example_bash_decorator to None, run_after=None
[2025-05-02T19:54:20.313+0000] {processor.py:183} INFO - Processing /home/airflow/.local/lib/python3.12/site-packages/airflow/example_dags/example_bash_decorator.py took 0.055 seconds
[2025-05-02T19:54:52.604+0000] {processor.py:161} INFO - Started process (PID=1483) to work on /home/airflow/.local/lib/python3.12/site-packages/airflow/example_dags/example_bash_decorator.py
[2025-05-02T19:54:52.605+0000] {processor.py:830} INFO - Processing file /home/airflow/.local/lib/python3.12/site-packages/airflow/example_dags/example_bash_decorator.py for tasks to queue
[2025-05-02T19:54:52.607+0000] {logging_mixin.py:188} INFO - [2025-05-02T19:54:52.606+0000] {dagbag.py:545} INFO - Filling up the DagBag from /home/airflow/.local/lib/python3.12/site-packages/airflow/example_dags/example_bash_decorator.py
[2025-05-02T19:54:52.618+0000] {processor.py:840} INFO - DAG(s) 'example_bash_decorator' retrieved from /home/airflow/.local/lib/python3.12/site-packages/airflow/example_dags/example_bash_decorator.py
[2025-05-02T19:54:52.638+0000] {logging_mixin.py:188} INFO - [2025-05-02T19:54:52.638+0000] {dag.py:3096} INFO - Sync 1 DAGs
[2025-05-02T19:54:52.648+0000] {logging_mixin.py:188} INFO - [2025-05-02T19:54:52.648+0000] {dag.py:3954} INFO - Setting next_dagrun for example_bash_decorator to None, run_after=None
[2025-05-02T19:54:52.662+0000] {processor.py:183} INFO - Processing /home/airflow/.local/lib/python3.12/site-packages/airflow/example_dags/example_bash_decorator.py took 0.062 seconds
[2025-05-02T19:55:24.610+0000] {processor.py:161} INFO - Started process (PID=1543) to work on /home/airflow/.local/lib/python3.12/site-packages/airflow/example_dags/example_bash_decorator.py
[2025-05-02T19:55:24.611+0000] {processor.py:830} INFO - Processing file /home/airflow/.local/lib/python3.12/site-packages/airflow/example_dags/example_bash_decorator.py for tasks to queue
[2025-05-02T19:55:24.613+0000] {logging_mixin.py:188} INFO - [2025-05-02T19:55:24.613+0000] {dagbag.py:545} INFO - Filling up the DagBag from /home/airflow/.local/lib/python3.12/site-packages/airflow/example_dags/example_bash_decorator.py
[2025-05-02T19:55:24.625+0000] {processor.py:840} INFO - DAG(s) 'example_bash_decorator' retrieved from /home/airflow/.local/lib/python3.12/site-packages/airflow/example_dags/example_bash_decorator.py
[2025-05-02T19:55:24.643+0000] {logging_mixin.py:188} INFO - [2025-05-02T19:55:24.642+0000] {dag.py:3096} INFO - Sync 1 DAGs
[2025-05-02T19:55:24.653+0000] {logging_mixin.py:188} INFO - [2025-05-02T19:55:24.653+0000] {dag.py:3954} INFO - Setting next_dagrun for example_bash_decorator to None, run_after=None
[2025-05-02T19:55:24.668+0000] {processor.py:183} INFO - Processing /home/airflow/.local/lib/python3.12/site-packages/airflow/example_dags/example_bash_decorator.py took 0.062 seconds
[2025-05-02T19:55:57.420+0000] {processor.py:161} INFO - Started process (PID=1603) to work on /home/airflow/.local/lib/python3.12/site-packages/airflow/example_dags/example_bash_decorator.py
[2025-05-02T19:55:57.421+0000] {processor.py:830} INFO - Processing file /home/airflow/.local/lib/python3.12/site-packages/airflow/example_dags/example_bash_decorator.py for tasks to queue
[2025-05-02T19:55:57.423+0000] {logging_mixin.py:188} INFO - [2025-05-02T19:55:57.423+0000] {dagbag.py:545} INFO - Filling up the DagBag from /home/airflow/.local/lib/python3.12/site-packages/airflow/example_dags/example_bash_decorator.py
[2025-05-02T19:55:57.434+0000] {processor.py:840} INFO - DAG(s) 'example_bash_decorator' retrieved from /home/airflow/.local/lib/python3.12/site-packages/airflow/example_dags/example_bash_decorator.py
[2025-05-02T19:55:57.453+0000] {logging_mixin.py:188} INFO - [2025-05-02T19:55:57.452+0000] {dag.py:3096} INFO - Sync 1 DAGs
[2025-05-02T19:55:57.465+0000] {logging_mixin.py:188} INFO - [2025-05-02T19:55:57.464+0000] {dag.py:3954} INFO - Setting next_dagrun for example_bash_decorator to None, run_after=None
[2025-05-02T19:55:57.480+0000] {processor.py:183} INFO - Processing /home/airflow/.local/lib/python3.12/site-packages/airflow/example_dags/example_bash_decorator.py took 0.065 seconds
[2025-05-02T19:56:29.404+0000] {processor.py:161} INFO - Started process (PID=1663) to work on /home/airflow/.local/lib/python3.12/site-packages/airflow/example_dags/example_bash_decorator.py
[2025-05-02T19:56:29.405+0000] {processor.py:830} INFO - Processing file /home/airflow/.local/lib/python3.12/site-packages/airflow/example_dags/example_bash_decorator.py for tasks to queue
[2025-05-02T19:56:29.406+0000] {logging_mixin.py:188} INFO - [2025-05-02T19:56:29.406+0000] {dagbag.py:545} INFO - Filling up the DagBag from /home/airflow/.local/lib/python3.12/site-packages/airflow/example_dags/example_bash_decorator.py
[2025-05-02T19:56:29.414+0000] {processor.py:840} INFO - DAG(s) 'example_bash_decorator' retrieved from /home/airflow/.local/lib/python3.12/site-packages/airflow/example_dags/example_bash_decorator.py
[2025-05-02T19:56:29.430+0000] {logging_mixin.py:188} INFO - [2025-05-02T19:56:29.430+0000] {dag.py:3096} INFO - Sync 1 DAGs
[2025-05-02T19:56:29.439+0000] {logging_mixin.py:188} INFO - [2025-05-02T19:56:29.439+0000] {dag.py:3954} INFO - Setting next_dagrun for example_bash_decorator to None, run_after=None
[2025-05-02T19:56:29.454+0000] {processor.py:183} INFO - Processing /home/airflow/.local/lib/python3.12/site-packages/airflow/example_dags/example_bash_decorator.py took 0.053 seconds
[2025-05-02T19:57:02.309+0000] {processor.py:161} INFO - Started process (PID=1723) to work on /home/airflow/.local/lib/python3.12/site-packages/airflow/example_dags/example_bash_decorator.py
[2025-05-02T19:57:02.310+0000] {processor.py:830} INFO - Processing file /home/airflow/.local/lib/python3.12/site-packages/airflow/example_dags/example_bash_decorator.py for tasks to queue
[2025-05-02T19:57:02.312+0000] {logging_mixin.py:188} INFO - [2025-05-02T19:57:02.311+0000] {dagbag.py:545} INFO - Filling up the DagBag from /home/airflow/.local/lib/python3.12/site-packages/airflow/example_dags/example_bash_decorator.py
[2025-05-02T19:57:02.324+0000] {processor.py:840} INFO - DAG(s) 'example_bash_decorator' retrieved from /home/airflow/.local/lib/python3.12/site-packages/airflow/example_dags/example_bash_decorator.py
[2025-05-02T19:57:02.345+0000] {logging_mixin.py:188} INFO - [2025-05-02T19:57:02.345+0000] {dag.py:3096} INFO - Sync 1 DAGs
[2025-05-02T19:57:02.361+0000] {logging_mixin.py:188} INFO - [2025-05-02T19:57:02.360+0000] {dag.py:3954} INFO - Setting next_dagrun for example_bash_decorator to None, run_after=None
[2025-05-02T19:57:02.377+0000] {processor.py:183} INFO - Processing /home/airflow/.local/lib/python3.12/site-packages/airflow/example_dags/example_bash_decorator.py took 0.072 seconds
[2025-05-02T19:57:34.393+0000] {processor.py:161} INFO - Started process (PID=1783) to work on /home/airflow/.local/lib/python3.12/site-packages/airflow/example_dags/example_bash_decorator.py
[2025-05-02T19:57:34.393+0000] {processor.py:830} INFO - Processing file /home/airflow/.local/lib/python3.12/site-packages/airflow/example_dags/example_bash_decorator.py for tasks to queue
[2025-05-02T19:57:34.395+0000] {logging_mixin.py:188} INFO - [2025-05-02T19:57:34.394+0000] {dagbag.py:545} INFO - Filling up the DagBag from /home/airflow/.local/lib/python3.12/site-packages/airflow/example_dags/example_bash_decorator.py
[2025-05-02T19:57:34.406+0000] {processor.py:840} INFO - DAG(s) 'example_bash_decorator' retrieved from /home/airflow/.local/lib/python3.12/site-packages/airflow/example_dags/example_bash_decorator.py
[2025-05-02T19:57:34.430+0000] {logging_mixin.py:188} INFO - [2025-05-02T19:57:34.430+0000] {dag.py:3096} INFO - Sync 1 DAGs
[2025-05-02T19:57:34.443+0000] {logging_mixin.py:188} INFO - [2025-05-02T19:57:34.443+0000] {dag.py:3954} INFO - Setting next_dagrun for example_bash_decorator to None, run_after=None
[2025-05-02T19:57:34.460+0000] {processor.py:183} INFO - Processing /home/airflow/.local/lib/python3.12/site-packages/airflow/example_dags/example_bash_decorator.py took 0.071 seconds
[2025-05-02T19:58:06.764+0000] {processor.py:161} INFO - Started process (PID=1843) to work on /home/airflow/.local/lib/python3.12/site-packages/airflow/example_dags/example_bash_decorator.py
[2025-05-02T19:58:06.765+0000] {processor.py:830} INFO - Processing file /home/airflow/.local/lib/python3.12/site-packages/airflow/example_dags/example_bash_decorator.py for tasks to queue
[2025-05-02T19:58:06.767+0000] {logging_mixin.py:188} INFO - [2025-05-02T19:58:06.766+0000] {dagbag.py:545} INFO - Filling up the DagBag from /home/airflow/.local/lib/python3.12/site-packages/airflow/example_dags/example_bash_decorator.py
[2025-05-02T19:58:06.777+0000] {processor.py:840} INFO - DAG(s) 'example_bash_decorator' retrieved from /home/airflow/.local/lib/python3.12/site-packages/airflow/example_dags/example_bash_decorator.py
[2025-05-02T19:58:06.795+0000] {logging_mixin.py:188} INFO - [2025-05-02T19:58:06.795+0000] {dag.py:3096} INFO - Sync 1 DAGs
[2025-05-02T19:58:06.806+0000] {logging_mixin.py:188} INFO - [2025-05-02T19:58:06.805+0000] {dag.py:3954} INFO - Setting next_dagrun for example_bash_decorator to None, run_after=None
[2025-05-02T19:58:06.831+0000] {processor.py:183} INFO - Processing /home/airflow/.local/lib/python3.12/site-packages/airflow/example_dags/example_bash_decorator.py took 0.071 seconds
[2025-05-02T19:58:39.309+0000] {processor.py:161} INFO - Started process (PID=1903) to work on /home/airflow/.local/lib/python3.12/site-packages/airflow/example_dags/example_bash_decorator.py
[2025-05-02T19:58:39.310+0000] {processor.py:830} INFO - Processing file /home/airflow/.local/lib/python3.12/site-packages/airflow/example_dags/example_bash_decorator.py for tasks to queue
[2025-05-02T19:58:39.312+0000] {logging_mixin.py:188} INFO - [2025-05-02T19:58:39.312+0000] {dagbag.py:545} INFO - Filling up the DagBag from /home/airflow/.local/lib/python3.12/site-packages/airflow/example_dags/example_bash_decorator.py
[2025-05-02T19:58:39.324+0000] {processor.py:840} INFO - DAG(s) 'example_bash_decorator' retrieved from /home/airflow/.local/lib/python3.12/site-packages/airflow/example_dags/example_bash_decorator.py
[2025-05-02T19:58:39.344+0000] {logging_mixin.py:188} INFO - [2025-05-02T19:58:39.344+0000] {dag.py:3096} INFO - Sync 1 DAGs
[2025-05-02T19:58:39.357+0000] {logging_mixin.py:188} INFO - [2025-05-02T19:58:39.356+0000] {dag.py:3954} INFO - Setting next_dagrun for example_bash_decorator to None, run_after=None
[2025-05-02T19:58:39.371+0000] {processor.py:183} INFO - Processing /home/airflow/.local/lib/python3.12/site-packages/airflow/example_dags/example_bash_decorator.py took 0.068 seconds
[2025-05-02T19:59:11.491+0000] {processor.py:161} INFO - Started process (PID=1963) to work on /home/airflow/.local/lib/python3.12/site-packages/airflow/example_dags/example_bash_decorator.py
[2025-05-02T19:59:11.492+0000] {processor.py:830} INFO - Processing file /home/airflow/.local/lib/python3.12/site-packages/airflow/example_dags/example_bash_decorator.py for tasks to queue
[2025-05-02T19:59:11.493+0000] {logging_mixin.py:188} INFO - [2025-05-02T19:59:11.493+0000] {dagbag.py:545} INFO - Filling up the DagBag from /home/airflow/.local/lib/python3.12/site-packages/airflow/example_dags/example_bash_decorator.py
[2025-05-02T19:59:11.503+0000] {processor.py:840} INFO - DAG(s) 'example_bash_decorator' retrieved from /home/airflow/.local/lib/python3.12/site-packages/airflow/example_dags/example_bash_decorator.py
[2025-05-02T19:59:11.519+0000] {logging_mixin.py:188} INFO - [2025-05-02T19:59:11.519+0000] {dag.py:3096} INFO - Sync 1 DAGs
[2025-05-02T19:59:11.532+0000] {logging_mixin.py:188} INFO - [2025-05-02T19:59:11.532+0000] {dag.py:3954} INFO - Setting next_dagrun for example_bash_decorator to None, run_after=None
[2025-05-02T19:59:11.546+0000] {processor.py:183} INFO - Processing /home/airflow/.local/lib/python3.12/site-packages/airflow/example_dags/example_bash_decorator.py took 0.059 seconds
[2025-05-02T19:59:43.969+0000] {processor.py:161} INFO - Started process (PID=2023) to work on /home/airflow/.local/lib/python3.12/site-packages/airflow/example_dags/example_bash_decorator.py
[2025-05-02T19:59:43.969+0000] {processor.py:830} INFO - Processing file /home/airflow/.local/lib/python3.12/site-packages/airflow/example_dags/example_bash_decorator.py for tasks to queue
[2025-05-02T19:59:43.971+0000] {logging_mixin.py:188} INFO - [2025-05-02T19:59:43.970+0000] {dagbag.py:545} INFO - Filling up the DagBag from /home/airflow/.local/lib/python3.12/site-packages/airflow/example_dags/example_bash_decorator.py
[2025-05-02T19:59:43.980+0000] {processor.py:840} INFO - DAG(s) 'example_bash_decorator' retrieved from /home/airflow/.local/lib/python3.12/site-packages/airflow/example_dags/example_bash_decorator.py
[2025-05-02T19:59:43.996+0000] {logging_mixin.py:188} INFO - [2025-05-02T19:59:43.996+0000] {dag.py:3096} INFO - Sync 1 DAGs
[2025-05-02T19:59:44.004+0000] {logging_mixin.py:188} INFO - [2025-05-02T19:59:44.004+0000] {dag.py:3954} INFO - Setting next_dagrun for example_bash_decorator to None, run_after=None
[2025-05-02T19:59:44.019+0000] {processor.py:183} INFO - Processing /home/airflow/.local/lib/python3.12/site-packages/airflow/example_dags/example_bash_decorator.py took 0.055 seconds
[2025-05-02T20:00:16.739+0000] {processor.py:161} INFO - Started process (PID=2083) to work on /home/airflow/.local/lib/python3.12/site-packages/airflow/example_dags/example_bash_decorator.py
[2025-05-02T20:00:16.740+0000] {processor.py:830} INFO - Processing file /home/airflow/.local/lib/python3.12/site-packages/airflow/example_dags/example_bash_decorator.py for tasks to queue
[2025-05-02T20:00:16.742+0000] {logging_mixin.py:188} INFO - [2025-05-02T20:00:16.741+0000] {dagbag.py:545} INFO - Filling up the DagBag from /home/airflow/.local/lib/python3.12/site-packages/airflow/example_dags/example_bash_decorator.py
[2025-05-02T20:00:16.751+0000] {processor.py:840} INFO - DAG(s) 'example_bash_decorator' retrieved from /home/airflow/.local/lib/python3.12/site-packages/airflow/example_dags/example_bash_decorator.py
[2025-05-02T20:00:16.769+0000] {logging_mixin.py:188} INFO - [2025-05-02T20:00:16.769+0000] {dag.py:3096} INFO - Sync 1 DAGs
[2025-05-02T20:00:16.780+0000] {logging_mixin.py:188} INFO - [2025-05-02T20:00:16.780+0000] {dag.py:3954} INFO - Setting next_dagrun for example_bash_decorator to None, run_after=None
[2025-05-02T20:00:16.794+0000] {processor.py:183} INFO - Processing /home/airflow/.local/lib/python3.12/site-packages/airflow/example_dags/example_bash_decorator.py took 0.059 seconds
[2025-05-02T20:00:49.489+0000] {processor.py:161} INFO - Started process (PID=2143) to work on /home/airflow/.local/lib/python3.12/site-packages/airflow/example_dags/example_bash_decorator.py
[2025-05-02T20:00:49.490+0000] {processor.py:830} INFO - Processing file /home/airflow/.local/lib/python3.12/site-packages/airflow/example_dags/example_bash_decorator.py for tasks to queue
[2025-05-02T20:00:49.491+0000] {logging_mixin.py:188} INFO - [2025-05-02T20:00:49.491+0000] {dagbag.py:545} INFO - Filling up the DagBag from /home/airflow/.local/lib/python3.12/site-packages/airflow/example_dags/example_bash_decorator.py
[2025-05-02T20:00:49.500+0000] {processor.py:840} INFO - DAG(s) 'example_bash_decorator' retrieved from /home/airflow/.local/lib/python3.12/site-packages/airflow/example_dags/example_bash_decorator.py
[2025-05-02T20:00:49.516+0000] {logging_mixin.py:188} INFO - [2025-05-02T20:00:49.516+0000] {dag.py:3096} INFO - Sync 1 DAGs
[2025-05-02T20:00:49.528+0000] {logging_mixin.py:188} INFO - [2025-05-02T20:00:49.528+0000] {dag.py:3954} INFO - Setting next_dagrun for example_bash_decorator to None, run_after=None
[2025-05-02T20:00:49.542+0000] {processor.py:183} INFO - Processing /home/airflow/.local/lib/python3.12/site-packages/airflow/example_dags/example_bash_decorator.py took 0.056 seconds
[2025-05-02T20:01:22.389+0000] {processor.py:161} INFO - Started process (PID=2203) to work on /home/airflow/.local/lib/python3.12/site-packages/airflow/example_dags/example_bash_decorator.py
[2025-05-02T20:01:22.389+0000] {processor.py:830} INFO - Processing file /home/airflow/.local/lib/python3.12/site-packages/airflow/example_dags/example_bash_decorator.py for tasks to queue
[2025-05-02T20:01:22.390+0000] {logging_mixin.py:188} INFO - [2025-05-02T20:01:22.390+0000] {dagbag.py:545} INFO - Filling up the DagBag from /home/airflow/.local/lib/python3.12/site-packages/airflow/example_dags/example_bash_decorator.py
[2025-05-02T20:01:22.402+0000] {processor.py:840} INFO - DAG(s) 'example_bash_decorator' retrieved from /home/airflow/.local/lib/python3.12/site-packages/airflow/example_dags/example_bash_decorator.py
[2025-05-02T20:01:22.418+0000] {logging_mixin.py:188} INFO - [2025-05-02T20:01:22.418+0000] {dag.py:3096} INFO - Sync 1 DAGs
[2025-05-02T20:01:22.522+0000] {logging_mixin.py:188} INFO - [2025-05-02T20:01:22.522+0000] {dag.py:3954} INFO - Setting next_dagrun for example_bash_decorator to None, run_after=None
[2025-05-02T20:01:22.534+0000] {processor.py:183} INFO - Processing /home/airflow/.local/lib/python3.12/site-packages/airflow/example_dags/example_bash_decorator.py took 0.150 seconds
[2025-05-02T20:01:53.721+0000] {processor.py:161} INFO - Started process (PID=2263) to work on /home/airflow/.local/lib/python3.12/site-packages/airflow/example_dags/example_bash_decorator.py
[2025-05-02T20:01:53.722+0000] {processor.py:830} INFO - Processing file /home/airflow/.local/lib/python3.12/site-packages/airflow/example_dags/example_bash_decorator.py for tasks to queue
[2025-05-02T20:01:53.723+0000] {logging_mixin.py:188} INFO - [2025-05-02T20:01:53.723+0000] {dagbag.py:545} INFO - Filling up the DagBag from /home/airflow/.local/lib/python3.12/site-packages/airflow/example_dags/example_bash_decorator.py
[2025-05-02T20:01:53.732+0000] {processor.py:840} INFO - DAG(s) 'example_bash_decorator' retrieved from /home/airflow/.local/lib/python3.12/site-packages/airflow/example_dags/example_bash_decorator.py
[2025-05-02T20:01:53.751+0000] {logging_mixin.py:188} INFO - [2025-05-02T20:01:53.751+0000] {dag.py:3096} INFO - Sync 1 DAGs
[2025-05-02T20:01:53.760+0000] {logging_mixin.py:188} INFO - [2025-05-02T20:01:53.760+0000] {dag.py:3954} INFO - Setting next_dagrun for example_bash_decorator to None, run_after=None
[2025-05-02T20:01:53.776+0000] {processor.py:183} INFO - Processing /home/airflow/.local/lib/python3.12/site-packages/airflow/example_dags/example_bash_decorator.py took 0.059 seconds
[2025-05-02T20:02:26.227+0000] {processor.py:161} INFO - Started process (PID=2323) to work on /home/airflow/.local/lib/python3.12/site-packages/airflow/example_dags/example_bash_decorator.py
[2025-05-02T20:02:26.228+0000] {processor.py:830} INFO - Processing file /home/airflow/.local/lib/python3.12/site-packages/airflow/example_dags/example_bash_decorator.py for tasks to queue
[2025-05-02T20:02:26.230+0000] {logging_mixin.py:188} INFO - [2025-05-02T20:02:26.229+0000] {dagbag.py:545} INFO - Filling up the DagBag from /home/airflow/.local/lib/python3.12/site-packages/airflow/example_dags/example_bash_decorator.py
[2025-05-02T20:02:26.241+0000] {processor.py:840} INFO - DAG(s) 'example_bash_decorator' retrieved from /home/airflow/.local/lib/python3.12/site-packages/airflow/example_dags/example_bash_decorator.py
[2025-05-02T20:02:26.261+0000] {logging_mixin.py:188} INFO - [2025-05-02T20:02:26.261+0000] {dag.py:3096} INFO - Sync 1 DAGs
[2025-05-02T20:02:26.272+0000] {logging_mixin.py:188} INFO - [2025-05-02T20:02:26.272+0000] {dag.py:3954} INFO - Setting next_dagrun for example_bash_decorator to None, run_after=None
[2025-05-02T20:02:26.286+0000] {processor.py:183} INFO - Processing /home/airflow/.local/lib/python3.12/site-packages/airflow/example_dags/example_bash_decorator.py took 0.063 seconds
[2025-05-02T20:02:59.354+0000] {processor.py:161} INFO - Started process (PID=2384) to work on /home/airflow/.local/lib/python3.12/site-packages/airflow/example_dags/example_bash_decorator.py
[2025-05-02T20:02:59.355+0000] {processor.py:830} INFO - Processing file /home/airflow/.local/lib/python3.12/site-packages/airflow/example_dags/example_bash_decorator.py for tasks to queue
[2025-05-02T20:02:59.357+0000] {logging_mixin.py:188} INFO - [2025-05-02T20:02:59.356+0000] {dagbag.py:545} INFO - Filling up the DagBag from /home/airflow/.local/lib/python3.12/site-packages/airflow/example_dags/example_bash_decorator.py
[2025-05-02T20:02:59.365+0000] {processor.py:840} INFO - DAG(s) 'example_bash_decorator' retrieved from /home/airflow/.local/lib/python3.12/site-packages/airflow/example_dags/example_bash_decorator.py
[2025-05-02T20:02:59.480+0000] {logging_mixin.py:188} INFO - [2025-05-02T20:02:59.480+0000] {dag.py:3096} INFO - Sync 1 DAGs
[2025-05-02T20:02:59.491+0000] {logging_mixin.py:188} INFO - [2025-05-02T20:02:59.491+0000] {dag.py:3954} INFO - Setting next_dagrun for example_bash_decorator to None, run_after=None
[2025-05-02T20:02:59.508+0000] {processor.py:183} INFO - Processing /home/airflow/.local/lib/python3.12/site-packages/airflow/example_dags/example_bash_decorator.py took 0.160 seconds
[2025-05-02T20:03:32.380+0000] {processor.py:161} INFO - Started process (PID=2444) to work on /home/airflow/.local/lib/python3.12/site-packages/airflow/example_dags/example_bash_decorator.py
[2025-05-02T20:03:32.381+0000] {processor.py:830} INFO - Processing file /home/airflow/.local/lib/python3.12/site-packages/airflow/example_dags/example_bash_decorator.py for tasks to queue
[2025-05-02T20:03:32.382+0000] {logging_mixin.py:188} INFO - [2025-05-02T20:03:32.382+0000] {dagbag.py:545} INFO - Filling up the DagBag from /home/airflow/.local/lib/python3.12/site-packages/airflow/example_dags/example_bash_decorator.py
[2025-05-02T20:03:32.393+0000] {processor.py:840} INFO - DAG(s) 'example_bash_decorator' retrieved from /home/airflow/.local/lib/python3.12/site-packages/airflow/example_dags/example_bash_decorator.py
[2025-05-02T20:03:32.413+0000] {logging_mixin.py:188} INFO - [2025-05-02T20:03:32.413+0000] {dag.py:3096} INFO - Sync 1 DAGs
[2025-05-02T20:03:32.424+0000] {logging_mixin.py:188} INFO - [2025-05-02T20:03:32.424+0000] {dag.py:3954} INFO - Setting next_dagrun for example_bash_decorator to None, run_after=None
[2025-05-02T20:03:32.546+0000] {processor.py:183} INFO - Processing /home/airflow/.local/lib/python3.12/site-packages/airflow/example_dags/example_bash_decorator.py took 0.172 seconds
[2025-05-02T20:04:04.674+0000] {processor.py:161} INFO - Started process (PID=2504) to work on /home/airflow/.local/lib/python3.12/site-packages/airflow/example_dags/example_bash_decorator.py
[2025-05-02T20:04:04.675+0000] {processor.py:830} INFO - Processing file /home/airflow/.local/lib/python3.12/site-packages/airflow/example_dags/example_bash_decorator.py for tasks to queue
[2025-05-02T20:04:04.677+0000] {logging_mixin.py:188} INFO - [2025-05-02T20:04:04.676+0000] {dagbag.py:545} INFO - Filling up the DagBag from /home/airflow/.local/lib/python3.12/site-packages/airflow/example_dags/example_bash_decorator.py
[2025-05-02T20:04:04.689+0000] {processor.py:840} INFO - DAG(s) 'example_bash_decorator' retrieved from /home/airflow/.local/lib/python3.12/site-packages/airflow/example_dags/example_bash_decorator.py
[2025-05-02T20:04:04.707+0000] {logging_mixin.py:188} INFO - [2025-05-02T20:04:04.707+0000] {dag.py:3096} INFO - Sync 1 DAGs
[2025-05-02T20:04:04.717+0000] {logging_mixin.py:188} INFO - [2025-05-02T20:04:04.717+0000] {dag.py:3954} INFO - Setting next_dagrun for example_bash_decorator to None, run_after=None
[2025-05-02T20:04:04.733+0000] {processor.py:183} INFO - Processing /home/airflow/.local/lib/python3.12/site-packages/airflow/example_dags/example_bash_decorator.py took 0.064 seconds
[2025-05-02T20:04:37.143+0000] {processor.py:161} INFO - Started process (PID=2564) to work on /home/airflow/.local/lib/python3.12/site-packages/airflow/example_dags/example_bash_decorator.py
[2025-05-02T20:04:37.144+0000] {processor.py:830} INFO - Processing file /home/airflow/.local/lib/python3.12/site-packages/airflow/example_dags/example_bash_decorator.py for tasks to queue
[2025-05-02T20:04:37.146+0000] {logging_mixin.py:188} INFO - [2025-05-02T20:04:37.146+0000] {dagbag.py:545} INFO - Filling up the DagBag from /home/airflow/.local/lib/python3.12/site-packages/airflow/example_dags/example_bash_decorator.py
[2025-05-02T20:04:37.158+0000] {processor.py:840} INFO - DAG(s) 'example_bash_decorator' retrieved from /home/airflow/.local/lib/python3.12/site-packages/airflow/example_dags/example_bash_decorator.py
[2025-05-02T20:04:37.178+0000] {logging_mixin.py:188} INFO - [2025-05-02T20:04:37.178+0000] {dag.py:3096} INFO - Sync 1 DAGs
[2025-05-02T20:04:37.189+0000] {logging_mixin.py:188} INFO - [2025-05-02T20:04:37.189+0000] {dag.py:3954} INFO - Setting next_dagrun for example_bash_decorator to None, run_after=None
[2025-05-02T20:04:37.208+0000] {processor.py:183} INFO - Processing /home/airflow/.local/lib/python3.12/site-packages/airflow/example_dags/example_bash_decorator.py took 0.069 seconds
[2025-05-02T20:05:09.506+0000] {processor.py:161} INFO - Started process (PID=2624) to work on /home/airflow/.local/lib/python3.12/site-packages/airflow/example_dags/example_bash_decorator.py
[2025-05-02T20:05:09.507+0000] {processor.py:830} INFO - Processing file /home/airflow/.local/lib/python3.12/site-packages/airflow/example_dags/example_bash_decorator.py for tasks to queue
[2025-05-02T20:05:09.508+0000] {logging_mixin.py:188} INFO - [2025-05-02T20:05:09.508+0000] {dagbag.py:545} INFO - Filling up the DagBag from /home/airflow/.local/lib/python3.12/site-packages/airflow/example_dags/example_bash_decorator.py
[2025-05-02T20:05:09.517+0000] {processor.py:840} INFO - DAG(s) 'example_bash_decorator' retrieved from /home/airflow/.local/lib/python3.12/site-packages/airflow/example_dags/example_bash_decorator.py
[2025-05-02T20:05:09.535+0000] {logging_mixin.py:188} INFO - [2025-05-02T20:05:09.535+0000] {dag.py:3096} INFO - Sync 1 DAGs
[2025-05-02T20:05:09.544+0000] {logging_mixin.py:188} INFO - [2025-05-02T20:05:09.544+0000] {dag.py:3954} INFO - Setting next_dagrun for example_bash_decorator to None, run_after=None
[2025-05-02T20:05:09.557+0000] {processor.py:183} INFO - Processing /home/airflow/.local/lib/python3.12/site-packages/airflow/example_dags/example_bash_decorator.py took 0.055 seconds
[2025-05-02T20:05:41.788+0000] {processor.py:161} INFO - Started process (PID=2684) to work on /home/airflow/.local/lib/python3.12/site-packages/airflow/example_dags/example_bash_decorator.py
[2025-05-02T20:05:41.789+0000] {processor.py:830} INFO - Processing file /home/airflow/.local/lib/python3.12/site-packages/airflow/example_dags/example_bash_decorator.py for tasks to queue
[2025-05-02T20:05:41.791+0000] {logging_mixin.py:188} INFO - [2025-05-02T20:05:41.790+0000] {dagbag.py:545} INFO - Filling up the DagBag from /home/airflow/.local/lib/python3.12/site-packages/airflow/example_dags/example_bash_decorator.py
[2025-05-02T20:05:41.800+0000] {processor.py:840} INFO - DAG(s) 'example_bash_decorator' retrieved from /home/airflow/.local/lib/python3.12/site-packages/airflow/example_dags/example_bash_decorator.py
[2025-05-02T20:05:41.817+0000] {logging_mixin.py:188} INFO - [2025-05-02T20:05:41.817+0000] {dag.py:3096} INFO - Sync 1 DAGs
[2025-05-02T20:05:41.828+0000] {logging_mixin.py:188} INFO - [2025-05-02T20:05:41.828+0000] {dag.py:3954} INFO - Setting next_dagrun for example_bash_decorator to None, run_after=None
[2025-05-02T20:05:41.843+0000] {processor.py:183} INFO - Processing /home/airflow/.local/lib/python3.12/site-packages/airflow/example_dags/example_bash_decorator.py took 0.058 seconds
[2025-05-02T20:06:14.877+0000] {processor.py:161} INFO - Started process (PID=2744) to work on /home/airflow/.local/lib/python3.12/site-packages/airflow/example_dags/example_bash_decorator.py
[2025-05-02T20:06:14.877+0000] {processor.py:830} INFO - Processing file /home/airflow/.local/lib/python3.12/site-packages/airflow/example_dags/example_bash_decorator.py for tasks to queue
[2025-05-02T20:06:14.879+0000] {logging_mixin.py:188} INFO - [2025-05-02T20:06:14.878+0000] {dagbag.py:545} INFO - Filling up the DagBag from /home/airflow/.local/lib/python3.12/site-packages/airflow/example_dags/example_bash_decorator.py
[2025-05-02T20:06:14.887+0000] {processor.py:840} INFO - DAG(s) 'example_bash_decorator' retrieved from /home/airflow/.local/lib/python3.12/site-packages/airflow/example_dags/example_bash_decorator.py
[2025-05-02T20:06:14.902+0000] {logging_mixin.py:188} INFO - [2025-05-02T20:06:14.902+0000] {dag.py:3096} INFO - Sync 1 DAGs
[2025-05-02T20:06:14.910+0000] {logging_mixin.py:188} INFO - [2025-05-02T20:06:14.910+0000] {dag.py:3954} INFO - Setting next_dagrun for example_bash_decorator to None, run_after=None
[2025-05-02T20:06:14.922+0000] {processor.py:183} INFO - Processing /home/airflow/.local/lib/python3.12/site-packages/airflow/example_dags/example_bash_decorator.py took 0.050 seconds
[2025-05-02T20:06:46.746+0000] {processor.py:161} INFO - Started process (PID=2804) to work on /home/airflow/.local/lib/python3.12/site-packages/airflow/example_dags/example_bash_decorator.py
[2025-05-02T20:06:46.747+0000] {processor.py:830} INFO - Processing file /home/airflow/.local/lib/python3.12/site-packages/airflow/example_dags/example_bash_decorator.py for tasks to queue
[2025-05-02T20:06:46.749+0000] {logging_mixin.py:188} INFO - [2025-05-02T20:06:46.749+0000] {dagbag.py:545} INFO - Filling up the DagBag from /home/airflow/.local/lib/python3.12/site-packages/airflow/example_dags/example_bash_decorator.py
[2025-05-02T20:06:46.758+0000] {processor.py:840} INFO - DAG(s) 'example_bash_decorator' retrieved from /home/airflow/.local/lib/python3.12/site-packages/airflow/example_dags/example_bash_decorator.py
[2025-05-02T20:06:46.777+0000] {logging_mixin.py:188} INFO - [2025-05-02T20:06:46.777+0000] {dag.py:3096} INFO - Sync 1 DAGs
[2025-05-02T20:06:46.788+0000] {logging_mixin.py:188} INFO - [2025-05-02T20:06:46.787+0000] {dag.py:3954} INFO - Setting next_dagrun for example_bash_decorator to None, run_after=None
[2025-05-02T20:06:46.803+0000] {processor.py:183} INFO - Processing /home/airflow/.local/lib/python3.12/site-packages/airflow/example_dags/example_bash_decorator.py took 0.061 seconds
[2025-05-02T20:07:20.066+0000] {processor.py:161} INFO - Started process (PID=2864) to work on /home/airflow/.local/lib/python3.12/site-packages/airflow/example_dags/example_bash_decorator.py
[2025-05-02T20:07:20.067+0000] {processor.py:830} INFO - Processing file /home/airflow/.local/lib/python3.12/site-packages/airflow/example_dags/example_bash_decorator.py for tasks to queue
[2025-05-02T20:07:20.069+0000] {logging_mixin.py:188} INFO - [2025-05-02T20:07:20.068+0000] {dagbag.py:545} INFO - Filling up the DagBag from /home/airflow/.local/lib/python3.12/site-packages/airflow/example_dags/example_bash_decorator.py
[2025-05-02T20:07:20.078+0000] {processor.py:840} INFO - DAG(s) 'example_bash_decorator' retrieved from /home/airflow/.local/lib/python3.12/site-packages/airflow/example_dags/example_bash_decorator.py
[2025-05-02T20:07:20.096+0000] {logging_mixin.py:188} INFO - [2025-05-02T20:07:20.096+0000] {dag.py:3096} INFO - Sync 1 DAGs
[2025-05-02T20:07:20.105+0000] {logging_mixin.py:188} INFO - [2025-05-02T20:07:20.105+0000] {dag.py:3954} INFO - Setting next_dagrun for example_bash_decorator to None, run_after=None
[2025-05-02T20:07:20.120+0000] {processor.py:183} INFO - Processing /home/airflow/.local/lib/python3.12/site-packages/airflow/example_dags/example_bash_decorator.py took 0.057 seconds
[2025-05-02T20:07:52.515+0000] {processor.py:161} INFO - Started process (PID=2925) to work on /home/airflow/.local/lib/python3.12/site-packages/airflow/example_dags/example_bash_decorator.py
[2025-05-02T20:07:52.516+0000] {processor.py:830} INFO - Processing file /home/airflow/.local/lib/python3.12/site-packages/airflow/example_dags/example_bash_decorator.py for tasks to queue
[2025-05-02T20:07:52.517+0000] {logging_mixin.py:188} INFO - [2025-05-02T20:07:52.517+0000] {dagbag.py:545} INFO - Filling up the DagBag from /home/airflow/.local/lib/python3.12/site-packages/airflow/example_dags/example_bash_decorator.py
[2025-05-02T20:07:52.527+0000] {processor.py:840} INFO - DAG(s) 'example_bash_decorator' retrieved from /home/airflow/.local/lib/python3.12/site-packages/airflow/example_dags/example_bash_decorator.py
[2025-05-02T20:07:52.545+0000] {logging_mixin.py:188} INFO - [2025-05-02T20:07:52.545+0000] {dag.py:3096} INFO - Sync 1 DAGs
[2025-05-02T20:07:52.555+0000] {logging_mixin.py:188} INFO - [2025-05-02T20:07:52.555+0000] {dag.py:3954} INFO - Setting next_dagrun for example_bash_decorator to None, run_after=None
[2025-05-02T20:07:52.568+0000] {processor.py:183} INFO - Processing /home/airflow/.local/lib/python3.12/site-packages/airflow/example_dags/example_bash_decorator.py took 0.058 seconds
[2025-05-02T20:08:24.802+0000] {processor.py:161} INFO - Started process (PID=2985) to work on /home/airflow/.local/lib/python3.12/site-packages/airflow/example_dags/example_bash_decorator.py
[2025-05-02T20:08:24.803+0000] {processor.py:830} INFO - Processing file /home/airflow/.local/lib/python3.12/site-packages/airflow/example_dags/example_bash_decorator.py for tasks to queue
[2025-05-02T20:08:24.804+0000] {logging_mixin.py:188} INFO - [2025-05-02T20:08:24.804+0000] {dagbag.py:545} INFO - Filling up the DagBag from /home/airflow/.local/lib/python3.12/site-packages/airflow/example_dags/example_bash_decorator.py
[2025-05-02T20:08:24.814+0000] {processor.py:840} INFO - DAG(s) 'example_bash_decorator' retrieved from /home/airflow/.local/lib/python3.12/site-packages/airflow/example_dags/example_bash_decorator.py
[2025-05-02T20:08:24.830+0000] {logging_mixin.py:188} INFO - [2025-05-02T20:08:24.830+0000] {dag.py:3096} INFO - Sync 1 DAGs
[2025-05-02T20:08:24.841+0000] {logging_mixin.py:188} INFO - [2025-05-02T20:08:24.841+0000] {dag.py:3954} INFO - Setting next_dagrun for example_bash_decorator to None, run_after=None
[2025-05-02T20:08:24.855+0000] {processor.py:183} INFO - Processing /home/airflow/.local/lib/python3.12/site-packages/airflow/example_dags/example_bash_decorator.py took 0.056 seconds
[2025-05-02T20:08:57.988+0000] {processor.py:161} INFO - Started process (PID=3045) to work on /home/airflow/.local/lib/python3.12/site-packages/airflow/example_dags/example_bash_decorator.py
[2025-05-02T20:08:57.989+0000] {processor.py:830} INFO - Processing file /home/airflow/.local/lib/python3.12/site-packages/airflow/example_dags/example_bash_decorator.py for tasks to queue
[2025-05-02T20:08:57.991+0000] {logging_mixin.py:188} INFO - [2025-05-02T20:08:57.990+0000] {dagbag.py:545} INFO - Filling up the DagBag from /home/airflow/.local/lib/python3.12/site-packages/airflow/example_dags/example_bash_decorator.py
[2025-05-02T20:08:58.001+0000] {processor.py:840} INFO - DAG(s) 'example_bash_decorator' retrieved from /home/airflow/.local/lib/python3.12/site-packages/airflow/example_dags/example_bash_decorator.py
[2025-05-02T20:08:58.017+0000] {logging_mixin.py:188} INFO - [2025-05-02T20:08:58.017+0000] {dag.py:3096} INFO - Sync 1 DAGs
[2025-05-02T20:08:58.027+0000] {logging_mixin.py:188} INFO - [2025-05-02T20:08:58.027+0000] {dag.py:3954} INFO - Setting next_dagrun for example_bash_decorator to None, run_after=None
[2025-05-02T20:08:58.041+0000] {processor.py:183} INFO - Processing /home/airflow/.local/lib/python3.12/site-packages/airflow/example_dags/example_bash_decorator.py took 0.058 seconds
[2025-05-02T20:09:30.611+0000] {processor.py:161} INFO - Started process (PID=3105) to work on /home/airflow/.local/lib/python3.12/site-packages/airflow/example_dags/example_bash_decorator.py
[2025-05-02T20:09:30.612+0000] {processor.py:830} INFO - Processing file /home/airflow/.local/lib/python3.12/site-packages/airflow/example_dags/example_bash_decorator.py for tasks to queue
[2025-05-02T20:09:30.614+0000] {logging_mixin.py:188} INFO - [2025-05-02T20:09:30.613+0000] {dagbag.py:545} INFO - Filling up the DagBag from /home/airflow/.local/lib/python3.12/site-packages/airflow/example_dags/example_bash_decorator.py
[2025-05-02T20:09:30.626+0000] {processor.py:840} INFO - DAG(s) 'example_bash_decorator' retrieved from /home/airflow/.local/lib/python3.12/site-packages/airflow/example_dags/example_bash_decorator.py
[2025-05-02T20:09:30.645+0000] {logging_mixin.py:188} INFO - [2025-05-02T20:09:30.645+0000] {dag.py:3096} INFO - Sync 1 DAGs
[2025-05-02T20:09:30.655+0000] {logging_mixin.py:188} INFO - [2025-05-02T20:09:30.655+0000] {dag.py:3954} INFO - Setting next_dagrun for example_bash_decorator to None, run_after=None
[2025-05-02T20:09:30.670+0000] {processor.py:183} INFO - Processing /home/airflow/.local/lib/python3.12/site-packages/airflow/example_dags/example_bash_decorator.py took 0.064 seconds
[2025-05-02T20:10:03.006+0000] {processor.py:161} INFO - Started process (PID=3165) to work on /home/airflow/.local/lib/python3.12/site-packages/airflow/example_dags/example_bash_decorator.py
[2025-05-02T20:10:03.007+0000] {processor.py:830} INFO - Processing file /home/airflow/.local/lib/python3.12/site-packages/airflow/example_dags/example_bash_decorator.py for tasks to queue
[2025-05-02T20:10:03.009+0000] {logging_mixin.py:188} INFO - [2025-05-02T20:10:03.008+0000] {dagbag.py:545} INFO - Filling up the DagBag from /home/airflow/.local/lib/python3.12/site-packages/airflow/example_dags/example_bash_decorator.py
[2025-05-02T20:10:03.018+0000] {processor.py:840} INFO - DAG(s) 'example_bash_decorator' retrieved from /home/airflow/.local/lib/python3.12/site-packages/airflow/example_dags/example_bash_decorator.py
[2025-05-02T20:10:03.034+0000] {logging_mixin.py:188} INFO - [2025-05-02T20:10:03.033+0000] {dag.py:3096} INFO - Sync 1 DAGs
[2025-05-02T20:10:03.044+0000] {logging_mixin.py:188} INFO - [2025-05-02T20:10:03.044+0000] {dag.py:3954} INFO - Setting next_dagrun for example_bash_decorator to None, run_after=None
[2025-05-02T20:10:03.057+0000] {processor.py:183} INFO - Processing /home/airflow/.local/lib/python3.12/site-packages/airflow/example_dags/example_bash_decorator.py took 0.055 seconds
[2025-05-02T20:10:34.948+0000] {processor.py:161} INFO - Started process (PID=3225) to work on /home/airflow/.local/lib/python3.12/site-packages/airflow/example_dags/example_bash_decorator.py
[2025-05-02T20:10:34.949+0000] {processor.py:830} INFO - Processing file /home/airflow/.local/lib/python3.12/site-packages/airflow/example_dags/example_bash_decorator.py for tasks to queue
[2025-05-02T20:10:34.950+0000] {logging_mixin.py:188} INFO - [2025-05-02T20:10:34.950+0000] {dagbag.py:545} INFO - Filling up the DagBag from /home/airflow/.local/lib/python3.12/site-packages/airflow/example_dags/example_bash_decorator.py
[2025-05-02T20:10:34.959+0000] {processor.py:840} INFO - DAG(s) 'example_bash_decorator' retrieved from /home/airflow/.local/lib/python3.12/site-packages/airflow/example_dags/example_bash_decorator.py
[2025-05-02T20:10:34.976+0000] {logging_mixin.py:188} INFO - [2025-05-02T20:10:34.976+0000] {dag.py:3096} INFO - Sync 1 DAGs
[2025-05-02T20:10:34.987+0000] {logging_mixin.py:188} INFO - [2025-05-02T20:10:34.987+0000] {dag.py:3954} INFO - Setting next_dagrun for example_bash_decorator to None, run_after=None
[2025-05-02T20:10:34.998+0000] {processor.py:183} INFO - Processing /home/airflow/.local/lib/python3.12/site-packages/airflow/example_dags/example_bash_decorator.py took 0.054 seconds
[2025-05-02T20:11:08.203+0000] {processor.py:161} INFO - Started process (PID=3285) to work on /home/airflow/.local/lib/python3.12/site-packages/airflow/example_dags/example_bash_decorator.py
[2025-05-02T20:11:08.204+0000] {processor.py:830} INFO - Processing file /home/airflow/.local/lib/python3.12/site-packages/airflow/example_dags/example_bash_decorator.py for tasks to queue
[2025-05-02T20:11:08.206+0000] {logging_mixin.py:188} INFO - [2025-05-02T20:11:08.205+0000] {dagbag.py:545} INFO - Filling up the DagBag from /home/airflow/.local/lib/python3.12/site-packages/airflow/example_dags/example_bash_decorator.py
[2025-05-02T20:11:08.216+0000] {processor.py:840} INFO - DAG(s) 'example_bash_decorator' retrieved from /home/airflow/.local/lib/python3.12/site-packages/airflow/example_dags/example_bash_decorator.py
[2025-05-02T20:11:08.232+0000] {logging_mixin.py:188} INFO - [2025-05-02T20:11:08.232+0000] {dag.py:3096} INFO - Sync 1 DAGs
[2025-05-02T20:11:08.241+0000] {logging_mixin.py:188} INFO - [2025-05-02T20:11:08.240+0000] {dag.py:3954} INFO - Setting next_dagrun for example_bash_decorator to None, run_after=None
[2025-05-02T20:11:08.253+0000] {processor.py:183} INFO - Processing /home/airflow/.local/lib/python3.12/site-packages/airflow/example_dags/example_bash_decorator.py took 0.054 seconds
[2025-05-02T20:11:40.170+0000] {processor.py:161} INFO - Started process (PID=3345) to work on /home/airflow/.local/lib/python3.12/site-packages/airflow/example_dags/example_bash_decorator.py
[2025-05-02T20:11:40.171+0000] {processor.py:830} INFO - Processing file /home/airflow/.local/lib/python3.12/site-packages/airflow/example_dags/example_bash_decorator.py for tasks to queue
[2025-05-02T20:11:40.172+0000] {logging_mixin.py:188} INFO - [2025-05-02T20:11:40.172+0000] {dagbag.py:545} INFO - Filling up the DagBag from /home/airflow/.local/lib/python3.12/site-packages/airflow/example_dags/example_bash_decorator.py
[2025-05-02T20:11:40.182+0000] {processor.py:840} INFO - DAG(s) 'example_bash_decorator' retrieved from /home/airflow/.local/lib/python3.12/site-packages/airflow/example_dags/example_bash_decorator.py
[2025-05-02T20:11:40.198+0000] {logging_mixin.py:188} INFO - [2025-05-02T20:11:40.198+0000] {dag.py:3096} INFO - Sync 1 DAGs
[2025-05-02T20:11:40.208+0000] {logging_mixin.py:188} INFO - [2025-05-02T20:11:40.207+0000] {dag.py:3954} INFO - Setting next_dagrun for example_bash_decorator to None, run_after=None
[2025-05-02T20:11:40.222+0000] {processor.py:183} INFO - Processing /home/airflow/.local/lib/python3.12/site-packages/airflow/example_dags/example_bash_decorator.py took 0.056 seconds
[2025-05-02T20:12:13.333+0000] {processor.py:161} INFO - Started process (PID=3405) to work on /home/airflow/.local/lib/python3.12/site-packages/airflow/example_dags/example_bash_decorator.py
[2025-05-02T20:12:13.334+0000] {processor.py:830} INFO - Processing file /home/airflow/.local/lib/python3.12/site-packages/airflow/example_dags/example_bash_decorator.py for tasks to queue
[2025-05-02T20:12:13.335+0000] {logging_mixin.py:188} INFO - [2025-05-02T20:12:13.335+0000] {dagbag.py:545} INFO - Filling up the DagBag from /home/airflow/.local/lib/python3.12/site-packages/airflow/example_dags/example_bash_decorator.py
[2025-05-02T20:12:13.348+0000] {processor.py:840} INFO - DAG(s) 'example_bash_decorator' retrieved from /home/airflow/.local/lib/python3.12/site-packages/airflow/example_dags/example_bash_decorator.py
[2025-05-02T20:12:13.364+0000] {logging_mixin.py:188} INFO - [2025-05-02T20:12:13.364+0000] {dag.py:3096} INFO - Sync 1 DAGs
[2025-05-02T20:12:13.374+0000] {logging_mixin.py:188} INFO - [2025-05-02T20:12:13.373+0000] {dag.py:3954} INFO - Setting next_dagrun for example_bash_decorator to None, run_after=None
[2025-05-02T20:12:13.388+0000] {processor.py:183} INFO - Processing /home/airflow/.local/lib/python3.12/site-packages/airflow/example_dags/example_bash_decorator.py took 0.060 seconds
[2025-05-02T20:12:45.552+0000] {processor.py:161} INFO - Started process (PID=3465) to work on /home/airflow/.local/lib/python3.12/site-packages/airflow/example_dags/example_bash_decorator.py
[2025-05-02T20:12:45.553+0000] {processor.py:830} INFO - Processing file /home/airflow/.local/lib/python3.12/site-packages/airflow/example_dags/example_bash_decorator.py for tasks to queue
[2025-05-02T20:12:45.554+0000] {logging_mixin.py:188} INFO - [2025-05-02T20:12:45.554+0000] {dagbag.py:545} INFO - Filling up the DagBag from /home/airflow/.local/lib/python3.12/site-packages/airflow/example_dags/example_bash_decorator.py
[2025-05-02T20:12:45.564+0000] {processor.py:840} INFO - DAG(s) 'example_bash_decorator' retrieved from /home/airflow/.local/lib/python3.12/site-packages/airflow/example_dags/example_bash_decorator.py
[2025-05-02T20:12:45.581+0000] {logging_mixin.py:188} INFO - [2025-05-02T20:12:45.581+0000] {dag.py:3096} INFO - Sync 1 DAGs
[2025-05-02T20:12:45.590+0000] {logging_mixin.py:188} INFO - [2025-05-02T20:12:45.590+0000] {dag.py:3954} INFO - Setting next_dagrun for example_bash_decorator to None, run_after=None
[2025-05-02T20:12:45.604+0000] {processor.py:183} INFO - Processing /home/airflow/.local/lib/python3.12/site-packages/airflow/example_dags/example_bash_decorator.py took 0.056 seconds
