[2025-05-02T19:42:20.706+0000] {processor.py:161} INFO - Started process (PID=55) to work on /home/airflow/.local/lib/python3.12/site-packages/airflow/example_dags/example_python_operator.py
[2025-05-02T19:42:20.707+0000] {processor.py:830} INFO - Processing file /home/airflow/.local/lib/python3.12/site-packages/airflow/example_dags/example_python_operator.py for tasks to queue
[2025-05-02T19:42:20.709+0000] {logging_mixin.py:188} INFO - [2025-05-02T19:42:20.708+0000] {dagbag.py:545} INFO - Filling up the DagBag from /home/airflow/.local/lib/python3.12/site-packages/airflow/example_dags/example_python_operator.py
[2025-05-02T19:42:20.722+0000] {processor.py:840} INFO - DAG(s) 'example_python_operator' retrieved from /home/airflow/.local/lib/python3.12/site-packages/airflow/example_dags/example_python_operator.py
[2025-05-02T19:42:20.816+0000] {logging_mixin.py:188} INFO - [2025-05-02T19:42:20.816+0000] {override.py:1829} INFO - Created Permission View: can edit on DAG:example_python_operator
[2025-05-02T19:42:20.824+0000] {logging_mixin.py:188} INFO - [2025-05-02T19:42:20.823+0000] {override.py:1829} INFO - Created Permission View: can read on DAG:example_python_operator
[2025-05-02T19:42:20.829+0000] {logging_mixin.py:188} INFO - [2025-05-02T19:42:20.829+0000] {override.py:1829} INFO - Created Permission View: can delete on DAG:example_python_operator
[2025-05-02T19:42:20.829+0000] {logging_mixin.py:188} INFO - [2025-05-02T19:42:20.829+0000] {dag.py:3096} INFO - Sync 1 DAGs
[2025-05-02T19:42:20.840+0000] {logging_mixin.py:188} INFO - [2025-05-02T19:42:20.839+0000] {dag.py:3118} INFO - Creating ORM DAG for example_python_operator
[2025-05-02T19:42:20.840+0000] {logging_mixin.py:188} INFO - [2025-05-02T19:42:20.840+0000] {dag.py:3954} INFO - Setting next_dagrun for example_python_operator to None, run_after=None
[2025-05-02T19:42:20.856+0000] {processor.py:183} INFO - Processing /home/airflow/.local/lib/python3.12/site-packages/airflow/example_dags/example_python_operator.py took 0.154 seconds
[2025-05-02T19:42:50.925+0000] {processor.py:161} INFO - Started process (PID=115) to work on /home/airflow/.local/lib/python3.12/site-packages/airflow/example_dags/example_python_operator.py
[2025-05-02T19:42:50.926+0000] {processor.py:830} INFO - Processing file /home/airflow/.local/lib/python3.12/site-packages/airflow/example_dags/example_python_operator.py for tasks to queue
[2025-05-02T19:42:50.927+0000] {logging_mixin.py:188} INFO - [2025-05-02T19:42:50.927+0000] {dagbag.py:545} INFO - Filling up the DagBag from /home/airflow/.local/lib/python3.12/site-packages/airflow/example_dags/example_python_operator.py
[2025-05-02T19:42:50.934+0000] {processor.py:840} INFO - DAG(s) 'example_python_operator' retrieved from /home/airflow/.local/lib/python3.12/site-packages/airflow/example_dags/example_python_operator.py
[2025-05-02T19:42:50.952+0000] {logging_mixin.py:188} INFO - [2025-05-02T19:42:50.952+0000] {dag.py:3096} INFO - Sync 1 DAGs
[2025-05-02T19:42:50.961+0000] {logging_mixin.py:188} INFO - [2025-05-02T19:42:50.961+0000] {dag.py:3954} INFO - Setting next_dagrun for example_python_operator to None, run_after=None
[2025-05-02T19:42:50.975+0000] {processor.py:183} INFO - Processing /home/airflow/.local/lib/python3.12/site-packages/airflow/example_dags/example_python_operator.py took 0.054 seconds
[2025-05-02T19:43:21.020+0000] {processor.py:161} INFO - Started process (PID=175) to work on /home/airflow/.local/lib/python3.12/site-packages/airflow/example_dags/example_python_operator.py
[2025-05-02T19:43:21.021+0000] {processor.py:830} INFO - Processing file /home/airflow/.local/lib/python3.12/site-packages/airflow/example_dags/example_python_operator.py for tasks to queue
[2025-05-02T19:43:21.023+0000] {logging_mixin.py:188} INFO - [2025-05-02T19:43:21.023+0000] {dagbag.py:545} INFO - Filling up the DagBag from /home/airflow/.local/lib/python3.12/site-packages/airflow/example_dags/example_python_operator.py
[2025-05-02T19:43:21.030+0000] {processor.py:840} INFO - DAG(s) 'example_python_operator' retrieved from /home/airflow/.local/lib/python3.12/site-packages/airflow/example_dags/example_python_operator.py
[2025-05-02T19:43:21.047+0000] {logging_mixin.py:188} INFO - [2025-05-02T19:43:21.047+0000] {dag.py:3096} INFO - Sync 1 DAGs
[2025-05-02T19:43:21.058+0000] {logging_mixin.py:188} INFO - [2025-05-02T19:43:21.058+0000] {dag.py:3954} INFO - Setting next_dagrun for example_python_operator to None, run_after=None
[2025-05-02T19:43:21.073+0000] {processor.py:183} INFO - Processing /home/airflow/.local/lib/python3.12/site-packages/airflow/example_dags/example_python_operator.py took 0.057 seconds
[2025-05-02T19:43:51.971+0000] {processor.py:161} INFO - Started process (PID=235) to work on /home/airflow/.local/lib/python3.12/site-packages/airflow/example_dags/example_python_operator.py
[2025-05-02T19:43:51.972+0000] {processor.py:830} INFO - Processing file /home/airflow/.local/lib/python3.12/site-packages/airflow/example_dags/example_python_operator.py for tasks to queue
[2025-05-02T19:43:51.973+0000] {logging_mixin.py:188} INFO - [2025-05-02T19:43:51.973+0000] {dagbag.py:545} INFO - Filling up the DagBag from /home/airflow/.local/lib/python3.12/site-packages/airflow/example_dags/example_python_operator.py
[2025-05-02T19:43:51.980+0000] {processor.py:840} INFO - DAG(s) 'example_python_operator' retrieved from /home/airflow/.local/lib/python3.12/site-packages/airflow/example_dags/example_python_operator.py
[2025-05-02T19:43:51.996+0000] {logging_mixin.py:188} INFO - [2025-05-02T19:43:51.996+0000] {dag.py:3096} INFO - Sync 1 DAGs
[2025-05-02T19:43:52.006+0000] {logging_mixin.py:188} INFO - [2025-05-02T19:43:52.006+0000] {dag.py:3954} INFO - Setting next_dagrun for example_python_operator to None, run_after=None
[2025-05-02T19:43:52.020+0000] {processor.py:183} INFO - Processing /home/airflow/.local/lib/python3.12/site-packages/airflow/example_dags/example_python_operator.py took 0.054 seconds
[2025-05-02T19:44:22.670+0000] {processor.py:161} INFO - Started process (PID=295) to work on /home/airflow/.local/lib/python3.12/site-packages/airflow/example_dags/example_python_operator.py
[2025-05-02T19:44:22.671+0000] {processor.py:830} INFO - Processing file /home/airflow/.local/lib/python3.12/site-packages/airflow/example_dags/example_python_operator.py for tasks to queue
[2025-05-02T19:44:22.673+0000] {logging_mixin.py:188} INFO - [2025-05-02T19:44:22.672+0000] {dagbag.py:545} INFO - Filling up the DagBag from /home/airflow/.local/lib/python3.12/site-packages/airflow/example_dags/example_python_operator.py
[2025-05-02T19:44:22.684+0000] {processor.py:840} INFO - DAG(s) 'example_python_operator' retrieved from /home/airflow/.local/lib/python3.12/site-packages/airflow/example_dags/example_python_operator.py
[2025-05-02T19:44:22.709+0000] {logging_mixin.py:188} INFO - [2025-05-02T19:44:22.709+0000] {dag.py:3096} INFO - Sync 1 DAGs
[2025-05-02T19:44:22.722+0000] {logging_mixin.py:188} INFO - [2025-05-02T19:44:22.722+0000] {dag.py:3954} INFO - Setting next_dagrun for example_python_operator to None, run_after=None
[2025-05-02T19:44:22.737+0000] {processor.py:183} INFO - Processing /home/airflow/.local/lib/python3.12/site-packages/airflow/example_dags/example_python_operator.py took 0.072 seconds
[2025-05-02T19:44:53.831+0000] {processor.py:161} INFO - Started process (PID=355) to work on /home/airflow/.local/lib/python3.12/site-packages/airflow/example_dags/example_python_operator.py
[2025-05-02T19:44:53.832+0000] {processor.py:830} INFO - Processing file /home/airflow/.local/lib/python3.12/site-packages/airflow/example_dags/example_python_operator.py for tasks to queue
[2025-05-02T19:44:53.834+0000] {logging_mixin.py:188} INFO - [2025-05-02T19:44:53.833+0000] {dagbag.py:545} INFO - Filling up the DagBag from /home/airflow/.local/lib/python3.12/site-packages/airflow/example_dags/example_python_operator.py
[2025-05-02T19:44:53.847+0000] {processor.py:840} INFO - DAG(s) 'example_python_operator' retrieved from /home/airflow/.local/lib/python3.12/site-packages/airflow/example_dags/example_python_operator.py
[2025-05-02T19:44:53.865+0000] {logging_mixin.py:188} INFO - [2025-05-02T19:44:53.865+0000] {dag.py:3096} INFO - Sync 1 DAGs
[2025-05-02T19:44:53.875+0000] {logging_mixin.py:188} INFO - [2025-05-02T19:44:53.875+0000] {dag.py:3954} INFO - Setting next_dagrun for example_python_operator to None, run_after=None
[2025-05-02T19:44:53.891+0000] {processor.py:183} INFO - Processing /home/airflow/.local/lib/python3.12/site-packages/airflow/example_dags/example_python_operator.py took 0.067 seconds
[2025-05-02T19:45:24.033+0000] {processor.py:161} INFO - Started process (PID=415) to work on /home/airflow/.local/lib/python3.12/site-packages/airflow/example_dags/example_python_operator.py
[2025-05-02T19:45:24.034+0000] {processor.py:830} INFO - Processing file /home/airflow/.local/lib/python3.12/site-packages/airflow/example_dags/example_python_operator.py for tasks to queue
[2025-05-02T19:45:24.036+0000] {logging_mixin.py:188} INFO - [2025-05-02T19:45:24.035+0000] {dagbag.py:545} INFO - Filling up the DagBag from /home/airflow/.local/lib/python3.12/site-packages/airflow/example_dags/example_python_operator.py
[2025-05-02T19:45:24.046+0000] {processor.py:840} INFO - DAG(s) 'example_python_operator' retrieved from /home/airflow/.local/lib/python3.12/site-packages/airflow/example_dags/example_python_operator.py
[2025-05-02T19:45:24.066+0000] {logging_mixin.py:188} INFO - [2025-05-02T19:45:24.066+0000] {dag.py:3096} INFO - Sync 1 DAGs
[2025-05-02T19:45:24.077+0000] {logging_mixin.py:188} INFO - [2025-05-02T19:45:24.077+0000] {dag.py:3954} INFO - Setting next_dagrun for example_python_operator to None, run_after=None
[2025-05-02T19:45:24.094+0000] {processor.py:183} INFO - Processing /home/airflow/.local/lib/python3.12/site-packages/airflow/example_dags/example_python_operator.py took 0.065 seconds
[2025-05-02T19:45:54.147+0000] {processor.py:161} INFO - Started process (PID=473) to work on /home/airflow/.local/lib/python3.12/site-packages/airflow/example_dags/example_python_operator.py
[2025-05-02T19:45:54.148+0000] {processor.py:830} INFO - Processing file /home/airflow/.local/lib/python3.12/site-packages/airflow/example_dags/example_python_operator.py for tasks to queue
[2025-05-02T19:45:54.150+0000] {logging_mixin.py:188} INFO - [2025-05-02T19:45:54.150+0000] {dagbag.py:545} INFO - Filling up the DagBag from /home/airflow/.local/lib/python3.12/site-packages/airflow/example_dags/example_python_operator.py
[2025-05-02T19:45:54.160+0000] {processor.py:840} INFO - DAG(s) 'example_python_operator' retrieved from /home/airflow/.local/lib/python3.12/site-packages/airflow/example_dags/example_python_operator.py
[2025-05-02T19:45:54.182+0000] {logging_mixin.py:188} INFO - [2025-05-02T19:45:54.182+0000] {dag.py:3096} INFO - Sync 1 DAGs
[2025-05-02T19:45:54.194+0000] {logging_mixin.py:188} INFO - [2025-05-02T19:45:54.194+0000] {dag.py:3954} INFO - Setting next_dagrun for example_python_operator to None, run_after=None
[2025-05-02T19:45:54.209+0000] {processor.py:183} INFO - Processing /home/airflow/.local/lib/python3.12/site-packages/airflow/example_dags/example_python_operator.py took 0.068 seconds
[2025-05-02T19:46:24.439+0000] {processor.py:161} INFO - Started process (PID=533) to work on /home/airflow/.local/lib/python3.12/site-packages/airflow/example_dags/example_python_operator.py
[2025-05-02T19:46:24.440+0000] {processor.py:830} INFO - Processing file /home/airflow/.local/lib/python3.12/site-packages/airflow/example_dags/example_python_operator.py for tasks to queue
[2025-05-02T19:46:24.442+0000] {logging_mixin.py:188} INFO - [2025-05-02T19:46:24.441+0000] {dagbag.py:545} INFO - Filling up the DagBag from /home/airflow/.local/lib/python3.12/site-packages/airflow/example_dags/example_python_operator.py
[2025-05-02T19:46:24.450+0000] {processor.py:840} INFO - DAG(s) 'example_python_operator' retrieved from /home/airflow/.local/lib/python3.12/site-packages/airflow/example_dags/example_python_operator.py
[2025-05-02T19:46:24.470+0000] {logging_mixin.py:188} INFO - [2025-05-02T19:46:24.470+0000] {dag.py:3096} INFO - Sync 1 DAGs
[2025-05-02T19:46:24.483+0000] {logging_mixin.py:188} INFO - [2025-05-02T19:46:24.483+0000] {dag.py:3954} INFO - Setting next_dagrun for example_python_operator to None, run_after=None
[2025-05-02T19:46:24.500+0000] {processor.py:183} INFO - Processing /home/airflow/.local/lib/python3.12/site-packages/airflow/example_dags/example_python_operator.py took 0.066 seconds
[2025-05-02T19:46:54.781+0000] {processor.py:161} INFO - Started process (PID=593) to work on /home/airflow/.local/lib/python3.12/site-packages/airflow/example_dags/example_python_operator.py
[2025-05-02T19:46:54.782+0000] {processor.py:830} INFO - Processing file /home/airflow/.local/lib/python3.12/site-packages/airflow/example_dags/example_python_operator.py for tasks to queue
[2025-05-02T19:46:54.785+0000] {logging_mixin.py:188} INFO - [2025-05-02T19:46:54.784+0000] {dagbag.py:545} INFO - Filling up the DagBag from /home/airflow/.local/lib/python3.12/site-packages/airflow/example_dags/example_python_operator.py
[2025-05-02T19:46:54.797+0000] {processor.py:840} INFO - DAG(s) 'example_python_operator' retrieved from /home/airflow/.local/lib/python3.12/site-packages/airflow/example_dags/example_python_operator.py
[2025-05-02T19:46:54.815+0000] {logging_mixin.py:188} INFO - [2025-05-02T19:46:54.815+0000] {dag.py:3096} INFO - Sync 1 DAGs
[2025-05-02T19:46:54.826+0000] {logging_mixin.py:188} INFO - [2025-05-02T19:46:54.826+0000] {dag.py:3954} INFO - Setting next_dagrun for example_python_operator to None, run_after=None
[2025-05-02T19:46:54.842+0000] {processor.py:183} INFO - Processing /home/airflow/.local/lib/python3.12/site-packages/airflow/example_dags/example_python_operator.py took 0.066 seconds
[2025-05-02T19:47:25.125+0000] {processor.py:161} INFO - Started process (PID=653) to work on /home/airflow/.local/lib/python3.12/site-packages/airflow/example_dags/example_python_operator.py
[2025-05-02T19:47:25.126+0000] {processor.py:830} INFO - Processing file /home/airflow/.local/lib/python3.12/site-packages/airflow/example_dags/example_python_operator.py for tasks to queue
[2025-05-02T19:47:25.127+0000] {logging_mixin.py:188} INFO - [2025-05-02T19:47:25.127+0000] {dagbag.py:545} INFO - Filling up the DagBag from /home/airflow/.local/lib/python3.12/site-packages/airflow/example_dags/example_python_operator.py
[2025-05-02T19:47:25.135+0000] {processor.py:840} INFO - DAG(s) 'example_python_operator' retrieved from /home/airflow/.local/lib/python3.12/site-packages/airflow/example_dags/example_python_operator.py
[2025-05-02T19:47:25.153+0000] {logging_mixin.py:188} INFO - [2025-05-02T19:47:25.153+0000] {dag.py:3096} INFO - Sync 1 DAGs
[2025-05-02T19:47:25.164+0000] {logging_mixin.py:188} INFO - [2025-05-02T19:47:25.164+0000] {dag.py:3954} INFO - Setting next_dagrun for example_python_operator to None, run_after=None
[2025-05-02T19:47:25.179+0000] {processor.py:183} INFO - Processing /home/airflow/.local/lib/python3.12/site-packages/airflow/example_dags/example_python_operator.py took 0.059 seconds
[2025-05-02T19:47:55.602+0000] {processor.py:161} INFO - Started process (PID=707) to work on /home/airflow/.local/lib/python3.12/site-packages/airflow/example_dags/example_python_operator.py
[2025-05-02T19:47:55.603+0000] {processor.py:830} INFO - Processing file /home/airflow/.local/lib/python3.12/site-packages/airflow/example_dags/example_python_operator.py for tasks to queue
[2025-05-02T19:47:55.605+0000] {logging_mixin.py:188} INFO - [2025-05-02T19:47:55.605+0000] {dagbag.py:545} INFO - Filling up the DagBag from /home/airflow/.local/lib/python3.12/site-packages/airflow/example_dags/example_python_operator.py
[2025-05-02T19:47:55.615+0000] {processor.py:840} INFO - DAG(s) 'example_python_operator' retrieved from /home/airflow/.local/lib/python3.12/site-packages/airflow/example_dags/example_python_operator.py
[2025-05-02T19:47:55.635+0000] {logging_mixin.py:188} INFO - [2025-05-02T19:47:55.635+0000] {dag.py:3096} INFO - Sync 1 DAGs
[2025-05-02T19:47:55.645+0000] {logging_mixin.py:188} INFO - [2025-05-02T19:47:55.645+0000] {dag.py:3954} INFO - Setting next_dagrun for example_python_operator to None, run_after=None
[2025-05-02T19:47:55.659+0000] {processor.py:183} INFO - Processing /home/airflow/.local/lib/python3.12/site-packages/airflow/example_dags/example_python_operator.py took 0.064 seconds
[2025-05-02T19:48:25.925+0000] {processor.py:161} INFO - Started process (PID=767) to work on /home/airflow/.local/lib/python3.12/site-packages/airflow/example_dags/example_python_operator.py
[2025-05-02T19:48:25.925+0000] {processor.py:830} INFO - Processing file /home/airflow/.local/lib/python3.12/site-packages/airflow/example_dags/example_python_operator.py for tasks to queue
[2025-05-02T19:48:25.927+0000] {logging_mixin.py:188} INFO - [2025-05-02T19:48:25.926+0000] {dagbag.py:545} INFO - Filling up the DagBag from /home/airflow/.local/lib/python3.12/site-packages/airflow/example_dags/example_python_operator.py
[2025-05-02T19:48:25.934+0000] {processor.py:840} INFO - DAG(s) 'example_python_operator' retrieved from /home/airflow/.local/lib/python3.12/site-packages/airflow/example_dags/example_python_operator.py
[2025-05-02T19:48:25.951+0000] {logging_mixin.py:188} INFO - [2025-05-02T19:48:25.951+0000] {dag.py:3096} INFO - Sync 1 DAGs
[2025-05-02T19:48:25.962+0000] {logging_mixin.py:188} INFO - [2025-05-02T19:48:25.961+0000] {dag.py:3954} INFO - Setting next_dagrun for example_python_operator to None, run_after=None
[2025-05-02T19:48:25.979+0000] {processor.py:183} INFO - Processing /home/airflow/.local/lib/python3.12/site-packages/airflow/example_dags/example_python_operator.py took 0.058 seconds
[2025-05-02T19:48:56.145+0000] {processor.py:161} INFO - Started process (PID=827) to work on /home/airflow/.local/lib/python3.12/site-packages/airflow/example_dags/example_python_operator.py
[2025-05-02T19:48:56.146+0000] {processor.py:830} INFO - Processing file /home/airflow/.local/lib/python3.12/site-packages/airflow/example_dags/example_python_operator.py for tasks to queue
[2025-05-02T19:48:56.148+0000] {logging_mixin.py:188} INFO - [2025-05-02T19:48:56.148+0000] {dagbag.py:545} INFO - Filling up the DagBag from /home/airflow/.local/lib/python3.12/site-packages/airflow/example_dags/example_python_operator.py
[2025-05-02T19:48:56.158+0000] {processor.py:840} INFO - DAG(s) 'example_python_operator' retrieved from /home/airflow/.local/lib/python3.12/site-packages/airflow/example_dags/example_python_operator.py
[2025-05-02T19:48:56.176+0000] {logging_mixin.py:188} INFO - [2025-05-02T19:48:56.176+0000] {dag.py:3096} INFO - Sync 1 DAGs
[2025-05-02T19:48:56.187+0000] {logging_mixin.py:188} INFO - [2025-05-02T19:48:56.187+0000] {dag.py:3954} INFO - Setting next_dagrun for example_python_operator to None, run_after=None
[2025-05-02T19:48:56.205+0000] {processor.py:183} INFO - Processing /home/airflow/.local/lib/python3.12/site-packages/airflow/example_dags/example_python_operator.py took 0.065 seconds
[2025-05-02T19:49:28.759+0000] {processor.py:161} INFO - Started process (PID=888) to work on /home/airflow/.local/lib/python3.12/site-packages/airflow/example_dags/example_python_operator.py
[2025-05-02T19:49:28.759+0000] {processor.py:830} INFO - Processing file /home/airflow/.local/lib/python3.12/site-packages/airflow/example_dags/example_python_operator.py for tasks to queue
[2025-05-02T19:49:28.761+0000] {logging_mixin.py:188} INFO - [2025-05-02T19:49:28.761+0000] {dagbag.py:545} INFO - Filling up the DagBag from /home/airflow/.local/lib/python3.12/site-packages/airflow/example_dags/example_python_operator.py
[2025-05-02T19:49:28.770+0000] {processor.py:840} INFO - DAG(s) 'example_python_operator' retrieved from /home/airflow/.local/lib/python3.12/site-packages/airflow/example_dags/example_python_operator.py
[2025-05-02T19:49:28.788+0000] {logging_mixin.py:188} INFO - [2025-05-02T19:49:28.788+0000] {dag.py:3096} INFO - Sync 1 DAGs
[2025-05-02T19:49:28.797+0000] {logging_mixin.py:188} INFO - [2025-05-02T19:49:28.797+0000] {dag.py:3954} INFO - Setting next_dagrun for example_python_operator to None, run_after=None
[2025-05-02T19:49:28.813+0000] {processor.py:183} INFO - Processing /home/airflow/.local/lib/python3.12/site-packages/airflow/example_dags/example_python_operator.py took 0.059 seconds
[2025-05-02T19:50:00.793+0000] {processor.py:161} INFO - Started process (PID=948) to work on /home/airflow/.local/lib/python3.12/site-packages/airflow/example_dags/example_python_operator.py
[2025-05-02T19:50:00.794+0000] {processor.py:830} INFO - Processing file /home/airflow/.local/lib/python3.12/site-packages/airflow/example_dags/example_python_operator.py for tasks to queue
[2025-05-02T19:50:00.796+0000] {logging_mixin.py:188} INFO - [2025-05-02T19:50:00.795+0000] {dagbag.py:545} INFO - Filling up the DagBag from /home/airflow/.local/lib/python3.12/site-packages/airflow/example_dags/example_python_operator.py
[2025-05-02T19:50:00.804+0000] {processor.py:840} INFO - DAG(s) 'example_python_operator' retrieved from /home/airflow/.local/lib/python3.12/site-packages/airflow/example_dags/example_python_operator.py
[2025-05-02T19:50:00.825+0000] {logging_mixin.py:188} INFO - [2025-05-02T19:50:00.824+0000] {dag.py:3096} INFO - Sync 1 DAGs
[2025-05-02T19:50:00.835+0000] {logging_mixin.py:188} INFO - [2025-05-02T19:50:00.835+0000] {dag.py:3954} INFO - Setting next_dagrun for example_python_operator to None, run_after=None
[2025-05-02T19:50:00.851+0000] {processor.py:183} INFO - Processing /home/airflow/.local/lib/python3.12/site-packages/airflow/example_dags/example_python_operator.py took 0.062 seconds
[2025-05-02T19:50:33.656+0000] {processor.py:161} INFO - Started process (PID=1010) to work on /home/airflow/.local/lib/python3.12/site-packages/airflow/example_dags/example_python_operator.py
[2025-05-02T19:50:33.657+0000] {processor.py:830} INFO - Processing file /home/airflow/.local/lib/python3.12/site-packages/airflow/example_dags/example_python_operator.py for tasks to queue
[2025-05-02T19:50:33.659+0000] {logging_mixin.py:188} INFO - [2025-05-02T19:50:33.659+0000] {dagbag.py:545} INFO - Filling up the DagBag from /home/airflow/.local/lib/python3.12/site-packages/airflow/example_dags/example_python_operator.py
[2025-05-02T19:50:33.671+0000] {processor.py:840} INFO - DAG(s) 'example_python_operator' retrieved from /home/airflow/.local/lib/python3.12/site-packages/airflow/example_dags/example_python_operator.py
[2025-05-02T19:50:33.691+0000] {logging_mixin.py:188} INFO - [2025-05-02T19:50:33.691+0000] {dag.py:3096} INFO - Sync 1 DAGs
[2025-05-02T19:50:33.704+0000] {logging_mixin.py:188} INFO - [2025-05-02T19:50:33.704+0000] {dag.py:3954} INFO - Setting next_dagrun for example_python_operator to None, run_after=None
[2025-05-02T19:50:33.722+0000] {processor.py:183} INFO - Processing /home/airflow/.local/lib/python3.12/site-packages/airflow/example_dags/example_python_operator.py took 0.071 seconds
[2025-05-02T19:51:05.830+0000] {processor.py:161} INFO - Started process (PID=1070) to work on /home/airflow/.local/lib/python3.12/site-packages/airflow/example_dags/example_python_operator.py
[2025-05-02T19:51:05.831+0000] {processor.py:830} INFO - Processing file /home/airflow/.local/lib/python3.12/site-packages/airflow/example_dags/example_python_operator.py for tasks to queue
[2025-05-02T19:51:05.833+0000] {logging_mixin.py:188} INFO - [2025-05-02T19:51:05.832+0000] {dagbag.py:545} INFO - Filling up the DagBag from /home/airflow/.local/lib/python3.12/site-packages/airflow/example_dags/example_python_operator.py
[2025-05-02T19:51:05.844+0000] {processor.py:840} INFO - DAG(s) 'example_python_operator' retrieved from /home/airflow/.local/lib/python3.12/site-packages/airflow/example_dags/example_python_operator.py
[2025-05-02T19:51:05.864+0000] {logging_mixin.py:188} INFO - [2025-05-02T19:51:05.864+0000] {dag.py:3096} INFO - Sync 1 DAGs
[2025-05-02T19:51:05.875+0000] {logging_mixin.py:188} INFO - [2025-05-02T19:51:05.875+0000] {dag.py:3954} INFO - Setting next_dagrun for example_python_operator to None, run_after=None
[2025-05-02T19:51:05.892+0000] {processor.py:183} INFO - Processing /home/airflow/.local/lib/python3.12/site-packages/airflow/example_dags/example_python_operator.py took 0.067 seconds
[2025-05-02T19:51:38.180+0000] {processor.py:161} INFO - Started process (PID=1130) to work on /home/airflow/.local/lib/python3.12/site-packages/airflow/example_dags/example_python_operator.py
[2025-05-02T19:51:38.181+0000] {processor.py:830} INFO - Processing file /home/airflow/.local/lib/python3.12/site-packages/airflow/example_dags/example_python_operator.py for tasks to queue
[2025-05-02T19:51:38.182+0000] {logging_mixin.py:188} INFO - [2025-05-02T19:51:38.182+0000] {dagbag.py:545} INFO - Filling up the DagBag from /home/airflow/.local/lib/python3.12/site-packages/airflow/example_dags/example_python_operator.py
[2025-05-02T19:51:38.194+0000] {processor.py:840} INFO - DAG(s) 'example_python_operator' retrieved from /home/airflow/.local/lib/python3.12/site-packages/airflow/example_dags/example_python_operator.py
[2025-05-02T19:51:38.214+0000] {logging_mixin.py:188} INFO - [2025-05-02T19:51:38.214+0000] {dag.py:3096} INFO - Sync 1 DAGs
[2025-05-02T19:51:38.225+0000] {logging_mixin.py:188} INFO - [2025-05-02T19:51:38.225+0000] {dag.py:3954} INFO - Setting next_dagrun for example_python_operator to None, run_after=None
[2025-05-02T19:51:38.242+0000] {processor.py:183} INFO - Processing /home/airflow/.local/lib/python3.12/site-packages/airflow/example_dags/example_python_operator.py took 0.066 seconds
[2025-05-02T19:52:10.463+0000] {processor.py:161} INFO - Started process (PID=1190) to work on /home/airflow/.local/lib/python3.12/site-packages/airflow/example_dags/example_python_operator.py
[2025-05-02T19:52:10.464+0000] {processor.py:830} INFO - Processing file /home/airflow/.local/lib/python3.12/site-packages/airflow/example_dags/example_python_operator.py for tasks to queue
[2025-05-02T19:52:10.465+0000] {logging_mixin.py:188} INFO - [2025-05-02T19:52:10.465+0000] {dagbag.py:545} INFO - Filling up the DagBag from /home/airflow/.local/lib/python3.12/site-packages/airflow/example_dags/example_python_operator.py
[2025-05-02T19:52:10.476+0000] {processor.py:840} INFO - DAG(s) 'example_python_operator' retrieved from /home/airflow/.local/lib/python3.12/site-packages/airflow/example_dags/example_python_operator.py
[2025-05-02T19:52:10.498+0000] {logging_mixin.py:188} INFO - [2025-05-02T19:52:10.497+0000] {dag.py:3096} INFO - Sync 1 DAGs
[2025-05-02T19:52:10.513+0000] {logging_mixin.py:188} INFO - [2025-05-02T19:52:10.513+0000] {dag.py:3954} INFO - Setting next_dagrun for example_python_operator to None, run_after=None
[2025-05-02T19:52:10.529+0000] {processor.py:183} INFO - Processing /home/airflow/.local/lib/python3.12/site-packages/airflow/example_dags/example_python_operator.py took 0.072 seconds
[2025-05-02T19:52:43.075+0000] {processor.py:161} INFO - Started process (PID=1250) to work on /home/airflow/.local/lib/python3.12/site-packages/airflow/example_dags/example_python_operator.py
[2025-05-02T19:52:43.076+0000] {processor.py:830} INFO - Processing file /home/airflow/.local/lib/python3.12/site-packages/airflow/example_dags/example_python_operator.py for tasks to queue
[2025-05-02T19:52:43.078+0000] {logging_mixin.py:188} INFO - [2025-05-02T19:52:43.077+0000] {dagbag.py:545} INFO - Filling up the DagBag from /home/airflow/.local/lib/python3.12/site-packages/airflow/example_dags/example_python_operator.py
[2025-05-02T19:52:43.086+0000] {processor.py:840} INFO - DAG(s) 'example_python_operator' retrieved from /home/airflow/.local/lib/python3.12/site-packages/airflow/example_dags/example_python_operator.py
[2025-05-02T19:52:43.104+0000] {logging_mixin.py:188} INFO - [2025-05-02T19:52:43.104+0000] {dag.py:3096} INFO - Sync 1 DAGs
[2025-05-02T19:52:43.114+0000] {logging_mixin.py:188} INFO - [2025-05-02T19:52:43.114+0000] {dag.py:3954} INFO - Setting next_dagrun for example_python_operator to None, run_after=None
[2025-05-02T19:52:43.129+0000] {processor.py:183} INFO - Processing /home/airflow/.local/lib/python3.12/site-packages/airflow/example_dags/example_python_operator.py took 0.059 seconds
[2025-05-02T19:53:15.736+0000] {processor.py:161} INFO - Started process (PID=1310) to work on /home/airflow/.local/lib/python3.12/site-packages/airflow/example_dags/example_python_operator.py
[2025-05-02T19:53:15.737+0000] {processor.py:830} INFO - Processing file /home/airflow/.local/lib/python3.12/site-packages/airflow/example_dags/example_python_operator.py for tasks to queue
[2025-05-02T19:53:15.739+0000] {logging_mixin.py:188} INFO - [2025-05-02T19:53:15.739+0000] {dagbag.py:545} INFO - Filling up the DagBag from /home/airflow/.local/lib/python3.12/site-packages/airflow/example_dags/example_python_operator.py
[2025-05-02T19:53:15.748+0000] {processor.py:840} INFO - DAG(s) 'example_python_operator' retrieved from /home/airflow/.local/lib/python3.12/site-packages/airflow/example_dags/example_python_operator.py
[2025-05-02T19:53:15.769+0000] {logging_mixin.py:188} INFO - [2025-05-02T19:53:15.769+0000] {dag.py:3096} INFO - Sync 1 DAGs
[2025-05-02T19:53:15.780+0000] {logging_mixin.py:188} INFO - [2025-05-02T19:53:15.780+0000] {dag.py:3954} INFO - Setting next_dagrun for example_python_operator to None, run_after=None
[2025-05-02T19:53:15.797+0000] {processor.py:183} INFO - Processing /home/airflow/.local/lib/python3.12/site-packages/airflow/example_dags/example_python_operator.py took 0.067 seconds
[2025-05-02T19:53:48.141+0000] {processor.py:161} INFO - Started process (PID=1370) to work on /home/airflow/.local/lib/python3.12/site-packages/airflow/example_dags/example_python_operator.py
[2025-05-02T19:53:48.142+0000] {processor.py:830} INFO - Processing file /home/airflow/.local/lib/python3.12/site-packages/airflow/example_dags/example_python_operator.py for tasks to queue
[2025-05-02T19:53:48.144+0000] {logging_mixin.py:188} INFO - [2025-05-02T19:53:48.144+0000] {dagbag.py:545} INFO - Filling up the DagBag from /home/airflow/.local/lib/python3.12/site-packages/airflow/example_dags/example_python_operator.py
[2025-05-02T19:53:48.152+0000] {processor.py:840} INFO - DAG(s) 'example_python_operator' retrieved from /home/airflow/.local/lib/python3.12/site-packages/airflow/example_dags/example_python_operator.py
[2025-05-02T19:53:48.171+0000] {logging_mixin.py:188} INFO - [2025-05-02T19:53:48.171+0000] {dag.py:3096} INFO - Sync 1 DAGs
[2025-05-02T19:53:48.183+0000] {logging_mixin.py:188} INFO - [2025-05-02T19:53:48.182+0000] {dag.py:3954} INFO - Setting next_dagrun for example_python_operator to None, run_after=None
[2025-05-02T19:53:48.199+0000] {processor.py:183} INFO - Processing /home/airflow/.local/lib/python3.12/site-packages/airflow/example_dags/example_python_operator.py took 0.062 seconds
[2025-05-02T19:54:20.598+0000] {processor.py:161} INFO - Started process (PID=1430) to work on /home/airflow/.local/lib/python3.12/site-packages/airflow/example_dags/example_python_operator.py
[2025-05-02T19:54:20.599+0000] {processor.py:830} INFO - Processing file /home/airflow/.local/lib/python3.12/site-packages/airflow/example_dags/example_python_operator.py for tasks to queue
[2025-05-02T19:54:20.601+0000] {logging_mixin.py:188} INFO - [2025-05-02T19:54:20.601+0000] {dagbag.py:545} INFO - Filling up the DagBag from /home/airflow/.local/lib/python3.12/site-packages/airflow/example_dags/example_python_operator.py
[2025-05-02T19:54:20.610+0000] {processor.py:840} INFO - DAG(s) 'example_python_operator' retrieved from /home/airflow/.local/lib/python3.12/site-packages/airflow/example_dags/example_python_operator.py
[2025-05-02T19:54:20.628+0000] {logging_mixin.py:188} INFO - [2025-05-02T19:54:20.628+0000] {dag.py:3096} INFO - Sync 1 DAGs
[2025-05-02T19:54:20.639+0000] {logging_mixin.py:188} INFO - [2025-05-02T19:54:20.639+0000] {dag.py:3954} INFO - Setting next_dagrun for example_python_operator to None, run_after=None
[2025-05-02T19:54:20.657+0000] {processor.py:183} INFO - Processing /home/airflow/.local/lib/python3.12/site-packages/airflow/example_dags/example_python_operator.py took 0.063 seconds
[2025-05-02T19:54:52.907+0000] {processor.py:161} INFO - Started process (PID=1490) to work on /home/airflow/.local/lib/python3.12/site-packages/airflow/example_dags/example_python_operator.py
[2025-05-02T19:54:52.908+0000] {processor.py:830} INFO - Processing file /home/airflow/.local/lib/python3.12/site-packages/airflow/example_dags/example_python_operator.py for tasks to queue
[2025-05-02T19:54:52.909+0000] {logging_mixin.py:188} INFO - [2025-05-02T19:54:52.909+0000] {dagbag.py:545} INFO - Filling up the DagBag from /home/airflow/.local/lib/python3.12/site-packages/airflow/example_dags/example_python_operator.py
[2025-05-02T19:54:52.917+0000] {processor.py:840} INFO - DAG(s) 'example_python_operator' retrieved from /home/airflow/.local/lib/python3.12/site-packages/airflow/example_dags/example_python_operator.py
[2025-05-02T19:54:52.933+0000] {logging_mixin.py:188} INFO - [2025-05-02T19:54:52.933+0000] {dag.py:3096} INFO - Sync 1 DAGs
[2025-05-02T19:54:52.942+0000] {logging_mixin.py:188} INFO - [2025-05-02T19:54:52.942+0000] {dag.py:3954} INFO - Setting next_dagrun for example_python_operator to None, run_after=None
[2025-05-02T19:54:52.955+0000] {processor.py:183} INFO - Processing /home/airflow/.local/lib/python3.12/site-packages/airflow/example_dags/example_python_operator.py took 0.053 seconds
[2025-05-02T19:55:24.879+0000] {processor.py:161} INFO - Started process (PID=1550) to work on /home/airflow/.local/lib/python3.12/site-packages/airflow/example_dags/example_python_operator.py
[2025-05-02T19:55:24.880+0000] {processor.py:830} INFO - Processing file /home/airflow/.local/lib/python3.12/site-packages/airflow/example_dags/example_python_operator.py for tasks to queue
[2025-05-02T19:55:24.881+0000] {logging_mixin.py:188} INFO - [2025-05-02T19:55:24.881+0000] {dagbag.py:545} INFO - Filling up the DagBag from /home/airflow/.local/lib/python3.12/site-packages/airflow/example_dags/example_python_operator.py
[2025-05-02T19:55:24.889+0000] {processor.py:840} INFO - DAG(s) 'example_python_operator' retrieved from /home/airflow/.local/lib/python3.12/site-packages/airflow/example_dags/example_python_operator.py
[2025-05-02T19:55:24.903+0000] {logging_mixin.py:188} INFO - [2025-05-02T19:55:24.903+0000] {dag.py:3096} INFO - Sync 1 DAGs
[2025-05-02T19:55:24.914+0000] {logging_mixin.py:188} INFO - [2025-05-02T19:55:24.914+0000] {dag.py:3954} INFO - Setting next_dagrun for example_python_operator to None, run_after=None
[2025-05-02T19:55:24.929+0000] {processor.py:183} INFO - Processing /home/airflow/.local/lib/python3.12/site-packages/airflow/example_dags/example_python_operator.py took 0.056 seconds
[2025-05-02T19:55:57.824+0000] {processor.py:161} INFO - Started process (PID=1610) to work on /home/airflow/.local/lib/python3.12/site-packages/airflow/example_dags/example_python_operator.py
[2025-05-02T19:55:57.825+0000] {processor.py:830} INFO - Processing file /home/airflow/.local/lib/python3.12/site-packages/airflow/example_dags/example_python_operator.py for tasks to queue
[2025-05-02T19:55:57.827+0000] {logging_mixin.py:188} INFO - [2025-05-02T19:55:57.827+0000] {dagbag.py:545} INFO - Filling up the DagBag from /home/airflow/.local/lib/python3.12/site-packages/airflow/example_dags/example_python_operator.py
[2025-05-02T19:55:57.836+0000] {processor.py:840} INFO - DAG(s) 'example_python_operator' retrieved from /home/airflow/.local/lib/python3.12/site-packages/airflow/example_dags/example_python_operator.py
[2025-05-02T19:55:57.854+0000] {logging_mixin.py:188} INFO - [2025-05-02T19:55:57.854+0000] {dag.py:3096} INFO - Sync 1 DAGs
[2025-05-02T19:55:57.863+0000] {logging_mixin.py:188} INFO - [2025-05-02T19:55:57.863+0000] {dag.py:3954} INFO - Setting next_dagrun for example_python_operator to None, run_after=None
[2025-05-02T19:55:57.882+0000] {processor.py:183} INFO - Processing /home/airflow/.local/lib/python3.12/site-packages/airflow/example_dags/example_python_operator.py took 0.063 seconds
[2025-05-02T19:56:29.711+0000] {processor.py:161} INFO - Started process (PID=1670) to work on /home/airflow/.local/lib/python3.12/site-packages/airflow/example_dags/example_python_operator.py
[2025-05-02T19:56:29.712+0000] {processor.py:830} INFO - Processing file /home/airflow/.local/lib/python3.12/site-packages/airflow/example_dags/example_python_operator.py for tasks to queue
[2025-05-02T19:56:29.713+0000] {logging_mixin.py:188} INFO - [2025-05-02T19:56:29.713+0000] {dagbag.py:545} INFO - Filling up the DagBag from /home/airflow/.local/lib/python3.12/site-packages/airflow/example_dags/example_python_operator.py
[2025-05-02T19:56:29.720+0000] {processor.py:840} INFO - DAG(s) 'example_python_operator' retrieved from /home/airflow/.local/lib/python3.12/site-packages/airflow/example_dags/example_python_operator.py
[2025-05-02T19:56:29.735+0000] {logging_mixin.py:188} INFO - [2025-05-02T19:56:29.735+0000] {dag.py:3096} INFO - Sync 1 DAGs
[2025-05-02T19:56:29.744+0000] {logging_mixin.py:188} INFO - [2025-05-02T19:56:29.744+0000] {dag.py:3954} INFO - Setting next_dagrun for example_python_operator to None, run_after=None
[2025-05-02T19:56:29.758+0000] {processor.py:183} INFO - Processing /home/airflow/.local/lib/python3.12/site-packages/airflow/example_dags/example_python_operator.py took 0.051 seconds
[2025-05-02T19:57:02.635+0000] {processor.py:161} INFO - Started process (PID=1730) to work on /home/airflow/.local/lib/python3.12/site-packages/airflow/example_dags/example_python_operator.py
[2025-05-02T19:57:02.636+0000] {processor.py:830} INFO - Processing file /home/airflow/.local/lib/python3.12/site-packages/airflow/example_dags/example_python_operator.py for tasks to queue
[2025-05-02T19:57:02.638+0000] {logging_mixin.py:188} INFO - [2025-05-02T19:57:02.637+0000] {dagbag.py:545} INFO - Filling up the DagBag from /home/airflow/.local/lib/python3.12/site-packages/airflow/example_dags/example_python_operator.py
[2025-05-02T19:57:02.646+0000] {processor.py:840} INFO - DAG(s) 'example_python_operator' retrieved from /home/airflow/.local/lib/python3.12/site-packages/airflow/example_dags/example_python_operator.py
[2025-05-02T19:57:02.667+0000] {logging_mixin.py:188} INFO - [2025-05-02T19:57:02.666+0000] {dag.py:3096} INFO - Sync 1 DAGs
[2025-05-02T19:57:02.676+0000] {logging_mixin.py:188} INFO - [2025-05-02T19:57:02.676+0000] {dag.py:3954} INFO - Setting next_dagrun for example_python_operator to None, run_after=None
[2025-05-02T19:57:02.692+0000] {processor.py:183} INFO - Processing /home/airflow/.local/lib/python3.12/site-packages/airflow/example_dags/example_python_operator.py took 0.063 seconds
[2025-05-02T19:57:34.673+0000] {processor.py:161} INFO - Started process (PID=1790) to work on /home/airflow/.local/lib/python3.12/site-packages/airflow/example_dags/example_python_operator.py
[2025-05-02T19:57:34.674+0000] {processor.py:830} INFO - Processing file /home/airflow/.local/lib/python3.12/site-packages/airflow/example_dags/example_python_operator.py for tasks to queue
[2025-05-02T19:57:34.675+0000] {logging_mixin.py:188} INFO - [2025-05-02T19:57:34.675+0000] {dagbag.py:545} INFO - Filling up the DagBag from /home/airflow/.local/lib/python3.12/site-packages/airflow/example_dags/example_python_operator.py
[2025-05-02T19:57:34.683+0000] {processor.py:840} INFO - DAG(s) 'example_python_operator' retrieved from /home/airflow/.local/lib/python3.12/site-packages/airflow/example_dags/example_python_operator.py
[2025-05-02T19:57:34.704+0000] {logging_mixin.py:188} INFO - [2025-05-02T19:57:34.704+0000] {dag.py:3096} INFO - Sync 1 DAGs
[2025-05-02T19:57:34.715+0000] {logging_mixin.py:188} INFO - [2025-05-02T19:57:34.715+0000] {dag.py:3954} INFO - Setting next_dagrun for example_python_operator to None, run_after=None
[2025-05-02T19:57:34.730+0000] {processor.py:183} INFO - Processing /home/airflow/.local/lib/python3.12/site-packages/airflow/example_dags/example_python_operator.py took 0.062 seconds
[2025-05-02T19:58:07.078+0000] {processor.py:161} INFO - Started process (PID=1850) to work on /home/airflow/.local/lib/python3.12/site-packages/airflow/example_dags/example_python_operator.py
[2025-05-02T19:58:07.078+0000] {processor.py:830} INFO - Processing file /home/airflow/.local/lib/python3.12/site-packages/airflow/example_dags/example_python_operator.py for tasks to queue
[2025-05-02T19:58:07.080+0000] {logging_mixin.py:188} INFO - [2025-05-02T19:58:07.080+0000] {dagbag.py:545} INFO - Filling up the DagBag from /home/airflow/.local/lib/python3.12/site-packages/airflow/example_dags/example_python_operator.py
[2025-05-02T19:58:07.088+0000] {processor.py:840} INFO - DAG(s) 'example_python_operator' retrieved from /home/airflow/.local/lib/python3.12/site-packages/airflow/example_dags/example_python_operator.py
[2025-05-02T19:58:07.104+0000] {logging_mixin.py:188} INFO - [2025-05-02T19:58:07.103+0000] {dag.py:3096} INFO - Sync 1 DAGs
[2025-05-02T19:58:07.112+0000] {logging_mixin.py:188} INFO - [2025-05-02T19:58:07.112+0000] {dag.py:3954} INFO - Setting next_dagrun for example_python_operator to None, run_after=None
[2025-05-02T19:58:07.126+0000] {processor.py:183} INFO - Processing /home/airflow/.local/lib/python3.12/site-packages/airflow/example_dags/example_python_operator.py took 0.054 seconds
[2025-05-02T19:58:39.625+0000] {processor.py:161} INFO - Started process (PID=1910) to work on /home/airflow/.local/lib/python3.12/site-packages/airflow/example_dags/example_python_operator.py
[2025-05-02T19:58:39.626+0000] {processor.py:830} INFO - Processing file /home/airflow/.local/lib/python3.12/site-packages/airflow/example_dags/example_python_operator.py for tasks to queue
[2025-05-02T19:58:39.628+0000] {logging_mixin.py:188} INFO - [2025-05-02T19:58:39.627+0000] {dagbag.py:545} INFO - Filling up the DagBag from /home/airflow/.local/lib/python3.12/site-packages/airflow/example_dags/example_python_operator.py
[2025-05-02T19:58:39.635+0000] {processor.py:840} INFO - DAG(s) 'example_python_operator' retrieved from /home/airflow/.local/lib/python3.12/site-packages/airflow/example_dags/example_python_operator.py
[2025-05-02T19:58:39.651+0000] {logging_mixin.py:188} INFO - [2025-05-02T19:58:39.650+0000] {dag.py:3096} INFO - Sync 1 DAGs
[2025-05-02T19:58:39.662+0000] {logging_mixin.py:188} INFO - [2025-05-02T19:58:39.661+0000] {dag.py:3954} INFO - Setting next_dagrun for example_python_operator to None, run_after=None
[2025-05-02T19:58:39.676+0000] {processor.py:183} INFO - Processing /home/airflow/.local/lib/python3.12/site-packages/airflow/example_dags/example_python_operator.py took 0.055 seconds
[2025-05-02T19:59:11.778+0000] {processor.py:161} INFO - Started process (PID=1970) to work on /home/airflow/.local/lib/python3.12/site-packages/airflow/example_dags/example_python_operator.py
[2025-05-02T19:59:11.779+0000] {processor.py:830} INFO - Processing file /home/airflow/.local/lib/python3.12/site-packages/airflow/example_dags/example_python_operator.py for tasks to queue
[2025-05-02T19:59:11.780+0000] {logging_mixin.py:188} INFO - [2025-05-02T19:59:11.780+0000] {dagbag.py:545} INFO - Filling up the DagBag from /home/airflow/.local/lib/python3.12/site-packages/airflow/example_dags/example_python_operator.py
[2025-05-02T19:59:11.787+0000] {processor.py:840} INFO - DAG(s) 'example_python_operator' retrieved from /home/airflow/.local/lib/python3.12/site-packages/airflow/example_dags/example_python_operator.py
[2025-05-02T19:59:11.804+0000] {logging_mixin.py:188} INFO - [2025-05-02T19:59:11.804+0000] {dag.py:3096} INFO - Sync 1 DAGs
[2025-05-02T19:59:11.814+0000] {logging_mixin.py:188} INFO - [2025-05-02T19:59:11.814+0000] {dag.py:3954} INFO - Setting next_dagrun for example_python_operator to None, run_after=None
[2025-05-02T19:59:11.829+0000] {processor.py:183} INFO - Processing /home/airflow/.local/lib/python3.12/site-packages/airflow/example_dags/example_python_operator.py took 0.055 seconds
[2025-05-02T19:59:44.503+0000] {processor.py:161} INFO - Started process (PID=2030) to work on /home/airflow/.local/lib/python3.12/site-packages/airflow/example_dags/example_python_operator.py
[2025-05-02T19:59:44.503+0000] {processor.py:830} INFO - Processing file /home/airflow/.local/lib/python3.12/site-packages/airflow/example_dags/example_python_operator.py for tasks to queue
[2025-05-02T19:59:44.505+0000] {logging_mixin.py:188} INFO - [2025-05-02T19:59:44.504+0000] {dagbag.py:545} INFO - Filling up the DagBag from /home/airflow/.local/lib/python3.12/site-packages/airflow/example_dags/example_python_operator.py
[2025-05-02T19:59:44.514+0000] {processor.py:840} INFO - DAG(s) 'example_python_operator' retrieved from /home/airflow/.local/lib/python3.12/site-packages/airflow/example_dags/example_python_operator.py
[2025-05-02T19:59:44.530+0000] {logging_mixin.py:188} INFO - [2025-05-02T19:59:44.530+0000] {dag.py:3096} INFO - Sync 1 DAGs
[2025-05-02T19:59:44.539+0000] {logging_mixin.py:188} INFO - [2025-05-02T19:59:44.539+0000] {dag.py:3954} INFO - Setting next_dagrun for example_python_operator to None, run_after=None
[2025-05-02T19:59:44.653+0000] {processor.py:183} INFO - Processing /home/airflow/.local/lib/python3.12/site-packages/airflow/example_dags/example_python_operator.py took 0.154 seconds
[2025-05-02T20:00:17.082+0000] {processor.py:161} INFO - Started process (PID=2090) to work on /home/airflow/.local/lib/python3.12/site-packages/airflow/example_dags/example_python_operator.py
[2025-05-02T20:00:17.083+0000] {processor.py:830} INFO - Processing file /home/airflow/.local/lib/python3.12/site-packages/airflow/example_dags/example_python_operator.py for tasks to queue
[2025-05-02T20:00:17.084+0000] {logging_mixin.py:188} INFO - [2025-05-02T20:00:17.084+0000] {dagbag.py:545} INFO - Filling up the DagBag from /home/airflow/.local/lib/python3.12/site-packages/airflow/example_dags/example_python_operator.py
[2025-05-02T20:00:17.093+0000] {processor.py:840} INFO - DAG(s) 'example_python_operator' retrieved from /home/airflow/.local/lib/python3.12/site-packages/airflow/example_dags/example_python_operator.py
[2025-05-02T20:00:17.111+0000] {logging_mixin.py:188} INFO - [2025-05-02T20:00:17.111+0000] {dag.py:3096} INFO - Sync 1 DAGs
[2025-05-02T20:00:17.122+0000] {logging_mixin.py:188} INFO - [2025-05-02T20:00:17.122+0000] {dag.py:3954} INFO - Setting next_dagrun for example_python_operator to None, run_after=None
[2025-05-02T20:00:17.137+0000] {processor.py:183} INFO - Processing /home/airflow/.local/lib/python3.12/site-packages/airflow/example_dags/example_python_operator.py took 0.059 seconds
[2025-05-02T20:00:49.815+0000] {processor.py:161} INFO - Started process (PID=2150) to work on /home/airflow/.local/lib/python3.12/site-packages/airflow/example_dags/example_python_operator.py
[2025-05-02T20:00:49.816+0000] {processor.py:830} INFO - Processing file /home/airflow/.local/lib/python3.12/site-packages/airflow/example_dags/example_python_operator.py for tasks to queue
[2025-05-02T20:00:49.817+0000] {logging_mixin.py:188} INFO - [2025-05-02T20:00:49.817+0000] {dagbag.py:545} INFO - Filling up the DagBag from /home/airflow/.local/lib/python3.12/site-packages/airflow/example_dags/example_python_operator.py
[2025-05-02T20:00:49.825+0000] {processor.py:840} INFO - DAG(s) 'example_python_operator' retrieved from /home/airflow/.local/lib/python3.12/site-packages/airflow/example_dags/example_python_operator.py
[2025-05-02T20:00:49.839+0000] {logging_mixin.py:188} INFO - [2025-05-02T20:00:49.839+0000] {dag.py:3096} INFO - Sync 1 DAGs
[2025-05-02T20:00:49.848+0000] {logging_mixin.py:188} INFO - [2025-05-02T20:00:49.848+0000] {dag.py:3954} INFO - Setting next_dagrun for example_python_operator to None, run_after=None
[2025-05-02T20:00:49.862+0000] {processor.py:183} INFO - Processing /home/airflow/.local/lib/python3.12/site-packages/airflow/example_dags/example_python_operator.py took 0.051 seconds
[2025-05-02T20:01:22.994+0000] {processor.py:161} INFO - Started process (PID=2210) to work on /home/airflow/.local/lib/python3.12/site-packages/airflow/example_dags/example_python_operator.py
[2025-05-02T20:01:22.994+0000] {processor.py:830} INFO - Processing file /home/airflow/.local/lib/python3.12/site-packages/airflow/example_dags/example_python_operator.py for tasks to queue
[2025-05-02T20:01:22.996+0000] {logging_mixin.py:188} INFO - [2025-05-02T20:01:22.996+0000] {dagbag.py:545} INFO - Filling up the DagBag from /home/airflow/.local/lib/python3.12/site-packages/airflow/example_dags/example_python_operator.py
[2025-05-02T20:01:23.005+0000] {processor.py:840} INFO - DAG(s) 'example_python_operator' retrieved from /home/airflow/.local/lib/python3.12/site-packages/airflow/example_dags/example_python_operator.py
[2025-05-02T20:01:23.024+0000] {logging_mixin.py:188} INFO - [2025-05-02T20:01:23.024+0000] {dag.py:3096} INFO - Sync 1 DAGs
[2025-05-02T20:01:23.035+0000] {logging_mixin.py:188} INFO - [2025-05-02T20:01:23.035+0000] {dag.py:3954} INFO - Setting next_dagrun for example_python_operator to None, run_after=None
[2025-05-02T20:01:23.048+0000] {processor.py:183} INFO - Processing /home/airflow/.local/lib/python3.12/site-packages/airflow/example_dags/example_python_operator.py took 0.059 seconds
[2025-05-02T20:01:54.154+0000] {processor.py:161} INFO - Started process (PID=2270) to work on /home/airflow/.local/lib/python3.12/site-packages/airflow/example_dags/example_python_operator.py
[2025-05-02T20:01:54.155+0000] {processor.py:830} INFO - Processing file /home/airflow/.local/lib/python3.12/site-packages/airflow/example_dags/example_python_operator.py for tasks to queue
[2025-05-02T20:01:54.157+0000] {logging_mixin.py:188} INFO - [2025-05-02T20:01:54.157+0000] {dagbag.py:545} INFO - Filling up the DagBag from /home/airflow/.local/lib/python3.12/site-packages/airflow/example_dags/example_python_operator.py
[2025-05-02T20:01:54.167+0000] {processor.py:840} INFO - DAG(s) 'example_python_operator' retrieved from /home/airflow/.local/lib/python3.12/site-packages/airflow/example_dags/example_python_operator.py
[2025-05-02T20:01:54.188+0000] {logging_mixin.py:188} INFO - [2025-05-02T20:01:54.188+0000] {dag.py:3096} INFO - Sync 1 DAGs
[2025-05-02T20:01:54.200+0000] {logging_mixin.py:188} INFO - [2025-05-02T20:01:54.200+0000] {dag.py:3954} INFO - Setting next_dagrun for example_python_operator to None, run_after=None
[2025-05-02T20:01:54.217+0000] {processor.py:183} INFO - Processing /home/airflow/.local/lib/python3.12/site-packages/airflow/example_dags/example_python_operator.py took 0.069 seconds
[2025-05-02T20:02:26.543+0000] {processor.py:161} INFO - Started process (PID=2330) to work on /home/airflow/.local/lib/python3.12/site-packages/airflow/example_dags/example_python_operator.py
[2025-05-02T20:02:26.544+0000] {processor.py:830} INFO - Processing file /home/airflow/.local/lib/python3.12/site-packages/airflow/example_dags/example_python_operator.py for tasks to queue
[2025-05-02T20:02:26.546+0000] {logging_mixin.py:188} INFO - [2025-05-02T20:02:26.545+0000] {dagbag.py:545} INFO - Filling up the DagBag from /home/airflow/.local/lib/python3.12/site-packages/airflow/example_dags/example_python_operator.py
[2025-05-02T20:02:26.553+0000] {processor.py:840} INFO - DAG(s) 'example_python_operator' retrieved from /home/airflow/.local/lib/python3.12/site-packages/airflow/example_dags/example_python_operator.py
[2025-05-02T20:02:26.569+0000] {logging_mixin.py:188} INFO - [2025-05-02T20:02:26.569+0000] {dag.py:3096} INFO - Sync 1 DAGs
[2025-05-02T20:02:26.579+0000] {logging_mixin.py:188} INFO - [2025-05-02T20:02:26.579+0000] {dag.py:3954} INFO - Setting next_dagrun for example_python_operator to None, run_after=None
[2025-05-02T20:02:26.594+0000] {processor.py:183} INFO - Processing /home/airflow/.local/lib/python3.12/site-packages/airflow/example_dags/example_python_operator.py took 0.055 seconds
[2025-05-02T20:02:59.795+0000] {processor.py:161} INFO - Started process (PID=2391) to work on /home/airflow/.local/lib/python3.12/site-packages/airflow/example_dags/example_python_operator.py
[2025-05-02T20:02:59.796+0000] {processor.py:830} INFO - Processing file /home/airflow/.local/lib/python3.12/site-packages/airflow/example_dags/example_python_operator.py for tasks to queue
[2025-05-02T20:02:59.797+0000] {logging_mixin.py:188} INFO - [2025-05-02T20:02:59.797+0000] {dagbag.py:545} INFO - Filling up the DagBag from /home/airflow/.local/lib/python3.12/site-packages/airflow/example_dags/example_python_operator.py
[2025-05-02T20:02:59.805+0000] {processor.py:840} INFO - DAG(s) 'example_python_operator' retrieved from /home/airflow/.local/lib/python3.12/site-packages/airflow/example_dags/example_python_operator.py
[2025-05-02T20:02:59.822+0000] {logging_mixin.py:188} INFO - [2025-05-02T20:02:59.822+0000] {dag.py:3096} INFO - Sync 1 DAGs
[2025-05-02T20:02:59.831+0000] {logging_mixin.py:188} INFO - [2025-05-02T20:02:59.831+0000] {dag.py:3954} INFO - Setting next_dagrun for example_python_operator to None, run_after=None
[2025-05-02T20:02:59.843+0000] {processor.py:183} INFO - Processing /home/airflow/.local/lib/python3.12/site-packages/airflow/example_dags/example_python_operator.py took 0.054 seconds
[2025-05-02T20:03:33.119+0000] {processor.py:161} INFO - Started process (PID=2451) to work on /home/airflow/.local/lib/python3.12/site-packages/airflow/example_dags/example_python_operator.py
[2025-05-02T20:03:33.119+0000] {processor.py:830} INFO - Processing file /home/airflow/.local/lib/python3.12/site-packages/airflow/example_dags/example_python_operator.py for tasks to queue
[2025-05-02T20:03:33.121+0000] {logging_mixin.py:188} INFO - [2025-05-02T20:03:33.121+0000] {dagbag.py:545} INFO - Filling up the DagBag from /home/airflow/.local/lib/python3.12/site-packages/airflow/example_dags/example_python_operator.py
[2025-05-02T20:03:33.129+0000] {processor.py:840} INFO - DAG(s) 'example_python_operator' retrieved from /home/airflow/.local/lib/python3.12/site-packages/airflow/example_dags/example_python_operator.py
[2025-05-02T20:03:33.146+0000] {logging_mixin.py:188} INFO - [2025-05-02T20:03:33.146+0000] {dag.py:3096} INFO - Sync 1 DAGs
[2025-05-02T20:03:33.258+0000] {logging_mixin.py:188} INFO - [2025-05-02T20:03:33.258+0000] {dag.py:3954} INFO - Setting next_dagrun for example_python_operator to None, run_after=None
[2025-05-02T20:03:33.274+0000] {processor.py:183} INFO - Processing /home/airflow/.local/lib/python3.12/site-packages/airflow/example_dags/example_python_operator.py took 0.160 seconds
[2025-05-02T20:04:05.035+0000] {processor.py:161} INFO - Started process (PID=2511) to work on /home/airflow/.local/lib/python3.12/site-packages/airflow/example_dags/example_python_operator.py
[2025-05-02T20:04:05.036+0000] {processor.py:830} INFO - Processing file /home/airflow/.local/lib/python3.12/site-packages/airflow/example_dags/example_python_operator.py for tasks to queue
[2025-05-02T20:04:05.037+0000] {logging_mixin.py:188} INFO - [2025-05-02T20:04:05.037+0000] {dagbag.py:545} INFO - Filling up the DagBag from /home/airflow/.local/lib/python3.12/site-packages/airflow/example_dags/example_python_operator.py
[2025-05-02T20:04:05.044+0000] {processor.py:840} INFO - DAG(s) 'example_python_operator' retrieved from /home/airflow/.local/lib/python3.12/site-packages/airflow/example_dags/example_python_operator.py
[2025-05-02T20:04:05.062+0000] {logging_mixin.py:188} INFO - [2025-05-02T20:04:05.062+0000] {dag.py:3096} INFO - Sync 1 DAGs
[2025-05-02T20:04:05.073+0000] {logging_mixin.py:188} INFO - [2025-05-02T20:04:05.073+0000] {dag.py:3954} INFO - Setting next_dagrun for example_python_operator to None, run_after=None
[2025-05-02T20:04:05.089+0000] {processor.py:183} INFO - Processing /home/airflow/.local/lib/python3.12/site-packages/airflow/example_dags/example_python_operator.py took 0.058 seconds
[2025-05-02T20:04:37.492+0000] {processor.py:161} INFO - Started process (PID=2571) to work on /home/airflow/.local/lib/python3.12/site-packages/airflow/example_dags/example_python_operator.py
[2025-05-02T20:04:37.493+0000] {processor.py:830} INFO - Processing file /home/airflow/.local/lib/python3.12/site-packages/airflow/example_dags/example_python_operator.py for tasks to queue
[2025-05-02T20:04:37.495+0000] {logging_mixin.py:188} INFO - [2025-05-02T20:04:37.495+0000] {dagbag.py:545} INFO - Filling up the DagBag from /home/airflow/.local/lib/python3.12/site-packages/airflow/example_dags/example_python_operator.py
[2025-05-02T20:04:37.504+0000] {processor.py:840} INFO - DAG(s) 'example_python_operator' retrieved from /home/airflow/.local/lib/python3.12/site-packages/airflow/example_dags/example_python_operator.py
[2025-05-02T20:04:37.523+0000] {logging_mixin.py:188} INFO - [2025-05-02T20:04:37.523+0000] {dag.py:3096} INFO - Sync 1 DAGs
[2025-05-02T20:04:37.535+0000] {logging_mixin.py:188} INFO - [2025-05-02T20:04:37.535+0000] {dag.py:3954} INFO - Setting next_dagrun for example_python_operator to None, run_after=None
[2025-05-02T20:04:37.551+0000] {processor.py:183} INFO - Processing /home/airflow/.local/lib/python3.12/site-packages/airflow/example_dags/example_python_operator.py took 0.065 seconds
[2025-05-02T20:05:09.784+0000] {processor.py:161} INFO - Started process (PID=2631) to work on /home/airflow/.local/lib/python3.12/site-packages/airflow/example_dags/example_python_operator.py
[2025-05-02T20:05:09.784+0000] {processor.py:830} INFO - Processing file /home/airflow/.local/lib/python3.12/site-packages/airflow/example_dags/example_python_operator.py for tasks to queue
[2025-05-02T20:05:09.787+0000] {logging_mixin.py:188} INFO - [2025-05-02T20:05:09.786+0000] {dagbag.py:545} INFO - Filling up the DagBag from /home/airflow/.local/lib/python3.12/site-packages/airflow/example_dags/example_python_operator.py
[2025-05-02T20:05:09.797+0000] {processor.py:840} INFO - DAG(s) 'example_python_operator' retrieved from /home/airflow/.local/lib/python3.12/site-packages/airflow/example_dags/example_python_operator.py
[2025-05-02T20:05:09.816+0000] {logging_mixin.py:188} INFO - [2025-05-02T20:05:09.815+0000] {dag.py:3096} INFO - Sync 1 DAGs
[2025-05-02T20:05:09.825+0000] {logging_mixin.py:188} INFO - [2025-05-02T20:05:09.825+0000] {dag.py:3954} INFO - Setting next_dagrun for example_python_operator to None, run_after=None
[2025-05-02T20:05:09.843+0000] {processor.py:183} INFO - Processing /home/airflow/.local/lib/python3.12/site-packages/airflow/example_dags/example_python_operator.py took 0.064 seconds
[2025-05-02T20:05:42.129+0000] {processor.py:161} INFO - Started process (PID=2691) to work on /home/airflow/.local/lib/python3.12/site-packages/airflow/example_dags/example_python_operator.py
[2025-05-02T20:05:42.130+0000] {processor.py:830} INFO - Processing file /home/airflow/.local/lib/python3.12/site-packages/airflow/example_dags/example_python_operator.py for tasks to queue
[2025-05-02T20:05:42.132+0000] {logging_mixin.py:188} INFO - [2025-05-02T20:05:42.131+0000] {dagbag.py:545} INFO - Filling up the DagBag from /home/airflow/.local/lib/python3.12/site-packages/airflow/example_dags/example_python_operator.py
[2025-05-02T20:05:42.140+0000] {processor.py:840} INFO - DAG(s) 'example_python_operator' retrieved from /home/airflow/.local/lib/python3.12/site-packages/airflow/example_dags/example_python_operator.py
[2025-05-02T20:05:42.159+0000] {logging_mixin.py:188} INFO - [2025-05-02T20:05:42.158+0000] {dag.py:3096} INFO - Sync 1 DAGs
[2025-05-02T20:05:42.168+0000] {logging_mixin.py:188} INFO - [2025-05-02T20:05:42.168+0000] {dag.py:3954} INFO - Setting next_dagrun for example_python_operator to None, run_after=None
[2025-05-02T20:05:42.184+0000] {processor.py:183} INFO - Processing /home/airflow/.local/lib/python3.12/site-packages/airflow/example_dags/example_python_operator.py took 0.059 seconds
[2025-05-02T20:06:15.162+0000] {processor.py:161} INFO - Started process (PID=2751) to work on /home/airflow/.local/lib/python3.12/site-packages/airflow/example_dags/example_python_operator.py
[2025-05-02T20:06:15.163+0000] {processor.py:830} INFO - Processing file /home/airflow/.local/lib/python3.12/site-packages/airflow/example_dags/example_python_operator.py for tasks to queue
[2025-05-02T20:06:15.164+0000] {logging_mixin.py:188} INFO - [2025-05-02T20:06:15.164+0000] {dagbag.py:545} INFO - Filling up the DagBag from /home/airflow/.local/lib/python3.12/site-packages/airflow/example_dags/example_python_operator.py
[2025-05-02T20:06:15.172+0000] {processor.py:840} INFO - DAG(s) 'example_python_operator' retrieved from /home/airflow/.local/lib/python3.12/site-packages/airflow/example_dags/example_python_operator.py
[2025-05-02T20:06:15.189+0000] {logging_mixin.py:188} INFO - [2025-05-02T20:06:15.189+0000] {dag.py:3096} INFO - Sync 1 DAGs
[2025-05-02T20:06:15.201+0000] {logging_mixin.py:188} INFO - [2025-05-02T20:06:15.200+0000] {dag.py:3954} INFO - Setting next_dagrun for example_python_operator to None, run_after=None
[2025-05-02T20:06:15.213+0000] {processor.py:183} INFO - Processing /home/airflow/.local/lib/python3.12/site-packages/airflow/example_dags/example_python_operator.py took 0.057 seconds
[2025-05-02T20:06:47.116+0000] {processor.py:161} INFO - Started process (PID=2811) to work on /home/airflow/.local/lib/python3.12/site-packages/airflow/example_dags/example_python_operator.py
[2025-05-02T20:06:47.117+0000] {processor.py:830} INFO - Processing file /home/airflow/.local/lib/python3.12/site-packages/airflow/example_dags/example_python_operator.py for tasks to queue
[2025-05-02T20:06:47.119+0000] {logging_mixin.py:188} INFO - [2025-05-02T20:06:47.118+0000] {dagbag.py:545} INFO - Filling up the DagBag from /home/airflow/.local/lib/python3.12/site-packages/airflow/example_dags/example_python_operator.py
[2025-05-02T20:06:47.128+0000] {processor.py:840} INFO - DAG(s) 'example_python_operator' retrieved from /home/airflow/.local/lib/python3.12/site-packages/airflow/example_dags/example_python_operator.py
[2025-05-02T20:06:47.146+0000] {logging_mixin.py:188} INFO - [2025-05-02T20:06:47.146+0000] {dag.py:3096} INFO - Sync 1 DAGs
[2025-05-02T20:06:47.156+0000] {logging_mixin.py:188} INFO - [2025-05-02T20:06:47.156+0000] {dag.py:3954} INFO - Setting next_dagrun for example_python_operator to None, run_after=None
[2025-05-02T20:06:47.173+0000] {processor.py:183} INFO - Processing /home/airflow/.local/lib/python3.12/site-packages/airflow/example_dags/example_python_operator.py took 0.061 seconds
[2025-05-02T20:07:20.440+0000] {processor.py:161} INFO - Started process (PID=2871) to work on /home/airflow/.local/lib/python3.12/site-packages/airflow/example_dags/example_python_operator.py
[2025-05-02T20:07:20.442+0000] {processor.py:830} INFO - Processing file /home/airflow/.local/lib/python3.12/site-packages/airflow/example_dags/example_python_operator.py for tasks to queue
[2025-05-02T20:07:20.443+0000] {logging_mixin.py:188} INFO - [2025-05-02T20:07:20.443+0000] {dagbag.py:545} INFO - Filling up the DagBag from /home/airflow/.local/lib/python3.12/site-packages/airflow/example_dags/example_python_operator.py
[2025-05-02T20:07:20.452+0000] {processor.py:840} INFO - DAG(s) 'example_python_operator' retrieved from /home/airflow/.local/lib/python3.12/site-packages/airflow/example_dags/example_python_operator.py
[2025-05-02T20:07:20.469+0000] {logging_mixin.py:188} INFO - [2025-05-02T20:07:20.469+0000] {dag.py:3096} INFO - Sync 1 DAGs
[2025-05-02T20:07:20.479+0000] {logging_mixin.py:188} INFO - [2025-05-02T20:07:20.479+0000] {dag.py:3954} INFO - Setting next_dagrun for example_python_operator to None, run_after=None
[2025-05-02T20:07:20.493+0000] {processor.py:183} INFO - Processing /home/airflow/.local/lib/python3.12/site-packages/airflow/example_dags/example_python_operator.py took 0.057 seconds
[2025-05-02T20:07:52.860+0000] {processor.py:161} INFO - Started process (PID=2932) to work on /home/airflow/.local/lib/python3.12/site-packages/airflow/example_dags/example_python_operator.py
[2025-05-02T20:07:52.860+0000] {processor.py:830} INFO - Processing file /home/airflow/.local/lib/python3.12/site-packages/airflow/example_dags/example_python_operator.py for tasks to queue
[2025-05-02T20:07:52.862+0000] {logging_mixin.py:188} INFO - [2025-05-02T20:07:52.862+0000] {dagbag.py:545} INFO - Filling up the DagBag from /home/airflow/.local/lib/python3.12/site-packages/airflow/example_dags/example_python_operator.py
[2025-05-02T20:07:52.871+0000] {processor.py:840} INFO - DAG(s) 'example_python_operator' retrieved from /home/airflow/.local/lib/python3.12/site-packages/airflow/example_dags/example_python_operator.py
[2025-05-02T20:07:52.890+0000] {logging_mixin.py:188} INFO - [2025-05-02T20:07:52.889+0000] {dag.py:3096} INFO - Sync 1 DAGs
[2025-05-02T20:07:52.902+0000] {logging_mixin.py:188} INFO - [2025-05-02T20:07:52.902+0000] {dag.py:3954} INFO - Setting next_dagrun for example_python_operator to None, run_after=None
[2025-05-02T20:07:52.918+0000] {processor.py:183} INFO - Processing /home/airflow/.local/lib/python3.12/site-packages/airflow/example_dags/example_python_operator.py took 0.063 seconds
[2025-05-02T20:08:25.092+0000] {processor.py:161} INFO - Started process (PID=2992) to work on /home/airflow/.local/lib/python3.12/site-packages/airflow/example_dags/example_python_operator.py
[2025-05-02T20:08:25.093+0000] {processor.py:830} INFO - Processing file /home/airflow/.local/lib/python3.12/site-packages/airflow/example_dags/example_python_operator.py for tasks to queue
[2025-05-02T20:08:25.095+0000] {logging_mixin.py:188} INFO - [2025-05-02T20:08:25.094+0000] {dagbag.py:545} INFO - Filling up the DagBag from /home/airflow/.local/lib/python3.12/site-packages/airflow/example_dags/example_python_operator.py
[2025-05-02T20:08:25.103+0000] {processor.py:840} INFO - DAG(s) 'example_python_operator' retrieved from /home/airflow/.local/lib/python3.12/site-packages/airflow/example_dags/example_python_operator.py
[2025-05-02T20:08:25.119+0000] {logging_mixin.py:188} INFO - [2025-05-02T20:08:25.119+0000] {dag.py:3096} INFO - Sync 1 DAGs
[2025-05-02T20:08:25.129+0000] {logging_mixin.py:188} INFO - [2025-05-02T20:08:25.129+0000] {dag.py:3954} INFO - Setting next_dagrun for example_python_operator to None, run_after=None
[2025-05-02T20:08:25.142+0000] {processor.py:183} INFO - Processing /home/airflow/.local/lib/python3.12/site-packages/airflow/example_dags/example_python_operator.py took 0.054 seconds
[2025-05-02T20:08:58.290+0000] {processor.py:161} INFO - Started process (PID=3052) to work on /home/airflow/.local/lib/python3.12/site-packages/airflow/example_dags/example_python_operator.py
[2025-05-02T20:08:58.291+0000] {processor.py:830} INFO - Processing file /home/airflow/.local/lib/python3.12/site-packages/airflow/example_dags/example_python_operator.py for tasks to queue
[2025-05-02T20:08:58.293+0000] {logging_mixin.py:188} INFO - [2025-05-02T20:08:58.293+0000] {dagbag.py:545} INFO - Filling up the DagBag from /home/airflow/.local/lib/python3.12/site-packages/airflow/example_dags/example_python_operator.py
[2025-05-02T20:08:58.303+0000] {processor.py:840} INFO - DAG(s) 'example_python_operator' retrieved from /home/airflow/.local/lib/python3.12/site-packages/airflow/example_dags/example_python_operator.py
[2025-05-02T20:08:58.330+0000] {logging_mixin.py:188} INFO - [2025-05-02T20:08:58.330+0000] {dag.py:3096} INFO - Sync 1 DAGs
[2025-05-02T20:08:58.341+0000] {logging_mixin.py:188} INFO - [2025-05-02T20:08:58.341+0000] {dag.py:3954} INFO - Setting next_dagrun for example_python_operator to None, run_after=None
[2025-05-02T20:08:58.356+0000] {processor.py:183} INFO - Processing /home/airflow/.local/lib/python3.12/site-packages/airflow/example_dags/example_python_operator.py took 0.072 seconds
[2025-05-02T20:09:31.018+0000] {processor.py:161} INFO - Started process (PID=3112) to work on /home/airflow/.local/lib/python3.12/site-packages/airflow/example_dags/example_python_operator.py
[2025-05-02T20:09:31.019+0000] {processor.py:830} INFO - Processing file /home/airflow/.local/lib/python3.12/site-packages/airflow/example_dags/example_python_operator.py for tasks to queue
[2025-05-02T20:09:31.020+0000] {logging_mixin.py:188} INFO - [2025-05-02T20:09:31.020+0000] {dagbag.py:545} INFO - Filling up the DagBag from /home/airflow/.local/lib/python3.12/site-packages/airflow/example_dags/example_python_operator.py
[2025-05-02T20:09:31.029+0000] {processor.py:840} INFO - DAG(s) 'example_python_operator' retrieved from /home/airflow/.local/lib/python3.12/site-packages/airflow/example_dags/example_python_operator.py
[2025-05-02T20:09:31.053+0000] {logging_mixin.py:188} INFO - [2025-05-02T20:09:31.052+0000] {dag.py:3096} INFO - Sync 1 DAGs
[2025-05-02T20:09:31.062+0000] {logging_mixin.py:188} INFO - [2025-05-02T20:09:31.061+0000] {dag.py:3954} INFO - Setting next_dagrun for example_python_operator to None, run_after=None
[2025-05-02T20:09:31.077+0000] {processor.py:183} INFO - Processing /home/airflow/.local/lib/python3.12/site-packages/airflow/example_dags/example_python_operator.py took 0.065 seconds
[2025-05-02T20:10:03.335+0000] {processor.py:161} INFO - Started process (PID=3172) to work on /home/airflow/.local/lib/python3.12/site-packages/airflow/example_dags/example_python_operator.py
[2025-05-02T20:10:03.336+0000] {processor.py:830} INFO - Processing file /home/airflow/.local/lib/python3.12/site-packages/airflow/example_dags/example_python_operator.py for tasks to queue
[2025-05-02T20:10:03.337+0000] {logging_mixin.py:188} INFO - [2025-05-02T20:10:03.337+0000] {dagbag.py:545} INFO - Filling up the DagBag from /home/airflow/.local/lib/python3.12/site-packages/airflow/example_dags/example_python_operator.py
[2025-05-02T20:10:03.344+0000] {processor.py:840} INFO - DAG(s) 'example_python_operator' retrieved from /home/airflow/.local/lib/python3.12/site-packages/airflow/example_dags/example_python_operator.py
[2025-05-02T20:10:03.362+0000] {logging_mixin.py:188} INFO - [2025-05-02T20:10:03.362+0000] {dag.py:3096} INFO - Sync 1 DAGs
[2025-05-02T20:10:03.371+0000] {logging_mixin.py:188} INFO - [2025-05-02T20:10:03.371+0000] {dag.py:3954} INFO - Setting next_dagrun for example_python_operator to None, run_after=None
[2025-05-02T20:10:03.386+0000] {processor.py:183} INFO - Processing /home/airflow/.local/lib/python3.12/site-packages/airflow/example_dags/example_python_operator.py took 0.056 seconds
[2025-05-02T20:10:35.203+0000] {processor.py:161} INFO - Started process (PID=3232) to work on /home/airflow/.local/lib/python3.12/site-packages/airflow/example_dags/example_python_operator.py
[2025-05-02T20:10:35.204+0000] {processor.py:830} INFO - Processing file /home/airflow/.local/lib/python3.12/site-packages/airflow/example_dags/example_python_operator.py for tasks to queue
[2025-05-02T20:10:35.205+0000] {logging_mixin.py:188} INFO - [2025-05-02T20:10:35.205+0000] {dagbag.py:545} INFO - Filling up the DagBag from /home/airflow/.local/lib/python3.12/site-packages/airflow/example_dags/example_python_operator.py
[2025-05-02T20:10:35.212+0000] {processor.py:840} INFO - DAG(s) 'example_python_operator' retrieved from /home/airflow/.local/lib/python3.12/site-packages/airflow/example_dags/example_python_operator.py
[2025-05-02T20:10:35.227+0000] {logging_mixin.py:188} INFO - [2025-05-02T20:10:35.227+0000] {dag.py:3096} INFO - Sync 1 DAGs
[2025-05-02T20:10:35.237+0000] {logging_mixin.py:188} INFO - [2025-05-02T20:10:35.237+0000] {dag.py:3954} INFO - Setting next_dagrun for example_python_operator to None, run_after=None
[2025-05-02T20:10:35.252+0000] {processor.py:183} INFO - Processing /home/airflow/.local/lib/python3.12/site-packages/airflow/example_dags/example_python_operator.py took 0.054 seconds
[2025-05-02T20:11:08.517+0000] {processor.py:161} INFO - Started process (PID=3292) to work on /home/airflow/.local/lib/python3.12/site-packages/airflow/example_dags/example_python_operator.py
[2025-05-02T20:11:08.517+0000] {processor.py:830} INFO - Processing file /home/airflow/.local/lib/python3.12/site-packages/airflow/example_dags/example_python_operator.py for tasks to queue
[2025-05-02T20:11:08.519+0000] {logging_mixin.py:188} INFO - [2025-05-02T20:11:08.519+0000] {dagbag.py:545} INFO - Filling up the DagBag from /home/airflow/.local/lib/python3.12/site-packages/airflow/example_dags/example_python_operator.py
[2025-05-02T20:11:08.525+0000] {processor.py:840} INFO - DAG(s) 'example_python_operator' retrieved from /home/airflow/.local/lib/python3.12/site-packages/airflow/example_dags/example_python_operator.py
[2025-05-02T20:11:08.542+0000] {logging_mixin.py:188} INFO - [2025-05-02T20:11:08.542+0000] {dag.py:3096} INFO - Sync 1 DAGs
[2025-05-02T20:11:08.551+0000] {logging_mixin.py:188} INFO - [2025-05-02T20:11:08.551+0000] {dag.py:3954} INFO - Setting next_dagrun for example_python_operator to None, run_after=None
[2025-05-02T20:11:08.567+0000] {processor.py:183} INFO - Processing /home/airflow/.local/lib/python3.12/site-packages/airflow/example_dags/example_python_operator.py took 0.054 seconds
[2025-05-02T20:11:40.484+0000] {processor.py:161} INFO - Started process (PID=3352) to work on /home/airflow/.local/lib/python3.12/site-packages/airflow/example_dags/example_python_operator.py
[2025-05-02T20:11:40.485+0000] {processor.py:830} INFO - Processing file /home/airflow/.local/lib/python3.12/site-packages/airflow/example_dags/example_python_operator.py for tasks to queue
[2025-05-02T20:11:40.486+0000] {logging_mixin.py:188} INFO - [2025-05-02T20:11:40.486+0000] {dagbag.py:545} INFO - Filling up the DagBag from /home/airflow/.local/lib/python3.12/site-packages/airflow/example_dags/example_python_operator.py
[2025-05-02T20:11:40.495+0000] {processor.py:840} INFO - DAG(s) 'example_python_operator' retrieved from /home/airflow/.local/lib/python3.12/site-packages/airflow/example_dags/example_python_operator.py
[2025-05-02T20:11:40.511+0000] {logging_mixin.py:188} INFO - [2025-05-02T20:11:40.511+0000] {dag.py:3096} INFO - Sync 1 DAGs
[2025-05-02T20:11:40.521+0000] {logging_mixin.py:188} INFO - [2025-05-02T20:11:40.521+0000] {dag.py:3954} INFO - Setting next_dagrun for example_python_operator to None, run_after=None
[2025-05-02T20:11:40.536+0000] {processor.py:183} INFO - Processing /home/airflow/.local/lib/python3.12/site-packages/airflow/example_dags/example_python_operator.py took 0.057 seconds
[2025-05-02T20:12:13.664+0000] {processor.py:161} INFO - Started process (PID=3412) to work on /home/airflow/.local/lib/python3.12/site-packages/airflow/example_dags/example_python_operator.py
[2025-05-02T20:12:13.664+0000] {processor.py:830} INFO - Processing file /home/airflow/.local/lib/python3.12/site-packages/airflow/example_dags/example_python_operator.py for tasks to queue
[2025-05-02T20:12:13.666+0000] {logging_mixin.py:188} INFO - [2025-05-02T20:12:13.666+0000] {dagbag.py:545} INFO - Filling up the DagBag from /home/airflow/.local/lib/python3.12/site-packages/airflow/example_dags/example_python_operator.py
[2025-05-02T20:12:13.673+0000] {processor.py:840} INFO - DAG(s) 'example_python_operator' retrieved from /home/airflow/.local/lib/python3.12/site-packages/airflow/example_dags/example_python_operator.py
[2025-05-02T20:12:13.689+0000] {logging_mixin.py:188} INFO - [2025-05-02T20:12:13.689+0000] {dag.py:3096} INFO - Sync 1 DAGs
[2025-05-02T20:12:13.698+0000] {logging_mixin.py:188} INFO - [2025-05-02T20:12:13.697+0000] {dag.py:3954} INFO - Setting next_dagrun for example_python_operator to None, run_after=None
[2025-05-02T20:12:13.710+0000] {processor.py:183} INFO - Processing /home/airflow/.local/lib/python3.12/site-packages/airflow/example_dags/example_python_operator.py took 0.051 seconds
[2025-05-02T20:12:45.884+0000] {processor.py:161} INFO - Started process (PID=3472) to work on /home/airflow/.local/lib/python3.12/site-packages/airflow/example_dags/example_python_operator.py
[2025-05-02T20:12:45.884+0000] {processor.py:830} INFO - Processing file /home/airflow/.local/lib/python3.12/site-packages/airflow/example_dags/example_python_operator.py for tasks to queue
[2025-05-02T20:12:45.886+0000] {logging_mixin.py:188} INFO - [2025-05-02T20:12:45.885+0000] {dagbag.py:545} INFO - Filling up the DagBag from /home/airflow/.local/lib/python3.12/site-packages/airflow/example_dags/example_python_operator.py
[2025-05-02T20:12:45.894+0000] {processor.py:840} INFO - DAG(s) 'example_python_operator' retrieved from /home/airflow/.local/lib/python3.12/site-packages/airflow/example_dags/example_python_operator.py
[2025-05-02T20:12:45.909+0000] {logging_mixin.py:188} INFO - [2025-05-02T20:12:45.909+0000] {dag.py:3096} INFO - Sync 1 DAGs
[2025-05-02T20:12:45.918+0000] {logging_mixin.py:188} INFO - [2025-05-02T20:12:45.918+0000] {dag.py:3954} INFO - Setting next_dagrun for example_python_operator to None, run_after=None
[2025-05-02T20:12:45.931+0000] {processor.py:183} INFO - Processing /home/airflow/.local/lib/python3.12/site-packages/airflow/example_dags/example_python_operator.py took 0.053 seconds
