[2025-05-02T19:42:22.559+0000] {processor.py:161} INFO - Started process (PID=73) to work on /home/airflow/.local/lib/python3.12/site-packages/airflow/example_dags/example_branch_python_dop_operator_3.py
[2025-05-02T19:42:22.560+0000] {processor.py:830} INFO - Processing file /home/airflow/.local/lib/python3.12/site-packages/airflow/example_dags/example_branch_python_dop_operator_3.py for tasks to queue
[2025-05-02T19:42:22.562+0000] {logging_mixin.py:188} INFO - [2025-05-02T19:42:22.561+0000] {dagbag.py:545} INFO - Filling up the DagBag from /home/airflow/.local/lib/python3.12/site-packages/airflow/example_dags/example_branch_python_dop_operator_3.py
[2025-05-02T19:42:22.568+0000] {processor.py:840} INFO - DAG(s) 'example_branch_dop_operator_v3' retrieved from /home/airflow/.local/lib/python3.12/site-packages/airflow/example_dags/example_branch_python_dop_operator_3.py
[2025-05-02T19:42:22.657+0000] {logging_mixin.py:188} INFO - [2025-05-02T19:42:22.656+0000] {override.py:1829} INFO - Created Permission View: can edit on DAG:example_branch_dop_operator_v3
[2025-05-02T19:42:22.666+0000] {logging_mixin.py:188} INFO - [2025-05-02T19:42:22.666+0000] {override.py:1829} INFO - Created Permission View: can read on DAG:example_branch_dop_operator_v3
[2025-05-02T19:42:22.672+0000] {logging_mixin.py:188} INFO - [2025-05-02T19:42:22.671+0000] {override.py:1829} INFO - Created Permission View: can delete on DAG:example_branch_dop_operator_v3
[2025-05-02T19:42:22.672+0000] {logging_mixin.py:188} INFO - [2025-05-02T19:42:22.672+0000] {dag.py:3096} INFO - Sync 1 DAGs
[2025-05-02T19:42:22.682+0000] {logging_mixin.py:188} INFO - [2025-05-02T19:42:22.682+0000] {dag.py:3118} INFO - Creating ORM DAG for example_branch_dop_operator_v3
[2025-05-02T19:42:22.695+0000] {logging_mixin.py:188} INFO - [2025-05-02T19:42:22.695+0000] {dag.py:3954} INFO - Setting next_dagrun for example_branch_dop_operator_v3 to 2025-05-02 19:41:00+00:00, run_after=2025-05-02 19:42:00+00:00
[2025-05-02T19:42:22.711+0000] {processor.py:183} INFO - Processing /home/airflow/.local/lib/python3.12/site-packages/airflow/example_dags/example_branch_python_dop_operator_3.py took 0.157 seconds
[2025-05-02T19:42:52.771+0000] {processor.py:161} INFO - Started process (PID=133) to work on /home/airflow/.local/lib/python3.12/site-packages/airflow/example_dags/example_branch_python_dop_operator_3.py
[2025-05-02T19:42:52.772+0000] {processor.py:830} INFO - Processing file /home/airflow/.local/lib/python3.12/site-packages/airflow/example_dags/example_branch_python_dop_operator_3.py for tasks to queue
[2025-05-02T19:42:52.774+0000] {logging_mixin.py:188} INFO - [2025-05-02T19:42:52.773+0000] {dagbag.py:545} INFO - Filling up the DagBag from /home/airflow/.local/lib/python3.12/site-packages/airflow/example_dags/example_branch_python_dop_operator_3.py
[2025-05-02T19:42:52.780+0000] {processor.py:840} INFO - DAG(s) 'example_branch_dop_operator_v3' retrieved from /home/airflow/.local/lib/python3.12/site-packages/airflow/example_dags/example_branch_python_dop_operator_3.py
[2025-05-02T19:42:52.796+0000] {logging_mixin.py:188} INFO - [2025-05-02T19:42:52.796+0000] {dag.py:3096} INFO - Sync 1 DAGs
[2025-05-02T19:42:52.819+0000] {logging_mixin.py:188} INFO - [2025-05-02T19:42:52.819+0000] {dag.py:3954} INFO - Setting next_dagrun for example_branch_dop_operator_v3 to 2025-05-02 19:41:00+00:00, run_after=2025-05-02 19:42:00+00:00
[2025-05-02T19:42:52.833+0000] {processor.py:183} INFO - Processing /home/airflow/.local/lib/python3.12/site-packages/airflow/example_dags/example_branch_python_dop_operator_3.py took 0.066 seconds
[2025-05-02T19:43:23.100+0000] {processor.py:161} INFO - Started process (PID=193) to work on /home/airflow/.local/lib/python3.12/site-packages/airflow/example_dags/example_branch_python_dop_operator_3.py
[2025-05-02T19:43:23.101+0000] {processor.py:830} INFO - Processing file /home/airflow/.local/lib/python3.12/site-packages/airflow/example_dags/example_branch_python_dop_operator_3.py for tasks to queue
[2025-05-02T19:43:23.103+0000] {logging_mixin.py:188} INFO - [2025-05-02T19:43:23.102+0000] {dagbag.py:545} INFO - Filling up the DagBag from /home/airflow/.local/lib/python3.12/site-packages/airflow/example_dags/example_branch_python_dop_operator_3.py
[2025-05-02T19:43:23.111+0000] {processor.py:840} INFO - DAG(s) 'example_branch_dop_operator_v3' retrieved from /home/airflow/.local/lib/python3.12/site-packages/airflow/example_dags/example_branch_python_dop_operator_3.py
[2025-05-02T19:43:23.129+0000] {logging_mixin.py:188} INFO - [2025-05-02T19:43:23.128+0000] {dag.py:3096} INFO - Sync 1 DAGs
[2025-05-02T19:43:23.153+0000] {logging_mixin.py:188} INFO - [2025-05-02T19:43:23.153+0000] {dag.py:3954} INFO - Setting next_dagrun for example_branch_dop_operator_v3 to 2025-05-02 19:42:00+00:00, run_after=2025-05-02 19:43:00+00:00
[2025-05-02T19:43:23.172+0000] {processor.py:183} INFO - Processing /home/airflow/.local/lib/python3.12/site-packages/airflow/example_dags/example_branch_python_dop_operator_3.py took 0.078 seconds
[2025-05-02T19:43:53.898+0000] {processor.py:161} INFO - Started process (PID=253) to work on /home/airflow/.local/lib/python3.12/site-packages/airflow/example_dags/example_branch_python_dop_operator_3.py
[2025-05-02T19:43:53.899+0000] {processor.py:830} INFO - Processing file /home/airflow/.local/lib/python3.12/site-packages/airflow/example_dags/example_branch_python_dop_operator_3.py for tasks to queue
[2025-05-02T19:43:53.901+0000] {logging_mixin.py:188} INFO - [2025-05-02T19:43:53.901+0000] {dagbag.py:545} INFO - Filling up the DagBag from /home/airflow/.local/lib/python3.12/site-packages/airflow/example_dags/example_branch_python_dop_operator_3.py
[2025-05-02T19:43:53.908+0000] {processor.py:840} INFO - DAG(s) 'example_branch_dop_operator_v3' retrieved from /home/airflow/.local/lib/python3.12/site-packages/airflow/example_dags/example_branch_python_dop_operator_3.py
[2025-05-02T19:43:53.923+0000] {logging_mixin.py:188} INFO - [2025-05-02T19:43:53.922+0000] {dag.py:3096} INFO - Sync 1 DAGs
[2025-05-02T19:43:53.945+0000] {logging_mixin.py:188} INFO - [2025-05-02T19:43:53.945+0000] {dag.py:3954} INFO - Setting next_dagrun for example_branch_dop_operator_v3 to 2025-05-02 19:42:00+00:00, run_after=2025-05-02 19:43:00+00:00
[2025-05-02T19:43:53.960+0000] {processor.py:183} INFO - Processing /home/airflow/.local/lib/python3.12/site-packages/airflow/example_dags/example_branch_python_dop_operator_3.py took 0.067 seconds
[2025-05-02T19:44:24.691+0000] {processor.py:161} INFO - Started process (PID=313) to work on /home/airflow/.local/lib/python3.12/site-packages/airflow/example_dags/example_branch_python_dop_operator_3.py
[2025-05-02T19:44:24.692+0000] {processor.py:830} INFO - Processing file /home/airflow/.local/lib/python3.12/site-packages/airflow/example_dags/example_branch_python_dop_operator_3.py for tasks to queue
[2025-05-02T19:44:24.693+0000] {logging_mixin.py:188} INFO - [2025-05-02T19:44:24.693+0000] {dagbag.py:545} INFO - Filling up the DagBag from /home/airflow/.local/lib/python3.12/site-packages/airflow/example_dags/example_branch_python_dop_operator_3.py
[2025-05-02T19:44:24.700+0000] {processor.py:840} INFO - DAG(s) 'example_branch_dop_operator_v3' retrieved from /home/airflow/.local/lib/python3.12/site-packages/airflow/example_dags/example_branch_python_dop_operator_3.py
[2025-05-02T19:44:24.717+0000] {logging_mixin.py:188} INFO - [2025-05-02T19:44:24.717+0000] {dag.py:3096} INFO - Sync 1 DAGs
[2025-05-02T19:44:24.736+0000] {logging_mixin.py:188} INFO - [2025-05-02T19:44:24.736+0000] {dag.py:3954} INFO - Setting next_dagrun for example_branch_dop_operator_v3 to 2025-05-02 19:43:00+00:00, run_after=2025-05-02 19:44:00+00:00
[2025-05-02T19:44:24.752+0000] {processor.py:183} INFO - Processing /home/airflow/.local/lib/python3.12/site-packages/airflow/example_dags/example_branch_python_dop_operator_3.py took 0.066 seconds
[2025-05-02T19:44:54.782+0000] {processor.py:161} INFO - Started process (PID=372) to work on /home/airflow/.local/lib/python3.12/site-packages/airflow/example_dags/example_branch_python_dop_operator_3.py
[2025-05-02T19:44:54.783+0000] {processor.py:830} INFO - Processing file /home/airflow/.local/lib/python3.12/site-packages/airflow/example_dags/example_branch_python_dop_operator_3.py for tasks to queue
[2025-05-02T19:44:54.785+0000] {logging_mixin.py:188} INFO - [2025-05-02T19:44:54.785+0000] {dagbag.py:545} INFO - Filling up the DagBag from /home/airflow/.local/lib/python3.12/site-packages/airflow/example_dags/example_branch_python_dop_operator_3.py
[2025-05-02T19:44:54.793+0000] {processor.py:840} INFO - DAG(s) 'example_branch_dop_operator_v3' retrieved from /home/airflow/.local/lib/python3.12/site-packages/airflow/example_dags/example_branch_python_dop_operator_3.py
[2025-05-02T19:44:54.811+0000] {logging_mixin.py:188} INFO - [2025-05-02T19:44:54.810+0000] {dag.py:3096} INFO - Sync 1 DAGs
[2025-05-02T19:44:54.834+0000] {logging_mixin.py:188} INFO - [2025-05-02T19:44:54.834+0000] {dag.py:3954} INFO - Setting next_dagrun for example_branch_dop_operator_v3 to 2025-05-02 19:43:00+00:00, run_after=2025-05-02 19:44:00+00:00
[2025-05-02T19:44:54.852+0000] {processor.py:183} INFO - Processing /home/airflow/.local/lib/python3.12/site-packages/airflow/example_dags/example_branch_python_dop_operator_3.py took 0.075 seconds
[2025-05-02T19:45:24.965+0000] {processor.py:161} INFO - Started process (PID=432) to work on /home/airflow/.local/lib/python3.12/site-packages/airflow/example_dags/example_branch_python_dop_operator_3.py
[2025-05-02T19:45:24.966+0000] {processor.py:830} INFO - Processing file /home/airflow/.local/lib/python3.12/site-packages/airflow/example_dags/example_branch_python_dop_operator_3.py for tasks to queue
[2025-05-02T19:45:24.967+0000] {logging_mixin.py:188} INFO - [2025-05-02T19:45:24.967+0000] {dagbag.py:545} INFO - Filling up the DagBag from /home/airflow/.local/lib/python3.12/site-packages/airflow/example_dags/example_branch_python_dop_operator_3.py
[2025-05-02T19:45:24.974+0000] {processor.py:840} INFO - DAG(s) 'example_branch_dop_operator_v3' retrieved from /home/airflow/.local/lib/python3.12/site-packages/airflow/example_dags/example_branch_python_dop_operator_3.py
[2025-05-02T19:45:24.989+0000] {logging_mixin.py:188} INFO - [2025-05-02T19:45:24.989+0000] {dag.py:3096} INFO - Sync 1 DAGs
[2025-05-02T19:45:25.013+0000] {logging_mixin.py:188} INFO - [2025-05-02T19:45:25.012+0000] {dag.py:3954} INFO - Setting next_dagrun for example_branch_dop_operator_v3 to 2025-05-02 19:44:00+00:00, run_after=2025-05-02 19:45:00+00:00
[2025-05-02T19:45:25.029+0000] {processor.py:183} INFO - Processing /home/airflow/.local/lib/python3.12/site-packages/airflow/example_dags/example_branch_python_dop_operator_3.py took 0.068 seconds
[2025-05-02T19:45:55.604+0000] {processor.py:161} INFO - Started process (PID=493) to work on /home/airflow/.local/lib/python3.12/site-packages/airflow/example_dags/example_branch_python_dop_operator_3.py
[2025-05-02T19:45:55.605+0000] {processor.py:830} INFO - Processing file /home/airflow/.local/lib/python3.12/site-packages/airflow/example_dags/example_branch_python_dop_operator_3.py for tasks to queue
[2025-05-02T19:45:55.607+0000] {logging_mixin.py:188} INFO - [2025-05-02T19:45:55.607+0000] {dagbag.py:545} INFO - Filling up the DagBag from /home/airflow/.local/lib/python3.12/site-packages/airflow/example_dags/example_branch_python_dop_operator_3.py
[2025-05-02T19:45:55.614+0000] {processor.py:840} INFO - DAG(s) 'example_branch_dop_operator_v3' retrieved from /home/airflow/.local/lib/python3.12/site-packages/airflow/example_dags/example_branch_python_dop_operator_3.py
[2025-05-02T19:45:55.632+0000] {logging_mixin.py:188} INFO - [2025-05-02T19:45:55.632+0000] {dag.py:3096} INFO - Sync 1 DAGs
[2025-05-02T19:45:55.655+0000] {logging_mixin.py:188} INFO - [2025-05-02T19:45:55.655+0000] {dag.py:3954} INFO - Setting next_dagrun for example_branch_dop_operator_v3 to 2025-05-02 19:44:00+00:00, run_after=2025-05-02 19:45:00+00:00
[2025-05-02T19:45:55.670+0000] {processor.py:183} INFO - Processing /home/airflow/.local/lib/python3.12/site-packages/airflow/example_dags/example_branch_python_dop_operator_3.py took 0.071 seconds
[2025-05-02T19:46:26.683+0000] {processor.py:161} INFO - Started process (PID=553) to work on /home/airflow/.local/lib/python3.12/site-packages/airflow/example_dags/example_branch_python_dop_operator_3.py
[2025-05-02T19:46:26.684+0000] {processor.py:830} INFO - Processing file /home/airflow/.local/lib/python3.12/site-packages/airflow/example_dags/example_branch_python_dop_operator_3.py for tasks to queue
[2025-05-02T19:46:26.686+0000] {logging_mixin.py:188} INFO - [2025-05-02T19:46:26.686+0000] {dagbag.py:545} INFO - Filling up the DagBag from /home/airflow/.local/lib/python3.12/site-packages/airflow/example_dags/example_branch_python_dop_operator_3.py
[2025-05-02T19:46:26.695+0000] {processor.py:840} INFO - DAG(s) 'example_branch_dop_operator_v3' retrieved from /home/airflow/.local/lib/python3.12/site-packages/airflow/example_dags/example_branch_python_dop_operator_3.py
[2025-05-02T19:46:26.712+0000] {logging_mixin.py:188} INFO - [2025-05-02T19:46:26.712+0000] {dag.py:3096} INFO - Sync 1 DAGs
[2025-05-02T19:46:26.732+0000] {logging_mixin.py:188} INFO - [2025-05-02T19:46:26.732+0000] {dag.py:3954} INFO - Setting next_dagrun for example_branch_dop_operator_v3 to 2025-05-02 19:45:00+00:00, run_after=2025-05-02 19:46:00+00:00
[2025-05-02T19:46:26.752+0000] {processor.py:183} INFO - Processing /home/airflow/.local/lib/python3.12/site-packages/airflow/example_dags/example_branch_python_dop_operator_3.py took 0.074 seconds
[2025-05-02T19:46:57.055+0000] {processor.py:161} INFO - Started process (PID=613) to work on /home/airflow/.local/lib/python3.12/site-packages/airflow/example_dags/example_branch_python_dop_operator_3.py
[2025-05-02T19:46:57.056+0000] {processor.py:830} INFO - Processing file /home/airflow/.local/lib/python3.12/site-packages/airflow/example_dags/example_branch_python_dop_operator_3.py for tasks to queue
[2025-05-02T19:46:57.057+0000] {logging_mixin.py:188} INFO - [2025-05-02T19:46:57.057+0000] {dagbag.py:545} INFO - Filling up the DagBag from /home/airflow/.local/lib/python3.12/site-packages/airflow/example_dags/example_branch_python_dop_operator_3.py
[2025-05-02T19:46:57.062+0000] {processor.py:840} INFO - DAG(s) 'example_branch_dop_operator_v3' retrieved from /home/airflow/.local/lib/python3.12/site-packages/airflow/example_dags/example_branch_python_dop_operator_3.py
[2025-05-02T19:46:57.076+0000] {logging_mixin.py:188} INFO - [2025-05-02T19:46:57.076+0000] {dag.py:3096} INFO - Sync 1 DAGs
[2025-05-02T19:46:57.093+0000] {logging_mixin.py:188} INFO - [2025-05-02T19:46:57.093+0000] {dag.py:3954} INFO - Setting next_dagrun for example_branch_dop_operator_v3 to 2025-05-02 19:45:00+00:00, run_after=2025-05-02 19:46:00+00:00
[2025-05-02T19:46:57.107+0000] {processor.py:183} INFO - Processing /home/airflow/.local/lib/python3.12/site-packages/airflow/example_dags/example_branch_python_dop_operator_3.py took 0.056 seconds
[2025-05-02T19:47:27.390+0000] {processor.py:161} INFO - Started process (PID=673) to work on /home/airflow/.local/lib/python3.12/site-packages/airflow/example_dags/example_branch_python_dop_operator_3.py
[2025-05-02T19:47:27.391+0000] {processor.py:830} INFO - Processing file /home/airflow/.local/lib/python3.12/site-packages/airflow/example_dags/example_branch_python_dop_operator_3.py for tasks to queue
[2025-05-02T19:47:27.392+0000] {logging_mixin.py:188} INFO - [2025-05-02T19:47:27.392+0000] {dagbag.py:545} INFO - Filling up the DagBag from /home/airflow/.local/lib/python3.12/site-packages/airflow/example_dags/example_branch_python_dop_operator_3.py
[2025-05-02T19:47:27.398+0000] {processor.py:840} INFO - DAG(s) 'example_branch_dop_operator_v3' retrieved from /home/airflow/.local/lib/python3.12/site-packages/airflow/example_dags/example_branch_python_dop_operator_3.py
[2025-05-02T19:47:27.413+0000] {logging_mixin.py:188} INFO - [2025-05-02T19:47:27.413+0000] {dag.py:3096} INFO - Sync 1 DAGs
[2025-05-02T19:47:27.433+0000] {logging_mixin.py:188} INFO - [2025-05-02T19:47:27.433+0000] {dag.py:3954} INFO - Setting next_dagrun for example_branch_dop_operator_v3 to 2025-05-02 19:46:00+00:00, run_after=2025-05-02 19:47:00+00:00
[2025-05-02T19:47:27.446+0000] {processor.py:183} INFO - Processing /home/airflow/.local/lib/python3.12/site-packages/airflow/example_dags/example_branch_python_dop_operator_3.py took 0.060 seconds
[2025-05-02T19:47:57.884+0000] {processor.py:161} INFO - Started process (PID=733) to work on /home/airflow/.local/lib/python3.12/site-packages/airflow/example_dags/example_branch_python_dop_operator_3.py
[2025-05-02T19:47:57.885+0000] {processor.py:830} INFO - Processing file /home/airflow/.local/lib/python3.12/site-packages/airflow/example_dags/example_branch_python_dop_operator_3.py for tasks to queue
[2025-05-02T19:47:57.886+0000] {logging_mixin.py:188} INFO - [2025-05-02T19:47:57.886+0000] {dagbag.py:545} INFO - Filling up the DagBag from /home/airflow/.local/lib/python3.12/site-packages/airflow/example_dags/example_branch_python_dop_operator_3.py
[2025-05-02T19:47:57.892+0000] {processor.py:840} INFO - DAG(s) 'example_branch_dop_operator_v3' retrieved from /home/airflow/.local/lib/python3.12/site-packages/airflow/example_dags/example_branch_python_dop_operator_3.py
[2025-05-02T19:47:57.910+0000] {logging_mixin.py:188} INFO - [2025-05-02T19:47:57.909+0000] {dag.py:3096} INFO - Sync 1 DAGs
[2025-05-02T19:47:57.930+0000] {logging_mixin.py:188} INFO - [2025-05-02T19:47:57.930+0000] {dag.py:3954} INFO - Setting next_dagrun for example_branch_dop_operator_v3 to 2025-05-02 19:46:00+00:00, run_after=2025-05-02 19:47:00+00:00
[2025-05-02T19:47:57.943+0000] {processor.py:183} INFO - Processing /home/airflow/.local/lib/python3.12/site-packages/airflow/example_dags/example_branch_python_dop_operator_3.py took 0.064 seconds
[2025-05-02T19:48:29.117+0000] {processor.py:161} INFO - Started process (PID=787) to work on /home/airflow/.local/lib/python3.12/site-packages/airflow/example_dags/example_branch_python_dop_operator_3.py
[2025-05-02T19:48:29.117+0000] {processor.py:830} INFO - Processing file /home/airflow/.local/lib/python3.12/site-packages/airflow/example_dags/example_branch_python_dop_operator_3.py for tasks to queue
[2025-05-02T19:48:29.119+0000] {logging_mixin.py:188} INFO - [2025-05-02T19:48:29.118+0000] {dagbag.py:545} INFO - Filling up the DagBag from /home/airflow/.local/lib/python3.12/site-packages/airflow/example_dags/example_branch_python_dop_operator_3.py
[2025-05-02T19:48:29.126+0000] {processor.py:840} INFO - DAG(s) 'example_branch_dop_operator_v3' retrieved from /home/airflow/.local/lib/python3.12/site-packages/airflow/example_dags/example_branch_python_dop_operator_3.py
[2025-05-02T19:48:29.143+0000] {logging_mixin.py:188} INFO - [2025-05-02T19:48:29.143+0000] {dag.py:3096} INFO - Sync 1 DAGs
[2025-05-02T19:48:29.163+0000] {logging_mixin.py:188} INFO - [2025-05-02T19:48:29.163+0000] {dag.py:3954} INFO - Setting next_dagrun for example_branch_dop_operator_v3 to 2025-05-02 19:47:00+00:00, run_after=2025-05-02 19:48:00+00:00
[2025-05-02T19:48:29.180+0000] {processor.py:183} INFO - Processing /home/airflow/.local/lib/python3.12/site-packages/airflow/example_dags/example_branch_python_dop_operator_3.py took 0.069 seconds
[2025-05-02T19:48:59.486+0000] {processor.py:161} INFO - Started process (PID=846) to work on /home/airflow/.local/lib/python3.12/site-packages/airflow/example_dags/example_branch_python_dop_operator_3.py
[2025-05-02T19:48:59.487+0000] {processor.py:830} INFO - Processing file /home/airflow/.local/lib/python3.12/site-packages/airflow/example_dags/example_branch_python_dop_operator_3.py for tasks to queue
[2025-05-02T19:48:59.489+0000] {logging_mixin.py:188} INFO - [2025-05-02T19:48:59.488+0000] {dagbag.py:545} INFO - Filling up the DagBag from /home/airflow/.local/lib/python3.12/site-packages/airflow/example_dags/example_branch_python_dop_operator_3.py
[2025-05-02T19:48:59.497+0000] {processor.py:840} INFO - DAG(s) 'example_branch_dop_operator_v3' retrieved from /home/airflow/.local/lib/python3.12/site-packages/airflow/example_dags/example_branch_python_dop_operator_3.py
[2025-05-02T19:48:59.515+0000] {logging_mixin.py:188} INFO - [2025-05-02T19:48:59.515+0000] {dag.py:3096} INFO - Sync 1 DAGs
[2025-05-02T19:48:59.540+0000] {logging_mixin.py:188} INFO - [2025-05-02T19:48:59.540+0000] {dag.py:3954} INFO - Setting next_dagrun for example_branch_dop_operator_v3 to 2025-05-02 19:47:00+00:00, run_after=2025-05-02 19:48:00+00:00
[2025-05-02T19:48:59.561+0000] {processor.py:183} INFO - Processing /home/airflow/.local/lib/python3.12/site-packages/airflow/example_dags/example_branch_python_dop_operator_3.py took 0.080 seconds
[2025-05-02T19:49:30.419+0000] {processor.py:161} INFO - Started process (PID=908) to work on /home/airflow/.local/lib/python3.12/site-packages/airflow/example_dags/example_branch_python_dop_operator_3.py
[2025-05-02T19:49:30.420+0000] {processor.py:830} INFO - Processing file /home/airflow/.local/lib/python3.12/site-packages/airflow/example_dags/example_branch_python_dop_operator_3.py for tasks to queue
[2025-05-02T19:49:30.421+0000] {logging_mixin.py:188} INFO - [2025-05-02T19:49:30.421+0000] {dagbag.py:545} INFO - Filling up the DagBag from /home/airflow/.local/lib/python3.12/site-packages/airflow/example_dags/example_branch_python_dop_operator_3.py
[2025-05-02T19:49:30.428+0000] {processor.py:840} INFO - DAG(s) 'example_branch_dop_operator_v3' retrieved from /home/airflow/.local/lib/python3.12/site-packages/airflow/example_dags/example_branch_python_dop_operator_3.py
[2025-05-02T19:49:30.443+0000] {logging_mixin.py:188} INFO - [2025-05-02T19:49:30.443+0000] {dag.py:3096} INFO - Sync 1 DAGs
[2025-05-02T19:49:30.464+0000] {logging_mixin.py:188} INFO - [2025-05-02T19:49:30.463+0000] {dag.py:3954} INFO - Setting next_dagrun for example_branch_dop_operator_v3 to 2025-05-02 19:48:00+00:00, run_after=2025-05-02 19:49:00+00:00
[2025-05-02T19:49:30.479+0000] {processor.py:183} INFO - Processing /home/airflow/.local/lib/python3.12/site-packages/airflow/example_dags/example_branch_python_dop_operator_3.py took 0.065 seconds
[2025-05-02T19:50:02.148+0000] {processor.py:161} INFO - Started process (PID=968) to work on /home/airflow/.local/lib/python3.12/site-packages/airflow/example_dags/example_branch_python_dop_operator_3.py
[2025-05-02T19:50:02.149+0000] {processor.py:830} INFO - Processing file /home/airflow/.local/lib/python3.12/site-packages/airflow/example_dags/example_branch_python_dop_operator_3.py for tasks to queue
[2025-05-02T19:50:02.151+0000] {logging_mixin.py:188} INFO - [2025-05-02T19:50:02.150+0000] {dagbag.py:545} INFO - Filling up the DagBag from /home/airflow/.local/lib/python3.12/site-packages/airflow/example_dags/example_branch_python_dop_operator_3.py
[2025-05-02T19:50:02.159+0000] {processor.py:840} INFO - DAG(s) 'example_branch_dop_operator_v3' retrieved from /home/airflow/.local/lib/python3.12/site-packages/airflow/example_dags/example_branch_python_dop_operator_3.py
[2025-05-02T19:50:02.174+0000] {logging_mixin.py:188} INFO - [2025-05-02T19:50:02.174+0000] {dag.py:3096} INFO - Sync 1 DAGs
[2025-05-02T19:50:02.196+0000] {logging_mixin.py:188} INFO - [2025-05-02T19:50:02.196+0000] {dag.py:3954} INFO - Setting next_dagrun for example_branch_dop_operator_v3 to 2025-05-02 19:49:00+00:00, run_after=2025-05-02 19:50:00+00:00
[2025-05-02T19:50:02.210+0000] {processor.py:183} INFO - Processing /home/airflow/.local/lib/python3.12/site-packages/airflow/example_dags/example_branch_python_dop_operator_3.py took 0.067 seconds
[2025-05-02T19:50:34.600+0000] {processor.py:161} INFO - Started process (PID=1028) to work on /home/airflow/.local/lib/python3.12/site-packages/airflow/example_dags/example_branch_python_dop_operator_3.py
[2025-05-02T19:50:34.601+0000] {processor.py:830} INFO - Processing file /home/airflow/.local/lib/python3.12/site-packages/airflow/example_dags/example_branch_python_dop_operator_3.py for tasks to queue
[2025-05-02T19:50:34.602+0000] {logging_mixin.py:188} INFO - [2025-05-02T19:50:34.602+0000] {dagbag.py:545} INFO - Filling up the DagBag from /home/airflow/.local/lib/python3.12/site-packages/airflow/example_dags/example_branch_python_dop_operator_3.py
[2025-05-02T19:50:34.610+0000] {processor.py:840} INFO - DAG(s) 'example_branch_dop_operator_v3' retrieved from /home/airflow/.local/lib/python3.12/site-packages/airflow/example_dags/example_branch_python_dop_operator_3.py
[2025-05-02T19:50:34.625+0000] {logging_mixin.py:188} INFO - [2025-05-02T19:50:34.625+0000] {dag.py:3096} INFO - Sync 1 DAGs
[2025-05-02T19:50:34.645+0000] {logging_mixin.py:188} INFO - [2025-05-02T19:50:34.645+0000] {dag.py:3954} INFO - Setting next_dagrun for example_branch_dop_operator_v3 to 2025-05-02 19:49:00+00:00, run_after=2025-05-02 19:50:00+00:00
[2025-05-02T19:50:34.661+0000] {processor.py:183} INFO - Processing /home/airflow/.local/lib/python3.12/site-packages/airflow/example_dags/example_branch_python_dop_operator_3.py took 0.066 seconds
[2025-05-02T19:51:06.692+0000] {processor.py:161} INFO - Started process (PID=1088) to work on /home/airflow/.local/lib/python3.12/site-packages/airflow/example_dags/example_branch_python_dop_operator_3.py
[2025-05-02T19:51:06.693+0000] {processor.py:830} INFO - Processing file /home/airflow/.local/lib/python3.12/site-packages/airflow/example_dags/example_branch_python_dop_operator_3.py for tasks to queue
[2025-05-02T19:51:06.695+0000] {logging_mixin.py:188} INFO - [2025-05-02T19:51:06.694+0000] {dagbag.py:545} INFO - Filling up the DagBag from /home/airflow/.local/lib/python3.12/site-packages/airflow/example_dags/example_branch_python_dop_operator_3.py
[2025-05-02T19:51:06.700+0000] {processor.py:840} INFO - DAG(s) 'example_branch_dop_operator_v3' retrieved from /home/airflow/.local/lib/python3.12/site-packages/airflow/example_dags/example_branch_python_dop_operator_3.py
[2025-05-02T19:51:06.715+0000] {logging_mixin.py:188} INFO - [2025-05-02T19:51:06.715+0000] {dag.py:3096} INFO - Sync 1 DAGs
[2025-05-02T19:51:06.733+0000] {logging_mixin.py:188} INFO - [2025-05-02T19:51:06.733+0000] {dag.py:3954} INFO - Setting next_dagrun for example_branch_dop_operator_v3 to 2025-05-02 19:50:00+00:00, run_after=2025-05-02 19:51:00+00:00
[2025-05-02T19:51:06.747+0000] {processor.py:183} INFO - Processing /home/airflow/.local/lib/python3.12/site-packages/airflow/example_dags/example_branch_python_dop_operator_3.py took 0.059 seconds
[2025-05-02T19:51:39.076+0000] {processor.py:161} INFO - Started process (PID=1148) to work on /home/airflow/.local/lib/python3.12/site-packages/airflow/example_dags/example_branch_python_dop_operator_3.py
[2025-05-02T19:51:39.077+0000] {processor.py:830} INFO - Processing file /home/airflow/.local/lib/python3.12/site-packages/airflow/example_dags/example_branch_python_dop_operator_3.py for tasks to queue
[2025-05-02T19:51:39.079+0000] {logging_mixin.py:188} INFO - [2025-05-02T19:51:39.078+0000] {dagbag.py:545} INFO - Filling up the DagBag from /home/airflow/.local/lib/python3.12/site-packages/airflow/example_dags/example_branch_python_dop_operator_3.py
[2025-05-02T19:51:39.087+0000] {processor.py:840} INFO - DAG(s) 'example_branch_dop_operator_v3' retrieved from /home/airflow/.local/lib/python3.12/site-packages/airflow/example_dags/example_branch_python_dop_operator_3.py
[2025-05-02T19:51:39.115+0000] {logging_mixin.py:188} INFO - [2025-05-02T19:51:39.115+0000] {dag.py:3096} INFO - Sync 1 DAGs
[2025-05-02T19:51:39.138+0000] {logging_mixin.py:188} INFO - [2025-05-02T19:51:39.138+0000] {dag.py:3954} INFO - Setting next_dagrun for example_branch_dop_operator_v3 to 2025-05-02 19:50:00+00:00, run_after=2025-05-02 19:51:00+00:00
[2025-05-02T19:51:39.153+0000] {processor.py:183} INFO - Processing /home/airflow/.local/lib/python3.12/site-packages/airflow/example_dags/example_branch_python_dop_operator_3.py took 0.085 seconds
[2025-05-02T19:52:11.303+0000] {processor.py:161} INFO - Started process (PID=1208) to work on /home/airflow/.local/lib/python3.12/site-packages/airflow/example_dags/example_branch_python_dop_operator_3.py
[2025-05-02T19:52:11.304+0000] {processor.py:830} INFO - Processing file /home/airflow/.local/lib/python3.12/site-packages/airflow/example_dags/example_branch_python_dop_operator_3.py for tasks to queue
[2025-05-02T19:52:11.305+0000] {logging_mixin.py:188} INFO - [2025-05-02T19:52:11.305+0000] {dagbag.py:545} INFO - Filling up the DagBag from /home/airflow/.local/lib/python3.12/site-packages/airflow/example_dags/example_branch_python_dop_operator_3.py
[2025-05-02T19:52:11.313+0000] {processor.py:840} INFO - DAG(s) 'example_branch_dop_operator_v3' retrieved from /home/airflow/.local/lib/python3.12/site-packages/airflow/example_dags/example_branch_python_dop_operator_3.py
[2025-05-02T19:52:11.330+0000] {logging_mixin.py:188} INFO - [2025-05-02T19:52:11.330+0000] {dag.py:3096} INFO - Sync 1 DAGs
[2025-05-02T19:52:11.350+0000] {logging_mixin.py:188} INFO - [2025-05-02T19:52:11.350+0000] {dag.py:3954} INFO - Setting next_dagrun for example_branch_dop_operator_v3 to 2025-05-02 19:51:00+00:00, run_after=2025-05-02 19:52:00+00:00
[2025-05-02T19:52:11.367+0000] {processor.py:183} INFO - Processing /home/airflow/.local/lib/python3.12/site-packages/airflow/example_dags/example_branch_python_dop_operator_3.py took 0.069 seconds
[2025-05-02T19:52:44.006+0000] {processor.py:161} INFO - Started process (PID=1268) to work on /home/airflow/.local/lib/python3.12/site-packages/airflow/example_dags/example_branch_python_dop_operator_3.py
[2025-05-02T19:52:44.008+0000] {processor.py:830} INFO - Processing file /home/airflow/.local/lib/python3.12/site-packages/airflow/example_dags/example_branch_python_dop_operator_3.py for tasks to queue
[2025-05-02T19:52:44.011+0000] {logging_mixin.py:188} INFO - [2025-05-02T19:52:44.010+0000] {dagbag.py:545} INFO - Filling up the DagBag from /home/airflow/.local/lib/python3.12/site-packages/airflow/example_dags/example_branch_python_dop_operator_3.py
[2025-05-02T19:52:44.019+0000] {processor.py:840} INFO - DAG(s) 'example_branch_dop_operator_v3' retrieved from /home/airflow/.local/lib/python3.12/site-packages/airflow/example_dags/example_branch_python_dop_operator_3.py
[2025-05-02T19:52:44.051+0000] {logging_mixin.py:188} INFO - [2025-05-02T19:52:44.051+0000] {dag.py:3096} INFO - Sync 1 DAGs
[2025-05-02T19:52:44.087+0000] {logging_mixin.py:188} INFO - [2025-05-02T19:52:44.085+0000] {dag.py:3954} INFO - Setting next_dagrun for example_branch_dop_operator_v3 to 2025-05-02 19:51:00+00:00, run_after=2025-05-02 19:52:00+00:00
[2025-05-02T19:52:44.114+0000] {processor.py:183} INFO - Processing /home/airflow/.local/lib/python3.12/site-packages/airflow/example_dags/example_branch_python_dop_operator_3.py took 0.114 seconds
[2025-05-02T19:53:16.562+0000] {processor.py:161} INFO - Started process (PID=1328) to work on /home/airflow/.local/lib/python3.12/site-packages/airflow/example_dags/example_branch_python_dop_operator_3.py
[2025-05-02T19:53:16.563+0000] {processor.py:830} INFO - Processing file /home/airflow/.local/lib/python3.12/site-packages/airflow/example_dags/example_branch_python_dop_operator_3.py for tasks to queue
[2025-05-02T19:53:16.565+0000] {logging_mixin.py:188} INFO - [2025-05-02T19:53:16.565+0000] {dagbag.py:545} INFO - Filling up the DagBag from /home/airflow/.local/lib/python3.12/site-packages/airflow/example_dags/example_branch_python_dop_operator_3.py
[2025-05-02T19:53:16.571+0000] {processor.py:840} INFO - DAG(s) 'example_branch_dop_operator_v3' retrieved from /home/airflow/.local/lib/python3.12/site-packages/airflow/example_dags/example_branch_python_dop_operator_3.py
[2025-05-02T19:53:16.587+0000] {logging_mixin.py:188} INFO - [2025-05-02T19:53:16.587+0000] {dag.py:3096} INFO - Sync 1 DAGs
[2025-05-02T19:53:16.610+0000] {logging_mixin.py:188} INFO - [2025-05-02T19:53:16.609+0000] {dag.py:3954} INFO - Setting next_dagrun for example_branch_dop_operator_v3 to 2025-05-02 19:52:00+00:00, run_after=2025-05-02 19:53:00+00:00
[2025-05-02T19:53:16.626+0000] {processor.py:183} INFO - Processing /home/airflow/.local/lib/python3.12/site-packages/airflow/example_dags/example_branch_python_dop_operator_3.py took 0.069 seconds
[2025-05-02T19:53:48.969+0000] {processor.py:161} INFO - Started process (PID=1388) to work on /home/airflow/.local/lib/python3.12/site-packages/airflow/example_dags/example_branch_python_dop_operator_3.py
[2025-05-02T19:53:48.970+0000] {processor.py:830} INFO - Processing file /home/airflow/.local/lib/python3.12/site-packages/airflow/example_dags/example_branch_python_dop_operator_3.py for tasks to queue
[2025-05-02T19:53:48.971+0000] {logging_mixin.py:188} INFO - [2025-05-02T19:53:48.971+0000] {dagbag.py:545} INFO - Filling up the DagBag from /home/airflow/.local/lib/python3.12/site-packages/airflow/example_dags/example_branch_python_dop_operator_3.py
[2025-05-02T19:53:48.977+0000] {processor.py:840} INFO - DAG(s) 'example_branch_dop_operator_v3' retrieved from /home/airflow/.local/lib/python3.12/site-packages/airflow/example_dags/example_branch_python_dop_operator_3.py
[2025-05-02T19:53:48.991+0000] {logging_mixin.py:188} INFO - [2025-05-02T19:53:48.991+0000] {dag.py:3096} INFO - Sync 1 DAGs
[2025-05-02T19:53:49.010+0000] {logging_mixin.py:188} INFO - [2025-05-02T19:53:49.010+0000] {dag.py:3954} INFO - Setting next_dagrun for example_branch_dop_operator_v3 to 2025-05-02 19:52:00+00:00, run_after=2025-05-02 19:53:00+00:00
[2025-05-02T19:53:49.023+0000] {processor.py:183} INFO - Processing /home/airflow/.local/lib/python3.12/site-packages/airflow/example_dags/example_branch_python_dop_operator_3.py took 0.059 seconds
[2025-05-02T19:54:21.449+0000] {processor.py:161} INFO - Started process (PID=1448) to work on /home/airflow/.local/lib/python3.12/site-packages/airflow/example_dags/example_branch_python_dop_operator_3.py
[2025-05-02T19:54:21.450+0000] {processor.py:830} INFO - Processing file /home/airflow/.local/lib/python3.12/site-packages/airflow/example_dags/example_branch_python_dop_operator_3.py for tasks to queue
[2025-05-02T19:54:21.452+0000] {logging_mixin.py:188} INFO - [2025-05-02T19:54:21.451+0000] {dagbag.py:545} INFO - Filling up the DagBag from /home/airflow/.local/lib/python3.12/site-packages/airflow/example_dags/example_branch_python_dop_operator_3.py
[2025-05-02T19:54:21.461+0000] {processor.py:840} INFO - DAG(s) 'example_branch_dop_operator_v3' retrieved from /home/airflow/.local/lib/python3.12/site-packages/airflow/example_dags/example_branch_python_dop_operator_3.py
[2025-05-02T19:54:21.477+0000] {logging_mixin.py:188} INFO - [2025-05-02T19:54:21.477+0000] {dag.py:3096} INFO - Sync 1 DAGs
[2025-05-02T19:54:21.498+0000] {logging_mixin.py:188} INFO - [2025-05-02T19:54:21.498+0000] {dag.py:3954} INFO - Setting next_dagrun for example_branch_dop_operator_v3 to 2025-05-02 19:53:00+00:00, run_after=2025-05-02 19:54:00+00:00
[2025-05-02T19:54:21.520+0000] {processor.py:183} INFO - Processing /home/airflow/.local/lib/python3.12/site-packages/airflow/example_dags/example_branch_python_dop_operator_3.py took 0.075 seconds
[2025-05-02T19:54:53.684+0000] {processor.py:161} INFO - Started process (PID=1508) to work on /home/airflow/.local/lib/python3.12/site-packages/airflow/example_dags/example_branch_python_dop_operator_3.py
[2025-05-02T19:54:53.684+0000] {processor.py:830} INFO - Processing file /home/airflow/.local/lib/python3.12/site-packages/airflow/example_dags/example_branch_python_dop_operator_3.py for tasks to queue
[2025-05-02T19:54:53.686+0000] {logging_mixin.py:188} INFO - [2025-05-02T19:54:53.686+0000] {dagbag.py:545} INFO - Filling up the DagBag from /home/airflow/.local/lib/python3.12/site-packages/airflow/example_dags/example_branch_python_dop_operator_3.py
[2025-05-02T19:54:53.693+0000] {processor.py:840} INFO - DAG(s) 'example_branch_dop_operator_v3' retrieved from /home/airflow/.local/lib/python3.12/site-packages/airflow/example_dags/example_branch_python_dop_operator_3.py
[2025-05-02T19:54:53.709+0000] {logging_mixin.py:188} INFO - [2025-05-02T19:54:53.708+0000] {dag.py:3096} INFO - Sync 1 DAGs
[2025-05-02T19:54:53.729+0000] {logging_mixin.py:188} INFO - [2025-05-02T19:54:53.729+0000] {dag.py:3954} INFO - Setting next_dagrun for example_branch_dop_operator_v3 to 2025-05-02 19:53:00+00:00, run_after=2025-05-02 19:54:00+00:00
[2025-05-02T19:54:53.744+0000] {processor.py:183} INFO - Processing /home/airflow/.local/lib/python3.12/site-packages/airflow/example_dags/example_branch_python_dop_operator_3.py took 0.065 seconds
[2025-05-02T19:55:25.575+0000] {processor.py:161} INFO - Started process (PID=1568) to work on /home/airflow/.local/lib/python3.12/site-packages/airflow/example_dags/example_branch_python_dop_operator_3.py
[2025-05-02T19:55:25.575+0000] {processor.py:830} INFO - Processing file /home/airflow/.local/lib/python3.12/site-packages/airflow/example_dags/example_branch_python_dop_operator_3.py for tasks to queue
[2025-05-02T19:55:25.577+0000] {logging_mixin.py:188} INFO - [2025-05-02T19:55:25.576+0000] {dagbag.py:545} INFO - Filling up the DagBag from /home/airflow/.local/lib/python3.12/site-packages/airflow/example_dags/example_branch_python_dop_operator_3.py
[2025-05-02T19:55:25.582+0000] {processor.py:840} INFO - DAG(s) 'example_branch_dop_operator_v3' retrieved from /home/airflow/.local/lib/python3.12/site-packages/airflow/example_dags/example_branch_python_dop_operator_3.py
[2025-05-02T19:55:25.596+0000] {logging_mixin.py:188} INFO - [2025-05-02T19:55:25.595+0000] {dag.py:3096} INFO - Sync 1 DAGs
[2025-05-02T19:55:25.615+0000] {logging_mixin.py:188} INFO - [2025-05-02T19:55:25.614+0000] {dag.py:3954} INFO - Setting next_dagrun for example_branch_dop_operator_v3 to 2025-05-02 19:54:00+00:00, run_after=2025-05-02 19:55:00+00:00
[2025-05-02T19:55:25.632+0000] {processor.py:183} INFO - Processing /home/airflow/.local/lib/python3.12/site-packages/airflow/example_dags/example_branch_python_dop_operator_3.py took 0.061 seconds
[2025-05-02T19:55:58.592+0000] {processor.py:161} INFO - Started process (PID=1628) to work on /home/airflow/.local/lib/python3.12/site-packages/airflow/example_dags/example_branch_python_dop_operator_3.py
[2025-05-02T19:55:58.593+0000] {processor.py:830} INFO - Processing file /home/airflow/.local/lib/python3.12/site-packages/airflow/example_dags/example_branch_python_dop_operator_3.py for tasks to queue
[2025-05-02T19:55:58.595+0000] {logging_mixin.py:188} INFO - [2025-05-02T19:55:58.594+0000] {dagbag.py:545} INFO - Filling up the DagBag from /home/airflow/.local/lib/python3.12/site-packages/airflow/example_dags/example_branch_python_dop_operator_3.py
[2025-05-02T19:55:58.601+0000] {processor.py:840} INFO - DAG(s) 'example_branch_dop_operator_v3' retrieved from /home/airflow/.local/lib/python3.12/site-packages/airflow/example_dags/example_branch_python_dop_operator_3.py
[2025-05-02T19:55:58.613+0000] {logging_mixin.py:188} INFO - [2025-05-02T19:55:58.613+0000] {dag.py:3096} INFO - Sync 1 DAGs
[2025-05-02T19:55:58.630+0000] {logging_mixin.py:188} INFO - [2025-05-02T19:55:58.630+0000] {dag.py:3954} INFO - Setting next_dagrun for example_branch_dop_operator_v3 to 2025-05-02 19:54:00+00:00, run_after=2025-05-02 19:55:00+00:00
[2025-05-02T19:55:58.645+0000] {processor.py:183} INFO - Processing /home/airflow/.local/lib/python3.12/site-packages/airflow/example_dags/example_branch_python_dop_operator_3.py took 0.058 seconds
[2025-05-02T19:56:30.420+0000] {processor.py:161} INFO - Started process (PID=1688) to work on /home/airflow/.local/lib/python3.12/site-packages/airflow/example_dags/example_branch_python_dop_operator_3.py
[2025-05-02T19:56:30.421+0000] {processor.py:830} INFO - Processing file /home/airflow/.local/lib/python3.12/site-packages/airflow/example_dags/example_branch_python_dop_operator_3.py for tasks to queue
[2025-05-02T19:56:30.422+0000] {logging_mixin.py:188} INFO - [2025-05-02T19:56:30.422+0000] {dagbag.py:545} INFO - Filling up the DagBag from /home/airflow/.local/lib/python3.12/site-packages/airflow/example_dags/example_branch_python_dop_operator_3.py
[2025-05-02T19:56:30.428+0000] {processor.py:840} INFO - DAG(s) 'example_branch_dop_operator_v3' retrieved from /home/airflow/.local/lib/python3.12/site-packages/airflow/example_dags/example_branch_python_dop_operator_3.py
[2025-05-02T19:56:30.444+0000] {logging_mixin.py:188} INFO - [2025-05-02T19:56:30.444+0000] {dag.py:3096} INFO - Sync 1 DAGs
[2025-05-02T19:56:30.467+0000] {logging_mixin.py:188} INFO - [2025-05-02T19:56:30.467+0000] {dag.py:3954} INFO - Setting next_dagrun for example_branch_dop_operator_v3 to 2025-05-02 19:55:00+00:00, run_after=2025-05-02 19:56:00+00:00
[2025-05-02T19:56:30.483+0000] {processor.py:183} INFO - Processing /home/airflow/.local/lib/python3.12/site-packages/airflow/example_dags/example_branch_python_dop_operator_3.py took 0.067 seconds
[2025-05-02T19:57:03.439+0000] {processor.py:161} INFO - Started process (PID=1748) to work on /home/airflow/.local/lib/python3.12/site-packages/airflow/example_dags/example_branch_python_dop_operator_3.py
[2025-05-02T19:57:03.440+0000] {processor.py:830} INFO - Processing file /home/airflow/.local/lib/python3.12/site-packages/airflow/example_dags/example_branch_python_dop_operator_3.py for tasks to queue
[2025-05-02T19:57:03.441+0000] {logging_mixin.py:188} INFO - [2025-05-02T19:57:03.441+0000] {dagbag.py:545} INFO - Filling up the DagBag from /home/airflow/.local/lib/python3.12/site-packages/airflow/example_dags/example_branch_python_dop_operator_3.py
[2025-05-02T19:57:03.448+0000] {processor.py:840} INFO - DAG(s) 'example_branch_dop_operator_v3' retrieved from /home/airflow/.local/lib/python3.12/site-packages/airflow/example_dags/example_branch_python_dop_operator_3.py
[2025-05-02T19:57:03.462+0000] {logging_mixin.py:188} INFO - [2025-05-02T19:57:03.462+0000] {dag.py:3096} INFO - Sync 1 DAGs
[2025-05-02T19:57:03.483+0000] {logging_mixin.py:188} INFO - [2025-05-02T19:57:03.483+0000] {dag.py:3954} INFO - Setting next_dagrun for example_branch_dop_operator_v3 to 2025-05-02 19:56:00+00:00, run_after=2025-05-02 19:57:00+00:00
[2025-05-02T19:57:03.499+0000] {processor.py:183} INFO - Processing /home/airflow/.local/lib/python3.12/site-packages/airflow/example_dags/example_branch_python_dop_operator_3.py took 0.064 seconds
[2025-05-02T19:57:35.486+0000] {processor.py:161} INFO - Started process (PID=1808) to work on /home/airflow/.local/lib/python3.12/site-packages/airflow/example_dags/example_branch_python_dop_operator_3.py
[2025-05-02T19:57:35.487+0000] {processor.py:830} INFO - Processing file /home/airflow/.local/lib/python3.12/site-packages/airflow/example_dags/example_branch_python_dop_operator_3.py for tasks to queue
[2025-05-02T19:57:35.488+0000] {logging_mixin.py:188} INFO - [2025-05-02T19:57:35.488+0000] {dagbag.py:545} INFO - Filling up the DagBag from /home/airflow/.local/lib/python3.12/site-packages/airflow/example_dags/example_branch_python_dop_operator_3.py
[2025-05-02T19:57:35.495+0000] {processor.py:840} INFO - DAG(s) 'example_branch_dop_operator_v3' retrieved from /home/airflow/.local/lib/python3.12/site-packages/airflow/example_dags/example_branch_python_dop_operator_3.py
[2025-05-02T19:57:35.513+0000] {logging_mixin.py:188} INFO - [2025-05-02T19:57:35.512+0000] {dag.py:3096} INFO - Sync 1 DAGs
[2025-05-02T19:57:35.531+0000] {logging_mixin.py:188} INFO - [2025-05-02T19:57:35.531+0000] {dag.py:3954} INFO - Setting next_dagrun for example_branch_dop_operator_v3 to 2025-05-02 19:56:00+00:00, run_after=2025-05-02 19:57:00+00:00
[2025-05-02T19:57:35.546+0000] {processor.py:183} INFO - Processing /home/airflow/.local/lib/python3.12/site-packages/airflow/example_dags/example_branch_python_dop_operator_3.py took 0.064 seconds
[2025-05-02T19:58:08.057+0000] {processor.py:161} INFO - Started process (PID=1868) to work on /home/airflow/.local/lib/python3.12/site-packages/airflow/example_dags/example_branch_python_dop_operator_3.py
[2025-05-02T19:58:08.058+0000] {processor.py:830} INFO - Processing file /home/airflow/.local/lib/python3.12/site-packages/airflow/example_dags/example_branch_python_dop_operator_3.py for tasks to queue
[2025-05-02T19:58:08.060+0000] {logging_mixin.py:188} INFO - [2025-05-02T19:58:08.060+0000] {dagbag.py:545} INFO - Filling up the DagBag from /home/airflow/.local/lib/python3.12/site-packages/airflow/example_dags/example_branch_python_dop_operator_3.py
[2025-05-02T19:58:08.066+0000] {processor.py:840} INFO - DAG(s) 'example_branch_dop_operator_v3' retrieved from /home/airflow/.local/lib/python3.12/site-packages/airflow/example_dags/example_branch_python_dop_operator_3.py
[2025-05-02T19:58:08.080+0000] {logging_mixin.py:188} INFO - [2025-05-02T19:58:08.080+0000] {dag.py:3096} INFO - Sync 1 DAGs
[2025-05-02T19:58:08.100+0000] {logging_mixin.py:188} INFO - [2025-05-02T19:58:08.100+0000] {dag.py:3954} INFO - Setting next_dagrun for example_branch_dop_operator_v3 to 2025-05-02 19:57:00+00:00, run_after=2025-05-02 19:58:00+00:00
[2025-05-02T19:58:08.116+0000] {processor.py:183} INFO - Processing /home/airflow/.local/lib/python3.12/site-packages/airflow/example_dags/example_branch_python_dop_operator_3.py took 0.064 seconds
[2025-05-02T19:58:40.567+0000] {processor.py:161} INFO - Started process (PID=1928) to work on /home/airflow/.local/lib/python3.12/site-packages/airflow/example_dags/example_branch_python_dop_operator_3.py
[2025-05-02T19:58:40.567+0000] {processor.py:830} INFO - Processing file /home/airflow/.local/lib/python3.12/site-packages/airflow/example_dags/example_branch_python_dop_operator_3.py for tasks to queue
[2025-05-02T19:58:40.569+0000] {logging_mixin.py:188} INFO - [2025-05-02T19:58:40.569+0000] {dagbag.py:545} INFO - Filling up the DagBag from /home/airflow/.local/lib/python3.12/site-packages/airflow/example_dags/example_branch_python_dop_operator_3.py
[2025-05-02T19:58:40.575+0000] {processor.py:840} INFO - DAG(s) 'example_branch_dop_operator_v3' retrieved from /home/airflow/.local/lib/python3.12/site-packages/airflow/example_dags/example_branch_python_dop_operator_3.py
[2025-05-02T19:58:40.591+0000] {logging_mixin.py:188} INFO - [2025-05-02T19:58:40.591+0000] {dag.py:3096} INFO - Sync 1 DAGs
[2025-05-02T19:58:40.611+0000] {logging_mixin.py:188} INFO - [2025-05-02T19:58:40.611+0000] {dag.py:3954} INFO - Setting next_dagrun for example_branch_dop_operator_v3 to 2025-05-02 19:57:00+00:00, run_after=2025-05-02 19:58:00+00:00
[2025-05-02T19:58:40.627+0000] {processor.py:183} INFO - Processing /home/airflow/.local/lib/python3.12/site-packages/airflow/example_dags/example_branch_python_dop_operator_3.py took 0.065 seconds
[2025-05-02T19:59:12.718+0000] {processor.py:161} INFO - Started process (PID=1988) to work on /home/airflow/.local/lib/python3.12/site-packages/airflow/example_dags/example_branch_python_dop_operator_3.py
[2025-05-02T19:59:12.719+0000] {processor.py:830} INFO - Processing file /home/airflow/.local/lib/python3.12/site-packages/airflow/example_dags/example_branch_python_dop_operator_3.py for tasks to queue
[2025-05-02T19:59:12.720+0000] {logging_mixin.py:188} INFO - [2025-05-02T19:59:12.720+0000] {dagbag.py:545} INFO - Filling up the DagBag from /home/airflow/.local/lib/python3.12/site-packages/airflow/example_dags/example_branch_python_dop_operator_3.py
[2025-05-02T19:59:12.728+0000] {processor.py:840} INFO - DAG(s) 'example_branch_dop_operator_v3' retrieved from /home/airflow/.local/lib/python3.12/site-packages/airflow/example_dags/example_branch_python_dop_operator_3.py
[2025-05-02T19:59:12.744+0000] {logging_mixin.py:188} INFO - [2025-05-02T19:59:12.744+0000] {dag.py:3096} INFO - Sync 1 DAGs
[2025-05-02T19:59:12.764+0000] {logging_mixin.py:188} INFO - [2025-05-02T19:59:12.764+0000] {dag.py:3954} INFO - Setting next_dagrun for example_branch_dop_operator_v3 to 2025-05-02 19:58:00+00:00, run_after=2025-05-02 19:59:00+00:00
[2025-05-02T19:59:12.782+0000] {processor.py:183} INFO - Processing /home/airflow/.local/lib/python3.12/site-packages/airflow/example_dags/example_branch_python_dop_operator_3.py took 0.069 seconds
[2025-05-02T19:59:45.817+0000] {processor.py:161} INFO - Started process (PID=2048) to work on /home/airflow/.local/lib/python3.12/site-packages/airflow/example_dags/example_branch_python_dop_operator_3.py
[2025-05-02T19:59:45.818+0000] {processor.py:830} INFO - Processing file /home/airflow/.local/lib/python3.12/site-packages/airflow/example_dags/example_branch_python_dop_operator_3.py for tasks to queue
[2025-05-02T19:59:45.819+0000] {logging_mixin.py:188} INFO - [2025-05-02T19:59:45.819+0000] {dagbag.py:545} INFO - Filling up the DagBag from /home/airflow/.local/lib/python3.12/site-packages/airflow/example_dags/example_branch_python_dop_operator_3.py
[2025-05-02T19:59:45.826+0000] {processor.py:840} INFO - DAG(s) 'example_branch_dop_operator_v3' retrieved from /home/airflow/.local/lib/python3.12/site-packages/airflow/example_dags/example_branch_python_dop_operator_3.py
[2025-05-02T19:59:45.842+0000] {logging_mixin.py:188} INFO - [2025-05-02T19:59:45.841+0000] {dag.py:3096} INFO - Sync 1 DAGs
[2025-05-02T19:59:45.860+0000] {logging_mixin.py:188} INFO - [2025-05-02T19:59:45.860+0000] {dag.py:3954} INFO - Setting next_dagrun for example_branch_dop_operator_v3 to 2025-05-02 19:58:00+00:00, run_after=2025-05-02 19:59:00+00:00
[2025-05-02T19:59:45.875+0000] {processor.py:183} INFO - Processing /home/airflow/.local/lib/python3.12/site-packages/airflow/example_dags/example_branch_python_dop_operator_3.py took 0.063 seconds
[2025-05-02T20:00:18.245+0000] {processor.py:161} INFO - Started process (PID=2108) to work on /home/airflow/.local/lib/python3.12/site-packages/airflow/example_dags/example_branch_python_dop_operator_3.py
[2025-05-02T20:00:18.245+0000] {processor.py:830} INFO - Processing file /home/airflow/.local/lib/python3.12/site-packages/airflow/example_dags/example_branch_python_dop_operator_3.py for tasks to queue
[2025-05-02T20:00:18.246+0000] {logging_mixin.py:188} INFO - [2025-05-02T20:00:18.246+0000] {dagbag.py:545} INFO - Filling up the DagBag from /home/airflow/.local/lib/python3.12/site-packages/airflow/example_dags/example_branch_python_dop_operator_3.py
[2025-05-02T20:00:18.252+0000] {processor.py:840} INFO - DAG(s) 'example_branch_dop_operator_v3' retrieved from /home/airflow/.local/lib/python3.12/site-packages/airflow/example_dags/example_branch_python_dop_operator_3.py
[2025-05-02T20:00:18.266+0000] {logging_mixin.py:188} INFO - [2025-05-02T20:00:18.266+0000] {dag.py:3096} INFO - Sync 1 DAGs
[2025-05-02T20:00:18.287+0000] {logging_mixin.py:188} INFO - [2025-05-02T20:00:18.287+0000] {dag.py:3954} INFO - Setting next_dagrun for example_branch_dop_operator_v3 to 2025-05-02 19:59:00+00:00, run_after=2025-05-02 20:00:00+00:00
[2025-05-02T20:00:18.398+0000] {processor.py:183} INFO - Processing /home/airflow/.local/lib/python3.12/site-packages/airflow/example_dags/example_branch_python_dop_operator_3.py took 0.158 seconds
[2025-05-02T20:00:50.773+0000] {processor.py:161} INFO - Started process (PID=2168) to work on /home/airflow/.local/lib/python3.12/site-packages/airflow/example_dags/example_branch_python_dop_operator_3.py
[2025-05-02T20:00:50.774+0000] {processor.py:830} INFO - Processing file /home/airflow/.local/lib/python3.12/site-packages/airflow/example_dags/example_branch_python_dop_operator_3.py for tasks to queue
[2025-05-02T20:00:50.775+0000] {logging_mixin.py:188} INFO - [2025-05-02T20:00:50.775+0000] {dagbag.py:545} INFO - Filling up the DagBag from /home/airflow/.local/lib/python3.12/site-packages/airflow/example_dags/example_branch_python_dop_operator_3.py
[2025-05-02T20:00:50.781+0000] {processor.py:840} INFO - DAG(s) 'example_branch_dop_operator_v3' retrieved from /home/airflow/.local/lib/python3.12/site-packages/airflow/example_dags/example_branch_python_dop_operator_3.py
[2025-05-02T20:00:50.794+0000] {logging_mixin.py:188} INFO - [2025-05-02T20:00:50.794+0000] {dag.py:3096} INFO - Sync 1 DAGs
[2025-05-02T20:00:50.812+0000] {logging_mixin.py:188} INFO - [2025-05-02T20:00:50.811+0000] {dag.py:3954} INFO - Setting next_dagrun for example_branch_dop_operator_v3 to 2025-05-02 19:59:00+00:00, run_after=2025-05-02 20:00:00+00:00
[2025-05-02T20:00:50.825+0000] {processor.py:183} INFO - Processing /home/airflow/.local/lib/python3.12/site-packages/airflow/example_dags/example_branch_python_dop_operator_3.py took 0.057 seconds
[2025-05-02T20:01:23.762+0000] {processor.py:161} INFO - Started process (PID=2228) to work on /home/airflow/.local/lib/python3.12/site-packages/airflow/example_dags/example_branch_python_dop_operator_3.py
[2025-05-02T20:01:23.763+0000] {processor.py:830} INFO - Processing file /home/airflow/.local/lib/python3.12/site-packages/airflow/example_dags/example_branch_python_dop_operator_3.py for tasks to queue
[2025-05-02T20:01:23.764+0000] {logging_mixin.py:188} INFO - [2025-05-02T20:01:23.764+0000] {dagbag.py:545} INFO - Filling up the DagBag from /home/airflow/.local/lib/python3.12/site-packages/airflow/example_dags/example_branch_python_dop_operator_3.py
[2025-05-02T20:01:23.771+0000] {processor.py:840} INFO - DAG(s) 'example_branch_dop_operator_v3' retrieved from /home/airflow/.local/lib/python3.12/site-packages/airflow/example_dags/example_branch_python_dop_operator_3.py
[2025-05-02T20:01:23.784+0000] {logging_mixin.py:188} INFO - [2025-05-02T20:01:23.784+0000] {dag.py:3096} INFO - Sync 1 DAGs
[2025-05-02T20:01:23.804+0000] {logging_mixin.py:188} INFO - [2025-05-02T20:01:23.804+0000] {dag.py:3954} INFO - Setting next_dagrun for example_branch_dop_operator_v3 to 2025-05-02 20:00:00+00:00, run_after=2025-05-02 20:01:00+00:00
[2025-05-02T20:01:23.819+0000] {processor.py:183} INFO - Processing /home/airflow/.local/lib/python3.12/site-packages/airflow/example_dags/example_branch_python_dop_operator_3.py took 0.061 seconds
[2025-05-02T20:01:55.675+0000] {processor.py:161} INFO - Started process (PID=2288) to work on /home/airflow/.local/lib/python3.12/site-packages/airflow/example_dags/example_branch_python_dop_operator_3.py
[2025-05-02T20:01:55.676+0000] {processor.py:830} INFO - Processing file /home/airflow/.local/lib/python3.12/site-packages/airflow/example_dags/example_branch_python_dop_operator_3.py for tasks to queue
[2025-05-02T20:01:55.677+0000] {logging_mixin.py:188} INFO - [2025-05-02T20:01:55.677+0000] {dagbag.py:545} INFO - Filling up the DagBag from /home/airflow/.local/lib/python3.12/site-packages/airflow/example_dags/example_branch_python_dop_operator_3.py
[2025-05-02T20:01:55.683+0000] {processor.py:840} INFO - DAG(s) 'example_branch_dop_operator_v3' retrieved from /home/airflow/.local/lib/python3.12/site-packages/airflow/example_dags/example_branch_python_dop_operator_3.py
[2025-05-02T20:01:55.697+0000] {logging_mixin.py:188} INFO - [2025-05-02T20:01:55.697+0000] {dag.py:3096} INFO - Sync 1 DAGs
[2025-05-02T20:01:55.815+0000] {logging_mixin.py:188} INFO - [2025-05-02T20:01:55.815+0000] {dag.py:3954} INFO - Setting next_dagrun for example_branch_dop_operator_v3 to 2025-05-02 20:00:00+00:00, run_after=2025-05-02 20:01:00+00:00
[2025-05-02T20:01:55.829+0000] {processor.py:183} INFO - Processing /home/airflow/.local/lib/python3.12/site-packages/airflow/example_dags/example_branch_python_dop_operator_3.py took 0.158 seconds
[2025-05-02T20:02:27.387+0000] {processor.py:161} INFO - Started process (PID=2348) to work on /home/airflow/.local/lib/python3.12/site-packages/airflow/example_dags/example_branch_python_dop_operator_3.py
[2025-05-02T20:02:27.388+0000] {processor.py:830} INFO - Processing file /home/airflow/.local/lib/python3.12/site-packages/airflow/example_dags/example_branch_python_dop_operator_3.py for tasks to queue
[2025-05-02T20:02:27.389+0000] {logging_mixin.py:188} INFO - [2025-05-02T20:02:27.389+0000] {dagbag.py:545} INFO - Filling up the DagBag from /home/airflow/.local/lib/python3.12/site-packages/airflow/example_dags/example_branch_python_dop_operator_3.py
[2025-05-02T20:02:27.394+0000] {processor.py:840} INFO - DAG(s) 'example_branch_dop_operator_v3' retrieved from /home/airflow/.local/lib/python3.12/site-packages/airflow/example_dags/example_branch_python_dop_operator_3.py
[2025-05-02T20:02:27.407+0000] {logging_mixin.py:188} INFO - [2025-05-02T20:02:27.407+0000] {dag.py:3096} INFO - Sync 1 DAGs
[2025-05-02T20:02:27.429+0000] {logging_mixin.py:188} INFO - [2025-05-02T20:02:27.429+0000] {dag.py:3954} INFO - Setting next_dagrun for example_branch_dop_operator_v3 to 2025-05-02 20:01:00+00:00, run_after=2025-05-02 20:02:00+00:00
[2025-05-02T20:02:27.447+0000] {processor.py:183} INFO - Processing /home/airflow/.local/lib/python3.12/site-packages/airflow/example_dags/example_branch_python_dop_operator_3.py took 0.064 seconds
[2025-05-02T20:03:00.644+0000] {processor.py:161} INFO - Started process (PID=2409) to work on /home/airflow/.local/lib/python3.12/site-packages/airflow/example_dags/example_branch_python_dop_operator_3.py
[2025-05-02T20:03:00.645+0000] {processor.py:830} INFO - Processing file /home/airflow/.local/lib/python3.12/site-packages/airflow/example_dags/example_branch_python_dop_operator_3.py for tasks to queue
[2025-05-02T20:03:00.647+0000] {logging_mixin.py:188} INFO - [2025-05-02T20:03:00.646+0000] {dagbag.py:545} INFO - Filling up the DagBag from /home/airflow/.local/lib/python3.12/site-packages/airflow/example_dags/example_branch_python_dop_operator_3.py
[2025-05-02T20:03:00.652+0000] {processor.py:840} INFO - DAG(s) 'example_branch_dop_operator_v3' retrieved from /home/airflow/.local/lib/python3.12/site-packages/airflow/example_dags/example_branch_python_dop_operator_3.py
[2025-05-02T20:03:00.668+0000] {logging_mixin.py:188} INFO - [2025-05-02T20:03:00.668+0000] {dag.py:3096} INFO - Sync 1 DAGs
[2025-05-02T20:03:00.685+0000] {logging_mixin.py:188} INFO - [2025-05-02T20:03:00.685+0000] {dag.py:3954} INFO - Setting next_dagrun for example_branch_dop_operator_v3 to 2025-05-02 20:02:00+00:00, run_after=2025-05-02 20:03:00+00:00
[2025-05-02T20:03:00.698+0000] {processor.py:183} INFO - Processing /home/airflow/.local/lib/python3.12/site-packages/airflow/example_dags/example_branch_python_dop_operator_3.py took 0.058 seconds
[2025-05-02T20:03:34.893+0000] {processor.py:161} INFO - Started process (PID=2469) to work on /home/airflow/.local/lib/python3.12/site-packages/airflow/example_dags/example_branch_python_dop_operator_3.py
[2025-05-02T20:03:34.894+0000] {processor.py:830} INFO - Processing file /home/airflow/.local/lib/python3.12/site-packages/airflow/example_dags/example_branch_python_dop_operator_3.py for tasks to queue
[2025-05-02T20:03:34.896+0000] {logging_mixin.py:188} INFO - [2025-05-02T20:03:34.895+0000] {dagbag.py:545} INFO - Filling up the DagBag from /home/airflow/.local/lib/python3.12/site-packages/airflow/example_dags/example_branch_python_dop_operator_3.py
[2025-05-02T20:03:34.902+0000] {processor.py:840} INFO - DAG(s) 'example_branch_dop_operator_v3' retrieved from /home/airflow/.local/lib/python3.12/site-packages/airflow/example_dags/example_branch_python_dop_operator_3.py
[2025-05-02T20:03:35.043+0000] {logging_mixin.py:188} INFO - [2025-05-02T20:03:35.042+0000] {dag.py:3096} INFO - Sync 1 DAGs
[2025-05-02T20:03:35.058+0000] {logging_mixin.py:188} INFO - [2025-05-02T20:03:35.057+0000] {dag.py:3954} INFO - Setting next_dagrun for example_branch_dop_operator_v3 to 2025-05-02 20:02:00+00:00, run_after=2025-05-02 20:03:00+00:00
[2025-05-02T20:03:35.072+0000] {processor.py:183} INFO - Processing /home/airflow/.local/lib/python3.12/site-packages/airflow/example_dags/example_branch_python_dop_operator_3.py took 0.184 seconds
[2025-05-02T20:04:06.020+0000] {processor.py:161} INFO - Started process (PID=2529) to work on /home/airflow/.local/lib/python3.12/site-packages/airflow/example_dags/example_branch_python_dop_operator_3.py
[2025-05-02T20:04:06.020+0000] {processor.py:830} INFO - Processing file /home/airflow/.local/lib/python3.12/site-packages/airflow/example_dags/example_branch_python_dop_operator_3.py for tasks to queue
[2025-05-02T20:04:06.022+0000] {logging_mixin.py:188} INFO - [2025-05-02T20:04:06.022+0000] {dagbag.py:545} INFO - Filling up the DagBag from /home/airflow/.local/lib/python3.12/site-packages/airflow/example_dags/example_branch_python_dop_operator_3.py
[2025-05-02T20:04:06.028+0000] {processor.py:840} INFO - DAG(s) 'example_branch_dop_operator_v3' retrieved from /home/airflow/.local/lib/python3.12/site-packages/airflow/example_dags/example_branch_python_dop_operator_3.py
[2025-05-02T20:04:06.043+0000] {logging_mixin.py:188} INFO - [2025-05-02T20:04:06.043+0000] {dag.py:3096} INFO - Sync 1 DAGs
[2025-05-02T20:04:06.061+0000] {logging_mixin.py:188} INFO - [2025-05-02T20:04:06.060+0000] {dag.py:3954} INFO - Setting next_dagrun for example_branch_dop_operator_v3 to 2025-05-02 20:03:00+00:00, run_after=2025-05-02 20:04:00+00:00
[2025-05-02T20:04:06.074+0000] {processor.py:183} INFO - Processing /home/airflow/.local/lib/python3.12/site-packages/airflow/example_dags/example_branch_python_dop_operator_3.py took 0.059 seconds
[2025-05-02T20:04:38.309+0000] {processor.py:161} INFO - Started process (PID=2589) to work on /home/airflow/.local/lib/python3.12/site-packages/airflow/example_dags/example_branch_python_dop_operator_3.py
[2025-05-02T20:04:38.310+0000] {processor.py:830} INFO - Processing file /home/airflow/.local/lib/python3.12/site-packages/airflow/example_dags/example_branch_python_dop_operator_3.py for tasks to queue
[2025-05-02T20:04:38.313+0000] {logging_mixin.py:188} INFO - [2025-05-02T20:04:38.312+0000] {dagbag.py:545} INFO - Filling up the DagBag from /home/airflow/.local/lib/python3.12/site-packages/airflow/example_dags/example_branch_python_dop_operator_3.py
[2025-05-02T20:04:38.320+0000] {processor.py:840} INFO - DAG(s) 'example_branch_dop_operator_v3' retrieved from /home/airflow/.local/lib/python3.12/site-packages/airflow/example_dags/example_branch_python_dop_operator_3.py
[2025-05-02T20:04:38.336+0000] {logging_mixin.py:188} INFO - [2025-05-02T20:04:38.336+0000] {dag.py:3096} INFO - Sync 1 DAGs
[2025-05-02T20:04:38.360+0000] {logging_mixin.py:188} INFO - [2025-05-02T20:04:38.360+0000] {dag.py:3954} INFO - Setting next_dagrun for example_branch_dop_operator_v3 to 2025-05-02 20:03:00+00:00, run_after=2025-05-02 20:04:00+00:00
[2025-05-02T20:04:38.377+0000] {processor.py:183} INFO - Processing /home/airflow/.local/lib/python3.12/site-packages/airflow/example_dags/example_branch_python_dop_operator_3.py took 0.074 seconds
[2025-05-02T20:05:10.540+0000] {processor.py:161} INFO - Started process (PID=2649) to work on /home/airflow/.local/lib/python3.12/site-packages/airflow/example_dags/example_branch_python_dop_operator_3.py
[2025-05-02T20:05:10.541+0000] {processor.py:830} INFO - Processing file /home/airflow/.local/lib/python3.12/site-packages/airflow/example_dags/example_branch_python_dop_operator_3.py for tasks to queue
[2025-05-02T20:05:10.542+0000] {logging_mixin.py:188} INFO - [2025-05-02T20:05:10.542+0000] {dagbag.py:545} INFO - Filling up the DagBag from /home/airflow/.local/lib/python3.12/site-packages/airflow/example_dags/example_branch_python_dop_operator_3.py
[2025-05-02T20:05:10.548+0000] {processor.py:840} INFO - DAG(s) 'example_branch_dop_operator_v3' retrieved from /home/airflow/.local/lib/python3.12/site-packages/airflow/example_dags/example_branch_python_dop_operator_3.py
[2025-05-02T20:05:10.562+0000] {logging_mixin.py:188} INFO - [2025-05-02T20:05:10.561+0000] {dag.py:3096} INFO - Sync 1 DAGs
[2025-05-02T20:05:10.579+0000] {logging_mixin.py:188} INFO - [2025-05-02T20:05:10.579+0000] {dag.py:3954} INFO - Setting next_dagrun for example_branch_dop_operator_v3 to 2025-05-02 20:04:00+00:00, run_after=2025-05-02 20:05:00+00:00
[2025-05-02T20:05:10.593+0000] {processor.py:183} INFO - Processing /home/airflow/.local/lib/python3.12/site-packages/airflow/example_dags/example_branch_python_dop_operator_3.py took 0.057 seconds
[2025-05-02T20:05:42.856+0000] {processor.py:161} INFO - Started process (PID=2709) to work on /home/airflow/.local/lib/python3.12/site-packages/airflow/example_dags/example_branch_python_dop_operator_3.py
[2025-05-02T20:05:42.857+0000] {processor.py:830} INFO - Processing file /home/airflow/.local/lib/python3.12/site-packages/airflow/example_dags/example_branch_python_dop_operator_3.py for tasks to queue
[2025-05-02T20:05:42.858+0000] {logging_mixin.py:188} INFO - [2025-05-02T20:05:42.858+0000] {dagbag.py:545} INFO - Filling up the DagBag from /home/airflow/.local/lib/python3.12/site-packages/airflow/example_dags/example_branch_python_dop_operator_3.py
[2025-05-02T20:05:42.864+0000] {processor.py:840} INFO - DAG(s) 'example_branch_dop_operator_v3' retrieved from /home/airflow/.local/lib/python3.12/site-packages/airflow/example_dags/example_branch_python_dop_operator_3.py
[2025-05-02T20:05:42.879+0000] {logging_mixin.py:188} INFO - [2025-05-02T20:05:42.879+0000] {dag.py:3096} INFO - Sync 1 DAGs
[2025-05-02T20:05:42.902+0000] {logging_mixin.py:188} INFO - [2025-05-02T20:05:42.902+0000] {dag.py:3954} INFO - Setting next_dagrun for example_branch_dop_operator_v3 to 2025-05-02 20:04:00+00:00, run_after=2025-05-02 20:05:00+00:00
[2025-05-02T20:05:42.918+0000] {processor.py:183} INFO - Processing /home/airflow/.local/lib/python3.12/site-packages/airflow/example_dags/example_branch_python_dop_operator_3.py took 0.066 seconds
[2025-05-02T20:06:15.895+0000] {processor.py:161} INFO - Started process (PID=2769) to work on /home/airflow/.local/lib/python3.12/site-packages/airflow/example_dags/example_branch_python_dop_operator_3.py
[2025-05-02T20:06:15.896+0000] {processor.py:830} INFO - Processing file /home/airflow/.local/lib/python3.12/site-packages/airflow/example_dags/example_branch_python_dop_operator_3.py for tasks to queue
[2025-05-02T20:06:15.897+0000] {logging_mixin.py:188} INFO - [2025-05-02T20:06:15.897+0000] {dagbag.py:545} INFO - Filling up the DagBag from /home/airflow/.local/lib/python3.12/site-packages/airflow/example_dags/example_branch_python_dop_operator_3.py
[2025-05-02T20:06:15.904+0000] {processor.py:840} INFO - DAG(s) 'example_branch_dop_operator_v3' retrieved from /home/airflow/.local/lib/python3.12/site-packages/airflow/example_dags/example_branch_python_dop_operator_3.py
[2025-05-02T20:06:15.919+0000] {logging_mixin.py:188} INFO - [2025-05-02T20:06:15.919+0000] {dag.py:3096} INFO - Sync 1 DAGs
[2025-05-02T20:06:15.938+0000] {logging_mixin.py:188} INFO - [2025-05-02T20:06:15.938+0000] {dag.py:3954} INFO - Setting next_dagrun for example_branch_dop_operator_v3 to 2025-05-02 20:05:00+00:00, run_after=2025-05-02 20:06:00+00:00
[2025-05-02T20:06:15.952+0000] {processor.py:183} INFO - Processing /home/airflow/.local/lib/python3.12/site-packages/airflow/example_dags/example_branch_python_dop_operator_3.py took 0.061 seconds
[2025-05-02T20:06:47.901+0000] {processor.py:161} INFO - Started process (PID=2829) to work on /home/airflow/.local/lib/python3.12/site-packages/airflow/example_dags/example_branch_python_dop_operator_3.py
[2025-05-02T20:06:47.902+0000] {processor.py:830} INFO - Processing file /home/airflow/.local/lib/python3.12/site-packages/airflow/example_dags/example_branch_python_dop_operator_3.py for tasks to queue
[2025-05-02T20:06:47.903+0000] {logging_mixin.py:188} INFO - [2025-05-02T20:06:47.903+0000] {dagbag.py:545} INFO - Filling up the DagBag from /home/airflow/.local/lib/python3.12/site-packages/airflow/example_dags/example_branch_python_dop_operator_3.py
[2025-05-02T20:06:47.909+0000] {processor.py:840} INFO - DAG(s) 'example_branch_dop_operator_v3' retrieved from /home/airflow/.local/lib/python3.12/site-packages/airflow/example_dags/example_branch_python_dop_operator_3.py
[2025-05-02T20:06:47.922+0000] {logging_mixin.py:188} INFO - [2025-05-02T20:06:47.922+0000] {dag.py:3096} INFO - Sync 1 DAGs
[2025-05-02T20:06:47.944+0000] {logging_mixin.py:188} INFO - [2025-05-02T20:06:47.943+0000] {dag.py:3954} INFO - Setting next_dagrun for example_branch_dop_operator_v3 to 2025-05-02 20:05:00+00:00, run_after=2025-05-02 20:06:00+00:00
[2025-05-02T20:06:47.960+0000] {processor.py:183} INFO - Processing /home/airflow/.local/lib/python3.12/site-packages/airflow/example_dags/example_branch_python_dop_operator_3.py took 0.063 seconds
[2025-05-02T20:07:21.359+0000] {processor.py:161} INFO - Started process (PID=2889) to work on /home/airflow/.local/lib/python3.12/site-packages/airflow/example_dags/example_branch_python_dop_operator_3.py
[2025-05-02T20:07:21.360+0000] {processor.py:830} INFO - Processing file /home/airflow/.local/lib/python3.12/site-packages/airflow/example_dags/example_branch_python_dop_operator_3.py for tasks to queue
[2025-05-02T20:07:21.363+0000] {logging_mixin.py:188} INFO - [2025-05-02T20:07:21.362+0000] {dagbag.py:545} INFO - Filling up the DagBag from /home/airflow/.local/lib/python3.12/site-packages/airflow/example_dags/example_branch_python_dop_operator_3.py
[2025-05-02T20:07:21.370+0000] {processor.py:840} INFO - DAG(s) 'example_branch_dop_operator_v3' retrieved from /home/airflow/.local/lib/python3.12/site-packages/airflow/example_dags/example_branch_python_dop_operator_3.py
[2025-05-02T20:07:21.386+0000] {logging_mixin.py:188} INFO - [2025-05-02T20:07:21.386+0000] {dag.py:3096} INFO - Sync 1 DAGs
[2025-05-02T20:07:21.408+0000] {logging_mixin.py:188} INFO - [2025-05-02T20:07:21.408+0000] {dag.py:3954} INFO - Setting next_dagrun for example_branch_dop_operator_v3 to 2025-05-02 20:06:00+00:00, run_after=2025-05-02 20:07:00+00:00
[2025-05-02T20:07:21.424+0000] {processor.py:183} INFO - Processing /home/airflow/.local/lib/python3.12/site-packages/airflow/example_dags/example_branch_python_dop_operator_3.py took 0.071 seconds
[2025-05-02T20:07:53.615+0000] {processor.py:161} INFO - Started process (PID=2950) to work on /home/airflow/.local/lib/python3.12/site-packages/airflow/example_dags/example_branch_python_dop_operator_3.py
[2025-05-02T20:07:53.616+0000] {processor.py:830} INFO - Processing file /home/airflow/.local/lib/python3.12/site-packages/airflow/example_dags/example_branch_python_dop_operator_3.py for tasks to queue
[2025-05-02T20:07:53.618+0000] {logging_mixin.py:188} INFO - [2025-05-02T20:07:53.617+0000] {dagbag.py:545} INFO - Filling up the DagBag from /home/airflow/.local/lib/python3.12/site-packages/airflow/example_dags/example_branch_python_dop_operator_3.py
[2025-05-02T20:07:53.624+0000] {processor.py:840} INFO - DAG(s) 'example_branch_dop_operator_v3' retrieved from /home/airflow/.local/lib/python3.12/site-packages/airflow/example_dags/example_branch_python_dop_operator_3.py
[2025-05-02T20:07:53.637+0000] {logging_mixin.py:188} INFO - [2025-05-02T20:07:53.637+0000] {dag.py:3096} INFO - Sync 1 DAGs
[2025-05-02T20:07:53.660+0000] {logging_mixin.py:188} INFO - [2025-05-02T20:07:53.659+0000] {dag.py:3954} INFO - Setting next_dagrun for example_branch_dop_operator_v3 to 2025-05-02 20:06:00+00:00, run_after=2025-05-02 20:07:00+00:00
[2025-05-02T20:07:53.674+0000] {processor.py:183} INFO - Processing /home/airflow/.local/lib/python3.12/site-packages/airflow/example_dags/example_branch_python_dop_operator_3.py took 0.063 seconds
[2025-05-02T20:08:25.785+0000] {processor.py:161} INFO - Started process (PID=3010) to work on /home/airflow/.local/lib/python3.12/site-packages/airflow/example_dags/example_branch_python_dop_operator_3.py
[2025-05-02T20:08:25.786+0000] {processor.py:830} INFO - Processing file /home/airflow/.local/lib/python3.12/site-packages/airflow/example_dags/example_branch_python_dop_operator_3.py for tasks to queue
[2025-05-02T20:08:25.787+0000] {logging_mixin.py:188} INFO - [2025-05-02T20:08:25.787+0000] {dagbag.py:545} INFO - Filling up the DagBag from /home/airflow/.local/lib/python3.12/site-packages/airflow/example_dags/example_branch_python_dop_operator_3.py
[2025-05-02T20:08:25.793+0000] {processor.py:840} INFO - DAG(s) 'example_branch_dop_operator_v3' retrieved from /home/airflow/.local/lib/python3.12/site-packages/airflow/example_dags/example_branch_python_dop_operator_3.py
[2025-05-02T20:08:25.806+0000] {logging_mixin.py:188} INFO - [2025-05-02T20:08:25.806+0000] {dag.py:3096} INFO - Sync 1 DAGs
[2025-05-02T20:08:25.821+0000] {logging_mixin.py:188} INFO - [2025-05-02T20:08:25.821+0000] {dag.py:3954} INFO - Setting next_dagrun for example_branch_dop_operator_v3 to 2025-05-02 20:07:00+00:00, run_after=2025-05-02 20:08:00+00:00
[2025-05-02T20:08:25.834+0000] {processor.py:183} INFO - Processing /home/airflow/.local/lib/python3.12/site-packages/airflow/example_dags/example_branch_python_dop_operator_3.py took 0.053 seconds
[2025-05-02T20:08:59.300+0000] {processor.py:161} INFO - Started process (PID=3070) to work on /home/airflow/.local/lib/python3.12/site-packages/airflow/example_dags/example_branch_python_dop_operator_3.py
[2025-05-02T20:08:59.301+0000] {processor.py:830} INFO - Processing file /home/airflow/.local/lib/python3.12/site-packages/airflow/example_dags/example_branch_python_dop_operator_3.py for tasks to queue
[2025-05-02T20:08:59.303+0000] {logging_mixin.py:188} INFO - [2025-05-02T20:08:59.302+0000] {dagbag.py:545} INFO - Filling up the DagBag from /home/airflow/.local/lib/python3.12/site-packages/airflow/example_dags/example_branch_python_dop_operator_3.py
[2025-05-02T20:08:59.311+0000] {processor.py:840} INFO - DAG(s) 'example_branch_dop_operator_v3' retrieved from /home/airflow/.local/lib/python3.12/site-packages/airflow/example_dags/example_branch_python_dop_operator_3.py
[2025-05-02T20:08:59.333+0000] {logging_mixin.py:188} INFO - [2025-05-02T20:08:59.333+0000] {dag.py:3096} INFO - Sync 1 DAGs
[2025-05-02T20:08:59.351+0000] {logging_mixin.py:188} INFO - [2025-05-02T20:08:59.351+0000] {dag.py:3954} INFO - Setting next_dagrun for example_branch_dop_operator_v3 to 2025-05-02 20:07:00+00:00, run_after=2025-05-02 20:08:00+00:00
[2025-05-02T20:08:59.365+0000] {processor.py:183} INFO - Processing /home/airflow/.local/lib/python3.12/site-packages/airflow/example_dags/example_branch_python_dop_operator_3.py took 0.070 seconds
[2025-05-02T20:09:31.964+0000] {processor.py:161} INFO - Started process (PID=3130) to work on /home/airflow/.local/lib/python3.12/site-packages/airflow/example_dags/example_branch_python_dop_operator_3.py
[2025-05-02T20:09:31.965+0000] {processor.py:830} INFO - Processing file /home/airflow/.local/lib/python3.12/site-packages/airflow/example_dags/example_branch_python_dop_operator_3.py for tasks to queue
[2025-05-02T20:09:31.966+0000] {logging_mixin.py:188} INFO - [2025-05-02T20:09:31.966+0000] {dagbag.py:545} INFO - Filling up the DagBag from /home/airflow/.local/lib/python3.12/site-packages/airflow/example_dags/example_branch_python_dop_operator_3.py
[2025-05-02T20:09:31.972+0000] {processor.py:840} INFO - DAG(s) 'example_branch_dop_operator_v3' retrieved from /home/airflow/.local/lib/python3.12/site-packages/airflow/example_dags/example_branch_python_dop_operator_3.py
[2025-05-02T20:09:31.990+0000] {logging_mixin.py:188} INFO - [2025-05-02T20:09:31.989+0000] {dag.py:3096} INFO - Sync 1 DAGs
[2025-05-02T20:09:32.010+0000] {logging_mixin.py:188} INFO - [2025-05-02T20:09:32.010+0000] {dag.py:3954} INFO - Setting next_dagrun for example_branch_dop_operator_v3 to 2025-05-02 20:08:00+00:00, run_after=2025-05-02 20:09:00+00:00
[2025-05-02T20:09:32.027+0000] {processor.py:183} INFO - Processing /home/airflow/.local/lib/python3.12/site-packages/airflow/example_dags/example_branch_python_dop_operator_3.py took 0.068 seconds
[2025-05-02T20:10:04.030+0000] {processor.py:161} INFO - Started process (PID=3190) to work on /home/airflow/.local/lib/python3.12/site-packages/airflow/example_dags/example_branch_python_dop_operator_3.py
[2025-05-02T20:10:04.031+0000] {processor.py:830} INFO - Processing file /home/airflow/.local/lib/python3.12/site-packages/airflow/example_dags/example_branch_python_dop_operator_3.py for tasks to queue
[2025-05-02T20:10:04.032+0000] {logging_mixin.py:188} INFO - [2025-05-02T20:10:04.032+0000] {dagbag.py:545} INFO - Filling up the DagBag from /home/airflow/.local/lib/python3.12/site-packages/airflow/example_dags/example_branch_python_dop_operator_3.py
[2025-05-02T20:10:04.037+0000] {processor.py:840} INFO - DAG(s) 'example_branch_dop_operator_v3' retrieved from /home/airflow/.local/lib/python3.12/site-packages/airflow/example_dags/example_branch_python_dop_operator_3.py
[2025-05-02T20:10:04.050+0000] {logging_mixin.py:188} INFO - [2025-05-02T20:10:04.050+0000] {dag.py:3096} INFO - Sync 1 DAGs
[2025-05-02T20:10:04.069+0000] {logging_mixin.py:188} INFO - [2025-05-02T20:10:04.068+0000] {dag.py:3954} INFO - Setting next_dagrun for example_branch_dop_operator_v3 to 2025-05-02 20:09:00+00:00, run_after=2025-05-02 20:10:00+00:00
[2025-05-02T20:10:04.083+0000] {processor.py:183} INFO - Processing /home/airflow/.local/lib/python3.12/site-packages/airflow/example_dags/example_branch_python_dop_operator_3.py took 0.057 seconds
[2025-05-02T20:10:35.962+0000] {processor.py:161} INFO - Started process (PID=3250) to work on /home/airflow/.local/lib/python3.12/site-packages/airflow/example_dags/example_branch_python_dop_operator_3.py
[2025-05-02T20:10:35.963+0000] {processor.py:830} INFO - Processing file /home/airflow/.local/lib/python3.12/site-packages/airflow/example_dags/example_branch_python_dop_operator_3.py for tasks to queue
[2025-05-02T20:10:35.965+0000] {logging_mixin.py:188} INFO - [2025-05-02T20:10:35.965+0000] {dagbag.py:545} INFO - Filling up the DagBag from /home/airflow/.local/lib/python3.12/site-packages/airflow/example_dags/example_branch_python_dop_operator_3.py
[2025-05-02T20:10:35.973+0000] {processor.py:840} INFO - DAG(s) 'example_branch_dop_operator_v3' retrieved from /home/airflow/.local/lib/python3.12/site-packages/airflow/example_dags/example_branch_python_dop_operator_3.py
[2025-05-02T20:10:35.987+0000] {logging_mixin.py:188} INFO - [2025-05-02T20:10:35.987+0000] {dag.py:3096} INFO - Sync 1 DAGs
[2025-05-02T20:10:36.006+0000] {logging_mixin.py:188} INFO - [2025-05-02T20:10:36.006+0000] {dag.py:3954} INFO - Setting next_dagrun for example_branch_dop_operator_v3 to 2025-05-02 20:09:00+00:00, run_after=2025-05-02 20:10:00+00:00
[2025-05-02T20:10:36.021+0000] {processor.py:183} INFO - Processing /home/airflow/.local/lib/python3.12/site-packages/airflow/example_dags/example_branch_python_dop_operator_3.py took 0.065 seconds
[2025-05-02T20:11:09.199+0000] {processor.py:161} INFO - Started process (PID=3310) to work on /home/airflow/.local/lib/python3.12/site-packages/airflow/example_dags/example_branch_python_dop_operator_3.py
[2025-05-02T20:11:09.199+0000] {processor.py:830} INFO - Processing file /home/airflow/.local/lib/python3.12/site-packages/airflow/example_dags/example_branch_python_dop_operator_3.py for tasks to queue
[2025-05-02T20:11:09.201+0000] {logging_mixin.py:188} INFO - [2025-05-02T20:11:09.200+0000] {dagbag.py:545} INFO - Filling up the DagBag from /home/airflow/.local/lib/python3.12/site-packages/airflow/example_dags/example_branch_python_dop_operator_3.py
[2025-05-02T20:11:09.206+0000] {processor.py:840} INFO - DAG(s) 'example_branch_dop_operator_v3' retrieved from /home/airflow/.local/lib/python3.12/site-packages/airflow/example_dags/example_branch_python_dop_operator_3.py
[2025-05-02T20:11:09.218+0000] {logging_mixin.py:188} INFO - [2025-05-02T20:11:09.218+0000] {dag.py:3096} INFO - Sync 1 DAGs
[2025-05-02T20:11:09.234+0000] {logging_mixin.py:188} INFO - [2025-05-02T20:11:09.234+0000] {dag.py:3954} INFO - Setting next_dagrun for example_branch_dop_operator_v3 to 2025-05-02 20:10:00+00:00, run_after=2025-05-02 20:11:00+00:00
[2025-05-02T20:11:09.247+0000] {processor.py:183} INFO - Processing /home/airflow/.local/lib/python3.12/site-packages/airflow/example_dags/example_branch_python_dop_operator_3.py took 0.052 seconds
[2025-05-02T20:11:41.283+0000] {processor.py:161} INFO - Started process (PID=3370) to work on /home/airflow/.local/lib/python3.12/site-packages/airflow/example_dags/example_branch_python_dop_operator_3.py
[2025-05-02T20:11:41.284+0000] {processor.py:830} INFO - Processing file /home/airflow/.local/lib/python3.12/site-packages/airflow/example_dags/example_branch_python_dop_operator_3.py for tasks to queue
[2025-05-02T20:11:41.286+0000] {logging_mixin.py:188} INFO - [2025-05-02T20:11:41.285+0000] {dagbag.py:545} INFO - Filling up the DagBag from /home/airflow/.local/lib/python3.12/site-packages/airflow/example_dags/example_branch_python_dop_operator_3.py
[2025-05-02T20:11:41.292+0000] {processor.py:840} INFO - DAG(s) 'example_branch_dop_operator_v3' retrieved from /home/airflow/.local/lib/python3.12/site-packages/airflow/example_dags/example_branch_python_dop_operator_3.py
[2025-05-02T20:11:41.306+0000] {logging_mixin.py:188} INFO - [2025-05-02T20:11:41.306+0000] {dag.py:3096} INFO - Sync 1 DAGs
[2025-05-02T20:11:41.323+0000] {logging_mixin.py:188} INFO - [2025-05-02T20:11:41.323+0000] {dag.py:3954} INFO - Setting next_dagrun for example_branch_dop_operator_v3 to 2025-05-02 20:10:00+00:00, run_after=2025-05-02 20:11:00+00:00
[2025-05-02T20:11:41.338+0000] {processor.py:183} INFO - Processing /home/airflow/.local/lib/python3.12/site-packages/airflow/example_dags/example_branch_python_dop_operator_3.py took 0.059 seconds
[2025-05-02T20:12:14.540+0000] {processor.py:161} INFO - Started process (PID=3430) to work on /home/airflow/.local/lib/python3.12/site-packages/airflow/example_dags/example_branch_python_dop_operator_3.py
[2025-05-02T20:12:14.541+0000] {processor.py:830} INFO - Processing file /home/airflow/.local/lib/python3.12/site-packages/airflow/example_dags/example_branch_python_dop_operator_3.py for tasks to queue
[2025-05-02T20:12:14.542+0000] {logging_mixin.py:188} INFO - [2025-05-02T20:12:14.542+0000] {dagbag.py:545} INFO - Filling up the DagBag from /home/airflow/.local/lib/python3.12/site-packages/airflow/example_dags/example_branch_python_dop_operator_3.py
[2025-05-02T20:12:14.549+0000] {processor.py:840} INFO - DAG(s) 'example_branch_dop_operator_v3' retrieved from /home/airflow/.local/lib/python3.12/site-packages/airflow/example_dags/example_branch_python_dop_operator_3.py
[2025-05-02T20:12:14.562+0000] {logging_mixin.py:188} INFO - [2025-05-02T20:12:14.562+0000] {dag.py:3096} INFO - Sync 1 DAGs
[2025-05-02T20:12:14.581+0000] {logging_mixin.py:188} INFO - [2025-05-02T20:12:14.581+0000] {dag.py:3954} INFO - Setting next_dagrun for example_branch_dop_operator_v3 to 2025-05-02 20:11:00+00:00, run_after=2025-05-02 20:12:00+00:00
[2025-05-02T20:12:14.595+0000] {processor.py:183} INFO - Processing /home/airflow/.local/lib/python3.12/site-packages/airflow/example_dags/example_branch_python_dop_operator_3.py took 0.059 seconds
[2025-05-02T20:12:46.586+0000] {processor.py:161} INFO - Started process (PID=3490) to work on /home/airflow/.local/lib/python3.12/site-packages/airflow/example_dags/example_branch_python_dop_operator_3.py
[2025-05-02T20:12:46.586+0000] {processor.py:830} INFO - Processing file /home/airflow/.local/lib/python3.12/site-packages/airflow/example_dags/example_branch_python_dop_operator_3.py for tasks to queue
[2025-05-02T20:12:46.588+0000] {logging_mixin.py:188} INFO - [2025-05-02T20:12:46.587+0000] {dagbag.py:545} INFO - Filling up the DagBag from /home/airflow/.local/lib/python3.12/site-packages/airflow/example_dags/example_branch_python_dop_operator_3.py
[2025-05-02T20:12:46.594+0000] {processor.py:840} INFO - DAG(s) 'example_branch_dop_operator_v3' retrieved from /home/airflow/.local/lib/python3.12/site-packages/airflow/example_dags/example_branch_python_dop_operator_3.py
[2025-05-02T20:12:46.609+0000] {logging_mixin.py:188} INFO - [2025-05-02T20:12:46.609+0000] {dag.py:3096} INFO - Sync 1 DAGs
[2025-05-02T20:12:46.627+0000] {logging_mixin.py:188} INFO - [2025-05-02T20:12:46.627+0000] {dag.py:3954} INFO - Setting next_dagrun for example_branch_dop_operator_v3 to 2025-05-02 20:11:00+00:00, run_after=2025-05-02 20:12:00+00:00
[2025-05-02T20:12:46.641+0000] {processor.py:183} INFO - Processing /home/airflow/.local/lib/python3.12/site-packages/airflow/example_dags/example_branch_python_dop_operator_3.py took 0.060 seconds
