[2025-05-02T19:42:22.895+0000] {processor.py:161} INFO - Started process (PID=76) to work on /home/airflow/.local/lib/python3.12/site-packages/airflow/example_dags/tutorial.py
[2025-05-02T19:42:22.896+0000] {processor.py:830} INFO - Processing file /home/airflow/.local/lib/python3.12/site-packages/airflow/example_dags/tutorial.py for tasks to queue
[2025-05-02T19:42:22.898+0000] {logging_mixin.py:188} INFO - [2025-05-02T19:42:22.897+0000] {dagbag.py:545} INFO - Filling up the DagBag from /home/airflow/.local/lib/python3.12/site-packages/airflow/example_dags/tutorial.py
[2025-05-02T19:42:22.903+0000] {processor.py:840} INFO - DAG(s) 'tutorial' retrieved from /home/airflow/.local/lib/python3.12/site-packages/airflow/example_dags/tutorial.py
[2025-05-02T19:42:22.985+0000] {logging_mixin.py:188} INFO - [2025-05-02T19:42:22.985+0000] {override.py:1829} INFO - Created Permission View: can edit on DAG:tutorial
[2025-05-02T19:42:22.993+0000] {logging_mixin.py:188} INFO - [2025-05-02T19:42:22.992+0000] {override.py:1829} INFO - Created Permission View: can read on DAG:tutorial
[2025-05-02T19:42:22.999+0000] {logging_mixin.py:188} INFO - [2025-05-02T19:42:22.999+0000] {override.py:1829} INFO - Created Permission View: can delete on DAG:tutorial
[2025-05-02T19:42:23.000+0000] {logging_mixin.py:188} INFO - [2025-05-02T19:42:23.000+0000] {dag.py:3096} INFO - Sync 1 DAGs
[2025-05-02T19:42:23.010+0000] {logging_mixin.py:188} INFO - [2025-05-02T19:42:23.010+0000] {dag.py:3118} INFO - Creating ORM DAG for tutorial
[2025-05-02T19:42:23.019+0000] {logging_mixin.py:188} INFO - [2025-05-02T19:42:23.019+0000] {dag.py:3954} INFO - Setting next_dagrun for tutorial to 2025-05-01 00:00:00+00:00, run_after=2025-05-02 00:00:00+00:00
[2025-05-02T19:42:23.035+0000] {processor.py:183} INFO - Processing /home/airflow/.local/lib/python3.12/site-packages/airflow/example_dags/tutorial.py took 0.145 seconds
[2025-05-02T19:42:53.933+0000] {processor.py:161} INFO - Started process (PID=136) to work on /home/airflow/.local/lib/python3.12/site-packages/airflow/example_dags/tutorial.py
[2025-05-02T19:42:53.934+0000] {processor.py:830} INFO - Processing file /home/airflow/.local/lib/python3.12/site-packages/airflow/example_dags/tutorial.py for tasks to queue
[2025-05-02T19:42:53.935+0000] {logging_mixin.py:188} INFO - [2025-05-02T19:42:53.935+0000] {dagbag.py:545} INFO - Filling up the DagBag from /home/airflow/.local/lib/python3.12/site-packages/airflow/example_dags/tutorial.py
[2025-05-02T19:42:53.939+0000] {processor.py:840} INFO - DAG(s) 'tutorial' retrieved from /home/airflow/.local/lib/python3.12/site-packages/airflow/example_dags/tutorial.py
[2025-05-02T19:42:53.956+0000] {logging_mixin.py:188} INFO - [2025-05-02T19:42:53.956+0000] {dag.py:3096} INFO - Sync 1 DAGs
[2025-05-02T19:42:53.973+0000] {logging_mixin.py:188} INFO - [2025-05-02T19:42:53.972+0000] {dag.py:3954} INFO - Setting next_dagrun for tutorial to 2025-05-01 00:00:00+00:00, run_after=2025-05-02 00:00:00+00:00
[2025-05-02T19:42:53.987+0000] {processor.py:183} INFO - Processing /home/airflow/.local/lib/python3.12/site-packages/airflow/example_dags/tutorial.py took 0.058 seconds
[2025-05-02T19:43:24.249+0000] {processor.py:161} INFO - Started process (PID=196) to work on /home/airflow/.local/lib/python3.12/site-packages/airflow/example_dags/tutorial.py
[2025-05-02T19:43:24.250+0000] {processor.py:830} INFO - Processing file /home/airflow/.local/lib/python3.12/site-packages/airflow/example_dags/tutorial.py for tasks to queue
[2025-05-02T19:43:24.251+0000] {logging_mixin.py:188} INFO - [2025-05-02T19:43:24.251+0000] {dagbag.py:545} INFO - Filling up the DagBag from /home/airflow/.local/lib/python3.12/site-packages/airflow/example_dags/tutorial.py
[2025-05-02T19:43:24.256+0000] {processor.py:840} INFO - DAG(s) 'tutorial' retrieved from /home/airflow/.local/lib/python3.12/site-packages/airflow/example_dags/tutorial.py
[2025-05-02T19:43:24.274+0000] {logging_mixin.py:188} INFO - [2025-05-02T19:43:24.274+0000] {dag.py:3096} INFO - Sync 1 DAGs
[2025-05-02T19:43:24.297+0000] {logging_mixin.py:188} INFO - [2025-05-02T19:43:24.297+0000] {dag.py:3954} INFO - Setting next_dagrun for tutorial to 2025-05-01 00:00:00+00:00, run_after=2025-05-02 00:00:00+00:00
[2025-05-02T19:43:24.315+0000] {processor.py:183} INFO - Processing /home/airflow/.local/lib/python3.12/site-packages/airflow/example_dags/tutorial.py took 0.071 seconds
[2025-05-02T19:43:54.999+0000] {processor.py:161} INFO - Started process (PID=256) to work on /home/airflow/.local/lib/python3.12/site-packages/airflow/example_dags/tutorial.py
[2025-05-02T19:43:55.000+0000] {processor.py:830} INFO - Processing file /home/airflow/.local/lib/python3.12/site-packages/airflow/example_dags/tutorial.py for tasks to queue
[2025-05-02T19:43:55.001+0000] {logging_mixin.py:188} INFO - [2025-05-02T19:43:55.001+0000] {dagbag.py:545} INFO - Filling up the DagBag from /home/airflow/.local/lib/python3.12/site-packages/airflow/example_dags/tutorial.py
[2025-05-02T19:43:55.006+0000] {processor.py:840} INFO - DAG(s) 'tutorial' retrieved from /home/airflow/.local/lib/python3.12/site-packages/airflow/example_dags/tutorial.py
[2025-05-02T19:43:55.021+0000] {logging_mixin.py:188} INFO - [2025-05-02T19:43:55.020+0000] {dag.py:3096} INFO - Sync 1 DAGs
[2025-05-02T19:43:55.040+0000] {logging_mixin.py:188} INFO - [2025-05-02T19:43:55.040+0000] {dag.py:3954} INFO - Setting next_dagrun for tutorial to 2025-05-01 00:00:00+00:00, run_after=2025-05-02 00:00:00+00:00
[2025-05-02T19:43:55.055+0000] {processor.py:183} INFO - Processing /home/airflow/.local/lib/python3.12/site-packages/airflow/example_dags/tutorial.py took 0.060 seconds
[2025-05-02T19:44:25.941+0000] {processor.py:161} INFO - Started process (PID=316) to work on /home/airflow/.local/lib/python3.12/site-packages/airflow/example_dags/tutorial.py
[2025-05-02T19:44:25.941+0000] {processor.py:830} INFO - Processing file /home/airflow/.local/lib/python3.12/site-packages/airflow/example_dags/tutorial.py for tasks to queue
[2025-05-02T19:44:25.943+0000] {logging_mixin.py:188} INFO - [2025-05-02T19:44:25.943+0000] {dagbag.py:545} INFO - Filling up the DagBag from /home/airflow/.local/lib/python3.12/site-packages/airflow/example_dags/tutorial.py
[2025-05-02T19:44:25.947+0000] {processor.py:840} INFO - DAG(s) 'tutorial' retrieved from /home/airflow/.local/lib/python3.12/site-packages/airflow/example_dags/tutorial.py
[2025-05-02T19:44:25.963+0000] {logging_mixin.py:188} INFO - [2025-05-02T19:44:25.963+0000] {dag.py:3096} INFO - Sync 1 DAGs
[2025-05-02T19:44:25.982+0000] {logging_mixin.py:188} INFO - [2025-05-02T19:44:25.982+0000] {dag.py:3954} INFO - Setting next_dagrun for tutorial to 2025-05-01 00:00:00+00:00, run_after=2025-05-02 00:00:00+00:00
[2025-05-02T19:44:25.997+0000] {processor.py:183} INFO - Processing /home/airflow/.local/lib/python3.12/site-packages/airflow/example_dags/tutorial.py took 0.061 seconds
[2025-05-02T19:44:56.052+0000] {processor.py:161} INFO - Started process (PID=376) to work on /home/airflow/.local/lib/python3.12/site-packages/airflow/example_dags/tutorial.py
[2025-05-02T19:44:56.053+0000] {processor.py:830} INFO - Processing file /home/airflow/.local/lib/python3.12/site-packages/airflow/example_dags/tutorial.py for tasks to queue
[2025-05-02T19:44:56.054+0000] {logging_mixin.py:188} INFO - [2025-05-02T19:44:56.054+0000] {dagbag.py:545} INFO - Filling up the DagBag from /home/airflow/.local/lib/python3.12/site-packages/airflow/example_dags/tutorial.py
[2025-05-02T19:44:56.060+0000] {processor.py:840} INFO - DAG(s) 'tutorial' retrieved from /home/airflow/.local/lib/python3.12/site-packages/airflow/example_dags/tutorial.py
[2025-05-02T19:44:56.076+0000] {logging_mixin.py:188} INFO - [2025-05-02T19:44:56.076+0000] {dag.py:3096} INFO - Sync 1 DAGs
[2025-05-02T19:44:56.096+0000] {logging_mixin.py:188} INFO - [2025-05-02T19:44:56.096+0000] {dag.py:3954} INFO - Setting next_dagrun for tutorial to 2025-05-01 00:00:00+00:00, run_after=2025-05-02 00:00:00+00:00
[2025-05-02T19:44:56.113+0000] {processor.py:183} INFO - Processing /home/airflow/.local/lib/python3.12/site-packages/airflow/example_dags/tutorial.py took 0.066 seconds
[2025-05-02T19:45:26.173+0000] {processor.py:161} INFO - Started process (PID=436) to work on /home/airflow/.local/lib/python3.12/site-packages/airflow/example_dags/tutorial.py
[2025-05-02T19:45:26.174+0000] {processor.py:830} INFO - Processing file /home/airflow/.local/lib/python3.12/site-packages/airflow/example_dags/tutorial.py for tasks to queue
[2025-05-02T19:45:26.176+0000] {logging_mixin.py:188} INFO - [2025-05-02T19:45:26.176+0000] {dagbag.py:545} INFO - Filling up the DagBag from /home/airflow/.local/lib/python3.12/site-packages/airflow/example_dags/tutorial.py
[2025-05-02T19:45:26.182+0000] {processor.py:840} INFO - DAG(s) 'tutorial' retrieved from /home/airflow/.local/lib/python3.12/site-packages/airflow/example_dags/tutorial.py
[2025-05-02T19:45:26.201+0000] {logging_mixin.py:188} INFO - [2025-05-02T19:45:26.200+0000] {dag.py:3096} INFO - Sync 1 DAGs
[2025-05-02T19:45:26.221+0000] {logging_mixin.py:188} INFO - [2025-05-02T19:45:26.221+0000] {dag.py:3954} INFO - Setting next_dagrun for tutorial to 2025-05-01 00:00:00+00:00, run_after=2025-05-02 00:00:00+00:00
[2025-05-02T19:45:26.236+0000] {processor.py:183} INFO - Processing /home/airflow/.local/lib/python3.12/site-packages/airflow/example_dags/tutorial.py took 0.069 seconds
[2025-05-02T19:45:56.789+0000] {processor.py:161} INFO - Started process (PID=496) to work on /home/airflow/.local/lib/python3.12/site-packages/airflow/example_dags/tutorial.py
[2025-05-02T19:45:56.790+0000] {processor.py:830} INFO - Processing file /home/airflow/.local/lib/python3.12/site-packages/airflow/example_dags/tutorial.py for tasks to queue
[2025-05-02T19:45:56.791+0000] {logging_mixin.py:188} INFO - [2025-05-02T19:45:56.791+0000] {dagbag.py:545} INFO - Filling up the DagBag from /home/airflow/.local/lib/python3.12/site-packages/airflow/example_dags/tutorial.py
[2025-05-02T19:45:56.796+0000] {processor.py:840} INFO - DAG(s) 'tutorial' retrieved from /home/airflow/.local/lib/python3.12/site-packages/airflow/example_dags/tutorial.py
[2025-05-02T19:45:56.812+0000] {logging_mixin.py:188} INFO - [2025-05-02T19:45:56.812+0000] {dag.py:3096} INFO - Sync 1 DAGs
[2025-05-02T19:45:56.830+0000] {logging_mixin.py:188} INFO - [2025-05-02T19:45:56.830+0000] {dag.py:3954} INFO - Setting next_dagrun for tutorial to 2025-05-01 00:00:00+00:00, run_after=2025-05-02 00:00:00+00:00
[2025-05-02T19:45:56.847+0000] {processor.py:183} INFO - Processing /home/airflow/.local/lib/python3.12/site-packages/airflow/example_dags/tutorial.py took 0.063 seconds
[2025-05-02T19:46:27.786+0000] {processor.py:161} INFO - Started process (PID=556) to work on /home/airflow/.local/lib/python3.12/site-packages/airflow/example_dags/tutorial.py
[2025-05-02T19:46:27.787+0000] {processor.py:830} INFO - Processing file /home/airflow/.local/lib/python3.12/site-packages/airflow/example_dags/tutorial.py for tasks to queue
[2025-05-02T19:46:27.789+0000] {logging_mixin.py:188} INFO - [2025-05-02T19:46:27.788+0000] {dagbag.py:545} INFO - Filling up the DagBag from /home/airflow/.local/lib/python3.12/site-packages/airflow/example_dags/tutorial.py
[2025-05-02T19:46:27.793+0000] {processor.py:840} INFO - DAG(s) 'tutorial' retrieved from /home/airflow/.local/lib/python3.12/site-packages/airflow/example_dags/tutorial.py
[2025-05-02T19:46:27.810+0000] {logging_mixin.py:188} INFO - [2025-05-02T19:46:27.810+0000] {dag.py:3096} INFO - Sync 1 DAGs
[2025-05-02T19:46:27.834+0000] {logging_mixin.py:188} INFO - [2025-05-02T19:46:27.833+0000] {dag.py:3954} INFO - Setting next_dagrun for tutorial to 2025-05-01 00:00:00+00:00, run_after=2025-05-02 00:00:00+00:00
[2025-05-02T19:46:27.851+0000] {processor.py:183} INFO - Processing /home/airflow/.local/lib/python3.12/site-packages/airflow/example_dags/tutorial.py took 0.069 seconds
[2025-05-02T19:46:58.186+0000] {processor.py:161} INFO - Started process (PID=616) to work on /home/airflow/.local/lib/python3.12/site-packages/airflow/example_dags/tutorial.py
[2025-05-02T19:46:58.187+0000] {processor.py:830} INFO - Processing file /home/airflow/.local/lib/python3.12/site-packages/airflow/example_dags/tutorial.py for tasks to queue
[2025-05-02T19:46:58.189+0000] {logging_mixin.py:188} INFO - [2025-05-02T19:46:58.189+0000] {dagbag.py:545} INFO - Filling up the DagBag from /home/airflow/.local/lib/python3.12/site-packages/airflow/example_dags/tutorial.py
[2025-05-02T19:46:58.197+0000] {processor.py:840} INFO - DAG(s) 'tutorial' retrieved from /home/airflow/.local/lib/python3.12/site-packages/airflow/example_dags/tutorial.py
[2025-05-02T19:46:58.219+0000] {logging_mixin.py:188} INFO - [2025-05-02T19:46:58.218+0000] {dag.py:3096} INFO - Sync 1 DAGs
[2025-05-02T19:46:58.245+0000] {logging_mixin.py:188} INFO - [2025-05-02T19:46:58.245+0000] {dag.py:3954} INFO - Setting next_dagrun for tutorial to 2025-05-01 00:00:00+00:00, run_after=2025-05-02 00:00:00+00:00
[2025-05-02T19:46:58.269+0000] {processor.py:183} INFO - Processing /home/airflow/.local/lib/python3.12/site-packages/airflow/example_dags/tutorial.py took 0.088 seconds
[2025-05-02T19:47:28.558+0000] {processor.py:161} INFO - Started process (PID=676) to work on /home/airflow/.local/lib/python3.12/site-packages/airflow/example_dags/tutorial.py
[2025-05-02T19:47:28.559+0000] {processor.py:830} INFO - Processing file /home/airflow/.local/lib/python3.12/site-packages/airflow/example_dags/tutorial.py for tasks to queue
[2025-05-02T19:47:28.561+0000] {logging_mixin.py:188} INFO - [2025-05-02T19:47:28.561+0000] {dagbag.py:545} INFO - Filling up the DagBag from /home/airflow/.local/lib/python3.12/site-packages/airflow/example_dags/tutorial.py
[2025-05-02T19:47:28.566+0000] {processor.py:840} INFO - DAG(s) 'tutorial' retrieved from /home/airflow/.local/lib/python3.12/site-packages/airflow/example_dags/tutorial.py
[2025-05-02T19:47:28.584+0000] {logging_mixin.py:188} INFO - [2025-05-02T19:47:28.584+0000] {dag.py:3096} INFO - Sync 1 DAGs
[2025-05-02T19:47:28.614+0000] {logging_mixin.py:188} INFO - [2025-05-02T19:47:28.614+0000] {dag.py:3954} INFO - Setting next_dagrun for tutorial to 2025-05-01 00:00:00+00:00, run_after=2025-05-02 00:00:00+00:00
[2025-05-02T19:47:28.635+0000] {processor.py:183} INFO - Processing /home/airflow/.local/lib/python3.12/site-packages/airflow/example_dags/tutorial.py took 0.082 seconds
[2025-05-02T19:47:59.033+0000] {processor.py:161} INFO - Started process (PID=736) to work on /home/airflow/.local/lib/python3.12/site-packages/airflow/example_dags/tutorial.py
[2025-05-02T19:47:59.034+0000] {processor.py:830} INFO - Processing file /home/airflow/.local/lib/python3.12/site-packages/airflow/example_dags/tutorial.py for tasks to queue
[2025-05-02T19:47:59.035+0000] {logging_mixin.py:188} INFO - [2025-05-02T19:47:59.035+0000] {dagbag.py:545} INFO - Filling up the DagBag from /home/airflow/.local/lib/python3.12/site-packages/airflow/example_dags/tutorial.py
[2025-05-02T19:47:59.041+0000] {processor.py:840} INFO - DAG(s) 'tutorial' retrieved from /home/airflow/.local/lib/python3.12/site-packages/airflow/example_dags/tutorial.py
[2025-05-02T19:47:59.055+0000] {logging_mixin.py:188} INFO - [2025-05-02T19:47:59.055+0000] {dag.py:3096} INFO - Sync 1 DAGs
[2025-05-02T19:47:59.073+0000] {logging_mixin.py:188} INFO - [2025-05-02T19:47:59.073+0000] {dag.py:3954} INFO - Setting next_dagrun for tutorial to 2025-05-01 00:00:00+00:00, run_after=2025-05-02 00:00:00+00:00
[2025-05-02T19:47:59.099+0000] {processor.py:183} INFO - Processing /home/airflow/.local/lib/python3.12/site-packages/airflow/example_dags/tutorial.py took 0.070 seconds
[2025-05-02T19:48:29.288+0000] {processor.py:161} INFO - Started process (PID=790) to work on /home/airflow/.local/lib/python3.12/site-packages/airflow/example_dags/tutorial.py
[2025-05-02T19:48:29.289+0000] {processor.py:830} INFO - Processing file /home/airflow/.local/lib/python3.12/site-packages/airflow/example_dags/tutorial.py for tasks to queue
[2025-05-02T19:48:29.290+0000] {logging_mixin.py:188} INFO - [2025-05-02T19:48:29.290+0000] {dagbag.py:545} INFO - Filling up the DagBag from /home/airflow/.local/lib/python3.12/site-packages/airflow/example_dags/tutorial.py
[2025-05-02T19:48:29.295+0000] {processor.py:840} INFO - DAG(s) 'tutorial' retrieved from /home/airflow/.local/lib/python3.12/site-packages/airflow/example_dags/tutorial.py
[2025-05-02T19:48:29.308+0000] {logging_mixin.py:188} INFO - [2025-05-02T19:48:29.308+0000] {dag.py:3096} INFO - Sync 1 DAGs
[2025-05-02T19:48:29.330+0000] {logging_mixin.py:188} INFO - [2025-05-02T19:48:29.330+0000] {dag.py:3954} INFO - Setting next_dagrun for tutorial to 2025-05-01 00:00:00+00:00, run_after=2025-05-02 00:00:00+00:00
[2025-05-02T19:48:29.346+0000] {processor.py:183} INFO - Processing /home/airflow/.local/lib/python3.12/site-packages/airflow/example_dags/tutorial.py took 0.063 seconds
[2025-05-02T19:48:59.675+0000] {processor.py:161} INFO - Started process (PID=850) to work on /home/airflow/.local/lib/python3.12/site-packages/airflow/example_dags/tutorial.py
[2025-05-02T19:48:59.676+0000] {processor.py:830} INFO - Processing file /home/airflow/.local/lib/python3.12/site-packages/airflow/example_dags/tutorial.py for tasks to queue
[2025-05-02T19:48:59.678+0000] {logging_mixin.py:188} INFO - [2025-05-02T19:48:59.677+0000] {dagbag.py:545} INFO - Filling up the DagBag from /home/airflow/.local/lib/python3.12/site-packages/airflow/example_dags/tutorial.py
[2025-05-02T19:48:59.682+0000] {processor.py:840} INFO - DAG(s) 'tutorial' retrieved from /home/airflow/.local/lib/python3.12/site-packages/airflow/example_dags/tutorial.py
[2025-05-02T19:48:59.697+0000] {logging_mixin.py:188} INFO - [2025-05-02T19:48:59.696+0000] {dag.py:3096} INFO - Sync 1 DAGs
[2025-05-02T19:48:59.716+0000] {logging_mixin.py:188} INFO - [2025-05-02T19:48:59.716+0000] {dag.py:3954} INFO - Setting next_dagrun for tutorial to 2025-05-01 00:00:00+00:00, run_after=2025-05-02 00:00:00+00:00
[2025-05-02T19:48:59.730+0000] {processor.py:183} INFO - Processing /home/airflow/.local/lib/python3.12/site-packages/airflow/example_dags/tutorial.py took 0.059 seconds
[2025-05-02T19:49:30.514+0000] {processor.py:161} INFO - Started process (PID=911) to work on /home/airflow/.local/lib/python3.12/site-packages/airflow/example_dags/tutorial.py
[2025-05-02T19:49:30.515+0000] {processor.py:830} INFO - Processing file /home/airflow/.local/lib/python3.12/site-packages/airflow/example_dags/tutorial.py for tasks to queue
[2025-05-02T19:49:30.516+0000] {logging_mixin.py:188} INFO - [2025-05-02T19:49:30.516+0000] {dagbag.py:545} INFO - Filling up the DagBag from /home/airflow/.local/lib/python3.12/site-packages/airflow/example_dags/tutorial.py
[2025-05-02T19:49:30.521+0000] {processor.py:840} INFO - DAG(s) 'tutorial' retrieved from /home/airflow/.local/lib/python3.12/site-packages/airflow/example_dags/tutorial.py
[2025-05-02T19:49:30.540+0000] {logging_mixin.py:188} INFO - [2025-05-02T19:49:30.540+0000] {dag.py:3096} INFO - Sync 1 DAGs
[2025-05-02T19:49:30.559+0000] {logging_mixin.py:188} INFO - [2025-05-02T19:49:30.559+0000] {dag.py:3954} INFO - Setting next_dagrun for tutorial to 2025-05-01 00:00:00+00:00, run_after=2025-05-02 00:00:00+00:00
[2025-05-02T19:49:30.576+0000] {processor.py:183} INFO - Processing /home/airflow/.local/lib/python3.12/site-packages/airflow/example_dags/tutorial.py took 0.067 seconds
[2025-05-02T19:50:02.254+0000] {processor.py:161} INFO - Started process (PID=971) to work on /home/airflow/.local/lib/python3.12/site-packages/airflow/example_dags/tutorial.py
[2025-05-02T19:50:02.255+0000] {processor.py:830} INFO - Processing file /home/airflow/.local/lib/python3.12/site-packages/airflow/example_dags/tutorial.py for tasks to queue
[2025-05-02T19:50:02.260+0000] {logging_mixin.py:188} INFO - [2025-05-02T19:50:02.259+0000] {dagbag.py:545} INFO - Filling up the DagBag from /home/airflow/.local/lib/python3.12/site-packages/airflow/example_dags/tutorial.py
[2025-05-02T19:50:02.267+0000] {processor.py:840} INFO - DAG(s) 'tutorial' retrieved from /home/airflow/.local/lib/python3.12/site-packages/airflow/example_dags/tutorial.py
[2025-05-02T19:50:02.288+0000] {logging_mixin.py:188} INFO - [2025-05-02T19:50:02.287+0000] {dag.py:3096} INFO - Sync 1 DAGs
[2025-05-02T19:50:02.317+0000] {logging_mixin.py:188} INFO - [2025-05-02T19:50:02.316+0000] {dag.py:3954} INFO - Setting next_dagrun for tutorial to 2025-05-01 00:00:00+00:00, run_after=2025-05-02 00:00:00+00:00
[2025-05-02T19:50:02.343+0000] {processor.py:183} INFO - Processing /home/airflow/.local/lib/python3.12/site-packages/airflow/example_dags/tutorial.py took 0.095 seconds
[2025-05-02T19:50:34.787+0000] {processor.py:161} INFO - Started process (PID=1031) to work on /home/airflow/.local/lib/python3.12/site-packages/airflow/example_dags/tutorial.py
[2025-05-02T19:50:34.789+0000] {processor.py:830} INFO - Processing file /home/airflow/.local/lib/python3.12/site-packages/airflow/example_dags/tutorial.py for tasks to queue
[2025-05-02T19:50:34.791+0000] {logging_mixin.py:188} INFO - [2025-05-02T19:50:34.791+0000] {dagbag.py:545} INFO - Filling up the DagBag from /home/airflow/.local/lib/python3.12/site-packages/airflow/example_dags/tutorial.py
[2025-05-02T19:50:34.796+0000] {processor.py:840} INFO - DAG(s) 'tutorial' retrieved from /home/airflow/.local/lib/python3.12/site-packages/airflow/example_dags/tutorial.py
[2025-05-02T19:50:34.814+0000] {logging_mixin.py:188} INFO - [2025-05-02T19:50:34.814+0000] {dag.py:3096} INFO - Sync 1 DAGs
[2025-05-02T19:50:34.833+0000] {logging_mixin.py:188} INFO - [2025-05-02T19:50:34.833+0000] {dag.py:3954} INFO - Setting next_dagrun for tutorial to 2025-05-01 00:00:00+00:00, run_after=2025-05-02 00:00:00+00:00
[2025-05-02T19:50:34.849+0000] {processor.py:183} INFO - Processing /home/airflow/.local/lib/python3.12/site-packages/airflow/example_dags/tutorial.py took 0.068 seconds
[2025-05-02T19:51:06.867+0000] {processor.py:161} INFO - Started process (PID=1091) to work on /home/airflow/.local/lib/python3.12/site-packages/airflow/example_dags/tutorial.py
[2025-05-02T19:51:06.868+0000] {processor.py:830} INFO - Processing file /home/airflow/.local/lib/python3.12/site-packages/airflow/example_dags/tutorial.py for tasks to queue
[2025-05-02T19:51:06.870+0000] {logging_mixin.py:188} INFO - [2025-05-02T19:51:06.870+0000] {dagbag.py:545} INFO - Filling up the DagBag from /home/airflow/.local/lib/python3.12/site-packages/airflow/example_dags/tutorial.py
[2025-05-02T19:51:06.875+0000] {processor.py:840} INFO - DAG(s) 'tutorial' retrieved from /home/airflow/.local/lib/python3.12/site-packages/airflow/example_dags/tutorial.py
[2025-05-02T19:51:06.892+0000] {logging_mixin.py:188} INFO - [2025-05-02T19:51:06.891+0000] {dag.py:3096} INFO - Sync 1 DAGs
[2025-05-02T19:51:06.909+0000] {logging_mixin.py:188} INFO - [2025-05-02T19:51:06.909+0000] {dag.py:3954} INFO - Setting next_dagrun for tutorial to 2025-05-01 00:00:00+00:00, run_after=2025-05-02 00:00:00+00:00
[2025-05-02T19:51:06.925+0000] {processor.py:183} INFO - Processing /home/airflow/.local/lib/python3.12/site-packages/airflow/example_dags/tutorial.py took 0.063 seconds
[2025-05-02T19:51:39.248+0000] {processor.py:161} INFO - Started process (PID=1151) to work on /home/airflow/.local/lib/python3.12/site-packages/airflow/example_dags/tutorial.py
[2025-05-02T19:51:39.250+0000] {processor.py:830} INFO - Processing file /home/airflow/.local/lib/python3.12/site-packages/airflow/example_dags/tutorial.py for tasks to queue
[2025-05-02T19:51:39.252+0000] {logging_mixin.py:188} INFO - [2025-05-02T19:51:39.252+0000] {dagbag.py:545} INFO - Filling up the DagBag from /home/airflow/.local/lib/python3.12/site-packages/airflow/example_dags/tutorial.py
[2025-05-02T19:51:39.259+0000] {processor.py:840} INFO - DAG(s) 'tutorial' retrieved from /home/airflow/.local/lib/python3.12/site-packages/airflow/example_dags/tutorial.py
[2025-05-02T19:51:39.286+0000] {logging_mixin.py:188} INFO - [2025-05-02T19:51:39.285+0000] {dag.py:3096} INFO - Sync 1 DAGs
[2025-05-02T19:51:39.314+0000] {logging_mixin.py:188} INFO - [2025-05-02T19:51:39.314+0000] {dag.py:3954} INFO - Setting next_dagrun for tutorial to 2025-05-01 00:00:00+00:00, run_after=2025-05-02 00:00:00+00:00
[2025-05-02T19:51:39.339+0000] {processor.py:183} INFO - Processing /home/airflow/.local/lib/python3.12/site-packages/airflow/example_dags/tutorial.py took 0.097 seconds
[2025-05-02T19:52:11.487+0000] {processor.py:161} INFO - Started process (PID=1211) to work on /home/airflow/.local/lib/python3.12/site-packages/airflow/example_dags/tutorial.py
[2025-05-02T19:52:11.488+0000] {processor.py:830} INFO - Processing file /home/airflow/.local/lib/python3.12/site-packages/airflow/example_dags/tutorial.py for tasks to queue
[2025-05-02T19:52:11.489+0000] {logging_mixin.py:188} INFO - [2025-05-02T19:52:11.489+0000] {dagbag.py:545} INFO - Filling up the DagBag from /home/airflow/.local/lib/python3.12/site-packages/airflow/example_dags/tutorial.py
[2025-05-02T19:52:11.493+0000] {processor.py:840} INFO - DAG(s) 'tutorial' retrieved from /home/airflow/.local/lib/python3.12/site-packages/airflow/example_dags/tutorial.py
[2025-05-02T19:52:11.509+0000] {logging_mixin.py:188} INFO - [2025-05-02T19:52:11.509+0000] {dag.py:3096} INFO - Sync 1 DAGs
[2025-05-02T19:52:11.528+0000] {logging_mixin.py:188} INFO - [2025-05-02T19:52:11.528+0000] {dag.py:3954} INFO - Setting next_dagrun for tutorial to 2025-05-01 00:00:00+00:00, run_after=2025-05-02 00:00:00+00:00
[2025-05-02T19:52:11.567+0000] {processor.py:183} INFO - Processing /home/airflow/.local/lib/python3.12/site-packages/airflow/example_dags/tutorial.py took 0.084 seconds
[2025-05-02T19:52:44.236+0000] {processor.py:161} INFO - Started process (PID=1271) to work on /home/airflow/.local/lib/python3.12/site-packages/airflow/example_dags/tutorial.py
[2025-05-02T19:52:44.236+0000] {processor.py:830} INFO - Processing file /home/airflow/.local/lib/python3.12/site-packages/airflow/example_dags/tutorial.py for tasks to queue
[2025-05-02T19:52:44.238+0000] {logging_mixin.py:188} INFO - [2025-05-02T19:52:44.238+0000] {dagbag.py:545} INFO - Filling up the DagBag from /home/airflow/.local/lib/python3.12/site-packages/airflow/example_dags/tutorial.py
[2025-05-02T19:52:44.242+0000] {processor.py:840} INFO - DAG(s) 'tutorial' retrieved from /home/airflow/.local/lib/python3.12/site-packages/airflow/example_dags/tutorial.py
[2025-05-02T19:52:44.255+0000] {logging_mixin.py:188} INFO - [2025-05-02T19:52:44.254+0000] {dag.py:3096} INFO - Sync 1 DAGs
[2025-05-02T19:52:44.269+0000] {logging_mixin.py:188} INFO - [2025-05-02T19:52:44.269+0000] {dag.py:3954} INFO - Setting next_dagrun for tutorial to 2025-05-01 00:00:00+00:00, run_after=2025-05-02 00:00:00+00:00
[2025-05-02T19:52:44.284+0000] {processor.py:183} INFO - Processing /home/airflow/.local/lib/python3.12/site-packages/airflow/example_dags/tutorial.py took 0.052 seconds
[2025-05-02T19:53:16.837+0000] {processor.py:161} INFO - Started process (PID=1331) to work on /home/airflow/.local/lib/python3.12/site-packages/airflow/example_dags/tutorial.py
[2025-05-02T19:53:16.838+0000] {processor.py:830} INFO - Processing file /home/airflow/.local/lib/python3.12/site-packages/airflow/example_dags/tutorial.py for tasks to queue
[2025-05-02T19:53:16.840+0000] {logging_mixin.py:188} INFO - [2025-05-02T19:53:16.840+0000] {dagbag.py:545} INFO - Filling up the DagBag from /home/airflow/.local/lib/python3.12/site-packages/airflow/example_dags/tutorial.py
[2025-05-02T19:53:16.845+0000] {processor.py:840} INFO - DAG(s) 'tutorial' retrieved from /home/airflow/.local/lib/python3.12/site-packages/airflow/example_dags/tutorial.py
[2025-05-02T19:53:16.864+0000] {logging_mixin.py:188} INFO - [2025-05-02T19:53:16.863+0000] {dag.py:3096} INFO - Sync 1 DAGs
[2025-05-02T19:53:16.881+0000] {logging_mixin.py:188} INFO - [2025-05-02T19:53:16.881+0000] {dag.py:3954} INFO - Setting next_dagrun for tutorial to 2025-05-01 00:00:00+00:00, run_after=2025-05-02 00:00:00+00:00
[2025-05-02T19:53:16.897+0000] {processor.py:183} INFO - Processing /home/airflow/.local/lib/python3.12/site-packages/airflow/example_dags/tutorial.py took 0.065 seconds
[2025-05-02T19:53:49.130+0000] {processor.py:161} INFO - Started process (PID=1391) to work on /home/airflow/.local/lib/python3.12/site-packages/airflow/example_dags/tutorial.py
[2025-05-02T19:53:49.131+0000] {processor.py:830} INFO - Processing file /home/airflow/.local/lib/python3.12/site-packages/airflow/example_dags/tutorial.py for tasks to queue
[2025-05-02T19:53:49.133+0000] {logging_mixin.py:188} INFO - [2025-05-02T19:53:49.132+0000] {dagbag.py:545} INFO - Filling up the DagBag from /home/airflow/.local/lib/python3.12/site-packages/airflow/example_dags/tutorial.py
[2025-05-02T19:53:49.138+0000] {processor.py:840} INFO - DAG(s) 'tutorial' retrieved from /home/airflow/.local/lib/python3.12/site-packages/airflow/example_dags/tutorial.py
[2025-05-02T19:53:49.151+0000] {logging_mixin.py:188} INFO - [2025-05-02T19:53:49.151+0000] {dag.py:3096} INFO - Sync 1 DAGs
[2025-05-02T19:53:49.168+0000] {logging_mixin.py:188} INFO - [2025-05-02T19:53:49.168+0000] {dag.py:3954} INFO - Setting next_dagrun for tutorial to 2025-05-01 00:00:00+00:00, run_after=2025-05-02 00:00:00+00:00
[2025-05-02T19:53:49.182+0000] {processor.py:183} INFO - Processing /home/airflow/.local/lib/python3.12/site-packages/airflow/example_dags/tutorial.py took 0.055 seconds
[2025-05-02T19:54:21.629+0000] {processor.py:161} INFO - Started process (PID=1451) to work on /home/airflow/.local/lib/python3.12/site-packages/airflow/example_dags/tutorial.py
[2025-05-02T19:54:21.630+0000] {processor.py:830} INFO - Processing file /home/airflow/.local/lib/python3.12/site-packages/airflow/example_dags/tutorial.py for tasks to queue
[2025-05-02T19:54:21.631+0000] {logging_mixin.py:188} INFO - [2025-05-02T19:54:21.631+0000] {dagbag.py:545} INFO - Filling up the DagBag from /home/airflow/.local/lib/python3.12/site-packages/airflow/example_dags/tutorial.py
[2025-05-02T19:54:21.637+0000] {processor.py:840} INFO - DAG(s) 'tutorial' retrieved from /home/airflow/.local/lib/python3.12/site-packages/airflow/example_dags/tutorial.py
[2025-05-02T19:54:21.653+0000] {logging_mixin.py:188} INFO - [2025-05-02T19:54:21.653+0000] {dag.py:3096} INFO - Sync 1 DAGs
[2025-05-02T19:54:21.671+0000] {logging_mixin.py:188} INFO - [2025-05-02T19:54:21.671+0000] {dag.py:3954} INFO - Setting next_dagrun for tutorial to 2025-05-01 00:00:00+00:00, run_after=2025-05-02 00:00:00+00:00
[2025-05-02T19:54:21.688+0000] {processor.py:183} INFO - Processing /home/airflow/.local/lib/python3.12/site-packages/airflow/example_dags/tutorial.py took 0.063 seconds
[2025-05-02T19:54:53.850+0000] {processor.py:161} INFO - Started process (PID=1511) to work on /home/airflow/.local/lib/python3.12/site-packages/airflow/example_dags/tutorial.py
[2025-05-02T19:54:53.851+0000] {processor.py:830} INFO - Processing file /home/airflow/.local/lib/python3.12/site-packages/airflow/example_dags/tutorial.py for tasks to queue
[2025-05-02T19:54:53.852+0000] {logging_mixin.py:188} INFO - [2025-05-02T19:54:53.852+0000] {dagbag.py:545} INFO - Filling up the DagBag from /home/airflow/.local/lib/python3.12/site-packages/airflow/example_dags/tutorial.py
[2025-05-02T19:54:53.857+0000] {processor.py:840} INFO - DAG(s) 'tutorial' retrieved from /home/airflow/.local/lib/python3.12/site-packages/airflow/example_dags/tutorial.py
[2025-05-02T19:54:53.872+0000] {logging_mixin.py:188} INFO - [2025-05-02T19:54:53.872+0000] {dag.py:3096} INFO - Sync 1 DAGs
[2025-05-02T19:54:53.889+0000] {logging_mixin.py:188} INFO - [2025-05-02T19:54:53.889+0000] {dag.py:3954} INFO - Setting next_dagrun for tutorial to 2025-05-01 00:00:00+00:00, run_after=2025-05-02 00:00:00+00:00
[2025-05-02T19:54:53.904+0000] {processor.py:183} INFO - Processing /home/airflow/.local/lib/python3.12/site-packages/airflow/example_dags/tutorial.py took 0.059 seconds
[2025-05-02T19:55:25.718+0000] {processor.py:161} INFO - Started process (PID=1571) to work on /home/airflow/.local/lib/python3.12/site-packages/airflow/example_dags/tutorial.py
[2025-05-02T19:55:25.719+0000] {processor.py:830} INFO - Processing file /home/airflow/.local/lib/python3.12/site-packages/airflow/example_dags/tutorial.py for tasks to queue
[2025-05-02T19:55:25.721+0000] {logging_mixin.py:188} INFO - [2025-05-02T19:55:25.720+0000] {dagbag.py:545} INFO - Filling up the DagBag from /home/airflow/.local/lib/python3.12/site-packages/airflow/example_dags/tutorial.py
[2025-05-02T19:55:25.725+0000] {processor.py:840} INFO - DAG(s) 'tutorial' retrieved from /home/airflow/.local/lib/python3.12/site-packages/airflow/example_dags/tutorial.py
[2025-05-02T19:55:25.741+0000] {logging_mixin.py:188} INFO - [2025-05-02T19:55:25.740+0000] {dag.py:3096} INFO - Sync 1 DAGs
[2025-05-02T19:55:25.758+0000] {logging_mixin.py:188} INFO - [2025-05-02T19:55:25.757+0000] {dag.py:3954} INFO - Setting next_dagrun for tutorial to 2025-05-01 00:00:00+00:00, run_after=2025-05-02 00:00:00+00:00
[2025-05-02T19:55:25.772+0000] {processor.py:183} INFO - Processing /home/airflow/.local/lib/python3.12/site-packages/airflow/example_dags/tutorial.py took 0.057 seconds
[2025-05-02T19:55:58.738+0000] {processor.py:161} INFO - Started process (PID=1631) to work on /home/airflow/.local/lib/python3.12/site-packages/airflow/example_dags/tutorial.py
[2025-05-02T19:55:58.738+0000] {processor.py:830} INFO - Processing file /home/airflow/.local/lib/python3.12/site-packages/airflow/example_dags/tutorial.py for tasks to queue
[2025-05-02T19:55:58.740+0000] {logging_mixin.py:188} INFO - [2025-05-02T19:55:58.739+0000] {dagbag.py:545} INFO - Filling up the DagBag from /home/airflow/.local/lib/python3.12/site-packages/airflow/example_dags/tutorial.py
[2025-05-02T19:55:58.744+0000] {processor.py:840} INFO - DAG(s) 'tutorial' retrieved from /home/airflow/.local/lib/python3.12/site-packages/airflow/example_dags/tutorial.py
[2025-05-02T19:55:58.758+0000] {logging_mixin.py:188} INFO - [2025-05-02T19:55:58.758+0000] {dag.py:3096} INFO - Sync 1 DAGs
[2025-05-02T19:55:58.775+0000] {logging_mixin.py:188} INFO - [2025-05-02T19:55:58.774+0000] {dag.py:3954} INFO - Setting next_dagrun for tutorial to 2025-05-01 00:00:00+00:00, run_after=2025-05-02 00:00:00+00:00
[2025-05-02T19:55:58.789+0000] {processor.py:183} INFO - Processing /home/airflow/.local/lib/python3.12/site-packages/airflow/example_dags/tutorial.py took 0.055 seconds
[2025-05-02T19:56:30.567+0000] {processor.py:161} INFO - Started process (PID=1691) to work on /home/airflow/.local/lib/python3.12/site-packages/airflow/example_dags/tutorial.py
[2025-05-02T19:56:30.567+0000] {processor.py:830} INFO - Processing file /home/airflow/.local/lib/python3.12/site-packages/airflow/example_dags/tutorial.py for tasks to queue
[2025-05-02T19:56:30.569+0000] {logging_mixin.py:188} INFO - [2025-05-02T19:56:30.568+0000] {dagbag.py:545} INFO - Filling up the DagBag from /home/airflow/.local/lib/python3.12/site-packages/airflow/example_dags/tutorial.py
[2025-05-02T19:56:30.574+0000] {processor.py:840} INFO - DAG(s) 'tutorial' retrieved from /home/airflow/.local/lib/python3.12/site-packages/airflow/example_dags/tutorial.py
[2025-05-02T19:56:30.589+0000] {logging_mixin.py:188} INFO - [2025-05-02T19:56:30.589+0000] {dag.py:3096} INFO - Sync 1 DAGs
[2025-05-02T19:56:30.607+0000] {logging_mixin.py:188} INFO - [2025-05-02T19:56:30.607+0000] {dag.py:3954} INFO - Setting next_dagrun for tutorial to 2025-05-01 00:00:00+00:00, run_after=2025-05-02 00:00:00+00:00
[2025-05-02T19:56:30.623+0000] {processor.py:183} INFO - Processing /home/airflow/.local/lib/python3.12/site-packages/airflow/example_dags/tutorial.py took 0.061 seconds
[2025-05-02T19:57:03.598+0000] {processor.py:161} INFO - Started process (PID=1751) to work on /home/airflow/.local/lib/python3.12/site-packages/airflow/example_dags/tutorial.py
[2025-05-02T19:57:03.598+0000] {processor.py:830} INFO - Processing file /home/airflow/.local/lib/python3.12/site-packages/airflow/example_dags/tutorial.py for tasks to queue
[2025-05-02T19:57:03.600+0000] {logging_mixin.py:188} INFO - [2025-05-02T19:57:03.600+0000] {dagbag.py:545} INFO - Filling up the DagBag from /home/airflow/.local/lib/python3.12/site-packages/airflow/example_dags/tutorial.py
[2025-05-02T19:57:03.605+0000] {processor.py:840} INFO - DAG(s) 'tutorial' retrieved from /home/airflow/.local/lib/python3.12/site-packages/airflow/example_dags/tutorial.py
[2025-05-02T19:57:03.620+0000] {logging_mixin.py:188} INFO - [2025-05-02T19:57:03.620+0000] {dag.py:3096} INFO - Sync 1 DAGs
[2025-05-02T19:57:03.637+0000] {logging_mixin.py:188} INFO - [2025-05-02T19:57:03.636+0000] {dag.py:3954} INFO - Setting next_dagrun for tutorial to 2025-05-01 00:00:00+00:00, run_after=2025-05-02 00:00:00+00:00
[2025-05-02T19:57:03.651+0000] {processor.py:183} INFO - Processing /home/airflow/.local/lib/python3.12/site-packages/airflow/example_dags/tutorial.py took 0.057 seconds
[2025-05-02T19:57:35.629+0000] {processor.py:161} INFO - Started process (PID=1811) to work on /home/airflow/.local/lib/python3.12/site-packages/airflow/example_dags/tutorial.py
[2025-05-02T19:57:35.630+0000] {processor.py:830} INFO - Processing file /home/airflow/.local/lib/python3.12/site-packages/airflow/example_dags/tutorial.py for tasks to queue
[2025-05-02T19:57:35.632+0000] {logging_mixin.py:188} INFO - [2025-05-02T19:57:35.631+0000] {dagbag.py:545} INFO - Filling up the DagBag from /home/airflow/.local/lib/python3.12/site-packages/airflow/example_dags/tutorial.py
[2025-05-02T19:57:35.636+0000] {processor.py:840} INFO - DAG(s) 'tutorial' retrieved from /home/airflow/.local/lib/python3.12/site-packages/airflow/example_dags/tutorial.py
[2025-05-02T19:57:35.653+0000] {logging_mixin.py:188} INFO - [2025-05-02T19:57:35.653+0000] {dag.py:3096} INFO - Sync 1 DAGs
[2025-05-02T19:57:35.671+0000] {logging_mixin.py:188} INFO - [2025-05-02T19:57:35.671+0000] {dag.py:3954} INFO - Setting next_dagrun for tutorial to 2025-05-01 00:00:00+00:00, run_after=2025-05-02 00:00:00+00:00
[2025-05-02T19:57:35.687+0000] {processor.py:183} INFO - Processing /home/airflow/.local/lib/python3.12/site-packages/airflow/example_dags/tutorial.py took 0.062 seconds
[2025-05-02T19:58:08.152+0000] {processor.py:161} INFO - Started process (PID=1871) to work on /home/airflow/.local/lib/python3.12/site-packages/airflow/example_dags/tutorial.py
[2025-05-02T19:58:08.153+0000] {processor.py:830} INFO - Processing file /home/airflow/.local/lib/python3.12/site-packages/airflow/example_dags/tutorial.py for tasks to queue
[2025-05-02T19:58:08.155+0000] {logging_mixin.py:188} INFO - [2025-05-02T19:58:08.155+0000] {dagbag.py:545} INFO - Filling up the DagBag from /home/airflow/.local/lib/python3.12/site-packages/airflow/example_dags/tutorial.py
[2025-05-02T19:58:08.159+0000] {processor.py:840} INFO - DAG(s) 'tutorial' retrieved from /home/airflow/.local/lib/python3.12/site-packages/airflow/example_dags/tutorial.py
[2025-05-02T19:58:08.177+0000] {logging_mixin.py:188} INFO - [2025-05-02T19:58:08.177+0000] {dag.py:3096} INFO - Sync 1 DAGs
[2025-05-02T19:58:08.193+0000] {logging_mixin.py:188} INFO - [2025-05-02T19:58:08.193+0000] {dag.py:3954} INFO - Setting next_dagrun for tutorial to 2025-05-01 00:00:00+00:00, run_after=2025-05-02 00:00:00+00:00
[2025-05-02T19:58:08.209+0000] {processor.py:183} INFO - Processing /home/airflow/.local/lib/python3.12/site-packages/airflow/example_dags/tutorial.py took 0.061 seconds
[2025-05-02T19:58:40.743+0000] {processor.py:161} INFO - Started process (PID=1931) to work on /home/airflow/.local/lib/python3.12/site-packages/airflow/example_dags/tutorial.py
[2025-05-02T19:58:40.744+0000] {processor.py:830} INFO - Processing file /home/airflow/.local/lib/python3.12/site-packages/airflow/example_dags/tutorial.py for tasks to queue
[2025-05-02T19:58:40.745+0000] {logging_mixin.py:188} INFO - [2025-05-02T19:58:40.745+0000] {dagbag.py:545} INFO - Filling up the DagBag from /home/airflow/.local/lib/python3.12/site-packages/airflow/example_dags/tutorial.py
[2025-05-02T19:58:40.750+0000] {processor.py:840} INFO - DAG(s) 'tutorial' retrieved from /home/airflow/.local/lib/python3.12/site-packages/airflow/example_dags/tutorial.py
[2025-05-02T19:58:40.765+0000] {logging_mixin.py:188} INFO - [2025-05-02T19:58:40.765+0000] {dag.py:3096} INFO - Sync 1 DAGs
[2025-05-02T19:58:40.785+0000] {logging_mixin.py:188} INFO - [2025-05-02T19:58:40.785+0000] {dag.py:3954} INFO - Setting next_dagrun for tutorial to 2025-05-01 00:00:00+00:00, run_after=2025-05-02 00:00:00+00:00
[2025-05-02T19:58:40.800+0000] {processor.py:183} INFO - Processing /home/airflow/.local/lib/python3.12/site-packages/airflow/example_dags/tutorial.py took 0.062 seconds
[2025-05-02T19:59:12.891+0000] {processor.py:161} INFO - Started process (PID=1991) to work on /home/airflow/.local/lib/python3.12/site-packages/airflow/example_dags/tutorial.py
[2025-05-02T19:59:12.892+0000] {processor.py:830} INFO - Processing file /home/airflow/.local/lib/python3.12/site-packages/airflow/example_dags/tutorial.py for tasks to queue
[2025-05-02T19:59:12.893+0000] {logging_mixin.py:188} INFO - [2025-05-02T19:59:12.893+0000] {dagbag.py:545} INFO - Filling up the DagBag from /home/airflow/.local/lib/python3.12/site-packages/airflow/example_dags/tutorial.py
[2025-05-02T19:59:12.897+0000] {processor.py:840} INFO - DAG(s) 'tutorial' retrieved from /home/airflow/.local/lib/python3.12/site-packages/airflow/example_dags/tutorial.py
[2025-05-02T19:59:12.912+0000] {logging_mixin.py:188} INFO - [2025-05-02T19:59:12.912+0000] {dag.py:3096} INFO - Sync 1 DAGs
[2025-05-02T19:59:12.933+0000] {logging_mixin.py:188} INFO - [2025-05-02T19:59:12.932+0000] {dag.py:3954} INFO - Setting next_dagrun for tutorial to 2025-05-01 00:00:00+00:00, run_after=2025-05-02 00:00:00+00:00
[2025-05-02T19:59:12.950+0000] {processor.py:183} INFO - Processing /home/airflow/.local/lib/python3.12/site-packages/airflow/example_dags/tutorial.py took 0.064 seconds
[2025-05-02T19:59:45.978+0000] {processor.py:161} INFO - Started process (PID=2051) to work on /home/airflow/.local/lib/python3.12/site-packages/airflow/example_dags/tutorial.py
[2025-05-02T19:59:45.979+0000] {processor.py:830} INFO - Processing file /home/airflow/.local/lib/python3.12/site-packages/airflow/example_dags/tutorial.py for tasks to queue
[2025-05-02T19:59:45.980+0000] {logging_mixin.py:188} INFO - [2025-05-02T19:59:45.980+0000] {dagbag.py:545} INFO - Filling up the DagBag from /home/airflow/.local/lib/python3.12/site-packages/airflow/example_dags/tutorial.py
[2025-05-02T19:59:45.984+0000] {processor.py:840} INFO - DAG(s) 'tutorial' retrieved from /home/airflow/.local/lib/python3.12/site-packages/airflow/example_dags/tutorial.py
[2025-05-02T19:59:46.001+0000] {logging_mixin.py:188} INFO - [2025-05-02T19:59:46.000+0000] {dag.py:3096} INFO - Sync 1 DAGs
[2025-05-02T19:59:46.017+0000] {logging_mixin.py:188} INFO - [2025-05-02T19:59:46.017+0000] {dag.py:3954} INFO - Setting next_dagrun for tutorial to 2025-05-01 00:00:00+00:00, run_after=2025-05-02 00:00:00+00:00
[2025-05-02T19:59:46.033+0000] {processor.py:183} INFO - Processing /home/airflow/.local/lib/python3.12/site-packages/airflow/example_dags/tutorial.py took 0.058 seconds
[2025-05-02T20:00:18.595+0000] {processor.py:161} INFO - Started process (PID=2111) to work on /home/airflow/.local/lib/python3.12/site-packages/airflow/example_dags/tutorial.py
[2025-05-02T20:00:18.596+0000] {processor.py:830} INFO - Processing file /home/airflow/.local/lib/python3.12/site-packages/airflow/example_dags/tutorial.py for tasks to queue
[2025-05-02T20:00:18.598+0000] {logging_mixin.py:188} INFO - [2025-05-02T20:00:18.597+0000] {dagbag.py:545} INFO - Filling up the DagBag from /home/airflow/.local/lib/python3.12/site-packages/airflow/example_dags/tutorial.py
[2025-05-02T20:00:18.602+0000] {processor.py:840} INFO - DAG(s) 'tutorial' retrieved from /home/airflow/.local/lib/python3.12/site-packages/airflow/example_dags/tutorial.py
[2025-05-02T20:00:18.615+0000] {logging_mixin.py:188} INFO - [2025-05-02T20:00:18.615+0000] {dag.py:3096} INFO - Sync 1 DAGs
[2025-05-02T20:00:18.631+0000] {logging_mixin.py:188} INFO - [2025-05-02T20:00:18.630+0000] {dag.py:3954} INFO - Setting next_dagrun for tutorial to 2025-05-01 00:00:00+00:00, run_after=2025-05-02 00:00:00+00:00
[2025-05-02T20:00:18.743+0000] {processor.py:183} INFO - Processing /home/airflow/.local/lib/python3.12/site-packages/airflow/example_dags/tutorial.py took 0.152 seconds
[2025-05-02T20:00:50.927+0000] {processor.py:161} INFO - Started process (PID=2171) to work on /home/airflow/.local/lib/python3.12/site-packages/airflow/example_dags/tutorial.py
[2025-05-02T20:00:50.927+0000] {processor.py:830} INFO - Processing file /home/airflow/.local/lib/python3.12/site-packages/airflow/example_dags/tutorial.py for tasks to queue
[2025-05-02T20:00:50.929+0000] {logging_mixin.py:188} INFO - [2025-05-02T20:00:50.929+0000] {dagbag.py:545} INFO - Filling up the DagBag from /home/airflow/.local/lib/python3.12/site-packages/airflow/example_dags/tutorial.py
[2025-05-02T20:00:50.933+0000] {processor.py:840} INFO - DAG(s) 'tutorial' retrieved from /home/airflow/.local/lib/python3.12/site-packages/airflow/example_dags/tutorial.py
[2025-05-02T20:00:50.949+0000] {logging_mixin.py:188} INFO - [2025-05-02T20:00:50.949+0000] {dag.py:3096} INFO - Sync 1 DAGs
[2025-05-02T20:00:50.965+0000] {logging_mixin.py:188} INFO - [2025-05-02T20:00:50.965+0000] {dag.py:3954} INFO - Setting next_dagrun for tutorial to 2025-05-01 00:00:00+00:00, run_after=2025-05-02 00:00:00+00:00
[2025-05-02T20:00:50.979+0000] {processor.py:183} INFO - Processing /home/airflow/.local/lib/python3.12/site-packages/airflow/example_dags/tutorial.py took 0.056 seconds
[2025-05-02T20:01:23.910+0000] {processor.py:161} INFO - Started process (PID=2231) to work on /home/airflow/.local/lib/python3.12/site-packages/airflow/example_dags/tutorial.py
[2025-05-02T20:01:23.911+0000] {processor.py:830} INFO - Processing file /home/airflow/.local/lib/python3.12/site-packages/airflow/example_dags/tutorial.py for tasks to queue
[2025-05-02T20:01:23.912+0000] {logging_mixin.py:188} INFO - [2025-05-02T20:01:23.912+0000] {dagbag.py:545} INFO - Filling up the DagBag from /home/airflow/.local/lib/python3.12/site-packages/airflow/example_dags/tutorial.py
[2025-05-02T20:01:23.916+0000] {processor.py:840} INFO - DAG(s) 'tutorial' retrieved from /home/airflow/.local/lib/python3.12/site-packages/airflow/example_dags/tutorial.py
[2025-05-02T20:01:23.931+0000] {logging_mixin.py:188} INFO - [2025-05-02T20:01:23.931+0000] {dag.py:3096} INFO - Sync 1 DAGs
[2025-05-02T20:01:23.945+0000] {logging_mixin.py:188} INFO - [2025-05-02T20:01:23.945+0000] {dag.py:3954} INFO - Setting next_dagrun for tutorial to 2025-05-01 00:00:00+00:00, run_after=2025-05-02 00:00:00+00:00
[2025-05-02T20:01:23.963+0000] {processor.py:183} INFO - Processing /home/airflow/.local/lib/python3.12/site-packages/airflow/example_dags/tutorial.py took 0.057 seconds
[2025-05-02T20:01:55.903+0000] {processor.py:161} INFO - Started process (PID=2291) to work on /home/airflow/.local/lib/python3.12/site-packages/airflow/example_dags/tutorial.py
[2025-05-02T20:01:55.904+0000] {processor.py:830} INFO - Processing file /home/airflow/.local/lib/python3.12/site-packages/airflow/example_dags/tutorial.py for tasks to queue
[2025-05-02T20:01:55.905+0000] {logging_mixin.py:188} INFO - [2025-05-02T20:01:55.905+0000] {dagbag.py:545} INFO - Filling up the DagBag from /home/airflow/.local/lib/python3.12/site-packages/airflow/example_dags/tutorial.py
[2025-05-02T20:01:55.909+0000] {processor.py:840} INFO - DAG(s) 'tutorial' retrieved from /home/airflow/.local/lib/python3.12/site-packages/airflow/example_dags/tutorial.py
[2025-05-02T20:01:55.925+0000] {logging_mixin.py:188} INFO - [2025-05-02T20:01:55.925+0000] {dag.py:3096} INFO - Sync 1 DAGs
[2025-05-02T20:01:56.046+0000] {logging_mixin.py:188} INFO - [2025-05-02T20:01:56.046+0000] {dag.py:3954} INFO - Setting next_dagrun for tutorial to 2025-05-01 00:00:00+00:00, run_after=2025-05-02 00:00:00+00:00
[2025-05-02T20:01:56.060+0000] {processor.py:183} INFO - Processing /home/airflow/.local/lib/python3.12/site-packages/airflow/example_dags/tutorial.py took 0.161 seconds
[2025-05-02T20:02:27.649+0000] {processor.py:161} INFO - Started process (PID=2351) to work on /home/airflow/.local/lib/python3.12/site-packages/airflow/example_dags/tutorial.py
[2025-05-02T20:02:27.650+0000] {processor.py:830} INFO - Processing file /home/airflow/.local/lib/python3.12/site-packages/airflow/example_dags/tutorial.py for tasks to queue
[2025-05-02T20:02:27.652+0000] {logging_mixin.py:188} INFO - [2025-05-02T20:02:27.651+0000] {dagbag.py:545} INFO - Filling up the DagBag from /home/airflow/.local/lib/python3.12/site-packages/airflow/example_dags/tutorial.py
[2025-05-02T20:02:27.658+0000] {processor.py:840} INFO - DAG(s) 'tutorial' retrieved from /home/airflow/.local/lib/python3.12/site-packages/airflow/example_dags/tutorial.py
[2025-05-02T20:02:27.676+0000] {logging_mixin.py:188} INFO - [2025-05-02T20:02:27.676+0000] {dag.py:3096} INFO - Sync 1 DAGs
[2025-05-02T20:02:27.698+0000] {logging_mixin.py:188} INFO - [2025-05-02T20:02:27.698+0000] {dag.py:3954} INFO - Setting next_dagrun for tutorial to 2025-05-01 00:00:00+00:00, run_after=2025-05-02 00:00:00+00:00
[2025-05-02T20:02:27.810+0000] {processor.py:183} INFO - Processing /home/airflow/.local/lib/python3.12/site-packages/airflow/example_dags/tutorial.py took 0.167 seconds
[2025-05-02T20:03:00.796+0000] {processor.py:161} INFO - Started process (PID=2412) to work on /home/airflow/.local/lib/python3.12/site-packages/airflow/example_dags/tutorial.py
[2025-05-02T20:03:00.797+0000] {processor.py:830} INFO - Processing file /home/airflow/.local/lib/python3.12/site-packages/airflow/example_dags/tutorial.py for tasks to queue
[2025-05-02T20:03:00.798+0000] {logging_mixin.py:188} INFO - [2025-05-02T20:03:00.798+0000] {dagbag.py:545} INFO - Filling up the DagBag from /home/airflow/.local/lib/python3.12/site-packages/airflow/example_dags/tutorial.py
[2025-05-02T20:03:00.803+0000] {processor.py:840} INFO - DAG(s) 'tutorial' retrieved from /home/airflow/.local/lib/python3.12/site-packages/airflow/example_dags/tutorial.py
[2025-05-02T20:03:00.820+0000] {logging_mixin.py:188} INFO - [2025-05-02T20:03:00.820+0000] {dag.py:3096} INFO - Sync 1 DAGs
[2025-05-02T20:03:00.837+0000] {logging_mixin.py:188} INFO - [2025-05-02T20:03:00.837+0000] {dag.py:3954} INFO - Setting next_dagrun for tutorial to 2025-05-01 00:00:00+00:00, run_after=2025-05-02 00:00:00+00:00
[2025-05-02T20:03:00.851+0000] {processor.py:183} INFO - Processing /home/airflow/.local/lib/python3.12/site-packages/airflow/example_dags/tutorial.py took 0.060 seconds
[2025-05-02T20:03:35.329+0000] {processor.py:161} INFO - Started process (PID=2472) to work on /home/airflow/.local/lib/python3.12/site-packages/airflow/example_dags/tutorial.py
[2025-05-02T20:03:35.330+0000] {processor.py:830} INFO - Processing file /home/airflow/.local/lib/python3.12/site-packages/airflow/example_dags/tutorial.py for tasks to queue
[2025-05-02T20:03:35.332+0000] {logging_mixin.py:188} INFO - [2025-05-02T20:03:35.331+0000] {dagbag.py:545} INFO - Filling up the DagBag from /home/airflow/.local/lib/python3.12/site-packages/airflow/example_dags/tutorial.py
[2025-05-02T20:03:35.476+0000] {processor.py:840} INFO - DAG(s) 'tutorial' retrieved from /home/airflow/.local/lib/python3.12/site-packages/airflow/example_dags/tutorial.py
[2025-05-02T20:03:35.504+0000] {logging_mixin.py:188} INFO - [2025-05-02T20:03:35.503+0000] {dag.py:3096} INFO - Sync 1 DAGs
[2025-05-02T20:03:35.528+0000] {logging_mixin.py:188} INFO - [2025-05-02T20:03:35.527+0000] {dag.py:3954} INFO - Setting next_dagrun for tutorial to 2025-05-01 00:00:00+00:00, run_after=2025-05-02 00:00:00+00:00
[2025-05-02T20:03:35.544+0000] {processor.py:183} INFO - Processing /home/airflow/.local/lib/python3.12/site-packages/airflow/example_dags/tutorial.py took 0.219 seconds
[2025-05-02T20:04:06.180+0000] {processor.py:161} INFO - Started process (PID=2532) to work on /home/airflow/.local/lib/python3.12/site-packages/airflow/example_dags/tutorial.py
[2025-05-02T20:04:06.181+0000] {processor.py:830} INFO - Processing file /home/airflow/.local/lib/python3.12/site-packages/airflow/example_dags/tutorial.py for tasks to queue
[2025-05-02T20:04:06.183+0000] {logging_mixin.py:188} INFO - [2025-05-02T20:04:06.182+0000] {dagbag.py:545} INFO - Filling up the DagBag from /home/airflow/.local/lib/python3.12/site-packages/airflow/example_dags/tutorial.py
[2025-05-02T20:04:06.188+0000] {processor.py:840} INFO - DAG(s) 'tutorial' retrieved from /home/airflow/.local/lib/python3.12/site-packages/airflow/example_dags/tutorial.py
[2025-05-02T20:04:06.203+0000] {logging_mixin.py:188} INFO - [2025-05-02T20:04:06.203+0000] {dag.py:3096} INFO - Sync 1 DAGs
[2025-05-02T20:04:06.221+0000] {logging_mixin.py:188} INFO - [2025-05-02T20:04:06.221+0000] {dag.py:3954} INFO - Setting next_dagrun for tutorial to 2025-05-01 00:00:00+00:00, run_after=2025-05-02 00:00:00+00:00
[2025-05-02T20:04:06.236+0000] {processor.py:183} INFO - Processing /home/airflow/.local/lib/python3.12/site-packages/airflow/example_dags/tutorial.py took 0.061 seconds
[2025-05-02T20:04:38.463+0000] {processor.py:161} INFO - Started process (PID=2592) to work on /home/airflow/.local/lib/python3.12/site-packages/airflow/example_dags/tutorial.py
[2025-05-02T20:04:38.464+0000] {processor.py:830} INFO - Processing file /home/airflow/.local/lib/python3.12/site-packages/airflow/example_dags/tutorial.py for tasks to queue
[2025-05-02T20:04:38.465+0000] {logging_mixin.py:188} INFO - [2025-05-02T20:04:38.465+0000] {dagbag.py:545} INFO - Filling up the DagBag from /home/airflow/.local/lib/python3.12/site-packages/airflow/example_dags/tutorial.py
[2025-05-02T20:04:38.471+0000] {processor.py:840} INFO - DAG(s) 'tutorial' retrieved from /home/airflow/.local/lib/python3.12/site-packages/airflow/example_dags/tutorial.py
[2025-05-02T20:04:38.486+0000] {logging_mixin.py:188} INFO - [2025-05-02T20:04:38.486+0000] {dag.py:3096} INFO - Sync 1 DAGs
[2025-05-02T20:04:38.506+0000] {logging_mixin.py:188} INFO - [2025-05-02T20:04:38.506+0000] {dag.py:3954} INFO - Setting next_dagrun for tutorial to 2025-05-01 00:00:00+00:00, run_after=2025-05-02 00:00:00+00:00
[2025-05-02T20:04:38.524+0000] {processor.py:183} INFO - Processing /home/airflow/.local/lib/python3.12/site-packages/airflow/example_dags/tutorial.py took 0.066 seconds
[2025-05-02T20:05:10.690+0000] {processor.py:161} INFO - Started process (PID=2652) to work on /home/airflow/.local/lib/python3.12/site-packages/airflow/example_dags/tutorial.py
[2025-05-02T20:05:10.690+0000] {processor.py:830} INFO - Processing file /home/airflow/.local/lib/python3.12/site-packages/airflow/example_dags/tutorial.py for tasks to queue
[2025-05-02T20:05:10.692+0000] {logging_mixin.py:188} INFO - [2025-05-02T20:05:10.691+0000] {dagbag.py:545} INFO - Filling up the DagBag from /home/airflow/.local/lib/python3.12/site-packages/airflow/example_dags/tutorial.py
[2025-05-02T20:05:10.696+0000] {processor.py:840} INFO - DAG(s) 'tutorial' retrieved from /home/airflow/.local/lib/python3.12/site-packages/airflow/example_dags/tutorial.py
[2025-05-02T20:05:10.711+0000] {logging_mixin.py:188} INFO - [2025-05-02T20:05:10.710+0000] {dag.py:3096} INFO - Sync 1 DAGs
[2025-05-02T20:05:10.730+0000] {logging_mixin.py:188} INFO - [2025-05-02T20:05:10.730+0000] {dag.py:3954} INFO - Setting next_dagrun for tutorial to 2025-05-01 00:00:00+00:00, run_after=2025-05-02 00:00:00+00:00
[2025-05-02T20:05:10.746+0000] {processor.py:183} INFO - Processing /home/airflow/.local/lib/python3.12/site-packages/airflow/example_dags/tutorial.py took 0.061 seconds
[2025-05-02T20:05:43.009+0000] {processor.py:161} INFO - Started process (PID=2712) to work on /home/airflow/.local/lib/python3.12/site-packages/airflow/example_dags/tutorial.py
[2025-05-02T20:05:43.010+0000] {processor.py:830} INFO - Processing file /home/airflow/.local/lib/python3.12/site-packages/airflow/example_dags/tutorial.py for tasks to queue
[2025-05-02T20:05:43.011+0000] {logging_mixin.py:188} INFO - [2025-05-02T20:05:43.011+0000] {dagbag.py:545} INFO - Filling up the DagBag from /home/airflow/.local/lib/python3.12/site-packages/airflow/example_dags/tutorial.py
[2025-05-02T20:05:43.015+0000] {processor.py:840} INFO - DAG(s) 'tutorial' retrieved from /home/airflow/.local/lib/python3.12/site-packages/airflow/example_dags/tutorial.py
[2025-05-02T20:05:43.028+0000] {logging_mixin.py:188} INFO - [2025-05-02T20:05:43.028+0000] {dag.py:3096} INFO - Sync 1 DAGs
[2025-05-02T20:05:43.042+0000] {logging_mixin.py:188} INFO - [2025-05-02T20:05:43.042+0000] {dag.py:3954} INFO - Setting next_dagrun for tutorial to 2025-05-01 00:00:00+00:00, run_after=2025-05-02 00:00:00+00:00
[2025-05-02T20:05:43.055+0000] {processor.py:183} INFO - Processing /home/airflow/.local/lib/python3.12/site-packages/airflow/example_dags/tutorial.py took 0.050 seconds
[2025-05-02T20:06:16.036+0000] {processor.py:161} INFO - Started process (PID=2772) to work on /home/airflow/.local/lib/python3.12/site-packages/airflow/example_dags/tutorial.py
[2025-05-02T20:06:16.037+0000] {processor.py:830} INFO - Processing file /home/airflow/.local/lib/python3.12/site-packages/airflow/example_dags/tutorial.py for tasks to queue
[2025-05-02T20:06:16.038+0000] {logging_mixin.py:188} INFO - [2025-05-02T20:06:16.038+0000] {dagbag.py:545} INFO - Filling up the DagBag from /home/airflow/.local/lib/python3.12/site-packages/airflow/example_dags/tutorial.py
[2025-05-02T20:06:16.043+0000] {processor.py:840} INFO - DAG(s) 'tutorial' retrieved from /home/airflow/.local/lib/python3.12/site-packages/airflow/example_dags/tutorial.py
[2025-05-02T20:06:16.055+0000] {logging_mixin.py:188} INFO - [2025-05-02T20:06:16.055+0000] {dag.py:3096} INFO - Sync 1 DAGs
[2025-05-02T20:06:16.069+0000] {logging_mixin.py:188} INFO - [2025-05-02T20:06:16.069+0000] {dag.py:3954} INFO - Setting next_dagrun for tutorial to 2025-05-01 00:00:00+00:00, run_after=2025-05-02 00:00:00+00:00
[2025-05-02T20:06:16.081+0000] {processor.py:183} INFO - Processing /home/airflow/.local/lib/python3.12/site-packages/airflow/example_dags/tutorial.py took 0.048 seconds
[2025-05-02T20:06:48.068+0000] {processor.py:161} INFO - Started process (PID=2832) to work on /home/airflow/.local/lib/python3.12/site-packages/airflow/example_dags/tutorial.py
[2025-05-02T20:06:48.069+0000] {processor.py:830} INFO - Processing file /home/airflow/.local/lib/python3.12/site-packages/airflow/example_dags/tutorial.py for tasks to queue
[2025-05-02T20:06:48.071+0000] {logging_mixin.py:188} INFO - [2025-05-02T20:06:48.071+0000] {dagbag.py:545} INFO - Filling up the DagBag from /home/airflow/.local/lib/python3.12/site-packages/airflow/example_dags/tutorial.py
[2025-05-02T20:06:48.075+0000] {processor.py:840} INFO - DAG(s) 'tutorial' retrieved from /home/airflow/.local/lib/python3.12/site-packages/airflow/example_dags/tutorial.py
[2025-05-02T20:06:48.090+0000] {logging_mixin.py:188} INFO - [2025-05-02T20:06:48.090+0000] {dag.py:3096} INFO - Sync 1 DAGs
[2025-05-02T20:06:48.106+0000] {logging_mixin.py:188} INFO - [2025-05-02T20:06:48.106+0000] {dag.py:3954} INFO - Setting next_dagrun for tutorial to 2025-05-01 00:00:00+00:00, run_after=2025-05-02 00:00:00+00:00
[2025-05-02T20:06:48.121+0000] {processor.py:183} INFO - Processing /home/airflow/.local/lib/python3.12/site-packages/airflow/example_dags/tutorial.py took 0.056 seconds
[2025-05-02T20:07:21.462+0000] {processor.py:161} INFO - Started process (PID=2892) to work on /home/airflow/.local/lib/python3.12/site-packages/airflow/example_dags/tutorial.py
[2025-05-02T20:07:21.463+0000] {processor.py:830} INFO - Processing file /home/airflow/.local/lib/python3.12/site-packages/airflow/example_dags/tutorial.py for tasks to queue
[2025-05-02T20:07:21.465+0000] {logging_mixin.py:188} INFO - [2025-05-02T20:07:21.465+0000] {dagbag.py:545} INFO - Filling up the DagBag from /home/airflow/.local/lib/python3.12/site-packages/airflow/example_dags/tutorial.py
[2025-05-02T20:07:21.470+0000] {processor.py:840} INFO - DAG(s) 'tutorial' retrieved from /home/airflow/.local/lib/python3.12/site-packages/airflow/example_dags/tutorial.py
[2025-05-02T20:07:21.488+0000] {logging_mixin.py:188} INFO - [2025-05-02T20:07:21.487+0000] {dag.py:3096} INFO - Sync 1 DAGs
[2025-05-02T20:07:21.507+0000] {logging_mixin.py:188} INFO - [2025-05-02T20:07:21.506+0000] {dag.py:3954} INFO - Setting next_dagrun for tutorial to 2025-05-01 00:00:00+00:00, run_after=2025-05-02 00:00:00+00:00
[2025-05-02T20:07:21.521+0000] {processor.py:183} INFO - Processing /home/airflow/.local/lib/python3.12/site-packages/airflow/example_dags/tutorial.py took 0.064 seconds
[2025-05-02T20:07:53.780+0000] {processor.py:161} INFO - Started process (PID=2953) to work on /home/airflow/.local/lib/python3.12/site-packages/airflow/example_dags/tutorial.py
[2025-05-02T20:07:53.781+0000] {processor.py:830} INFO - Processing file /home/airflow/.local/lib/python3.12/site-packages/airflow/example_dags/tutorial.py for tasks to queue
[2025-05-02T20:07:53.782+0000] {logging_mixin.py:188} INFO - [2025-05-02T20:07:53.782+0000] {dagbag.py:545} INFO - Filling up the DagBag from /home/airflow/.local/lib/python3.12/site-packages/airflow/example_dags/tutorial.py
[2025-05-02T20:07:53.786+0000] {processor.py:840} INFO - DAG(s) 'tutorial' retrieved from /home/airflow/.local/lib/python3.12/site-packages/airflow/example_dags/tutorial.py
[2025-05-02T20:07:53.801+0000] {logging_mixin.py:188} INFO - [2025-05-02T20:07:53.801+0000] {dag.py:3096} INFO - Sync 1 DAGs
[2025-05-02T20:07:53.818+0000] {logging_mixin.py:188} INFO - [2025-05-02T20:07:53.818+0000] {dag.py:3954} INFO - Setting next_dagrun for tutorial to 2025-05-01 00:00:00+00:00, run_after=2025-05-02 00:00:00+00:00
[2025-05-02T20:07:53.831+0000] {processor.py:183} INFO - Processing /home/airflow/.local/lib/python3.12/site-packages/airflow/example_dags/tutorial.py took 0.055 seconds
[2025-05-02T20:08:25.922+0000] {processor.py:161} INFO - Started process (PID=3013) to work on /home/airflow/.local/lib/python3.12/site-packages/airflow/example_dags/tutorial.py
[2025-05-02T20:08:25.923+0000] {processor.py:830} INFO - Processing file /home/airflow/.local/lib/python3.12/site-packages/airflow/example_dags/tutorial.py for tasks to queue
[2025-05-02T20:08:25.924+0000] {logging_mixin.py:188} INFO - [2025-05-02T20:08:25.924+0000] {dagbag.py:545} INFO - Filling up the DagBag from /home/airflow/.local/lib/python3.12/site-packages/airflow/example_dags/tutorial.py
[2025-05-02T20:08:25.928+0000] {processor.py:840} INFO - DAG(s) 'tutorial' retrieved from /home/airflow/.local/lib/python3.12/site-packages/airflow/example_dags/tutorial.py
[2025-05-02T20:08:25.941+0000] {logging_mixin.py:188} INFO - [2025-05-02T20:08:25.941+0000] {dag.py:3096} INFO - Sync 1 DAGs
[2025-05-02T20:08:25.957+0000] {logging_mixin.py:188} INFO - [2025-05-02T20:08:25.957+0000] {dag.py:3954} INFO - Setting next_dagrun for tutorial to 2025-05-01 00:00:00+00:00, run_after=2025-05-02 00:00:00+00:00
[2025-05-02T20:08:25.972+0000] {processor.py:183} INFO - Processing /home/airflow/.local/lib/python3.12/site-packages/airflow/example_dags/tutorial.py took 0.054 seconds
[2025-05-02T20:08:59.410+0000] {processor.py:161} INFO - Started process (PID=3073) to work on /home/airflow/.local/lib/python3.12/site-packages/airflow/example_dags/tutorial.py
[2025-05-02T20:08:59.411+0000] {processor.py:830} INFO - Processing file /home/airflow/.local/lib/python3.12/site-packages/airflow/example_dags/tutorial.py for tasks to queue
[2025-05-02T20:08:59.412+0000] {logging_mixin.py:188} INFO - [2025-05-02T20:08:59.412+0000] {dagbag.py:545} INFO - Filling up the DagBag from /home/airflow/.local/lib/python3.12/site-packages/airflow/example_dags/tutorial.py
[2025-05-02T20:08:59.416+0000] {processor.py:840} INFO - DAG(s) 'tutorial' retrieved from /home/airflow/.local/lib/python3.12/site-packages/airflow/example_dags/tutorial.py
[2025-05-02T20:08:59.431+0000] {logging_mixin.py:188} INFO - [2025-05-02T20:08:59.431+0000] {dag.py:3096} INFO - Sync 1 DAGs
[2025-05-02T20:08:59.447+0000] {logging_mixin.py:188} INFO - [2025-05-02T20:08:59.446+0000] {dag.py:3954} INFO - Setting next_dagrun for tutorial to 2025-05-01 00:00:00+00:00, run_after=2025-05-02 00:00:00+00:00
[2025-05-02T20:08:59.460+0000] {processor.py:183} INFO - Processing /home/airflow/.local/lib/python3.12/site-packages/airflow/example_dags/tutorial.py took 0.054 seconds
[2025-05-02T20:09:32.147+0000] {processor.py:161} INFO - Started process (PID=3133) to work on /home/airflow/.local/lib/python3.12/site-packages/airflow/example_dags/tutorial.py
[2025-05-02T20:09:32.148+0000] {processor.py:830} INFO - Processing file /home/airflow/.local/lib/python3.12/site-packages/airflow/example_dags/tutorial.py for tasks to queue
[2025-05-02T20:09:32.149+0000] {logging_mixin.py:188} INFO - [2025-05-02T20:09:32.149+0000] {dagbag.py:545} INFO - Filling up the DagBag from /home/airflow/.local/lib/python3.12/site-packages/airflow/example_dags/tutorial.py
[2025-05-02T20:09:32.153+0000] {processor.py:840} INFO - DAG(s) 'tutorial' retrieved from /home/airflow/.local/lib/python3.12/site-packages/airflow/example_dags/tutorial.py
[2025-05-02T20:09:32.168+0000] {logging_mixin.py:188} INFO - [2025-05-02T20:09:32.167+0000] {dag.py:3096} INFO - Sync 1 DAGs
[2025-05-02T20:09:32.184+0000] {logging_mixin.py:188} INFO - [2025-05-02T20:09:32.184+0000] {dag.py:3954} INFO - Setting next_dagrun for tutorial to 2025-05-01 00:00:00+00:00, run_after=2025-05-02 00:00:00+00:00
[2025-05-02T20:09:32.200+0000] {processor.py:183} INFO - Processing /home/airflow/.local/lib/python3.12/site-packages/airflow/example_dags/tutorial.py took 0.057 seconds
[2025-05-02T20:10:04.186+0000] {processor.py:161} INFO - Started process (PID=3193) to work on /home/airflow/.local/lib/python3.12/site-packages/airflow/example_dags/tutorial.py
[2025-05-02T20:10:04.187+0000] {processor.py:830} INFO - Processing file /home/airflow/.local/lib/python3.12/site-packages/airflow/example_dags/tutorial.py for tasks to queue
[2025-05-02T20:10:04.188+0000] {logging_mixin.py:188} INFO - [2025-05-02T20:10:04.188+0000] {dagbag.py:545} INFO - Filling up the DagBag from /home/airflow/.local/lib/python3.12/site-packages/airflow/example_dags/tutorial.py
[2025-05-02T20:10:04.193+0000] {processor.py:840} INFO - DAG(s) 'tutorial' retrieved from /home/airflow/.local/lib/python3.12/site-packages/airflow/example_dags/tutorial.py
[2025-05-02T20:10:04.212+0000] {logging_mixin.py:188} INFO - [2025-05-02T20:10:04.211+0000] {dag.py:3096} INFO - Sync 1 DAGs
[2025-05-02T20:10:04.230+0000] {logging_mixin.py:188} INFO - [2025-05-02T20:10:04.230+0000] {dag.py:3954} INFO - Setting next_dagrun for tutorial to 2025-05-01 00:00:00+00:00, run_after=2025-05-02 00:00:00+00:00
[2025-05-02T20:10:04.245+0000] {processor.py:183} INFO - Processing /home/airflow/.local/lib/python3.12/site-packages/airflow/example_dags/tutorial.py took 0.065 seconds
[2025-05-02T20:10:36.123+0000] {processor.py:161} INFO - Started process (PID=3253) to work on /home/airflow/.local/lib/python3.12/site-packages/airflow/example_dags/tutorial.py
[2025-05-02T20:10:36.124+0000] {processor.py:830} INFO - Processing file /home/airflow/.local/lib/python3.12/site-packages/airflow/example_dags/tutorial.py for tasks to queue
[2025-05-02T20:10:36.125+0000] {logging_mixin.py:188} INFO - [2025-05-02T20:10:36.125+0000] {dagbag.py:545} INFO - Filling up the DagBag from /home/airflow/.local/lib/python3.12/site-packages/airflow/example_dags/tutorial.py
[2025-05-02T20:10:36.129+0000] {processor.py:840} INFO - DAG(s) 'tutorial' retrieved from /home/airflow/.local/lib/python3.12/site-packages/airflow/example_dags/tutorial.py
[2025-05-02T20:10:36.141+0000] {logging_mixin.py:188} INFO - [2025-05-02T20:10:36.141+0000] {dag.py:3096} INFO - Sync 1 DAGs
[2025-05-02T20:10:36.155+0000] {logging_mixin.py:188} INFO - [2025-05-02T20:10:36.154+0000] {dag.py:3954} INFO - Setting next_dagrun for tutorial to 2025-05-01 00:00:00+00:00, run_after=2025-05-02 00:00:00+00:00
[2025-05-02T20:10:36.167+0000] {processor.py:183} INFO - Processing /home/airflow/.local/lib/python3.12/site-packages/airflow/example_dags/tutorial.py took 0.048 seconds
[2025-05-02T20:11:09.338+0000] {processor.py:161} INFO - Started process (PID=3313) to work on /home/airflow/.local/lib/python3.12/site-packages/airflow/example_dags/tutorial.py
[2025-05-02T20:11:09.339+0000] {processor.py:830} INFO - Processing file /home/airflow/.local/lib/python3.12/site-packages/airflow/example_dags/tutorial.py for tasks to queue
[2025-05-02T20:11:09.340+0000] {logging_mixin.py:188} INFO - [2025-05-02T20:11:09.340+0000] {dagbag.py:545} INFO - Filling up the DagBag from /home/airflow/.local/lib/python3.12/site-packages/airflow/example_dags/tutorial.py
[2025-05-02T20:11:09.344+0000] {processor.py:840} INFO - DAG(s) 'tutorial' retrieved from /home/airflow/.local/lib/python3.12/site-packages/airflow/example_dags/tutorial.py
[2025-05-02T20:11:09.357+0000] {logging_mixin.py:188} INFO - [2025-05-02T20:11:09.357+0000] {dag.py:3096} INFO - Sync 1 DAGs
[2025-05-02T20:11:09.371+0000] {logging_mixin.py:188} INFO - [2025-05-02T20:11:09.371+0000] {dag.py:3954} INFO - Setting next_dagrun for tutorial to 2025-05-01 00:00:00+00:00, run_after=2025-05-02 00:00:00+00:00
[2025-05-02T20:11:09.383+0000] {processor.py:183} INFO - Processing /home/airflow/.local/lib/python3.12/site-packages/airflow/example_dags/tutorial.py took 0.049 seconds
[2025-05-02T20:11:41.441+0000] {processor.py:161} INFO - Started process (PID=3373) to work on /home/airflow/.local/lib/python3.12/site-packages/airflow/example_dags/tutorial.py
[2025-05-02T20:11:41.442+0000] {processor.py:830} INFO - Processing file /home/airflow/.local/lib/python3.12/site-packages/airflow/example_dags/tutorial.py for tasks to queue
[2025-05-02T20:11:41.443+0000] {logging_mixin.py:188} INFO - [2025-05-02T20:11:41.443+0000] {dagbag.py:545} INFO - Filling up the DagBag from /home/airflow/.local/lib/python3.12/site-packages/airflow/example_dags/tutorial.py
[2025-05-02T20:11:41.447+0000] {processor.py:840} INFO - DAG(s) 'tutorial' retrieved from /home/airflow/.local/lib/python3.12/site-packages/airflow/example_dags/tutorial.py
[2025-05-02T20:11:41.461+0000] {logging_mixin.py:188} INFO - [2025-05-02T20:11:41.460+0000] {dag.py:3096} INFO - Sync 1 DAGs
[2025-05-02T20:11:41.477+0000] {logging_mixin.py:188} INFO - [2025-05-02T20:11:41.477+0000] {dag.py:3954} INFO - Setting next_dagrun for tutorial to 2025-05-01 00:00:00+00:00, run_after=2025-05-02 00:00:00+00:00
[2025-05-02T20:11:41.490+0000] {processor.py:183} INFO - Processing /home/airflow/.local/lib/python3.12/site-packages/airflow/example_dags/tutorial.py took 0.053 seconds
[2025-05-02T20:12:14.685+0000] {processor.py:161} INFO - Started process (PID=3433) to work on /home/airflow/.local/lib/python3.12/site-packages/airflow/example_dags/tutorial.py
[2025-05-02T20:12:14.685+0000] {processor.py:830} INFO - Processing file /home/airflow/.local/lib/python3.12/site-packages/airflow/example_dags/tutorial.py for tasks to queue
[2025-05-02T20:12:14.687+0000] {logging_mixin.py:188} INFO - [2025-05-02T20:12:14.687+0000] {dagbag.py:545} INFO - Filling up the DagBag from /home/airflow/.local/lib/python3.12/site-packages/airflow/example_dags/tutorial.py
[2025-05-02T20:12:14.691+0000] {processor.py:840} INFO - DAG(s) 'tutorial' retrieved from /home/airflow/.local/lib/python3.12/site-packages/airflow/example_dags/tutorial.py
[2025-05-02T20:12:14.706+0000] {logging_mixin.py:188} INFO - [2025-05-02T20:12:14.706+0000] {dag.py:3096} INFO - Sync 1 DAGs
[2025-05-02T20:12:14.723+0000] {logging_mixin.py:188} INFO - [2025-05-02T20:12:14.723+0000] {dag.py:3954} INFO - Setting next_dagrun for tutorial to 2025-05-01 00:00:00+00:00, run_after=2025-05-02 00:00:00+00:00
[2025-05-02T20:12:14.738+0000] {processor.py:183} INFO - Processing /home/airflow/.local/lib/python3.12/site-packages/airflow/example_dags/tutorial.py took 0.057 seconds
[2025-05-02T20:12:46.745+0000] {processor.py:161} INFO - Started process (PID=3493) to work on /home/airflow/.local/lib/python3.12/site-packages/airflow/example_dags/tutorial.py
[2025-05-02T20:12:46.746+0000] {processor.py:830} INFO - Processing file /home/airflow/.local/lib/python3.12/site-packages/airflow/example_dags/tutorial.py for tasks to queue
[2025-05-02T20:12:46.747+0000] {logging_mixin.py:188} INFO - [2025-05-02T20:12:46.747+0000] {dagbag.py:545} INFO - Filling up the DagBag from /home/airflow/.local/lib/python3.12/site-packages/airflow/example_dags/tutorial.py
[2025-05-02T20:12:46.751+0000] {processor.py:840} INFO - DAG(s) 'tutorial' retrieved from /home/airflow/.local/lib/python3.12/site-packages/airflow/example_dags/tutorial.py
[2025-05-02T20:12:46.766+0000] {logging_mixin.py:188} INFO - [2025-05-02T20:12:46.766+0000] {dag.py:3096} INFO - Sync 1 DAGs
[2025-05-02T20:12:46.783+0000] {logging_mixin.py:188} INFO - [2025-05-02T20:12:46.783+0000] {dag.py:3954} INFO - Setting next_dagrun for tutorial to 2025-05-01 00:00:00+00:00, run_after=2025-05-02 00:00:00+00:00
[2025-05-02T20:12:46.799+0000] {processor.py:183} INFO - Processing /home/airflow/.local/lib/python3.12/site-packages/airflow/example_dags/tutorial.py took 0.057 seconds
