[2025-05-02T19:42:17.084+0000] {processor.py:161} INFO - Started process (PID=34) to work on /opt/airflow/dags/airflow_mlops.py
[2025-05-02T19:42:17.085+0000] {processor.py:830} INFO - Processing file /opt/airflow/dags/airflow_mlops.py for tasks to queue
[2025-05-02T19:42:17.087+0000] {logging_mixin.py:188} INFO - [2025-05-02T19:42:17.087+0000] {dagbag.py:545} INFO - Filling up the DagBag from /opt/airflow/dags/airflow_mlops.py
[2025-05-02T19:42:18.532+0000] {processor.py:840} INFO - DAG(s) 'projet_mlops' retrieved from /opt/airflow/dags/airflow_mlops.py
[2025-05-02T19:42:18.893+0000] {logging_mixin.py:188} INFO - [2025-05-02T19:42:18.892+0000] {override.py:1829} INFO - Created Permission View: can edit on DAG:projet_mlops
[2025-05-02T19:42:18.903+0000] {logging_mixin.py:188} INFO - [2025-05-02T19:42:18.903+0000] {override.py:1829} INFO - Created Permission View: can read on DAG:projet_mlops
[2025-05-02T19:42:18.910+0000] {logging_mixin.py:188} INFO - [2025-05-02T19:42:18.909+0000] {override.py:1829} INFO - Created Permission View: can delete on DAG:projet_mlops
[2025-05-02T19:42:18.910+0000] {logging_mixin.py:188} INFO - [2025-05-02T19:42:18.910+0000] {dag.py:3096} INFO - Sync 1 DAGs
[2025-05-02T19:42:18.919+0000] {logging_mixin.py:188} INFO - [2025-05-02T19:42:18.918+0000] {dag.py:3118} INFO - Creating ORM DAG for projet_mlops
[2025-05-02T19:42:18.929+0000] {logging_mixin.py:188} INFO - [2025-05-02T19:42:18.928+0000] {dag.py:3954} INFO - Setting next_dagrun for projet_mlops to 2025-05-02 19:15:00+00:00, run_after=2025-05-02 19:30:00+00:00
[2025-05-02T19:42:18.964+0000] {processor.py:183} INFO - Processing /opt/airflow/dags/airflow_mlops.py took 1.886 seconds
[2025-05-02T19:42:49.294+0000] {processor.py:161} INFO - Started process (PID=97) to work on /opt/airflow/dags/airflow_mlops.py
[2025-05-02T19:42:49.298+0000] {processor.py:830} INFO - Processing file /opt/airflow/dags/airflow_mlops.py for tasks to queue
[2025-05-02T19:42:49.301+0000] {logging_mixin.py:188} INFO - [2025-05-02T19:42:49.300+0000] {dagbag.py:545} INFO - Filling up the DagBag from /opt/airflow/dags/airflow_mlops.py
[2025-05-02T19:42:49.842+0000] {processor.py:840} INFO - DAG(s) 'projet_mlops' retrieved from /opt/airflow/dags/airflow_mlops.py
[2025-05-02T19:42:49.856+0000] {logging_mixin.py:188} INFO - [2025-05-02T19:42:49.855+0000] {dag.py:3096} INFO - Sync 1 DAGs
[2025-05-02T19:42:49.870+0000] {logging_mixin.py:188} INFO - [2025-05-02T19:42:49.870+0000] {dag.py:3954} INFO - Setting next_dagrun for projet_mlops to 2025-05-02 19:15:00+00:00, run_after=2025-05-02 19:30:00+00:00
[2025-05-02T19:42:49.902+0000] {processor.py:183} INFO - Processing /opt/airflow/dags/airflow_mlops.py took 0.613 seconds
[2025-05-02T19:43:20.087+0000] {processor.py:161} INFO - Started process (PID=162) to work on /opt/airflow/dags/airflow_mlops.py
[2025-05-02T19:43:20.087+0000] {processor.py:830} INFO - Processing file /opt/airflow/dags/airflow_mlops.py for tasks to queue
[2025-05-02T19:43:20.089+0000] {logging_mixin.py:188} INFO - [2025-05-02T19:43:20.089+0000] {dagbag.py:545} INFO - Filling up the DagBag from /opt/airflow/dags/airflow_mlops.py
[2025-05-02T19:43:20.456+0000] {processor.py:840} INFO - DAG(s) 'projet_mlops' retrieved from /opt/airflow/dags/airflow_mlops.py
[2025-05-02T19:43:20.467+0000] {logging_mixin.py:188} INFO - [2025-05-02T19:43:20.467+0000] {dag.py:3096} INFO - Sync 1 DAGs
[2025-05-02T19:43:20.486+0000] {logging_mixin.py:188} INFO - [2025-05-02T19:43:20.486+0000] {dag.py:3954} INFO - Setting next_dagrun for projet_mlops to 2025-05-02 19:15:00+00:00, run_after=2025-05-02 19:30:00+00:00
[2025-05-02T19:43:20.502+0000] {processor.py:183} INFO - Processing /opt/airflow/dags/airflow_mlops.py took 0.419 seconds
[2025-05-02T19:43:51.315+0000] {processor.py:161} INFO - Started process (PID=224) to work on /opt/airflow/dags/airflow_mlops.py
[2025-05-02T19:43:51.316+0000] {processor.py:830} INFO - Processing file /opt/airflow/dags/airflow_mlops.py for tasks to queue
[2025-05-02T19:43:51.317+0000] {logging_mixin.py:188} INFO - [2025-05-02T19:43:51.317+0000] {dagbag.py:545} INFO - Filling up the DagBag from /opt/airflow/dags/airflow_mlops.py
[2025-05-02T19:43:51.719+0000] {processor.py:840} INFO - DAG(s) 'projet_mlops' retrieved from /opt/airflow/dags/airflow_mlops.py
[2025-05-02T19:43:51.731+0000] {logging_mixin.py:188} INFO - [2025-05-02T19:43:51.731+0000] {dag.py:3096} INFO - Sync 1 DAGs
[2025-05-02T19:43:51.745+0000] {logging_mixin.py:188} INFO - [2025-05-02T19:43:51.745+0000] {dag.py:3954} INFO - Setting next_dagrun for projet_mlops to 2025-05-02 19:15:00+00:00, run_after=2025-05-02 19:30:00+00:00
[2025-05-02T19:43:51.757+0000] {processor.py:183} INFO - Processing /opt/airflow/dags/airflow_mlops.py took 0.447 seconds
[2025-05-02T19:44:21.845+0000] {processor.py:161} INFO - Started process (PID=284) to work on /opt/airflow/dags/airflow_mlops.py
[2025-05-02T19:44:21.846+0000] {processor.py:830} INFO - Processing file /opt/airflow/dags/airflow_mlops.py for tasks to queue
[2025-05-02T19:44:21.854+0000] {logging_mixin.py:188} INFO - [2025-05-02T19:44:21.851+0000] {dagbag.py:545} INFO - Filling up the DagBag from /opt/airflow/dags/airflow_mlops.py
[2025-05-02T19:44:22.352+0000] {processor.py:840} INFO - DAG(s) 'projet_mlops' retrieved from /opt/airflow/dags/airflow_mlops.py
[2025-05-02T19:44:22.364+0000] {logging_mixin.py:188} INFO - [2025-05-02T19:44:22.363+0000] {dag.py:3096} INFO - Sync 1 DAGs
[2025-05-02T19:44:22.381+0000] {logging_mixin.py:188} INFO - [2025-05-02T19:44:22.381+0000] {dag.py:3954} INFO - Setting next_dagrun for projet_mlops to 2025-05-02 19:15:00+00:00, run_after=2025-05-02 19:30:00+00:00
[2025-05-02T19:44:22.417+0000] {processor.py:183} INFO - Processing /opt/airflow/dags/airflow_mlops.py took 0.578 seconds
[2025-05-02T19:44:53.257+0000] {processor.py:161} INFO - Started process (PID=347) to work on /opt/airflow/dags/airflow_mlops.py
[2025-05-02T19:44:53.257+0000] {processor.py:830} INFO - Processing file /opt/airflow/dags/airflow_mlops.py for tasks to queue
[2025-05-02T19:44:53.259+0000] {logging_mixin.py:188} INFO - [2025-05-02T19:44:53.259+0000] {dagbag.py:545} INFO - Filling up the DagBag from /opt/airflow/dags/airflow_mlops.py
[2025-05-02T19:44:53.696+0000] {processor.py:840} INFO - DAG(s) 'projet_mlops' retrieved from /opt/airflow/dags/airflow_mlops.py
[2025-05-02T19:44:53.706+0000] {logging_mixin.py:188} INFO - [2025-05-02T19:44:53.706+0000] {dag.py:3096} INFO - Sync 1 DAGs
[2025-05-02T19:44:53.722+0000] {logging_mixin.py:188} INFO - [2025-05-02T19:44:53.722+0000] {dag.py:3954} INFO - Setting next_dagrun for projet_mlops to 2025-05-02 19:15:00+00:00, run_after=2025-05-02 19:30:00+00:00
[2025-05-02T19:44:53.736+0000] {processor.py:183} INFO - Processing /opt/airflow/dags/airflow_mlops.py took 0.485 seconds
[2025-05-02T19:45:23.806+0000] {processor.py:161} INFO - Started process (PID=411) to work on /opt/airflow/dags/airflow_mlops.py
[2025-05-02T19:45:23.807+0000] {processor.py:830} INFO - Processing file /opt/airflow/dags/airflow_mlops.py for tasks to queue
[2025-05-02T19:45:23.809+0000] {logging_mixin.py:188} INFO - [2025-05-02T19:45:23.809+0000] {dagbag.py:545} INFO - Filling up the DagBag from /opt/airflow/dags/airflow_mlops.py
[2025-05-02T19:45:24.189+0000] {processor.py:840} INFO - DAG(s) 'projet_mlops' retrieved from /opt/airflow/dags/airflow_mlops.py
[2025-05-02T19:45:24.203+0000] {logging_mixin.py:188} INFO - [2025-05-02T19:45:24.203+0000] {dag.py:3096} INFO - Sync 1 DAGs
[2025-05-02T19:45:24.223+0000] {logging_mixin.py:188} INFO - [2025-05-02T19:45:24.223+0000] {dag.py:3954} INFO - Setting next_dagrun for projet_mlops to 2025-05-02 19:30:00+00:00, run_after=2025-05-02 19:45:00+00:00
[2025-05-02T19:45:24.241+0000] {processor.py:183} INFO - Processing /opt/airflow/dags/airflow_mlops.py took 0.440 seconds
[2025-05-02T19:45:54.285+0000] {processor.py:161} INFO - Started process (PID=475) to work on /opt/airflow/dags/airflow_mlops.py
[2025-05-02T19:45:54.285+0000] {processor.py:830} INFO - Processing file /opt/airflow/dags/airflow_mlops.py for tasks to queue
[2025-05-02T19:45:54.287+0000] {logging_mixin.py:188} INFO - [2025-05-02T19:45:54.287+0000] {dagbag.py:545} INFO - Filling up the DagBag from /opt/airflow/dags/airflow_mlops.py
[2025-05-02T19:45:54.674+0000] {processor.py:840} INFO - DAG(s) 'projet_mlops' retrieved from /opt/airflow/dags/airflow_mlops.py
[2025-05-02T19:45:54.685+0000] {logging_mixin.py:188} INFO - [2025-05-02T19:45:54.685+0000] {dag.py:3096} INFO - Sync 1 DAGs
[2025-05-02T19:45:54.698+0000] {logging_mixin.py:188} INFO - [2025-05-02T19:45:54.698+0000] {dag.py:3954} INFO - Setting next_dagrun for projet_mlops to 2025-05-02 19:30:00+00:00, run_after=2025-05-02 19:45:00+00:00
[2025-05-02T19:45:54.738+0000] {processor.py:183} INFO - Processing /opt/airflow/dags/airflow_mlops.py took 0.458 seconds
[2025-05-02T19:46:25.535+0000] {processor.py:161} INFO - Started process (PID=535) to work on /opt/airflow/dags/airflow_mlops.py
[2025-05-02T19:46:25.536+0000] {processor.py:830} INFO - Processing file /opt/airflow/dags/airflow_mlops.py for tasks to queue
[2025-05-02T19:46:25.538+0000] {logging_mixin.py:188} INFO - [2025-05-02T19:46:25.538+0000] {dagbag.py:545} INFO - Filling up the DagBag from /opt/airflow/dags/airflow_mlops.py
[2025-05-02T19:46:25.972+0000] {processor.py:840} INFO - DAG(s) 'projet_mlops' retrieved from /opt/airflow/dags/airflow_mlops.py
[2025-05-02T19:46:25.985+0000] {logging_mixin.py:188} INFO - [2025-05-02T19:46:25.985+0000] {dag.py:3096} INFO - Sync 1 DAGs
[2025-05-02T19:46:26.003+0000] {logging_mixin.py:188} INFO - [2025-05-02T19:46:26.002+0000] {dag.py:3954} INFO - Setting next_dagrun for projet_mlops to 2025-05-02 19:30:00+00:00, run_after=2025-05-02 19:45:00+00:00
[2025-05-02T19:46:26.021+0000] {processor.py:183} INFO - Processing /opt/airflow/dags/airflow_mlops.py took 0.490 seconds
[2025-05-02T19:46:56.097+0000] {processor.py:161} INFO - Started process (PID=598) to work on /opt/airflow/dags/airflow_mlops.py
[2025-05-02T19:46:56.098+0000] {processor.py:830} INFO - Processing file /opt/airflow/dags/airflow_mlops.py for tasks to queue
[2025-05-02T19:46:56.100+0000] {logging_mixin.py:188} INFO - [2025-05-02T19:46:56.099+0000] {dagbag.py:545} INFO - Filling up the DagBag from /opt/airflow/dags/airflow_mlops.py
[2025-05-02T19:46:56.464+0000] {processor.py:840} INFO - DAG(s) 'projet_mlops' retrieved from /opt/airflow/dags/airflow_mlops.py
[2025-05-02T19:46:56.476+0000] {logging_mixin.py:188} INFO - [2025-05-02T19:46:56.476+0000] {dag.py:3096} INFO - Sync 1 DAGs
[2025-05-02T19:46:56.495+0000] {logging_mixin.py:188} INFO - [2025-05-02T19:46:56.494+0000] {dag.py:3954} INFO - Setting next_dagrun for projet_mlops to 2025-05-02 19:30:00+00:00, run_after=2025-05-02 19:45:00+00:00
[2025-05-02T19:46:56.508+0000] {processor.py:183} INFO - Processing /opt/airflow/dags/airflow_mlops.py took 0.416 seconds
[2025-05-02T19:47:26.566+0000] {processor.py:161} INFO - Started process (PID=662) to work on /opt/airflow/dags/airflow_mlops.py
[2025-05-02T19:47:26.567+0000] {processor.py:830} INFO - Processing file /opt/airflow/dags/airflow_mlops.py for tasks to queue
[2025-05-02T19:47:26.568+0000] {logging_mixin.py:188} INFO - [2025-05-02T19:47:26.568+0000] {dagbag.py:545} INFO - Filling up the DagBag from /opt/airflow/dags/airflow_mlops.py
[2025-05-02T19:47:26.908+0000] {processor.py:840} INFO - DAG(s) 'projet_mlops' retrieved from /opt/airflow/dags/airflow_mlops.py
[2025-05-02T19:47:26.922+0000] {logging_mixin.py:188} INFO - [2025-05-02T19:47:26.921+0000] {dag.py:3096} INFO - Sync 1 DAGs
[2025-05-02T19:47:26.937+0000] {logging_mixin.py:188} INFO - [2025-05-02T19:47:26.937+0000] {dag.py:3954} INFO - Setting next_dagrun for projet_mlops to 2025-05-02 19:30:00+00:00, run_after=2025-05-02 19:45:00+00:00
[2025-05-02T19:47:26.952+0000] {processor.py:183} INFO - Processing /opt/airflow/dags/airflow_mlops.py took 0.390 seconds
[2025-05-02T19:47:57.057+0000] {processor.py:161} INFO - Started process (PID=716) to work on /opt/airflow/dags/airflow_mlops.py
[2025-05-02T19:47:57.058+0000] {processor.py:830} INFO - Processing file /opt/airflow/dags/airflow_mlops.py for tasks to queue
[2025-05-02T19:47:57.059+0000] {logging_mixin.py:188} INFO - [2025-05-02T19:47:57.059+0000] {dagbag.py:545} INFO - Filling up the DagBag from /opt/airflow/dags/airflow_mlops.py
[2025-05-02T19:47:57.408+0000] {processor.py:840} INFO - DAG(s) 'projet_mlops' retrieved from /opt/airflow/dags/airflow_mlops.py
[2025-05-02T19:47:57.420+0000] {logging_mixin.py:188} INFO - [2025-05-02T19:47:57.419+0000] {dag.py:3096} INFO - Sync 1 DAGs
[2025-05-02T19:47:57.436+0000] {logging_mixin.py:188} INFO - [2025-05-02T19:47:57.436+0000] {dag.py:3954} INFO - Setting next_dagrun for projet_mlops to 2025-05-02 19:30:00+00:00, run_after=2025-05-02 19:45:00+00:00
[2025-05-02T19:47:57.451+0000] {processor.py:183} INFO - Processing /opt/airflow/dags/airflow_mlops.py took 0.399 seconds
[2025-05-02T19:48:28.296+0000] {processor.py:161} INFO - Started process (PID=776) to work on /opt/airflow/dags/airflow_mlops.py
[2025-05-02T19:48:28.298+0000] {processor.py:830} INFO - Processing file /opt/airflow/dags/airflow_mlops.py for tasks to queue
[2025-05-02T19:48:28.300+0000] {logging_mixin.py:188} INFO - [2025-05-02T19:48:28.299+0000] {dagbag.py:545} INFO - Filling up the DagBag from /opt/airflow/dags/airflow_mlops.py
[2025-05-02T19:48:28.743+0000] {processor.py:840} INFO - DAG(s) 'projet_mlops' retrieved from /opt/airflow/dags/airflow_mlops.py
[2025-05-02T19:48:28.755+0000] {logging_mixin.py:188} INFO - [2025-05-02T19:48:28.754+0000] {dag.py:3096} INFO - Sync 1 DAGs
[2025-05-02T19:48:28.771+0000] {logging_mixin.py:188} INFO - [2025-05-02T19:48:28.771+0000] {dag.py:3954} INFO - Setting next_dagrun for projet_mlops to 2025-05-02 19:30:00+00:00, run_after=2025-05-02 19:45:00+00:00
[2025-05-02T19:48:28.786+0000] {processor.py:183} INFO - Processing /opt/airflow/dags/airflow_mlops.py took 0.495 seconds
[2025-05-02T19:48:58.935+0000] {processor.py:161} INFO - Started process (PID=839) to work on /opt/airflow/dags/airflow_mlops.py
[2025-05-02T19:48:58.936+0000] {processor.py:830} INFO - Processing file /opt/airflow/dags/airflow_mlops.py for tasks to queue
[2025-05-02T19:48:58.937+0000] {logging_mixin.py:188} INFO - [2025-05-02T19:48:58.937+0000] {dagbag.py:545} INFO - Filling up the DagBag from /opt/airflow/dags/airflow_mlops.py
[2025-05-02T19:48:59.395+0000] {processor.py:840} INFO - DAG(s) 'projet_mlops' retrieved from /opt/airflow/dags/airflow_mlops.py
[2025-05-02T19:48:59.415+0000] {logging_mixin.py:188} INFO - [2025-05-02T19:48:59.414+0000] {dag.py:3096} INFO - Sync 1 DAGs
[2025-05-02T19:48:59.433+0000] {logging_mixin.py:188} INFO - [2025-05-02T19:48:59.433+0000] {dag.py:3954} INFO - Setting next_dagrun for projet_mlops to 2025-05-02 19:30:00+00:00, run_after=2025-05-02 19:45:00+00:00
[2025-05-02T19:48:59.451+0000] {processor.py:183} INFO - Processing /opt/airflow/dags/airflow_mlops.py took 0.521 seconds
[2025-05-02T19:49:29.537+0000] {processor.py:161} INFO - Started process (PID=901) to work on /opt/airflow/dags/airflow_mlops.py
[2025-05-02T19:49:29.537+0000] {processor.py:830} INFO - Processing file /opt/airflow/dags/airflow_mlops.py for tasks to queue
[2025-05-02T19:49:29.539+0000] {logging_mixin.py:188} INFO - [2025-05-02T19:49:29.539+0000] {dagbag.py:545} INFO - Filling up the DagBag from /opt/airflow/dags/airflow_mlops.py
[2025-05-02T19:49:30.014+0000] {processor.py:840} INFO - DAG(s) 'projet_mlops' retrieved from /opt/airflow/dags/airflow_mlops.py
[2025-05-02T19:49:30.026+0000] {logging_mixin.py:188} INFO - [2025-05-02T19:49:30.025+0000] {dag.py:3096} INFO - Sync 1 DAGs
[2025-05-02T19:49:30.042+0000] {logging_mixin.py:188} INFO - [2025-05-02T19:49:30.042+0000] {dag.py:3954} INFO - Setting next_dagrun for projet_mlops to 2025-05-02 19:30:00+00:00, run_after=2025-05-02 19:45:00+00:00
[2025-05-02T19:49:30.062+0000] {processor.py:183} INFO - Processing /opt/airflow/dags/airflow_mlops.py took 0.531 seconds
[2025-05-02T19:50:01.480+0000] {processor.py:161} INFO - Started process (PID=961) to work on /opt/airflow/dags/airflow_mlops.py
[2025-05-02T19:50:01.481+0000] {processor.py:830} INFO - Processing file /opt/airflow/dags/airflow_mlops.py for tasks to queue
[2025-05-02T19:50:01.483+0000] {logging_mixin.py:188} INFO - [2025-05-02T19:50:01.482+0000] {dagbag.py:545} INFO - Filling up the DagBag from /opt/airflow/dags/airflow_mlops.py
[2025-05-02T19:50:01.823+0000] {processor.py:840} INFO - DAG(s) 'projet_mlops' retrieved from /opt/airflow/dags/airflow_mlops.py
[2025-05-02T19:50:01.835+0000] {logging_mixin.py:188} INFO - [2025-05-02T19:50:01.834+0000] {dag.py:3096} INFO - Sync 1 DAGs
[2025-05-02T19:50:01.850+0000] {logging_mixin.py:188} INFO - [2025-05-02T19:50:01.849+0000] {dag.py:3954} INFO - Setting next_dagrun for projet_mlops to 2025-05-02 19:30:00+00:00, run_after=2025-05-02 19:45:00+00:00
[2025-05-02T19:50:01.864+0000] {processor.py:183} INFO - Processing /opt/airflow/dags/airflow_mlops.py took 0.388 seconds
[2025-05-02T19:50:32.331+0000] {processor.py:161} INFO - Started process (PID=989) to work on /opt/airflow/dags/airflow_mlops.py
[2025-05-02T19:50:32.332+0000] {processor.py:830} INFO - Processing file /opt/airflow/dags/airflow_mlops.py for tasks to queue
[2025-05-02T19:50:32.334+0000] {logging_mixin.py:188} INFO - [2025-05-02T19:50:32.333+0000] {dagbag.py:545} INFO - Filling up the DagBag from /opt/airflow/dags/airflow_mlops.py
[2025-05-02T19:50:32.794+0000] {processor.py:840} INFO - DAG(s) 'projet_mlops' retrieved from /opt/airflow/dags/airflow_mlops.py
[2025-05-02T19:50:32.807+0000] {logging_mixin.py:188} INFO - [2025-05-02T19:50:32.807+0000] {dag.py:3096} INFO - Sync 1 DAGs
[2025-05-02T19:50:32.823+0000] {logging_mixin.py:188} INFO - [2025-05-02T19:50:32.823+0000] {dag.py:3954} INFO - Setting next_dagrun for projet_mlops to 2025-05-02 19:30:00+00:00, run_after=2025-05-02 19:45:00+00:00
[2025-05-02T19:50:32.845+0000] {processor.py:183} INFO - Processing /opt/airflow/dags/airflow_mlops.py took 0.519 seconds
[2025-05-02T19:51:04.639+0000] {processor.py:161} INFO - Started process (PID=1049) to work on /opt/airflow/dags/airflow_mlops.py
[2025-05-02T19:51:04.640+0000] {processor.py:830} INFO - Processing file /opt/airflow/dags/airflow_mlops.py for tasks to queue
[2025-05-02T19:51:04.643+0000] {logging_mixin.py:188} INFO - [2025-05-02T19:51:04.642+0000] {dagbag.py:545} INFO - Filling up the DagBag from /opt/airflow/dags/airflow_mlops.py
[2025-05-02T19:51:05.005+0000] {processor.py:840} INFO - DAG(s) 'projet_mlops' retrieved from /opt/airflow/dags/airflow_mlops.py
[2025-05-02T19:51:05.017+0000] {logging_mixin.py:188} INFO - [2025-05-02T19:51:05.017+0000] {dag.py:3096} INFO - Sync 1 DAGs
[2025-05-02T19:51:05.042+0000] {logging_mixin.py:188} INFO - [2025-05-02T19:51:05.042+0000] {dag.py:3954} INFO - Setting next_dagrun for projet_mlops to 2025-05-02 19:30:00+00:00, run_after=2025-05-02 19:45:00+00:00
[2025-05-02T19:51:05.066+0000] {processor.py:183} INFO - Processing /opt/airflow/dags/airflow_mlops.py took 0.434 seconds
[2025-05-02T19:51:36.892+0000] {processor.py:161} INFO - Started process (PID=1109) to work on /opt/airflow/dags/airflow_mlops.py
[2025-05-02T19:51:36.892+0000] {processor.py:830} INFO - Processing file /opt/airflow/dags/airflow_mlops.py for tasks to queue
[2025-05-02T19:51:36.895+0000] {logging_mixin.py:188} INFO - [2025-05-02T19:51:36.894+0000] {dagbag.py:545} INFO - Filling up the DagBag from /opt/airflow/dags/airflow_mlops.py
[2025-05-02T19:51:37.322+0000] {processor.py:840} INFO - DAG(s) 'projet_mlops' retrieved from /opt/airflow/dags/airflow_mlops.py
[2025-05-02T19:51:37.344+0000] {logging_mixin.py:188} INFO - [2025-05-02T19:51:37.343+0000] {dag.py:3096} INFO - Sync 1 DAGs
[2025-05-02T19:51:37.360+0000] {logging_mixin.py:188} INFO - [2025-05-02T19:51:37.360+0000] {dag.py:3954} INFO - Setting next_dagrun for projet_mlops to 2025-05-02 19:30:00+00:00, run_after=2025-05-02 19:45:00+00:00
[2025-05-02T19:51:37.373+0000] {processor.py:183} INFO - Processing /opt/airflow/dags/airflow_mlops.py took 0.487 seconds
[2025-05-02T19:52:09.226+0000] {processor.py:161} INFO - Started process (PID=1169) to work on /opt/airflow/dags/airflow_mlops.py
[2025-05-02T19:52:09.227+0000] {processor.py:830} INFO - Processing file /opt/airflow/dags/airflow_mlops.py for tasks to queue
[2025-05-02T19:52:09.229+0000] {logging_mixin.py:188} INFO - [2025-05-02T19:52:09.228+0000] {dagbag.py:545} INFO - Filling up the DagBag from /opt/airflow/dags/airflow_mlops.py
[2025-05-02T19:52:09.571+0000] {processor.py:840} INFO - DAG(s) 'projet_mlops' retrieved from /opt/airflow/dags/airflow_mlops.py
[2025-05-02T19:52:09.583+0000] {logging_mixin.py:188} INFO - [2025-05-02T19:52:09.583+0000] {dag.py:3096} INFO - Sync 1 DAGs
[2025-05-02T19:52:09.602+0000] {logging_mixin.py:188} INFO - [2025-05-02T19:52:09.601+0000] {dag.py:3954} INFO - Setting next_dagrun for projet_mlops to 2025-05-02 19:30:00+00:00, run_after=2025-05-02 19:45:00+00:00
[2025-05-02T19:52:09.617+0000] {processor.py:183} INFO - Processing /opt/airflow/dags/airflow_mlops.py took 0.397 seconds
[2025-05-02T19:52:41.887+0000] {processor.py:161} INFO - Started process (PID=1229) to work on /opt/airflow/dags/airflow_mlops.py
[2025-05-02T19:52:41.888+0000] {processor.py:830} INFO - Processing file /opt/airflow/dags/airflow_mlops.py for tasks to queue
[2025-05-02T19:52:41.890+0000] {logging_mixin.py:188} INFO - [2025-05-02T19:52:41.890+0000] {dagbag.py:545} INFO - Filling up the DagBag from /opt/airflow/dags/airflow_mlops.py
[2025-05-02T19:52:42.235+0000] {processor.py:840} INFO - DAG(s) 'projet_mlops' retrieved from /opt/airflow/dags/airflow_mlops.py
[2025-05-02T19:52:42.248+0000] {logging_mixin.py:188} INFO - [2025-05-02T19:52:42.248+0000] {dag.py:3096} INFO - Sync 1 DAGs
[2025-05-02T19:52:42.266+0000] {logging_mixin.py:188} INFO - [2025-05-02T19:52:42.266+0000] {dag.py:3954} INFO - Setting next_dagrun for projet_mlops to 2025-05-02 19:30:00+00:00, run_after=2025-05-02 19:45:00+00:00
[2025-05-02T19:52:42.280+0000] {processor.py:183} INFO - Processing /opt/airflow/dags/airflow_mlops.py took 0.398 seconds
[2025-05-02T19:53:14.245+0000] {processor.py:161} INFO - Started process (PID=1289) to work on /opt/airflow/dags/airflow_mlops.py
[2025-05-02T19:53:14.246+0000] {processor.py:830} INFO - Processing file /opt/airflow/dags/airflow_mlops.py for tasks to queue
[2025-05-02T19:53:14.247+0000] {logging_mixin.py:188} INFO - [2025-05-02T19:53:14.247+0000] {dagbag.py:545} INFO - Filling up the DagBag from /opt/airflow/dags/airflow_mlops.py
[2025-05-02T19:53:14.641+0000] {processor.py:840} INFO - DAG(s) 'projet_mlops' retrieved from /opt/airflow/dags/airflow_mlops.py
[2025-05-02T19:53:14.662+0000] {logging_mixin.py:188} INFO - [2025-05-02T19:53:14.662+0000] {dag.py:3096} INFO - Sync 1 DAGs
[2025-05-02T19:53:14.681+0000] {logging_mixin.py:188} INFO - [2025-05-02T19:53:14.680+0000] {dag.py:3954} INFO - Setting next_dagrun for projet_mlops to 2025-05-02 19:30:00+00:00, run_after=2025-05-02 19:45:00+00:00
[2025-05-02T19:53:14.699+0000] {processor.py:183} INFO - Processing /opt/airflow/dags/airflow_mlops.py took 0.458 seconds
[2025-05-02T19:53:46.820+0000] {processor.py:161} INFO - Started process (PID=1349) to work on /opt/airflow/dags/airflow_mlops.py
[2025-05-02T19:53:46.821+0000] {processor.py:830} INFO - Processing file /opt/airflow/dags/airflow_mlops.py for tasks to queue
[2025-05-02T19:53:46.823+0000] {logging_mixin.py:188} INFO - [2025-05-02T19:53:46.822+0000] {dagbag.py:545} INFO - Filling up the DagBag from /opt/airflow/dags/airflow_mlops.py
[2025-05-02T19:53:47.283+0000] {processor.py:840} INFO - DAG(s) 'projet_mlops' retrieved from /opt/airflow/dags/airflow_mlops.py
[2025-05-02T19:53:47.296+0000] {logging_mixin.py:188} INFO - [2025-05-02T19:53:47.295+0000] {dag.py:3096} INFO - Sync 1 DAGs
[2025-05-02T19:53:47.309+0000] {logging_mixin.py:188} INFO - [2025-05-02T19:53:47.309+0000] {dag.py:3954} INFO - Setting next_dagrun for projet_mlops to 2025-05-02 19:30:00+00:00, run_after=2025-05-02 19:45:00+00:00
[2025-05-02T19:53:47.324+0000] {processor.py:183} INFO - Processing /opt/airflow/dags/airflow_mlops.py took 0.510 seconds
[2025-05-02T19:54:19.394+0000] {processor.py:161} INFO - Started process (PID=1409) to work on /opt/airflow/dags/airflow_mlops.py
[2025-05-02T19:54:19.395+0000] {processor.py:830} INFO - Processing file /opt/airflow/dags/airflow_mlops.py for tasks to queue
[2025-05-02T19:54:19.396+0000] {logging_mixin.py:188} INFO - [2025-05-02T19:54:19.396+0000] {dagbag.py:545} INFO - Filling up the DagBag from /opt/airflow/dags/airflow_mlops.py
[2025-05-02T19:54:19.811+0000] {processor.py:840} INFO - DAG(s) 'projet_mlops' retrieved from /opt/airflow/dags/airflow_mlops.py
[2025-05-02T19:54:19.827+0000] {logging_mixin.py:188} INFO - [2025-05-02T19:54:19.826+0000] {dag.py:3096} INFO - Sync 1 DAGs
[2025-05-02T19:54:19.848+0000] {logging_mixin.py:188} INFO - [2025-05-02T19:54:19.848+0000] {dag.py:3954} INFO - Setting next_dagrun for projet_mlops to 2025-05-02 19:30:00+00:00, run_after=2025-05-02 19:45:00+00:00
[2025-05-02T19:54:19.862+0000] {processor.py:183} INFO - Processing /opt/airflow/dags/airflow_mlops.py took 0.474 seconds
[2025-05-02T19:54:51.854+0000] {processor.py:161} INFO - Started process (PID=1469) to work on /opt/airflow/dags/airflow_mlops.py
[2025-05-02T19:54:51.855+0000] {processor.py:830} INFO - Processing file /opt/airflow/dags/airflow_mlops.py for tasks to queue
[2025-05-02T19:54:51.856+0000] {logging_mixin.py:188} INFO - [2025-05-02T19:54:51.856+0000] {dagbag.py:545} INFO - Filling up the DagBag from /opt/airflow/dags/airflow_mlops.py
[2025-05-02T19:54:52.208+0000] {processor.py:840} INFO - DAG(s) 'projet_mlops' retrieved from /opt/airflow/dags/airflow_mlops.py
[2025-05-02T19:54:52.218+0000] {logging_mixin.py:188} INFO - [2025-05-02T19:54:52.218+0000] {dag.py:3096} INFO - Sync 1 DAGs
[2025-05-02T19:54:52.235+0000] {logging_mixin.py:188} INFO - [2025-05-02T19:54:52.235+0000] {dag.py:3954} INFO - Setting next_dagrun for projet_mlops to 2025-05-02 19:30:00+00:00, run_after=2025-05-02 19:45:00+00:00
[2025-05-02T19:54:52.252+0000] {processor.py:183} INFO - Processing /opt/airflow/dags/airflow_mlops.py took 0.403 seconds
[2025-05-02T19:55:23.892+0000] {processor.py:161} INFO - Started process (PID=1529) to work on /opt/airflow/dags/airflow_mlops.py
[2025-05-02T19:55:23.892+0000] {processor.py:830} INFO - Processing file /opt/airflow/dags/airflow_mlops.py for tasks to queue
[2025-05-02T19:55:23.894+0000] {logging_mixin.py:188} INFO - [2025-05-02T19:55:23.894+0000] {dagbag.py:545} INFO - Filling up the DagBag from /opt/airflow/dags/airflow_mlops.py
[2025-05-02T19:55:24.218+0000] {processor.py:840} INFO - DAG(s) 'projet_mlops' retrieved from /opt/airflow/dags/airflow_mlops.py
[2025-05-02T19:55:24.228+0000] {logging_mixin.py:188} INFO - [2025-05-02T19:55:24.228+0000] {dag.py:3096} INFO - Sync 1 DAGs
[2025-05-02T19:55:24.242+0000] {logging_mixin.py:188} INFO - [2025-05-02T19:55:24.242+0000] {dag.py:3954} INFO - Setting next_dagrun for projet_mlops to 2025-05-02 19:30:00+00:00, run_after=2025-05-02 19:45:00+00:00
[2025-05-02T19:55:24.255+0000] {processor.py:183} INFO - Processing /opt/airflow/dags/airflow_mlops.py took 0.368 seconds
[2025-05-02T19:55:56.627+0000] {processor.py:161} INFO - Started process (PID=1589) to work on /opt/airflow/dags/airflow_mlops.py
[2025-05-02T19:55:56.628+0000] {processor.py:830} INFO - Processing file /opt/airflow/dags/airflow_mlops.py for tasks to queue
[2025-05-02T19:55:56.630+0000] {logging_mixin.py:188} INFO - [2025-05-02T19:55:56.630+0000] {dagbag.py:545} INFO - Filling up the DagBag from /opt/airflow/dags/airflow_mlops.py
[2025-05-02T19:55:56.984+0000] {processor.py:840} INFO - DAG(s) 'projet_mlops' retrieved from /opt/airflow/dags/airflow_mlops.py
[2025-05-02T19:55:57.000+0000] {logging_mixin.py:188} INFO - [2025-05-02T19:55:57.000+0000] {dag.py:3096} INFO - Sync 1 DAGs
[2025-05-02T19:55:57.015+0000] {logging_mixin.py:188} INFO - [2025-05-02T19:55:57.015+0000] {dag.py:3954} INFO - Setting next_dagrun for projet_mlops to 2025-05-02 19:30:00+00:00, run_after=2025-05-02 19:45:00+00:00
[2025-05-02T19:55:57.032+0000] {processor.py:183} INFO - Processing /opt/airflow/dags/airflow_mlops.py took 0.409 seconds
[2025-05-02T19:56:28.654+0000] {processor.py:161} INFO - Started process (PID=1649) to work on /opt/airflow/dags/airflow_mlops.py
[2025-05-02T19:56:28.654+0000] {processor.py:830} INFO - Processing file /opt/airflow/dags/airflow_mlops.py for tasks to queue
[2025-05-02T19:56:28.657+0000] {logging_mixin.py:188} INFO - [2025-05-02T19:56:28.656+0000] {dagbag.py:545} INFO - Filling up the DagBag from /opt/airflow/dags/airflow_mlops.py
[2025-05-02T19:56:29.019+0000] {processor.py:840} INFO - DAG(s) 'projet_mlops' retrieved from /opt/airflow/dags/airflow_mlops.py
[2025-05-02T19:56:29.030+0000] {logging_mixin.py:188} INFO - [2025-05-02T19:56:29.030+0000] {dag.py:3096} INFO - Sync 1 DAGs
[2025-05-02T19:56:29.045+0000] {logging_mixin.py:188} INFO - [2025-05-02T19:56:29.045+0000] {dag.py:3954} INFO - Setting next_dagrun for projet_mlops to 2025-05-02 19:30:00+00:00, run_after=2025-05-02 19:45:00+00:00
[2025-05-02T19:56:29.058+0000] {processor.py:183} INFO - Processing /opt/airflow/dags/airflow_mlops.py took 0.409 seconds
[2025-05-02T19:57:01.501+0000] {processor.py:161} INFO - Started process (PID=1709) to work on /opt/airflow/dags/airflow_mlops.py
[2025-05-02T19:57:01.502+0000] {processor.py:830} INFO - Processing file /opt/airflow/dags/airflow_mlops.py for tasks to queue
[2025-05-02T19:57:01.504+0000] {logging_mixin.py:188} INFO - [2025-05-02T19:57:01.504+0000] {dagbag.py:545} INFO - Filling up the DagBag from /opt/airflow/dags/airflow_mlops.py
[2025-05-02T19:57:01.860+0000] {processor.py:840} INFO - DAG(s) 'projet_mlops' retrieved from /opt/airflow/dags/airflow_mlops.py
[2025-05-02T19:57:01.874+0000] {logging_mixin.py:188} INFO - [2025-05-02T19:57:01.874+0000] {dag.py:3096} INFO - Sync 1 DAGs
[2025-05-02T19:57:01.892+0000] {logging_mixin.py:188} INFO - [2025-05-02T19:57:01.892+0000] {dag.py:3954} INFO - Setting next_dagrun for projet_mlops to 2025-05-02 19:30:00+00:00, run_after=2025-05-02 19:45:00+00:00
[2025-05-02T19:57:01.907+0000] {processor.py:183} INFO - Processing /opt/airflow/dags/airflow_mlops.py took 0.412 seconds
[2025-05-02T19:57:33.560+0000] {processor.py:161} INFO - Started process (PID=1769) to work on /opt/airflow/dags/airflow_mlops.py
[2025-05-02T19:57:33.560+0000] {processor.py:830} INFO - Processing file /opt/airflow/dags/airflow_mlops.py for tasks to queue
[2025-05-02T19:57:33.563+0000] {logging_mixin.py:188} INFO - [2025-05-02T19:57:33.563+0000] {dagbag.py:545} INFO - Filling up the DagBag from /opt/airflow/dags/airflow_mlops.py
[2025-05-02T19:57:33.907+0000] {processor.py:840} INFO - DAG(s) 'projet_mlops' retrieved from /opt/airflow/dags/airflow_mlops.py
[2025-05-02T19:57:33.919+0000] {logging_mixin.py:188} INFO - [2025-05-02T19:57:33.919+0000] {dag.py:3096} INFO - Sync 1 DAGs
[2025-05-02T19:57:33.936+0000] {logging_mixin.py:188} INFO - [2025-05-02T19:57:33.936+0000] {dag.py:3954} INFO - Setting next_dagrun for projet_mlops to 2025-05-02 19:30:00+00:00, run_after=2025-05-02 19:45:00+00:00
[2025-05-02T19:57:33.950+0000] {processor.py:183} INFO - Processing /opt/airflow/dags/airflow_mlops.py took 0.396 seconds
[2025-05-02T19:58:05.877+0000] {processor.py:161} INFO - Started process (PID=1829) to work on /opt/airflow/dags/airflow_mlops.py
[2025-05-02T19:58:05.878+0000] {processor.py:830} INFO - Processing file /opt/airflow/dags/airflow_mlops.py for tasks to queue
[2025-05-02T19:58:05.879+0000] {logging_mixin.py:188} INFO - [2025-05-02T19:58:05.879+0000] {dagbag.py:545} INFO - Filling up the DagBag from /opt/airflow/dags/airflow_mlops.py
[2025-05-02T19:58:06.261+0000] {processor.py:840} INFO - DAG(s) 'projet_mlops' retrieved from /opt/airflow/dags/airflow_mlops.py
[2025-05-02T19:58:06.275+0000] {logging_mixin.py:188} INFO - [2025-05-02T19:58:06.274+0000] {dag.py:3096} INFO - Sync 1 DAGs
[2025-05-02T19:58:06.292+0000] {logging_mixin.py:188} INFO - [2025-05-02T19:58:06.292+0000] {dag.py:3954} INFO - Setting next_dagrun for projet_mlops to 2025-05-02 19:30:00+00:00, run_after=2025-05-02 19:45:00+00:00
[2025-05-02T19:58:06.304+0000] {processor.py:183} INFO - Processing /opt/airflow/dags/airflow_mlops.py took 0.432 seconds
[2025-05-02T19:58:38.500+0000] {processor.py:161} INFO - Started process (PID=1889) to work on /opt/airflow/dags/airflow_mlops.py
[2025-05-02T19:58:38.501+0000] {processor.py:830} INFO - Processing file /opt/airflow/dags/airflow_mlops.py for tasks to queue
[2025-05-02T19:58:38.503+0000] {logging_mixin.py:188} INFO - [2025-05-02T19:58:38.503+0000] {dagbag.py:545} INFO - Filling up the DagBag from /opt/airflow/dags/airflow_mlops.py
[2025-05-02T19:58:38.838+0000] {processor.py:840} INFO - DAG(s) 'projet_mlops' retrieved from /opt/airflow/dags/airflow_mlops.py
[2025-05-02T19:58:38.850+0000] {logging_mixin.py:188} INFO - [2025-05-02T19:58:38.850+0000] {dag.py:3096} INFO - Sync 1 DAGs
[2025-05-02T19:58:38.865+0000] {logging_mixin.py:188} INFO - [2025-05-02T19:58:38.865+0000] {dag.py:3954} INFO - Setting next_dagrun for projet_mlops to 2025-05-02 19:30:00+00:00, run_after=2025-05-02 19:45:00+00:00
[2025-05-02T19:58:38.880+0000] {processor.py:183} INFO - Processing /opt/airflow/dags/airflow_mlops.py took 0.386 seconds
[2025-05-02T19:59:10.673+0000] {processor.py:161} INFO - Started process (PID=1949) to work on /opt/airflow/dags/airflow_mlops.py
[2025-05-02T19:59:10.674+0000] {processor.py:830} INFO - Processing file /opt/airflow/dags/airflow_mlops.py for tasks to queue
[2025-05-02T19:59:10.676+0000] {logging_mixin.py:188} INFO - [2025-05-02T19:59:10.675+0000] {dagbag.py:545} INFO - Filling up the DagBag from /opt/airflow/dags/airflow_mlops.py
[2025-05-02T19:59:11.012+0000] {processor.py:840} INFO - DAG(s) 'projet_mlops' retrieved from /opt/airflow/dags/airflow_mlops.py
[2025-05-02T19:59:11.023+0000] {logging_mixin.py:188} INFO - [2025-05-02T19:59:11.023+0000] {dag.py:3096} INFO - Sync 1 DAGs
[2025-05-02T19:59:11.039+0000] {logging_mixin.py:188} INFO - [2025-05-02T19:59:11.038+0000] {dag.py:3954} INFO - Setting next_dagrun for projet_mlops to 2025-05-02 19:30:00+00:00, run_after=2025-05-02 19:45:00+00:00
[2025-05-02T19:59:11.051+0000] {processor.py:183} INFO - Processing /opt/airflow/dags/airflow_mlops.py took 0.383 seconds
[2025-05-02T19:59:43.127+0000] {processor.py:161} INFO - Started process (PID=2009) to work on /opt/airflow/dags/airflow_mlops.py
[2025-05-02T19:59:43.128+0000] {processor.py:830} INFO - Processing file /opt/airflow/dags/airflow_mlops.py for tasks to queue
[2025-05-02T19:59:43.130+0000] {logging_mixin.py:188} INFO - [2025-05-02T19:59:43.130+0000] {dagbag.py:545} INFO - Filling up the DagBag from /opt/airflow/dags/airflow_mlops.py
[2025-05-02T19:59:43.478+0000] {processor.py:840} INFO - DAG(s) 'projet_mlops' retrieved from /opt/airflow/dags/airflow_mlops.py
[2025-05-02T19:59:43.488+0000] {logging_mixin.py:188} INFO - [2025-05-02T19:59:43.487+0000] {dag.py:3096} INFO - Sync 1 DAGs
[2025-05-02T19:59:43.501+0000] {logging_mixin.py:188} INFO - [2025-05-02T19:59:43.500+0000] {dag.py:3954} INFO - Setting next_dagrun for projet_mlops to 2025-05-02 19:30:00+00:00, run_after=2025-05-02 19:45:00+00:00
[2025-05-02T19:59:43.515+0000] {processor.py:183} INFO - Processing /opt/airflow/dags/airflow_mlops.py took 0.393 seconds
[2025-05-02T20:00:15.934+0000] {processor.py:161} INFO - Started process (PID=2069) to work on /opt/airflow/dags/airflow_mlops.py
[2025-05-02T20:00:15.935+0000] {processor.py:830} INFO - Processing file /opt/airflow/dags/airflow_mlops.py for tasks to queue
[2025-05-02T20:00:15.937+0000] {logging_mixin.py:188} INFO - [2025-05-02T20:00:15.936+0000] {dagbag.py:545} INFO - Filling up the DagBag from /opt/airflow/dags/airflow_mlops.py
[2025-05-02T20:00:16.276+0000] {processor.py:840} INFO - DAG(s) 'projet_mlops' retrieved from /opt/airflow/dags/airflow_mlops.py
[2025-05-02T20:00:16.288+0000] {logging_mixin.py:188} INFO - [2025-05-02T20:00:16.288+0000] {dag.py:3096} INFO - Sync 1 DAGs
[2025-05-02T20:00:16.302+0000] {logging_mixin.py:188} INFO - [2025-05-02T20:00:16.302+0000] {dag.py:3954} INFO - Setting next_dagrun for projet_mlops to 2025-05-02 19:45:00+00:00, run_after=2025-05-02 20:00:00+00:00
[2025-05-02T20:00:16.315+0000] {processor.py:183} INFO - Processing /opt/airflow/dags/airflow_mlops.py took 0.385 seconds
[2025-05-02T20:00:48.730+0000] {processor.py:161} INFO - Started process (PID=2129) to work on /opt/airflow/dags/airflow_mlops.py
[2025-05-02T20:00:48.731+0000] {processor.py:830} INFO - Processing file /opt/airflow/dags/airflow_mlops.py for tasks to queue
[2025-05-02T20:00:48.732+0000] {logging_mixin.py:188} INFO - [2025-05-02T20:00:48.732+0000] {dagbag.py:545} INFO - Filling up the DagBag from /opt/airflow/dags/airflow_mlops.py
[2025-05-02T20:00:49.056+0000] {processor.py:840} INFO - DAG(s) 'projet_mlops' retrieved from /opt/airflow/dags/airflow_mlops.py
[2025-05-02T20:00:49.065+0000] {logging_mixin.py:188} INFO - [2025-05-02T20:00:49.065+0000] {dag.py:3096} INFO - Sync 1 DAGs
[2025-05-02T20:00:49.078+0000] {logging_mixin.py:188} INFO - [2025-05-02T20:00:49.078+0000] {dag.py:3954} INFO - Setting next_dagrun for projet_mlops to 2025-05-02 19:45:00+00:00, run_after=2025-05-02 20:00:00+00:00
[2025-05-02T20:00:49.089+0000] {processor.py:183} INFO - Processing /opt/airflow/dags/airflow_mlops.py took 0.363 seconds
[2025-05-02T20:01:21.116+0000] {processor.py:161} INFO - Started process (PID=2189) to work on /opt/airflow/dags/airflow_mlops.py
[2025-05-02T20:01:21.116+0000] {processor.py:830} INFO - Processing file /opt/airflow/dags/airflow_mlops.py for tasks to queue
[2025-05-02T20:01:21.118+0000] {logging_mixin.py:188} INFO - [2025-05-02T20:01:21.117+0000] {dagbag.py:545} INFO - Filling up the DagBag from /opt/airflow/dags/airflow_mlops.py
[2025-05-02T20:01:21.473+0000] {processor.py:840} INFO - DAG(s) 'projet_mlops' retrieved from /opt/airflow/dags/airflow_mlops.py
[2025-05-02T20:01:21.484+0000] {logging_mixin.py:188} INFO - [2025-05-02T20:01:21.484+0000] {dag.py:3096} INFO - Sync 1 DAGs
[2025-05-02T20:01:21.502+0000] {logging_mixin.py:188} INFO - [2025-05-02T20:01:21.501+0000] {dag.py:3954} INFO - Setting next_dagrun for projet_mlops to 2025-05-02 19:45:00+00:00, run_after=2025-05-02 20:00:00+00:00
[2025-05-02T20:01:21.520+0000] {processor.py:183} INFO - Processing /opt/airflow/dags/airflow_mlops.py took 0.409 seconds
[2025-05-02T20:01:52.950+0000] {processor.py:161} INFO - Started process (PID=2249) to work on /opt/airflow/dags/airflow_mlops.py
[2025-05-02T20:01:52.951+0000] {processor.py:830} INFO - Processing file /opt/airflow/dags/airflow_mlops.py for tasks to queue
[2025-05-02T20:01:52.953+0000] {logging_mixin.py:188} INFO - [2025-05-02T20:01:52.953+0000] {dagbag.py:545} INFO - Filling up the DagBag from /opt/airflow/dags/airflow_mlops.py
[2025-05-02T20:01:53.298+0000] {processor.py:840} INFO - DAG(s) 'projet_mlops' retrieved from /opt/airflow/dags/airflow_mlops.py
[2025-05-02T20:01:53.307+0000] {logging_mixin.py:188} INFO - [2025-05-02T20:01:53.306+0000] {dag.py:3096} INFO - Sync 1 DAGs
[2025-05-02T20:01:53.319+0000] {logging_mixin.py:188} INFO - [2025-05-02T20:01:53.319+0000] {dag.py:3954} INFO - Setting next_dagrun for projet_mlops to 2025-05-02 19:45:00+00:00, run_after=2025-05-02 20:00:00+00:00
[2025-05-02T20:01:53.333+0000] {processor.py:183} INFO - Processing /opt/airflow/dags/airflow_mlops.py took 0.390 seconds
[2025-05-02T20:02:25.383+0000] {processor.py:161} INFO - Started process (PID=2309) to work on /opt/airflow/dags/airflow_mlops.py
[2025-05-02T20:02:25.385+0000] {processor.py:830} INFO - Processing file /opt/airflow/dags/airflow_mlops.py for tasks to queue
[2025-05-02T20:02:25.387+0000] {logging_mixin.py:188} INFO - [2025-05-02T20:02:25.387+0000] {dagbag.py:545} INFO - Filling up the DagBag from /opt/airflow/dags/airflow_mlops.py
[2025-05-02T20:02:25.785+0000] {processor.py:840} INFO - DAG(s) 'projet_mlops' retrieved from /opt/airflow/dags/airflow_mlops.py
[2025-05-02T20:02:25.796+0000] {logging_mixin.py:188} INFO - [2025-05-02T20:02:25.796+0000] {dag.py:3096} INFO - Sync 1 DAGs
[2025-05-02T20:02:25.813+0000] {logging_mixin.py:188} INFO - [2025-05-02T20:02:25.812+0000] {dag.py:3954} INFO - Setting next_dagrun for projet_mlops to 2025-05-02 19:45:00+00:00, run_after=2025-05-02 20:00:00+00:00
[2025-05-02T20:02:25.827+0000] {processor.py:183} INFO - Processing /opt/airflow/dags/airflow_mlops.py took 0.454 seconds
[2025-05-02T20:02:57.975+0000] {processor.py:161} INFO - Started process (PID=2370) to work on /opt/airflow/dags/airflow_mlops.py
[2025-05-02T20:02:57.976+0000] {processor.py:830} INFO - Processing file /opt/airflow/dags/airflow_mlops.py for tasks to queue
[2025-05-02T20:02:57.978+0000] {logging_mixin.py:188} INFO - [2025-05-02T20:02:57.978+0000] {dagbag.py:545} INFO - Filling up the DagBag from /opt/airflow/dags/airflow_mlops.py
[2025-05-02T20:02:58.337+0000] {processor.py:840} INFO - DAG(s) 'projet_mlops' retrieved from /opt/airflow/dags/airflow_mlops.py
[2025-05-02T20:02:58.348+0000] {logging_mixin.py:188} INFO - [2025-05-02T20:02:58.348+0000] {dag.py:3096} INFO - Sync 1 DAGs
[2025-05-02T20:02:58.361+0000] {logging_mixin.py:188} INFO - [2025-05-02T20:02:58.361+0000] {dag.py:3954} INFO - Setting next_dagrun for projet_mlops to 2025-05-02 19:45:00+00:00, run_after=2025-05-02 20:00:00+00:00
[2025-05-02T20:02:58.374+0000] {processor.py:183} INFO - Processing /opt/airflow/dags/airflow_mlops.py took 0.403 seconds
[2025-05-02T20:03:31.210+0000] {processor.py:161} INFO - Started process (PID=2430) to work on /opt/airflow/dags/airflow_mlops.py
[2025-05-02T20:03:31.211+0000] {processor.py:830} INFO - Processing file /opt/airflow/dags/airflow_mlops.py for tasks to queue
[2025-05-02T20:03:31.213+0000] {logging_mixin.py:188} INFO - [2025-05-02T20:03:31.212+0000] {dagbag.py:545} INFO - Filling up the DagBag from /opt/airflow/dags/airflow_mlops.py
[2025-05-02T20:03:31.583+0000] {processor.py:840} INFO - DAG(s) 'projet_mlops' retrieved from /opt/airflow/dags/airflow_mlops.py
[2025-05-02T20:03:31.595+0000] {logging_mixin.py:188} INFO - [2025-05-02T20:03:31.595+0000] {dag.py:3096} INFO - Sync 1 DAGs
[2025-05-02T20:03:31.611+0000] {logging_mixin.py:188} INFO - [2025-05-02T20:03:31.611+0000] {dag.py:3954} INFO - Setting next_dagrun for projet_mlops to 2025-05-02 19:45:00+00:00, run_after=2025-05-02 20:00:00+00:00
[2025-05-02T20:03:31.627+0000] {processor.py:183} INFO - Processing /opt/airflow/dags/airflow_mlops.py took 0.421 seconds
[2025-05-02T20:04:03.910+0000] {processor.py:161} INFO - Started process (PID=2490) to work on /opt/airflow/dags/airflow_mlops.py
[2025-05-02T20:04:03.911+0000] {processor.py:830} INFO - Processing file /opt/airflow/dags/airflow_mlops.py for tasks to queue
[2025-05-02T20:04:03.912+0000] {logging_mixin.py:188} INFO - [2025-05-02T20:04:03.912+0000] {dagbag.py:545} INFO - Filling up the DagBag from /opt/airflow/dags/airflow_mlops.py
[2025-05-02T20:04:04.164+0000] {processor.py:840} INFO - DAG(s) 'projet_mlops' retrieved from /opt/airflow/dags/airflow_mlops.py
[2025-05-02T20:04:04.179+0000] {logging_mixin.py:188} INFO - [2025-05-02T20:04:04.178+0000] {dag.py:3096} INFO - Sync 1 DAGs
[2025-05-02T20:04:04.200+0000] {logging_mixin.py:188} INFO - [2025-05-02T20:04:04.199+0000] {dag.py:3954} INFO - Setting next_dagrun for projet_mlops to 2025-05-02 19:45:00+00:00, run_after=2025-05-02 20:00:00+00:00
[2025-05-02T20:04:04.214+0000] {processor.py:183} INFO - Processing /opt/airflow/dags/airflow_mlops.py took 0.308 seconds
[2025-05-02T20:04:36.175+0000] {processor.py:161} INFO - Started process (PID=2550) to work on /opt/airflow/dags/airflow_mlops.py
[2025-05-02T20:04:36.176+0000] {processor.py:830} INFO - Processing file /opt/airflow/dags/airflow_mlops.py for tasks to queue
[2025-05-02T20:04:36.178+0000] {logging_mixin.py:188} INFO - [2025-05-02T20:04:36.178+0000] {dagbag.py:545} INFO - Filling up the DagBag from /opt/airflow/dags/airflow_mlops.py
[2025-05-02T20:04:36.533+0000] {processor.py:840} INFO - DAG(s) 'projet_mlops' retrieved from /opt/airflow/dags/airflow_mlops.py
[2025-05-02T20:04:36.549+0000] {logging_mixin.py:188} INFO - [2025-05-02T20:04:36.549+0000] {dag.py:3096} INFO - Sync 1 DAGs
[2025-05-02T20:04:36.571+0000] {logging_mixin.py:188} INFO - [2025-05-02T20:04:36.571+0000] {dag.py:3954} INFO - Setting next_dagrun for projet_mlops to 2025-05-02 19:45:00+00:00, run_after=2025-05-02 20:00:00+00:00
[2025-05-02T20:04:36.589+0000] {processor.py:183} INFO - Processing /opt/airflow/dags/airflow_mlops.py took 0.419 seconds
[2025-05-02T20:05:08.749+0000] {processor.py:161} INFO - Started process (PID=2610) to work on /opt/airflow/dags/airflow_mlops.py
[2025-05-02T20:05:08.750+0000] {processor.py:830} INFO - Processing file /opt/airflow/dags/airflow_mlops.py for tasks to queue
[2025-05-02T20:05:08.752+0000] {logging_mixin.py:188} INFO - [2025-05-02T20:05:08.752+0000] {dagbag.py:545} INFO - Filling up the DagBag from /opt/airflow/dags/airflow_mlops.py
[2025-05-02T20:05:08.998+0000] {processor.py:840} INFO - DAG(s) 'projet_mlops' retrieved from /opt/airflow/dags/airflow_mlops.py
[2025-05-02T20:05:09.012+0000] {logging_mixin.py:188} INFO - [2025-05-02T20:05:09.011+0000] {dag.py:3096} INFO - Sync 1 DAGs
[2025-05-02T20:05:09.027+0000] {logging_mixin.py:188} INFO - [2025-05-02T20:05:09.027+0000] {dag.py:3954} INFO - Setting next_dagrun for projet_mlops to 2025-05-02 19:45:00+00:00, run_after=2025-05-02 20:00:00+00:00
[2025-05-02T20:05:09.043+0000] {processor.py:183} INFO - Processing /opt/airflow/dags/airflow_mlops.py took 0.298 seconds
[2025-05-02T20:05:41.098+0000] {processor.py:161} INFO - Started process (PID=2670) to work on /opt/airflow/dags/airflow_mlops.py
[2025-05-02T20:05:41.098+0000] {processor.py:830} INFO - Processing file /opt/airflow/dags/airflow_mlops.py for tasks to queue
[2025-05-02T20:05:41.100+0000] {logging_mixin.py:188} INFO - [2025-05-02T20:05:41.100+0000] {dagbag.py:545} INFO - Filling up the DagBag from /opt/airflow/dags/airflow_mlops.py
[2025-05-02T20:05:41.316+0000] {processor.py:840} INFO - DAG(s) 'projet_mlops' retrieved from /opt/airflow/dags/airflow_mlops.py
[2025-05-02T20:05:41.330+0000] {logging_mixin.py:188} INFO - [2025-05-02T20:05:41.329+0000] {dag.py:3096} INFO - Sync 1 DAGs
[2025-05-02T20:05:41.346+0000] {logging_mixin.py:188} INFO - [2025-05-02T20:05:41.346+0000] {dag.py:3954} INFO - Setting next_dagrun for projet_mlops to 2025-05-02 19:45:00+00:00, run_after=2025-05-02 20:00:00+00:00
[2025-05-02T20:05:41.360+0000] {processor.py:183} INFO - Processing /opt/airflow/dags/airflow_mlops.py took 0.267 seconds
[2025-05-02T20:06:14.195+0000] {processor.py:161} INFO - Started process (PID=2730) to work on /opt/airflow/dags/airflow_mlops.py
[2025-05-02T20:06:14.196+0000] {processor.py:830} INFO - Processing file /opt/airflow/dags/airflow_mlops.py for tasks to queue
[2025-05-02T20:06:14.197+0000] {logging_mixin.py:188} INFO - [2025-05-02T20:06:14.197+0000] {dagbag.py:545} INFO - Filling up the DagBag from /opt/airflow/dags/airflow_mlops.py
[2025-05-02T20:06:14.419+0000] {processor.py:840} INFO - DAG(s) 'projet_mlops' retrieved from /opt/airflow/dags/airflow_mlops.py
[2025-05-02T20:06:14.431+0000] {logging_mixin.py:188} INFO - [2025-05-02T20:06:14.431+0000] {dag.py:3096} INFO - Sync 1 DAGs
[2025-05-02T20:06:14.447+0000] {logging_mixin.py:188} INFO - [2025-05-02T20:06:14.447+0000] {dag.py:3954} INFO - Setting next_dagrun for projet_mlops to 2025-05-02 19:45:00+00:00, run_after=2025-05-02 20:00:00+00:00
[2025-05-02T20:06:14.462+0000] {processor.py:183} INFO - Processing /opt/airflow/dags/airflow_mlops.py took 0.273 seconds
[2025-05-02T20:06:46.077+0000] {processor.py:161} INFO - Started process (PID=2790) to work on /opt/airflow/dags/airflow_mlops.py
[2025-05-02T20:06:46.078+0000] {processor.py:830} INFO - Processing file /opt/airflow/dags/airflow_mlops.py for tasks to queue
[2025-05-02T20:06:46.079+0000] {logging_mixin.py:188} INFO - [2025-05-02T20:06:46.079+0000] {dagbag.py:545} INFO - Filling up the DagBag from /opt/airflow/dags/airflow_mlops.py
[2025-05-02T20:06:46.290+0000] {processor.py:840} INFO - DAG(s) 'projet_mlops' retrieved from /opt/airflow/dags/airflow_mlops.py
[2025-05-02T20:06:46.303+0000] {logging_mixin.py:188} INFO - [2025-05-02T20:06:46.302+0000] {dag.py:3096} INFO - Sync 1 DAGs
[2025-05-02T20:06:46.321+0000] {logging_mixin.py:188} INFO - [2025-05-02T20:06:46.321+0000] {dag.py:3954} INFO - Setting next_dagrun for projet_mlops to 2025-05-02 19:45:00+00:00, run_after=2025-05-02 20:00:00+00:00
[2025-05-02T20:06:46.339+0000] {processor.py:183} INFO - Processing /opt/airflow/dags/airflow_mlops.py took 0.267 seconds
[2025-05-02T20:07:19.267+0000] {processor.py:161} INFO - Started process (PID=2850) to work on /opt/airflow/dags/airflow_mlops.py
[2025-05-02T20:07:19.268+0000] {processor.py:830} INFO - Processing file /opt/airflow/dags/airflow_mlops.py for tasks to queue
[2025-05-02T20:07:19.270+0000] {logging_mixin.py:188} INFO - [2025-05-02T20:07:19.270+0000] {dagbag.py:545} INFO - Filling up the DagBag from /opt/airflow/dags/airflow_mlops.py
[2025-05-02T20:07:19.527+0000] {processor.py:840} INFO - DAG(s) 'projet_mlops' retrieved from /opt/airflow/dags/airflow_mlops.py
[2025-05-02T20:07:19.541+0000] {logging_mixin.py:188} INFO - [2025-05-02T20:07:19.541+0000] {dag.py:3096} INFO - Sync 1 DAGs
[2025-05-02T20:07:19.559+0000] {logging_mixin.py:188} INFO - [2025-05-02T20:07:19.558+0000] {dag.py:3954} INFO - Setting next_dagrun for projet_mlops to 2025-05-02 19:45:00+00:00, run_after=2025-05-02 20:00:00+00:00
[2025-05-02T20:07:19.574+0000] {processor.py:183} INFO - Processing /opt/airflow/dags/airflow_mlops.py took 0.311 seconds
[2025-05-02T20:07:51.751+0000] {processor.py:161} INFO - Started process (PID=2911) to work on /opt/airflow/dags/airflow_mlops.py
[2025-05-02T20:07:51.752+0000] {processor.py:830} INFO - Processing file /opt/airflow/dags/airflow_mlops.py for tasks to queue
[2025-05-02T20:07:51.754+0000] {logging_mixin.py:188} INFO - [2025-05-02T20:07:51.754+0000] {dagbag.py:545} INFO - Filling up the DagBag from /opt/airflow/dags/airflow_mlops.py
[2025-05-02T20:07:52.002+0000] {processor.py:840} INFO - DAG(s) 'projet_mlops' retrieved from /opt/airflow/dags/airflow_mlops.py
[2025-05-02T20:07:52.016+0000] {logging_mixin.py:188} INFO - [2025-05-02T20:07:52.015+0000] {dag.py:3096} INFO - Sync 1 DAGs
[2025-05-02T20:07:52.033+0000] {logging_mixin.py:188} INFO - [2025-05-02T20:07:52.033+0000] {dag.py:3954} INFO - Setting next_dagrun for projet_mlops to 2025-05-02 19:45:00+00:00, run_after=2025-05-02 20:00:00+00:00
[2025-05-02T20:07:52.047+0000] {processor.py:183} INFO - Processing /opt/airflow/dags/airflow_mlops.py took 0.301 seconds
[2025-05-02T20:08:24.108+0000] {processor.py:161} INFO - Started process (PID=2971) to work on /opt/airflow/dags/airflow_mlops.py
[2025-05-02T20:08:24.108+0000] {processor.py:830} INFO - Processing file /opt/airflow/dags/airflow_mlops.py for tasks to queue
[2025-05-02T20:08:24.110+0000] {logging_mixin.py:188} INFO - [2025-05-02T20:08:24.109+0000] {dagbag.py:545} INFO - Filling up the DagBag from /opt/airflow/dags/airflow_mlops.py
[2025-05-02T20:08:24.330+0000] {processor.py:840} INFO - DAG(s) 'projet_mlops' retrieved from /opt/airflow/dags/airflow_mlops.py
[2025-05-02T20:08:24.343+0000] {logging_mixin.py:188} INFO - [2025-05-02T20:08:24.342+0000] {dag.py:3096} INFO - Sync 1 DAGs
[2025-05-02T20:08:24.362+0000] {logging_mixin.py:188} INFO - [2025-05-02T20:08:24.362+0000] {dag.py:3954} INFO - Setting next_dagrun for projet_mlops to 2025-05-02 19:45:00+00:00, run_after=2025-05-02 20:00:00+00:00
[2025-05-02T20:08:24.376+0000] {processor.py:183} INFO - Processing /opt/airflow/dags/airflow_mlops.py took 0.273 seconds
[2025-05-02T20:08:57.256+0000] {processor.py:161} INFO - Started process (PID=3031) to work on /opt/airflow/dags/airflow_mlops.py
[2025-05-02T20:08:57.257+0000] {processor.py:830} INFO - Processing file /opt/airflow/dags/airflow_mlops.py for tasks to queue
[2025-05-02T20:08:57.259+0000] {logging_mixin.py:188} INFO - [2025-05-02T20:08:57.258+0000] {dagbag.py:545} INFO - Filling up the DagBag from /opt/airflow/dags/airflow_mlops.py
[2025-05-02T20:08:57.518+0000] {processor.py:840} INFO - DAG(s) 'projet_mlops' retrieved from /opt/airflow/dags/airflow_mlops.py
[2025-05-02T20:08:57.531+0000] {logging_mixin.py:188} INFO - [2025-05-02T20:08:57.530+0000] {dag.py:3096} INFO - Sync 1 DAGs
[2025-05-02T20:08:57.547+0000] {logging_mixin.py:188} INFO - [2025-05-02T20:08:57.546+0000] {dag.py:3954} INFO - Setting next_dagrun for projet_mlops to 2025-05-02 19:45:00+00:00, run_after=2025-05-02 20:00:00+00:00
[2025-05-02T20:08:57.562+0000] {processor.py:183} INFO - Processing /opt/airflow/dags/airflow_mlops.py took 0.311 seconds
[2025-05-02T20:09:29.807+0000] {processor.py:161} INFO - Started process (PID=3091) to work on /opt/airflow/dags/airflow_mlops.py
[2025-05-02T20:09:29.808+0000] {processor.py:830} INFO - Processing file /opt/airflow/dags/airflow_mlops.py for tasks to queue
[2025-05-02T20:09:29.809+0000] {logging_mixin.py:188} INFO - [2025-05-02T20:09:29.809+0000] {dagbag.py:545} INFO - Filling up the DagBag from /opt/airflow/dags/airflow_mlops.py
[2025-05-02T20:09:30.072+0000] {processor.py:840} INFO - DAG(s) 'projet_mlops' retrieved from /opt/airflow/dags/airflow_mlops.py
[2025-05-02T20:09:30.084+0000] {logging_mixin.py:188} INFO - [2025-05-02T20:09:30.084+0000] {dag.py:3096} INFO - Sync 1 DAGs
[2025-05-02T20:09:30.103+0000] {logging_mixin.py:188} INFO - [2025-05-02T20:09:30.103+0000] {dag.py:3954} INFO - Setting next_dagrun for projet_mlops to 2025-05-02 19:45:00+00:00, run_after=2025-05-02 20:00:00+00:00
[2025-05-02T20:09:30.121+0000] {processor.py:183} INFO - Processing /opt/airflow/dags/airflow_mlops.py took 0.319 seconds
[2025-05-02T20:10:02.320+0000] {processor.py:161} INFO - Started process (PID=3151) to work on /opt/airflow/dags/airflow_mlops.py
[2025-05-02T20:10:02.321+0000] {processor.py:830} INFO - Processing file /opt/airflow/dags/airflow_mlops.py for tasks to queue
[2025-05-02T20:10:02.322+0000] {logging_mixin.py:188} INFO - [2025-05-02T20:10:02.322+0000] {dagbag.py:545} INFO - Filling up the DagBag from /opt/airflow/dags/airflow_mlops.py
[2025-05-02T20:10:02.541+0000] {processor.py:840} INFO - DAG(s) 'projet_mlops' retrieved from /opt/airflow/dags/airflow_mlops.py
[2025-05-02T20:10:02.555+0000] {logging_mixin.py:188} INFO - [2025-05-02T20:10:02.555+0000] {dag.py:3096} INFO - Sync 1 DAGs
[2025-05-02T20:10:02.576+0000] {logging_mixin.py:188} INFO - [2025-05-02T20:10:02.575+0000] {dag.py:3954} INFO - Setting next_dagrun for projet_mlops to 2025-05-02 19:45:00+00:00, run_after=2025-05-02 20:00:00+00:00
[2025-05-02T20:10:02.589+0000] {processor.py:183} INFO - Processing /opt/airflow/dags/airflow_mlops.py took 0.274 seconds
[2025-05-02T20:10:34.280+0000] {processor.py:161} INFO - Started process (PID=3211) to work on /opt/airflow/dags/airflow_mlops.py
[2025-05-02T20:10:34.282+0000] {processor.py:830} INFO - Processing file /opt/airflow/dags/airflow_mlops.py for tasks to queue
[2025-05-02T20:10:34.283+0000] {logging_mixin.py:188} INFO - [2025-05-02T20:10:34.283+0000] {dagbag.py:545} INFO - Filling up the DagBag from /opt/airflow/dags/airflow_mlops.py
[2025-05-02T20:10:34.501+0000] {processor.py:840} INFO - DAG(s) 'projet_mlops' retrieved from /opt/airflow/dags/airflow_mlops.py
[2025-05-02T20:10:34.514+0000] {logging_mixin.py:188} INFO - [2025-05-02T20:10:34.514+0000] {dag.py:3096} INFO - Sync 1 DAGs
[2025-05-02T20:10:34.531+0000] {logging_mixin.py:188} INFO - [2025-05-02T20:10:34.530+0000] {dag.py:3954} INFO - Setting next_dagrun for projet_mlops to 2025-05-02 19:45:00+00:00, run_after=2025-05-02 20:00:00+00:00
[2025-05-02T20:10:34.544+0000] {processor.py:183} INFO - Processing /opt/airflow/dags/airflow_mlops.py took 0.268 seconds
[2025-05-02T20:11:07.427+0000] {processor.py:161} INFO - Started process (PID=3271) to work on /opt/airflow/dags/airflow_mlops.py
[2025-05-02T20:11:07.427+0000] {processor.py:830} INFO - Processing file /opt/airflow/dags/airflow_mlops.py for tasks to queue
[2025-05-02T20:11:07.429+0000] {logging_mixin.py:188} INFO - [2025-05-02T20:11:07.429+0000] {dagbag.py:545} INFO - Filling up the DagBag from /opt/airflow/dags/airflow_mlops.py
[2025-05-02T20:11:07.644+0000] {processor.py:840} INFO - DAG(s) 'projet_mlops' retrieved from /opt/airflow/dags/airflow_mlops.py
[2025-05-02T20:11:07.656+0000] {logging_mixin.py:188} INFO - [2025-05-02T20:11:07.655+0000] {dag.py:3096} INFO - Sync 1 DAGs
[2025-05-02T20:11:07.670+0000] {logging_mixin.py:188} INFO - [2025-05-02T20:11:07.670+0000] {dag.py:3954} INFO - Setting next_dagrun for projet_mlops to 2025-05-02 19:45:00+00:00, run_after=2025-05-02 20:00:00+00:00
[2025-05-02T20:11:07.684+0000] {processor.py:183} INFO - Processing /opt/airflow/dags/airflow_mlops.py took 0.263 seconds
[2025-05-02T20:11:39.471+0000] {processor.py:161} INFO - Started process (PID=3331) to work on /opt/airflow/dags/airflow_mlops.py
[2025-05-02T20:11:39.471+0000] {processor.py:830} INFO - Processing file /opt/airflow/dags/airflow_mlops.py for tasks to queue
[2025-05-02T20:11:39.473+0000] {logging_mixin.py:188} INFO - [2025-05-02T20:11:39.472+0000] {dagbag.py:545} INFO - Filling up the DagBag from /opt/airflow/dags/airflow_mlops.py
[2025-05-02T20:11:39.695+0000] {processor.py:840} INFO - DAG(s) 'projet_mlops' retrieved from /opt/airflow/dags/airflow_mlops.py
[2025-05-02T20:11:39.706+0000] {logging_mixin.py:188} INFO - [2025-05-02T20:11:39.706+0000] {dag.py:3096} INFO - Sync 1 DAGs
[2025-05-02T20:11:39.720+0000] {logging_mixin.py:188} INFO - [2025-05-02T20:11:39.720+0000] {dag.py:3954} INFO - Setting next_dagrun for projet_mlops to 2025-05-02 19:45:00+00:00, run_after=2025-05-02 20:00:00+00:00
[2025-05-02T20:11:39.733+0000] {processor.py:183} INFO - Processing /opt/airflow/dags/airflow_mlops.py took 0.266 seconds
[2025-05-02T20:12:12.652+0000] {processor.py:161} INFO - Started process (PID=3391) to work on /opt/airflow/dags/airflow_mlops.py
[2025-05-02T20:12:12.653+0000] {processor.py:830} INFO - Processing file /opt/airflow/dags/airflow_mlops.py for tasks to queue
[2025-05-02T20:12:12.654+0000] {logging_mixin.py:188} INFO - [2025-05-02T20:12:12.654+0000] {dagbag.py:545} INFO - Filling up the DagBag from /opt/airflow/dags/airflow_mlops.py
[2025-05-02T20:12:12.873+0000] {processor.py:840} INFO - DAG(s) 'projet_mlops' retrieved from /opt/airflow/dags/airflow_mlops.py
[2025-05-02T20:12:12.885+0000] {logging_mixin.py:188} INFO - [2025-05-02T20:12:12.885+0000] {dag.py:3096} INFO - Sync 1 DAGs
[2025-05-02T20:12:12.902+0000] {logging_mixin.py:188} INFO - [2025-05-02T20:12:12.902+0000] {dag.py:3954} INFO - Setting next_dagrun for projet_mlops to 2025-05-02 19:45:00+00:00, run_after=2025-05-02 20:00:00+00:00
[2025-05-02T20:12:12.916+0000] {processor.py:183} INFO - Processing /opt/airflow/dags/airflow_mlops.py took 0.269 seconds
[2025-05-02T20:12:44.854+0000] {processor.py:161} INFO - Started process (PID=3451) to work on /opt/airflow/dags/airflow_mlops.py
[2025-05-02T20:12:44.855+0000] {processor.py:830} INFO - Processing file /opt/airflow/dags/airflow_mlops.py for tasks to queue
[2025-05-02T20:12:44.856+0000] {logging_mixin.py:188} INFO - [2025-05-02T20:12:44.856+0000] {dagbag.py:545} INFO - Filling up the DagBag from /opt/airflow/dags/airflow_mlops.py
[2025-05-02T20:12:45.066+0000] {processor.py:840} INFO - DAG(s) 'projet_mlops' retrieved from /opt/airflow/dags/airflow_mlops.py
[2025-05-02T20:12:45.080+0000] {logging_mixin.py:188} INFO - [2025-05-02T20:12:45.080+0000] {dag.py:3096} INFO - Sync 1 DAGs
[2025-05-02T20:12:45.103+0000] {logging_mixin.py:188} INFO - [2025-05-02T20:12:45.102+0000] {dag.py:3954} INFO - Setting next_dagrun for projet_mlops to 2025-05-02 19:45:00+00:00, run_after=2025-05-02 20:00:00+00:00
[2025-05-02T20:12:45.118+0000] {processor.py:183} INFO - Processing /opt/airflow/dags/airflow_mlops.py took 0.267 seconds
[2025-05-02T20:13:17.009+0000] {processor.py:161} INFO - Started process (PID=3511) to work on /opt/airflow/dags/airflow_mlops.py
[2025-05-02T20:13:17.010+0000] {processor.py:830} INFO - Processing file /opt/airflow/dags/airflow_mlops.py for tasks to queue
[2025-05-02T20:13:17.013+0000] {logging_mixin.py:188} INFO - [2025-05-02T20:13:17.012+0000] {dagbag.py:545} INFO - Filling up the DagBag from /opt/airflow/dags/airflow_mlops.py
[2025-05-02T20:13:17.334+0000] {processor.py:840} INFO - DAG(s) 'projet_mlops' retrieved from /opt/airflow/dags/airflow_mlops.py
